mjrc-server10
nnet-train-frmshuff --cross-validate=false --randomize=true --verbose=0 --minibatch-size=256 --randomizer-size=32768 --randomizer-seed=777 --learn-rate=0.000125 --momentum=0 --l1-penalty=0 --l2-penalty=0 --feature-transform=exp/dnn4_pretrain-dbn_dnn/final.feature_transform 'ark:copy-feats scp:exp/dnn4_pretrain-dbn_dnn/train.scp ark:- |' 'ark:ali-to-pdf exp/tri3_ali/final.mdl "ark:gunzip -c exp/tri3_ali/ali.*.gz |" ark:- | ali-to-post ark:- ark:- |' exp/dnn4_pretrain-dbn_dnn/nnet/nnet_dbn_dnn_iter08_learnrate0.00025_tr0.6289_cv0.9549 exp/dnn4_pretrain-dbn_dnn/nnet/nnet_dbn_dnn_iter09 
WARNING (nnet-train-frmshuff[5.4.140~1-1ab3d]:SelectGpuId():cu-device.cc:196) Not in compute-exclusive mode.  Suggestion: use 'nvidia-smi -c 3' to set compute exclusive mode
LOG (nnet-train-frmshuff[5.4.140~1-1ab3d]:SelectGpuIdAuto():cu-device.cc:315) Selecting from 4 GPUs
LOG (nnet-train-frmshuff[5.4.140~1-1ab3d]:SelectGpuIdAuto():cu-device.cc:330) cudaSetDevice(0): GeForce GTX 1080	free:7833M, used:286M, total:8119M, free/total:0.964776
LOG (nnet-train-frmshuff[5.4.140~1-1ab3d]:SelectGpuIdAuto():cu-device.cc:330) cudaSetDevice(1): GeForce GTX 1080	free:7833M, used:286M, total:8119M, free/total:0.964776
LOG (nnet-train-frmshuff[5.4.140~1-1ab3d]:SelectGpuIdAuto():cu-device.cc:330) cudaSetDevice(2): GeForce GTX 1080	free:86M, used:8033M, total:8119M, free/total:0.010661
LOG (nnet-train-frmshuff[5.4.140~1-1ab3d]:SelectGpuIdAuto():cu-device.cc:330) cudaSetDevice(3): GeForce GTX 1080	free:242M, used:7877M, total:8119M, free/total:0.0298738
LOG (nnet-train-frmshuff[5.4.140~1-1ab3d]:SelectGpuIdAuto():cu-device.cc:379) Trying to select device: 0 (automatically), mem_ratio: 0.964776
LOG (nnet-train-frmshuff[5.4.140~1-1ab3d]:SelectGpuIdAuto():cu-device.cc:398) Success selecting device 0 free mem ratio: 0.964776
LOG (nnet-train-frmshuff[5.4.140~1-1ab3d]:FinalizeActiveGpu():cu-device.cc:247) The active GPU is [0]: GeForce GTX 1080	free:7769M, used:350M, total:8119M, free/total:0.956894 version 6.1
copy-feats scp:exp/dnn4_pretrain-dbn_dnn/train.scp ark:- 
LOG (nnet-train-frmshuff[5.4.140~1-1ab3d]:Init():nnet-randomizer.cc:32) Seeding by srand with : 777
LOG (nnet-train-frmshuff[5.4.140~1-1ab3d]:main():nnet-train-frmshuff.cc:163) TRAINING STARTED
ali-to-post ark:- ark:- 
ali-to-pdf exp/tri3_ali/final.mdl 'ark:gunzip -c exp/tri3_ali/ali.*.gz |' ark:- 
LOG (nnet-train-frmshuff[5.4.140~1-1ab3d]:main():nnet-train-frmshuff.cc:354) ### After 0 frames,
LOG (nnet-train-frmshuff[5.4.140~1-1ab3d]:main():nnet-train-frmshuff.cc:355) 
### FORWARD PROPAGATION BUFFER CONTENT :
[0] output of <Input>  ( min -8.83514, max 10.8948, mean -0.00269925, stddev 0.988449, skewness 0.0169957, kurtosis 3.09629 ) 
[1] output of <AffineTransform> ( min -48.8129, max 42.1529, mean -3.76144, stddev 5.46874, skewness 0.0621049, kurtosis 1.89947 ) 
[2] output of <Sigmoid> ( min 6.32159e-22, max 1, mean 0.228979, stddev 0.348997, skewness 1.31917, kurtosis 0.0978174 ) 
[3] output of <AffineTransform> ( min -29.6384, max 22.4038, mean -3.03368, stddev 3.28911, skewness -0.191273, kurtosis 2.37171 ) 
[4] output of <Sigmoid> ( min 1.34338e-13, max 1, mean 0.188204, stddev 0.276101, skewness 1.67064, kurtosis 1.6162 ) 
[5] output of <AffineTransform> ( min -19.1504, max 16.9383, mean -3.6211, stddev 2.92723, skewness 0.370229, kurtosis 1.50925 ) 
[6] output of <Sigmoid> ( min 4.82049e-09, max 1, mean 0.134361, stddev 0.241559, skewness 2.26672, kurtosis 4.20154 ) 
[7] output of <AffineTransform> ( min -24.5372, max 14.2185, mean -4.18158, stddev 2.70967, skewness 0.0952153, kurtosis 1.54935 ) 
[8] output of <Sigmoid> ( min 2.20602e-11, max 0.999999, mean 0.091737, stddev 0.191497, skewness 3.03631, kurtosis 9.06872 ) 
[9] output of <AffineTransform> ( min -13.5114, max 24.3261, mean 0.0150223, stddev 4.5828, skewness 0.753349, kurtosis 1.14672 ) 
[10] output of <Softmax> ( min 3.6597e-17, max 0.999507, mean 0.0078125, stddev 0.0724297, skewness 11.2917, kurtosis 134.118 ) 
### END FORWARD
LOG (nnet-train-frmshuff[5.4.140~1-1ab3d]:main():nnet-train-frmshuff.cc:357) 
### BACKWARD PROPAGATION BUFFER CONTENT :
[0] diff of <Input>  ( min -3.41554, max 2.76491, mean -0.000396865, stddev 0.0702878, skewness 2.04768, kurtosis 180.905 ) 
[1] diff-output of <AffineTransform> ( min -0.403696, max 0.340145, mean 2.00067e-05, stddev 0.00860028, skewness 0.696415, kurtosis 165.759 ) 
[2] diff-output of <Sigmoid> ( min -1.76049, max 1.52565, mean 0.000169548, stddev 0.0816909, skewness 0.157855, kurtosis 27.0659 ) 
[3] diff-output of <AffineTransform> ( min -0.424591, max 0.371824, mean 3.15728e-05, stddev 0.00965979, skewness 0.312493, kurtosis 123.001 ) 
[4] diff-output of <Sigmoid> ( min -1.96596, max 1.94787, mean 0.000166702, stddev 0.0793609, skewness 0.0521065, kurtosis 29.7845 ) 
[5] diff-output of <AffineTransform> ( min -0.366127, max 0.29163, mean 2.33405e-05, stddev 0.00985422, skewness 0.648369, kurtosis 105.984 ) 
[6] diff-output of <Sigmoid> ( min -1.70236, max 1.77527, mean -0.000347045, stddev 0.0872618, skewness -0.0388157, kurtosis 22.0245 ) 
[7] diff-output of <AffineTransform> ( min -0.484282, max 0.551026, mean 4.81337e-05, stddev 0.0143022, skewness 1.18539, kurtosis 109.65 ) 
[8] diff-output of <Sigmoid> ( min -3.1634, max 2.57609, mean 0.000739785, stddev 0.152668, skewness -0.181964, kurtosis 14.9561 ) 
[9] diff-output of <AffineTransform> ( min -0.999943, max 0.991634, mean 5.30812e-11, stddev 0.0507054, skewness -5.75443, kurtosis 214.446 ) 
[10] diff-output of <Softmax> ( min -0.999943, max 0.991634, mean 5.30812e-11, stddev 0.0507054, skewness -5.75443, kurtosis 214.446 ) 
### END BACKWARD
LOG (nnet-train-frmshuff[5.4.140~1-1ab3d]:main():nnet-train-frmshuff.cc:358) 
### GRADIENT STATS :
Component 1 : <AffineTransform>, 
  linearity_grad ( min -1.19486, max 1.11211, mean -0.000506271, stddev 0.126051, skewness 0.00106505, kurtosis 2.54485 ) , lr-coef 1, max-norm 0
  bias_grad ( min -0.82796, max 0.571415, mean 0.00512171, stddev 0.138229, skewness -0.348109, kurtosis 1.93886 ) , lr-coef 1
Component 2 : <Sigmoid>, 
Component 3 : <AffineTransform>, 
  linearity_grad ( min -0.811946, max 0.834367, mean 0.00201692, stddev 0.0627843, skewness 0.061096, kurtosis 4.55336 ) , lr-coef 1, max-norm 0
  bias_grad ( min -0.520303, max 0.469416, mean 0.00808264, stddev 0.149823, skewness -0.134695, kurtosis 0.756909 ) , lr-coef 1
Component 4 : <Sigmoid>, 
Component 5 : <AffineTransform>, 
  linearity_grad ( min -0.636542, max 0.682965, mean 0.00114342, stddev 0.0525359, skewness 0.0756351, kurtosis 6.51173 ) , lr-coef 1, max-norm 0
  bias_grad ( min -0.735689, max 0.903613, mean 0.00597518, stddev 0.157793, skewness 0.0207066, kurtosis 2.69273 ) , lr-coef 1
Component 6 : <Sigmoid>, 
Component 7 : <AffineTransform>, 
  linearity_grad ( min -1.21847, max 1.162, mean 0.00169656, stddev 0.0647543, skewness 0.330352, kurtosis 10.3382 ) , lr-coef 1, max-norm 0
  bias_grad ( min -1.25249, max 1.24765, mean 0.0123222, stddev 0.242899, skewness 0.262124, kurtosis 2.78938 ) , lr-coef 1
Component 8 : <Sigmoid>, 
Component 9 : <AffineTransform>, 
  linearity_grad ( min -4.84953, max 2.28123, mean -1.69548e-09, stddev 0.179557, skewness -2.47198, kurtosis 46.8273 ) , lr-coef 1, max-norm 0
  bias_grad ( min -4.8654, max 2.22957, mean 1.04774e-08, stddev 0.899573, skewness -1.40462, kurtosis 5.86201 ) , lr-coef 1
Component 10 : <Softmax>, 
### END GRADIENT
LOG (ali-to-pdf[5.4.140~1-1ab3d]:main():ali-to-pdf.cc:68) Converted 3696 alignments to pdf sequences.
LOG (ali-to-post[5.4.140~1-1ab3d]:main():ali-to-post.cc:73) Converted 3696 alignments.
LOG (nnet-train-frmshuff[5.4.140~1-1ab3d]:Eval():nnet-loss.cc:148) ProgressLoss[last 5h of 5h]: 0.634108 (Xent), fps=105534, elapsed 0.00474h
LOG (copy-feats[5.4.140~1-1ab3d]:main():copy-feats.cc:143) Copied 3328 feature matrices.
LOG (nnet-train-frmshuff[5.4.140~1-1ab3d]:main():nnet-train-frmshuff.cc:384) ### After 2024448 frames,
LOG (nnet-train-frmshuff[5.4.140~1-1ab3d]:main():nnet-train-frmshuff.cc:385) 
### FORWARD PROPAGATION BUFFER CONTENT :
[0] output of <Input>  ( min -10.6721, max 10.7975, mean 0.00142695, stddev 0.978169, skewness 0.0453905, kurtosis 4.75326 ) 
[1] output of <AffineTransform> ( min -55.528, max 47.5318, mean -3.71164, stddev 5.36324, skewness 0.0631401, kurtosis 2.23151 ) 
[2] output of <Sigmoid> ( min 7.66454e-25, max 1, mean 0.227098, stddev 0.346625, skewness 1.33325, kurtosis 0.145422 ) 
[3] output of <AffineTransform> ( min -30.9293, max 21.8819, mean -3.01464, stddev 3.26342, skewness -0.211451, kurtosis 2.39315 ) 
[4] output of <Sigmoid> ( min 3.69466e-14, max 1, mean 0.187858, stddev 0.274771, skewness 1.67872, kurtosis 1.65881 ) 
[5] output of <AffineTransform> ( min -19.4273, max 14.5657, mean -3.62245, stddev 2.89975, skewness 0.369706, kurtosis 1.50788 ) 
[6] output of <Sigmoid> ( min 3.6545e-09, max 1, mean 0.133228, stddev 0.240435, skewness 2.28017, kurtosis 4.27103 ) 
[7] output of <AffineTransform> ( min -21.5858, max 14.5596, mean -4.17614, stddev 2.68764, skewness 0.106312, kurtosis 1.56603 ) 
[8] output of <Sigmoid> ( min 4.22089e-10, max 1, mean 0.0912016, stddev 0.190657, skewness 3.03861, kurtosis 9.08624 ) 
[9] output of <AffineTransform> ( min -12.8903, max 23.6993, mean 0.0207668, stddev 4.59451, skewness 0.745797, kurtosis 1.03402 ) 
[10] output of <Softmax> ( min 6.0379e-16, max 0.999958, mean 0.0078125, stddev 0.0729873, skewness 11.314, kurtosis 133.667 ) 
### END FORWARD
LOG (nnet-train-frmshuff[5.4.140~1-1ab3d]:main():nnet-train-frmshuff.cc:387) 
### BACKWARD PROPAGATION BUFFER CONTENT :
[0] diff of <Input>  ( min -1.6448, max 2.04314, mean 0.000948025, stddev 0.0537771, skewness -0.041291, kurtosis 103.658 ) 
[1] diff-output of <AffineTransform> ( min -0.190511, max 0.208283, mean -2.57774e-05, stddev 0.00670984, skewness 0.406898, kurtosis 88.8523 ) 
[2] diff-output of <Sigmoid> ( min -0.997475, max 2.03329, mean -0.000379101, stddev 0.0656657, skewness 0.2286, kurtosis 26.1858 ) 
[3] diff-output of <AffineTransform> ( min -0.211745, max 0.259079, mean -5.89908e-05, stddev 0.00763615, skewness 0.200687, kurtosis 79.6383 ) 
[4] diff-output of <Sigmoid> ( min -1.20376, max 1.64218, mean -0.000356852, stddev 0.0630749, skewness 0.1438, kurtosis 27.602 ) 
[5] diff-output of <AffineTransform> ( min -0.209822, max 0.375812, mean -3.11627e-05, stddev 0.0080233, skewness 1.14302, kurtosis 128.894 ) 
[6] diff-output of <Sigmoid> ( min -1.12265, max 1.7636, mean -0.000348395, stddev 0.0709119, skewness 0.000877394, kurtosis 21.6216 ) 
[7] diff-output of <AffineTransform> ( min -0.347555, max 0.413092, mean -3.16237e-05, stddev 0.0120197, skewness 0.548217, kurtosis 96.2886 ) 
[8] diff-output of <Sigmoid> ( min -2.1228, max 2.30165, mean -0.000963829, stddev 0.129682, skewness -0.162014, kurtosis 13.5845 ) 
[9] diff-output of <AffineTransform> ( min -0.999984, max 0.904083, mean 2.51629e-11, stddev 0.0438225, skewness -7.12158, kurtosis 247.315 ) 
[10] diff-output of <Softmax> ( min -0.999984, max 0.904083, mean 2.51629e-11, stddev 0.0438225, skewness -7.12158, kurtosis 247.315 ) 
### END BACKWARD
LOG (nnet-train-frmshuff[5.4.140~1-1ab3d]:main():nnet-train-frmshuff.cc:388) 
### GRADIENT STATS :
Component 1 : <AffineTransform>, 
  linearity_grad ( min -0.979086, max 1.12872, mean 0.00184865, stddev 0.104102, skewness 0.125619, kurtosis 3.28833 ) , lr-coef 1, max-norm 0
  bias_grad ( min -0.451262, max 0.515692, mean -0.00659901, stddev 0.114755, skewness 0.104653, kurtosis 1.19854 ) , lr-coef 1
Component 2 : <Sigmoid>, 
Component 3 : <AffineTransform>, 
  linearity_grad ( min -0.74618, max 0.615495, mean -0.00297562, stddev 0.0548093, skewness 0.106077, kurtosis 4.95128 ) , lr-coef 1, max-norm 0
  bias_grad ( min -0.463187, max 0.588885, mean -0.0151016, stddev 0.132102, skewness 0.241093, kurtosis 0.984847 ) , lr-coef 1
Component 4 : <Sigmoid>, 
Component 5 : <AffineTransform>, 
  linearity_grad ( min -0.515522, max 1.00091, mean -0.00137059, stddev 0.0462431, skewness 0.38747, kurtosis 11.7405 ) , lr-coef 1, max-norm 0
  bias_grad ( min -0.50733, max 0.940621, mean -0.00797765, stddev 0.138497, skewness 0.357323, kurtosis 3.43147 ) , lr-coef 1
Component 6 : <Sigmoid>, 
Component 7 : <AffineTransform>, 
  linearity_grad ( min -0.697584, max 1.11389, mean -0.00110545, stddev 0.0583186, skewness 0.256447, kurtosis 9.50716 ) , lr-coef 1, max-norm 0
  bias_grad ( min -0.688879, max 0.894443, mean -0.00809566, stddev 0.214297, skewness 0.206019, kurtosis 0.666346 ) , lr-coef 1
Component 8 : <Sigmoid>, 
Component 9 : <AffineTransform>, 
  linearity_grad ( min -5.00333, max 3.93115, mean -1.93127e-09, stddev 0.172347, skewness -2.28874, kurtosis 62.0772 ) , lr-coef 1, max-norm 0
  bias_grad ( min -4.96071, max 3.94753, mean 8.14907e-09, stddev 0.919111, skewness -0.766686, kurtosis 8.5423 ) , lr-coef 1
Component 10 : <Softmax>, 
### END GRADIENT
LOG (nnet-train-frmshuff[5.4.140~1-1ab3d]:main():nnet-train-frmshuff.cc:395) Done 3328 files, 0 with no tgt_mats, 0 with other errors. [TRAINING, RANDOMIZED, 0.317444 min, processing 106289 frames per sec; i/o time 12.5201%]
LOG (nnet-train-frmshuff[5.4.140~1-1ab3d]:main():nnet-train-frmshuff.cc:405) PER-CLASS PERFORMANCE:
@@@ Frames per-class: [ 90822 11511 12163 9067 10974 6568 19914 13708 8447 9755 29398 5547 8952 12180 26184 11053 9289 5700 20136 15142 26306 4915 19526 28637 25923 12140 6391 13270 17821 27613 34857 12416 13603 7869 9427 10471 60435 8994 13454 12413 4449 15529 11166 19405 8956 7501 26610 2815 5298 51291 111231 18177 10113 12129 16707 10864 15096 8263 7994 12492 19429 15077 23325 17457 42026 14096 6037 11622 10326 11578 10163 6924 17961 16904 25947 13667 11136 14228 10782 8652 17803 27315 20489 22700 18571 7201 15057 15691 15999 35475 6809 8686 15502 8086 21751 4734 7221 17302 20055 18261 9127 11502 14975 23422 34815 11599 11184 12147 12886 10193 12216 12908 6203 9150 12243 5476 10968 12579 6869 7031 5449 4684 15830 4757 7000 7052 5947 15114 ]
@@@ Loss per-class: [ 0.252648 1.0029 0.899277 1.25927 0.470638 1.31053 1.35257 0.895988 0.429536 0.632425 0.588663 0.83374 0.84883 0.491035 0.947912 0.875331 1.31234 1.51827 0.507112 0.700695 0.253633 0.64641 0.384915 0.985679 1.16458 0.617335 0.545533 0.27954 0.70998 0.310745 0.412952 0.492213 0.713448 0.723265 0.329108 0.541 0.276137 0.344172 0.392453 0.974127 1.66596 0.55862 0.493254 0.678985 0.605195 0.677477 0.426099 1.20087 0.314997 0.598726 0.2221 0.706823 0.689838 0.804904 0.607864 0.699588 0.870988 0.592491 1.06447 0.910921 0.735824 0.693996 0.529135 0.365459 0.381774 1.21253 1.2075 0.261594 0.966986 0.779481 1.34314 1.41049 0.451588 0.206665 0.868931 1.10678 0.423109 0.627905 0.39285 0.989501 0.651947 0.503346 0.631559 0.60856 0.434399 0.911544 0.588562 0.848873 0.609494 0.812281 1.05616 0.533231 0.243736 0.897811 0.628786 0.528709 0.712127 0.793542 0.746871 1.29656 0.668076 0.550437 0.602407 0.462842 0.479035 0.792634 0.518662 1.02135 0.894026 0.825917 0.659749 0.865559 0.379628 0.680815 0.40395 0.691813 0.681252 0.724241 0.783549 0.42349 0.600462 1.1068 1.32394 0.572869 0.677256 0.655716 0.653817 0.747675 ]
@@@ Frame-accuracy per-class: [ 91.9618 64.0751 68.6398 58.9688 86.783 52.7518 56.6421 67.542 85.6822 78.5096 81.9872 70.6625 73.9235 85.9899 66.6845 71.552 52.188 58.4335 83.1028 75.8527 92.0571 77.1641 87.6091 66.0812 60.1462 78.3905 79.9812 91.0742 76.071 90.4014 86.5524 84.0172 76.5244 77.2222 89.6208 81.2014 90.7993 88.7876 88.0077 66.1377 46.0951 81.4514 84.8162 77.6275 78.9929 77.4245 84.2224 59.208 88.8553 78.5296 93.4627 77.1393 73.9012 74.1333 81.4844 75.8986 71.9637 79.0101 66.1205 68.4651 73.4502 75.941 81.9875 88.5178 86.988 57.8796 61.1843 91.8477 65.4917 73.0665 51.7833 54.4732 84.67 93.4426 61.0117 62.8571 86.6251 80.9994 87.336 64.386 79.8045 83.4947 79.2357 79.3198 86.1158 65.528 81.8662 66.0549 79.5212 72.2921 62.4128 82.5073 92.7141 70.5868 79.1072 81.2546 77.1585 72.1341 73.3415 54.8586 77.272 83.3036 80.0975 84.5896 83.8592 74.0894 83.9644 66.7051 67.3651 71.5456 78.5086 68.2264 87.1282 75.7991 87.0258 79.3938 79.4183 76.6008 72.8001 86.7667 79.9706 56.5909 55.7784 81.6816 76.9802 79.5179 77.0912 75.3515 ]
LOG (nnet-train-frmshuff[5.4.140~1-1ab3d]:main():nnet-train-frmshuff.cc:406) AvgLoss: 0.627763 (Xent), [AvgXent: 0.627763, AvgTargetEnt: 0]
progress: [0.634108 ]
FRAME_ACCURACY >> 78.8178% <<
