mjrc-server10
nnet-train-frmshuff --cross-validate=true --randomize=false --verbose=0 --minibatch-size=256 --randomizer-size=32768 --randomizer-seed=777 --feature-transform=exp/dnn4_pretrain-dbn_dnn/final.feature_transform 'ark:copy-feats scp:exp/dnn4_pretrain-dbn_dnn/cv.scp ark:- |' 'ark:ali-to-pdf exp/tri3_ali/final.mdl "ark:gunzip -c exp/tri3_ali/ali.*.gz |" ark:- | ali-to-post ark:- ark:- |' exp/dnn4_pretrain-dbn_dnn/nnet/nnet_dbn_dnn_iter05 
WARNING (nnet-train-frmshuff[5.4.140~1-1ab3d]:SelectGpuId():cu-device.cc:196) Not in compute-exclusive mode.  Suggestion: use 'nvidia-smi -c 3' to set compute exclusive mode
LOG (nnet-train-frmshuff[5.4.140~1-1ab3d]:SelectGpuIdAuto():cu-device.cc:315) Selecting from 4 GPUs
LOG (nnet-train-frmshuff[5.4.140~1-1ab3d]:SelectGpuIdAuto():cu-device.cc:330) cudaSetDevice(0): GeForce GTX 1080	free:7833M, used:286M, total:8119M, free/total:0.964776
LOG (nnet-train-frmshuff[5.4.140~1-1ab3d]:SelectGpuIdAuto():cu-device.cc:330) cudaSetDevice(1): GeForce GTX 1080	free:7833M, used:286M, total:8119M, free/total:0.964776
LOG (nnet-train-frmshuff[5.4.140~1-1ab3d]:SelectGpuIdAuto():cu-device.cc:330) cudaSetDevice(2): GeForce GTX 1080	free:86M, used:8033M, total:8119M, free/total:0.010661
LOG (nnet-train-frmshuff[5.4.140~1-1ab3d]:SelectGpuIdAuto():cu-device.cc:330) cudaSetDevice(3): GeForce GTX 1080	free:242M, used:7877M, total:8119M, free/total:0.0298738
LOG (nnet-train-frmshuff[5.4.140~1-1ab3d]:SelectGpuIdAuto():cu-device.cc:379) Trying to select device: 0 (automatically), mem_ratio: 0.964776
LOG (nnet-train-frmshuff[5.4.140~1-1ab3d]:SelectGpuIdAuto():cu-device.cc:398) Success selecting device 0 free mem ratio: 0.964776
LOG (nnet-train-frmshuff[5.4.140~1-1ab3d]:FinalizeActiveGpu():cu-device.cc:247) The active GPU is [0]: GeForce GTX 1080	free:7769M, used:350M, total:8119M, free/total:0.956894 version 6.1
copy-feats scp:exp/dnn4_pretrain-dbn_dnn/cv.scp ark:- 
LOG (nnet-train-frmshuff[5.4.140~1-1ab3d]:Init():nnet-randomizer.cc:32) Seeding by srand with : 777
LOG (nnet-train-frmshuff[5.4.140~1-1ab3d]:main():nnet-train-frmshuff.cc:163) CROSS-VALIDATION STARTED
ali-to-post ark:- ark:- 
ali-to-pdf exp/tri3_ali/final.mdl 'ark:gunzip -c exp/tri3_ali/ali.*.gz |' ark:- 
LOG (nnet-train-frmshuff[5.4.140~1-1ab3d]:main():nnet-train-frmshuff.cc:354) ### After 0 frames,
LOG (nnet-train-frmshuff[5.4.140~1-1ab3d]:main():nnet-train-frmshuff.cc:355) 
### FORWARD PROPAGATION BUFFER CONTENT :
[0] output of <Input>  ( min -6.95974, max 7.47381, mean -0.0199296, stddev 0.996252, skewness -4.64058e-05, kurtosis 3.61874 ) 
[1] output of <AffineTransform> ( min -46.0803, max 35.8386, mean -3.68971, stddev 5.46601, skewness 0.0930565, kurtosis 1.82084 ) 
[2] output of <Sigmoid> ( min 9.71793e-21, max 1, mean 0.233813, stddev 0.35232, skewness 1.28511, kurtosis -0.0019021 ) 
[3] output of <AffineTransform> ( min -31.7691, max 22.024, mean -3.06995, stddev 3.41251, skewness -0.146301, kurtosis 2.24572 ) 
[4] output of <Sigmoid> ( min 1.59528e-14, max 1, mean 0.19123, stddev 0.28269, skewness 1.64246, kurtosis 1.46789 ) 
[5] output of <AffineTransform> ( min -20.7783, max 16.3418, mean -3.64073, stddev 2.9801, skewness 0.346746, kurtosis 1.47278 ) 
[6] output of <Sigmoid> ( min 9.46426e-10, max 1, mean 0.136377, stddev 0.244816, skewness 2.22925, kurtosis 3.98988 ) 
[7] output of <AffineTransform> ( min -21.3549, max 13.9646, mean -4.22324, stddev 2.75267, skewness 0.0920314, kurtosis 1.42608 ) 
[8] output of <Sigmoid> ( min 5.31744e-10, max 0.999999, mean 0.0931924, stddev 0.194288, skewness 2.96815, kurtosis 8.57364 ) 
[9] output of <AffineTransform> ( min -12.818, max 20.741, mean 0.0193746, stddev 4.62675, skewness 0.725021, kurtosis 0.89794 ) 
[10] output of <Softmax> ( min 2.70696e-14, max 0.999843, mean 0.0078125, stddev 0.0716934, skewness 11.2345, kurtosis 132.663 ) 
### END FORWARD
LOG (ali-to-pdf[5.4.140~1-1ab3d]:main():ali-to-pdf.cc:68) Converted 3696 alignments to pdf sequences.
LOG (copy-feats[5.4.140~1-1ab3d]:main():copy-feats.cc:143) Copied 368 feature matrices.
LOG (nnet-train-frmshuff[5.4.140~1-1ab3d]:main():nnet-train-frmshuff.cc:384) ### After 223232 frames,
LOG (nnet-train-frmshuff[5.4.140~1-1ab3d]:main():nnet-train-frmshuff.cc:385) 
### FORWARD PROPAGATION BUFFER CONTENT :
[0] output of <Input>  ( min -9.20535, max 10.6044, mean 0.0308765, stddev 1.06127, skewness -0.049373, kurtosis 5.11183 ) 
[1] output of <AffineTransform> ( min -57.3332, max 48.9141, mean -3.69626, stddev 5.78935, skewness 0.00889288, kurtosis 2.63129 ) 
[2] output of <Sigmoid> ( min 1.26036e-25, max 1, mean 0.240473, stddev 0.358538, skewness 1.24062, kurtosis -0.133549 ) 
[3] output of <AffineTransform> ( min -32.5395, max 22.0344, mean -3.09119, stddev 3.48281, skewness -0.171309, kurtosis 2.56415 ) 
[4] output of <Sigmoid> ( min 7.38373e-15, max 1, mean 0.193585, stddev 0.286903, skewness 1.61496, kurtosis 1.33856 ) 
[5] output of <AffineTransform> ( min -19.2785, max 15.9767, mean -3.63125, stddev 3.03409, skewness 0.351185, kurtosis 1.48659 ) 
[6] output of <Sigmoid> ( min 4.24089e-09, max 1, mean 0.139533, stddev 0.248688, skewness 2.18435, kurtosis 3.75548 ) 
[7] output of <AffineTransform> ( min -23.1956, max 13.8128, mean -4.27262, stddev 2.79358, skewness 0.0929878, kurtosis 1.52313 ) 
[8] output of <Sigmoid> ( min 8.4385e-11, max 0.999999, mean 0.0929205, stddev 0.196631, skewness 2.97558, kurtosis 8.53303 ) 
[9] output of <AffineTransform> ( min -13.0718, max 22.4461, mean 0.0206932, stddev 4.56575, skewness 0.7327, kurtosis 0.975007 ) 
[10] output of <Softmax> ( min 2.52614e-14, max 0.999438, mean 0.0078125, stddev 0.074064, skewness 11.1756, kurtosis 129.824 ) 
### END FORWARD
LOG (nnet-train-frmshuff[5.4.140~1-1ab3d]:main():nnet-train-frmshuff.cc:395) Done 368 files, 0 with no tgt_mats, 0 with other errors. [CROSS-VALIDATION, NOT-RANDOMIZED, 0.0466269 min, processing 79793.8 frames per sec; i/o time 63.7349%]
LOG (nnet-train-frmshuff[5.4.140~1-1ab3d]:main():nnet-train-frmshuff.cc:405) PER-CLASS PERFORMANCE:
@@@ Frames per-class: [ 8370 1246 1198 950 1402 456 2236 1957 803 1197 3453 569 962 1269 2487 1278 1147 568 2257 1685 2884 568 2098 2900 2884 1314 653 1652 2245 3252 3794 1157 1715 897 1163 1299 6611 932 1447 1247 399 1678 1332 2081 1134 723 2689 269 734 4468 12049 1946 1224 1276 2114 1425 1592 932 926 1286 2217 1631 2540 1896 4953 1535 369 1469 1225 1388 1168 782 2327 2215 2891 1344 1311 1262 1192 868 1962 3234 2212 2754 2220 869 1895 1735 2060 4055 755 849 1538 922 2365 588 766 1848 2059 1909 675 1476 1617 2575 3964 1319 1376 1610 1387 1096 1286 1638 776 876 1513 555 1095 1442 674 808 559 617 1752 562 880 857 782 1808 ]
@@@ Loss per-class: [ 0.42257 2.01688 1.27688 1.97439 0.760487 1.85644 2.04013 1.30237 0.736707 0.715211 0.893485 1.40196 1.3586 0.683841 1.56971 1.6499 1.96303 1.82402 1.18242 1.45529 0.294708 1.25507 0.795458 1.08181 1.81895 1.46727 0.599251 0.536684 1.02003 0.405552 0.614508 2.07766 1.38425 1.49749 0.882346 1.08032 0.619291 0.377283 0.619666 2.10959 2.12998 0.891856 0.839395 1.00683 1.11278 1.66565 0.695812 2.14141 1.41884 1.09828 0.331585 1.42648 1.08998 1.82831 1.12941 1.58427 1.14348 1.06651 1.37477 1.5296 1.98585 1.10461 0.699532 0.601674 0.784596 1.25339 1.40208 0.643092 1.91195 1.19602 2.25486 2.47756 0.807226 0.427815 1.07295 1.9728 0.647343 1.52551 0.900055 1.55674 1.21999 0.670412 0.905814 0.782281 0.938348 1.38434 1.03998 1.28335 0.793518 0.872571 1.65401 0.742497 0.371627 2.88788 1.00188 0.769573 1.19549 1.32325 1.19854 1.73535 0.864077 0.866856 1.01955 0.737028 0.715266 1.4771 0.779754 1.79747 1.29985 1.50749 1.19147 1.83658 0.63164 0.874657 0.552544 0.783505 0.924413 1.3961 1.79598 0.51191 1.36512 1.56867 1.84254 0.848819 1.62034 0.720584 1.39501 1.22001 ]
@@@ Frame-accuracy per-class: [ 87.2947 36.1813 60.242 42.6092 77.7184 43.3735 43.6843 59.2593 77.7847 75.9916 74.1567 55.1361 59.9481 81.0555 49.4472 51.3883 39.7386 57.6957 63.876 56.0664 91.073 56.6403 77.341 65.6783 45.1725 57.8167 76.3581 82.9047 65.5533 87.6556 80.4586 45.7019 62.6057 61.9499 72.9695 65.9484 78.1517 88.9008 80.3454 37.1142 43.8048 70.7775 77.4484 68.9887 66.1084 54.0428 74.921 34.8794 60.3131 65.5477 89.3232 55.6897 53.2462 47.9436 70.2767 49.8071 61.3501 62.4129 61.4139 51.1465 35.6257 68.0356 76.914 82.8895 73.7862 61.9993 54.9391 80.9799 38.5149 60.2089 32.5203 28.6262 75.9613 88.1065 56.7871 40.0149 81.3572 59.0099 74.3816 57.5705 63.2866 78.4356 71.3672 74.0969 74.6679 48.0736 69.0055 53.875 73.9626 70.4722 50.6949 72.8664 88.3328 24.607 65.6521 76.9754 64.5793 60.9684 62.3938 46.033 72.3908 72.4687 65.8423 74.6263 76.2517 63.2058 74.6095 46.7557 51.7477 53.7164 65.0602 46.2008 78.944 67.9977 83.3168 76.6877 73.8476 56.6378 46.7013 83.9827 57.1939 41.7814 43.766 73.4222 53.3788 77.9009 58.9137 61.9298 ]
LOG (nnet-train-frmshuff[5.4.140~1-1ab3d]:main():nnet-train-frmshuff.cc:406) AvgLoss: 1.04211 (Xent), [AvgXent: 1.04211, AvgTargetEnt: 0]
progress: []
FRAME_ACCURACY >> 67.7304% <<
WARNING (nnet-train-frmshuff[5.4.140~1-1ab3d]:Close():kaldi-io.cc:515) Pipe ali-to-pdf exp/tri3_ali/final.mdl "ark:gunzip -c exp/tri3_ali/ali.*.gz |" ark:- | ali-to-post ark:- ark:- | had nonzero return status 36096
