mjrc-server10
nnet-train-frmshuff --cross-validate=false --randomize=true --verbose=0 --minibatch-size=256 --randomizer-size=32768 --randomizer-seed=777 --learn-rate=1.5625e-05 --momentum=0 --l1-penalty=0 --l2-penalty=0 --feature-transform=exp/dnn4_pretrain-dbn_dnn/final.feature_transform 'ark:copy-feats scp:exp/dnn4_pretrain-dbn_dnn/train.scp ark:- |' 'ark:ali-to-pdf exp/tri3_ali/final.mdl "ark:gunzip -c exp/tri3_ali/ali.*.gz |" ark:- | ali-to-post ark:- ark:- |' exp/dnn4_pretrain-dbn_dnn/nnet/nnet_dbn_dnn_iter11_learnrate3.125e-05_tr0.6267_cv0.9377 exp/dnn4_pretrain-dbn_dnn/nnet/nnet_dbn_dnn_iter12 
WARNING (nnet-train-frmshuff[5.4.140~1-1ab3d]:SelectGpuId():cu-device.cc:196) Not in compute-exclusive mode.  Suggestion: use 'nvidia-smi -c 3' to set compute exclusive mode
LOG (nnet-train-frmshuff[5.4.140~1-1ab3d]:SelectGpuIdAuto():cu-device.cc:315) Selecting from 4 GPUs
LOG (nnet-train-frmshuff[5.4.140~1-1ab3d]:SelectGpuIdAuto():cu-device.cc:330) cudaSetDevice(0): GeForce GTX 1080	free:7833M, used:286M, total:8119M, free/total:0.964776
LOG (nnet-train-frmshuff[5.4.140~1-1ab3d]:SelectGpuIdAuto():cu-device.cc:330) cudaSetDevice(1): GeForce GTX 1080	free:7833M, used:286M, total:8119M, free/total:0.964776
LOG (nnet-train-frmshuff[5.4.140~1-1ab3d]:SelectGpuIdAuto():cu-device.cc:330) cudaSetDevice(2): GeForce GTX 1080	free:86M, used:8033M, total:8119M, free/total:0.010661
LOG (nnet-train-frmshuff[5.4.140~1-1ab3d]:SelectGpuIdAuto():cu-device.cc:330) cudaSetDevice(3): GeForce GTX 1080	free:242M, used:7877M, total:8119M, free/total:0.0298738
LOG (nnet-train-frmshuff[5.4.140~1-1ab3d]:SelectGpuIdAuto():cu-device.cc:379) Trying to select device: 0 (automatically), mem_ratio: 0.964776
LOG (nnet-train-frmshuff[5.4.140~1-1ab3d]:SelectGpuIdAuto():cu-device.cc:398) Success selecting device 0 free mem ratio: 0.964776
LOG (nnet-train-frmshuff[5.4.140~1-1ab3d]:FinalizeActiveGpu():cu-device.cc:247) The active GPU is [0]: GeForce GTX 1080	free:7769M, used:350M, total:8119M, free/total:0.956894 version 6.1
copy-feats scp:exp/dnn4_pretrain-dbn_dnn/train.scp ark:- 
LOG (nnet-train-frmshuff[5.4.140~1-1ab3d]:Init():nnet-randomizer.cc:32) Seeding by srand with : 777
LOG (nnet-train-frmshuff[5.4.140~1-1ab3d]:main():nnet-train-frmshuff.cc:163) TRAINING STARTED
ali-to-pdf exp/tri3_ali/final.mdl 'ark:gunzip -c exp/tri3_ali/ali.*.gz |' ark:- 
ali-to-post ark:- ark:- 
LOG (nnet-train-frmshuff[5.4.140~1-1ab3d]:main():nnet-train-frmshuff.cc:354) ### After 0 frames,
LOG (nnet-train-frmshuff[5.4.140~1-1ab3d]:main():nnet-train-frmshuff.cc:355) 
### FORWARD PROPAGATION BUFFER CONTENT :
[0] output of <Input>  ( min -8.83514, max 10.8948, mean -0.00269925, stddev 0.988449, skewness 0.0169957, kurtosis 3.09629 ) 
[1] output of <AffineTransform> ( min -48.4911, max 42.2228, mean -3.76202, stddev 5.46798, skewness 0.0623053, kurtosis 1.88872 ) 
[2] output of <Sigmoid> ( min 8.72176e-22, max 1, mean 0.229029, stddev 0.349025, skewness 1.31864, kurtosis 0.0963302 ) 
[3] output of <AffineTransform> ( min -29.367, max 22.3531, mean -3.03467, stddev 3.28244, skewness -0.192438, kurtosis 2.3441 ) 
[4] output of <Sigmoid> ( min 1.76235e-13, max 1, mean 0.187924, stddev 0.275744, skewness 1.67274, kurtosis 1.62623 ) 
[5] output of <AffineTransform> ( min -18.9491, max 16.6872, mean -3.62183, stddev 2.91879, skewness 0.366955, kurtosis 1.47886 ) 
[6] output of <Sigmoid> ( min 5.89531e-09, max 1, mean 0.13407, stddev 0.241044, skewness 2.27011, kurtosis 4.22362 ) 
[7] output of <AffineTransform> ( min -24.2693, max 14.4184, mean -4.16697, stddev 2.70056, skewness 0.0960063, kurtosis 1.53722 ) 
[8] output of <Sigmoid> ( min 2.88395e-11, max 0.999999, mean 0.0920261, stddev 0.191415, skewness 3.0299, kurtosis 9.03484 ) 
[9] output of <AffineTransform> ( min -13.1774, max 24.1677, mean 0.016406, stddev 4.57274, skewness 0.757036, kurtosis 1.16794 ) 
[10] output of <Softmax> ( min 5.99926e-17, max 0.999485, mean 0.0078125, stddev 0.0725911, skewness 11.305, kurtosis 134.098 ) 
### END FORWARD
LOG (nnet-train-frmshuff[5.4.140~1-1ab3d]:main():nnet-train-frmshuff.cc:357) 
### BACKWARD PROPAGATION BUFFER CONTENT :
[0] diff of <Input>  ( min -3.38804, max 2.10153, mean -0.000372871, stddev 0.0642189, skewness 0.550115, kurtosis 152.442 ) 
[1] diff-output of <AffineTransform> ( min -0.325051, max 0.304812, mean 1.04033e-06, stddev 0.00807272, skewness 0.259951, kurtosis 129.362 ) 
[2] diff-output of <Sigmoid> ( min -1.6185, max 1.45168, mean 1.95263e-05, stddev 0.0775344, skewness 0.0851124, kurtosis 22.3983 ) 
[3] diff-output of <AffineTransform> ( min -0.343165, max 0.349155, mean 1.23085e-05, stddev 0.00922092, skewness -0.114133, kurtosis 106.812 ) 
[4] diff-output of <Sigmoid> ( min -1.88646, max 1.59084, mean 7.93102e-05, stddev 0.0758775, skewness 0.00337298, kurtosis 26.2096 ) 
[5] diff-output of <AffineTransform> ( min -0.347593, max 0.282492, mean 9.32114e-06, stddev 0.0094831, skewness 0.100462, kurtosis 99.2627 ) 
[6] diff-output of <Sigmoid> ( min -1.5719, max 1.57809, mean -0.000208417, stddev 0.0841045, skewness -0.124007, kurtosis 20.687 ) 
[7] diff-output of <AffineTransform> ( min -0.443311, max 0.552484, mean 2.83198e-05, stddev 0.0138438, skewness 0.927404, kurtosis 113.971 ) 
[8] diff-output of <Sigmoid> ( min -2.85726, max 2.21258, mean 0.000604476, stddev 0.147594, skewness -0.222232, kurtosis 15.1805 ) 
[9] diff-output of <AffineTransform> ( min -0.999895, max 0.987551, mean 4.11965e-11, stddev 0.0488732, skewness -6.09573, kurtosis 226.859 ) 
[10] diff-output of <Softmax> ( min -0.999895, max 0.987551, mean 4.11965e-11, stddev 0.0488732, skewness -6.09573, kurtosis 226.859 ) 
### END BACKWARD
LOG (nnet-train-frmshuff[5.4.140~1-1ab3d]:main():nnet-train-frmshuff.cc:358) 
### GRADIENT STATS :
Component 1 : <AffineTransform>, 
  linearity_grad ( min -1.26653, max 1.12317, mean -0.000826968, stddev 0.119721, skewness -0.00100913, kurtosis 2.28496 ) , lr-coef 1, max-norm 0
  bias_grad ( min -0.857336, max 0.516297, mean 0.000266326, stddev 0.130556, skewness -0.455025, kurtosis 2.30243 ) , lr-coef 1
Component 2 : <Sigmoid>, 
Component 3 : <AffineTransform>, 
  linearity_grad ( min -0.727385, max 0.821505, mean 0.000909719, stddev 0.0597979, skewness 0.0193187, kurtosis 4.51179 ) , lr-coef 1, max-norm 0
  bias_grad ( min -0.61329, max 0.490992, mean 0.00315099, stddev 0.142662, skewness -0.0845933, kurtosis 1.09376 ) , lr-coef 1
Component 4 : <Sigmoid>, 
Component 5 : <AffineTransform>, 
  linearity_grad ( min -0.643766, max 0.630353, mean 0.00049269, stddev 0.0504153, skewness -0.0460801, kurtosis 6.47886 ) , lr-coef 1, max-norm 0
  bias_grad ( min -0.745223, max 0.778997, mean 0.00238621, stddev 0.151557, skewness -0.122861, kurtosis 2.9211 ) , lr-coef 1
Component 6 : <Sigmoid>, 
Component 7 : <AffineTransform>, 
  linearity_grad ( min -1.16636, max 0.808279, mean 0.00105436, stddev 0.0623391, skewness 0.234329, kurtosis 9.25211 ) , lr-coef 1, max-norm 0
  bias_grad ( min -1.19699, max 1.15369, mean 0.00724987, stddev 0.233417, skewness 0.258932, kurtosis 2.2823 ) , lr-coef 1
Component 8 : <Sigmoid>, 
Component 9 : <AffineTransform>, 
  linearity_grad ( min -4.06309, max 2.09842, mean -2.13894e-09, stddev 0.171015, skewness -2.11905, kurtosis 37.0624 ) , lr-coef 1, max-norm 0
  bias_grad ( min -4.06357, max 1.94979, mean 7.10133e-09, stddev 0.846111, skewness -1.14133, kurtosis 3.48598 ) , lr-coef 1
Component 10 : <Softmax>, 
### END GRADIENT
LOG (ali-to-pdf[5.4.140~1-1ab3d]:main():ali-to-pdf.cc:68) Converted 3696 alignments to pdf sequences.
LOG (ali-to-post[5.4.140~1-1ab3d]:main():ali-to-post.cc:73) Converted 3696 alignments.
LOG (nnet-train-frmshuff[5.4.140~1-1ab3d]:Eval():nnet-loss.cc:148) ProgressLoss[last 5h of 5h]: 0.632545 (Xent), fps=104027, elapsed 0.00481h
LOG (copy-feats[5.4.140~1-1ab3d]:main():copy-feats.cc:143) Copied 3328 feature matrices.
LOG (nnet-train-frmshuff[5.4.140~1-1ab3d]:main():nnet-train-frmshuff.cc:384) ### After 2024448 frames,
LOG (nnet-train-frmshuff[5.4.140~1-1ab3d]:main():nnet-train-frmshuff.cc:385) 
### FORWARD PROPAGATION BUFFER CONTENT :
[0] output of <Input>  ( min -10.6721, max 10.7975, mean 0.00142695, stddev 0.978169, skewness 0.0453905, kurtosis 4.75326 ) 
[1] output of <AffineTransform> ( min -55.5008, max 47.5236, mean -3.7118, stddev 5.36268, skewness 0.0632971, kurtosis 2.22451 ) 
[2] output of <Sigmoid> ( min 7.87569e-25, max 1, mean 0.227117, stddev 0.34663, skewness 1.33309, kurtosis 0.144982 ) 
[3] output of <AffineTransform> ( min -30.7883, max 21.7762, mean -3.01559, stddev 3.26087, skewness -0.211703, kurtosis 2.37702 ) 
[4] output of <Sigmoid> ( min 4.25423e-14, max 1, mean 0.187708, stddev 0.274622, skewness 1.68015, kurtosis 1.66455 ) 
[5] output of <AffineTransform> ( min -19.3023, max 14.6285, mean -3.62278, stddev 2.89495, skewness 0.367108, kurtosis 1.48999 ) 
[6] output of <Sigmoid> ( min 4.14121e-09, max 1, mean 0.133056, stddev 0.240098, skewness 2.28222, kurtosis 4.28491 ) 
[7] output of <AffineTransform> ( min -21.4998, max 14.603, mean -4.16732, stddev 2.68121, skewness 0.107988, kurtosis 1.55427 ) 
[8] output of <Sigmoid> ( min 4.6002e-10, max 1, mean 0.0913307, stddev 0.190525, skewness 3.03585, kurtosis 9.0756 ) 
[9] output of <AffineTransform> ( min -12.9708, max 23.6925, mean 0.0215636, stddev 4.58607, skewness 0.744769, kurtosis 1.02816 ) 
[10] output of <Softmax> ( min 5.99935e-16, max 0.999965, mean 0.0078125, stddev 0.07292, skewness 11.3248, kurtosis 133.89 ) 
### END FORWARD
LOG (nnet-train-frmshuff[5.4.140~1-1ab3d]:main():nnet-train-frmshuff.cc:387) 
### BACKWARD PROPAGATION BUFFER CONTENT :
[0] diff of <Input>  ( min -1.74574, max 1.8491, mean 0.000944162, stddev 0.0541226, skewness -0.231812, kurtosis 101.916 ) 
[1] diff-output of <AffineTransform> ( min -0.177319, max 0.211897, mean -4.06299e-05, stddev 0.00673014, skewness 0.0233606, kurtosis 89.1158 ) 
[2] diff-output of <Sigmoid> ( min -1.02965, max 2.10184, mean -0.000539457, stddev 0.0655005, skewness 0.135676, kurtosis 24.4987 ) 
[3] diff-output of <AffineTransform> ( min -0.202375, max 0.258132, mean -7.40707e-05, stddev 0.00761601, skewness 0.0602857, kurtosis 76.896 ) 
[4] diff-output of <Sigmoid> ( min -1.18021, max 1.76628, mean -0.000440451, stddev 0.0630525, skewness 0.185955, kurtosis 26.726 ) 
[5] diff-output of <AffineTransform> ( min -0.211534, max 0.407003, mean -3.73503e-05, stddev 0.008029, skewness 1.07381, kurtosis 129.817 ) 
[6] diff-output of <Sigmoid> ( min -1.15603, max 1.80223, mean -0.000406771, stddev 0.0711141, skewness -0.0297323, kurtosis 21.9856 ) 
[7] diff-output of <AffineTransform> ( min -0.362961, max 0.37247, mean -3.33143e-05, stddev 0.0120824, skewness 0.581301, kurtosis 94.2442 ) 
[8] diff-output of <Sigmoid> ( min -2.09015, max 2.25861, mean -0.000964204, stddev 0.130323, skewness -0.158574, kurtosis 13.5377 ) 
[9] diff-output of <AffineTransform> ( min -0.999984, max 0.885386, mean 9.38344e-12, stddev 0.0439873, skewness -7.0206, kurtosis 248.455 ) 
[10] diff-output of <Softmax> ( min -0.999984, max 0.885386, mean 9.38344e-12, stddev 0.0439873, skewness -7.0206, kurtosis 248.455 ) 
### END BACKWARD
LOG (nnet-train-frmshuff[5.4.140~1-1ab3d]:main():nnet-train-frmshuff.cc:388) 
### GRADIENT STATS :
Component 1 : <AffineTransform>, 
  linearity_grad ( min -0.874107, max 0.995777, mean 0.00181874, stddev 0.104278, skewness 0.125848, kurtosis 3.16651 ) , lr-coef 1, max-norm 0
  bias_grad ( min -0.444283, max 0.527014, mean -0.0104013, stddev 0.116121, skewness 0.0804327, kurtosis 1.12065 ) , lr-coef 1
Component 2 : <Sigmoid>, 
Component 3 : <AffineTransform>, 
  linearity_grad ( min -0.724286, max 0.694943, mean -0.00376438, stddev 0.0547878, skewness 0.129845, kurtosis 4.92329 ) , lr-coef 1, max-norm 0
  bias_grad ( min -0.444791, max 0.612004, mean -0.0189621, stddev 0.134041, skewness 0.306655, kurtosis 1.23206 ) , lr-coef 1
Component 4 : <Sigmoid>, 
Component 5 : <AffineTransform>, 
  linearity_grad ( min -0.71991, max 1.03696, mean -0.00161795, stddev 0.0467863, skewness 0.30889, kurtosis 11.774 ) , lr-coef 1, max-norm 0
  bias_grad ( min -0.57067, max 1.0133, mean -0.00956168, stddev 0.142696, skewness 0.330691, kurtosis 3.96324 ) , lr-coef 1
Component 6 : <Sigmoid>, 
Component 7 : <AffineTransform>, 
  linearity_grad ( min -0.696147, max 1.19103, mean -0.0011393, stddev 0.0590549, skewness 0.242554, kurtosis 9.43235 ) , lr-coef 1, max-norm 0
  bias_grad ( min -0.705937, max 0.890688, mean -0.00852847, stddev 0.219748, skewness 0.182713, kurtosis 0.612158 ) , lr-coef 1
Component 8 : <Sigmoid>, 
Component 9 : <AffineTransform>, 
  linearity_grad ( min -5.27577, max 3.26505, mean -2.143e-09, stddev 0.174081, skewness -2.80361, kurtosis 62.7753 ) , lr-coef 1, max-norm 0
  bias_grad ( min -5.24482, max 3.28116, mean -1.80444e-09, stddev 0.92867, skewness -1.22772, kurtosis 8.89851 ) , lr-coef 1
Component 10 : <Softmax>, 
### END GRADIENT
LOG (nnet-train-frmshuff[5.4.140~1-1ab3d]:main():nnet-train-frmshuff.cc:395) Done 3328 files, 0 with no tgt_mats, 0 with other errors. [TRAINING, RANDOMIZED, 0.322216 min, processing 104715 frames per sec; i/o time 12.5374%]
LOG (nnet-train-frmshuff[5.4.140~1-1ab3d]:main():nnet-train-frmshuff.cc:405) PER-CLASS PERFORMANCE:
@@@ Frames per-class: [ 90822 11511 12163 9067 10974 6568 19914 13708 8447 9755 29398 5547 8952 12180 26184 11053 9289 5700 20136 15142 26306 4915 19526 28637 25923 12140 6391 13270 17821 27613 34857 12416 13603 7869 9427 10471 60435 8994 13454 12413 4449 15529 11166 19405 8956 7501 26610 2815 5298 51291 111231 18177 10113 12129 16707 10864 15096 8263 7994 12492 19429 15077 23325 17457 42026 14096 6037 11622 10326 11578 10163 6924 17961 16904 25947 13667 11136 14228 10782 8652 17803 27315 20489 22700 18571 7201 15057 15691 15999 35475 6809 8686 15502 8086 21751 4734 7221 17302 20055 18261 9127 11502 14975 23422 34815 11599 11184 12147 12886 10193 12216 12908 6203 9150 12243 5476 10968 12579 6869 7031 5449 4684 15830 4757 7000 7052 5947 15114 ]
@@@ Loss per-class: [ 0.253594 1.00631 0.892977 1.2528 0.462831 1.3251 1.3419 0.89482 0.424717 0.631357 0.58503 0.824856 0.838202 0.486003 0.950341 0.884129 1.32247 1.50815 0.503071 0.70179 0.253607 0.640494 0.379627 0.98439 1.16104 0.616591 0.546045 0.276928 0.708779 0.307822 0.410485 0.503114 0.724435 0.727891 0.32493 0.534475 0.273899 0.345613 0.393003 0.96963 1.70757 0.551783 0.487736 0.677018 0.605595 0.678958 0.423641 1.19408 0.31085 0.599886 0.220624 0.701241 0.693685 0.802629 0.604951 0.696429 0.867294 0.589942 1.0582 0.911229 0.74631 0.696014 0.529586 0.364194 0.380541 1.20576 1.20161 0.261343 0.965322 0.773949 1.34682 1.40019 0.452544 0.20433 0.867947 1.10227 0.41995 0.620985 0.395422 0.988942 0.656214 0.501116 0.628796 0.604886 0.430508 0.906306 0.584541 0.840706 0.60653 0.810683 1.05671 0.536509 0.247164 0.896118 0.623854 0.524315 0.70677 0.806688 0.752209 1.29099 0.680229 0.543643 0.601059 0.45972 0.476315 0.78918 0.520929 1.01674 0.892962 0.816444 0.658381 0.869896 0.374883 0.674658 0.398567 0.683903 0.675719 0.727039 0.78418 0.420093 0.601782 1.10427 1.32016 0.56335 0.667738 0.649151 0.655554 0.740623 ]
@@@ Frame-accuracy per-class: [ 91.9486 63.91 69.0097 58.9137 86.8012 52.5234 56.9183 67.3524 85.8597 78.4686 82.1709 71.1131 74.1134 86.1623 66.2797 71.2173 51.3268 58.6791 83.0532 75.7999 92.1027 77.042 87.7372 66.2802 60.2041 78.3329 79.8717 91.2852 76.0654 90.5173 86.6241 83.687 76.3112 77.057 89.8117 81.4687 90.9267 88.5986 88.0449 66.6291 45.1736 81.5094 85.1565 77.7975 79.2274 77.7178 84.4441 59.2435 88.9308 78.6583 93.5014 77.5299 73.6936 74.2652 81.5801 76.2944 72.2088 79.2763 65.9328 68.4571 72.7142 75.7287 81.9832 88.7069 86.9785 58.0853 60.9193 91.9337 65.3852 73.2133 51.5275 54.7476 84.7145 93.5609 60.9384 62.8279 86.6789 81.2735 87.4287 64.282 79.7764 83.4947 79.3382 79.5445 86.2989 65.6391 81.926 66.4372 79.6587 72.3457 62.2953 82.5304 92.7592 70.3518 79.4198 81.6137 77.4354 71.3365 73.3465 55.0174 77.0419 83.5557 80.0574 84.9354 83.9942 73.8135 83.732 66.6639 67.2254 71.8497 78.6314 67.8313 87.6602 76.2035 87.181 79.4303 79.6007 76.6247 72.8728 86.9231 79.8605 56.9538 56.0753 82.0809 77.3516 79.844 77.0912 75.6691 ]
LOG (nnet-train-frmshuff[5.4.140~1-1ab3d]:main():nnet-train-frmshuff.cc:406) AvgLoss: 0.626298 (Xent), [AvgXent: 0.626298, AvgTargetEnt: 0]
progress: [0.632545 ]
FRAME_ACCURACY >> 78.8713% <<
