mjrc-server10
nnet-train-frmshuff --cross-validate=false --randomize=true --verbose=0 --minibatch-size=256 --randomizer-size=32768 --randomizer-seed=777 --learn-rate=0.008 --momentum=0 --l1-penalty=0 --l2-penalty=0 --feature-transform=exp/dnn4_pretrain-dbn_dnn/final.feature_transform 'ark:copy-feats scp:exp/dnn4_pretrain-dbn_dnn/train.scp ark:- |' 'ark:ali-to-pdf exp/tri3_ali/final.mdl "ark:gunzip -c exp/tri3_ali/ali.*.gz |" ark:- | ali-to-post ark:- ark:- |' exp/dnn4_pretrain-dbn_dnn/nnet/nnet_dbn_dnn_iter01_learnrate0.008_tr0.9961_cv1.1858 exp/dnn4_pretrain-dbn_dnn/nnet/nnet_dbn_dnn_iter02 
WARNING (nnet-train-frmshuff[5.4.140~1-1ab3d]:SelectGpuId():cu-device.cc:196) Not in compute-exclusive mode.  Suggestion: use 'nvidia-smi -c 3' to set compute exclusive mode
LOG (nnet-train-frmshuff[5.4.140~1-1ab3d]:SelectGpuIdAuto():cu-device.cc:315) Selecting from 4 GPUs
LOG (nnet-train-frmshuff[5.4.140~1-1ab3d]:SelectGpuIdAuto():cu-device.cc:330) cudaSetDevice(0): GeForce GTX 1080	free:7833M, used:286M, total:8119M, free/total:0.964776
LOG (nnet-train-frmshuff[5.4.140~1-1ab3d]:SelectGpuIdAuto():cu-device.cc:330) cudaSetDevice(1): GeForce GTX 1080	free:7833M, used:286M, total:8119M, free/total:0.964776
LOG (nnet-train-frmshuff[5.4.140~1-1ab3d]:SelectGpuIdAuto():cu-device.cc:330) cudaSetDevice(2): GeForce GTX 1080	free:86M, used:8033M, total:8119M, free/total:0.010661
LOG (nnet-train-frmshuff[5.4.140~1-1ab3d]:SelectGpuIdAuto():cu-device.cc:330) cudaSetDevice(3): GeForce GTX 1080	free:242M, used:7877M, total:8119M, free/total:0.0298738
LOG (nnet-train-frmshuff[5.4.140~1-1ab3d]:SelectGpuIdAuto():cu-device.cc:379) Trying to select device: 0 (automatically), mem_ratio: 0.964776
LOG (nnet-train-frmshuff[5.4.140~1-1ab3d]:SelectGpuIdAuto():cu-device.cc:398) Success selecting device 0 free mem ratio: 0.964776
LOG (nnet-train-frmshuff[5.4.140~1-1ab3d]:FinalizeActiveGpu():cu-device.cc:247) The active GPU is [0]: GeForce GTX 1080	free:7769M, used:350M, total:8119M, free/total:0.956894 version 6.1
copy-feats scp:exp/dnn4_pretrain-dbn_dnn/train.scp ark:- 
LOG (nnet-train-frmshuff[5.4.140~1-1ab3d]:Init():nnet-randomizer.cc:32) Seeding by srand with : 777
LOG (nnet-train-frmshuff[5.4.140~1-1ab3d]:main():nnet-train-frmshuff.cc:163) TRAINING STARTED
ali-to-post ark:- ark:- 
ali-to-pdf exp/tri3_ali/final.mdl 'ark:gunzip -c exp/tri3_ali/ali.*.gz |' ark:- 
LOG (nnet-train-frmshuff[5.4.140~1-1ab3d]:main():nnet-train-frmshuff.cc:354) ### After 0 frames,
LOG (nnet-train-frmshuff[5.4.140~1-1ab3d]:main():nnet-train-frmshuff.cc:355) 
### FORWARD PROPAGATION BUFFER CONTENT :
[0] output of <Input>  ( min -8.83514, max 10.8948, mean -0.00269925, stddev 0.988449, skewness 0.0169957, kurtosis 3.09629 ) 
[1] output of <AffineTransform> ( min -44.0225, max 36.4932, mean -3.59864, stddev 4.63533, skewness 0.109098, kurtosis 2.03677 ) 
[2] output of <Sigmoid> ( min 7.60805e-20, max 1, mean 0.206761, stddev 0.325993, skewness 1.49342, kurtosis 0.684033 ) 
[3] output of <AffineTransform> ( min -30.0225, max 20.1128, mean -2.9492, stddev 2.87862, skewness -0.0880176, kurtosis 2.87386 ) 
[4] output of <Sigmoid> ( min 9.14905e-14, max 1, mean 0.171299, stddev 0.256671, skewness 1.86436, kurtosis 2.47112 ) 
[5] output of <AffineTransform> ( min -18.8551, max 16.0781, mean -3.48517, stddev 2.62335, skewness 0.545462, kurtosis 1.93111 ) 
[6] output of <Sigmoid> ( min 6.47667e-09, max 1, mean 0.125382, stddev 0.228017, skewness 2.43909, kurtosis 5.1862 ) 
[7] output of <AffineTransform> ( min -28.0386, max 12.7064, mean -4.14431, stddev 2.41726, skewness 0.215879, kurtosis 2.3559 ) 
[8] output of <Sigmoid> ( min 6.65233e-13, max 0.999997, mean 0.0788008, stddev 0.174249, skewness 3.45167, kurtosis 12.1878 ) 
[9] output of <AffineTransform> ( min -10.735, max 20.9084, mean 0.00509413, stddev 3.71335, skewness 0.854055, kurtosis 1.45184 ) 
[10] output of <Softmax> ( min 2.62086e-13, max 0.999413, mean 0.0078125, stddev 0.0681079, skewness 11.1598, kurtosis 133.263 ) 
### END FORWARD
LOG (nnet-train-frmshuff[5.4.140~1-1ab3d]:main():nnet-train-frmshuff.cc:357) 
### BACKWARD PROPAGATION BUFFER CONTENT :
[0] diff of <Input>  ( min -1.81755, max 1.72641, mean -0.000981107, stddev 0.0641091, skewness -1.23768, kurtosis 72.7339 ) 
[1] diff-output of <AffineTransform> ( min -0.512167, max 0.371931, mean 5.045e-05, stddev 0.00867368, skewness -1.55284, kurtosis 231.751 ) 
[2] diff-output of <Sigmoid> ( min -2.1091, max 1.67458, mean 0.000621475, stddev 0.0786437, skewness 0.0229382, kurtosis 31.8999 ) 
[3] diff-output of <AffineTransform> ( min -0.561763, max 0.329206, mean 4.3103e-05, stddev 0.00925547, skewness -0.641894, kurtosis 158.255 ) 
[4] diff-output of <Sigmoid> ( min -2.27838, max 1.44926, mean 0.000278919, stddev 0.0724893, skewness -0.118491, kurtosis 29.6498 ) 
[5] diff-output of <AffineTransform> ( min -0.477328, max 0.316303, mean 2.07739e-05, stddev 0.0090546, skewness -0.603281, kurtosis 155.975 ) 
[6] diff-output of <Sigmoid> ( min -1.93324, max 1.51113, mean -0.00073479, stddev 0.077693, skewness -0.190229, kurtosis 26.5992 ) 
[7] diff-output of <AffineTransform> ( min -0.654362, max 0.38835, mean 8.23112e-05, stddev 0.0132291, skewness -0.0352673, kurtosis 111.387 ) 
[8] diff-output of <Sigmoid> ( min -3.10811, max 1.91936, mean 0.00169417, stddev 0.145476, skewness -0.163542, kurtosis 9.51418 ) 
[9] diff-output of <AffineTransform> ( min -0.999954, max 0.971527, mean 9.50109e-11, stddev 0.061985, skewness -5.07413, kurtosis 158.745 ) 
[10] diff-output of <Softmax> ( min -0.999954, max 0.971527, mean 9.50109e-11, stddev 0.061985, skewness -5.07413, kurtosis 158.745 ) 
### END BACKWARD
LOG (nnet-train-frmshuff[5.4.140~1-1ab3d]:main():nnet-train-frmshuff.cc:358) 
### GRADIENT STATS :
Component 1 : <AffineTransform>, 
  linearity_grad ( min -2.04516, max 1.82157, mean 0.000142921, stddev 0.128701, skewness -0.00627948, kurtosis 5.89756 ) , lr-coef 1, max-norm 0
  bias_grad ( min -0.654387, max 0.680987, mean 0.0129152, stddev 0.134149, skewness 0.0400944, kurtosis 2.88791 ) , lr-coef 1
Component 2 : <Sigmoid>, 
Component 3 : <AffineTransform>, 
  linearity_grad ( min -0.653995, max 0.810147, mean 0.002958, stddev 0.0564115, skewness 0.407287, kurtosis 8.13739 ) , lr-coef 1, max-norm 0
  bias_grad ( min -0.522449, max 0.900243, mean 0.0110344, stddev 0.14688, skewness 0.461322, kurtosis 2.99148 ) , lr-coef 1
Component 4 : <Sigmoid>, 
Component 5 : <AffineTransform>, 
  linearity_grad ( min -0.912416, max 0.731299, mean 0.00131994, stddev 0.0457059, skewness 0.417859, kurtosis 13.5614 ) , lr-coef 1, max-norm 0
  bias_grad ( min -1.02639, max 0.970688, mean 0.00531812, stddev 0.154493, skewness 0.348766, kurtosis 5.79674 ) , lr-coef 1
Component 6 : <Sigmoid>, 
Component 7 : <AffineTransform>, 
  linearity_grad ( min -1.45425, max 1.41251, mean 0.00256361, stddev 0.0588206, skewness 0.410804, kurtosis 18.6633 ) , lr-coef 1, max-norm 0
  bias_grad ( min -1.62591, max 1.58707, mean 0.0210717, stddev 0.243554, skewness 0.41819, kurtosis 5.81086 ) , lr-coef 1
Component 8 : <Sigmoid>, 
Component 9 : <AffineTransform>, 
  linearity_grad ( min -7.0749, max 3.29993, mean -1.69774e-09, stddev 0.206928, skewness -2.91296, kurtosis 82.5664 ) , lr-coef 1, max-norm 0
  bias_grad ( min -7.28905, max 2.71953, mean 7.10133e-09, stddev 1.17638, skewness -1.65052, kurtosis 10.3137 ) , lr-coef 1
Component 10 : <Softmax>, 
### END GRADIENT
LOG (ali-to-pdf[5.4.140~1-1ab3d]:main():ali-to-pdf.cc:68) Converted 3696 alignments to pdf sequences.
LOG (ali-to-post[5.4.140~1-1ab3d]:main():ali-to-post.cc:73) Converted 3696 alignments.
LOG (nnet-train-frmshuff[5.4.140~1-1ab3d]:Eval():nnet-loss.cc:148) ProgressLoss[last 5h of 5h]: 0.794501 (Xent), fps=105115, elapsed 0.00476h
LOG (copy-feats[5.4.140~1-1ab3d]:main():copy-feats.cc:143) Copied 3328 feature matrices.
LOG (nnet-train-frmshuff[5.4.140~1-1ab3d]:main():nnet-train-frmshuff.cc:384) ### After 2024448 frames,
LOG (nnet-train-frmshuff[5.4.140~1-1ab3d]:main():nnet-train-frmshuff.cc:385) 
### FORWARD PROPAGATION BUFFER CONTENT :
[0] output of <Input>  ( min -10.6721, max 10.7975, mean 0.00142695, stddev 0.978169, skewness 0.0453905, kurtosis 4.75326 ) 
[1] output of <AffineTransform> ( min -57.3896, max 46.7357, mean -3.66771, stddev 5.26121, skewness 0.0863557, kurtosis 2.38566 ) 
[2] output of <Sigmoid> ( min 1.1913e-25, max 1, mean 0.224266, stddev 0.344502, skewness 1.35684, kurtosis 0.214929 ) 
[3] output of <AffineTransform> ( min -34.3154, max 23.6631, mean -3.20394, stddev 3.30289, skewness -0.143708, kurtosis 2.6784 ) 
[4] output of <Sigmoid> ( min 1.25028e-15, max 1, mean 0.17405, stddev 0.270206, skewness 1.81553, kurtosis 2.14664 ) 
[5] output of <AffineTransform> ( min -21.3509, max 14.3237, mean -3.74315, stddev 2.82828, skewness 0.465109, kurtosis 1.88954 ) 
[6] output of <Sigmoid> ( min 5.33836e-10, max 0.999999, mean 0.121126, stddev 0.230559, skewness 2.47731, kurtosis 5.30791 ) 
[7] output of <AffineTransform> ( min -22.0181, max 13.2892, mean -4.38806, stddev 2.54798, skewness 0.233911, kurtosis 1.98865 ) 
[8] output of <Sigmoid> ( min 2.73956e-10, max 0.999998, mean 0.0753335, stddev 0.174742, skewness 3.50723, kurtosis 12.5013 ) 
[9] output of <AffineTransform> ( min -11.3627, max 22.4053, mean 0.00894283, stddev 4.07852, skewness 0.88319, kurtosis 1.49119 ) 
[10] output of <Softmax> ( min 1.31143e-14, max 0.999843, mean 0.0078125, stddev 0.072818, skewness 11.2983, kurtosis 133.374 ) 
### END FORWARD
LOG (nnet-train-frmshuff[5.4.140~1-1ab3d]:main():nnet-train-frmshuff.cc:387) 
### BACKWARD PROPAGATION BUFFER CONTENT :
[0] diff of <Input>  ( min -1.03017, max 1.03598, mean 0.000604997, stddev 0.0426355, skewness -0.191806, kurtosis 44.2561 ) 
[1] diff-output of <AffineTransform> ( min -0.159589, max 0.158508, mean -4.11983e-05, stddev 0.00529311, skewness -0.275206, kurtosis 84.8952 ) 
[2] diff-output of <Sigmoid> ( min -1.02907, max 0.928496, mean -0.000418757, stddev 0.0505528, skewness -0.0965927, kurtosis 17.1816 ) 
[3] diff-output of <AffineTransform> ( min -0.151788, max 0.185768, mean -6.51667e-05, stddev 0.005906, skewness -0.418134, kurtosis 70.3518 ) 
[4] diff-output of <Sigmoid> ( min -0.876143, max 1.18435, mean -0.0002508, stddev 0.0500268, skewness 0.0444669, kurtosis 21.4029 ) 
[5] diff-output of <AffineTransform> ( min -0.203508, max 0.264421, mean -6.02521e-05, stddev 0.00630093, skewness 0.527756, kurtosis 101.223 ) 
[6] diff-output of <Sigmoid> ( min -1.20234, max 1.10958, mean -0.000388676, stddev 0.0572555, skewness -0.170931, kurtosis 18.748 ) 
[7] diff-output of <AffineTransform> ( min -0.329166, max 0.347878, mean -4.92073e-05, stddev 0.00978873, skewness 0.697973, kurtosis 118.413 ) 
[8] diff-output of <Sigmoid> ( min -1.65905, max 1.94283, mean -0.00053577, stddev 0.116676, skewness -0.0939526, kurtosis 12.5538 ) 
[9] diff-output of <AffineTransform> ( min -0.999999, max 0.907767, mean 7.08386e-11, stddev 0.0444784, skewness -6.38311, kurtosis 244.66 ) 
[10] diff-output of <Softmax> ( min -0.999999, max 0.907767, mean 7.08386e-11, stddev 0.0444784, skewness -6.38311, kurtosis 244.66 ) 
### END BACKWARD
LOG (nnet-train-frmshuff[5.4.140~1-1ab3d]:main():nnet-train-frmshuff.cc:388) 
### GRADIENT STATS :
Component 1 : <AffineTransform>, 
  linearity_grad ( min -1.54096, max 1.88928, mean 4.6773e-05, stddev 0.082036, skewness 0.0635435, kurtosis 4.85653 ) , lr-coef 1, max-norm 0
  bias_grad ( min -0.330887, max 0.341528, mean -0.0105468, stddev 0.0857276, skewness 0.0735245, kurtosis 0.670577 ) , lr-coef 1
Component 2 : <Sigmoid>, 
Component 3 : <AffineTransform>, 
  linearity_grad ( min -0.47444, max 0.442064, mean -0.00353356, stddev 0.0408952, skewness -0.0294302, kurtosis 4.91509 ) , lr-coef 1, max-norm 0
  bias_grad ( min -0.398541, max 0.43447, mean -0.0166827, stddev 0.0999827, skewness 0.127717, kurtosis 1.69194 ) , lr-coef 1
Component 4 : <Sigmoid>, 
Component 5 : <AffineTransform>, 
  linearity_grad ( min -0.483619, max 0.822286, mean -0.00267111, stddev 0.0349306, skewness 0.426505, kurtosis 14.6439 ) , lr-coef 1, max-norm 0
  bias_grad ( min -0.5052, max 0.942427, mean -0.0154245, stddev 0.111379, skewness 0.593989, kurtosis 6.89476 ) , lr-coef 1
Component 6 : <Sigmoid>, 
Component 7 : <AffineTransform>, 
  linearity_grad ( min -0.713157, max 1.07361, mean -0.00156899, stddev 0.0443138, skewness 0.286696, kurtosis 12.1979 ) , lr-coef 1, max-norm 0
  bias_grad ( min -0.708643, max 0.921706, mean -0.0125971, stddev 0.173786, skewness 0.317612, kurtosis 2.18667 ) , lr-coef 1
Component 8 : <Sigmoid>, 
Component 9 : <AffineTransform>, 
  linearity_grad ( min -3.22049, max 2.87293, mean -5.73738e-10, stddev 0.150724, skewness -1.60709, kurtosis 42.1167 ) , lr-coef 1, max-norm 0
  bias_grad ( min -2.97138, max 3.09418, mean 1.16561e-08, stddev 0.849901, skewness -0.0610657, kurtosis 2.66228 ) , lr-coef 1
Component 10 : <Softmax>, 
### END GRADIENT
LOG (nnet-train-frmshuff[5.4.140~1-1ab3d]:main():nnet-train-frmshuff.cc:395) Done 3328 files, 0 with no tgt_mats, 0 with other errors. [TRAINING, RANDOMIZED, 0.319903 min, processing 105472 frames per sec; i/o time 11.8384%]
LOG (nnet-train-frmshuff[5.4.140~1-1ab3d]:main():nnet-train-frmshuff.cc:405) PER-CLASS PERFORMANCE:
@@@ Frames per-class: [ 90822 11511 12163 9067 10974 6568 19914 13708 8447 9755 29398 5547 8952 12180 26184 11053 9289 5700 20136 15142 26306 4915 19526 28637 25923 12140 6391 13270 17821 27613 34857 12416 13603 7869 9427 10471 60435 8994 13454 12413 4449 15529 11166 19405 8956 7501 26610 2815 5298 51291 111231 18177 10113 12129 16707 10864 15096 8263 7994 12492 19429 15077 23325 17457 42026 14096 6037 11622 10326 11578 10163 6924 17961 16904 25947 13667 11136 14228 10782 8652 17803 27315 20489 22700 18571 7201 15057 15691 15999 35475 6809 8686 15502 8086 21751 4734 7221 17302 20055 18261 9127 11502 14975 23422 34815 11599 11184 12147 12886 10193 12216 12908 6203 9150 12243 5476 10968 12579 6869 7031 5449 4684 15830 4757 7000 7052 5947 15114 ]
@@@ Loss per-class: [ 0.34994 1.18962 1.10208 1.54599 0.558764 1.51977 1.59004 1.06893 0.590506 0.763472 0.785354 1.15077 1.18669 0.666064 1.09457 0.970174 1.57525 1.80546 0.6315 0.860318 0.341865 0.975565 0.555245 1.14803 1.35949 0.734124 0.739713 0.424458 0.856494 0.430744 0.538483 0.638065 0.870244 0.933647 0.501992 0.729339 0.348108 0.457805 0.562862 1.32302 1.97753 0.696124 0.717047 0.879699 0.806722 0.839526 0.5411 1.4073 0.416249 0.798677 0.296997 0.897415 0.804411 1.03304 0.757556 0.953731 1.10535 0.74444 1.34082 1.08298 0.797509 0.857041 0.600676 0.523154 0.480379 1.46828 1.46017 0.413224 1.13611 1.05971 1.55065 1.7156 0.531247 0.33402 1.02209 1.31365 0.596748 0.806847 0.521623 1.21094 0.772988 0.623349 0.822601 0.763122 0.517618 1.10639 0.729097 1.06783 0.730383 1.03861 1.26793 0.669798 0.289959 1.17611 0.847915 0.773286 0.99612 0.844342 0.859043 1.60885 0.77949 0.695897 0.765049 0.585932 0.649835 1.09008 0.669621 1.18935 1.0616 1.10612 0.91187 0.994071 0.548074 0.87208 0.622091 1.02012 0.896614 0.872576 0.944121 0.596881 0.870995 1.34362 1.59072 0.821402 1.00782 0.951156 0.801366 0.950925 ]
@@@ Frame-accuracy per-class: [ 88.5375 59.3059 62.5231 50.5762 83.8398 49.1589 51.2993 62.9172 80.4735 74.4093 75.1161 61.0545 63.971 81.1297 63.4841 70.2402 47.6775 52.6094 79.0604 71.2498 89.5938 66.9718 83.4865 61.849 55.7178 75.4005 73.4882 86.2439 71.9749 86.6315 82.6106 80.1031 72.9445 71.9741 84.0626 75.758 88.1866 85.8636 81.9503 56.7608 41.4429 78.4314 79.1385 72.3249 73.4327 73.8519 80.224 56.9703 85.5525 70.7603 91.3509 71.2199 69.3133 66.4908 77.5161 66.9612 63.73 73.5524 60.2915 63.1579 72.8017 71.0595 80.4441 83.8035 83.2142 50.1898 54.9896 87.2876 61.4923 64.5334 48.5659 46.6315 82.4152 89.3194 56.8841 56.5063 80.95 76.7474 83.45 58.4687 76.2996 79.2444 73.7256 74.8001 83.4235 60.6263 78.2202 60.4722 76.5211 64.8166 57.8897 78.5241 91.1982 62.1282 71.7514 73.3552 68.116 73.4229 71.5165 45.5822 75.2999 77.7396 75.3364 80.6788 78.4449 66.658 78.9396 63.6839 62.9962 62.8243 71.1988 65.2361 83.195 70.8267 79.5524 70.5743 73.2005 72.8487 68.9133 82.2157 71.5478 50.5497 48.6908 73.0846 67.6095 69.9894 73.9975 69.602 ]
LOG (nnet-train-frmshuff[5.4.140~1-1ab3d]:main():nnet-train-frmshuff.cc:406) AvgLoss: 0.789057 (Xent), [AvgXent: 0.789057, AvgTargetEnt: 0]
progress: [0.794501 ]
FRAME_ACCURACY >> 74.1637% <<
