mjrc-server10
nnet-train-frmshuff --cross-validate=true --randomize=false --verbose=0 --minibatch-size=256 --randomizer-size=32768 --randomizer-seed=777 --feature-transform=exp/dnn4_pretrain-dbn_dnn/final.feature_transform 'ark:copy-feats scp:exp/dnn4_pretrain-dbn_dnn/cv.scp ark:- |' 'ark:ali-to-pdf exp/tri3_ali/final.mdl "ark:gunzip -c exp/tri3_ali/ali.*.gz |" ark:- | ali-to-post ark:- ark:- |' exp/dnn4_pretrain-dbn_dnn/nnet/nnet_dbn_dnn_iter08 
WARNING (nnet-train-frmshuff[5.4.140~1-1ab3d]:SelectGpuId():cu-device.cc:196) Not in compute-exclusive mode.  Suggestion: use 'nvidia-smi -c 3' to set compute exclusive mode
LOG (nnet-train-frmshuff[5.4.140~1-1ab3d]:SelectGpuIdAuto():cu-device.cc:315) Selecting from 4 GPUs
LOG (nnet-train-frmshuff[5.4.140~1-1ab3d]:SelectGpuIdAuto():cu-device.cc:330) cudaSetDevice(0): GeForce GTX 1080	free:7833M, used:286M, total:8119M, free/total:0.964776
LOG (nnet-train-frmshuff[5.4.140~1-1ab3d]:SelectGpuIdAuto():cu-device.cc:330) cudaSetDevice(1): GeForce GTX 1080	free:7833M, used:286M, total:8119M, free/total:0.964776
LOG (nnet-train-frmshuff[5.4.140~1-1ab3d]:SelectGpuIdAuto():cu-device.cc:330) cudaSetDevice(2): GeForce GTX 1080	free:86M, used:8033M, total:8119M, free/total:0.010661
LOG (nnet-train-frmshuff[5.4.140~1-1ab3d]:SelectGpuIdAuto():cu-device.cc:330) cudaSetDevice(3): GeForce GTX 1080	free:242M, used:7877M, total:8119M, free/total:0.0298738
LOG (nnet-train-frmshuff[5.4.140~1-1ab3d]:SelectGpuIdAuto():cu-device.cc:379) Trying to select device: 0 (automatically), mem_ratio: 0.964776
LOG (nnet-train-frmshuff[5.4.140~1-1ab3d]:SelectGpuIdAuto():cu-device.cc:398) Success selecting device 0 free mem ratio: 0.964776
LOG (nnet-train-frmshuff[5.4.140~1-1ab3d]:FinalizeActiveGpu():cu-device.cc:247) The active GPU is [0]: GeForce GTX 1080	free:7769M, used:350M, total:8119M, free/total:0.956894 version 6.1
copy-feats scp:exp/dnn4_pretrain-dbn_dnn/cv.scp ark:- 
LOG (nnet-train-frmshuff[5.4.140~1-1ab3d]:Init():nnet-randomizer.cc:32) Seeding by srand with : 777
LOG (nnet-train-frmshuff[5.4.140~1-1ab3d]:main():nnet-train-frmshuff.cc:163) CROSS-VALIDATION STARTED
ali-to-pdf exp/tri3_ali/final.mdl 'ark:gunzip -c exp/tri3_ali/ali.*.gz |' ark:- 
ali-to-post ark:- ark:- 
LOG (nnet-train-frmshuff[5.4.140~1-1ab3d]:main():nnet-train-frmshuff.cc:354) ### After 0 frames,
LOG (nnet-train-frmshuff[5.4.140~1-1ab3d]:main():nnet-train-frmshuff.cc:355) 
### FORWARD PROPAGATION BUFFER CONTENT :
[0] output of <Input>  ( min -6.95974, max 7.47381, mean -0.0199296, stddev 0.996252, skewness -4.64058e-05, kurtosis 3.61874 ) 
[1] output of <AffineTransform> ( min -44.2349, max 35.7908, mean -3.69267, stddev 5.45951, skewness 0.088807, kurtosis 1.76937 ) 
[2] output of <Sigmoid> ( min 6.15198e-20, max 1, mean 0.234087, stddev 0.352194, skewness 1.28304, kurtosis -0.00523067 ) 
[3] output of <AffineTransform> ( min -29.8047, max 21.9203, mean -2.99917, stddev 3.35016, skewness -0.155008, kurtosis 2.18407 ) 
[4] output of <Sigmoid> ( min 1.13757e-13, max 1, mean 0.194255, stddev 0.282095, skewness 1.61539, kurtosis 1.39398 ) 
[5] output of <AffineTransform> ( min -19.6052, max 16.3763, mean -3.60916, stddev 2.97339, skewness 0.341541, kurtosis 1.38999 ) 
[6] output of <Sigmoid> ( min 3.05888e-09, max 1, mean 0.138365, stddev 0.245951, skewness 2.2001, kurtosis 3.85227 ) 
[7] output of <AffineTransform> ( min -21.5322, max 13.8609, mean -4.17267, stddev 2.76375, skewness 0.0628491, kurtosis 1.3707 ) 
[8] output of <Sigmoid> ( min 4.45331e-10, max 0.999999, mean 0.0961442, stddev 0.196349, skewness 2.89557, kurtosis 8.11569 ) 
[9] output of <AffineTransform> ( min -13.0052, max 21.4802, mean 0.0209973, stddev 4.69885, skewness 0.710472, kurtosis 0.863586 ) 
[10] output of <Softmax> ( min 9.68267e-15, max 0.99962, mean 0.0078125, stddev 0.0719248, skewness 11.2293, kurtosis 132.402 ) 
### END FORWARD
LOG (ali-to-pdf[5.4.140~1-1ab3d]:main():ali-to-pdf.cc:68) Converted 3696 alignments to pdf sequences.
LOG (copy-feats[5.4.140~1-1ab3d]:main():copy-feats.cc:143) Copied 368 feature matrices.
LOG (nnet-train-frmshuff[5.4.140~1-1ab3d]:main():nnet-train-frmshuff.cc:384) ### After 223232 frames,
LOG (nnet-train-frmshuff[5.4.140~1-1ab3d]:main():nnet-train-frmshuff.cc:385) 
### FORWARD PROPAGATION BUFFER CONTENT :
[0] output of <Input>  ( min -9.20535, max 10.6044, mean 0.0308765, stddev 1.06127, skewness -0.049373, kurtosis 5.11183 ) 
[1] output of <AffineTransform> ( min -56.2848, max 49.5882, mean -3.69885, stddev 5.78779, skewness 0.0120187, kurtosis 2.55734 ) 
[2] output of <Sigmoid> ( min 3.59594e-25, max 1, mean 0.24096, stddev 0.358762, skewness 1.23679, kurtosis -0.143832 ) 
[3] output of <AffineTransform> ( min -30.8325, max 21.3578, mean -3.01933, stddev 3.42667, skewness -0.18718, kurtosis 2.47481 ) 
[4] output of <Sigmoid> ( min 4.07004e-14, max 1, mean 0.196691, stddev 0.286618, skewness 1.58852, kurtosis 1.26303 ) 
[5] output of <AffineTransform> ( min -19.4096, max 15.4035, mean -3.60115, stddev 3.03551, skewness 0.342055, kurtosis 1.38734 ) 
[6] output of <Sigmoid> ( min 3.71984e-09, max 1, mean 0.141945, stddev 0.250469, skewness 2.15216, kurtosis 3.60187 ) 
[7] output of <AffineTransform> ( min -22.9739, max 13.1898, mean -4.2294, stddev 2.81165, skewness 0.0610252, kurtosis 1.45391 ) 
[8] output of <Sigmoid> ( min 1.05328e-10, max 0.999998, mean 0.0957641, stddev 0.19878, skewness 2.90937, kurtosis 8.11794 ) 
[9] output of <AffineTransform> ( min -12.9567, max 22.7127, mean 0.0223868, stddev 4.61746, skewness 0.716447, kurtosis 0.934273 ) 
[10] output of <Softmax> ( min 8.39496e-15, max 0.999792, mean 0.0078125, stddev 0.074625, skewness 11.1769, kurtosis 129.337 ) 
### END FORWARD
LOG (nnet-train-frmshuff[5.4.140~1-1ab3d]:main():nnet-train-frmshuff.cc:395) Done 368 files, 0 with no tgt_mats, 0 with other errors. [CROSS-VALIDATION, NOT-RANDOMIZED, 0.0446421 min, processing 83341.3 frames per sec; i/o time 62.8753%]
LOG (nnet-train-frmshuff[5.4.140~1-1ab3d]:main():nnet-train-frmshuff.cc:405) PER-CLASS PERFORMANCE:
@@@ Frames per-class: [ 8370 1246 1198 950 1402 456 2236 1957 803 1197 3453 569 962 1269 2487 1278 1147 568 2257 1685 2884 568 2098 2900 2884 1314 653 1652 2245 3252 3794 1157 1715 897 1163 1299 6611 932 1447 1247 399 1678 1332 2081 1134 723 2689 269 734 4468 12049 1946 1224 1276 2114 1425 1592 932 926 1286 2217 1631 2540 1896 4953 1535 369 1469 1225 1388 1168 782 2327 2215 2891 1344 1311 1262 1192 868 1962 3234 2212 2754 2220 869 1895 1735 2060 4055 755 849 1538 922 2365 588 766 1848 2059 1909 675 1476 1617 2575 3964 1319 1376 1610 1387 1096 1286 1638 776 876 1513 555 1095 1442 674 808 559 617 1752 562 880 857 782 1808 ]
@@@ Loss per-class: [ 0.434365 1.5288 1.14454 1.83584 0.628117 1.89891 1.91972 1.33586 0.755867 0.685444 0.901392 1.24135 1.20279 0.753831 1.53276 1.6142 2.0281 1.58687 0.867999 1.30884 0.346263 1.28034 0.714564 1.17279 1.79317 1.25489 0.902512 0.456937 1.13355 0.408139 0.628767 1.45618 1.33573 1.55819 0.603577 0.962013 0.468123 0.389387 0.595907 1.69235 2.37469 0.863842 0.881393 0.974896 1.04394 1.27137 0.676582 1.68139 0.853768 0.979113 0.237883 1.18665 0.890897 1.38779 1.01039 1.24252 1.22887 0.850841 1.31133 1.35631 1.42316 1.12682 0.676936 0.599719 0.671676 1.44397 1.27135 0.544719 1.57896 1.23484 2.04536 2.14565 0.717412 0.421701 1.03178 1.77172 0.624163 1.21659 0.713807 1.57048 1.12829 0.687762 0.967295 0.741531 0.747398 1.05262 0.887277 1.17406 0.824088 0.964802 1.79776 0.710411 0.389559 2.19445 0.849663 0.965278 1.05831 1.36546 1.10672 1.73786 0.869033 0.723724 0.882652 0.612465 0.61369 1.40152 0.681913 1.72743 1.16011 1.21918 1.11601 1.56979 0.553268 0.974891 0.665308 0.765224 0.978333 1.07853 1.37745 0.480735 1.2196 1.52125 1.75891 0.848765 1.17601 0.886054 1.47113 0.996439 ]
@@@ Frame-accuracy per-class: [ 85.9925 49.0172 65.9157 44.9237 81.4973 43.1544 45.5175 56.7561 76.2912 76.2422 73.0563 60.0527 64.7273 79.0075 48.2412 50.2933 35.9913 61.2137 72.3367 58.3803 88.5422 57.8716 79.8189 62.5409 44.9991 62.6854 67.0237 85.9304 62.1242 87.3789 79.9315 58.4881 63.3052 56.8245 81.7361 69.7961 83.2943 89.008 80.2073 46.6533 43.3041 72.0882 77.0732 68.5563 67.1662 63.8563 75.0697 48.2375 71.7495 68.0989 92.6428 62.6252 65.1695 61.0262 71.0333 61.0312 58.9639 70.992 61.8457 55.7326 49.7407 65.829 78.7247 82.995 76.9557 53.2074 58.728 83.0895 48.47 59.5607 34.7454 36.2939 77.3362 87.2489 55.3 45.6675 81.1285 65.9802 77.4004 54.5769 64.9682 78.5593 68.7006 74.6778 79.8469 61.9896 72.6457 56.0645 73.9626 68.105 43.5473 74.1613 88.2028 39.6748 70.8096 71.028 70.1892 56.5864 63.3163 45.038 71.0585 77.0742 70.17 78.4314 79.7326 63.8121 77.7334 46.7557 59.4595 60.1915 66.3039 49.0082 82.2923 64.575 78.3614 76.5077 71.6568 68.3536 59.748 84.1064 63.9857 45.5061 46.7903 71.6444 65.8717 72.07 58.5304 67.791 ]
LOG (nnet-train-frmshuff[5.4.140~1-1ab3d]:main():nnet-train-frmshuff.cc:406) AvgLoss: 0.954864 (Xent), [AvgXent: 0.954864, AvgTargetEnt: 0]
progress: []
FRAME_ACCURACY >> 69.7727% <<
WARNING (nnet-train-frmshuff[5.4.140~1-1ab3d]:Close():kaldi-io.cc:515) Pipe ali-to-pdf exp/tri3_ali/final.mdl "ark:gunzip -c exp/tri3_ali/ali.*.gz |" ark:- | ali-to-post ark:- ark:- | had nonzero return status 36096
