mjrc-server10
nnet-train-frmshuff --cross-validate=false --randomize=true --verbose=0 --minibatch-size=256 --randomizer-size=32768 --randomizer-seed=777 --learn-rate=0.004 --momentum=0 --l1-penalty=0 --l2-penalty=0 --feature-transform=exp/dnn4_pretrain-dbn_dnn/final.feature_transform 'ark:copy-feats scp:exp/dnn4_pretrain-dbn_dnn/train.scp ark:- |' 'ark:ali-to-pdf exp/tri3_ali/final.mdl "ark:gunzip -c exp/tri3_ali/ali.*.gz |" ark:- | ali-to-post ark:- ark:- |' exp/dnn4_pretrain-dbn_dnn/nnet/nnet_dbn_dnn_iter02_learnrate0.008_tr0.7891_cv1.1557 exp/dnn4_pretrain-dbn_dnn/nnet/nnet_dbn_dnn_iter04 
WARNING (nnet-train-frmshuff[5.4.140~1-1ab3d]:SelectGpuId():cu-device.cc:196) Not in compute-exclusive mode.  Suggestion: use 'nvidia-smi -c 3' to set compute exclusive mode
LOG (nnet-train-frmshuff[5.4.140~1-1ab3d]:SelectGpuIdAuto():cu-device.cc:315) Selecting from 4 GPUs
LOG (nnet-train-frmshuff[5.4.140~1-1ab3d]:SelectGpuIdAuto():cu-device.cc:330) cudaSetDevice(0): GeForce GTX 1080	free:7833M, used:286M, total:8119M, free/total:0.964776
LOG (nnet-train-frmshuff[5.4.140~1-1ab3d]:SelectGpuIdAuto():cu-device.cc:330) cudaSetDevice(1): GeForce GTX 1080	free:7833M, used:286M, total:8119M, free/total:0.964776
LOG (nnet-train-frmshuff[5.4.140~1-1ab3d]:SelectGpuIdAuto():cu-device.cc:330) cudaSetDevice(2): GeForce GTX 1080	free:86M, used:8033M, total:8119M, free/total:0.010661
LOG (nnet-train-frmshuff[5.4.140~1-1ab3d]:SelectGpuIdAuto():cu-device.cc:330) cudaSetDevice(3): GeForce GTX 1080	free:242M, used:7877M, total:8119M, free/total:0.0298738
LOG (nnet-train-frmshuff[5.4.140~1-1ab3d]:SelectGpuIdAuto():cu-device.cc:379) Trying to select device: 0 (automatically), mem_ratio: 0.964776
LOG (nnet-train-frmshuff[5.4.140~1-1ab3d]:SelectGpuIdAuto():cu-device.cc:398) Success selecting device 0 free mem ratio: 0.964776
LOG (nnet-train-frmshuff[5.4.140~1-1ab3d]:FinalizeActiveGpu():cu-device.cc:247) The active GPU is [0]: GeForce GTX 1080	free:7769M, used:350M, total:8119M, free/total:0.956894 version 6.1
copy-feats scp:exp/dnn4_pretrain-dbn_dnn/train.scp ark:- 
LOG (nnet-train-frmshuff[5.4.140~1-1ab3d]:Init():nnet-randomizer.cc:32) Seeding by srand with : 777
LOG (nnet-train-frmshuff[5.4.140~1-1ab3d]:main():nnet-train-frmshuff.cc:163) TRAINING STARTED
ali-to-pdf exp/tri3_ali/final.mdl 'ark:gunzip -c exp/tri3_ali/ali.*.gz |' ark:- 
ali-to-post ark:- ark:- 
LOG (nnet-train-frmshuff[5.4.140~1-1ab3d]:main():nnet-train-frmshuff.cc:354) ### After 0 frames,
LOG (nnet-train-frmshuff[5.4.140~1-1ab3d]:main():nnet-train-frmshuff.cc:355) 
### FORWARD PROPAGATION BUFFER CONTENT :
[0] output of <Input>  ( min -8.83514, max 10.8948, mean -0.00269925, stddev 0.988449, skewness 0.0169957, kurtosis 3.09629 ) 
[1] output of <AffineTransform> ( min -50.0774, max 39.5696, mean -3.70269, stddev 5.3681, skewness 0.0828646, kurtosis 2.05214 ) 
[2] output of <Sigmoid> ( min 1.78505e-22, max 1, mean 0.22682, stddev 0.347114, skewness 1.33684, kurtosis 0.151558 ) 
[3] output of <AffineTransform> ( min -33.267, max 23.0165, mean -3.20876, stddev 3.33391, skewness -0.112745, kurtosis 2.67263 ) 
[4] output of <Sigmoid> ( min 3.56712e-15, max 1, mean 0.175503, stddev 0.272108, skewness 1.79645, kurtosis 2.06411 ) 
[5] output of <AffineTransform> ( min -19.3305, max 15.3259, mean -3.72045, stddev 2.85572, skewness 0.439302, kurtosis 1.83366 ) 
[6] output of <Sigmoid> ( min 4.02613e-09, max 1, mean 0.123415, stddev 0.232267, skewness 2.44206, kurtosis 5.12179 ) 
[7] output of <AffineTransform> ( min -26.1486, max 12.8287, mean -4.39728, stddev 2.58011, skewness 0.201945, kurtosis 1.96469 ) 
[8] output of <Sigmoid> ( min 4.40371e-12, max 0.999997, mean 0.0759387, stddev 0.175305, skewness 3.49338, kurtosis 12.4085 ) 
[9] output of <AffineTransform> ( min -11.9617, max 22.5809, mean 0.00795395, stddev 4.07392, skewness 0.84702, kurtosis 1.46764 ) 
[10] output of <Softmax> ( min 3.80232e-15, max 0.999732, mean 0.0078125, stddev 0.0706867, skewness 11.2363, kurtosis 133.574 ) 
### END FORWARD
LOG (nnet-train-frmshuff[5.4.140~1-1ab3d]:main():nnet-train-frmshuff.cc:357) 
### BACKWARD PROPAGATION BUFFER CONTENT :
[0] diff of <Input>  ( min -2.35634, max 1.90968, mean -0.000531296, stddev 0.0777581, skewness -0.11558, kurtosis 82.5731 ) 
[1] diff-output of <AffineTransform> ( min -0.545889, max 0.383252, mean 3.62835e-05, stddev 0.00914051, skewness -0.20096, kurtosis 227.946 ) 
[2] diff-output of <Sigmoid> ( min -2.18363, max 1.72937, mean 0.000214586, stddev 0.0850675, skewness 0.0286129, kurtosis 31.3941 ) 
[3] diff-output of <AffineTransform> ( min -0.491425, max 0.377245, mean 2.44913e-05, stddev 0.00988748, skewness -0.196794, kurtosis 145.051 ) 
[4] diff-output of <Sigmoid> ( min -2.41154, max 1.75876, mean 0.000113047, stddev 0.0822146, skewness -0.0717345, kurtosis 30.7648 ) 
[5] diff-output of <AffineTransform> ( min -0.501838, max 0.361447, mean 1.30762e-05, stddev 0.0100574, skewness -0.560037, kurtosis 154.903 ) 
[6] diff-output of <Sigmoid> ( min -2.18386, max 1.72823, mean -0.00107553, stddev 0.0885029, skewness -0.25285, kurtosis 26.9157 ) 
[7] diff-output of <AffineTransform> ( min -0.518347, max 0.457303, mean 8.46113e-05, stddev 0.0142535, skewness 0.103037, kurtosis 113.517 ) 
[8] diff-output of <Sigmoid> ( min -3.43817, max 2.09412, mean 0.00153288, stddev 0.161544, skewness -0.197401, kurtosis 11.653 ) 
[9] diff-output of <AffineTransform> ( min -0.99996, max 0.992721, mean 4.15997e-11, stddev 0.0597568, skewness -4.79587, kurtosis 174.203 ) 
[10] diff-output of <Softmax> ( min -0.99996, max 0.992721, mean 4.15997e-11, stddev 0.0597568, skewness -4.79587, kurtosis 174.203 ) 
### END BACKWARD
LOG (nnet-train-frmshuff[5.4.140~1-1ab3d]:main():nnet-train-frmshuff.cc:358) 
### GRADIENT STATS :
Component 1 : <AffineTransform>, 
  linearity_grad ( min -2.24971, max 1.57128, mean -0.000693295, stddev 0.133567, skewness -0.000449726, kurtosis 4.39243 ) , lr-coef 1, max-norm 0
  bias_grad ( min -0.583952, max 0.66189, mean 0.00928858, stddev 0.137636, skewness 0.306076, kurtosis 1.70486 ) , lr-coef 1
Component 2 : <Sigmoid>, 
Component 3 : <AffineTransform>, 
  linearity_grad ( min -0.773416, max 0.829063, mean 0.00220431, stddev 0.0635075, skewness 0.309025, kurtosis 5.66718 ) , lr-coef 1, max-norm 0
  bias_grad ( min -0.688321, max 0.649785, mean 0.00626976, stddev 0.151794, skewness 0.215026, kurtosis 1.54998 ) , lr-coef 1
Component 4 : <Sigmoid>, 
Component 5 : <AffineTransform>, 
  linearity_grad ( min -0.796274, max 0.825087, mean 0.00103587, stddev 0.0522668, skewness 0.200588, kurtosis 11.238 ) , lr-coef 1, max-norm 0
  bias_grad ( min -0.900297, max 0.856992, mean 0.0033475, stddev 0.166491, skewness 0.149996, kurtosis 3.98821 ) , lr-coef 1
Component 6 : <Sigmoid>, 
Component 7 : <AffineTransform>, 
  linearity_grad ( min -1.33088, max 1.36943, mean 0.00258638, stddev 0.0627769, skewness 0.359887, kurtosis 15.6743 ) , lr-coef 1, max-norm 0
  bias_grad ( min -1.51191, max 1.45308, mean 0.0216605, stddev 0.255088, skewness 0.22469, kurtosis 3.83122 ) , lr-coef 1
Component 8 : <Sigmoid>, 
Component 9 : <AffineTransform>, 
  linearity_grad ( min -6.56111, max 3.10857, mean -2.43952e-09, stddev 0.196363, skewness -2.64607, kurtosis 76.7158 ) , lr-coef 1, max-norm 0
  bias_grad ( min -6.70464, max 2.56379, mean 4.77303e-09, stddev 1.12055, skewness -1.54253, kurtosis 8.74481 ) , lr-coef 1
Component 10 : <Softmax>, 
### END GRADIENT
LOG (ali-to-pdf[5.4.140~1-1ab3d]:main():ali-to-pdf.cc:68) Converted 3696 alignments to pdf sequences.
LOG (ali-to-post[5.4.140~1-1ab3d]:main():ali-to-post.cc:73) Converted 3696 alignments.
LOG (nnet-train-frmshuff[5.4.140~1-1ab3d]:Eval():nnet-loss.cc:148) ProgressLoss[last 5h of 5h]: 0.706419 (Xent), fps=105009, elapsed 0.00476h
LOG (copy-feats[5.4.140~1-1ab3d]:main():copy-feats.cc:143) Copied 3328 feature matrices.
LOG (nnet-train-frmshuff[5.4.140~1-1ab3d]:main():nnet-train-frmshuff.cc:384) ### After 2024448 frames,
LOG (nnet-train-frmshuff[5.4.140~1-1ab3d]:main():nnet-train-frmshuff.cc:385) 
### FORWARD PROPAGATION BUFFER CONTENT :
[0] output of <Input>  ( min -10.6721, max 10.7975, mean 0.00142695, stddev 0.978169, skewness 0.0453905, kurtosis 4.75326 ) 
[1] output of <AffineTransform> ( min -57.1401, max 49.4053, mean -3.69827, stddev 5.34959, skewness 0.0727808, kurtosis 2.35115 ) 
[2] output of <Sigmoid> ( min 1.52888e-25, max 1, mean 0.226126, stddev 0.346175, skewness 1.34223, kurtosis 0.170024 ) 
[3] output of <AffineTransform> ( min -33.379, max 22.9495, mean -3.14733, stddev 3.34042, skewness -0.191051, kurtosis 2.54566 ) 
[4] output of <Sigmoid> ( min 3.18937e-15, max 1, mean 0.180691, stddev 0.273788, skewness 1.74685, kurtosis 1.88413 ) 
[5] output of <AffineTransform> ( min -21.538, max 14.5359, mean -3.69279, stddev 2.88725, skewness 0.402997, kurtosis 1.70369 ) 
[6] output of <Sigmoid> ( min 4.42759e-10, max 1, mean 0.127535, stddev 0.236177, skewness 2.3679, kurtosis 4.72115 ) 
[7] output of <AffineTransform> ( min -22.4215, max 13.8836, mean -4.28663, stddev 2.63746, skewness 0.184269, kurtosis 1.7536 ) 
[8] output of <Sigmoid> ( min 1.83002e-10, max 0.999999, mean 0.0838413, stddev 0.184636, skewness 3.23992, kurtosis 10.4492 ) 
[9] output of <AffineTransform> ( min -12.308, max 23.3742, mean 0.0121871, stddev 4.37679, skewness 0.820383, kurtosis 1.30462 ) 
[10] output of <Softmax> ( min 2.39659e-15, max 0.999899, mean 0.0078125, stddev 0.0729464, skewness 11.2727, kurtosis 133.049 ) 
### END FORWARD
LOG (nnet-train-frmshuff[5.4.140~1-1ab3d]:main():nnet-train-frmshuff.cc:387) 
### BACKWARD PROPAGATION BUFFER CONTENT :
[0] diff of <Input>  ( min -1.54984, max 1.34253, mean 0.000471657, stddev 0.0470303, skewness -0.269809, kurtosis 66.327 ) 
[1] diff-output of <AffineTransform> ( min -0.157483, max 0.167845, mean -4.80982e-05, stddev 0.00581712, skewness 0.0660776, kurtosis 80.3413 ) 
[2] diff-output of <Sigmoid> ( min -0.90228, max 0.94056, mean -0.00051939, stddev 0.0554833, skewness -0.0473284, kurtosis 15.8151 ) 
[3] diff-output of <AffineTransform> ( min -0.169242, max 0.19454, mean -8.48456e-05, stddev 0.00649179, skewness -0.448275, kurtosis 65.9897 ) 
[4] diff-output of <Sigmoid> ( min -1.05225, max 1.46857, mean -0.000360867, stddev 0.0547797, skewness 0.0982752, kurtosis 22.5591 ) 
[5] diff-output of <AffineTransform> ( min -0.198599, max 0.343895, mean -6.05882e-05, stddev 0.00690325, skewness 0.985285, kurtosis 109.937 ) 
[6] diff-output of <Sigmoid> ( min -1.12325, max 1.42954, mean -0.000506036, stddev 0.0617816, skewness -0.0861095, kurtosis 19.4524 ) 
[7] diff-output of <AffineTransform> ( min -0.389996, max 0.438293, mean -5.14282e-05, stddev 0.0104755, skewness 0.614382, kurtosis 111.949 ) 
[8] diff-output of <Sigmoid> ( min -1.58439, max 2.17127, mean -0.000726295, stddev 0.118852, skewness -0.106116, kurtosis 12.9723 ) 
[9] diff-output of <AffineTransform> ( min -0.999998, max 0.921532, mean 5.69818e-11, stddev 0.042695, skewness -6.6607, kurtosis 246.34 ) 
[10] diff-output of <Softmax> ( min -0.999998, max 0.921532, mean 5.69818e-11, stddev 0.042695, skewness -6.6607, kurtosis 246.34 ) 
### END BACKWARD
LOG (nnet-train-frmshuff[5.4.140~1-1ab3d]:main():nnet-train-frmshuff.cc:388) 
### GRADIENT STATS :
Component 1 : <AffineTransform>, 
  linearity_grad ( min -1.26958, max 1.33315, mean 0.000758695, stddev 0.0879693, skewness 0.074498, kurtosis 3.09673 ) , lr-coef 1, max-norm 0
  bias_grad ( min -0.319394, max 0.461028, mean -0.0123131, stddev 0.0945979, skewness 0.109449, kurtosis 0.938546 ) , lr-coef 1
Component 2 : <Sigmoid>, 
Component 3 : <AffineTransform>, 
  linearity_grad ( min -0.544156, max 0.523583, mean -0.00471332, stddev 0.0446859, skewness -0.146211, kurtosis 4.47148 ) , lr-coef 1, max-norm 0
  bias_grad ( min -0.44221, max 0.455051, mean -0.0217205, stddev 0.107923, skewness 0.00964574, kurtosis 1.26876 ) , lr-coef 1
Component 4 : <Sigmoid>, 
Component 5 : <AffineTransform>, 
  linearity_grad ( min -0.49577, max 1.01797, mean -0.00280704, stddev 0.0381707, skewness 0.632804, kurtosis 15.8438 ) , lr-coef 1, max-norm 0
  bias_grad ( min -0.466643, max 1.06435, mean -0.0155106, stddev 0.116808, skewness 0.800348, kurtosis 7.89126 ) , lr-coef 1
Component 6 : <Sigmoid>, 
Component 7 : <AffineTransform>, 
  linearity_grad ( min -0.558103, max 1.10276, mean -0.00178489, stddev 0.0479634, skewness 0.212516, kurtosis 9.91899 ) , lr-coef 1, max-norm 0
  bias_grad ( min -0.601289, max 0.788129, mean -0.0131656, stddev 0.179734, skewness 0.172123, kurtosis 0.965197 ) , lr-coef 1
Component 8 : <Sigmoid>, 
Component 9 : <AffineTransform>, 
  linearity_grad ( min -3.31691, max 2.76089, mean -1.20238e-09, stddev 0.151188, skewness -1.4988, kurtosis 37.1357 ) , lr-coef 1, max-norm 0
  bias_grad ( min -2.77907, max 2.62755, mean 1.04264e-08, stddev 0.78891, skewness -0.189799, kurtosis 2.41005 ) , lr-coef 1
Component 10 : <Softmax>, 
### END GRADIENT
LOG (nnet-train-frmshuff[5.4.140~1-1ab3d]:main():nnet-train-frmshuff.cc:395) Done 3328 files, 0 with no tgt_mats, 0 with other errors. [TRAINING, RANDOMIZED, 0.319282 min, processing 105677 frames per sec; i/o time 12.5214%]
LOG (nnet-train-frmshuff[5.4.140~1-1ab3d]:main():nnet-train-frmshuff.cc:405) PER-CLASS PERFORMANCE:
@@@ Frames per-class: [ 90822 11511 12163 9067 10974 6568 19914 13708 8447 9755 29398 5547 8952 12180 26184 11053 9289 5700 20136 15142 26306 4915 19526 28637 25923 12140 6391 13270 17821 27613 34857 12416 13603 7869 9427 10471 60435 8994 13454 12413 4449 15529 11166 19405 8956 7501 26610 2815 5298 51291 111231 18177 10113 12129 16707 10864 15096 8263 7994 12492 19429 15077 23325 17457 42026 14096 6037 11622 10326 11578 10163 6924 17961 16904 25947 13667 11136 14228 10782 8652 17803 27315 20489 22700 18571 7201 15057 15691 15999 35475 6809 8686 15502 8086 21751 4734 7221 17302 20055 18261 9127 11502 14975 23422 34815 11599 11184 12147 12886 10193 12216 12908 6203 9150 12243 5476 10968 12579 6869 7031 5449 4684 15830 4757 7000 7052 5947 15114 ]
@@@ Loss per-class: [ 0.289469 1.0798 0.987131 1.38607 0.498158 1.37559 1.47076 0.956429 0.512437 0.674619 0.691774 0.993938 1.01146 0.570203 1.0048 0.890595 1.43695 1.65444 0.560943 0.767419 0.294478 0.810725 0.46732 1.05444 1.26347 0.653947 0.637004 0.351847 0.771591 0.368405 0.473939 0.563706 0.772214 0.784638 0.409608 0.627736 0.311295 0.395134 0.476835 1.12504 1.78057 0.611601 0.601415 0.781673 0.693263 0.741008 0.482062 1.29039 0.353556 0.669884 0.256763 0.805416 0.734652 0.907697 0.676221 0.818213 0.994202 0.662642 1.18699 0.98256 0.72869 0.773771 0.551405 0.439617 0.428116 1.34321 1.29748 0.331097 1.03355 0.915598 1.41838 1.5646 0.472006 0.264945 0.930858 1.20624 0.503007 0.702686 0.452489 1.08446 0.692286 0.555195 0.728085 0.678245 0.46468 1.00733 0.649853 0.957261 0.669452 0.925703 1.14879 0.593334 0.256775 1.03521 0.738164 0.643653 0.857707 0.771999 0.777876 1.45609 0.690031 0.62229 0.683523 0.513885 0.567478 0.929195 0.584985 1.08449 0.957985 0.961664 0.779794 0.897479 0.459006 0.765455 0.511818 0.852747 0.787494 0.764703 0.837215 0.510022 0.729151 1.20454 1.46875 0.689809 0.843778 0.802653 0.704583 0.84534 ]
@@@ Frame-accuracy per-class: [ 90.6934 62.2247 66.0501 55.2964 86.0905 52.3559 54.2017 66.1342 83.3975 76.7362 78.004 65.9216 69.1204 83.7486 65.7374 72.3391 50.401 56.0126 81.3299 73.9574 90.9547 71.9154 85.6989 64.1816 58.0053 77.921 76.4766 88.5423 74.4606 88.6125 84.6963 82.2373 75.9951 76.2691 86.7887 78.6898 89.4739 87.32 84.8192 61.7392 45.9377 80.7367 82.1744 75.02 76.6036 76.478 82.0766 59.9538 87.8362 76.266 92.2526 74.2181 71.8149 70.7366 79.8204 71.4897 67.5984 76.3357 63.3686 66.8081 75.6324 73.865 81.9318 86.3583 85.1463 53.8006 59.7101 89.6451 64.0391 69.0418 51.9408 50.213 84.3972 91.4549 59.5395 59.6086 83.6529 79.3618 85.5553 62.2248 78.7542 81.5837 76.1756 77.4432 84.9743 62.8619 80.2789 63.4292 78.1399 68.56 60.6359 80.8381 92.2432 66.7903 75.2178 77.2415 72.6719 75.0759 74.0994 50.2916 78.5319 80.2347 77.4398 82.9459 80.9381 70.8737 81.6219 66.3017 66.6434 67.0525 75.046 68.6215 85.21 73.231 83.3585 74.5001 76.2912 76.251 72.014 84.3632 75.6767 54.7123 52.3357 77.2675 71.8092 74.5126 76.9399 72.4933 ]
LOG (nnet-train-frmshuff[5.4.140~1-1ab3d]:main():nnet-train-frmshuff.cc:406) AvgLoss: 0.699413 (Xent), [AvgXent: 0.699413, AvgTargetEnt: 0]
progress: [0.706419 ]
FRAME_ACCURACY >> 76.8453% <<
