mjrc-server10
nnet-train-frmshuff --cross-validate=false --randomize=true --verbose=0 --minibatch-size=256 --randomizer-size=32768 --randomizer-seed=777 --learn-rate=0.001 --momentum=0 --l1-penalty=0 --l2-penalty=0 --feature-transform=exp/dnn4_pretrain-dbn_dnn/final.feature_transform 'ark:copy-feats scp:exp/dnn4_pretrain-dbn_dnn/train.scp ark:- |' 'ark:ali-to-pdf exp/tri3_ali/final.mdl "ark:gunzip -c exp/tri3_ali/ali.*.gz |" ark:- | ali-to-post ark:- ark:- |' exp/dnn4_pretrain-dbn_dnn/nnet/nnet_dbn_dnn_iter05_learnrate0.002_tr0.6565_cv1.0421 exp/dnn4_pretrain-dbn_dnn/nnet/nnet_dbn_dnn_iter06 
WARNING (nnet-train-frmshuff[5.4.140~1-1ab3d]:SelectGpuId():cu-device.cc:196) Not in compute-exclusive mode.  Suggestion: use 'nvidia-smi -c 3' to set compute exclusive mode
LOG (nnet-train-frmshuff[5.4.140~1-1ab3d]:SelectGpuIdAuto():cu-device.cc:315) Selecting from 4 GPUs
LOG (nnet-train-frmshuff[5.4.140~1-1ab3d]:SelectGpuIdAuto():cu-device.cc:330) cudaSetDevice(0): GeForce GTX 1080	free:7833M, used:286M, total:8119M, free/total:0.964776
LOG (nnet-train-frmshuff[5.4.140~1-1ab3d]:SelectGpuIdAuto():cu-device.cc:330) cudaSetDevice(1): GeForce GTX 1080	free:7833M, used:286M, total:8119M, free/total:0.964776
LOG (nnet-train-frmshuff[5.4.140~1-1ab3d]:SelectGpuIdAuto():cu-device.cc:330) cudaSetDevice(2): GeForce GTX 1080	free:86M, used:8033M, total:8119M, free/total:0.010661
LOG (nnet-train-frmshuff[5.4.140~1-1ab3d]:SelectGpuIdAuto():cu-device.cc:330) cudaSetDevice(3): GeForce GTX 1080	free:242M, used:7877M, total:8119M, free/total:0.0298738
LOG (nnet-train-frmshuff[5.4.140~1-1ab3d]:SelectGpuIdAuto():cu-device.cc:379) Trying to select device: 0 (automatically), mem_ratio: 0.964776
LOG (nnet-train-frmshuff[5.4.140~1-1ab3d]:SelectGpuIdAuto():cu-device.cc:398) Success selecting device 0 free mem ratio: 0.964776
LOG (nnet-train-frmshuff[5.4.140~1-1ab3d]:FinalizeActiveGpu():cu-device.cc:247) The active GPU is [0]: GeForce GTX 1080	free:7769M, used:350M, total:8119M, free/total:0.956894 version 6.1
copy-feats scp:exp/dnn4_pretrain-dbn_dnn/train.scp ark:- 
LOG (nnet-train-frmshuff[5.4.140~1-1ab3d]:Init():nnet-randomizer.cc:32) Seeding by srand with : 777
LOG (nnet-train-frmshuff[5.4.140~1-1ab3d]:main():nnet-train-frmshuff.cc:163) TRAINING STARTED
ali-to-post ark:- ark:- 
ali-to-pdf exp/tri3_ali/final.mdl 'ark:gunzip -c exp/tri3_ali/ali.*.gz |' ark:- 
LOG (nnet-train-frmshuff[5.4.140~1-1ab3d]:main():nnet-train-frmshuff.cc:354) ### After 0 frames,
LOG (nnet-train-frmshuff[5.4.140~1-1ab3d]:main():nnet-train-frmshuff.cc:355) 
### FORWARD PROPAGATION BUFFER CONTENT :
[0] output of <Input>  ( min -8.83514, max 10.8948, mean -0.00269925, stddev 0.988449, skewness 0.0169957, kurtosis 3.09629 ) 
[1] output of <AffineTransform> ( min -49.5312, max 41.8345, mean -3.75359, stddev 5.4684, skewness 0.0659281, kurtosis 1.96546 ) 
[2] output of <Sigmoid> ( min 3.08215e-22, max 1, mean 0.228656, stddev 0.348881, skewness 1.32231, kurtosis 0.106378 ) 
[3] output of <AffineTransform> ( min -31.6337, max 21.9909, mean -3.1002, stddev 3.34371, skewness -0.175264, kurtosis 2.44846 ) 
[4] output of <Sigmoid> ( min 1.82664e-14, max 1, mean 0.185182, stddev 0.276421, skewness 1.70004, kurtosis 1.70637 ) 
[5] output of <AffineTransform> ( min -19.2449, max 16.6456, mean -3.64225, stddev 2.92761, skewness 0.376079, kurtosis 1.59657 ) 
[6] output of <Sigmoid> ( min 4.38564e-09, max 1, mean 0.132676, stddev 0.240361, skewness 2.29034, kurtosis 4.32001 ) 
[7] output of <AffineTransform> ( min -25.0367, max 13.8195, mean -4.23101, stddev 2.69845, skewness 0.13225, kurtosis 1.62507 ) 
[8] output of <Sigmoid> ( min 1.33881e-11, max 0.999999, mean 0.0889391, stddev 0.189638, skewness 3.10713, kurtosis 9.52699 ) 
[9] output of <AffineTransform> ( min -13.6432, max 23.0392, mean 0.01287, stddev 4.50535, skewness 0.76995, kurtosis 1.22767 ) 
[10] output of <Softmax> ( min 3.05689e-16, max 0.999551, mean 0.0078125, stddev 0.0722192, skewness 11.233, kurtosis 132.612 ) 
### END FORWARD
LOG (nnet-train-frmshuff[5.4.140~1-1ab3d]:main():nnet-train-frmshuff.cc:357) 
### BACKWARD PROPAGATION BUFFER CONTENT :
[0] diff of <Input>  ( min -3.48383, max 2.90645, mean -0.000604333, stddev 0.0758175, skewness 0.671626, kurtosis 169.47 ) 
[1] diff-output of <AffineTransform> ( min -0.350229, max 0.390148, mean 3.09906e-05, stddev 0.00902748, skewness 1.75201, kurtosis 195.34 ) 
[2] diff-output of <Sigmoid> ( min -1.86027, max 2.05109, mean 0.000224065, stddev 0.0849278, skewness 0.412316, kurtosis 33.8392 ) 
[3] diff-output of <AffineTransform> ( min -0.402816, max 0.528158, mean 3.77802e-05, stddev 0.0099975, skewness 0.95478, kurtosis 159.599 ) 
[4] diff-output of <Sigmoid> ( min -2.14748, max 2.2144, mean 0.000167116, stddev 0.0828734, skewness 0.120848, kurtosis 35.643 ) 
[5] diff-output of <AffineTransform> ( min -0.348616, max 0.361085, mean 2.61498e-05, stddev 0.0101778, skewness 0.991501, kurtosis 119.386 ) 
[6] diff-output of <Sigmoid> ( min -1.88368, max 1.90462, mean -0.000386706, stddev 0.0894232, skewness 0.0411275, kurtosis 24.6965 ) 
[7] diff-output of <AffineTransform> ( min -0.615165, max 0.460232, mean 6.21141e-05, stddev 0.0144964, skewness 0.194208, kurtosis 117.348 ) 
[8] diff-output of <Sigmoid> ( min -3.52791, max 2.16293, mean 0.00128085, stddev 0.156643, skewness -0.215286, kurtosis 14.6627 ) 
[9] diff-output of <AffineTransform> ( min -0.999979, max 0.995758, mean 3.6945e-11, stddev 0.0532728, skewness -5.51498, kurtosis 200.739 ) 
[10] diff-output of <Softmax> ( min -0.999979, max 0.995758, mean 3.6945e-11, stddev 0.0532728, skewness -5.51498, kurtosis 200.739 ) 
### END BACKWARD
LOG (nnet-train-frmshuff[5.4.140~1-1ab3d]:main():nnet-train-frmshuff.cc:358) 
### GRADIENT STATS :
Component 1 : <AffineTransform>, 
  linearity_grad ( min -1.23971, max 1.27125, mean -0.00147411, stddev 0.129878, skewness -0.00612961, kurtosis 3.13625 ) , lr-coef 1, max-norm 0
  bias_grad ( min -0.575839, max 0.56505, mean 0.00793359, stddev 0.139321, skewness -0.0232306, kurtosis 1.29808 ) , lr-coef 1
Component 2 : <Sigmoid>, 
Component 3 : <AffineTransform>, 
  linearity_grad ( min -0.805021, max 0.955614, mean 0.00262831, stddev 0.0645676, skewness 0.356789, kurtosis 6.82651 ) , lr-coef 1, max-norm 0
  bias_grad ( min -0.516135, max 0.92809, mean 0.00967173, stddev 0.156102, skewness 0.204472, kurtosis 1.82383 ) , lr-coef 1
Component 4 : <Sigmoid>, 
Component 5 : <AffineTransform>, 
  linearity_grad ( min -0.733784, max 0.810152, mean 0.00143457, stddev 0.0542399, skewness 0.294552, kurtosis 8.73492 ) , lr-coef 1, max-norm 0
  bias_grad ( min -0.688757, max 1.05584, mean 0.00669434, stddev 0.167517, skewness 0.29551, kurtosis 3.76889 ) , lr-coef 1
Component 6 : <Sigmoid>, 
Component 7 : <AffineTransform>, 
  linearity_grad ( min -1.18606, max 0.961235, mean 0.002131, stddev 0.0643395, skewness 0.0739792, kurtosis 11.0173 ) , lr-coef 1, max-norm 0
  bias_grad ( min -1.33225, max 1.20781, mean 0.0159012, stddev 0.243358, skewness -0.0759344, kurtosis 2.80866 ) , lr-coef 1
Component 8 : <Sigmoid>, 
Component 9 : <AffineTransform>, 
  linearity_grad ( min -5.61145, max 2.19073, mean -2.28806e-09, stddev 0.182144, skewness -2.6666, kurtosis 57.7876 ) , lr-coef 1, max-norm 0
  bias_grad ( min -5.64391, max 1.83945, mean 5.23869e-10, stddev 0.93514, skewness -1.69461, kurtosis 8.94509 ) , lr-coef 1
Component 10 : <Softmax>, 
### END GRADIENT
LOG (ali-to-pdf[5.4.140~1-1ab3d]:main():ali-to-pdf.cc:68) Converted 3696 alignments to pdf sequences.
LOG (ali-to-post[5.4.140~1-1ab3d]:main():ali-to-post.cc:73) Converted 3696 alignments.
LOG (nnet-train-frmshuff[5.4.140~1-1ab3d]:Eval():nnet-loss.cc:148) ProgressLoss[last 5h of 5h]: 0.645332 (Xent), fps=104151, elapsed 0.0048h
LOG (copy-feats[5.4.140~1-1ab3d]:main():copy-feats.cc:143) Copied 3328 feature matrices.
LOG (nnet-train-frmshuff[5.4.140~1-1ab3d]:main():nnet-train-frmshuff.cc:384) ### After 2024448 frames,
LOG (nnet-train-frmshuff[5.4.140~1-1ab3d]:main():nnet-train-frmshuff.cc:385) 
### FORWARD PROPAGATION BUFFER CONTENT :
[0] output of <Input>  ( min -10.6721, max 10.7975, mean 0.00142695, stddev 0.978169, skewness 0.0453905, kurtosis 4.75326 ) 
[1] output of <AffineTransform> ( min -56.1796, max 48.3092, mean -3.71029, stddev 5.3641, skewness 0.0645441, kurtosis 2.27487 ) 
[2] output of <Sigmoid> ( min 3.99503e-25, max 1, mean 0.226817, stddev 0.346502, skewness 1.3358, kurtosis 0.152358 ) 
[3] output of <AffineTransform> ( min -31.9693, max 22.0179, mean -3.03889, stddev 3.29102, skewness -0.203614, kurtosis 2.43066 ) 
[4] output of <Sigmoid> ( min 1.30593e-14, max 1, mean 0.187028, stddev 0.275354, skewness 1.68667, kurtosis 1.67675 ) 
[5] output of <AffineTransform> ( min -19.9799, max 14.7361, mean -3.62856, stddev 2.91184, skewness 0.377786, kurtosis 1.56839 ) 
[6] output of <Sigmoid> ( min 2.10297e-09, max 1, mean 0.133165, stddev 0.240954, skewness 2.28164, kurtosis 4.2698 ) 
[7] output of <AffineTransform> ( min -22.119, max 14.3148, mean -4.20556, stddev 2.69903, skewness 0.121584, kurtosis 1.60499 ) 
[8] output of <Sigmoid> ( min 2.47657e-10, max 0.999999, mean 0.0903939, stddev 0.190946, skewness 3.05864, kurtosis 9.18446 ) 
[9] output of <AffineTransform> ( min -12.8054, max 23.5737, mean 0.0186811, stddev 4.58474, skewness 0.760685, kurtosis 1.09351 ) 
[10] output of <Softmax> ( min 9.37299e-16, max 0.999956, mean 0.0078125, stddev 0.0728138, skewness 11.3129, kurtosis 134.155 ) 
### END FORWARD
LOG (nnet-train-frmshuff[5.4.140~1-1ab3d]:main():nnet-train-frmshuff.cc:387) 
### BACKWARD PROPAGATION BUFFER CONTENT :
[0] diff of <Input>  ( min -2.05644, max 2.65924, mean 0.00062241, stddev 0.0536944, skewness 0.769257, kurtosis 183.654 ) 
[1] diff-output of <AffineTransform> ( min -0.258319, max 0.220823, mean -1.96329e-05, stddev 0.00659026, skewness 0.565313, kurtosis 106.383 ) 
[2] diff-output of <Sigmoid> ( min -1.09936, max 1.80823, mean -0.00028541, stddev 0.0640978, skewness 0.221323, kurtosis 23.6532 ) 
[3] diff-output of <AffineTransform> ( min -0.195125, max 0.278993, mean -5.16153e-05, stddev 0.00744489, skewness 0.42118, kurtosis 79.0949 ) 
[4] diff-output of <Sigmoid> ( min -1.31311, max 1.57785, mean -0.000171415, stddev 0.0617081, skewness 0.12816, kurtosis 27.9074 ) 
[5] diff-output of <AffineTransform> ( min -0.265607, max 0.363354, mean -3.82843e-05, stddev 0.00780856, skewness 1.33728, kurtosis 126.497 ) 
[6] diff-output of <Sigmoid> ( min -1.1034, max 1.54068, mean -0.000412598, stddev 0.0686353, skewness 0.004432, kurtosis 19.9518 ) 
[7] diff-output of <AffineTransform> ( min -0.345005, max 0.403149, mean -3.19705e-05, stddev 0.0115722, skewness 0.531617, kurtosis 98.658 ) 
[8] diff-output of <Sigmoid> ( min -2.03912, max 2.20982, mean -0.00062242, stddev 0.125562, skewness -0.153062, kurtosis 12.8434 ) 
[9] diff-output of <AffineTransform> ( min -0.99999, max 0.886854, mean 5.4222e-11, stddev 0.0429201, skewness -7.40865, kurtosis 239.042 ) 
[10] diff-output of <Softmax> ( min -0.99999, max 0.886854, mean 5.4222e-11, stddev 0.0429201, skewness -7.40865, kurtosis 239.042 ) 
### END BACKWARD
LOG (nnet-train-frmshuff[5.4.140~1-1ab3d]:main():nnet-train-frmshuff.cc:388) 
### GRADIENT STATS :
Component 1 : <AffineTransform>, 
  linearity_grad ( min -1.29681, max 1.15925, mean 0.00162319, stddev 0.0999591, skewness 0.0749638, kurtosis 3.05841 ) , lr-coef 1, max-norm 0
  bias_grad ( min -0.370334, max 0.668586, mean -0.00502602, stddev 0.106662, skewness 0.18419, kurtosis 1.73364 ) , lr-coef 1
Component 2 : <Sigmoid>, 
Component 3 : <AffineTransform>, 
  linearity_grad ( min -0.69198, max 0.570077, mean -0.00277231, stddev 0.0522805, skewness 0.00693361, kurtosis 4.08553 ) , lr-coef 1, max-norm 0
  bias_grad ( min -0.362295, max 0.442652, mean -0.0132135, stddev 0.124403, skewness 0.0976643, kurtosis 0.366241 ) , lr-coef 1
Component 4 : <Sigmoid>, 
Component 5 : <AffineTransform>, 
  linearity_grad ( min -0.554352, max 0.9207, mean -0.00180235, stddev 0.0437115, skewness 0.431102, kurtosis 10.6733 ) , lr-coef 1, max-norm 0
  bias_grad ( min -0.510645, max 0.906374, mean -0.00980078, stddev 0.127993, skewness 0.39511, kurtosis 3.24551 ) , lr-coef 1
Component 6 : <Sigmoid>, 
Component 7 : <AffineTransform>, 
  linearity_grad ( min -0.686465, max 1.10102, mean -0.00120442, stddev 0.0544477, skewness 0.225797, kurtosis 9.99533 ) , lr-coef 1, max-norm 0
  bias_grad ( min -0.59966, max 1.09586, mean -0.00818445, stddev 0.19663, skewness 0.200703, kurtosis 1.20436 ) , lr-coef 1
Component 8 : <Sigmoid>, 
Component 9 : <AffineTransform>, 
  linearity_grad ( min -3.50148, max 3.45831, mean -1.08775e-09, stddev 0.159237, skewness -1.60496, kurtosis 38.9209 ) , lr-coef 1, max-norm 0
  bias_grad ( min -3.10651, max 3.46793, mean 8.3819e-09, stddev 0.816101, skewness -0.102266, kurtosis 3.90059 ) , lr-coef 1
Component 10 : <Softmax>, 
### END GRADIENT
LOG (nnet-train-frmshuff[5.4.140~1-1ab3d]:main():nnet-train-frmshuff.cc:395) Done 3328 files, 0 with no tgt_mats, 0 with other errors. [TRAINING, RANDOMIZED, 0.321503 min, processing 104947 frames per sec; i/o time 12.6353%]
LOG (nnet-train-frmshuff[5.4.140~1-1ab3d]:main():nnet-train-frmshuff.cc:405) PER-CLASS PERFORMANCE:
@@@ Frames per-class: [ 90822 11511 12163 9067 10974 6568 19914 13708 8447 9755 29398 5547 8952 12180 26184 11053 9289 5700 20136 15142 26306 4915 19526 28637 25923 12140 6391 13270 17821 27613 34857 12416 13603 7869 9427 10471 60435 8994 13454 12413 4449 15529 11166 19405 8956 7501 26610 2815 5298 51291 111231 18177 10113 12129 16707 10864 15096 8263 7994 12492 19429 15077 23325 17457 42026 14096 6037 11622 10326 11578 10163 6924 17961 16904 25947 13667 11136 14228 10782 8652 17803 27315 20489 22700 18571 7201 15057 15691 15999 35475 6809 8686 15502 8086 21751 4734 7221 17302 20055 18261 9127 11502 14975 23422 34815 11599 11184 12147 12886 10193 12216 12908 6203 9150 12243 5476 10968 12579 6869 7031 5449 4684 15830 4757 7000 7052 5947 15114 ]
@@@ Loss per-class: [ 0.255728 1.01017 0.908093 1.27868 0.469098 1.30762 1.37577 0.889837 0.451601 0.626894 0.614245 0.880187 0.883121 0.503651 0.948001 0.85062 1.3234 1.55255 0.514268 0.705344 0.25896 0.685707 0.403027 0.993387 1.18887 0.613825 0.561343 0.295204 0.712143 0.323744 0.427518 0.507073 0.717027 0.7128 0.344745 0.558601 0.283212 0.350352 0.410294 0.992371 1.66603 0.564603 0.514433 0.703745 0.626914 0.682841 0.43946 1.19965 0.31767 0.602234 0.228813 0.73037 0.694457 0.823988 0.621208 0.723585 0.901276 0.603542 1.07517 0.915888 0.70928 0.705153 0.52548 0.381452 0.390445 1.24548 1.21384 0.275922 0.969835 0.805715 1.33728 1.44443 0.441682 0.218586 0.870355 1.12462 0.435305 0.63446 0.404518 1.0024 0.65075 0.509972 0.652827 0.618758 0.437424 0.92873 0.598451 0.871671 0.623757 0.836837 1.06533 0.542571 0.240476 0.924031 0.654156 0.555703 0.743924 0.764841 0.73458 1.33224 0.655193 0.56583 0.617679 0.471792 0.500104 0.823593 0.527512 1.01584 0.893915 0.857248 0.68698 0.855543 0.395374 0.693626 0.430331 0.730528 0.707203 0.713428 0.783286 0.44231 0.630602 1.11893 1.36099 0.59927 0.717769 0.690309 0.650869 0.770521 ]
@@@ Frame-accuracy per-class: [ 91.8858 63.9187 68.6891 57.866 86.8741 54.4873 56.4262 67.7755 85.2915 78.3045 80.7694 69.5629 73.0522 85.7354 67.0053 72.701 51.8973 57.9949 83.0085 75.8197 92.0115 75.6383 87.5067 65.8368 59.6987 79.346 79.2928 90.3432 76.0823 89.8618 85.993 83.832 76.8185 77.8448 89.0904 80.9435 90.475 88.5319 87.3016 65.5335 48.1852 81.8185 84.243 77.0967 78.5686 77.7311 83.7451 59.3855 88.5911 78.6622 93.1975 76.4572 73.1893 73.3336 80.9337 74.702 70.8509 78.5381 66.7209 68.5211 75.0354 75.8481 82.249 87.9507 86.5145 56.7375 61.4161 91.2884 65.482 72.3237 52.6393 53.4479 85.1933 93.2414 61.3046 62.0743 86.0234 80.8729 86.8537 64.2473 79.8214 83.0554 78.5817 79.4079 85.9435 64.7782 81.3747 65.6916 79.54 71.5536 62.6037 82.4613 92.9076 69.8819 78.4498 80.6632 76.203 74.5037 74.4185 53.6703 78.3457 82.8168 79.4498 84.5341 83.256 73.4514 83.5442 67.3884 67.9936 70.2114 77.9847 69.2954 87.1927 75.821 86.0865 78.2069 78.461 77.8171 73.295 86.3827 79.3834 56.5695 55.0772 80.4624 75.7803 77.944 77.5956 74.4649 ]
LOG (nnet-train-frmshuff[5.4.140~1-1ab3d]:main():nnet-train-frmshuff.cc:406) AvgLoss: 0.638657 (Xent), [AvgXent: 0.638657, AvgTargetEnt: 0]
progress: [0.645332 ]
FRAME_ACCURACY >> 78.5977% <<
