mjrc-server10
nnet-train-frmshuff --cross-validate=true --randomize=false --verbose=0 --minibatch-size=256 --randomizer-size=32768 --randomizer-seed=777 --feature-transform=exp/dnn4_pretrain-dbn_dnn/final.feature_transform 'ark:copy-feats scp:exp/dnn4_pretrain-dbn_dnn/cv.scp ark:- |' 'ark:ali-to-pdf exp/tri3_ali/final.mdl "ark:gunzip -c exp/tri3_ali/ali.*.gz |" ark:- | ali-to-post ark:- ark:- |' exp/dnn4_pretrain-dbn_dnn/nnet/nnet_dbn_dnn_iter02 
WARNING (nnet-train-frmshuff[5.4.140~1-1ab3d]:SelectGpuId():cu-device.cc:196) Not in compute-exclusive mode.  Suggestion: use 'nvidia-smi -c 3' to set compute exclusive mode
LOG (nnet-train-frmshuff[5.4.140~1-1ab3d]:SelectGpuIdAuto():cu-device.cc:315) Selecting from 4 GPUs
LOG (nnet-train-frmshuff[5.4.140~1-1ab3d]:SelectGpuIdAuto():cu-device.cc:330) cudaSetDevice(0): GeForce GTX 1080	free:7833M, used:286M, total:8119M, free/total:0.964776
LOG (nnet-train-frmshuff[5.4.140~1-1ab3d]:SelectGpuIdAuto():cu-device.cc:330) cudaSetDevice(1): GeForce GTX 1080	free:7833M, used:286M, total:8119M, free/total:0.964776
LOG (nnet-train-frmshuff[5.4.140~1-1ab3d]:SelectGpuIdAuto():cu-device.cc:330) cudaSetDevice(2): GeForce GTX 1080	free:86M, used:8033M, total:8119M, free/total:0.010661
LOG (nnet-train-frmshuff[5.4.140~1-1ab3d]:SelectGpuIdAuto():cu-device.cc:330) cudaSetDevice(3): GeForce GTX 1080	free:242M, used:7877M, total:8119M, free/total:0.0298738
LOG (nnet-train-frmshuff[5.4.140~1-1ab3d]:SelectGpuIdAuto():cu-device.cc:379) Trying to select device: 0 (automatically), mem_ratio: 0.964776
LOG (nnet-train-frmshuff[5.4.140~1-1ab3d]:SelectGpuIdAuto():cu-device.cc:398) Success selecting device 0 free mem ratio: 0.964776
LOG (nnet-train-frmshuff[5.4.140~1-1ab3d]:FinalizeActiveGpu():cu-device.cc:247) The active GPU is [0]: GeForce GTX 1080	free:7769M, used:350M, total:8119M, free/total:0.956894 version 6.1
copy-feats scp:exp/dnn4_pretrain-dbn_dnn/cv.scp ark:- 
LOG (nnet-train-frmshuff[5.4.140~1-1ab3d]:Init():nnet-randomizer.cc:32) Seeding by srand with : 777
LOG (nnet-train-frmshuff[5.4.140~1-1ab3d]:main():nnet-train-frmshuff.cc:163) CROSS-VALIDATION STARTED
ali-to-pdf exp/tri3_ali/final.mdl 'ark:gunzip -c exp/tri3_ali/ali.*.gz |' ark:- 
ali-to-post ark:- ark:- 
LOG (nnet-train-frmshuff[5.4.140~1-1ab3d]:main():nnet-train-frmshuff.cc:354) ### After 0 frames,
LOG (nnet-train-frmshuff[5.4.140~1-1ab3d]:main():nnet-train-frmshuff.cc:355) 
### FORWARD PROPAGATION BUFFER CONTENT :
[0] output of <Input>  ( min -6.95974, max 7.47381, mean -0.0199296, stddev 0.996252, skewness -4.64058e-05, kurtosis 3.61874 ) 
[1] output of <AffineTransform> ( min -47.9609, max 33.8213, mean -3.64625, stddev 5.36632, skewness 0.117477, kurtosis 1.86695 ) 
[2] output of <Sigmoid> ( min 1.48196e-21, max 1, mean 0.231521, stddev 0.350518, skewness 1.30262, kurtosis 0.0513048 ) 
[3] output of <AffineTransform> ( min -33.5482, max 24.6512, mean -3.18879, stddev 3.40296, skewness -0.0886697, kurtosis 2.45904 ) 
[4] output of <Sigmoid> ( min 2.69273e-15, max 1, mean 0.18098, stddev 0.277889, skewness 1.74071, kurtosis 1.82325 ) 
[5] output of <AffineTransform> ( min -20.9215, max 15.1373, mean -3.72474, stddev 2.90903, skewness 0.413944, kurtosis 1.69024 ) 
[6] output of <Sigmoid> ( min 8.20197e-10, max 1, mean 0.127031, stddev 0.237049, skewness 2.37107, kurtosis 4.70872 ) 
[7] output of <AffineTransform> ( min -21.873, max 12.8646, mean -4.39616, stddev 2.63107, skewness 0.157867, kurtosis 1.69349 ) 
[8] output of <Sigmoid> ( min 3.16719e-10, max 0.999997, mean 0.0794957, stddev 0.179553, skewness 3.34193, kurtosis 11.2531 ) 
[9] output of <AffineTransform> ( min -11.3636, max 19.8298, mean 0.0119328, stddev 4.17737, skewness 0.817313, kurtosis 1.1655 ) 
[10] output of <Softmax> ( min 2.62908e-13, max 0.999539, mean 0.0078125, stddev 0.0687923, skewness 11.18, kurtosis 133.759 ) 
### END FORWARD
LOG (ali-to-pdf[5.4.140~1-1ab3d]:main():ali-to-pdf.cc:68) Converted 3696 alignments to pdf sequences.
LOG (copy-feats[5.4.140~1-1ab3d]:main():copy-feats.cc:143) Copied 368 feature matrices.
LOG (nnet-train-frmshuff[5.4.140~1-1ab3d]:main():nnet-train-frmshuff.cc:384) ### After 223232 frames,
LOG (nnet-train-frmshuff[5.4.140~1-1ab3d]:main():nnet-train-frmshuff.cc:385) 
### FORWARD PROPAGATION BUFFER CONTENT :
[0] output of <Input>  ( min -9.20535, max 10.6044, mean 0.0308765, stddev 1.06127, skewness -0.049373, kurtosis 5.11183 ) 
[1] output of <AffineTransform> ( min -58.4193, max 47.551, mean -3.66741, stddev 5.6877, skewness 0.0146973, kurtosis 2.68244 ) 
[2] output of <Sigmoid> ( min 4.25401e-26, max 1, mean 0.237755, stddev 0.356443, skewness 1.25992, kurtosis -0.0803177 ) 
[3] output of <AffineTransform> ( min -32.3305, max 23.6041, mean -3.21434, stddev 3.47189, skewness -0.113383, kurtosis 2.76152 ) 
[4] output of <Sigmoid> ( min 9.10011e-15, max 1, mean 0.183255, stddev 0.282544, skewness 1.71178, kurtosis 1.67687 ) 
[5] output of <AffineTransform> ( min -20.0236, max 15.7105, mean -3.71565, stddev 2.964, skewness 0.407147, kurtosis 1.72942 ) 
[6] output of <Sigmoid> ( min 2.01312e-09, max 1, mean 0.12976, stddev 0.240426, skewness 2.33498, kurtosis 4.51329 ) 
[7] output of <AffineTransform> ( min -23.6231, max 12.9453, mean -4.45075, stddev 2.67174, skewness 0.145889, kurtosis 1.80512 ) 
[8] output of <Sigmoid> ( min 5.50309e-11, max 0.999998, mean 0.079185, stddev 0.181316, skewness 3.34773, kurtosis 11.2039 ) 
[9] output of <AffineTransform> ( min -12.1244, max 19.7249, mean 0.00578123, stddev 4.13258, skewness 0.806289, kurtosis 1.15958 ) 
[10] output of <Softmax> ( min 2.93465e-13, max 0.996893, mean 0.0078125, stddev 0.0716985, skewness 11.2282, kurtosis 132.429 ) 
### END FORWARD
LOG (nnet-train-frmshuff[5.4.140~1-1ab3d]:main():nnet-train-frmshuff.cc:395) Done 368 files, 0 with no tgt_mats, 0 with other errors. [CROSS-VALIDATION, NOT-RANDOMIZED, 0.0455851 min, processing 81617.3 frames per sec; i/o time 63.2067%]
LOG (nnet-train-frmshuff[5.4.140~1-1ab3d]:main():nnet-train-frmshuff.cc:405) PER-CLASS PERFORMANCE:
@@@ Frames per-class: [ 8370 1246 1198 950 1402 456 2236 1957 803 1197 3453 569 962 1269 2487 1278 1147 568 2257 1685 2884 568 2098 2900 2884 1314 653 1652 2245 3252 3794 1157 1715 897 1163 1299 6611 932 1447 1247 399 1678 1332 2081 1134 723 2689 269 734 4468 12049 1946 1224 1276 2114 1425 1592 932 926 1286 2217 1631 2540 1896 4953 1535 369 1469 1225 1388 1168 782 2327 2215 2891 1344 1311 1262 1192 868 1962 3234 2212 2754 2220 869 1895 1735 2060 4055 755 849 1538 922 2365 588 766 1848 2059 1909 675 1476 1617 2575 3964 1319 1376 1610 1387 1096 1286 1638 776 876 1513 555 1095 1442 674 808 559 617 1752 562 880 857 782 1808 ]
@@@ Loss per-class: [ 0.38177 2.21125 1.18412 2.50241 0.862384 1.7562 2.34274 1.41051 0.923037 1.10598 0.923246 1.71412 1.57928 0.652849 1.61653 1.89877 2.22232 2.03739 1.58759 1.5763 0.32282 1.23222 0.897249 1.22551 1.89721 1.54021 0.457899 0.558485 1.06354 0.433659 0.765673 2.54368 1.70644 1.53575 0.983315 1.01302 0.955549 0.52446 0.75808 2.29743 2.49205 1.18348 0.839124 1.15111 1.04169 2.27988 0.601176 2.82813 1.542 1.25784 0.463494 1.41689 1.38633 1.84873 1.32268 1.60769 1.23217 1.31974 1.63798 1.58649 2.27873 1.22817 0.932355 0.687567 0.819269 1.17845 1.89443 0.831107 2.00973 1.2781 2.36493 2.65968 0.712928 0.513277 0.992685 1.98627 0.774638 1.85346 0.979482 1.59414 1.24351 0.762643 0.736511 0.743498 1.17314 1.56921 1.16337 1.33768 0.959431 0.954276 1.53987 0.785833 0.2904 3.24986 1.20922 0.823249 1.42731 1.57241 1.26166 1.84229 0.951926 0.732419 1.14071 0.922148 0.670817 1.87558 0.859336 1.89983 1.33862 1.7937 1.22758 2.04832 0.744631 0.91956 0.600037 0.773475 0.810815 1.77841 1.99458 0.601189 1.17687 1.69901 2.03153 0.881526 2.05015 0.699697 1.55802 1.4368 ]
@@@ Frame-accuracy per-class: [ 88.7402 32.6514 63.1623 32.0884 75.1515 47.3165 38.8106 57.0115 72.0597 57.453 72.4193 48.8147 55.1688 83.3399 47.8392 46.7736 34.7712 57.5198 53.9092 53.9899 90.3796 58.7511 73.3381 61.4377 43.4391 56.2952 85.3864 82.4811 63.9501 86.3336 75.7939 33.9525 53.1041 62.1727 69.7894 66.9488 66.46 84.6113 77.1675 31.5832 34.0426 65.7134 77.5985 63.8482 69.4579 46.1645 78.602 17.4397 60.5854 59.9978 85.0658 56.0493 32.8297 46.7685 65.5001 49.8071 59.843 52.3324 54.1824 50.0583 30.124 64.9096 69.199 79.7785 71.4041 63.7577 43.843 75.1956 33.6189 56.2477 29.1827 25.1757 79.4844 85.1275 59.3118 38.7505 75.4861 52.9901 71.6981 56.304 63.8471 73.9218 76.8814 76.0937 67.5524 44.7384 66.526 53.8173 69.2065 67.316 58.1072 70.6298 91.3877 18.3198 60.3255 77.1453 55.1859 52.8537 58.7036 41.8434 68.9859 77.2096 62.8748 70.6659 77.8408 55.1724 73.2292 45.5138 54.3423 47.6972 65.5266 42.661 75.3381 65.9441 81.9293 78.1278 77.6814 44.2288 40.9192 80.0247 59.6962 34.9798 37.7746 72.5333 40.4316 79.8834 52.524 56.898 ]
LOG (nnet-train-frmshuff[5.4.140~1-1ab3d]:main():nnet-train-frmshuff.cc:406) AvgLoss: 1.15574 (Xent), [AvgXent: 1.15574, AvgTargetEnt: 0]
progress: []
FRAME_ACCURACY >> 64.6108% <<
WARNING (nnet-train-frmshuff[5.4.140~1-1ab3d]:Close():kaldi-io.cc:515) Pipe ali-to-pdf exp/tri3_ali/final.mdl "ark:gunzip -c exp/tri3_ali/ali.*.gz |" ark:- | ali-to-post ark:- ark:- | had nonzero return status 36096
