mjrc-server10
nnet-train-frmshuff --cross-validate=true --randomize=false --verbose=0 --minibatch-size=256 --randomizer-size=32768 --randomizer-seed=777 --feature-transform=exp/dnn4_pretrain-dbn_dnn/final.feature_transform 'ark:copy-feats scp:exp/dnn4_pretrain-dbn_dnn/cv.scp ark:- |' 'ark:ali-to-pdf exp/tri3_ali/final.mdl "ark:gunzip -c exp/tri3_ali/ali.*.gz |" ark:- | ali-to-post ark:- ark:- |' exp/dnn4_pretrain-dbn_dnn/nnet/nnet_dbn_dnn_iter09 
WARNING (nnet-train-frmshuff[5.4.140~1-1ab3d]:SelectGpuId():cu-device.cc:196) Not in compute-exclusive mode.  Suggestion: use 'nvidia-smi -c 3' to set compute exclusive mode
LOG (nnet-train-frmshuff[5.4.140~1-1ab3d]:SelectGpuIdAuto():cu-device.cc:315) Selecting from 4 GPUs
LOG (nnet-train-frmshuff[5.4.140~1-1ab3d]:SelectGpuIdAuto():cu-device.cc:330) cudaSetDevice(0): GeForce GTX 1080	free:7833M, used:286M, total:8119M, free/total:0.964776
LOG (nnet-train-frmshuff[5.4.140~1-1ab3d]:SelectGpuIdAuto():cu-device.cc:330) cudaSetDevice(1): GeForce GTX 1080	free:7833M, used:286M, total:8119M, free/total:0.964776
LOG (nnet-train-frmshuff[5.4.140~1-1ab3d]:SelectGpuIdAuto():cu-device.cc:330) cudaSetDevice(2): GeForce GTX 1080	free:86M, used:8033M, total:8119M, free/total:0.010661
LOG (nnet-train-frmshuff[5.4.140~1-1ab3d]:SelectGpuIdAuto():cu-device.cc:330) cudaSetDevice(3): GeForce GTX 1080	free:242M, used:7877M, total:8119M, free/total:0.0298738
LOG (nnet-train-frmshuff[5.4.140~1-1ab3d]:SelectGpuIdAuto():cu-device.cc:379) Trying to select device: 0 (automatically), mem_ratio: 0.964776
LOG (nnet-train-frmshuff[5.4.140~1-1ab3d]:SelectGpuIdAuto():cu-device.cc:398) Success selecting device 0 free mem ratio: 0.964776
LOG (nnet-train-frmshuff[5.4.140~1-1ab3d]:FinalizeActiveGpu():cu-device.cc:247) The active GPU is [0]: GeForce GTX 1080	free:7769M, used:350M, total:8119M, free/total:0.956894 version 6.1
copy-feats scp:exp/dnn4_pretrain-dbn_dnn/cv.scp ark:- 
LOG (nnet-train-frmshuff[5.4.140~1-1ab3d]:Init():nnet-randomizer.cc:32) Seeding by srand with : 777
LOG (nnet-train-frmshuff[5.4.140~1-1ab3d]:main():nnet-train-frmshuff.cc:163) CROSS-VALIDATION STARTED
ali-to-post ark:- ark:- 
ali-to-pdf exp/tri3_ali/final.mdl 'ark:gunzip -c exp/tri3_ali/ali.*.gz |' ark:- 
LOG (nnet-train-frmshuff[5.4.140~1-1ab3d]:main():nnet-train-frmshuff.cc:354) ### After 0 frames,
LOG (nnet-train-frmshuff[5.4.140~1-1ab3d]:main():nnet-train-frmshuff.cc:355) 
### FORWARD PROPAGATION BUFFER CONTENT :
[0] output of <Input>  ( min -6.95974, max 7.47381, mean -0.0199296, stddev 0.996252, skewness -4.64058e-05, kurtosis 3.61874 ) 
[1] output of <AffineTransform> ( min -44.2007, max 35.7389, mean -3.69269, stddev 5.45871, skewness 0.0884754, kurtosis 1.76342 ) 
[2] output of <Sigmoid> ( min 6.36615e-20, max 1, mean 0.234117, stddev 0.352205, skewness 1.28287, kurtosis -0.0056746 ) 
[3] output of <AffineTransform> ( min -29.6644, max 21.8957, mean -2.99872, stddev 3.34579, skewness -0.155688, kurtosis 2.17155 ) 
[4] output of <Sigmoid> ( min 1.30889e-13, max 1, mean 0.194129, stddev 0.281874, skewness 1.61658, kurtosis 1.40002 ) 
[5] output of <AffineTransform> ( min -19.6386, max 16.2899, mean -3.60801, stddev 2.96897, skewness 0.339916, kurtosis 1.3784 ) 
[6] output of <Sigmoid> ( min 2.9585e-09, max 1, mean 0.138276, stddev 0.245741, skewness 2.20119, kurtosis 3.85958 ) 
[7] output of <AffineTransform> ( min -21.42, max 13.75, mean -4.16578, stddev 2.76022, skewness 0.0650278, kurtosis 1.36914 ) 
[8] output of <Sigmoid> ( min 4.98211e-10, max 0.999999, mean 0.0963069, stddev 0.196401, skewness 2.89234, kurtosis 8.09623 ) 
[9] output of <AffineTransform> ( min -12.944, max 21.7086, mean 0.0212728, stddev 4.69928, skewness 0.713997, kurtosis 0.876696 ) 
[10] output of <Softmax> ( min 7.76403e-15, max 0.999555, mean 0.0078125, stddev 0.0719877, skewness 11.2378, kurtosis 132.609 ) 
### END FORWARD
LOG (ali-to-pdf[5.4.140~1-1ab3d]:main():ali-to-pdf.cc:68) Converted 3696 alignments to pdf sequences.
LOG (copy-feats[5.4.140~1-1ab3d]:main():copy-feats.cc:143) Copied 368 feature matrices.
LOG (nnet-train-frmshuff[5.4.140~1-1ab3d]:main():nnet-train-frmshuff.cc:384) ### After 223232 frames,
LOG (nnet-train-frmshuff[5.4.140~1-1ab3d]:main():nnet-train-frmshuff.cc:385) 
### FORWARD PROPAGATION BUFFER CONTENT :
[0] output of <Input>  ( min -9.20535, max 10.6044, mean 0.0308765, stddev 1.06127, skewness -0.049373, kurtosis 5.11183 ) 
[1] output of <AffineTransform> ( min -56.1616, max 49.593, mean -3.69905, stddev 5.78659, skewness 0.0124245, kurtosis 2.54956 ) 
[2] output of <Sigmoid> ( min 4.06758e-25, max 1, mean 0.240973, stddev 0.358757, skewness 1.23666, kurtosis -0.144152 ) 
[3] output of <AffineTransform> ( min -30.6762, max 21.2938, mean -3.01904, stddev 3.42236, skewness -0.187833, kurtosis 2.45887 ) 
[4] output of <Sigmoid> ( min 4.75893e-14, max 1, mean 0.196539, stddev 0.286402, skewness 1.58999, kurtosis 1.26938 ) 
[5] output of <AffineTransform> ( min -19.4373, max 15.4347, mean -3.60089, stddev 3.03118, skewness 0.339991, kurtosis 1.37471 ) 
[6] output of <Sigmoid> ( min 3.6183e-09, max 1, mean 0.141836, stddev 0.250205, skewness 2.15316, kurtosis 3.60976 ) 
[7] output of <AffineTransform> ( min -22.9616, max 13.0451, mean -4.2227, stddev 2.80762, skewness 0.0628687, kurtosis 1.45148 ) 
[8] output of <Sigmoid> ( min 1.06638e-10, max 0.999998, mean 0.095875, stddev 0.198726, skewness 2.90749, kurtosis 8.1103 ) 
[9] output of <AffineTransform> ( min -12.9344, max 22.8227, mean 0.0230423, stddev 4.61053, skewness 0.717225, kurtosis 0.944904 ) 
[10] output of <Softmax> ( min 9.52167e-15, max 0.999842, mean 0.0078125, stddev 0.074781, skewness 11.1775, kurtosis 129.202 ) 
### END FORWARD
LOG (nnet-train-frmshuff[5.4.140~1-1ab3d]:main():nnet-train-frmshuff.cc:395) Done 368 files, 0 with no tgt_mats, 0 with other errors. [CROSS-VALIDATION, NOT-RANDOMIZED, 0.046215 min, processing 80504.9 frames per sec; i/o time 63.4157%]
LOG (nnet-train-frmshuff[5.4.140~1-1ab3d]:main():nnet-train-frmshuff.cc:405) PER-CLASS PERFORMANCE:
@@@ Frames per-class: [ 8370 1246 1198 950 1402 456 2236 1957 803 1197 3453 569 962 1269 2487 1278 1147 568 2257 1685 2884 568 2098 2900 2884 1314 653 1652 2245 3252 3794 1157 1715 897 1163 1299 6611 932 1447 1247 399 1678 1332 2081 1134 723 2689 269 734 4468 12049 1946 1224 1276 2114 1425 1592 932 926 1286 2217 1631 2540 1896 4953 1535 369 1469 1225 1388 1168 782 2327 2215 2891 1344 1311 1262 1192 868 1962 3234 2212 2754 2220 869 1895 1735 2060 4055 755 849 1538 922 2365 588 766 1848 2059 1909 675 1476 1617 2575 3964 1319 1376 1610 1387 1096 1286 1638 776 876 1513 555 1095 1442 674 808 559 617 1752 562 880 857 782 1808 ]
@@@ Loss per-class: [ 0.41843 1.45708 1.14307 1.80928 0.623262 2.02827 1.86138 1.33889 0.801837 0.727119 0.887865 1.24591 1.1593 0.743525 1.48506 1.65113 2.0998 1.58916 0.839007 1.25032 0.357451 1.23401 0.729903 1.27431 1.74237 1.15556 0.902649 0.456346 1.12478 0.425355 0.623602 1.32809 1.38156 1.50899 0.571698 0.917108 0.419825 0.419683 0.58571 1.61301 2.53774 0.880721 0.851358 0.967319 1.04448 1.25359 0.679725 1.60723 0.782556 0.959969 0.224713 1.15446 0.880435 1.39538 1.01444 1.19732 1.24024 0.792807 1.36414 1.31201 1.28262 1.166 0.681607 0.590794 0.630842 1.49447 1.3082 0.538942 1.53581 1.18073 2.06727 2.0682 0.683654 0.40992 1.06338 1.72062 0.628344 1.18813 0.736591 1.55605 1.05198 0.701172 0.936328 0.769491 0.727419 1.04188 0.821095 1.14897 0.847712 1.07299 1.83051 0.704774 0.408879 2.06116 0.864765 0.980031 1.03634 1.36473 1.05886 1.73982 0.967703 0.681534 0.864938 0.608593 0.599661 1.40736 0.707175 1.6389 1.14034 1.19455 1.0989 1.54638 0.543851 0.963365 0.673938 0.782078 1.00322 1.10784 1.34856 0.477964 1.17991 1.55581 1.74692 0.826727 1.17766 0.914362 1.49021 0.995413 ]
@@@ Frame-accuracy per-class: [ 86.554 50.7822 65.582 44.3977 81.7112 37.678 46.7695 56.5006 74.9222 74.6555 73.3748 60.0527 65.4545 79.0075 50.4121 48.6508 34.3355 60.686 73.134 60.2195 88.0915 58.3993 79.0088 58.8519 46.4899 65.7284 67.3298 85.9304 62.6587 86.8563 80.3004 60.9935 62.4308 57.6045 82.7675 70.6426 85.1547 88.0429 80.6908 49.5391 38.7985 71.6116 77.5235 69.0848 67.6069 65.1002 75.2556 50.0928 74.7447 68.815 93.1076 64.1151 65.7411 60.0078 70.655 62.785 58.7755 73.5657 59.9029 56.5099 54.5209 64.0515 79.0002 83.1004 78.2275 51.2537 57.1042 83.2936 50.4284 61.0011 33.205 38.2109 77.9807 87.3392 54.0896 46.2626 81.0522 66.7723 77.2327 55.3828 66.3949 77.539 69.3333 73.4798 80.2972 62.9097 74.2812 56.4679 72.6037 64.8995 41.6942 74.0436 87.7478 43.0352 70.5136 70.5183 70.5806 55.5586 65.0158 45.038 68.3938 79.3092 70.1082 78.5867 80.2623 63.13 76.8616 50.0466 59.8919 60.6475 66.1485 48.6421 82.5499 64.8032 78.0971 76.3276 71.1091 67.591 59.748 84.3537 65.0581 44.3725 46.6762 72.5333 65.7581 70.6706 57.7636 67.9016 ]
LOG (nnet-train-frmshuff[5.4.140~1-1ab3d]:main():nnet-train-frmshuff.cc:406) AvgLoss: 0.944412 (Xent), [AvgXent: 0.944412, AvgTargetEnt: 0]
progress: []
FRAME_ACCURACY >> 70.0164% <<
WARNING (nnet-train-frmshuff[5.4.140~1-1ab3d]:Close():kaldi-io.cc:515) Pipe ali-to-pdf exp/tri3_ali/final.mdl "ark:gunzip -c exp/tri3_ali/ali.*.gz |" ark:- | ali-to-post ark:- ark:- | had nonzero return status 36096
