# compute-mfcc-feats --verbose=2 --config=conf/mfcc.conf scp,p:exp/make_mfcc/train/wav_train.5.scp ark:- | copy-feats --compress=true ark:- ark,scp:/home/lh17/project/timit/s5/mfcc/raw_mfcc_train.5.ark,/home/lh17/project/timit/s5/mfcc/raw_mfcc_train.5.scp 
# Started at Fri Jun 15 16:51:00 CST 2018
#
copy-feats --compress=true ark:- ark,scp:/home/lh17/project/timit/s5/mfcc/raw_mfcc_train.5.ark,/home/lh17/project/timit/s5/mfcc/raw_mfcc_train.5.scp 
compute-mfcc-feats --verbose=2 --config=conf/mfcc.conf scp,p:exp/make_mfcc/train/wav_train.5.scp ark:- 
VLOG[2] (compute-mfcc-feats[5.4.140~1-1ab3d]:main():compute-mfcc-feats.cc:173) Processed features for key mdef0_si1123
VLOG[2] (compute-mfcc-feats[5.4.140~1-1ab3d]:main():compute-mfcc-feats.cc:173) Processed features for key mdef0_si1563
VLOG[2] (compute-mfcc-feats[5.4.140~1-1ab3d]:main():compute-mfcc-feats.cc:173) Processed features for key mdef0_si2193
VLOG[2] (compute-mfcc-feats[5.4.140~1-1ab3d]:main():compute-mfcc-feats.cc:173) Processed features for key mdef0_sx123
VLOG[2] (compute-mfcc-feats[5.4.140~1-1ab3d]:main():compute-mfcc-feats.cc:173) Processed features for key mdef0_sx213
VLOG[2] (compute-mfcc-feats[5.4.140~1-1ab3d]:main():compute-mfcc-feats.cc:173) Processed features for key mdef0_sx303
VLOG[2] (compute-mfcc-feats[5.4.140~1-1ab3d]:main():compute-mfcc-feats.cc:173) Processed features for key mdef0_sx33
VLOG[2] (compute-mfcc-feats[5.4.140~1-1ab3d]:main():compute-mfcc-feats.cc:173) Processed features for key mdef0_sx393
VLOG[2] (compute-mfcc-feats[5.4.140~1-1ab3d]:main():compute-mfcc-feats.cc:173) Processed features for key mdem0_si1868
LOG (compute-mfcc-feats[5.4.140~1-1ab3d]:main():compute-mfcc-feats.cc:172) Processed 10 utterances
VLOG[2] (compute-mfcc-feats[5.4.140~1-1ab3d]:main():compute-mfcc-feats.cc:173) Processed features for key mdem0_si608
VLOG[2] (compute-mfcc-feats[5.4.140~1-1ab3d]:main():compute-mfcc-feats.cc:173) Processed features for key mdem0_si800
VLOG[2] (compute-mfcc-feats[5.4.140~1-1ab3d]:main():compute-mfcc-feats.cc:173) Processed features for key mdem0_sx158
VLOG[2] (compute-mfcc-feats[5.4.140~1-1ab3d]:main():compute-mfcc-feats.cc:173) Processed features for key mdem0_sx248
VLOG[2] (compute-mfcc-feats[5.4.140~1-1ab3d]:main():compute-mfcc-feats.cc:173) Processed features for key mdem0_sx338
VLOG[2] (compute-mfcc-feats[5.4.140~1-1ab3d]:main():compute-mfcc-feats.cc:173) Processed features for key mdem0_sx428
VLOG[2] (compute-mfcc-feats[5.4.140~1-1ab3d]:main():compute-mfcc-feats.cc:173) Processed features for key mdem0_sx68
VLOG[2] (compute-mfcc-feats[5.4.140~1-1ab3d]:main():compute-mfcc-feats.cc:173) Processed features for key mdhl0_si1439
VLOG[2] (compute-mfcc-feats[5.4.140~1-1ab3d]:main():compute-mfcc-feats.cc:173) Processed features for key mdhl0_si2069
VLOG[2] (compute-mfcc-feats[5.4.140~1-1ab3d]:main():compute-mfcc-feats.cc:173) Processed features for key mdhl0_si809
LOG (compute-mfcc-feats[5.4.140~1-1ab3d]:main():compute-mfcc-feats.cc:172) Processed 20 utterances
VLOG[2] (compute-mfcc-feats[5.4.140~1-1ab3d]:main():compute-mfcc-feats.cc:173) Processed features for key mdhl0_sx179
VLOG[2] (compute-mfcc-feats[5.4.140~1-1ab3d]:main():compute-mfcc-feats.cc:173) Processed features for key mdhl0_sx269
VLOG[2] (compute-mfcc-feats[5.4.140~1-1ab3d]:main():compute-mfcc-feats.cc:173) Processed features for key mdhl0_sx359
VLOG[2] (compute-mfcc-feats[5.4.140~1-1ab3d]:main():compute-mfcc-feats.cc:173) Processed features for key mdhl0_sx449
VLOG[2] (compute-mfcc-feats[5.4.140~1-1ab3d]:main():compute-mfcc-feats.cc:173) Processed features for key mdhl0_sx89
VLOG[2] (compute-mfcc-feats[5.4.140~1-1ab3d]:main():compute-mfcc-feats.cc:173) Processed features for key mdhs0_si1530
VLOG[2] (compute-mfcc-feats[5.4.140~1-1ab3d]:main():compute-mfcc-feats.cc:173) Processed features for key mdhs0_si2160
VLOG[2] (compute-mfcc-feats[5.4.140~1-1ab3d]:main():compute-mfcc-feats.cc:173) Processed features for key mdhs0_si900
VLOG[2] (compute-mfcc-feats[5.4.140~1-1ab3d]:main():compute-mfcc-feats.cc:173) Processed features for key mdhs0_sx180
VLOG[2] (compute-mfcc-feats[5.4.140~1-1ab3d]:main():compute-mfcc-feats.cc:173) Processed features for key mdhs0_sx270
LOG (compute-mfcc-feats[5.4.140~1-1ab3d]:main():compute-mfcc-feats.cc:172) Processed 30 utterances
VLOG[2] (compute-mfcc-feats[5.4.140~1-1ab3d]:main():compute-mfcc-feats.cc:173) Processed features for key mdhs0_sx360
VLOG[2] (compute-mfcc-feats[5.4.140~1-1ab3d]:main():compute-mfcc-feats.cc:173) Processed features for key mdhs0_sx450
VLOG[2] (compute-mfcc-feats[5.4.140~1-1ab3d]:main():compute-mfcc-feats.cc:173) Processed features for key mdhs0_sx90
VLOG[2] (compute-mfcc-feats[5.4.140~1-1ab3d]:main():compute-mfcc-feats.cc:173) Processed features for key mdjm0_si1455
VLOG[2] (compute-mfcc-feats[5.4.140~1-1ab3d]:main():compute-mfcc-feats.cc:173) Processed features for key mdjm0_si2085
VLOG[2] (compute-mfcc-feats[5.4.140~1-1ab3d]:main():compute-mfcc-feats.cc:173) Processed features for key mdjm0_si825
VLOG[2] (compute-mfcc-feats[5.4.140~1-1ab3d]:main():compute-mfcc-feats.cc:173) Processed features for key mdjm0_sx105
VLOG[2] (compute-mfcc-feats[5.4.140~1-1ab3d]:main():compute-mfcc-feats.cc:173) Processed features for key mdjm0_sx15
VLOG[2] (compute-mfcc-feats[5.4.140~1-1ab3d]:main():compute-mfcc-feats.cc:173) Processed features for key mdjm0_sx195
VLOG[2] (compute-mfcc-feats[5.4.140~1-1ab3d]:main():compute-mfcc-feats.cc:173) Processed features for key mdjm0_sx285
LOG (compute-mfcc-feats[5.4.140~1-1ab3d]:main():compute-mfcc-feats.cc:172) Processed 40 utterances
VLOG[2] (compute-mfcc-feats[5.4.140~1-1ab3d]:main():compute-mfcc-feats.cc:173) Processed features for key mdjm0_sx375
VLOG[2] (compute-mfcc-feats[5.4.140~1-1ab3d]:main():compute-mfcc-feats.cc:173) Processed features for key mdks0_si1066
VLOG[2] (compute-mfcc-feats[5.4.140~1-1ab3d]:main():compute-mfcc-feats.cc:173) Processed features for key mdks0_si1696
VLOG[2] (compute-mfcc-feats[5.4.140~1-1ab3d]:main():compute-mfcc-feats.cc:173) Processed features for key mdks0_si2326
VLOG[2] (compute-mfcc-feats[5.4.140~1-1ab3d]:main():compute-mfcc-feats.cc:173) Processed features for key mdks0_sx166
VLOG[2] (compute-mfcc-feats[5.4.140~1-1ab3d]:main():compute-mfcc-feats.cc:173) Processed features for key mdks0_sx256
VLOG[2] (compute-mfcc-feats[5.4.140~1-1ab3d]:main():compute-mfcc-feats.cc:173) Processed features for key mdks0_sx346
VLOG[2] (compute-mfcc-feats[5.4.140~1-1ab3d]:main():compute-mfcc-feats.cc:173) Processed features for key mdks0_sx436
VLOG[2] (compute-mfcc-feats[5.4.140~1-1ab3d]:main():compute-mfcc-feats.cc:173) Processed features for key mdks0_sx76
VLOG[2] (compute-mfcc-feats[5.4.140~1-1ab3d]:main():compute-mfcc-feats.cc:173) Processed features for key mdlb0_si1306
LOG (compute-mfcc-feats[5.4.140~1-1ab3d]:main():compute-mfcc-feats.cc:172) Processed 50 utterances
VLOG[2] (compute-mfcc-feats[5.4.140~1-1ab3d]:main():compute-mfcc-feats.cc:173) Processed features for key mdlb0_si1936
VLOG[2] (compute-mfcc-feats[5.4.140~1-1ab3d]:main():compute-mfcc-feats.cc:173) Processed features for key mdlb0_si676
VLOG[2] (compute-mfcc-feats[5.4.140~1-1ab3d]:main():compute-mfcc-feats.cc:173) Processed features for key mdlb0_sx136
VLOG[2] (compute-mfcc-feats[5.4.140~1-1ab3d]:main():compute-mfcc-feats.cc:173) Processed features for key mdlb0_sx226
VLOG[2] (compute-mfcc-feats[5.4.140~1-1ab3d]:main():compute-mfcc-feats.cc:173) Processed features for key mdlb0_sx316
VLOG[2] (compute-mfcc-feats[5.4.140~1-1ab3d]:main():compute-mfcc-feats.cc:173) Processed features for key mdlb0_sx406
VLOG[2] (compute-mfcc-feats[5.4.140~1-1ab3d]:main():compute-mfcc-feats.cc:173) Processed features for key mdlb0_sx46
VLOG[2] (compute-mfcc-feats[5.4.140~1-1ab3d]:main():compute-mfcc-feats.cc:173) Processed features for key mdlc0_si1395
VLOG[2] (compute-mfcc-feats[5.4.140~1-1ab3d]:main():compute-mfcc-feats.cc:173) Processed features for key mdlc0_si2025
VLOG[2] (compute-mfcc-feats[5.4.140~1-1ab3d]:main():compute-mfcc-feats.cc:173) Processed features for key mdlc0_si765
LOG (compute-mfcc-feats[5.4.140~1-1ab3d]:main():compute-mfcc-feats.cc:172) Processed 60 utterances
VLOG[2] (compute-mfcc-feats[5.4.140~1-1ab3d]:main():compute-mfcc-feats.cc:173) Processed features for key mdlc0_sx135
VLOG[2] (compute-mfcc-feats[5.4.140~1-1ab3d]:main():compute-mfcc-feats.cc:173) Processed features for key mdlc0_sx225
VLOG[2] (compute-mfcc-feats[5.4.140~1-1ab3d]:main():compute-mfcc-feats.cc:173) Processed features for key mdlc0_sx315
VLOG[2] (compute-mfcc-feats[5.4.140~1-1ab3d]:main():compute-mfcc-feats.cc:173) Processed features for key mdlc0_sx405
VLOG[2] (compute-mfcc-feats[5.4.140~1-1ab3d]:main():compute-mfcc-feats.cc:173) Processed features for key mdlc0_sx45
VLOG[2] (compute-mfcc-feats[5.4.140~1-1ab3d]:main():compute-mfcc-feats.cc:173) Processed features for key mdlc1_si1435
VLOG[2] (compute-mfcc-feats[5.4.140~1-1ab3d]:main():compute-mfcc-feats.cc:173) Processed features for key mdlc1_si2065
VLOG[2] (compute-mfcc-feats[5.4.140~1-1ab3d]:main():compute-mfcc-feats.cc:173) Processed features for key mdlc1_si2144
VLOG[2] (compute-mfcc-feats[5.4.140~1-1ab3d]:main():compute-mfcc-feats.cc:173) Processed features for key mdlc1_sx175
VLOG[2] (compute-mfcc-feats[5.4.140~1-1ab3d]:main():compute-mfcc-feats.cc:173) Processed features for key mdlc1_sx265
LOG (compute-mfcc-feats[5.4.140~1-1ab3d]:main():compute-mfcc-feats.cc:172) Processed 70 utterances
VLOG[2] (compute-mfcc-feats[5.4.140~1-1ab3d]:main():compute-mfcc-feats.cc:173) Processed features for key mdlc1_sx355
VLOG[2] (compute-mfcc-feats[5.4.140~1-1ab3d]:main():compute-mfcc-feats.cc:173) Processed features for key mdlc1_sx445
VLOG[2] (compute-mfcc-feats[5.4.140~1-1ab3d]:main():compute-mfcc-feats.cc:173) Processed features for key mdlc1_sx85
VLOG[2] (compute-mfcc-feats[5.4.140~1-1ab3d]:main():compute-mfcc-feats.cc:173) Processed features for key mdlc2_si1614
VLOG[2] (compute-mfcc-feats[5.4.140~1-1ab3d]:main():compute-mfcc-feats.cc:173) Processed features for key mdlc2_si2244
VLOG[2] (compute-mfcc-feats[5.4.140~1-1ab3d]:main():compute-mfcc-feats.cc:173) Processed features for key mdlc2_si984
VLOG[2] (compute-mfcc-feats[5.4.140~1-1ab3d]:main():compute-mfcc-feats.cc:173) Processed features for key mdlc2_sx174
VLOG[2] (compute-mfcc-feats[5.4.140~1-1ab3d]:main():compute-mfcc-feats.cc:173) Processed features for key mdlc2_sx264
VLOG[2] (compute-mfcc-feats[5.4.140~1-1ab3d]:main():compute-mfcc-feats.cc:173) Processed features for key mdlc2_sx354
VLOG[2] (compute-mfcc-feats[5.4.140~1-1ab3d]:main():compute-mfcc-feats.cc:173) Processed features for key mdlc2_sx444
LOG (compute-mfcc-feats[5.4.140~1-1ab3d]:main():compute-mfcc-feats.cc:172) Processed 80 utterances
VLOG[2] (compute-mfcc-feats[5.4.140~1-1ab3d]:main():compute-mfcc-feats.cc:173) Processed features for key mdlc2_sx84
VLOG[2] (compute-mfcc-feats[5.4.140~1-1ab3d]:main():compute-mfcc-feats.cc:173) Processed features for key mdlh0_si1960
VLOG[2] (compute-mfcc-feats[5.4.140~1-1ab3d]:main():compute-mfcc-feats.cc:173) Processed features for key mdlh0_si574
VLOG[2] (compute-mfcc-feats[5.4.140~1-1ab3d]:main():compute-mfcc-feats.cc:173) Processed features for key mdlh0_si700
VLOG[2] (compute-mfcc-feats[5.4.140~1-1ab3d]:main():compute-mfcc-feats.cc:173) Processed features for key mdlh0_sx160
VLOG[2] (compute-mfcc-feats[5.4.140~1-1ab3d]:main():compute-mfcc-feats.cc:173) Processed features for key mdlh0_sx250
VLOG[2] (compute-mfcc-feats[5.4.140~1-1ab3d]:main():compute-mfcc-feats.cc:173) Processed features for key mdlh0_sx340
VLOG[2] (compute-mfcc-feats[5.4.140~1-1ab3d]:main():compute-mfcc-feats.cc:173) Processed features for key mdlh0_sx430
VLOG[2] (compute-mfcc-feats[5.4.140~1-1ab3d]:main():compute-mfcc-feats.cc:173) Processed features for key mdlh0_sx70
VLOG[2] (compute-mfcc-feats[5.4.140~1-1ab3d]:main():compute-mfcc-feats.cc:173) Processed features for key mdlm0_si1234
LOG (compute-mfcc-feats[5.4.140~1-1ab3d]:main():compute-mfcc-feats.cc:172) Processed 90 utterances
VLOG[2] (compute-mfcc-feats[5.4.140~1-1ab3d]:main():compute-mfcc-feats.cc:173) Processed features for key mdlm0_si1864
VLOG[2] (compute-mfcc-feats[5.4.140~1-1ab3d]:main():compute-mfcc-feats.cc:173) Processed features for key mdlm0_si604
VLOG[2] (compute-mfcc-feats[5.4.140~1-1ab3d]:main():compute-mfcc-feats.cc:173) Processed features for key mdlm0_sx154
VLOG[2] (compute-mfcc-feats[5.4.140~1-1ab3d]:main():compute-mfcc-feats.cc:173) Processed features for key mdlm0_sx244
VLOG[2] (compute-mfcc-feats[5.4.140~1-1ab3d]:main():compute-mfcc-feats.cc:173) Processed features for key mdlm0_sx334
VLOG[2] (compute-mfcc-feats[5.4.140~1-1ab3d]:main():compute-mfcc-feats.cc:173) Processed features for key mdlm0_sx424
VLOG[2] (compute-mfcc-feats[5.4.140~1-1ab3d]:main():compute-mfcc-feats.cc:173) Processed features for key mdlm0_sx64
VLOG[2] (compute-mfcc-feats[5.4.140~1-1ab3d]:main():compute-mfcc-feats.cc:173) Processed features for key mdlr0_si1233
VLOG[2] (compute-mfcc-feats[5.4.140~1-1ab3d]:main():compute-mfcc-feats.cc:173) Processed features for key mdlr0_si1863
VLOG[2] (compute-mfcc-feats[5.4.140~1-1ab3d]:main():compute-mfcc-feats.cc:173) Processed features for key mdlr0_si603
LOG (compute-mfcc-feats[5.4.140~1-1ab3d]:main():compute-mfcc-feats.cc:172) Processed 100 utterances
VLOG[2] (compute-mfcc-feats[5.4.140~1-1ab3d]:main():compute-mfcc-feats.cc:173) Processed features for key mdlr0_sx153
VLOG[2] (compute-mfcc-feats[5.4.140~1-1ab3d]:main():compute-mfcc-feats.cc:173) Processed features for key mdlr0_sx243
VLOG[2] (compute-mfcc-feats[5.4.140~1-1ab3d]:main():compute-mfcc-feats.cc:173) Processed features for key mdlr0_sx333
VLOG[2] (compute-mfcc-feats[5.4.140~1-1ab3d]:main():compute-mfcc-feats.cc:173) Processed features for key mdlr0_sx423
VLOG[2] (compute-mfcc-feats[5.4.140~1-1ab3d]:main():compute-mfcc-feats.cc:173) Processed features for key mdlr0_sx63
VLOG[2] (compute-mfcc-feats[5.4.140~1-1ab3d]:main():compute-mfcc-feats.cc:173) Processed features for key mdlr1_si1299
VLOG[2] (compute-mfcc-feats[5.4.140~1-1ab3d]:main():compute-mfcc-feats.cc:173) Processed features for key mdlr1_si1929
VLOG[2] (compute-mfcc-feats[5.4.140~1-1ab3d]:main():compute-mfcc-feats.cc:173) Processed features for key mdlr1_si669
VLOG[2] (compute-mfcc-feats[5.4.140~1-1ab3d]:main():compute-mfcc-feats.cc:173) Processed features for key mdlr1_sx129
VLOG[2] (compute-mfcc-feats[5.4.140~1-1ab3d]:main():compute-mfcc-feats.cc:173) Processed features for key mdlr1_sx219
LOG (compute-mfcc-feats[5.4.140~1-1ab3d]:main():compute-mfcc-feats.cc:172) Processed 110 utterances
VLOG[2] (compute-mfcc-feats[5.4.140~1-1ab3d]:main():compute-mfcc-feats.cc:173) Processed features for key mdlr1_sx309
VLOG[2] (compute-mfcc-feats[5.4.140~1-1ab3d]:main():compute-mfcc-feats.cc:173) Processed features for key mdlr1_sx39
VLOG[2] (compute-mfcc-feats[5.4.140~1-1ab3d]:main():compute-mfcc-feats.cc:173) Processed features for key mdlr1_sx399
VLOG[2] (compute-mfcc-feats[5.4.140~1-1ab3d]:main():compute-mfcc-feats.cc:173) Processed features for key mdma0_si1238
VLOG[2] (compute-mfcc-feats[5.4.140~1-1ab3d]:main():compute-mfcc-feats.cc:173) Processed features for key mdma0_si1430
VLOG[2] (compute-mfcc-feats[5.4.140~1-1ab3d]:main():compute-mfcc-feats.cc:173) Processed features for key mdma0_si2060
VLOG[2] (compute-mfcc-feats[5.4.140~1-1ab3d]:main():compute-mfcc-feats.cc:173) Processed features for key mdma0_sx170
VLOG[2] (compute-mfcc-feats[5.4.140~1-1ab3d]:main():compute-mfcc-feats.cc:173) Processed features for key mdma0_sx260
VLOG[2] (compute-mfcc-feats[5.4.140~1-1ab3d]:main():compute-mfcc-feats.cc:173) Processed features for key mdma0_sx350
VLOG[2] (compute-mfcc-feats[5.4.140~1-1ab3d]:main():compute-mfcc-feats.cc:173) Processed features for key mdma0_sx440
LOG (compute-mfcc-feats[5.4.140~1-1ab3d]:main():compute-mfcc-feats.cc:172) Processed 120 utterances
VLOG[2] (compute-mfcc-feats[5.4.140~1-1ab3d]:main():compute-mfcc-feats.cc:173) Processed features for key mdma0_sx80
VLOG[2] (compute-mfcc-feats[5.4.140~1-1ab3d]:main():compute-mfcc-feats.cc:173) Processed features for key mdmt0_si1832
VLOG[2] (compute-mfcc-feats[5.4.140~1-1ab3d]:main():compute-mfcc-feats.cc:173) Processed features for key mdmt0_si2341
VLOG[2] (compute-mfcc-feats[5.4.140~1-1ab3d]:main():compute-mfcc-feats.cc:173) Processed features for key mdmt0_si572
VLOG[2] (compute-mfcc-feats[5.4.140~1-1ab3d]:main():compute-mfcc-feats.cc:173) Processed features for key mdmt0_sx122
VLOG[2] (compute-mfcc-feats[5.4.140~1-1ab3d]:main():compute-mfcc-feats.cc:173) Processed features for key mdmt0_sx212
VLOG[2] (compute-mfcc-feats[5.4.140~1-1ab3d]:main():compute-mfcc-feats.cc:173) Processed features for key mdmt0_sx302
VLOG[2] (compute-mfcc-feats[5.4.140~1-1ab3d]:main():compute-mfcc-feats.cc:173) Processed features for key mdmt0_sx32
VLOG[2] (compute-mfcc-feats[5.4.140~1-1ab3d]:main():compute-mfcc-feats.cc:173) Processed features for key mdmt0_sx392
VLOG[2] (compute-mfcc-feats[5.4.140~1-1ab3d]:main():compute-mfcc-feats.cc:173) Processed features for key mdns0_si1011
LOG (compute-mfcc-feats[5.4.140~1-1ab3d]:main():compute-mfcc-feats.cc:172) Processed 130 utterances
VLOG[2] (compute-mfcc-feats[5.4.140~1-1ab3d]:main():compute-mfcc-feats.cc:173) Processed features for key mdns0_si2271
VLOG[2] (compute-mfcc-feats[5.4.140~1-1ab3d]:main():compute-mfcc-feats.cc:173) Processed features for key mdns0_si873
VLOG[2] (compute-mfcc-feats[5.4.140~1-1ab3d]:main():compute-mfcc-feats.cc:173) Processed features for key mdns0_sx111
VLOG[2] (compute-mfcc-feats[5.4.140~1-1ab3d]:main():compute-mfcc-feats.cc:173) Processed features for key mdns0_sx201
VLOG[2] (compute-mfcc-feats[5.4.140~1-1ab3d]:main():compute-mfcc-feats.cc:173) Processed features for key mdns0_sx21
VLOG[2] (compute-mfcc-feats[5.4.140~1-1ab3d]:main():compute-mfcc-feats.cc:173) Processed features for key mdns0_sx291
VLOG[2] (compute-mfcc-feats[5.4.140~1-1ab3d]:main():compute-mfcc-feats.cc:173) Processed features for key mdns0_sx381
VLOG[2] (compute-mfcc-feats[5.4.140~1-1ab3d]:main():compute-mfcc-feats.cc:173) Processed features for key mdpb0_si1760
VLOG[2] (compute-mfcc-feats[5.4.140~1-1ab3d]:main():compute-mfcc-feats.cc:173) Processed features for key mdpb0_si2126
VLOG[2] (compute-mfcc-feats[5.4.140~1-1ab3d]:main():compute-mfcc-feats.cc:173) Processed features for key mdpb0_si866
LOG (compute-mfcc-feats[5.4.140~1-1ab3d]:main():compute-mfcc-feats.cc:172) Processed 140 utterances
VLOG[2] (compute-mfcc-feats[5.4.140~1-1ab3d]:main():compute-mfcc-feats.cc:173) Processed features for key mdpb0_sx146
VLOG[2] (compute-mfcc-feats[5.4.140~1-1ab3d]:main():compute-mfcc-feats.cc:173) Processed features for key mdpb0_sx236
VLOG[2] (compute-mfcc-feats[5.4.140~1-1ab3d]:main():compute-mfcc-feats.cc:173) Processed features for key mdpb0_sx326
VLOG[2] (compute-mfcc-feats[5.4.140~1-1ab3d]:main():compute-mfcc-feats.cc:173) Processed features for key mdpb0_sx416
VLOG[2] (compute-mfcc-feats[5.4.140~1-1ab3d]:main():compute-mfcc-feats.cc:173) Processed features for key mdpb0_sx56
VLOG[2] (compute-mfcc-feats[5.4.140~1-1ab3d]:main():compute-mfcc-feats.cc:173) Processed features for key mdpk0_si1053
VLOG[2] (compute-mfcc-feats[5.4.140~1-1ab3d]:main():compute-mfcc-feats.cc:173) Processed features for key mdpk0_si1683
VLOG[2] (compute-mfcc-feats[5.4.140~1-1ab3d]:main():compute-mfcc-feats.cc:173) Processed features for key mdpk0_si552
VLOG[2] (compute-mfcc-feats[5.4.140~1-1ab3d]:main():compute-mfcc-feats.cc:173) Processed features for key mdpk0_sx153
VLOG[2] (compute-mfcc-feats[5.4.140~1-1ab3d]:main():compute-mfcc-feats.cc:173) Processed features for key mdpk0_sx243
LOG (compute-mfcc-feats[5.4.140~1-1ab3d]:main():compute-mfcc-feats.cc:172) Processed 150 utterances
VLOG[2] (compute-mfcc-feats[5.4.140~1-1ab3d]:main():compute-mfcc-feats.cc:173) Processed features for key mdpk0_sx333
VLOG[2] (compute-mfcc-feats[5.4.140~1-1ab3d]:main():compute-mfcc-feats.cc:173) Processed features for key mdpk0_sx423
VLOG[2] (compute-mfcc-feats[5.4.140~1-1ab3d]:main():compute-mfcc-feats.cc:173) Processed features for key mdpk0_sx63
VLOG[2] (compute-mfcc-feats[5.4.140~1-1ab3d]:main():compute-mfcc-feats.cc:173) Processed features for key mdps0_si1651
VLOG[2] (compute-mfcc-feats[5.4.140~1-1ab3d]:main():compute-mfcc-feats.cc:173) Processed features for key mdps0_si1979
VLOG[2] (compute-mfcc-feats[5.4.140~1-1ab3d]:main():compute-mfcc-feats.cc:173) Processed features for key mdps0_si719
VLOG[2] (compute-mfcc-feats[5.4.140~1-1ab3d]:main():compute-mfcc-feats.cc:173) Processed features for key mdps0_sx179
VLOG[2] (compute-mfcc-feats[5.4.140~1-1ab3d]:main():compute-mfcc-feats.cc:173) Processed features for key mdps0_sx269
VLOG[2] (compute-mfcc-feats[5.4.140~1-1ab3d]:main():compute-mfcc-feats.cc:173) Processed features for key mdps0_sx359
VLOG[2] (compute-mfcc-feats[5.4.140~1-1ab3d]:main():compute-mfcc-feats.cc:173) Processed features for key mdps0_sx449
LOG (compute-mfcc-feats[5.4.140~1-1ab3d]:main():compute-mfcc-feats.cc:172) Processed 160 utterances
VLOG[2] (compute-mfcc-feats[5.4.140~1-1ab3d]:main():compute-mfcc-feats.cc:173) Processed features for key mdps0_sx89
VLOG[2] (compute-mfcc-feats[5.4.140~1-1ab3d]:main():compute-mfcc-feats.cc:173) Processed features for key mdrd0_si1382
VLOG[2] (compute-mfcc-feats[5.4.140~1-1ab3d]:main():compute-mfcc-feats.cc:173) Processed features for key mdrd0_si2012
VLOG[2] (compute-mfcc-feats[5.4.140~1-1ab3d]:main():compute-mfcc-feats.cc:173) Processed features for key mdrd0_si752
VLOG[2] (compute-mfcc-feats[5.4.140~1-1ab3d]:main():compute-mfcc-feats.cc:173) Processed features for key mdrd0_sx122
VLOG[2] (compute-mfcc-feats[5.4.140~1-1ab3d]:main():compute-mfcc-feats.cc:173) Processed features for key mdrd0_sx212
VLOG[2] (compute-mfcc-feats[5.4.140~1-1ab3d]:main():compute-mfcc-feats.cc:173) Processed features for key mdrd0_sx302
VLOG[2] (compute-mfcc-feats[5.4.140~1-1ab3d]:main():compute-mfcc-feats.cc:173) Processed features for key mdrd0_sx32
VLOG[2] (compute-mfcc-feats[5.4.140~1-1ab3d]:main():compute-mfcc-feats.cc:173) Processed features for key mdrd0_sx392
VLOG[2] (compute-mfcc-feats[5.4.140~1-1ab3d]:main():compute-mfcc-feats.cc:173) Processed features for key mdsj0_si1462
LOG (compute-mfcc-feats[5.4.140~1-1ab3d]:main():compute-mfcc-feats.cc:172) Processed 170 utterances
VLOG[2] (compute-mfcc-feats[5.4.140~1-1ab3d]:main():compute-mfcc-feats.cc:173) Processed features for key mdsj0_si2092
VLOG[2] (compute-mfcc-feats[5.4.140~1-1ab3d]:main():compute-mfcc-feats.cc:173) Processed features for key mdsj0_si832
VLOG[2] (compute-mfcc-feats[5.4.140~1-1ab3d]:main():compute-mfcc-feats.cc:173) Processed features for key mdsj0_sx112
VLOG[2] (compute-mfcc-feats[5.4.140~1-1ab3d]:main():compute-mfcc-feats.cc:173) Processed features for key mdsj0_sx22
VLOG[2] (compute-mfcc-feats[5.4.140~1-1ab3d]:main():compute-mfcc-feats.cc:173) Processed features for key mdsj0_sx292
VLOG[2] (compute-mfcc-feats[5.4.140~1-1ab3d]:main():compute-mfcc-feats.cc:173) Processed features for key mdsj0_sx382
VLOG[2] (compute-mfcc-feats[5.4.140~1-1ab3d]:main():compute-mfcc-feats.cc:173) Processed features for key mdsj0_sx438
VLOG[2] (compute-mfcc-feats[5.4.140~1-1ab3d]:main():compute-mfcc-feats.cc:173) Processed features for key mdss0_si1881
VLOG[2] (compute-mfcc-feats[5.4.140~1-1ab3d]:main():compute-mfcc-feats.cc:173) Processed features for key mdss0_si2087
VLOG[2] (compute-mfcc-feats[5.4.140~1-1ab3d]:main():compute-mfcc-feats.cc:173) Processed features for key mdss0_si621
LOG (compute-mfcc-feats[5.4.140~1-1ab3d]:main():compute-mfcc-feats.cc:172) Processed 180 utterances
VLOG[2] (compute-mfcc-feats[5.4.140~1-1ab3d]:main():compute-mfcc-feats.cc:173) Processed features for key mdss0_sx171
VLOG[2] (compute-mfcc-feats[5.4.140~1-1ab3d]:main():compute-mfcc-feats.cc:173) Processed features for key mdss0_sx261
VLOG[2] (compute-mfcc-feats[5.4.140~1-1ab3d]:main():compute-mfcc-feats.cc:173) Processed features for key mdss0_sx351
VLOG[2] (compute-mfcc-feats[5.4.140~1-1ab3d]:main():compute-mfcc-feats.cc:173) Processed features for key mdss0_sx441
VLOG[2] (compute-mfcc-feats[5.4.140~1-1ab3d]:main():compute-mfcc-feats.cc:173) Processed features for key mdss0_sx81
VLOG[2] (compute-mfcc-feats[5.4.140~1-1ab3d]:main():compute-mfcc-feats.cc:173) Processed features for key mdss1_si1327
VLOG[2] (compute-mfcc-feats[5.4.140~1-1ab3d]:main():compute-mfcc-feats.cc:173) Processed features for key mdss1_si1713
VLOG[2] (compute-mfcc-feats[5.4.140~1-1ab3d]:main():compute-mfcc-feats.cc:173) Processed features for key mdss1_si697
VLOG[2] (compute-mfcc-feats[5.4.140~1-1ab3d]:main():compute-mfcc-feats.cc:173) Processed features for key mdss1_sx157
VLOG[2] (compute-mfcc-feats[5.4.140~1-1ab3d]:main():compute-mfcc-feats.cc:173) Processed features for key mdss1_sx247
LOG (compute-mfcc-feats[5.4.140~1-1ab3d]:main():compute-mfcc-feats.cc:172) Processed 190 utterances
VLOG[2] (compute-mfcc-feats[5.4.140~1-1ab3d]:main():compute-mfcc-feats.cc:173) Processed features for key mdss1_sx337
VLOG[2] (compute-mfcc-feats[5.4.140~1-1ab3d]:main():compute-mfcc-feats.cc:173) Processed features for key mdss1_sx427
VLOG[2] (compute-mfcc-feats[5.4.140~1-1ab3d]:main():compute-mfcc-feats.cc:173) Processed features for key mdss1_sx67
VLOG[2] (compute-mfcc-feats[5.4.140~1-1ab3d]:main():compute-mfcc-feats.cc:173) Processed features for key mdtb0_si1200
VLOG[2] (compute-mfcc-feats[5.4.140~1-1ab3d]:main():compute-mfcc-feats.cc:173) Processed features for key mdtb0_si1830
VLOG[2] (compute-mfcc-feats[5.4.140~1-1ab3d]:main():compute-mfcc-feats.cc:173) Processed features for key mdtb0_si570
VLOG[2] (compute-mfcc-feats[5.4.140~1-1ab3d]:main():compute-mfcc-feats.cc:173) Processed features for key mdtb0_sx120
VLOG[2] (compute-mfcc-feats[5.4.140~1-1ab3d]:main():compute-mfcc-feats.cc:173) Processed features for key mdtb0_sx210
VLOG[2] (compute-mfcc-feats[5.4.140~1-1ab3d]:main():compute-mfcc-feats.cc:173) Processed features for key mdtb0_sx300
VLOG[2] (compute-mfcc-feats[5.4.140~1-1ab3d]:main():compute-mfcc-feats.cc:173) Processed features for key mdtb0_sx321
LOG (compute-mfcc-feats[5.4.140~1-1ab3d]:main():compute-mfcc-feats.cc:172) Processed 200 utterances
VLOG[2] (compute-mfcc-feats[5.4.140~1-1ab3d]:main():compute-mfcc-feats.cc:173) Processed features for key mdtb0_sx390
VLOG[2] (compute-mfcc-feats[5.4.140~1-1ab3d]:main():compute-mfcc-feats.cc:173) Processed features for key mdwd0_si1260
VLOG[2] (compute-mfcc-feats[5.4.140~1-1ab3d]:main():compute-mfcc-feats.cc:173) Processed features for key mdwd0_si1890
VLOG[2] (compute-mfcc-feats[5.4.140~1-1ab3d]:main():compute-mfcc-feats.cc:173) Processed features for key mdwd0_si557
VLOG[2] (compute-mfcc-feats[5.4.140~1-1ab3d]:main():compute-mfcc-feats.cc:173) Processed features for key mdwd0_sx180
VLOG[2] (compute-mfcc-feats[5.4.140~1-1ab3d]:main():compute-mfcc-feats.cc:173) Processed features for key mdwd0_sx270
VLOG[2] (compute-mfcc-feats[5.4.140~1-1ab3d]:main():compute-mfcc-feats.cc:173) Processed features for key mdwd0_sx360
VLOG[2] (compute-mfcc-feats[5.4.140~1-1ab3d]:main():compute-mfcc-feats.cc:173) Processed features for key mdwd0_sx450
VLOG[2] (compute-mfcc-feats[5.4.140~1-1ab3d]:main():compute-mfcc-feats.cc:173) Processed features for key mdwd0_sx90
VLOG[2] (compute-mfcc-feats[5.4.140~1-1ab3d]:main():compute-mfcc-feats.cc:173) Processed features for key mdwh0_si1168
LOG (compute-mfcc-feats[5.4.140~1-1ab3d]:main():compute-mfcc-feats.cc:172) Processed 210 utterances
VLOG[2] (compute-mfcc-feats[5.4.140~1-1ab3d]:main():compute-mfcc-feats.cc:173) Processed features for key mdwh0_si1925
VLOG[2] (compute-mfcc-feats[5.4.140~1-1ab3d]:main():compute-mfcc-feats.cc:173) Processed features for key mdwh0_si665
VLOG[2] (compute-mfcc-feats[5.4.140~1-1ab3d]:main():compute-mfcc-feats.cc:173) Processed features for key mdwh0_sx125
VLOG[2] (compute-mfcc-feats[5.4.140~1-1ab3d]:main():compute-mfcc-feats.cc:173) Processed features for key mdwh0_sx215
VLOG[2] (compute-mfcc-feats[5.4.140~1-1ab3d]:main():compute-mfcc-feats.cc:173) Processed features for key mdwh0_sx305
VLOG[2] (compute-mfcc-feats[5.4.140~1-1ab3d]:main():compute-mfcc-feats.cc:173) Processed features for key mdwh0_sx35
VLOG[2] (compute-mfcc-feats[5.4.140~1-1ab3d]:main():compute-mfcc-feats.cc:173) Processed features for key mdwh0_sx395
VLOG[2] (compute-mfcc-feats[5.4.140~1-1ab3d]:main():compute-mfcc-feats.cc:173) Processed features for key mdwm0_si1546
VLOG[2] (compute-mfcc-feats[5.4.140~1-1ab3d]:main():compute-mfcc-feats.cc:173) Processed features for key mdwm0_si2176
VLOG[2] (compute-mfcc-feats[5.4.140~1-1ab3d]:main():compute-mfcc-feats.cc:173) Processed features for key mdwm0_si916
LOG (compute-mfcc-feats[5.4.140~1-1ab3d]:main():compute-mfcc-feats.cc:172) Processed 220 utterances
VLOG[2] (compute-mfcc-feats[5.4.140~1-1ab3d]:main():compute-mfcc-feats.cc:173) Processed features for key mdwm0_sx106
VLOG[2] (compute-mfcc-feats[5.4.140~1-1ab3d]:main():compute-mfcc-feats.cc:173) Processed features for key mdwm0_sx16
VLOG[2] (compute-mfcc-feats[5.4.140~1-1ab3d]:main():compute-mfcc-feats.cc:173) Processed features for key mdwm0_sx286
VLOG[2] (compute-mfcc-feats[5.4.140~1-1ab3d]:main():compute-mfcc-feats.cc:173) Processed features for key mdwm0_sx376
VLOG[2] (compute-mfcc-feats[5.4.140~1-1ab3d]:main():compute-mfcc-feats.cc:173) Processed features for key mdwm0_sx433
VLOG[2] (compute-mfcc-feats[5.4.140~1-1ab3d]:main():compute-mfcc-feats.cc:173) Processed features for key meal0_si1547
VLOG[2] (compute-mfcc-feats[5.4.140~1-1ab3d]:main():compute-mfcc-feats.cc:173) Processed features for key meal0_si2177
VLOG[2] (compute-mfcc-feats[5.4.140~1-1ab3d]:main():compute-mfcc-feats.cc:173) Processed features for key meal0_si917
VLOG[2] (compute-mfcc-feats[5.4.140~1-1ab3d]:main():compute-mfcc-feats.cc:173) Processed features for key meal0_sx107
VLOG[2] (compute-mfcc-feats[5.4.140~1-1ab3d]:main():compute-mfcc-feats.cc:173) Processed features for key meal0_sx197
LOG (compute-mfcc-feats[5.4.140~1-1ab3d]:main():compute-mfcc-feats.cc:172) Processed 230 utterances
VLOG[2] (compute-mfcc-feats[5.4.140~1-1ab3d]:main():compute-mfcc-feats.cc:173) Processed features for key meal0_sx287
VLOG[2] (compute-mfcc-feats[5.4.140~1-1ab3d]:main():compute-mfcc-feats.cc:173) Processed features for key meal0_sx347
VLOG[2] (compute-mfcc-feats[5.4.140~1-1ab3d]:main():compute-mfcc-feats.cc:173) Processed features for key meal0_sx377
VLOG[2] (compute-mfcc-feats[5.4.140~1-1ab3d]:main():compute-mfcc-feats.cc:173) Processed features for key medr0_si1374
VLOG[2] (compute-mfcc-feats[5.4.140~1-1ab3d]:main():compute-mfcc-feats.cc:173) Processed features for key medr0_si2004
VLOG[2] (compute-mfcc-feats[5.4.140~1-1ab3d]:main():compute-mfcc-feats.cc:173) Processed features for key medr0_si744
VLOG[2] (compute-mfcc-feats[5.4.140~1-1ab3d]:main():compute-mfcc-feats.cc:173) Processed features for key medr0_sx114
VLOG[2] (compute-mfcc-feats[5.4.140~1-1ab3d]:main():compute-mfcc-feats.cc:173) Processed features for key medr0_sx204
VLOG[2] (compute-mfcc-feats[5.4.140~1-1ab3d]:main():compute-mfcc-feats.cc:173) Processed features for key medr0_sx24
VLOG[2] (compute-mfcc-feats[5.4.140~1-1ab3d]:main():compute-mfcc-feats.cc:173) Processed features for key medr0_sx294
LOG (compute-mfcc-feats[5.4.140~1-1ab3d]:main():compute-mfcc-feats.cc:172) Processed 240 utterances
VLOG[2] (compute-mfcc-feats[5.4.140~1-1ab3d]:main():compute-mfcc-feats.cc:173) Processed features for key medr0_sx384
VLOG[2] (compute-mfcc-feats[5.4.140~1-1ab3d]:main():compute-mfcc-feats.cc:173) Processed features for key mefg0_si465
VLOG[2] (compute-mfcc-feats[5.4.140~1-1ab3d]:main():compute-mfcc-feats.cc:173) Processed features for key mefg0_si491
VLOG[2] (compute-mfcc-feats[5.4.140~1-1ab3d]:main():compute-mfcc-feats.cc:173) Processed features for key mefg0_si598
VLOG[2] (compute-mfcc-feats[5.4.140~1-1ab3d]:main():compute-mfcc-feats.cc:173) Processed features for key mefg0_sx105
VLOG[2] (compute-mfcc-feats[5.4.140~1-1ab3d]:main():compute-mfcc-feats.cc:173) Processed features for key mefg0_sx15
VLOG[2] (compute-mfcc-feats[5.4.140~1-1ab3d]:main():compute-mfcc-feats.cc:173) Processed features for key mefg0_sx195
VLOG[2] (compute-mfcc-feats[5.4.140~1-1ab3d]:main():compute-mfcc-feats.cc:173) Processed features for key mefg0_sx285
VLOG[2] (compute-mfcc-feats[5.4.140~1-1ab3d]:main():compute-mfcc-feats.cc:173) Processed features for key mefg0_sx375
VLOG[2] (compute-mfcc-feats[5.4.140~1-1ab3d]:main():compute-mfcc-feats.cc:173) Processed features for key megj0_si1337
LOG (compute-mfcc-feats[5.4.140~1-1ab3d]:main():compute-mfcc-feats.cc:172) Processed 250 utterances
VLOG[2] (compute-mfcc-feats[5.4.140~1-1ab3d]:main():compute-mfcc-feats.cc:173) Processed features for key megj0_si1967
VLOG[2] (compute-mfcc-feats[5.4.140~1-1ab3d]:main():compute-mfcc-feats.cc:173) Processed features for key megj0_si707
VLOG[2] (compute-mfcc-feats[5.4.140~1-1ab3d]:main():compute-mfcc-feats.cc:173) Processed features for key megj0_sx167
VLOG[2] (compute-mfcc-feats[5.4.140~1-1ab3d]:main():compute-mfcc-feats.cc:173) Processed features for key megj0_sx257
VLOG[2] (compute-mfcc-feats[5.4.140~1-1ab3d]:main():compute-mfcc-feats.cc:173) Processed features for key megj0_sx3
VLOG[2] (compute-mfcc-feats[5.4.140~1-1ab3d]:main():compute-mfcc-feats.cc:173) Processed features for key megj0_sx437
VLOG[2] (compute-mfcc-feats[5.4.140~1-1ab3d]:main():compute-mfcc-feats.cc:173) Processed features for key megj0_sx77
VLOG[2] (compute-mfcc-feats[5.4.140~1-1ab3d]:main():compute-mfcc-feats.cc:173) Processed features for key mejl0_si1592
VLOG[2] (compute-mfcc-feats[5.4.140~1-1ab3d]:main():compute-mfcc-feats.cc:173) Processed features for key mejl0_si1654
VLOG[2] (compute-mfcc-feats[5.4.140~1-1ab3d]:main():compute-mfcc-feats.cc:173) Processed features for key mejl0_si962
LOG (compute-mfcc-feats[5.4.140~1-1ab3d]:main():compute-mfcc-feats.cc:172) Processed 260 utterances
VLOG[2] (compute-mfcc-feats[5.4.140~1-1ab3d]:main():compute-mfcc-feats.cc:173) Processed features for key mejl0_sx152
VLOG[2] (compute-mfcc-feats[5.4.140~1-1ab3d]:main():compute-mfcc-feats.cc:173) Processed features for key mejl0_sx242
VLOG[2] (compute-mfcc-feats[5.4.140~1-1ab3d]:main():compute-mfcc-feats.cc:173) Processed features for key mejl0_sx332
VLOG[2] (compute-mfcc-feats[5.4.140~1-1ab3d]:main():compute-mfcc-feats.cc:173) Processed features for key mejl0_sx422
VLOG[2] (compute-mfcc-feats[5.4.140~1-1ab3d]:main():compute-mfcc-feats.cc:173) Processed features for key mejl0_sx62
VLOG[2] (compute-mfcc-feats[5.4.140~1-1ab3d]:main():compute-mfcc-feats.cc:173) Processed features for key mejs0_si1240
VLOG[2] (compute-mfcc-feats[5.4.140~1-1ab3d]:main():compute-mfcc-feats.cc:173) Processed features for key mejs0_si1870
VLOG[2] (compute-mfcc-feats[5.4.140~1-1ab3d]:main():compute-mfcc-feats.cc:173) Processed features for key mejs0_si610
VLOG[2] (compute-mfcc-feats[5.4.140~1-1ab3d]:main():compute-mfcc-feats.cc:173) Processed features for key mejs0_sx160
VLOG[2] (compute-mfcc-feats[5.4.140~1-1ab3d]:main():compute-mfcc-feats.cc:173) Processed features for key mejs0_sx250
LOG (compute-mfcc-feats[5.4.140~1-1ab3d]:main():compute-mfcc-feats.cc:172) Processed 270 utterances
VLOG[2] (compute-mfcc-feats[5.4.140~1-1ab3d]:main():compute-mfcc-feats.cc:173) Processed features for key mejs0_sx340
VLOG[2] (compute-mfcc-feats[5.4.140~1-1ab3d]:main():compute-mfcc-feats.cc:173) Processed features for key mejs0_sx430
VLOG[2] (compute-mfcc-feats[5.4.140~1-1ab3d]:main():compute-mfcc-feats.cc:173) Processed features for key mejs0_sx70
VLOG[2] (compute-mfcc-feats[5.4.140~1-1ab3d]:main():compute-mfcc-feats.cc:173) Processed features for key mesg0_si1332
VLOG[2] (compute-mfcc-feats[5.4.140~1-1ab3d]:main():compute-mfcc-feats.cc:173) Processed features for key mesg0_si1962
VLOG[2] (compute-mfcc-feats[5.4.140~1-1ab3d]:main():compute-mfcc-feats.cc:173) Processed features for key mesg0_si702
VLOG[2] (compute-mfcc-feats[5.4.140~1-1ab3d]:main():compute-mfcc-feats.cc:173) Processed features for key mesg0_sx162
VLOG[2] (compute-mfcc-feats[5.4.140~1-1ab3d]:main():compute-mfcc-feats.cc:173) Processed features for key mesg0_sx252
VLOG[2] (compute-mfcc-feats[5.4.140~1-1ab3d]:main():compute-mfcc-feats.cc:173) Processed features for key mesg0_sx342
VLOG[2] (compute-mfcc-feats[5.4.140~1-1ab3d]:main():compute-mfcc-feats.cc:173) Processed features for key mesg0_sx432
LOG (compute-mfcc-feats[5.4.140~1-1ab3d]:main():compute-mfcc-feats.cc:172) Processed 280 utterances
VLOG[2] (compute-mfcc-feats[5.4.140~1-1ab3d]:main():compute-mfcc-feats.cc:173) Processed features for key mesg0_sx72
VLOG[2] (compute-mfcc-feats[5.4.140~1-1ab3d]:main():compute-mfcc-feats.cc:173) Processed features for key mesj0_si2039
VLOG[2] (compute-mfcc-feats[5.4.140~1-1ab3d]:main():compute-mfcc-feats.cc:173) Processed features for key mesj0_si2257
VLOG[2] (compute-mfcc-feats[5.4.140~1-1ab3d]:main():compute-mfcc-feats.cc:173) Processed features for key mesj0_si997
VLOG[2] (compute-mfcc-feats[5.4.140~1-1ab3d]:main():compute-mfcc-feats.cc:173) Processed features for key mesj0_sx187
VLOG[2] (compute-mfcc-feats[5.4.140~1-1ab3d]:main():compute-mfcc-feats.cc:173) Processed features for key mesj0_sx277
VLOG[2] (compute-mfcc-feats[5.4.140~1-1ab3d]:main():compute-mfcc-feats.cc:173) Processed features for key mesj0_sx367
VLOG[2] (compute-mfcc-feats[5.4.140~1-1ab3d]:main():compute-mfcc-feats.cc:173) Processed features for key mesj0_sx7
VLOG[2] (compute-mfcc-feats[5.4.140~1-1ab3d]:main():compute-mfcc-feats.cc:173) Processed features for key mesj0_sx97
VLOG[2] (compute-mfcc-feats[5.4.140~1-1ab3d]:main():compute-mfcc-feats.cc:173) Processed features for key mewm0_si1348
LOG (compute-mfcc-feats[5.4.140~1-1ab3d]:main():compute-mfcc-feats.cc:172) Processed 290 utterances
VLOG[2] (compute-mfcc-feats[5.4.140~1-1ab3d]:main():compute-mfcc-feats.cc:173) Processed features for key mewm0_si1978
VLOG[2] (compute-mfcc-feats[5.4.140~1-1ab3d]:main():compute-mfcc-feats.cc:173) Processed features for key mewm0_si718
VLOG[2] (compute-mfcc-feats[5.4.140~1-1ab3d]:main():compute-mfcc-feats.cc:173) Processed features for key mewm0_sx178
VLOG[2] (compute-mfcc-feats[5.4.140~1-1ab3d]:main():compute-mfcc-feats.cc:173) Processed features for key mewm0_sx268
VLOG[2] (compute-mfcc-feats[5.4.140~1-1ab3d]:main():compute-mfcc-feats.cc:173) Processed features for key mewm0_sx358
VLOG[2] (compute-mfcc-feats[5.4.140~1-1ab3d]:main():compute-mfcc-feats.cc:173) Processed features for key mewm0_sx448
VLOG[2] (compute-mfcc-feats[5.4.140~1-1ab3d]:main():compute-mfcc-feats.cc:173) Processed features for key mewm0_sx88
VLOG[2] (compute-mfcc-feats[5.4.140~1-1ab3d]:main():compute-mfcc-feats.cc:173) Processed features for key mfer0_si1492
VLOG[2] (compute-mfcc-feats[5.4.140~1-1ab3d]:main():compute-mfcc-feats.cc:173) Processed features for key mfer0_si2122
VLOG[2] (compute-mfcc-feats[5.4.140~1-1ab3d]:main():compute-mfcc-feats.cc:173) Processed features for key mfer0_si862
LOG (compute-mfcc-feats[5.4.140~1-1ab3d]:main():compute-mfcc-feats.cc:172) Processed 300 utterances
VLOG[2] (compute-mfcc-feats[5.4.140~1-1ab3d]:main():compute-mfcc-feats.cc:173) Processed features for key mfer0_sx142
VLOG[2] (compute-mfcc-feats[5.4.140~1-1ab3d]:main():compute-mfcc-feats.cc:173) Processed features for key mfer0_sx232
VLOG[2] (compute-mfcc-feats[5.4.140~1-1ab3d]:main():compute-mfcc-feats.cc:173) Processed features for key mfer0_sx322
VLOG[2] (compute-mfcc-feats[5.4.140~1-1ab3d]:main():compute-mfcc-feats.cc:173) Processed features for key mfer0_sx412
VLOG[2] (compute-mfcc-feats[5.4.140~1-1ab3d]:main():compute-mfcc-feats.cc:173) Processed features for key mfer0_sx52
VLOG[2] (compute-mfcc-feats[5.4.140~1-1ab3d]:main():compute-mfcc-feats.cc:173) Processed features for key mfmc0_si1132
VLOG[2] (compute-mfcc-feats[5.4.140~1-1ab3d]:main():compute-mfcc-feats.cc:173) Processed features for key mfmc0_si1762
VLOG[2] (compute-mfcc-feats[5.4.140~1-1ab3d]:main():compute-mfcc-feats.cc:173) Processed features for key mfmc0_si502
VLOG[2] (compute-mfcc-feats[5.4.140~1-1ab3d]:main():compute-mfcc-feats.cc:173) Processed features for key mfmc0_sx142
VLOG[2] (compute-mfcc-feats[5.4.140~1-1ab3d]:main():compute-mfcc-feats.cc:173) Processed features for key mfmc0_sx232
LOG (compute-mfcc-feats[5.4.140~1-1ab3d]:main():compute-mfcc-feats.cc:172) Processed 310 utterances
VLOG[2] (compute-mfcc-feats[5.4.140~1-1ab3d]:main():compute-mfcc-feats.cc:173) Processed features for key mfmc0_sx322
VLOG[2] (compute-mfcc-feats[5.4.140~1-1ab3d]:main():compute-mfcc-feats.cc:173) Processed features for key mfmc0_sx412
VLOG[2] (compute-mfcc-feats[5.4.140~1-1ab3d]:main():compute-mfcc-feats.cc:173) Processed features for key mfmc0_sx52
VLOG[2] (compute-mfcc-feats[5.4.140~1-1ab3d]:main():compute-mfcc-feats.cc:173) Processed features for key mfrm0_si1155
VLOG[2] (compute-mfcc-feats[5.4.140~1-1ab3d]:main():compute-mfcc-feats.cc:173) Processed features for key mfrm0_si1717
VLOG[2] (compute-mfcc-feats[5.4.140~1-1ab3d]:main():compute-mfcc-feats.cc:173) Processed features for key mfrm0_si1785
VLOG[2] (compute-mfcc-feats[5.4.140~1-1ab3d]:main():compute-mfcc-feats.cc:173) Processed features for key mfrm0_sx165
VLOG[2] (compute-mfcc-feats[5.4.140~1-1ab3d]:main():compute-mfcc-feats.cc:173) Processed features for key mfrm0_sx255
VLOG[2] (compute-mfcc-feats[5.4.140~1-1ab3d]:main():compute-mfcc-feats.cc:173) Processed features for key mfrm0_sx345
VLOG[2] (compute-mfcc-feats[5.4.140~1-1ab3d]:main():compute-mfcc-feats.cc:173) Processed features for key mfrm0_sx435
LOG (compute-mfcc-feats[5.4.140~1-1ab3d]:main():compute-mfcc-feats.cc:172) Processed 320 utterances
VLOG[2] (compute-mfcc-feats[5.4.140~1-1ab3d]:main():compute-mfcc-feats.cc:173) Processed features for key mfrm0_sx75
VLOG[2] (compute-mfcc-feats[5.4.140~1-1ab3d]:main():compute-mfcc-feats.cc:173) Processed features for key mfwk0_si1249
VLOG[2] (compute-mfcc-feats[5.4.140~1-1ab3d]:main():compute-mfcc-feats.cc:173) Processed features for key mfwk0_si1879
VLOG[2] (compute-mfcc-feats[5.4.140~1-1ab3d]:main():compute-mfcc-feats.cc:173) Processed features for key mfwk0_si619
VLOG[2] (compute-mfcc-feats[5.4.140~1-1ab3d]:main():compute-mfcc-feats.cc:173) Processed features for key mfwk0_sx169
VLOG[2] (compute-mfcc-feats[5.4.140~1-1ab3d]:main():compute-mfcc-feats.cc:173) Processed features for key mfwk0_sx259
VLOG[2] (compute-mfcc-feats[5.4.140~1-1ab3d]:main():compute-mfcc-feats.cc:173) Processed features for key mfwk0_sx349
VLOG[2] (compute-mfcc-feats[5.4.140~1-1ab3d]:main():compute-mfcc-feats.cc:173) Processed features for key mfwk0_sx439
VLOG[2] (compute-mfcc-feats[5.4.140~1-1ab3d]:main():compute-mfcc-feats.cc:173) Processed features for key mfwk0_sx79
VLOG[2] (compute-mfcc-feats[5.4.140~1-1ab3d]:main():compute-mfcc-feats.cc:173) Processed features for key mfxs0_si1674
LOG (compute-mfcc-feats[5.4.140~1-1ab3d]:main():compute-mfcc-feats.cc:172) Processed 330 utterances
VLOG[2] (compute-mfcc-feats[5.4.140~1-1ab3d]:main():compute-mfcc-feats.cc:173) Processed features for key mfxs0_si2225
VLOG[2] (compute-mfcc-feats[5.4.140~1-1ab3d]:main():compute-mfcc-feats.cc:173) Processed features for key mfxs0_si2304
VLOG[2] (compute-mfcc-feats[5.4.140~1-1ab3d]:main():compute-mfcc-feats.cc:173) Processed features for key mfxs0_sx144
VLOG[2] (compute-mfcc-feats[5.4.140~1-1ab3d]:main():compute-mfcc-feats.cc:173) Processed features for key mfxs0_sx234
VLOG[2] (compute-mfcc-feats[5.4.140~1-1ab3d]:main():compute-mfcc-feats.cc:173) Processed features for key mfxs0_sx324
VLOG[2] (compute-mfcc-feats[5.4.140~1-1ab3d]:main():compute-mfcc-feats.cc:173) Processed features for key mfxs0_sx414
VLOG[2] (compute-mfcc-feats[5.4.140~1-1ab3d]:main():compute-mfcc-feats.cc:173) Processed features for key mfxs0_sx54
VLOG[2] (compute-mfcc-feats[5.4.140~1-1ab3d]:main():compute-mfcc-feats.cc:173) Processed features for key mfxv0_si1005
VLOG[2] (compute-mfcc-feats[5.4.140~1-1ab3d]:main():compute-mfcc-feats.cc:173) Processed features for key mfxv0_si1342
VLOG[2] (compute-mfcc-feats[5.4.140~1-1ab3d]:main():compute-mfcc-feats.cc:173) Processed features for key mfxv0_si1635
LOG (compute-mfcc-feats[5.4.140~1-1ab3d]:main():compute-mfcc-feats.cc:172) Processed 340 utterances
VLOG[2] (compute-mfcc-feats[5.4.140~1-1ab3d]:main():compute-mfcc-feats.cc:173) Processed features for key mfxv0_sx105
VLOG[2] (compute-mfcc-feats[5.4.140~1-1ab3d]:main():compute-mfcc-feats.cc:173) Processed features for key mfxv0_sx15
VLOG[2] (compute-mfcc-feats[5.4.140~1-1ab3d]:main():compute-mfcc-feats.cc:173) Processed features for key mfxv0_sx195
VLOG[2] (compute-mfcc-feats[5.4.140~1-1ab3d]:main():compute-mfcc-feats.cc:173) Processed features for key mfxv0_sx285
VLOG[2] (compute-mfcc-feats[5.4.140~1-1ab3d]:main():compute-mfcc-feats.cc:173) Processed features for key mfxv0_sx375
VLOG[2] (compute-mfcc-feats[5.4.140~1-1ab3d]:main():compute-mfcc-feats.cc:173) Processed features for key mgaf0_si1282
VLOG[2] (compute-mfcc-feats[5.4.140~1-1ab3d]:main():compute-mfcc-feats.cc:173) Processed features for key mgaf0_si1912
VLOG[2] (compute-mfcc-feats[5.4.140~1-1ab3d]:main():compute-mfcc-feats.cc:173) Processed features for key mgaf0_si652
VLOG[2] (compute-mfcc-feats[5.4.140~1-1ab3d]:main():compute-mfcc-feats.cc:173) Processed features for key mgaf0_sx112
VLOG[2] (compute-mfcc-feats[5.4.140~1-1ab3d]:main():compute-mfcc-feats.cc:173) Processed features for key mgaf0_sx202
LOG (compute-mfcc-feats[5.4.140~1-1ab3d]:main():compute-mfcc-feats.cc:172) Processed 350 utterances
VLOG[2] (compute-mfcc-feats[5.4.140~1-1ab3d]:main():compute-mfcc-feats.cc:173) Processed features for key mgaf0_sx22
VLOG[2] (compute-mfcc-feats[5.4.140~1-1ab3d]:main():compute-mfcc-feats.cc:173) Processed features for key mgaf0_sx292
VLOG[2] (compute-mfcc-feats[5.4.140~1-1ab3d]:main():compute-mfcc-feats.cc:173) Processed features for key mgaf0_sx382
VLOG[2] (compute-mfcc-feats[5.4.140~1-1ab3d]:main():compute-mfcc-feats.cc:173) Processed features for key mgag0_si1321
VLOG[2] (compute-mfcc-feats[5.4.140~1-1ab3d]:main():compute-mfcc-feats.cc:173) Processed features for key mgag0_si645
VLOG[2] (compute-mfcc-feats[5.4.140~1-1ab3d]:main():compute-mfcc-feats.cc:173) Processed features for key mgag0_si691
VLOG[2] (compute-mfcc-feats[5.4.140~1-1ab3d]:main():compute-mfcc-feats.cc:173) Processed features for key mgag0_sx151
VLOG[2] (compute-mfcc-feats[5.4.140~1-1ab3d]:main():compute-mfcc-feats.cc:173) Processed features for key mgag0_sx241
VLOG[2] (compute-mfcc-feats[5.4.140~1-1ab3d]:main():compute-mfcc-feats.cc:173) Processed features for key mgag0_sx331
VLOG[2] (compute-mfcc-feats[5.4.140~1-1ab3d]:main():compute-mfcc-feats.cc:173) Processed features for key mgag0_sx421
LOG (compute-mfcc-feats[5.4.140~1-1ab3d]:main():compute-mfcc-feats.cc:172) Processed 360 utterances
VLOG[2] (compute-mfcc-feats[5.4.140~1-1ab3d]:main():compute-mfcc-feats.cc:173) Processed features for key mgag0_sx61
VLOG[2] (compute-mfcc-feats[5.4.140~1-1ab3d]:main():compute-mfcc-feats.cc:173) Processed features for key mgak0_si1036
VLOG[2] (compute-mfcc-feats[5.4.140~1-1ab3d]:main():compute-mfcc-feats.cc:173) Processed features for key mgak0_si1666
VLOG[2] (compute-mfcc-feats[5.4.140~1-1ab3d]:main():compute-mfcc-feats.cc:173) Processed features for key mgak0_si2296
VLOG[2] (compute-mfcc-feats[5.4.140~1-1ab3d]:main():compute-mfcc-feats.cc:173) Processed features for key mgak0_sx136
VLOG[2] (compute-mfcc-feats[5.4.140~1-1ab3d]:main():compute-mfcc-feats.cc:173) Processed features for key mgak0_sx226
VLOG[2] (compute-mfcc-feats[5.4.140~1-1ab3d]:main():compute-mfcc-feats.cc:173) Processed features for key mgak0_sx316
VLOG[2] (compute-mfcc-feats[5.4.140~1-1ab3d]:main():compute-mfcc-feats.cc:173) Processed features for key mgak0_sx406
VLOG[2] (compute-mfcc-feats[5.4.140~1-1ab3d]:main():compute-mfcc-feats.cc:173) Processed features for key mgak0_sx46
VLOG[2] (compute-mfcc-feats[5.4.140~1-1ab3d]:main():compute-mfcc-feats.cc:173) Processed features for key mgar0_si1212
LOG (compute-mfcc-feats[5.4.140~1-1ab3d]:main():compute-mfcc-feats.cc:172) Processed 370 utterances
VLOG[2] (compute-mfcc-feats[5.4.140~1-1ab3d]:main():compute-mfcc-feats.cc:173) Processed features for key mgar0_si1694
LOG (compute-mfcc-feats[5.4.140~1-1ab3d]:main():compute-mfcc-feats.cc:176)  Done 370 out of 370 utterances.
LOG (copy-feats[5.4.140~1-1ab3d]:main():copy-feats.cc:143) Copied 370 feature matrices.
# Accounting: time=10 threads=1
# Ended (code 0) at Fri Jun 15 16:51:10 CST 2018, elapsed time 10 seconds
