# compute-mfcc-feats --verbose=2 --config=conf/mfcc.conf scp,p:exp/make_mfcc/train/wav_train.9.scp ark:- | copy-feats --compress=true ark:- ark,scp:/home/lh17/project/timit/s5/mfcc/raw_mfcc_train.9.ark,/home/lh17/project/timit/s5/mfcc/raw_mfcc_train.9.scp 
# Started at Fri Jun 15 16:51:00 CST 2018
#
copy-feats --compress=true ark:- ark,scp:/home/lh17/project/timit/s5/mfcc/raw_mfcc_train.9.ark,/home/lh17/project/timit/s5/mfcc/raw_mfcc_train.9.scp 
compute-mfcc-feats --verbose=2 --config=conf/mfcc.conf scp,p:exp/make_mfcc/train/wav_train.9.scp ark:- 
VLOG[2] (compute-mfcc-feats[5.4.140~1-1ab3d]:main():compute-mfcc-feats.cc:173) Processed features for key mrgm0_sx442
VLOG[2] (compute-mfcc-feats[5.4.140~1-1ab3d]:main():compute-mfcc-feats.cc:173) Processed features for key mrgm0_sx82
VLOG[2] (compute-mfcc-feats[5.4.140~1-1ab3d]:main():compute-mfcc-feats.cc:173) Processed features for key mrgs0_si1356
VLOG[2] (compute-mfcc-feats[5.4.140~1-1ab3d]:main():compute-mfcc-feats.cc:173) Processed features for key mrgs0_si1986
VLOG[2] (compute-mfcc-feats[5.4.140~1-1ab3d]:main():compute-mfcc-feats.cc:173) Processed features for key mrgs0_si726
VLOG[2] (compute-mfcc-feats[5.4.140~1-1ab3d]:main():compute-mfcc-feats.cc:173) Processed features for key mrgs0_sx186
VLOG[2] (compute-mfcc-feats[5.4.140~1-1ab3d]:main():compute-mfcc-feats.cc:173) Processed features for key mrgs0_sx276
VLOG[2] (compute-mfcc-feats[5.4.140~1-1ab3d]:main():compute-mfcc-feats.cc:173) Processed features for key mrgs0_sx366
VLOG[2] (compute-mfcc-feats[5.4.140~1-1ab3d]:main():compute-mfcc-feats.cc:173) Processed features for key mrgs0_sx6
LOG (compute-mfcc-feats[5.4.140~1-1ab3d]:main():compute-mfcc-feats.cc:172) Processed 10 utterances
VLOG[2] (compute-mfcc-feats[5.4.140~1-1ab3d]:main():compute-mfcc-feats.cc:173) Processed features for key mrgs0_sx96
VLOG[2] (compute-mfcc-feats[5.4.140~1-1ab3d]:main():compute-mfcc-feats.cc:173) Processed features for key mrhl0_si1515
VLOG[2] (compute-mfcc-feats[5.4.140~1-1ab3d]:main():compute-mfcc-feats.cc:173) Processed features for key mrhl0_si2145
VLOG[2] (compute-mfcc-feats[5.4.140~1-1ab3d]:main():compute-mfcc-feats.cc:173) Processed features for key mrhl0_si885
VLOG[2] (compute-mfcc-feats[5.4.140~1-1ab3d]:main():compute-mfcc-feats.cc:173) Processed features for key mrhl0_sx165
VLOG[2] (compute-mfcc-feats[5.4.140~1-1ab3d]:main():compute-mfcc-feats.cc:173) Processed features for key mrhl0_sx255
VLOG[2] (compute-mfcc-feats[5.4.140~1-1ab3d]:main():compute-mfcc-feats.cc:173) Processed features for key mrhl0_sx345
VLOG[2] (compute-mfcc-feats[5.4.140~1-1ab3d]:main():compute-mfcc-feats.cc:173) Processed features for key mrhl0_sx435
VLOG[2] (compute-mfcc-feats[5.4.140~1-1ab3d]:main():compute-mfcc-feats.cc:173) Processed features for key mrhl0_sx75
VLOG[2] (compute-mfcc-feats[5.4.140~1-1ab3d]:main():compute-mfcc-feats.cc:173) Processed features for key mrjb1_si1020
LOG (compute-mfcc-feats[5.4.140~1-1ab3d]:main():compute-mfcc-feats.cc:172) Processed 20 utterances
VLOG[2] (compute-mfcc-feats[5.4.140~1-1ab3d]:main():compute-mfcc-feats.cc:173) Processed features for key mrjb1_si1413
VLOG[2] (compute-mfcc-feats[5.4.140~1-1ab3d]:main():compute-mfcc-feats.cc:173) Processed features for key mrjb1_si2021
VLOG[2] (compute-mfcc-feats[5.4.140~1-1ab3d]:main():compute-mfcc-feats.cc:173) Processed features for key mrjb1_sx120
VLOG[2] (compute-mfcc-feats[5.4.140~1-1ab3d]:main():compute-mfcc-feats.cc:173) Processed features for key mrjb1_sx210
VLOG[2] (compute-mfcc-feats[5.4.140~1-1ab3d]:main():compute-mfcc-feats.cc:173) Processed features for key mrjb1_sx30
VLOG[2] (compute-mfcc-feats[5.4.140~1-1ab3d]:main():compute-mfcc-feats.cc:173) Processed features for key mrjb1_sx300
VLOG[2] (compute-mfcc-feats[5.4.140~1-1ab3d]:main():compute-mfcc-feats.cc:173) Processed features for key mrjb1_sx390
VLOG[2] (compute-mfcc-feats[5.4.140~1-1ab3d]:main():compute-mfcc-feats.cc:173) Processed features for key mrjh0_si1519
VLOG[2] (compute-mfcc-feats[5.4.140~1-1ab3d]:main():compute-mfcc-feats.cc:173) Processed features for key mrjh0_si889
VLOG[2] (compute-mfcc-feats[5.4.140~1-1ab3d]:main():compute-mfcc-feats.cc:173) Processed features for key mrjh0_si914
LOG (compute-mfcc-feats[5.4.140~1-1ab3d]:main():compute-mfcc-feats.cc:172) Processed 30 utterances
VLOG[2] (compute-mfcc-feats[5.4.140~1-1ab3d]:main():compute-mfcc-feats.cc:173) Processed features for key mrjh0_sx169
VLOG[2] (compute-mfcc-feats[5.4.140~1-1ab3d]:main():compute-mfcc-feats.cc:173) Processed features for key mrjh0_sx259
VLOG[2] (compute-mfcc-feats[5.4.140~1-1ab3d]:main():compute-mfcc-feats.cc:173) Processed features for key mrjh0_sx307
VLOG[2] (compute-mfcc-feats[5.4.140~1-1ab3d]:main():compute-mfcc-feats.cc:173) Processed features for key mrjh0_sx439
VLOG[2] (compute-mfcc-feats[5.4.140~1-1ab3d]:main():compute-mfcc-feats.cc:173) Processed features for key mrjh0_sx79
VLOG[2] (compute-mfcc-feats[5.4.140~1-1ab3d]:main():compute-mfcc-feats.cc:173) Processed features for key mrjm0_si1095
VLOG[2] (compute-mfcc-feats[5.4.140~1-1ab3d]:main():compute-mfcc-feats.cc:173) Processed features for key mrjm0_si1228
VLOG[2] (compute-mfcc-feats[5.4.140~1-1ab3d]:main():compute-mfcc-feats.cc:173) Processed features for key mrjm0_si1858
VLOG[2] (compute-mfcc-feats[5.4.140~1-1ab3d]:main():compute-mfcc-feats.cc:173) Processed features for key mrjm0_sx148
VLOG[2] (compute-mfcc-feats[5.4.140~1-1ab3d]:main():compute-mfcc-feats.cc:173) Processed features for key mrjm0_sx238
LOG (compute-mfcc-feats[5.4.140~1-1ab3d]:main():compute-mfcc-feats.cc:172) Processed 40 utterances
VLOG[2] (compute-mfcc-feats[5.4.140~1-1ab3d]:main():compute-mfcc-feats.cc:173) Processed features for key mrjm0_sx328
VLOG[2] (compute-mfcc-feats[5.4.140~1-1ab3d]:main():compute-mfcc-feats.cc:173) Processed features for key mrjm0_sx418
VLOG[2] (compute-mfcc-feats[5.4.140~1-1ab3d]:main():compute-mfcc-feats.cc:173) Processed features for key mrjm0_sx58
VLOG[2] (compute-mfcc-feats[5.4.140~1-1ab3d]:main():compute-mfcc-feats.cc:173) Processed features for key mrjm1_si1298
VLOG[2] (compute-mfcc-feats[5.4.140~1-1ab3d]:main():compute-mfcc-feats.cc:173) Processed features for key mrjm1_si1928
VLOG[2] (compute-mfcc-feats[5.4.140~1-1ab3d]:main():compute-mfcc-feats.cc:173) Processed features for key mrjm1_si668
VLOG[2] (compute-mfcc-feats[5.4.140~1-1ab3d]:main():compute-mfcc-feats.cc:173) Processed features for key mrjm1_sx128
VLOG[2] (compute-mfcc-feats[5.4.140~1-1ab3d]:main():compute-mfcc-feats.cc:173) Processed features for key mrjm1_sx218
VLOG[2] (compute-mfcc-feats[5.4.140~1-1ab3d]:main():compute-mfcc-feats.cc:173) Processed features for key mrjm1_sx308
VLOG[2] (compute-mfcc-feats[5.4.140~1-1ab3d]:main():compute-mfcc-feats.cc:173) Processed features for key mrjm1_sx38
LOG (compute-mfcc-feats[5.4.140~1-1ab3d]:main():compute-mfcc-feats.cc:172) Processed 50 utterances
VLOG[2] (compute-mfcc-feats[5.4.140~1-1ab3d]:main():compute-mfcc-feats.cc:173) Processed features for key mrjm1_sx398
VLOG[2] (compute-mfcc-feats[5.4.140~1-1ab3d]:main():compute-mfcc-feats.cc:173) Processed features for key mrjt0_si1498
VLOG[2] (compute-mfcc-feats[5.4.140~1-1ab3d]:main():compute-mfcc-feats.cc:173) Processed features for key mrjt0_si1805
VLOG[2] (compute-mfcc-feats[5.4.140~1-1ab3d]:main():compute-mfcc-feats.cc:173) Processed features for key mrjt0_si868
VLOG[2] (compute-mfcc-feats[5.4.140~1-1ab3d]:main():compute-mfcc-feats.cc:173) Processed features for key mrjt0_sx148
VLOG[2] (compute-mfcc-feats[5.4.140~1-1ab3d]:main():compute-mfcc-feats.cc:173) Processed features for key mrjt0_sx238
VLOG[2] (compute-mfcc-feats[5.4.140~1-1ab3d]:main():compute-mfcc-feats.cc:173) Processed features for key mrjt0_sx328
VLOG[2] (compute-mfcc-feats[5.4.140~1-1ab3d]:main():compute-mfcc-feats.cc:173) Processed features for key mrjt0_sx418
VLOG[2] (compute-mfcc-feats[5.4.140~1-1ab3d]:main():compute-mfcc-feats.cc:173) Processed features for key mrjt0_sx58
VLOG[2] (compute-mfcc-feats[5.4.140~1-1ab3d]:main():compute-mfcc-feats.cc:173) Processed features for key mrkm0_si1267
LOG (compute-mfcc-feats[5.4.140~1-1ab3d]:main():compute-mfcc-feats.cc:172) Processed 60 utterances
VLOG[2] (compute-mfcc-feats[5.4.140~1-1ab3d]:main():compute-mfcc-feats.cc:173) Processed features for key mrkm0_si1391
VLOG[2] (compute-mfcc-feats[5.4.140~1-1ab3d]:main():compute-mfcc-feats.cc:173) Processed features for key mrkm0_si637
VLOG[2] (compute-mfcc-feats[5.4.140~1-1ab3d]:main():compute-mfcc-feats.cc:173) Processed features for key mrkm0_sx187
VLOG[2] (compute-mfcc-feats[5.4.140~1-1ab3d]:main():compute-mfcc-feats.cc:173) Processed features for key mrkm0_sx277
VLOG[2] (compute-mfcc-feats[5.4.140~1-1ab3d]:main():compute-mfcc-feats.cc:173) Processed features for key mrkm0_sx367
VLOG[2] (compute-mfcc-feats[5.4.140~1-1ab3d]:main():compute-mfcc-feats.cc:173) Processed features for key mrkm0_sx7
VLOG[2] (compute-mfcc-feats[5.4.140~1-1ab3d]:main():compute-mfcc-feats.cc:173) Processed features for key mrkm0_sx97
VLOG[2] (compute-mfcc-feats[5.4.140~1-1ab3d]:main():compute-mfcc-feats.cc:173) Processed features for key mrld0_si1594
VLOG[2] (compute-mfcc-feats[5.4.140~1-1ab3d]:main():compute-mfcc-feats.cc:173) Processed features for key mrld0_si2224
VLOG[2] (compute-mfcc-feats[5.4.140~1-1ab3d]:main():compute-mfcc-feats.cc:173) Processed features for key mrld0_si964
LOG (compute-mfcc-feats[5.4.140~1-1ab3d]:main():compute-mfcc-feats.cc:172) Processed 70 utterances
VLOG[2] (compute-mfcc-feats[5.4.140~1-1ab3d]:main():compute-mfcc-feats.cc:173) Processed features for key mrld0_sx154
VLOG[2] (compute-mfcc-feats[5.4.140~1-1ab3d]:main():compute-mfcc-feats.cc:173) Processed features for key mrld0_sx244
VLOG[2] (compute-mfcc-feats[5.4.140~1-1ab3d]:main():compute-mfcc-feats.cc:173) Processed features for key mrld0_sx334
VLOG[2] (compute-mfcc-feats[5.4.140~1-1ab3d]:main():compute-mfcc-feats.cc:173) Processed features for key mrld0_sx424
VLOG[2] (compute-mfcc-feats[5.4.140~1-1ab3d]:main():compute-mfcc-feats.cc:173) Processed features for key mrld0_sx64
VLOG[2] (compute-mfcc-feats[5.4.140~1-1ab3d]:main():compute-mfcc-feats.cc:173) Processed features for key mrlj0_si1420
VLOG[2] (compute-mfcc-feats[5.4.140~1-1ab3d]:main():compute-mfcc-feats.cc:173) Processed features for key mrlj0_si2050
VLOG[2] (compute-mfcc-feats[5.4.140~1-1ab3d]:main():compute-mfcc-feats.cc:173) Processed features for key mrlj0_si790
VLOG[2] (compute-mfcc-feats[5.4.140~1-1ab3d]:main():compute-mfcc-feats.cc:173) Processed features for key mrlj0_sx160
VLOG[2] (compute-mfcc-feats[5.4.140~1-1ab3d]:main():compute-mfcc-feats.cc:173) Processed features for key mrlj0_sx250
LOG (compute-mfcc-feats[5.4.140~1-1ab3d]:main():compute-mfcc-feats.cc:172) Processed 80 utterances
VLOG[2] (compute-mfcc-feats[5.4.140~1-1ab3d]:main():compute-mfcc-feats.cc:173) Processed features for key mrlj0_sx340
VLOG[2] (compute-mfcc-feats[5.4.140~1-1ab3d]:main():compute-mfcc-feats.cc:173) Processed features for key mrlj0_sx430
VLOG[2] (compute-mfcc-feats[5.4.140~1-1ab3d]:main():compute-mfcc-feats.cc:173) Processed features for key mrlj0_sx70
VLOG[2] (compute-mfcc-feats[5.4.140~1-1ab3d]:main():compute-mfcc-feats.cc:173) Processed features for key mrlj1_si1671
VLOG[2] (compute-mfcc-feats[5.4.140~1-1ab3d]:main():compute-mfcc-feats.cc:173) Processed features for key mrlj1_si2301
VLOG[2] (compute-mfcc-feats[5.4.140~1-1ab3d]:main():compute-mfcc-feats.cc:173) Processed features for key mrlj1_si2332
VLOG[2] (compute-mfcc-feats[5.4.140~1-1ab3d]:main():compute-mfcc-feats.cc:173) Processed features for key mrlj1_sx141
VLOG[2] (compute-mfcc-feats[5.4.140~1-1ab3d]:main():compute-mfcc-feats.cc:173) Processed features for key mrlj1_sx231
VLOG[2] (compute-mfcc-feats[5.4.140~1-1ab3d]:main():compute-mfcc-feats.cc:173) Processed features for key mrlj1_sx321
VLOG[2] (compute-mfcc-feats[5.4.140~1-1ab3d]:main():compute-mfcc-feats.cc:173) Processed features for key mrlj1_sx411
LOG (compute-mfcc-feats[5.4.140~1-1ab3d]:main():compute-mfcc-feats.cc:172) Processed 90 utterances
VLOG[2] (compute-mfcc-feats[5.4.140~1-1ab3d]:main():compute-mfcc-feats.cc:173) Processed features for key mrlj1_sx51
VLOG[2] (compute-mfcc-feats[5.4.140~1-1ab3d]:main():compute-mfcc-feats.cc:173) Processed features for key mrlk0_si1468
VLOG[2] (compute-mfcc-feats[5.4.140~1-1ab3d]:main():compute-mfcc-feats.cc:173) Processed features for key mrlk0_si2140
VLOG[2] (compute-mfcc-feats[5.4.140~1-1ab3d]:main():compute-mfcc-feats.cc:173) Processed features for key mrlk0_si843
VLOG[2] (compute-mfcc-feats[5.4.140~1-1ab3d]:main():compute-mfcc-feats.cc:173) Processed features for key mrlk0_sx123
VLOG[2] (compute-mfcc-feats[5.4.140~1-1ab3d]:main():compute-mfcc-feats.cc:173) Processed features for key mrlk0_sx213
VLOG[2] (compute-mfcc-feats[5.4.140~1-1ab3d]:main():compute-mfcc-feats.cc:173) Processed features for key mrlk0_sx303
VLOG[2] (compute-mfcc-feats[5.4.140~1-1ab3d]:main():compute-mfcc-feats.cc:173) Processed features for key mrlk0_sx33
VLOG[2] (compute-mfcc-feats[5.4.140~1-1ab3d]:main():compute-mfcc-feats.cc:173) Processed features for key mrlk0_sx393
VLOG[2] (compute-mfcc-feats[5.4.140~1-1ab3d]:main():compute-mfcc-feats.cc:173) Processed features for key mrlr0_si1196
LOG (compute-mfcc-feats[5.4.140~1-1ab3d]:main():compute-mfcc-feats.cc:172) Processed 100 utterances
VLOG[2] (compute-mfcc-feats[5.4.140~1-1ab3d]:main():compute-mfcc-feats.cc:173) Processed features for key mrlr0_si1826
VLOG[2] (compute-mfcc-feats[5.4.140~1-1ab3d]:main():compute-mfcc-feats.cc:173) Processed features for key mrlr0_si566
VLOG[2] (compute-mfcc-feats[5.4.140~1-1ab3d]:main():compute-mfcc-feats.cc:173) Processed features for key mrlr0_sx116
VLOG[2] (compute-mfcc-feats[5.4.140~1-1ab3d]:main():compute-mfcc-feats.cc:173) Processed features for key mrlr0_sx206
VLOG[2] (compute-mfcc-feats[5.4.140~1-1ab3d]:main():compute-mfcc-feats.cc:173) Processed features for key mrlr0_sx26
VLOG[2] (compute-mfcc-feats[5.4.140~1-1ab3d]:main():compute-mfcc-feats.cc:173) Processed features for key mrlr0_sx296
VLOG[2] (compute-mfcc-feats[5.4.140~1-1ab3d]:main():compute-mfcc-feats.cc:173) Processed features for key mrlr0_sx386
VLOG[2] (compute-mfcc-feats[5.4.140~1-1ab3d]:main():compute-mfcc-feats.cc:173) Processed features for key mrmb0_si1581
VLOG[2] (compute-mfcc-feats[5.4.140~1-1ab3d]:main():compute-mfcc-feats.cc:173) Processed features for key mrmb0_si2211
VLOG[2] (compute-mfcc-feats[5.4.140~1-1ab3d]:main():compute-mfcc-feats.cc:173) Processed features for key mrmb0_si951
LOG (compute-mfcc-feats[5.4.140~1-1ab3d]:main():compute-mfcc-feats.cc:172) Processed 110 utterances
VLOG[2] (compute-mfcc-feats[5.4.140~1-1ab3d]:main():compute-mfcc-feats.cc:173) Processed features for key mrmb0_sx141
VLOG[2] (compute-mfcc-feats[5.4.140~1-1ab3d]:main():compute-mfcc-feats.cc:173) Processed features for key mrmb0_sx231
VLOG[2] (compute-mfcc-feats[5.4.140~1-1ab3d]:main():compute-mfcc-feats.cc:173) Processed features for key mrmb0_sx321
VLOG[2] (compute-mfcc-feats[5.4.140~1-1ab3d]:main():compute-mfcc-feats.cc:173) Processed features for key mrmb0_sx411
VLOG[2] (compute-mfcc-feats[5.4.140~1-1ab3d]:main():compute-mfcc-feats.cc:173) Processed features for key mrmb0_sx51
VLOG[2] (compute-mfcc-feats[5.4.140~1-1ab3d]:main():compute-mfcc-feats.cc:173) Processed features for key mrmg0_si1080
VLOG[2] (compute-mfcc-feats[5.4.140~1-1ab3d]:main():compute-mfcc-feats.cc:173) Processed features for key mrmg0_si1710
VLOG[2] (compute-mfcc-feats[5.4.140~1-1ab3d]:main():compute-mfcc-feats.cc:173) Processed features for key mrmg0_si2340
VLOG[2] (compute-mfcc-feats[5.4.140~1-1ab3d]:main():compute-mfcc-feats.cc:173) Processed features for key mrmg0_sx180
VLOG[2] (compute-mfcc-feats[5.4.140~1-1ab3d]:main():compute-mfcc-feats.cc:173) Processed features for key mrmg0_sx270
LOG (compute-mfcc-feats[5.4.140~1-1ab3d]:main():compute-mfcc-feats.cc:172) Processed 120 utterances
VLOG[2] (compute-mfcc-feats[5.4.140~1-1ab3d]:main():compute-mfcc-feats.cc:173) Processed features for key mrmg0_sx360
VLOG[2] (compute-mfcc-feats[5.4.140~1-1ab3d]:main():compute-mfcc-feats.cc:173) Processed features for key mrmg0_sx450
VLOG[2] (compute-mfcc-feats[5.4.140~1-1ab3d]:main():compute-mfcc-feats.cc:173) Processed features for key mrmg0_sx90
VLOG[2] (compute-mfcc-feats[5.4.140~1-1ab3d]:main():compute-mfcc-feats.cc:173) Processed features for key mrmh0_si1021
VLOG[2] (compute-mfcc-feats[5.4.140~1-1ab3d]:main():compute-mfcc-feats.cc:173) Processed features for key mrmh0_si1349
VLOG[2] (compute-mfcc-feats[5.4.140~1-1ab3d]:main():compute-mfcc-feats.cc:173) Processed features for key mrmh0_si2281
VLOG[2] (compute-mfcc-feats[5.4.140~1-1ab3d]:main():compute-mfcc-feats.cc:173) Processed features for key mrmh0_sx121
VLOG[2] (compute-mfcc-feats[5.4.140~1-1ab3d]:main():compute-mfcc-feats.cc:173) Processed features for key mrmh0_sx211
VLOG[2] (compute-mfcc-feats[5.4.140~1-1ab3d]:main():compute-mfcc-feats.cc:173) Processed features for key mrmh0_sx301
VLOG[2] (compute-mfcc-feats[5.4.140~1-1ab3d]:main():compute-mfcc-feats.cc:173) Processed features for key mrmh0_sx31
LOG (compute-mfcc-feats[5.4.140~1-1ab3d]:main():compute-mfcc-feats.cc:172) Processed 130 utterances
VLOG[2] (compute-mfcc-feats[5.4.140~1-1ab3d]:main():compute-mfcc-feats.cc:173) Processed features for key mrmh0_sx391
VLOG[2] (compute-mfcc-feats[5.4.140~1-1ab3d]:main():compute-mfcc-feats.cc:173) Processed features for key mrml0_si1421
VLOG[2] (compute-mfcc-feats[5.4.140~1-1ab3d]:main():compute-mfcc-feats.cc:173) Processed features for key mrml0_si2051
VLOG[2] (compute-mfcc-feats[5.4.140~1-1ab3d]:main():compute-mfcc-feats.cc:173) Processed features for key mrml0_si791
VLOG[2] (compute-mfcc-feats[5.4.140~1-1ab3d]:main():compute-mfcc-feats.cc:173) Processed features for key mrml0_sx161
VLOG[2] (compute-mfcc-feats[5.4.140~1-1ab3d]:main():compute-mfcc-feats.cc:173) Processed features for key mrml0_sx251
VLOG[2] (compute-mfcc-feats[5.4.140~1-1ab3d]:main():compute-mfcc-feats.cc:173) Processed features for key mrml0_sx341
VLOG[2] (compute-mfcc-feats[5.4.140~1-1ab3d]:main():compute-mfcc-feats.cc:173) Processed features for key mrml0_sx431
VLOG[2] (compute-mfcc-feats[5.4.140~1-1ab3d]:main():compute-mfcc-feats.cc:173) Processed features for key mrml0_sx71
VLOG[2] (compute-mfcc-feats[5.4.140~1-1ab3d]:main():compute-mfcc-feats.cc:173) Processed features for key mrms0_si1113
LOG (compute-mfcc-feats[5.4.140~1-1ab3d]:main():compute-mfcc-feats.cc:172) Processed 140 utterances
VLOG[2] (compute-mfcc-feats[5.4.140~1-1ab3d]:main():compute-mfcc-feats.cc:173) Processed features for key mrms0_si2057
VLOG[2] (compute-mfcc-feats[5.4.140~1-1ab3d]:main():compute-mfcc-feats.cc:173) Processed features for key mrms0_si2100
VLOG[2] (compute-mfcc-feats[5.4.140~1-1ab3d]:main():compute-mfcc-feats.cc:173) Processed features for key mrms0_sx120
VLOG[2] (compute-mfcc-feats[5.4.140~1-1ab3d]:main():compute-mfcc-feats.cc:173) Processed features for key mrms0_sx210
VLOG[2] (compute-mfcc-feats[5.4.140~1-1ab3d]:main():compute-mfcc-feats.cc:173) Processed features for key mrms0_sx30
VLOG[2] (compute-mfcc-feats[5.4.140~1-1ab3d]:main():compute-mfcc-feats.cc:173) Processed features for key mrms0_sx300
VLOG[2] (compute-mfcc-feats[5.4.140~1-1ab3d]:main():compute-mfcc-feats.cc:173) Processed features for key mrms0_sx390
VLOG[2] (compute-mfcc-feats[5.4.140~1-1ab3d]:main():compute-mfcc-feats.cc:173) Processed features for key mrpc1_si1482
VLOG[2] (compute-mfcc-feats[5.4.140~1-1ab3d]:main():compute-mfcc-feats.cc:173) Processed features for key mrpc1_si2026
VLOG[2] (compute-mfcc-feats[5.4.140~1-1ab3d]:main():compute-mfcc-feats.cc:173) Processed features for key mrpc1_si2112
LOG (compute-mfcc-feats[5.4.140~1-1ab3d]:main():compute-mfcc-feats.cc:172) Processed 150 utterances
VLOG[2] (compute-mfcc-feats[5.4.140~1-1ab3d]:main():compute-mfcc-feats.cc:173) Processed features for key mrpc1_sx132
VLOG[2] (compute-mfcc-feats[5.4.140~1-1ab3d]:main():compute-mfcc-feats.cc:173) Processed features for key mrpc1_sx222
VLOG[2] (compute-mfcc-feats[5.4.140~1-1ab3d]:main():compute-mfcc-feats.cc:173) Processed features for key mrpc1_sx312
VLOG[2] (compute-mfcc-feats[5.4.140~1-1ab3d]:main():compute-mfcc-feats.cc:173) Processed features for key mrpc1_sx402
VLOG[2] (compute-mfcc-feats[5.4.140~1-1ab3d]:main():compute-mfcc-feats.cc:173) Processed features for key mrpc1_sx42
VLOG[2] (compute-mfcc-feats[5.4.140~1-1ab3d]:main():compute-mfcc-feats.cc:173) Processed features for key mrre0_si1334
VLOG[2] (compute-mfcc-feats[5.4.140~1-1ab3d]:main():compute-mfcc-feats.cc:173) Processed features for key mrre0_si704
VLOG[2] (compute-mfcc-feats[5.4.140~1-1ab3d]:main():compute-mfcc-feats.cc:173) Processed features for key mrre0_si952
VLOG[2] (compute-mfcc-feats[5.4.140~1-1ab3d]:main():compute-mfcc-feats.cc:173) Processed features for key mrre0_sx164
VLOG[2] (compute-mfcc-feats[5.4.140~1-1ab3d]:main():compute-mfcc-feats.cc:173) Processed features for key mrre0_sx254
LOG (compute-mfcc-feats[5.4.140~1-1ab3d]:main():compute-mfcc-feats.cc:172) Processed 160 utterances
VLOG[2] (compute-mfcc-feats[5.4.140~1-1ab3d]:main():compute-mfcc-feats.cc:173) Processed features for key mrre0_sx344
VLOG[2] (compute-mfcc-feats[5.4.140~1-1ab3d]:main():compute-mfcc-feats.cc:173) Processed features for key mrre0_sx434
VLOG[2] (compute-mfcc-feats[5.4.140~1-1ab3d]:main():compute-mfcc-feats.cc:173) Processed features for key mrre0_sx74
VLOG[2] (compute-mfcc-feats[5.4.140~1-1ab3d]:main():compute-mfcc-feats.cc:173) Processed features for key mrso0_si1206
VLOG[2] (compute-mfcc-feats[5.4.140~1-1ab3d]:main():compute-mfcc-feats.cc:173) Processed features for key mrso0_si1659
VLOG[2] (compute-mfcc-feats[5.4.140~1-1ab3d]:main():compute-mfcc-feats.cc:173) Processed features for key mrso0_si2289
VLOG[2] (compute-mfcc-feats[5.4.140~1-1ab3d]:main():compute-mfcc-feats.cc:173) Processed features for key mrso0_sx129
VLOG[2] (compute-mfcc-feats[5.4.140~1-1ab3d]:main():compute-mfcc-feats.cc:173) Processed features for key mrso0_sx219
VLOG[2] (compute-mfcc-feats[5.4.140~1-1ab3d]:main():compute-mfcc-feats.cc:173) Processed features for key mrso0_sx309
VLOG[2] (compute-mfcc-feats[5.4.140~1-1ab3d]:main():compute-mfcc-feats.cc:173) Processed features for key mrso0_sx39
LOG (compute-mfcc-feats[5.4.140~1-1ab3d]:main():compute-mfcc-feats.cc:172) Processed 170 utterances
VLOG[2] (compute-mfcc-feats[5.4.140~1-1ab3d]:main():compute-mfcc-feats.cc:173) Processed features for key mrso0_sx399
VLOG[2] (compute-mfcc-feats[5.4.140~1-1ab3d]:main():compute-mfcc-feats.cc:173) Processed features for key mrsp0_si1429
VLOG[2] (compute-mfcc-feats[5.4.140~1-1ab3d]:main():compute-mfcc-feats.cc:173) Processed features for key mrsp0_si2059
VLOG[2] (compute-mfcc-feats[5.4.140~1-1ab3d]:main():compute-mfcc-feats.cc:173) Processed features for key mrsp0_si799
VLOG[2] (compute-mfcc-feats[5.4.140~1-1ab3d]:main():compute-mfcc-feats.cc:173) Processed features for key mrsp0_sx169
VLOG[2] (compute-mfcc-feats[5.4.140~1-1ab3d]:main():compute-mfcc-feats.cc:173) Processed features for key mrsp0_sx196
VLOG[2] (compute-mfcc-feats[5.4.140~1-1ab3d]:main():compute-mfcc-feats.cc:173) Processed features for key mrsp0_sx259
VLOG[2] (compute-mfcc-feats[5.4.140~1-1ab3d]:main():compute-mfcc-feats.cc:173) Processed features for key mrsp0_sx439
VLOG[2] (compute-mfcc-feats[5.4.140~1-1ab3d]:main():compute-mfcc-feats.cc:173) Processed features for key mrsp0_sx79
VLOG[2] (compute-mfcc-feats[5.4.140~1-1ab3d]:main():compute-mfcc-feats.cc:173) Processed features for key mrtc0_si1458
LOG (compute-mfcc-feats[5.4.140~1-1ab3d]:main():compute-mfcc-feats.cc:172) Processed 180 utterances
VLOG[2] (compute-mfcc-feats[5.4.140~1-1ab3d]:main():compute-mfcc-feats.cc:173) Processed features for key mrtc0_si2088
VLOG[2] (compute-mfcc-feats[5.4.140~1-1ab3d]:main():compute-mfcc-feats.cc:173) Processed features for key mrtc0_si828
VLOG[2] (compute-mfcc-feats[5.4.140~1-1ab3d]:main():compute-mfcc-feats.cc:173) Processed features for key mrtc0_sx108
VLOG[2] (compute-mfcc-feats[5.4.140~1-1ab3d]:main():compute-mfcc-feats.cc:173) Processed features for key mrtc0_sx18
VLOG[2] (compute-mfcc-feats[5.4.140~1-1ab3d]:main():compute-mfcc-feats.cc:173) Processed features for key mrtc0_sx198
VLOG[2] (compute-mfcc-feats[5.4.140~1-1ab3d]:main():compute-mfcc-feats.cc:173) Processed features for key mrtc0_sx288
VLOG[2] (compute-mfcc-feats[5.4.140~1-1ab3d]:main():compute-mfcc-feats.cc:173) Processed features for key mrtc0_sx378
VLOG[2] (compute-mfcc-feats[5.4.140~1-1ab3d]:main():compute-mfcc-feats.cc:173) Processed features for key mrtj0_si1551
VLOG[2] (compute-mfcc-feats[5.4.140~1-1ab3d]:main():compute-mfcc-feats.cc:173) Processed features for key mrtj0_si2032
VLOG[2] (compute-mfcc-feats[5.4.140~1-1ab3d]:main():compute-mfcc-feats.cc:173) Processed features for key mrtj0_si772
LOG (compute-mfcc-feats[5.4.140~1-1ab3d]:main():compute-mfcc-feats.cc:172) Processed 190 utterances
VLOG[2] (compute-mfcc-feats[5.4.140~1-1ab3d]:main():compute-mfcc-feats.cc:173) Processed features for key mrtj0_sx142
VLOG[2] (compute-mfcc-feats[5.4.140~1-1ab3d]:main():compute-mfcc-feats.cc:173) Processed features for key mrtj0_sx232
VLOG[2] (compute-mfcc-feats[5.4.140~1-1ab3d]:main():compute-mfcc-feats.cc:173) Processed features for key mrtj0_sx322
VLOG[2] (compute-mfcc-feats[5.4.140~1-1ab3d]:main():compute-mfcc-feats.cc:173) Processed features for key mrtj0_sx412
VLOG[2] (compute-mfcc-feats[5.4.140~1-1ab3d]:main():compute-mfcc-feats.cc:173) Processed features for key mrtj0_sx52
VLOG[2] (compute-mfcc-feats[5.4.140~1-1ab3d]:main():compute-mfcc-feats.cc:173) Processed features for key mrvg0_si1140
VLOG[2] (compute-mfcc-feats[5.4.140~1-1ab3d]:main():compute-mfcc-feats.cc:173) Processed features for key mrvg0_si1770
VLOG[2] (compute-mfcc-feats[5.4.140~1-1ab3d]:main():compute-mfcc-feats.cc:173) Processed features for key mrvg0_si510
VLOG[2] (compute-mfcc-feats[5.4.140~1-1ab3d]:main():compute-mfcc-feats.cc:173) Processed features for key mrvg0_sx150
VLOG[2] (compute-mfcc-feats[5.4.140~1-1ab3d]:main():compute-mfcc-feats.cc:173) Processed features for key mrvg0_sx240
LOG (compute-mfcc-feats[5.4.140~1-1ab3d]:main():compute-mfcc-feats.cc:172) Processed 200 utterances
VLOG[2] (compute-mfcc-feats[5.4.140~1-1ab3d]:main():compute-mfcc-feats.cc:173) Processed features for key mrvg0_sx330
VLOG[2] (compute-mfcc-feats[5.4.140~1-1ab3d]:main():compute-mfcc-feats.cc:173) Processed features for key mrvg0_sx420
VLOG[2] (compute-mfcc-feats[5.4.140~1-1ab3d]:main():compute-mfcc-feats.cc:173) Processed features for key mrvg0_sx60
VLOG[2] (compute-mfcc-feats[5.4.140~1-1ab3d]:main():compute-mfcc-feats.cc:173) Processed features for key mrwa0_si1603
VLOG[2] (compute-mfcc-feats[5.4.140~1-1ab3d]:main():compute-mfcc-feats.cc:173) Processed features for key mrwa0_si2233
VLOG[2] (compute-mfcc-feats[5.4.140~1-1ab3d]:main():compute-mfcc-feats.cc:173) Processed features for key mrwa0_si973
VLOG[2] (compute-mfcc-feats[5.4.140~1-1ab3d]:main():compute-mfcc-feats.cc:173) Processed features for key mrwa0_sx163
VLOG[2] (compute-mfcc-feats[5.4.140~1-1ab3d]:main():compute-mfcc-feats.cc:173) Processed features for key mrwa0_sx253
VLOG[2] (compute-mfcc-feats[5.4.140~1-1ab3d]:main():compute-mfcc-feats.cc:173) Processed features for key mrwa0_sx343
VLOG[2] (compute-mfcc-feats[5.4.140~1-1ab3d]:main():compute-mfcc-feats.cc:173) Processed features for key mrwa0_sx433
LOG (compute-mfcc-feats[5.4.140~1-1ab3d]:main():compute-mfcc-feats.cc:172) Processed 210 utterances
VLOG[2] (compute-mfcc-feats[5.4.140~1-1ab3d]:main():compute-mfcc-feats.cc:173) Processed features for key mrwa0_sx73
VLOG[2] (compute-mfcc-feats[5.4.140~1-1ab3d]:main():compute-mfcc-feats.cc:173) Processed features for key mrws0_si1102
VLOG[2] (compute-mfcc-feats[5.4.140~1-1ab3d]:main():compute-mfcc-feats.cc:173) Processed features for key mrws0_si1732
VLOG[2] (compute-mfcc-feats[5.4.140~1-1ab3d]:main():compute-mfcc-feats.cc:173) Processed features for key mrws0_si472
VLOG[2] (compute-mfcc-feats[5.4.140~1-1ab3d]:main():compute-mfcc-feats.cc:173) Processed features for key mrws0_sx112
VLOG[2] (compute-mfcc-feats[5.4.140~1-1ab3d]:main():compute-mfcc-feats.cc:173) Processed features for key mrws0_sx202
VLOG[2] (compute-mfcc-feats[5.4.140~1-1ab3d]:main():compute-mfcc-feats.cc:173) Processed features for key mrws0_sx22
VLOG[2] (compute-mfcc-feats[5.4.140~1-1ab3d]:main():compute-mfcc-feats.cc:173) Processed features for key mrws0_sx292
VLOG[2] (compute-mfcc-feats[5.4.140~1-1ab3d]:main():compute-mfcc-feats.cc:173) Processed features for key mrws0_sx382
VLOG[2] (compute-mfcc-feats[5.4.140~1-1ab3d]:main():compute-mfcc-feats.cc:173) Processed features for key mrxb0_si1585
LOG (compute-mfcc-feats[5.4.140~1-1ab3d]:main():compute-mfcc-feats.cc:172) Processed 220 utterances
VLOG[2] (compute-mfcc-feats[5.4.140~1-1ab3d]:main():compute-mfcc-feats.cc:173) Processed features for key mrxb0_si2215
VLOG[2] (compute-mfcc-feats[5.4.140~1-1ab3d]:main():compute-mfcc-feats.cc:173) Processed features for key mrxb0_si955
VLOG[2] (compute-mfcc-feats[5.4.140~1-1ab3d]:main():compute-mfcc-feats.cc:173) Processed features for key mrxb0_sx145
VLOG[2] (compute-mfcc-feats[5.4.140~1-1ab3d]:main():compute-mfcc-feats.cc:173) Processed features for key mrxb0_sx235
VLOG[2] (compute-mfcc-feats[5.4.140~1-1ab3d]:main():compute-mfcc-feats.cc:173) Processed features for key mrxb0_sx325
VLOG[2] (compute-mfcc-feats[5.4.140~1-1ab3d]:main():compute-mfcc-feats.cc:173) Processed features for key mrxb0_sx415
VLOG[2] (compute-mfcc-feats[5.4.140~1-1ab3d]:main():compute-mfcc-feats.cc:173) Processed features for key mrxb0_sx55
VLOG[2] (compute-mfcc-feats[5.4.140~1-1ab3d]:main():compute-mfcc-feats.cc:173) Processed features for key msah1_si1049
VLOG[2] (compute-mfcc-feats[5.4.140~1-1ab3d]:main():compute-mfcc-feats.cc:173) Processed features for key msah1_si1679
VLOG[2] (compute-mfcc-feats[5.4.140~1-1ab3d]:main():compute-mfcc-feats.cc:173) Processed features for key msah1_si2309
LOG (compute-mfcc-feats[5.4.140~1-1ab3d]:main():compute-mfcc-feats.cc:172) Processed 230 utterances
VLOG[2] (compute-mfcc-feats[5.4.140~1-1ab3d]:main():compute-mfcc-feats.cc:173) Processed features for key msah1_sx149
VLOG[2] (compute-mfcc-feats[5.4.140~1-1ab3d]:main():compute-mfcc-feats.cc:173) Processed features for key msah1_sx239
VLOG[2] (compute-mfcc-feats[5.4.140~1-1ab3d]:main():compute-mfcc-feats.cc:173) Processed features for key msah1_sx329
VLOG[2] (compute-mfcc-feats[5.4.140~1-1ab3d]:main():compute-mfcc-feats.cc:173) Processed features for key msah1_sx419
VLOG[2] (compute-mfcc-feats[5.4.140~1-1ab3d]:main():compute-mfcc-feats.cc:173) Processed features for key msah1_sx59
VLOG[2] (compute-mfcc-feats[5.4.140~1-1ab3d]:main():compute-mfcc-feats.cc:173) Processed features for key msas0_si1376
VLOG[2] (compute-mfcc-feats[5.4.140~1-1ab3d]:main():compute-mfcc-feats.cc:173) Processed features for key msas0_si2006
VLOG[2] (compute-mfcc-feats[5.4.140~1-1ab3d]:main():compute-mfcc-feats.cc:173) Processed features for key msas0_si746
VLOG[2] (compute-mfcc-feats[5.4.140~1-1ab3d]:main():compute-mfcc-feats.cc:173) Processed features for key msas0_sx116
VLOG[2] (compute-mfcc-feats[5.4.140~1-1ab3d]:main():compute-mfcc-feats.cc:173) Processed features for key msas0_sx206
LOG (compute-mfcc-feats[5.4.140~1-1ab3d]:main():compute-mfcc-feats.cc:172) Processed 240 utterances
VLOG[2] (compute-mfcc-feats[5.4.140~1-1ab3d]:main():compute-mfcc-feats.cc:173) Processed features for key msas0_sx26
VLOG[2] (compute-mfcc-feats[5.4.140~1-1ab3d]:main():compute-mfcc-feats.cc:173) Processed features for key msas0_sx296
VLOG[2] (compute-mfcc-feats[5.4.140~1-1ab3d]:main():compute-mfcc-feats.cc:173) Processed features for key msas0_sx386
VLOG[2] (compute-mfcc-feats[5.4.140~1-1ab3d]:main():compute-mfcc-feats.cc:173) Processed features for key msat0_si1526
VLOG[2] (compute-mfcc-feats[5.4.140~1-1ab3d]:main():compute-mfcc-feats.cc:173) Processed features for key msat0_si2156
VLOG[2] (compute-mfcc-feats[5.4.140~1-1ab3d]:main():compute-mfcc-feats.cc:173) Processed features for key msat0_si896
VLOG[2] (compute-mfcc-feats[5.4.140~1-1ab3d]:main():compute-mfcc-feats.cc:173) Processed features for key msat0_sx176
VLOG[2] (compute-mfcc-feats[5.4.140~1-1ab3d]:main():compute-mfcc-feats.cc:173) Processed features for key msat0_sx266
VLOG[2] (compute-mfcc-feats[5.4.140~1-1ab3d]:main():compute-mfcc-feats.cc:173) Processed features for key msat0_sx356
VLOG[2] (compute-mfcc-feats[5.4.140~1-1ab3d]:main():compute-mfcc-feats.cc:173) Processed features for key msat0_sx446
LOG (compute-mfcc-feats[5.4.140~1-1ab3d]:main():compute-mfcc-feats.cc:172) Processed 250 utterances
VLOG[2] (compute-mfcc-feats[5.4.140~1-1ab3d]:main():compute-mfcc-feats.cc:173) Processed features for key msat0_sx86
VLOG[2] (compute-mfcc-feats[5.4.140~1-1ab3d]:main():compute-mfcc-feats.cc:173) Processed features for key msat1_si1073
VLOG[2] (compute-mfcc-feats[5.4.140~1-1ab3d]:main():compute-mfcc-feats.cc:173) Processed features for key msat1_si1703
VLOG[2] (compute-mfcc-feats[5.4.140~1-1ab3d]:main():compute-mfcc-feats.cc:173) Processed features for key msat1_si2333
VLOG[2] (compute-mfcc-feats[5.4.140~1-1ab3d]:main():compute-mfcc-feats.cc:173) Processed features for key msat1_sx173
VLOG[2] (compute-mfcc-feats[5.4.140~1-1ab3d]:main():compute-mfcc-feats.cc:173) Processed features for key msat1_sx263
VLOG[2] (compute-mfcc-feats[5.4.140~1-1ab3d]:main():compute-mfcc-feats.cc:173) Processed features for key msat1_sx353
VLOG[2] (compute-mfcc-feats[5.4.140~1-1ab3d]:main():compute-mfcc-feats.cc:173) Processed features for key msat1_sx443
VLOG[2] (compute-mfcc-feats[5.4.140~1-1ab3d]:main():compute-mfcc-feats.cc:173) Processed features for key msat1_sx83
VLOG[2] (compute-mfcc-feats[5.4.140~1-1ab3d]:main():compute-mfcc-feats.cc:173) Processed features for key msdb0_si1007
LOG (compute-mfcc-feats[5.4.140~1-1ab3d]:main():compute-mfcc-feats.cc:172) Processed 260 utterances
VLOG[2] (compute-mfcc-feats[5.4.140~1-1ab3d]:main():compute-mfcc-feats.cc:173) Processed features for key msdb0_si1637
VLOG[2] (compute-mfcc-feats[5.4.140~1-1ab3d]:main():compute-mfcc-feats.cc:173) Processed features for key msdb0_si2267
VLOG[2] (compute-mfcc-feats[5.4.140~1-1ab3d]:main():compute-mfcc-feats.cc:173) Processed features for key msdb0_sx107
VLOG[2] (compute-mfcc-feats[5.4.140~1-1ab3d]:main():compute-mfcc-feats.cc:173) Processed features for key msdb0_sx17
VLOG[2] (compute-mfcc-feats[5.4.140~1-1ab3d]:main():compute-mfcc-feats.cc:173) Processed features for key msdb0_sx197
VLOG[2] (compute-mfcc-feats[5.4.140~1-1ab3d]:main():compute-mfcc-feats.cc:173) Processed features for key msdb0_sx287
VLOG[2] (compute-mfcc-feats[5.4.140~1-1ab3d]:main():compute-mfcc-feats.cc:173) Processed features for key msdb0_sx377
VLOG[2] (compute-mfcc-feats[5.4.140~1-1ab3d]:main():compute-mfcc-feats.cc:173) Processed features for key msdh0_si2113
VLOG[2] (compute-mfcc-feats[5.4.140~1-1ab3d]:main():compute-mfcc-feats.cc:173) Processed features for key msdh0_si2240
VLOG[2] (compute-mfcc-feats[5.4.140~1-1ab3d]:main():compute-mfcc-feats.cc:173) Processed features for key msdh0_si980
LOG (compute-mfcc-feats[5.4.140~1-1ab3d]:main():compute-mfcc-feats.cc:172) Processed 270 utterances
VLOG[2] (compute-mfcc-feats[5.4.140~1-1ab3d]:main():compute-mfcc-feats.cc:173) Processed features for key msdh0_sx170
VLOG[2] (compute-mfcc-feats[5.4.140~1-1ab3d]:main():compute-mfcc-feats.cc:173) Processed features for key msdh0_sx260
VLOG[2] (compute-mfcc-feats[5.4.140~1-1ab3d]:main():compute-mfcc-feats.cc:173) Processed features for key msdh0_sx350
VLOG[2] (compute-mfcc-feats[5.4.140~1-1ab3d]:main():compute-mfcc-feats.cc:173) Processed features for key msdh0_sx440
VLOG[2] (compute-mfcc-feats[5.4.140~1-1ab3d]:main():compute-mfcc-feats.cc:173) Processed features for key msdh0_sx80
VLOG[2] (compute-mfcc-feats[5.4.140~1-1ab3d]:main():compute-mfcc-feats.cc:173) Processed features for key msds0_si1077
VLOG[2] (compute-mfcc-feats[5.4.140~1-1ab3d]:main():compute-mfcc-feats.cc:173) Processed features for key msds0_si1707
VLOG[2] (compute-mfcc-feats[5.4.140~1-1ab3d]:main():compute-mfcc-feats.cc:173) Processed features for key msds0_si2337
VLOG[2] (compute-mfcc-feats[5.4.140~1-1ab3d]:main():compute-mfcc-feats.cc:173) Processed features for key msds0_sx177
VLOG[2] (compute-mfcc-feats[5.4.140~1-1ab3d]:main():compute-mfcc-feats.cc:173) Processed features for key msds0_sx267
LOG (compute-mfcc-feats[5.4.140~1-1ab3d]:main():compute-mfcc-feats.cc:172) Processed 280 utterances
VLOG[2] (compute-mfcc-feats[5.4.140~1-1ab3d]:main():compute-mfcc-feats.cc:173) Processed features for key msds0_sx357
VLOG[2] (compute-mfcc-feats[5.4.140~1-1ab3d]:main():compute-mfcc-feats.cc:173) Processed features for key msds0_sx447
VLOG[2] (compute-mfcc-feats[5.4.140~1-1ab3d]:main():compute-mfcc-feats.cc:173) Processed features for key msds0_sx87
VLOG[2] (compute-mfcc-feats[5.4.140~1-1ab3d]:main():compute-mfcc-feats.cc:173) Processed features for key msem1_si1440
VLOG[2] (compute-mfcc-feats[5.4.140~1-1ab3d]:main():compute-mfcc-feats.cc:173) Processed features for key msem1_si2070
VLOG[2] (compute-mfcc-feats[5.4.140~1-1ab3d]:main():compute-mfcc-feats.cc:173) Processed features for key msem1_si810
VLOG[2] (compute-mfcc-feats[5.4.140~1-1ab3d]:main():compute-mfcc-feats.cc:173) Processed features for key msem1_sx180
VLOG[2] (compute-mfcc-feats[5.4.140~1-1ab3d]:main():compute-mfcc-feats.cc:173) Processed features for key msem1_sx270
VLOG[2] (compute-mfcc-feats[5.4.140~1-1ab3d]:main():compute-mfcc-feats.cc:173) Processed features for key msem1_sx360
VLOG[2] (compute-mfcc-feats[5.4.140~1-1ab3d]:main():compute-mfcc-feats.cc:173) Processed features for key msem1_sx450
LOG (compute-mfcc-feats[5.4.140~1-1ab3d]:main():compute-mfcc-feats.cc:172) Processed 290 utterances
VLOG[2] (compute-mfcc-feats[5.4.140~1-1ab3d]:main():compute-mfcc-feats.cc:173) Processed features for key msem1_sx90
VLOG[2] (compute-mfcc-feats[5.4.140~1-1ab3d]:main():compute-mfcc-feats.cc:173) Processed features for key mses0_si1589
VLOG[2] (compute-mfcc-feats[5.4.140~1-1ab3d]:main():compute-mfcc-feats.cc:173) Processed features for key mses0_si2216
VLOG[2] (compute-mfcc-feats[5.4.140~1-1ab3d]:main():compute-mfcc-feats.cc:173) Processed features for key mses0_si2219
VLOG[2] (compute-mfcc-feats[5.4.140~1-1ab3d]:main():compute-mfcc-feats.cc:173) Processed features for key mses0_sx149
VLOG[2] (compute-mfcc-feats[5.4.140~1-1ab3d]:main():compute-mfcc-feats.cc:173) Processed features for key mses0_sx239
VLOG[2] (compute-mfcc-feats[5.4.140~1-1ab3d]:main():compute-mfcc-feats.cc:173) Processed features for key mses0_sx329
VLOG[2] (compute-mfcc-feats[5.4.140~1-1ab3d]:main():compute-mfcc-feats.cc:173) Processed features for key mses0_sx419
VLOG[2] (compute-mfcc-feats[5.4.140~1-1ab3d]:main():compute-mfcc-feats.cc:173) Processed features for key mses0_sx59
VLOG[2] (compute-mfcc-feats[5.4.140~1-1ab3d]:main():compute-mfcc-feats.cc:173) Processed features for key msfh0_si1216
LOG (compute-mfcc-feats[5.4.140~1-1ab3d]:main():compute-mfcc-feats.cc:172) Processed 300 utterances
VLOG[2] (compute-mfcc-feats[5.4.140~1-1ab3d]:main():compute-mfcc-feats.cc:173) Processed features for key msfh0_si1738
VLOG[2] (compute-mfcc-feats[5.4.140~1-1ab3d]:main():compute-mfcc-feats.cc:173) Processed features for key msfh0_si586
VLOG[2] (compute-mfcc-feats[5.4.140~1-1ab3d]:main():compute-mfcc-feats.cc:173) Processed features for key msfh0_sx136
VLOG[2] (compute-mfcc-feats[5.4.140~1-1ab3d]:main():compute-mfcc-feats.cc:173) Processed features for key msfh0_sx226
VLOG[2] (compute-mfcc-feats[5.4.140~1-1ab3d]:main():compute-mfcc-feats.cc:173) Processed features for key msfh0_sx316
VLOG[2] (compute-mfcc-feats[5.4.140~1-1ab3d]:main():compute-mfcc-feats.cc:173) Processed features for key msfh0_sx406
VLOG[2] (compute-mfcc-feats[5.4.140~1-1ab3d]:main():compute-mfcc-feats.cc:173) Processed features for key msfh0_sx46
VLOG[2] (compute-mfcc-feats[5.4.140~1-1ab3d]:main():compute-mfcc-feats.cc:173) Processed features for key msfv0_si1262
VLOG[2] (compute-mfcc-feats[5.4.140~1-1ab3d]:main():compute-mfcc-feats.cc:173) Processed features for key msfv0_si1892
VLOG[2] (compute-mfcc-feats[5.4.140~1-1ab3d]:main():compute-mfcc-feats.cc:173) Processed features for key msfv0_si632
LOG (compute-mfcc-feats[5.4.140~1-1ab3d]:main():compute-mfcc-feats.cc:172) Processed 310 utterances
VLOG[2] (compute-mfcc-feats[5.4.140~1-1ab3d]:main():compute-mfcc-feats.cc:173) Processed features for key msfv0_sx182
VLOG[2] (compute-mfcc-feats[5.4.140~1-1ab3d]:main():compute-mfcc-feats.cc:173) Processed features for key msfv0_sx272
VLOG[2] (compute-mfcc-feats[5.4.140~1-1ab3d]:main():compute-mfcc-feats.cc:173) Processed features for key msfv0_sx362
VLOG[2] (compute-mfcc-feats[5.4.140~1-1ab3d]:main():compute-mfcc-feats.cc:173) Processed features for key msfv0_sx452
VLOG[2] (compute-mfcc-feats[5.4.140~1-1ab3d]:main():compute-mfcc-feats.cc:173) Processed features for key msfv0_sx92
VLOG[2] (compute-mfcc-feats[5.4.140~1-1ab3d]:main():compute-mfcc-feats.cc:173) Processed features for key msjk0_si1596
VLOG[2] (compute-mfcc-feats[5.4.140~1-1ab3d]:main():compute-mfcc-feats.cc:173) Processed features for key msjk0_si2226
VLOG[2] (compute-mfcc-feats[5.4.140~1-1ab3d]:main():compute-mfcc-feats.cc:173) Processed features for key msjk0_si966
VLOG[2] (compute-mfcc-feats[5.4.140~1-1ab3d]:main():compute-mfcc-feats.cc:173) Processed features for key msjk0_sx156
VLOG[2] (compute-mfcc-feats[5.4.140~1-1ab3d]:main():compute-mfcc-feats.cc:173) Processed features for key msjk0_sx246
LOG (compute-mfcc-feats[5.4.140~1-1ab3d]:main():compute-mfcc-feats.cc:172) Processed 320 utterances
VLOG[2] (compute-mfcc-feats[5.4.140~1-1ab3d]:main():compute-mfcc-feats.cc:173) Processed features for key msjk0_sx336
VLOG[2] (compute-mfcc-feats[5.4.140~1-1ab3d]:main():compute-mfcc-feats.cc:173) Processed features for key msjk0_sx426
VLOG[2] (compute-mfcc-feats[5.4.140~1-1ab3d]:main():compute-mfcc-feats.cc:173) Processed features for key msjk0_sx66
VLOG[2] (compute-mfcc-feats[5.4.140~1-1ab3d]:main():compute-mfcc-feats.cc:173) Processed features for key msmc0_si1907
VLOG[2] (compute-mfcc-feats[5.4.140~1-1ab3d]:main():compute-mfcc-feats.cc:173) Processed features for key msmc0_si509
VLOG[2] (compute-mfcc-feats[5.4.140~1-1ab3d]:main():compute-mfcc-feats.cc:173) Processed features for key msmc0_si647
VLOG[2] (compute-mfcc-feats[5.4.140~1-1ab3d]:main():compute-mfcc-feats.cc:173) Processed features for key msmc0_sx107
VLOG[2] (compute-mfcc-feats[5.4.140~1-1ab3d]:main():compute-mfcc-feats.cc:173) Processed features for key msmc0_sx17
VLOG[2] (compute-mfcc-feats[5.4.140~1-1ab3d]:main():compute-mfcc-feats.cc:173) Processed features for key msmc0_sx197
VLOG[2] (compute-mfcc-feats[5.4.140~1-1ab3d]:main():compute-mfcc-feats.cc:173) Processed features for key msmc0_sx287
LOG (compute-mfcc-feats[5.4.140~1-1ab3d]:main():compute-mfcc-feats.cc:172) Processed 330 utterances
VLOG[2] (compute-mfcc-feats[5.4.140~1-1ab3d]:main():compute-mfcc-feats.cc:173) Processed features for key msmc0_sx377
VLOG[2] (compute-mfcc-feats[5.4.140~1-1ab3d]:main():compute-mfcc-feats.cc:173) Processed features for key msmr0_si1150
VLOG[2] (compute-mfcc-feats[5.4.140~1-1ab3d]:main():compute-mfcc-feats.cc:173) Processed features for key msmr0_si1405
VLOG[2] (compute-mfcc-feats[5.4.140~1-1ab3d]:main():compute-mfcc-feats.cc:173) Processed features for key msmr0_si775
VLOG[2] (compute-mfcc-feats[5.4.140~1-1ab3d]:main():compute-mfcc-feats.cc:173) Processed features for key msmr0_sx145
VLOG[2] (compute-mfcc-feats[5.4.140~1-1ab3d]:main():compute-mfcc-feats.cc:173) Processed features for key msmr0_sx235
VLOG[2] (compute-mfcc-feats[5.4.140~1-1ab3d]:main():compute-mfcc-feats.cc:173) Processed features for key msmr0_sx325
VLOG[2] (compute-mfcc-feats[5.4.140~1-1ab3d]:main():compute-mfcc-feats.cc:173) Processed features for key msmr0_sx415
VLOG[2] (compute-mfcc-feats[5.4.140~1-1ab3d]:main():compute-mfcc-feats.cc:173) Processed features for key msmr0_sx55
VLOG[2] (compute-mfcc-feats[5.4.140~1-1ab3d]:main():compute-mfcc-feats.cc:173) Processed features for key msms0_si1433
LOG (compute-mfcc-feats[5.4.140~1-1ab3d]:main():compute-mfcc-feats.cc:172) Processed 340 utterances
VLOG[2] (compute-mfcc-feats[5.4.140~1-1ab3d]:main():compute-mfcc-feats.cc:173) Processed features for key msms0_si2063
VLOG[2] (compute-mfcc-feats[5.4.140~1-1ab3d]:main():compute-mfcc-feats.cc:173) Processed features for key msms0_si803
VLOG[2] (compute-mfcc-feats[5.4.140~1-1ab3d]:main():compute-mfcc-feats.cc:173) Processed features for key msms0_sx173
VLOG[2] (compute-mfcc-feats[5.4.140~1-1ab3d]:main():compute-mfcc-feats.cc:173) Processed features for key msms0_sx263
VLOG[2] (compute-mfcc-feats[5.4.140~1-1ab3d]:main():compute-mfcc-feats.cc:173) Processed features for key msms0_sx353
VLOG[2] (compute-mfcc-feats[5.4.140~1-1ab3d]:main():compute-mfcc-feats.cc:173) Processed features for key msms0_sx443
VLOG[2] (compute-mfcc-feats[5.4.140~1-1ab3d]:main():compute-mfcc-feats.cc:173) Processed features for key msms0_sx83
VLOG[2] (compute-mfcc-feats[5.4.140~1-1ab3d]:main():compute-mfcc-feats.cc:173) Processed features for key msrg0_si1221
VLOG[2] (compute-mfcc-feats[5.4.140~1-1ab3d]:main():compute-mfcc-feats.cc:173) Processed features for key msrg0_si1851
VLOG[2] (compute-mfcc-feats[5.4.140~1-1ab3d]:main():compute-mfcc-feats.cc:173) Processed features for key msrg0_si591
LOG (compute-mfcc-feats[5.4.140~1-1ab3d]:main():compute-mfcc-feats.cc:172) Processed 350 utterances
VLOG[2] (compute-mfcc-feats[5.4.140~1-1ab3d]:main():compute-mfcc-feats.cc:173) Processed features for key msrg0_sx141
VLOG[2] (compute-mfcc-feats[5.4.140~1-1ab3d]:main():compute-mfcc-feats.cc:173) Processed features for key msrg0_sx231
VLOG[2] (compute-mfcc-feats[5.4.140~1-1ab3d]:main():compute-mfcc-feats.cc:173) Processed features for key msrg0_sx321
VLOG[2] (compute-mfcc-feats[5.4.140~1-1ab3d]:main():compute-mfcc-feats.cc:173) Processed features for key msrg0_sx411
VLOG[2] (compute-mfcc-feats[5.4.140~1-1ab3d]:main():compute-mfcc-feats.cc:173) Processed features for key msrg0_sx51
VLOG[2] (compute-mfcc-feats[5.4.140~1-1ab3d]:main():compute-mfcc-feats.cc:173) Processed features for key msrr0_si1131
VLOG[2] (compute-mfcc-feats[5.4.140~1-1ab3d]:main():compute-mfcc-feats.cc:173) Processed features for key msrr0_si1761
VLOG[2] (compute-mfcc-feats[5.4.140~1-1ab3d]:main():compute-mfcc-feats.cc:173) Processed features for key msrr0_si501
VLOG[2] (compute-mfcc-feats[5.4.140~1-1ab3d]:main():compute-mfcc-feats.cc:173) Processed features for key msrr0_sx141
VLOG[2] (compute-mfcc-feats[5.4.140~1-1ab3d]:main():compute-mfcc-feats.cc:173) Processed features for key msrr0_sx231
LOG (compute-mfcc-feats[5.4.140~1-1ab3d]:main():compute-mfcc-feats.cc:172) Processed 360 utterances
VLOG[2] (compute-mfcc-feats[5.4.140~1-1ab3d]:main():compute-mfcc-feats.cc:173) Processed features for key msrr0_sx30
VLOG[2] (compute-mfcc-feats[5.4.140~1-1ab3d]:main():compute-mfcc-feats.cc:173) Processed features for key msrr0_sx411
VLOG[2] (compute-mfcc-feats[5.4.140~1-1ab3d]:main():compute-mfcc-feats.cc:173) Processed features for key msrr0_sx51
VLOG[2] (compute-mfcc-feats[5.4.140~1-1ab3d]:main():compute-mfcc-feats.cc:173) Processed features for key mstf0_si1396
VLOG[2] (compute-mfcc-feats[5.4.140~1-1ab3d]:main():compute-mfcc-feats.cc:173) Processed features for key mstf0_si766
VLOG[2] (compute-mfcc-feats[5.4.140~1-1ab3d]:main():compute-mfcc-feats.cc:173) Processed features for key mstf0_si852
VLOG[2] (compute-mfcc-feats[5.4.140~1-1ab3d]:main():compute-mfcc-feats.cc:173) Processed features for key mstf0_sx136
VLOG[2] (compute-mfcc-feats[5.4.140~1-1ab3d]:main():compute-mfcc-feats.cc:173) Processed features for key mstf0_sx226
VLOG[2] (compute-mfcc-feats[5.4.140~1-1ab3d]:main():compute-mfcc-feats.cc:173) Processed features for key mstf0_sx316
VLOG[2] (compute-mfcc-feats[5.4.140~1-1ab3d]:main():compute-mfcc-feats.cc:173) Processed features for key mstf0_sx406
LOG (compute-mfcc-feats[5.4.140~1-1ab3d]:main():compute-mfcc-feats.cc:176)  Done 369 out of 369 utterances.
LOG (copy-feats[5.4.140~1-1ab3d]:main():copy-feats.cc:143) Copied 369 feature matrices.
# Accounting: time=10 threads=1
# Ended (code 0) at Fri Jun 15 16:51:10 CST 2018, elapsed time 10 seconds
