# compute-mfcc-feats --verbose=2 --config=conf/mfcc.conf scp,p:exp/make_mfcc/train/wav_train.8.scp ark:- | copy-feats --compress=true ark:- ark,scp:/home/lh17/project/timit/s5/mfcc/raw_mfcc_train.8.ark,/home/lh17/project/timit/s5/mfcc/raw_mfcc_train.8.scp 
# Started at Fri Jun 15 16:51:00 CST 2018
#
copy-feats --compress=true ark:- ark,scp:/home/lh17/project/timit/s5/mfcc/raw_mfcc_train.8.ark,/home/lh17/project/timit/s5/mfcc/raw_mfcc_train.8.scp 
compute-mfcc-feats --verbose=2 --config=conf/mfcc.conf scp,p:exp/make_mfcc/train/wav_train.8.scp ark:- 
VLOG[2] (compute-mfcc-feats[5.4.140~1-1ab3d]:main():compute-mfcc-feats.cc:173) Processed features for key mmeb0_sx367
VLOG[2] (compute-mfcc-feats[5.4.140~1-1ab3d]:main():compute-mfcc-feats.cc:173) Processed features for key mmeb0_sx7
VLOG[2] (compute-mfcc-feats[5.4.140~1-1ab3d]:main():compute-mfcc-feats.cc:173) Processed features for key mmeb0_sx97
VLOG[2] (compute-mfcc-feats[5.4.140~1-1ab3d]:main():compute-mfcc-feats.cc:173) Processed features for key mmgc0_si1305
VLOG[2] (compute-mfcc-feats[5.4.140~1-1ab3d]:main():compute-mfcc-feats.cc:173) Processed features for key mmgc0_si1935
VLOG[2] (compute-mfcc-feats[5.4.140~1-1ab3d]:main():compute-mfcc-feats.cc:173) Processed features for key mmgc0_si2184
VLOG[2] (compute-mfcc-feats[5.4.140~1-1ab3d]:main():compute-mfcc-feats.cc:173) Processed features for key mmgc0_sx135
VLOG[2] (compute-mfcc-feats[5.4.140~1-1ab3d]:main():compute-mfcc-feats.cc:173) Processed features for key mmgc0_sx225
VLOG[2] (compute-mfcc-feats[5.4.140~1-1ab3d]:main():compute-mfcc-feats.cc:173) Processed features for key mmgc0_sx315
LOG (compute-mfcc-feats[5.4.140~1-1ab3d]:main():compute-mfcc-feats.cc:172) Processed 10 utterances
VLOG[2] (compute-mfcc-feats[5.4.140~1-1ab3d]:main():compute-mfcc-feats.cc:173) Processed features for key mmgc0_sx405
VLOG[2] (compute-mfcc-feats[5.4.140~1-1ab3d]:main():compute-mfcc-feats.cc:173) Processed features for key mmgc0_sx45
VLOG[2] (compute-mfcc-feats[5.4.140~1-1ab3d]:main():compute-mfcc-feats.cc:173) Processed features for key mmgg0_si1079
VLOG[2] (compute-mfcc-feats[5.4.140~1-1ab3d]:main():compute-mfcc-feats.cc:173) Processed features for key mmgg0_si1709
VLOG[2] (compute-mfcc-feats[5.4.140~1-1ab3d]:main():compute-mfcc-feats.cc:173) Processed features for key mmgg0_si2339
VLOG[2] (compute-mfcc-feats[5.4.140~1-1ab3d]:main():compute-mfcc-feats.cc:173) Processed features for key mmgg0_sx179
VLOG[2] (compute-mfcc-feats[5.4.140~1-1ab3d]:main():compute-mfcc-feats.cc:173) Processed features for key mmgg0_sx269
VLOG[2] (compute-mfcc-feats[5.4.140~1-1ab3d]:main():compute-mfcc-feats.cc:173) Processed features for key mmgg0_sx359
VLOG[2] (compute-mfcc-feats[5.4.140~1-1ab3d]:main():compute-mfcc-feats.cc:173) Processed features for key mmgg0_sx449
VLOG[2] (compute-mfcc-feats[5.4.140~1-1ab3d]:main():compute-mfcc-feats.cc:173) Processed features for key mmgg0_sx89
LOG (compute-mfcc-feats[5.4.140~1-1ab3d]:main():compute-mfcc-feats.cc:172) Processed 20 utterances
VLOG[2] (compute-mfcc-feats[5.4.140~1-1ab3d]:main():compute-mfcc-feats.cc:173) Processed features for key mmgk0_si1322
VLOG[2] (compute-mfcc-feats[5.4.140~1-1ab3d]:main():compute-mfcc-feats.cc:173) Processed features for key mmgk0_si1952
VLOG[2] (compute-mfcc-feats[5.4.140~1-1ab3d]:main():compute-mfcc-feats.cc:173) Processed features for key mmgk0_si692
VLOG[2] (compute-mfcc-feats[5.4.140~1-1ab3d]:main():compute-mfcc-feats.cc:173) Processed features for key mmgk0_sx152
VLOG[2] (compute-mfcc-feats[5.4.140~1-1ab3d]:main():compute-mfcc-feats.cc:173) Processed features for key mmgk0_sx242
VLOG[2] (compute-mfcc-feats[5.4.140~1-1ab3d]:main():compute-mfcc-feats.cc:173) Processed features for key mmgk0_sx332
VLOG[2] (compute-mfcc-feats[5.4.140~1-1ab3d]:main():compute-mfcc-feats.cc:173) Processed features for key mmgk0_sx422
VLOG[2] (compute-mfcc-feats[5.4.140~1-1ab3d]:main():compute-mfcc-feats.cc:173) Processed features for key mmgk0_sx62
VLOG[2] (compute-mfcc-feats[5.4.140~1-1ab3d]:main():compute-mfcc-feats.cc:173) Processed features for key mmjb1_si1408
VLOG[2] (compute-mfcc-feats[5.4.140~1-1ab3d]:main():compute-mfcc-feats.cc:173) Processed features for key mmjb1_si2038
LOG (compute-mfcc-feats[5.4.140~1-1ab3d]:main():compute-mfcc-feats.cc:172) Processed 30 utterances
VLOG[2] (compute-mfcc-feats[5.4.140~1-1ab3d]:main():compute-mfcc-feats.cc:173) Processed features for key mmjb1_si778
VLOG[2] (compute-mfcc-feats[5.4.140~1-1ab3d]:main():compute-mfcc-feats.cc:173) Processed features for key mmjb1_sx148
VLOG[2] (compute-mfcc-feats[5.4.140~1-1ab3d]:main():compute-mfcc-feats.cc:173) Processed features for key mmjb1_sx238
VLOG[2] (compute-mfcc-feats[5.4.140~1-1ab3d]:main():compute-mfcc-feats.cc:173) Processed features for key mmjb1_sx328
VLOG[2] (compute-mfcc-feats[5.4.140~1-1ab3d]:main():compute-mfcc-feats.cc:173) Processed features for key mmjb1_sx418
VLOG[2] (compute-mfcc-feats[5.4.140~1-1ab3d]:main():compute-mfcc-feats.cc:173) Processed features for key mmjb1_sx58
VLOG[2] (compute-mfcc-feats[5.4.140~1-1ab3d]:main():compute-mfcc-feats.cc:173) Processed features for key mmlm0_si1527
VLOG[2] (compute-mfcc-feats[5.4.140~1-1ab3d]:main():compute-mfcc-feats.cc:173) Processed features for key mmlm0_si2150
VLOG[2] (compute-mfcc-feats[5.4.140~1-1ab3d]:main():compute-mfcc-feats.cc:173) Processed features for key mmlm0_si897
VLOG[2] (compute-mfcc-feats[5.4.140~1-1ab3d]:main():compute-mfcc-feats.cc:173) Processed features for key mmlm0_sx177
LOG (compute-mfcc-feats[5.4.140~1-1ab3d]:main():compute-mfcc-feats.cc:172) Processed 40 utterances
VLOG[2] (compute-mfcc-feats[5.4.140~1-1ab3d]:main():compute-mfcc-feats.cc:173) Processed features for key mmlm0_sx267
VLOG[2] (compute-mfcc-feats[5.4.140~1-1ab3d]:main():compute-mfcc-feats.cc:173) Processed features for key mmlm0_sx357
VLOG[2] (compute-mfcc-feats[5.4.140~1-1ab3d]:main():compute-mfcc-feats.cc:173) Processed features for key mmlm0_sx447
VLOG[2] (compute-mfcc-feats[5.4.140~1-1ab3d]:main():compute-mfcc-feats.cc:173) Processed features for key mmlm0_sx87
VLOG[2] (compute-mfcc-feats[5.4.140~1-1ab3d]:main():compute-mfcc-feats.cc:173) Processed features for key mmpm0_si1061
VLOG[2] (compute-mfcc-feats[5.4.140~1-1ab3d]:main():compute-mfcc-feats.cc:173) Processed features for key mmpm0_si1691
VLOG[2] (compute-mfcc-feats[5.4.140~1-1ab3d]:main():compute-mfcc-feats.cc:173) Processed features for key mmpm0_si2321
VLOG[2] (compute-mfcc-feats[5.4.140~1-1ab3d]:main():compute-mfcc-feats.cc:173) Processed features for key mmpm0_sx161
VLOG[2] (compute-mfcc-feats[5.4.140~1-1ab3d]:main():compute-mfcc-feats.cc:173) Processed features for key mmpm0_sx251
VLOG[2] (compute-mfcc-feats[5.4.140~1-1ab3d]:main():compute-mfcc-feats.cc:173) Processed features for key mmpm0_sx341
LOG (compute-mfcc-feats[5.4.140~1-1ab3d]:main():compute-mfcc-feats.cc:172) Processed 50 utterances
VLOG[2] (compute-mfcc-feats[5.4.140~1-1ab3d]:main():compute-mfcc-feats.cc:173) Processed features for key mmpm0_sx431
VLOG[2] (compute-mfcc-feats[5.4.140~1-1ab3d]:main():compute-mfcc-feats.cc:173) Processed features for key mmpm0_sx71
VLOG[2] (compute-mfcc-feats[5.4.140~1-1ab3d]:main():compute-mfcc-feats.cc:173) Processed features for key mmrp0_si2034
VLOG[2] (compute-mfcc-feats[5.4.140~1-1ab3d]:main():compute-mfcc-feats.cc:173) Processed features for key mmrp0_si717
VLOG[2] (compute-mfcc-feats[5.4.140~1-1ab3d]:main():compute-mfcc-feats.cc:173) Processed features for key mmrp0_si774
VLOG[2] (compute-mfcc-feats[5.4.140~1-1ab3d]:main():compute-mfcc-feats.cc:173) Processed features for key mmrp0_sx144
VLOG[2] (compute-mfcc-feats[5.4.140~1-1ab3d]:main():compute-mfcc-feats.cc:173) Processed features for key mmrp0_sx234
VLOG[2] (compute-mfcc-feats[5.4.140~1-1ab3d]:main():compute-mfcc-feats.cc:173) Processed features for key mmrp0_sx324
VLOG[2] (compute-mfcc-feats[5.4.140~1-1ab3d]:main():compute-mfcc-feats.cc:173) Processed features for key mmrp0_sx414
VLOG[2] (compute-mfcc-feats[5.4.140~1-1ab3d]:main():compute-mfcc-feats.cc:173) Processed features for key mmrp0_sx54
LOG (compute-mfcc-feats[5.4.140~1-1ab3d]:main():compute-mfcc-feats.cc:172) Processed 60 utterances
VLOG[2] (compute-mfcc-feats[5.4.140~1-1ab3d]:main():compute-mfcc-feats.cc:173) Processed features for key mmsm0_si1106
VLOG[2] (compute-mfcc-feats[5.4.140~1-1ab3d]:main():compute-mfcc-feats.cc:173) Processed features for key mmsm0_si1736
VLOG[2] (compute-mfcc-feats[5.4.140~1-1ab3d]:main():compute-mfcc-feats.cc:173) Processed features for key mmsm0_si476
VLOG[2] (compute-mfcc-feats[5.4.140~1-1ab3d]:main():compute-mfcc-feats.cc:173) Processed features for key mmsm0_sx116
VLOG[2] (compute-mfcc-feats[5.4.140~1-1ab3d]:main():compute-mfcc-feats.cc:173) Processed features for key mmsm0_sx206
VLOG[2] (compute-mfcc-feats[5.4.140~1-1ab3d]:main():compute-mfcc-feats.cc:173) Processed features for key mmsm0_sx26
VLOG[2] (compute-mfcc-feats[5.4.140~1-1ab3d]:main():compute-mfcc-feats.cc:173) Processed features for key mmsm0_sx296
VLOG[2] (compute-mfcc-feats[5.4.140~1-1ab3d]:main():compute-mfcc-feats.cc:173) Processed features for key mmsm0_sx386
VLOG[2] (compute-mfcc-feats[5.4.140~1-1ab3d]:main():compute-mfcc-feats.cc:173) Processed features for key mmvp0_si1284
VLOG[2] (compute-mfcc-feats[5.4.140~1-1ab3d]:main():compute-mfcc-feats.cc:173) Processed features for key mmvp0_si1914
LOG (compute-mfcc-feats[5.4.140~1-1ab3d]:main():compute-mfcc-feats.cc:172) Processed 70 utterances
VLOG[2] (compute-mfcc-feats[5.4.140~1-1ab3d]:main():compute-mfcc-feats.cc:173) Processed features for key mmvp0_si654
VLOG[2] (compute-mfcc-feats[5.4.140~1-1ab3d]:main():compute-mfcc-feats.cc:173) Processed features for key mmvp0_sx114
VLOG[2] (compute-mfcc-feats[5.4.140~1-1ab3d]:main():compute-mfcc-feats.cc:173) Processed features for key mmvp0_sx204
VLOG[2] (compute-mfcc-feats[5.4.140~1-1ab3d]:main():compute-mfcc-feats.cc:173) Processed features for key mmvp0_sx294
VLOG[2] (compute-mfcc-feats[5.4.140~1-1ab3d]:main():compute-mfcc-feats.cc:173) Processed features for key mmvp0_sx347
VLOG[2] (compute-mfcc-feats[5.4.140~1-1ab3d]:main():compute-mfcc-feats.cc:173) Processed features for key mmvp0_sx384
VLOG[2] (compute-mfcc-feats[5.4.140~1-1ab3d]:main():compute-mfcc-feats.cc:173) Processed features for key mmwb0_si1619
VLOG[2] (compute-mfcc-feats[5.4.140~1-1ab3d]:main():compute-mfcc-feats.cc:173) Processed features for key mmwb0_si2249
VLOG[2] (compute-mfcc-feats[5.4.140~1-1ab3d]:main():compute-mfcc-feats.cc:173) Processed features for key mmwb0_si989
VLOG[2] (compute-mfcc-feats[5.4.140~1-1ab3d]:main():compute-mfcc-feats.cc:173) Processed features for key mmwb0_sx179
LOG (compute-mfcc-feats[5.4.140~1-1ab3d]:main():compute-mfcc-feats.cc:172) Processed 80 utterances
VLOG[2] (compute-mfcc-feats[5.4.140~1-1ab3d]:main():compute-mfcc-feats.cc:173) Processed features for key mmwb0_sx269
VLOG[2] (compute-mfcc-feats[5.4.140~1-1ab3d]:main():compute-mfcc-feats.cc:173) Processed features for key mmwb0_sx359
VLOG[2] (compute-mfcc-feats[5.4.140~1-1ab3d]:main():compute-mfcc-feats.cc:173) Processed features for key mmwb0_sx449
VLOG[2] (compute-mfcc-feats[5.4.140~1-1ab3d]:main():compute-mfcc-feats.cc:173) Processed features for key mmwb0_sx89
VLOG[2] (compute-mfcc-feats[5.4.140~1-1ab3d]:main():compute-mfcc-feats.cc:173) Processed features for key mmws0_si1518
VLOG[2] (compute-mfcc-feats[5.4.140~1-1ab3d]:main():compute-mfcc-feats.cc:173) Processed features for key mmws0_si559
VLOG[2] (compute-mfcc-feats[5.4.140~1-1ab3d]:main():compute-mfcc-feats.cc:173) Processed features for key mmws0_si888
VLOG[2] (compute-mfcc-feats[5.4.140~1-1ab3d]:main():compute-mfcc-feats.cc:173) Processed features for key mmws0_sx168
VLOG[2] (compute-mfcc-feats[5.4.140~1-1ab3d]:main():compute-mfcc-feats.cc:173) Processed features for key mmws0_sx258
VLOG[2] (compute-mfcc-feats[5.4.140~1-1ab3d]:main():compute-mfcc-feats.cc:173) Processed features for key mmws0_sx348
LOG (compute-mfcc-feats[5.4.140~1-1ab3d]:main():compute-mfcc-feats.cc:172) Processed 90 utterances
VLOG[2] (compute-mfcc-feats[5.4.140~1-1ab3d]:main():compute-mfcc-feats.cc:173) Processed features for key mmws0_sx438
VLOG[2] (compute-mfcc-feats[5.4.140~1-1ab3d]:main():compute-mfcc-feats.cc:173) Processed features for key mmws0_sx78
VLOG[2] (compute-mfcc-feats[5.4.140~1-1ab3d]:main():compute-mfcc-feats.cc:173) Processed features for key mmws1_si1071
VLOG[2] (compute-mfcc-feats[5.4.140~1-1ab3d]:main():compute-mfcc-feats.cc:173) Processed features for key mmws1_si1701
VLOG[2] (compute-mfcc-feats[5.4.140~1-1ab3d]:main():compute-mfcc-feats.cc:173) Processed features for key mmws1_si2331
VLOG[2] (compute-mfcc-feats[5.4.140~1-1ab3d]:main():compute-mfcc-feats.cc:173) Processed features for key mmws1_sx261
VLOG[2] (compute-mfcc-feats[5.4.140~1-1ab3d]:main():compute-mfcc-feats.cc:173) Processed features for key mmws1_sx27
VLOG[2] (compute-mfcc-feats[5.4.140~1-1ab3d]:main():compute-mfcc-feats.cc:173) Processed features for key mmws1_sx351
VLOG[2] (compute-mfcc-feats[5.4.140~1-1ab3d]:main():compute-mfcc-feats.cc:173) Processed features for key mmws1_sx441
VLOG[2] (compute-mfcc-feats[5.4.140~1-1ab3d]:main():compute-mfcc-feats.cc:173) Processed features for key mmws1_sx81
LOG (compute-mfcc-feats[5.4.140~1-1ab3d]:main():compute-mfcc-feats.cc:172) Processed 100 utterances
VLOG[2] (compute-mfcc-feats[5.4.140~1-1ab3d]:main():compute-mfcc-feats.cc:173) Processed features for key mmxs0_si2136
VLOG[2] (compute-mfcc-feats[5.4.140~1-1ab3d]:main():compute-mfcc-feats.cc:173) Processed features for key mmxs0_si629
VLOG[2] (compute-mfcc-feats[5.4.140~1-1ab3d]:main():compute-mfcc-feats.cc:173) Processed features for key mmxs0_si876
VLOG[2] (compute-mfcc-feats[5.4.140~1-1ab3d]:main():compute-mfcc-feats.cc:173) Processed features for key mmxs0_sx156
VLOG[2] (compute-mfcc-feats[5.4.140~1-1ab3d]:main():compute-mfcc-feats.cc:173) Processed features for key mmxs0_sx246
VLOG[2] (compute-mfcc-feats[5.4.140~1-1ab3d]:main():compute-mfcc-feats.cc:173) Processed features for key mmxs0_sx336
VLOG[2] (compute-mfcc-feats[5.4.140~1-1ab3d]:main():compute-mfcc-feats.cc:173) Processed features for key mmxs0_sx426
VLOG[2] (compute-mfcc-feats[5.4.140~1-1ab3d]:main():compute-mfcc-feats.cc:173) Processed features for key mmxs0_sx66
VLOG[2] (compute-mfcc-feats[5.4.140~1-1ab3d]:main():compute-mfcc-feats.cc:173) Processed features for key mnet0_si1446
VLOG[2] (compute-mfcc-feats[5.4.140~1-1ab3d]:main():compute-mfcc-feats.cc:173) Processed features for key mnet0_si2076
LOG (compute-mfcc-feats[5.4.140~1-1ab3d]:main():compute-mfcc-feats.cc:172) Processed 110 utterances
VLOG[2] (compute-mfcc-feats[5.4.140~1-1ab3d]:main():compute-mfcc-feats.cc:173) Processed features for key mnet0_si816
VLOG[2] (compute-mfcc-feats[5.4.140~1-1ab3d]:main():compute-mfcc-feats.cc:173) Processed features for key mnet0_sx186
VLOG[2] (compute-mfcc-feats[5.4.140~1-1ab3d]:main():compute-mfcc-feats.cc:173) Processed features for key mnet0_sx276
VLOG[2] (compute-mfcc-feats[5.4.140~1-1ab3d]:main():compute-mfcc-feats.cc:173) Processed features for key mnet0_sx366
VLOG[2] (compute-mfcc-feats[5.4.140~1-1ab3d]:main():compute-mfcc-feats.cc:173) Processed features for key mnet0_sx6
VLOG[2] (compute-mfcc-feats[5.4.140~1-1ab3d]:main():compute-mfcc-feats.cc:173) Processed features for key mnet0_sx96
VLOG[2] (compute-mfcc-feats[5.4.140~1-1ab3d]:main():compute-mfcc-feats.cc:173) Processed features for key mntw0_si1068
VLOG[2] (compute-mfcc-feats[5.4.140~1-1ab3d]:main():compute-mfcc-feats.cc:173) Processed features for key mntw0_si1698
VLOG[2] (compute-mfcc-feats[5.4.140~1-1ab3d]:main():compute-mfcc-feats.cc:173) Processed features for key mntw0_si2328
VLOG[2] (compute-mfcc-feats[5.4.140~1-1ab3d]:main():compute-mfcc-feats.cc:173) Processed features for key mntw0_sx168
LOG (compute-mfcc-feats[5.4.140~1-1ab3d]:main():compute-mfcc-feats.cc:172) Processed 120 utterances
VLOG[2] (compute-mfcc-feats[5.4.140~1-1ab3d]:main():compute-mfcc-feats.cc:173) Processed features for key mntw0_sx202
VLOG[2] (compute-mfcc-feats[5.4.140~1-1ab3d]:main():compute-mfcc-feats.cc:173) Processed features for key mntw0_sx258
VLOG[2] (compute-mfcc-feats[5.4.140~1-1ab3d]:main():compute-mfcc-feats.cc:173) Processed features for key mntw0_sx348
VLOG[2] (compute-mfcc-feats[5.4.140~1-1ab3d]:main():compute-mfcc-feats.cc:173) Processed features for key mntw0_sx78
VLOG[2] (compute-mfcc-feats[5.4.140~1-1ab3d]:main():compute-mfcc-feats.cc:173) Processed features for key mpar0_si1576
VLOG[2] (compute-mfcc-feats[5.4.140~1-1ab3d]:main():compute-mfcc-feats.cc:173) Processed features for key mpar0_si2206
VLOG[2] (compute-mfcc-feats[5.4.140~1-1ab3d]:main():compute-mfcc-feats.cc:173) Processed features for key mpar0_si946
VLOG[2] (compute-mfcc-feats[5.4.140~1-1ab3d]:main():compute-mfcc-feats.cc:173) Processed features for key mpar0_sx136
VLOG[2] (compute-mfcc-feats[5.4.140~1-1ab3d]:main():compute-mfcc-feats.cc:173) Processed features for key mpar0_sx226
VLOG[2] (compute-mfcc-feats[5.4.140~1-1ab3d]:main():compute-mfcc-feats.cc:173) Processed features for key mpar0_sx316
LOG (compute-mfcc-feats[5.4.140~1-1ab3d]:main():compute-mfcc-feats.cc:172) Processed 130 utterances
VLOG[2] (compute-mfcc-feats[5.4.140~1-1ab3d]:main():compute-mfcc-feats.cc:173) Processed features for key mpar0_sx406
VLOG[2] (compute-mfcc-feats[5.4.140~1-1ab3d]:main():compute-mfcc-feats.cc:173) Processed features for key mpar0_sx46
VLOG[2] (compute-mfcc-feats[5.4.140~1-1ab3d]:main():compute-mfcc-feats.cc:173) Processed features for key mpeb0_si1034
VLOG[2] (compute-mfcc-feats[5.4.140~1-1ab3d]:main():compute-mfcc-feats.cc:173) Processed features for key mpeb0_si1860
VLOG[2] (compute-mfcc-feats[5.4.140~1-1ab3d]:main():compute-mfcc-feats.cc:173) Processed features for key mpeb0_si600
VLOG[2] (compute-mfcc-feats[5.4.140~1-1ab3d]:main():compute-mfcc-feats.cc:173) Processed features for key mpeb0_sx150
VLOG[2] (compute-mfcc-feats[5.4.140~1-1ab3d]:main():compute-mfcc-feats.cc:173) Processed features for key mpeb0_sx240
VLOG[2] (compute-mfcc-feats[5.4.140~1-1ab3d]:main():compute-mfcc-feats.cc:173) Processed features for key mpeb0_sx330
VLOG[2] (compute-mfcc-feats[5.4.140~1-1ab3d]:main():compute-mfcc-feats.cc:173) Processed features for key mpeb0_sx420
VLOG[2] (compute-mfcc-feats[5.4.140~1-1ab3d]:main():compute-mfcc-feats.cc:173) Processed features for key mpeb0_sx60
LOG (compute-mfcc-feats[5.4.140~1-1ab3d]:main():compute-mfcc-feats.cc:172) Processed 140 utterances
VLOG[2] (compute-mfcc-feats[5.4.140~1-1ab3d]:main():compute-mfcc-feats.cc:173) Processed features for key mpfu0_si1258
VLOG[2] (compute-mfcc-feats[5.4.140~1-1ab3d]:main():compute-mfcc-feats.cc:173) Processed features for key mpfu0_si1888
VLOG[2] (compute-mfcc-feats[5.4.140~1-1ab3d]:main():compute-mfcc-feats.cc:173) Processed features for key mpfu0_si628
VLOG[2] (compute-mfcc-feats[5.4.140~1-1ab3d]:main():compute-mfcc-feats.cc:173) Processed features for key mpfu0_sx178
VLOG[2] (compute-mfcc-feats[5.4.140~1-1ab3d]:main():compute-mfcc-feats.cc:173) Processed features for key mpfu0_sx268
VLOG[2] (compute-mfcc-feats[5.4.140~1-1ab3d]:main():compute-mfcc-feats.cc:173) Processed features for key mpfu0_sx358
VLOG[2] (compute-mfcc-feats[5.4.140~1-1ab3d]:main():compute-mfcc-feats.cc:173) Processed features for key mpfu0_sx448
VLOG[2] (compute-mfcc-feats[5.4.140~1-1ab3d]:main():compute-mfcc-feats.cc:173) Processed features for key mpfu0_sx88
VLOG[2] (compute-mfcc-feats[5.4.140~1-1ab3d]:main():compute-mfcc-feats.cc:173) Processed features for key mpgh0_si1554
VLOG[2] (compute-mfcc-feats[5.4.140~1-1ab3d]:main():compute-mfcc-feats.cc:173) Processed features for key mpgh0_si675
LOG (compute-mfcc-feats[5.4.140~1-1ab3d]:main():compute-mfcc-feats.cc:172) Processed 150 utterances
VLOG[2] (compute-mfcc-feats[5.4.140~1-1ab3d]:main():compute-mfcc-feats.cc:173) Processed features for key mpgh0_si924
VLOG[2] (compute-mfcc-feats[5.4.140~1-1ab3d]:main():compute-mfcc-feats.cc:173) Processed features for key mpgh0_sx114
VLOG[2] (compute-mfcc-feats[5.4.140~1-1ab3d]:main():compute-mfcc-feats.cc:173) Processed features for key mpgh0_sx204
VLOG[2] (compute-mfcc-feats[5.4.140~1-1ab3d]:main():compute-mfcc-feats.cc:173) Processed features for key mpgh0_sx24
VLOG[2] (compute-mfcc-feats[5.4.140~1-1ab3d]:main():compute-mfcc-feats.cc:173) Processed features for key mpgh0_sx294
VLOG[2] (compute-mfcc-feats[5.4.140~1-1ab3d]:main():compute-mfcc-feats.cc:173) Processed features for key mpgh0_sx384
VLOG[2] (compute-mfcc-feats[5.4.140~1-1ab3d]:main():compute-mfcc-feats.cc:173) Processed features for key mpgr0_si1410
VLOG[2] (compute-mfcc-feats[5.4.140~1-1ab3d]:main():compute-mfcc-feats.cc:173) Processed features for key mpgr0_si2040
VLOG[2] (compute-mfcc-feats[5.4.140~1-1ab3d]:main():compute-mfcc-feats.cc:173) Processed features for key mpgr0_si780
VLOG[2] (compute-mfcc-feats[5.4.140~1-1ab3d]:main():compute-mfcc-feats.cc:173) Processed features for key mpgr0_sx150
LOG (compute-mfcc-feats[5.4.140~1-1ab3d]:main():compute-mfcc-feats.cc:172) Processed 160 utterances
VLOG[2] (compute-mfcc-feats[5.4.140~1-1ab3d]:main():compute-mfcc-feats.cc:173) Processed features for key mpgr0_sx240
VLOG[2] (compute-mfcc-feats[5.4.140~1-1ab3d]:main():compute-mfcc-feats.cc:173) Processed features for key mpgr0_sx330
VLOG[2] (compute-mfcc-feats[5.4.140~1-1ab3d]:main():compute-mfcc-feats.cc:173) Processed features for key mpgr0_sx420
VLOG[2] (compute-mfcc-feats[5.4.140~1-1ab3d]:main():compute-mfcc-feats.cc:173) Processed features for key mpgr0_sx60
VLOG[2] (compute-mfcc-feats[5.4.140~1-1ab3d]:main():compute-mfcc-feats.cc:173) Processed features for key mpgr1_si1269
VLOG[2] (compute-mfcc-feats[5.4.140~1-1ab3d]:main():compute-mfcc-feats.cc:173) Processed features for key mpgr1_si1499
VLOG[2] (compute-mfcc-feats[5.4.140~1-1ab3d]:main():compute-mfcc-feats.cc:173) Processed features for key mpgr1_si2129
VLOG[2] (compute-mfcc-feats[5.4.140~1-1ab3d]:main():compute-mfcc-feats.cc:173) Processed features for key mpgr1_sx149
VLOG[2] (compute-mfcc-feats[5.4.140~1-1ab3d]:main():compute-mfcc-feats.cc:173) Processed features for key mpgr1_sx239
VLOG[2] (compute-mfcc-feats[5.4.140~1-1ab3d]:main():compute-mfcc-feats.cc:173) Processed features for key mpgr1_sx329
LOG (compute-mfcc-feats[5.4.140~1-1ab3d]:main():compute-mfcc-feats.cc:172) Processed 170 utterances
VLOG[2] (compute-mfcc-feats[5.4.140~1-1ab3d]:main():compute-mfcc-feats.cc:173) Processed features for key mpgr1_sx419
VLOG[2] (compute-mfcc-feats[5.4.140~1-1ab3d]:main():compute-mfcc-feats.cc:173) Processed features for key mpgr1_sx59
VLOG[2] (compute-mfcc-feats[5.4.140~1-1ab3d]:main():compute-mfcc-feats.cc:173) Processed features for key mpmb0_si1501
VLOG[2] (compute-mfcc-feats[5.4.140~1-1ab3d]:main():compute-mfcc-feats.cc:173) Processed features for key mpmb0_si2131
VLOG[2] (compute-mfcc-feats[5.4.140~1-1ab3d]:main():compute-mfcc-feats.cc:173) Processed features for key mpmb0_si871
VLOG[2] (compute-mfcc-feats[5.4.140~1-1ab3d]:main():compute-mfcc-feats.cc:173) Processed features for key mpmb0_sx151
VLOG[2] (compute-mfcc-feats[5.4.140~1-1ab3d]:main():compute-mfcc-feats.cc:173) Processed features for key mpmb0_sx241
VLOG[2] (compute-mfcc-feats[5.4.140~1-1ab3d]:main():compute-mfcc-feats.cc:173) Processed features for key mpmb0_sx331
VLOG[2] (compute-mfcc-feats[5.4.140~1-1ab3d]:main():compute-mfcc-feats.cc:173) Processed features for key mpmb0_sx421
VLOG[2] (compute-mfcc-feats[5.4.140~1-1ab3d]:main():compute-mfcc-feats.cc:173) Processed features for key mpmb0_sx61
LOG (compute-mfcc-feats[5.4.140~1-1ab3d]:main():compute-mfcc-feats.cc:172) Processed 180 utterances
VLOG[2] (compute-mfcc-feats[5.4.140~1-1ab3d]:main():compute-mfcc-feats.cc:173) Processed features for key mppc0_si1412
VLOG[2] (compute-mfcc-feats[5.4.140~1-1ab3d]:main():compute-mfcc-feats.cc:173) Processed features for key mppc0_si2042
VLOG[2] (compute-mfcc-feats[5.4.140~1-1ab3d]:main():compute-mfcc-feats.cc:173) Processed features for key mppc0_si782
VLOG[2] (compute-mfcc-feats[5.4.140~1-1ab3d]:main():compute-mfcc-feats.cc:173) Processed features for key mppc0_sx152
VLOG[2] (compute-mfcc-feats[5.4.140~1-1ab3d]:main():compute-mfcc-feats.cc:173) Processed features for key mppc0_sx242
VLOG[2] (compute-mfcc-feats[5.4.140~1-1ab3d]:main():compute-mfcc-feats.cc:173) Processed features for key mppc0_sx332
VLOG[2] (compute-mfcc-feats[5.4.140~1-1ab3d]:main():compute-mfcc-feats.cc:173) Processed features for key mppc0_sx422
VLOG[2] (compute-mfcc-feats[5.4.140~1-1ab3d]:main():compute-mfcc-feats.cc:173) Processed features for key mppc0_sx62
VLOG[2] (compute-mfcc-feats[5.4.140~1-1ab3d]:main():compute-mfcc-feats.cc:173) Processed features for key mprb0_si1205
VLOG[2] (compute-mfcc-feats[5.4.140~1-1ab3d]:main():compute-mfcc-feats.cc:173) Processed features for key mprb0_si1215
LOG (compute-mfcc-feats[5.4.140~1-1ab3d]:main():compute-mfcc-feats.cc:172) Processed 190 utterances
VLOG[2] (compute-mfcc-feats[5.4.140~1-1ab3d]:main():compute-mfcc-feats.cc:173) Processed features for key mprb0_si575
VLOG[2] (compute-mfcc-feats[5.4.140~1-1ab3d]:main():compute-mfcc-feats.cc:173) Processed features for key mprb0_sx125
VLOG[2] (compute-mfcc-feats[5.4.140~1-1ab3d]:main():compute-mfcc-feats.cc:173) Processed features for key mprb0_sx215
VLOG[2] (compute-mfcc-feats[5.4.140~1-1ab3d]:main():compute-mfcc-feats.cc:173) Processed features for key mprb0_sx305
VLOG[2] (compute-mfcc-feats[5.4.140~1-1ab3d]:main():compute-mfcc-feats.cc:173) Processed features for key mprb0_sx35
VLOG[2] (compute-mfcc-feats[5.4.140~1-1ab3d]:main():compute-mfcc-feats.cc:173) Processed features for key mprb0_sx395
VLOG[2] (compute-mfcc-feats[5.4.140~1-1ab3d]:main():compute-mfcc-feats.cc:173) Processed features for key mprd0_si1431
VLOG[2] (compute-mfcc-feats[5.4.140~1-1ab3d]:main():compute-mfcc-feats.cc:173) Processed features for key mprd0_si2061
VLOG[2] (compute-mfcc-feats[5.4.140~1-1ab3d]:main():compute-mfcc-feats.cc:173) Processed features for key mprd0_si801
VLOG[2] (compute-mfcc-feats[5.4.140~1-1ab3d]:main():compute-mfcc-feats.cc:173) Processed features for key mprd0_sx171
LOG (compute-mfcc-feats[5.4.140~1-1ab3d]:main():compute-mfcc-feats.cc:172) Processed 200 utterances
VLOG[2] (compute-mfcc-feats[5.4.140~1-1ab3d]:main():compute-mfcc-feats.cc:173) Processed features for key mprd0_sx261
VLOG[2] (compute-mfcc-feats[5.4.140~1-1ab3d]:main():compute-mfcc-feats.cc:173) Processed features for key mprd0_sx351
VLOG[2] (compute-mfcc-feats[5.4.140~1-1ab3d]:main():compute-mfcc-feats.cc:173) Processed features for key mprd0_sx441
VLOG[2] (compute-mfcc-feats[5.4.140~1-1ab3d]:main():compute-mfcc-feats.cc:173) Processed features for key mprd0_sx81
VLOG[2] (compute-mfcc-feats[5.4.140~1-1ab3d]:main():compute-mfcc-feats.cc:173) Processed features for key mprk0_si1097
VLOG[2] (compute-mfcc-feats[5.4.140~1-1ab3d]:main():compute-mfcc-feats.cc:173) Processed features for key mprk0_si1727
VLOG[2] (compute-mfcc-feats[5.4.140~1-1ab3d]:main():compute-mfcc-feats.cc:173) Processed features for key mprk0_si467
VLOG[2] (compute-mfcc-feats[5.4.140~1-1ab3d]:main():compute-mfcc-feats.cc:173) Processed features for key mprk0_sx107
VLOG[2] (compute-mfcc-feats[5.4.140~1-1ab3d]:main():compute-mfcc-feats.cc:173) Processed features for key mprk0_sx17
VLOG[2] (compute-mfcc-feats[5.4.140~1-1ab3d]:main():compute-mfcc-feats.cc:173) Processed features for key mprk0_sx197
LOG (compute-mfcc-feats[5.4.140~1-1ab3d]:main():compute-mfcc-feats.cc:172) Processed 210 utterances
VLOG[2] (compute-mfcc-feats[5.4.140~1-1ab3d]:main():compute-mfcc-feats.cc:173) Processed features for key mprk0_sx287
VLOG[2] (compute-mfcc-feats[5.4.140~1-1ab3d]:main():compute-mfcc-feats.cc:173) Processed features for key mprk0_sx377
VLOG[2] (compute-mfcc-feats[5.4.140~1-1ab3d]:main():compute-mfcc-feats.cc:173) Processed features for key mprt0_si1210
VLOG[2] (compute-mfcc-feats[5.4.140~1-1ab3d]:main():compute-mfcc-feats.cc:173) Processed features for key mprt0_si495
VLOG[2] (compute-mfcc-feats[5.4.140~1-1ab3d]:main():compute-mfcc-feats.cc:173) Processed features for key mprt0_si580
VLOG[2] (compute-mfcc-feats[5.4.140~1-1ab3d]:main():compute-mfcc-feats.cc:173) Processed features for key mprt0_sx130
VLOG[2] (compute-mfcc-feats[5.4.140~1-1ab3d]:main():compute-mfcc-feats.cc:173) Processed features for key mprt0_sx220
VLOG[2] (compute-mfcc-feats[5.4.140~1-1ab3d]:main():compute-mfcc-feats.cc:173) Processed features for key mprt0_sx310
VLOG[2] (compute-mfcc-feats[5.4.140~1-1ab3d]:main():compute-mfcc-feats.cc:173) Processed features for key mprt0_sx40
VLOG[2] (compute-mfcc-feats[5.4.140~1-1ab3d]:main():compute-mfcc-feats.cc:173) Processed features for key mprt0_sx400
LOG (compute-mfcc-feats[5.4.140~1-1ab3d]:main():compute-mfcc-feats.cc:172) Processed 220 utterances
VLOG[2] (compute-mfcc-feats[5.4.140~1-1ab3d]:main():compute-mfcc-feats.cc:173) Processed features for key mpsw0_si1067
VLOG[2] (compute-mfcc-feats[5.4.140~1-1ab3d]:main():compute-mfcc-feats.cc:173) Processed features for key mpsw0_si1697
VLOG[2] (compute-mfcc-feats[5.4.140~1-1ab3d]:main():compute-mfcc-feats.cc:173) Processed features for key mpsw0_si2327
VLOG[2] (compute-mfcc-feats[5.4.140~1-1ab3d]:main():compute-mfcc-feats.cc:173) Processed features for key mpsw0_sx167
VLOG[2] (compute-mfcc-feats[5.4.140~1-1ab3d]:main():compute-mfcc-feats.cc:173) Processed features for key mpsw0_sx24
VLOG[2] (compute-mfcc-feats[5.4.140~1-1ab3d]:main():compute-mfcc-feats.cc:173) Processed features for key mpsw0_sx257
VLOG[2] (compute-mfcc-feats[5.4.140~1-1ab3d]:main():compute-mfcc-feats.cc:173) Processed features for key mpsw0_sx437
VLOG[2] (compute-mfcc-feats[5.4.140~1-1ab3d]:main():compute-mfcc-feats.cc:173) Processed features for key mpsw0_sx77
VLOG[2] (compute-mfcc-feats[5.4.140~1-1ab3d]:main():compute-mfcc-feats.cc:173) Processed features for key mrab0_si1224
VLOG[2] (compute-mfcc-feats[5.4.140~1-1ab3d]:main():compute-mfcc-feats.cc:173) Processed features for key mrab0_si1854
LOG (compute-mfcc-feats[5.4.140~1-1ab3d]:main():compute-mfcc-feats.cc:172) Processed 230 utterances
VLOG[2] (compute-mfcc-feats[5.4.140~1-1ab3d]:main():compute-mfcc-feats.cc:173) Processed features for key mrab0_si594
VLOG[2] (compute-mfcc-feats[5.4.140~1-1ab3d]:main():compute-mfcc-feats.cc:173) Processed features for key mrab0_sx144
VLOG[2] (compute-mfcc-feats[5.4.140~1-1ab3d]:main():compute-mfcc-feats.cc:173) Processed features for key mrab0_sx234
VLOG[2] (compute-mfcc-feats[5.4.140~1-1ab3d]:main():compute-mfcc-feats.cc:173) Processed features for key mrab0_sx324
VLOG[2] (compute-mfcc-feats[5.4.140~1-1ab3d]:main():compute-mfcc-feats.cc:173) Processed features for key mrab0_sx414
VLOG[2] (compute-mfcc-feats[5.4.140~1-1ab3d]:main():compute-mfcc-feats.cc:173) Processed features for key mrab0_sx54
VLOG[2] (compute-mfcc-feats[5.4.140~1-1ab3d]:main():compute-mfcc-feats.cc:173) Processed features for key mrab1_si1478
VLOG[2] (compute-mfcc-feats[5.4.140~1-1ab3d]:main():compute-mfcc-feats.cc:173) Processed features for key mrab1_si2108
VLOG[2] (compute-mfcc-feats[5.4.140~1-1ab3d]:main():compute-mfcc-feats.cc:173) Processed features for key mrab1_si848
VLOG[2] (compute-mfcc-feats[5.4.140~1-1ab3d]:main():compute-mfcc-feats.cc:173) Processed features for key mrab1_sx128
LOG (compute-mfcc-feats[5.4.140~1-1ab3d]:main():compute-mfcc-feats.cc:172) Processed 240 utterances
VLOG[2] (compute-mfcc-feats[5.4.140~1-1ab3d]:main():compute-mfcc-feats.cc:173) Processed features for key mrab1_sx218
VLOG[2] (compute-mfcc-feats[5.4.140~1-1ab3d]:main():compute-mfcc-feats.cc:173) Processed features for key mrab1_sx308
VLOG[2] (compute-mfcc-feats[5.4.140~1-1ab3d]:main():compute-mfcc-feats.cc:173) Processed features for key mrab1_sx38
VLOG[2] (compute-mfcc-feats[5.4.140~1-1ab3d]:main():compute-mfcc-feats.cc:173) Processed features for key mrab1_sx398
VLOG[2] (compute-mfcc-feats[5.4.140~1-1ab3d]:main():compute-mfcc-feats.cc:173) Processed features for key mrai0_si1954
VLOG[2] (compute-mfcc-feats[5.4.140~1-1ab3d]:main():compute-mfcc-feats.cc:173) Processed features for key mrai0_si2052
VLOG[2] (compute-mfcc-feats[5.4.140~1-1ab3d]:main():compute-mfcc-feats.cc:173) Processed features for key mrai0_si792
VLOG[2] (compute-mfcc-feats[5.4.140~1-1ab3d]:main():compute-mfcc-feats.cc:173) Processed features for key mrai0_sx162
VLOG[2] (compute-mfcc-feats[5.4.140~1-1ab3d]:main():compute-mfcc-feats.cc:173) Processed features for key mrai0_sx252
VLOG[2] (compute-mfcc-feats[5.4.140~1-1ab3d]:main():compute-mfcc-feats.cc:173) Processed features for key mrai0_sx342
LOG (compute-mfcc-feats[5.4.140~1-1ab3d]:main():compute-mfcc-feats.cc:172) Processed 250 utterances
VLOG[2] (compute-mfcc-feats[5.4.140~1-1ab3d]:main():compute-mfcc-feats.cc:173) Processed features for key mrai0_sx432
VLOG[2] (compute-mfcc-feats[5.4.140~1-1ab3d]:main():compute-mfcc-feats.cc:173) Processed features for key mrai0_sx72
VLOG[2] (compute-mfcc-feats[5.4.140~1-1ab3d]:main():compute-mfcc-feats.cc:173) Processed features for key mram0_si1275
VLOG[2] (compute-mfcc-feats[5.4.140~1-1ab3d]:main():compute-mfcc-feats.cc:173) Processed features for key mram0_si1905
VLOG[2] (compute-mfcc-feats[5.4.140~1-1ab3d]:main():compute-mfcc-feats.cc:173) Processed features for key mram0_si1951
VLOG[2] (compute-mfcc-feats[5.4.140~1-1ab3d]:main():compute-mfcc-feats.cc:173) Processed features for key mram0_sx105
VLOG[2] (compute-mfcc-feats[5.4.140~1-1ab3d]:main():compute-mfcc-feats.cc:173) Processed features for key mram0_sx15
VLOG[2] (compute-mfcc-feats[5.4.140~1-1ab3d]:main():compute-mfcc-feats.cc:173) Processed features for key mram0_sx195
VLOG[2] (compute-mfcc-feats[5.4.140~1-1ab3d]:main():compute-mfcc-feats.cc:173) Processed features for key mram0_sx285
VLOG[2] (compute-mfcc-feats[5.4.140~1-1ab3d]:main():compute-mfcc-feats.cc:173) Processed features for key mram0_sx375
LOG (compute-mfcc-feats[5.4.140~1-1ab3d]:main():compute-mfcc-feats.cc:172) Processed 260 utterances
VLOG[2] (compute-mfcc-feats[5.4.140~1-1ab3d]:main():compute-mfcc-feats.cc:173) Processed features for key mrav0_si1008
VLOG[2] (compute-mfcc-feats[5.4.140~1-1ab3d]:main():compute-mfcc-feats.cc:173) Processed features for key mrav0_si1638
VLOG[2] (compute-mfcc-feats[5.4.140~1-1ab3d]:main():compute-mfcc-feats.cc:173) Processed features for key mrav0_si2268
VLOG[2] (compute-mfcc-feats[5.4.140~1-1ab3d]:main():compute-mfcc-feats.cc:173) Processed features for key mrav0_sx108
VLOG[2] (compute-mfcc-feats[5.4.140~1-1ab3d]:main():compute-mfcc-feats.cc:173) Processed features for key mrav0_sx18
VLOG[2] (compute-mfcc-feats[5.4.140~1-1ab3d]:main():compute-mfcc-feats.cc:173) Processed features for key mrav0_sx198
VLOG[2] (compute-mfcc-feats[5.4.140~1-1ab3d]:main():compute-mfcc-feats.cc:173) Processed features for key mrav0_sx288
VLOG[2] (compute-mfcc-feats[5.4.140~1-1ab3d]:main():compute-mfcc-feats.cc:173) Processed features for key mrav0_sx378
VLOG[2] (compute-mfcc-feats[5.4.140~1-1ab3d]:main():compute-mfcc-feats.cc:173) Processed features for key mrbc0_si1665
VLOG[2] (compute-mfcc-feats[5.4.140~1-1ab3d]:main():compute-mfcc-feats.cc:173) Processed features for key mrbc0_si1859
LOG (compute-mfcc-feats[5.4.140~1-1ab3d]:main():compute-mfcc-feats.cc:172) Processed 270 utterances
VLOG[2] (compute-mfcc-feats[5.4.140~1-1ab3d]:main():compute-mfcc-feats.cc:173) Processed features for key mrbc0_si599
VLOG[2] (compute-mfcc-feats[5.4.140~1-1ab3d]:main():compute-mfcc-feats.cc:173) Processed features for key mrbc0_sx149
VLOG[2] (compute-mfcc-feats[5.4.140~1-1ab3d]:main():compute-mfcc-feats.cc:173) Processed features for key mrbc0_sx239
VLOG[2] (compute-mfcc-feats[5.4.140~1-1ab3d]:main():compute-mfcc-feats.cc:173) Processed features for key mrbc0_sx329
VLOG[2] (compute-mfcc-feats[5.4.140~1-1ab3d]:main():compute-mfcc-feats.cc:173) Processed features for key mrbc0_sx419
VLOG[2] (compute-mfcc-feats[5.4.140~1-1ab3d]:main():compute-mfcc-feats.cc:173) Processed features for key mrbc0_sx59
VLOG[2] (compute-mfcc-feats[5.4.140~1-1ab3d]:main():compute-mfcc-feats.cc:173) Processed features for key mrcg0_si1428
VLOG[2] (compute-mfcc-feats[5.4.140~1-1ab3d]:main():compute-mfcc-feats.cc:173) Processed features for key mrcg0_si2058
VLOG[2] (compute-mfcc-feats[5.4.140~1-1ab3d]:main():compute-mfcc-feats.cc:173) Processed features for key mrcg0_si798
VLOG[2] (compute-mfcc-feats[5.4.140~1-1ab3d]:main():compute-mfcc-feats.cc:173) Processed features for key mrcg0_sx168
LOG (compute-mfcc-feats[5.4.140~1-1ab3d]:main():compute-mfcc-feats.cc:172) Processed 280 utterances
VLOG[2] (compute-mfcc-feats[5.4.140~1-1ab3d]:main():compute-mfcc-feats.cc:173) Processed features for key mrcg0_sx258
VLOG[2] (compute-mfcc-feats[5.4.140~1-1ab3d]:main():compute-mfcc-feats.cc:173) Processed features for key mrcg0_sx348
VLOG[2] (compute-mfcc-feats[5.4.140~1-1ab3d]:main():compute-mfcc-feats.cc:173) Processed features for key mrcg0_sx438
VLOG[2] (compute-mfcc-feats[5.4.140~1-1ab3d]:main():compute-mfcc-feats.cc:173) Processed features for key mrcg0_sx78
VLOG[2] (compute-mfcc-feats[5.4.140~1-1ab3d]:main():compute-mfcc-feats.cc:173) Processed features for key mrcw0_si1371
VLOG[2] (compute-mfcc-feats[5.4.140~1-1ab3d]:main():compute-mfcc-feats.cc:173) Processed features for key mrcw0_si2001
VLOG[2] (compute-mfcc-feats[5.4.140~1-1ab3d]:main():compute-mfcc-feats.cc:173) Processed features for key mrcw0_si741
VLOG[2] (compute-mfcc-feats[5.4.140~1-1ab3d]:main():compute-mfcc-feats.cc:173) Processed features for key mrcw0_sx111
VLOG[2] (compute-mfcc-feats[5.4.140~1-1ab3d]:main():compute-mfcc-feats.cc:173) Processed features for key mrcw0_sx201
VLOG[2] (compute-mfcc-feats[5.4.140~1-1ab3d]:main():compute-mfcc-feats.cc:173) Processed features for key mrcw0_sx21
LOG (compute-mfcc-feats[5.4.140~1-1ab3d]:main():compute-mfcc-feats.cc:172) Processed 290 utterances
VLOG[2] (compute-mfcc-feats[5.4.140~1-1ab3d]:main():compute-mfcc-feats.cc:173) Processed features for key mrcw0_sx291
VLOG[2] (compute-mfcc-feats[5.4.140~1-1ab3d]:main():compute-mfcc-feats.cc:173) Processed features for key mrcw0_sx381
VLOG[2] (compute-mfcc-feats[5.4.140~1-1ab3d]:main():compute-mfcc-feats.cc:173) Processed features for key mrdd0_si1050
VLOG[2] (compute-mfcc-feats[5.4.140~1-1ab3d]:main():compute-mfcc-feats.cc:173) Processed features for key mrdd0_si1680
VLOG[2] (compute-mfcc-feats[5.4.140~1-1ab3d]:main():compute-mfcc-feats.cc:173) Processed features for key mrdd0_si2310
VLOG[2] (compute-mfcc-feats[5.4.140~1-1ab3d]:main():compute-mfcc-feats.cc:173) Processed features for key mrdd0_sx150
VLOG[2] (compute-mfcc-feats[5.4.140~1-1ab3d]:main():compute-mfcc-feats.cc:173) Processed features for key mrdd0_sx240
VLOG[2] (compute-mfcc-feats[5.4.140~1-1ab3d]:main():compute-mfcc-feats.cc:173) Processed features for key mrdd0_sx277
VLOG[2] (compute-mfcc-feats[5.4.140~1-1ab3d]:main():compute-mfcc-feats.cc:173) Processed features for key mrdd0_sx330
VLOG[2] (compute-mfcc-feats[5.4.140~1-1ab3d]:main():compute-mfcc-feats.cc:173) Processed features for key mrdd0_sx60
LOG (compute-mfcc-feats[5.4.140~1-1ab3d]:main():compute-mfcc-feats.cc:172) Processed 300 utterances
VLOG[2] (compute-mfcc-feats[5.4.140~1-1ab3d]:main():compute-mfcc-feats.cc:173) Processed features for key mrdm0_si1044
VLOG[2] (compute-mfcc-feats[5.4.140~1-1ab3d]:main():compute-mfcc-feats.cc:173) Processed features for key mrdm0_si1595
VLOG[2] (compute-mfcc-feats[5.4.140~1-1ab3d]:main():compute-mfcc-feats.cc:173) Processed features for key mrdm0_si965
VLOG[2] (compute-mfcc-feats[5.4.140~1-1ab3d]:main():compute-mfcc-feats.cc:173) Processed features for key mrdm0_sx155
VLOG[2] (compute-mfcc-feats[5.4.140~1-1ab3d]:main():compute-mfcc-feats.cc:173) Processed features for key mrdm0_sx245
VLOG[2] (compute-mfcc-feats[5.4.140~1-1ab3d]:main():compute-mfcc-feats.cc:173) Processed features for key mrdm0_sx335
VLOG[2] (compute-mfcc-feats[5.4.140~1-1ab3d]:main():compute-mfcc-feats.cc:173) Processed features for key mrdm0_sx425
VLOG[2] (compute-mfcc-feats[5.4.140~1-1ab3d]:main():compute-mfcc-feats.cc:173) Processed features for key mrdm0_sx65
VLOG[2] (compute-mfcc-feats[5.4.140~1-1ab3d]:main():compute-mfcc-feats.cc:173) Processed features for key mrds0_si1167
VLOG[2] (compute-mfcc-feats[5.4.140~1-1ab3d]:main():compute-mfcc-feats.cc:173) Processed features for key mrds0_si1797
LOG (compute-mfcc-feats[5.4.140~1-1ab3d]:main():compute-mfcc-feats.cc:172) Processed 310 utterances
VLOG[2] (compute-mfcc-feats[5.4.140~1-1ab3d]:main():compute-mfcc-feats.cc:173) Processed features for key mrds0_si537
VLOG[2] (compute-mfcc-feats[5.4.140~1-1ab3d]:main():compute-mfcc-feats.cc:173) Processed features for key mrds0_sx177
VLOG[2] (compute-mfcc-feats[5.4.140~1-1ab3d]:main():compute-mfcc-feats.cc:173) Processed features for key mrds0_sx267
VLOG[2] (compute-mfcc-feats[5.4.140~1-1ab3d]:main():compute-mfcc-feats.cc:173) Processed features for key mrds0_sx357
VLOG[2] (compute-mfcc-feats[5.4.140~1-1ab3d]:main():compute-mfcc-feats.cc:173) Processed features for key mrds0_sx447
VLOG[2] (compute-mfcc-feats[5.4.140~1-1ab3d]:main():compute-mfcc-feats.cc:173) Processed features for key mrds0_sx87
VLOG[2] (compute-mfcc-feats[5.4.140~1-1ab3d]:main():compute-mfcc-feats.cc:173) Processed features for key mree0_si1104
VLOG[2] (compute-mfcc-feats[5.4.140~1-1ab3d]:main():compute-mfcc-feats.cc:173) Processed features for key mree0_si1734
VLOG[2] (compute-mfcc-feats[5.4.140~1-1ab3d]:main():compute-mfcc-feats.cc:173) Processed features for key mree0_si1959
VLOG[2] (compute-mfcc-feats[5.4.140~1-1ab3d]:main():compute-mfcc-feats.cc:173) Processed features for key mree0_sx114
LOG (compute-mfcc-feats[5.4.140~1-1ab3d]:main():compute-mfcc-feats.cc:172) Processed 320 utterances
VLOG[2] (compute-mfcc-feats[5.4.140~1-1ab3d]:main():compute-mfcc-feats.cc:173) Processed features for key mree0_sx204
VLOG[2] (compute-mfcc-feats[5.4.140~1-1ab3d]:main():compute-mfcc-feats.cc:173) Processed features for key mree0_sx24
VLOG[2] (compute-mfcc-feats[5.4.140~1-1ab3d]:main():compute-mfcc-feats.cc:173) Processed features for key mree0_sx294
VLOG[2] (compute-mfcc-feats[5.4.140~1-1ab3d]:main():compute-mfcc-feats.cc:173) Processed features for key mree0_sx384
VLOG[2] (compute-mfcc-feats[5.4.140~1-1ab3d]:main():compute-mfcc-feats.cc:173) Processed features for key mreh1_si1599
VLOG[2] (compute-mfcc-feats[5.4.140~1-1ab3d]:main():compute-mfcc-feats.cc:173) Processed features for key mreh1_si2229
VLOG[2] (compute-mfcc-feats[5.4.140~1-1ab3d]:main():compute-mfcc-feats.cc:173) Processed features for key mreh1_si969
VLOG[2] (compute-mfcc-feats[5.4.140~1-1ab3d]:main():compute-mfcc-feats.cc:173) Processed features for key mreh1_sx159
VLOG[2] (compute-mfcc-feats[5.4.140~1-1ab3d]:main():compute-mfcc-feats.cc:173) Processed features for key mreh1_sx249
VLOG[2] (compute-mfcc-feats[5.4.140~1-1ab3d]:main():compute-mfcc-feats.cc:173) Processed features for key mreh1_sx339
LOG (compute-mfcc-feats[5.4.140~1-1ab3d]:main():compute-mfcc-feats.cc:172) Processed 330 utterances
VLOG[2] (compute-mfcc-feats[5.4.140~1-1ab3d]:main():compute-mfcc-feats.cc:173) Processed features for key mreh1_sx429
VLOG[2] (compute-mfcc-feats[5.4.140~1-1ab3d]:main():compute-mfcc-feats.cc:173) Processed features for key mreh1_sx69
VLOG[2] (compute-mfcc-feats[5.4.140~1-1ab3d]:main():compute-mfcc-feats.cc:173) Processed features for key mrem0_si1591
VLOG[2] (compute-mfcc-feats[5.4.140~1-1ab3d]:main():compute-mfcc-feats.cc:173) Processed features for key mrem0_si511
VLOG[2] (compute-mfcc-feats[5.4.140~1-1ab3d]:main():compute-mfcc-feats.cc:173) Processed features for key mrem0_si961
VLOG[2] (compute-mfcc-feats[5.4.140~1-1ab3d]:main():compute-mfcc-feats.cc:173) Processed features for key mrem0_sx151
VLOG[2] (compute-mfcc-feats[5.4.140~1-1ab3d]:main():compute-mfcc-feats.cc:173) Processed features for key mrem0_sx241
VLOG[2] (compute-mfcc-feats[5.4.140~1-1ab3d]:main():compute-mfcc-feats.cc:173) Processed features for key mrem0_sx331
VLOG[2] (compute-mfcc-feats[5.4.140~1-1ab3d]:main():compute-mfcc-feats.cc:173) Processed features for key mrem0_sx421
VLOG[2] (compute-mfcc-feats[5.4.140~1-1ab3d]:main():compute-mfcc-feats.cc:173) Processed features for key mrem0_sx61
LOG (compute-mfcc-feats[5.4.140~1-1ab3d]:main():compute-mfcc-feats.cc:172) Processed 340 utterances
VLOG[2] (compute-mfcc-feats[5.4.140~1-1ab3d]:main():compute-mfcc-feats.cc:173) Processed features for key mrew1_si1500
VLOG[2] (compute-mfcc-feats[5.4.140~1-1ab3d]:main():compute-mfcc-feats.cc:173) Processed features for key mrew1_si2130
VLOG[2] (compute-mfcc-feats[5.4.140~1-1ab3d]:main():compute-mfcc-feats.cc:173) Processed features for key mrew1_si870
VLOG[2] (compute-mfcc-feats[5.4.140~1-1ab3d]:main():compute-mfcc-feats.cc:173) Processed features for key mrew1_sx150
VLOG[2] (compute-mfcc-feats[5.4.140~1-1ab3d]:main():compute-mfcc-feats.cc:173) Processed features for key mrew1_sx240
VLOG[2] (compute-mfcc-feats[5.4.140~1-1ab3d]:main():compute-mfcc-feats.cc:173) Processed features for key mrew1_sx330
VLOG[2] (compute-mfcc-feats[5.4.140~1-1ab3d]:main():compute-mfcc-feats.cc:173) Processed features for key mrew1_sx420
VLOG[2] (compute-mfcc-feats[5.4.140~1-1ab3d]:main():compute-mfcc-feats.cc:173) Processed features for key mrew1_sx60
VLOG[2] (compute-mfcc-feats[5.4.140~1-1ab3d]:main():compute-mfcc-feats.cc:173) Processed features for key mrfk0_si1076
VLOG[2] (compute-mfcc-feats[5.4.140~1-1ab3d]:main():compute-mfcc-feats.cc:173) Processed features for key mrfk0_si1706
LOG (compute-mfcc-feats[5.4.140~1-1ab3d]:main():compute-mfcc-feats.cc:172) Processed 350 utterances
VLOG[2] (compute-mfcc-feats[5.4.140~1-1ab3d]:main():compute-mfcc-feats.cc:173) Processed features for key mrfk0_si2336
VLOG[2] (compute-mfcc-feats[5.4.140~1-1ab3d]:main():compute-mfcc-feats.cc:173) Processed features for key mrfk0_sx176
VLOG[2] (compute-mfcc-feats[5.4.140~1-1ab3d]:main():compute-mfcc-feats.cc:173) Processed features for key mrfk0_sx266
VLOG[2] (compute-mfcc-feats[5.4.140~1-1ab3d]:main():compute-mfcc-feats.cc:173) Processed features for key mrfk0_sx356
VLOG[2] (compute-mfcc-feats[5.4.140~1-1ab3d]:main():compute-mfcc-feats.cc:173) Processed features for key mrfk0_sx446
VLOG[2] (compute-mfcc-feats[5.4.140~1-1ab3d]:main():compute-mfcc-feats.cc:173) Processed features for key mrfk0_sx86
VLOG[2] (compute-mfcc-feats[5.4.140~1-1ab3d]:main():compute-mfcc-feats.cc:173) Processed features for key mrfl0_si1156
VLOG[2] (compute-mfcc-feats[5.4.140~1-1ab3d]:main():compute-mfcc-feats.cc:173) Processed features for key mrfl0_si1786
VLOG[2] (compute-mfcc-feats[5.4.140~1-1ab3d]:main():compute-mfcc-feats.cc:173) Processed features for key mrfl0_si526
VLOG[2] (compute-mfcc-feats[5.4.140~1-1ab3d]:main():compute-mfcc-feats.cc:173) Processed features for key mrfl0_sx166
LOG (compute-mfcc-feats[5.4.140~1-1ab3d]:main():compute-mfcc-feats.cc:172) Processed 360 utterances
VLOG[2] (compute-mfcc-feats[5.4.140~1-1ab3d]:main():compute-mfcc-feats.cc:173) Processed features for key mrfl0_sx256
VLOG[2] (compute-mfcc-feats[5.4.140~1-1ab3d]:main():compute-mfcc-feats.cc:173) Processed features for key mrfl0_sx346
VLOG[2] (compute-mfcc-feats[5.4.140~1-1ab3d]:main():compute-mfcc-feats.cc:173) Processed features for key mrfl0_sx436
VLOG[2] (compute-mfcc-feats[5.4.140~1-1ab3d]:main():compute-mfcc-feats.cc:173) Processed features for key mrfl0_sx76
VLOG[2] (compute-mfcc-feats[5.4.140~1-1ab3d]:main():compute-mfcc-feats.cc:173) Processed features for key mrgm0_si1162
VLOG[2] (compute-mfcc-feats[5.4.140~1-1ab3d]:main():compute-mfcc-feats.cc:173) Processed features for key mrgm0_si1792
VLOG[2] (compute-mfcc-feats[5.4.140~1-1ab3d]:main():compute-mfcc-feats.cc:173) Processed features for key mrgm0_si532
VLOG[2] (compute-mfcc-feats[5.4.140~1-1ab3d]:main():compute-mfcc-feats.cc:173) Processed features for key mrgm0_sx172
VLOG[2] (compute-mfcc-feats[5.4.140~1-1ab3d]:main():compute-mfcc-feats.cc:173) Processed features for key mrgm0_sx262
VLOG[2] (compute-mfcc-feats[5.4.140~1-1ab3d]:main():compute-mfcc-feats.cc:173) Processed features for key mrgm0_sx416
LOG (compute-mfcc-feats[5.4.140~1-1ab3d]:main():compute-mfcc-feats.cc:176)  Done 369 out of 369 utterances.
LOG (copy-feats[5.4.140~1-1ab3d]:main():copy-feats.cc:143) Copied 369 feature matrices.
# Accounting: time=10 threads=1
# Ended (code 0) at Fri Jun 15 16:51:10 CST 2018, elapsed time 10 seconds
