# gmm-align-compiled --transition-scale=1.0 --acoustic-scale=0.1 --self-loop-scale=0.1 --beam=10 --retry-beam=40 --careful=false "gmm-boost-silence --boost=1.0 1 exp/mono/23.mdl - |" "ark:gunzip -c exp/mono/fsts.10.gz|" "ark,s,cs:apply-cmvn  --utt2spk=ark:data/train/split20/10/utt2spk scp:data/train/split20/10/cmvn.scp scp:data/train/split20/10/feats.scp ark:- | add-deltas  ark:- ark:- |" "ark,t:|gzip -c >exp/mono/ali.10.gz" 
# Started at Fri Jun 15 16:52:45 CST 2018
#
gmm-align-compiled --transition-scale=1.0 --acoustic-scale=0.1 --self-loop-scale=0.1 --beam=10 --retry-beam=40 --careful=false 'gmm-boost-silence --boost=1.0 1 exp/mono/23.mdl - |' 'ark:gunzip -c exp/mono/fsts.10.gz|' 'ark,s,cs:apply-cmvn  --utt2spk=ark:data/train/split20/10/utt2spk scp:data/train/split20/10/cmvn.scp scp:data/train/split20/10/feats.scp ark:- | add-deltas  ark:- ark:- |' 'ark,t:|gzip -c >exp/mono/ali.10.gz' 
gmm-boost-silence --boost=1.0 1 exp/mono/23.mdl - 
LOG (gmm-boost-silence[5.4.140~1-1ab3d]:main():gmm-boost-silence.cc:93) Boosted weights for 3 pdfs, by factor of 1
LOG (gmm-boost-silence[5.4.140~1-1ab3d]:main():gmm-boost-silence.cc:103) Wrote model to -
add-deltas ark:- ark:- 
apply-cmvn --utt2spk=ark:data/train/split20/10/utt2spk scp:data/train/split20/10/cmvn.scp scp:data/train/split20/10/feats.scp ark:- 
LOG (gmm-align-compiled[5.4.140~1-1ab3d]:main():gmm-align-compiled.cc:127) mdss1_si1327
LOG (gmm-align-compiled[5.4.140~1-1ab3d]:main():gmm-align-compiled.cc:127) mdss1_si1713
LOG (gmm-align-compiled[5.4.140~1-1ab3d]:main():gmm-align-compiled.cc:127) mdss1_si697
LOG (gmm-align-compiled[5.4.140~1-1ab3d]:main():gmm-align-compiled.cc:127) mdss1_sx157
LOG (gmm-align-compiled[5.4.140~1-1ab3d]:main():gmm-align-compiled.cc:127) mdss1_sx247
LOG (gmm-align-compiled[5.4.140~1-1ab3d]:main():gmm-align-compiled.cc:127) mdss1_sx337
LOG (gmm-align-compiled[5.4.140~1-1ab3d]:main():gmm-align-compiled.cc:127) mdss1_sx427
LOG (gmm-align-compiled[5.4.140~1-1ab3d]:main():gmm-align-compiled.cc:127) mdss1_sx67
LOG (gmm-align-compiled[5.4.140~1-1ab3d]:main():gmm-align-compiled.cc:127) mdtb0_si1200
LOG (gmm-align-compiled[5.4.140~1-1ab3d]:main():gmm-align-compiled.cc:127) mdtb0_si1830
LOG (gmm-align-compiled[5.4.140~1-1ab3d]:main():gmm-align-compiled.cc:127) mdtb0_si570
LOG (gmm-align-compiled[5.4.140~1-1ab3d]:main():gmm-align-compiled.cc:127) mdtb0_sx120
LOG (gmm-align-compiled[5.4.140~1-1ab3d]:main():gmm-align-compiled.cc:127) mdtb0_sx210
LOG (gmm-align-compiled[5.4.140~1-1ab3d]:main():gmm-align-compiled.cc:127) mdtb0_sx300
LOG (gmm-align-compiled[5.4.140~1-1ab3d]:main():gmm-align-compiled.cc:127) mdtb0_sx321
LOG (gmm-align-compiled[5.4.140~1-1ab3d]:main():gmm-align-compiled.cc:127) mdtb0_sx390
LOG (gmm-align-compiled[5.4.140~1-1ab3d]:main():gmm-align-compiled.cc:127) mdwd0_si1260
LOG (gmm-align-compiled[5.4.140~1-1ab3d]:main():gmm-align-compiled.cc:127) mdwd0_si1890
LOG (gmm-align-compiled[5.4.140~1-1ab3d]:main():gmm-align-compiled.cc:127) mdwd0_si557
LOG (gmm-align-compiled[5.4.140~1-1ab3d]:main():gmm-align-compiled.cc:127) mdwd0_sx180
LOG (gmm-align-compiled[5.4.140~1-1ab3d]:main():gmm-align-compiled.cc:127) mdwd0_sx270
LOG (gmm-align-compiled[5.4.140~1-1ab3d]:main():gmm-align-compiled.cc:127) mdwd0_sx360
LOG (gmm-align-compiled[5.4.140~1-1ab3d]:main():gmm-align-compiled.cc:127) mdwd0_sx450
LOG (gmm-align-compiled[5.4.140~1-1ab3d]:main():gmm-align-compiled.cc:127) mdwd0_sx90
LOG (gmm-align-compiled[5.4.140~1-1ab3d]:main():gmm-align-compiled.cc:127) mdwh0_si1168
LOG (gmm-align-compiled[5.4.140~1-1ab3d]:main():gmm-align-compiled.cc:127) mdwh0_si1925
LOG (gmm-align-compiled[5.4.140~1-1ab3d]:main():gmm-align-compiled.cc:127) mdwh0_si665
LOG (gmm-align-compiled[5.4.140~1-1ab3d]:main():gmm-align-compiled.cc:127) mdwh0_sx125
LOG (gmm-align-compiled[5.4.140~1-1ab3d]:main():gmm-align-compiled.cc:127) mdwh0_sx215
LOG (gmm-align-compiled[5.4.140~1-1ab3d]:main():gmm-align-compiled.cc:127) mdwh0_sx305
LOG (gmm-align-compiled[5.4.140~1-1ab3d]:main():gmm-align-compiled.cc:127) mdwh0_sx35
LOG (gmm-align-compiled[5.4.140~1-1ab3d]:main():gmm-align-compiled.cc:127) mdwh0_sx395
LOG (gmm-align-compiled[5.4.140~1-1ab3d]:main():gmm-align-compiled.cc:127) mdwm0_si1546
LOG (gmm-align-compiled[5.4.140~1-1ab3d]:main():gmm-align-compiled.cc:127) mdwm0_si2176
LOG (gmm-align-compiled[5.4.140~1-1ab3d]:main():gmm-align-compiled.cc:127) mdwm0_si916
LOG (gmm-align-compiled[5.4.140~1-1ab3d]:main():gmm-align-compiled.cc:127) mdwm0_sx106
LOG (gmm-align-compiled[5.4.140~1-1ab3d]:main():gmm-align-compiled.cc:127) mdwm0_sx16
LOG (gmm-align-compiled[5.4.140~1-1ab3d]:main():gmm-align-compiled.cc:127) mdwm0_sx286
LOG (gmm-align-compiled[5.4.140~1-1ab3d]:main():gmm-align-compiled.cc:127) mdwm0_sx376
LOG (gmm-align-compiled[5.4.140~1-1ab3d]:main():gmm-align-compiled.cc:127) mdwm0_sx433
LOG (gmm-align-compiled[5.4.140~1-1ab3d]:main():gmm-align-compiled.cc:127) meal0_si1547
LOG (gmm-align-compiled[5.4.140~1-1ab3d]:main():gmm-align-compiled.cc:127) meal0_si2177
LOG (gmm-align-compiled[5.4.140~1-1ab3d]:main():gmm-align-compiled.cc:127) meal0_si917
LOG (gmm-align-compiled[5.4.140~1-1ab3d]:main():gmm-align-compiled.cc:127) meal0_sx107
LOG (gmm-align-compiled[5.4.140~1-1ab3d]:main():gmm-align-compiled.cc:127) meal0_sx197
LOG (gmm-align-compiled[5.4.140~1-1ab3d]:main():gmm-align-compiled.cc:127) meal0_sx287
LOG (gmm-align-compiled[5.4.140~1-1ab3d]:main():gmm-align-compiled.cc:127) meal0_sx347
LOG (gmm-align-compiled[5.4.140~1-1ab3d]:main():gmm-align-compiled.cc:127) meal0_sx377
LOG (gmm-align-compiled[5.4.140~1-1ab3d]:main():gmm-align-compiled.cc:127) medr0_si1374
LOG (gmm-align-compiled[5.4.140~1-1ab3d]:main():gmm-align-compiled.cc:127) medr0_si2004
LOG (gmm-align-compiled[5.4.140~1-1ab3d]:main():gmm-align-compiled.cc:127) medr0_si744
LOG (gmm-align-compiled[5.4.140~1-1ab3d]:main():gmm-align-compiled.cc:127) medr0_sx114
LOG (gmm-align-compiled[5.4.140~1-1ab3d]:main():gmm-align-compiled.cc:127) medr0_sx204
LOG (gmm-align-compiled[5.4.140~1-1ab3d]:main():gmm-align-compiled.cc:127) medr0_sx24
LOG (gmm-align-compiled[5.4.140~1-1ab3d]:main():gmm-align-compiled.cc:127) medr0_sx294
LOG (gmm-align-compiled[5.4.140~1-1ab3d]:main():gmm-align-compiled.cc:127) medr0_sx384
LOG (gmm-align-compiled[5.4.140~1-1ab3d]:main():gmm-align-compiled.cc:127) mefg0_si465
LOG (gmm-align-compiled[5.4.140~1-1ab3d]:main():gmm-align-compiled.cc:127) mefg0_si491
LOG (gmm-align-compiled[5.4.140~1-1ab3d]:main():gmm-align-compiled.cc:127) mefg0_si598
LOG (gmm-align-compiled[5.4.140~1-1ab3d]:main():gmm-align-compiled.cc:127) mefg0_sx105
LOG (gmm-align-compiled[5.4.140~1-1ab3d]:main():gmm-align-compiled.cc:127) mefg0_sx15
LOG (gmm-align-compiled[5.4.140~1-1ab3d]:main():gmm-align-compiled.cc:127) mefg0_sx195
LOG (gmm-align-compiled[5.4.140~1-1ab3d]:main():gmm-align-compiled.cc:127) mefg0_sx285
LOG (gmm-align-compiled[5.4.140~1-1ab3d]:main():gmm-align-compiled.cc:127) mefg0_sx375
LOG (gmm-align-compiled[5.4.140~1-1ab3d]:main():gmm-align-compiled.cc:127) megj0_si1337
LOG (gmm-align-compiled[5.4.140~1-1ab3d]:main():gmm-align-compiled.cc:127) megj0_si1967
LOG (gmm-align-compiled[5.4.140~1-1ab3d]:main():gmm-align-compiled.cc:127) megj0_si707
LOG (gmm-align-compiled[5.4.140~1-1ab3d]:main():gmm-align-compiled.cc:127) megj0_sx167
LOG (gmm-align-compiled[5.4.140~1-1ab3d]:main():gmm-align-compiled.cc:127) megj0_sx257
LOG (gmm-align-compiled[5.4.140~1-1ab3d]:main():gmm-align-compiled.cc:127) megj0_sx3
LOG (gmm-align-compiled[5.4.140~1-1ab3d]:main():gmm-align-compiled.cc:127) megj0_sx437
LOG (gmm-align-compiled[5.4.140~1-1ab3d]:main():gmm-align-compiled.cc:127) megj0_sx77
LOG (gmm-align-compiled[5.4.140~1-1ab3d]:main():gmm-align-compiled.cc:127) mejl0_si1592
LOG (gmm-align-compiled[5.4.140~1-1ab3d]:main():gmm-align-compiled.cc:127) mejl0_si1654
LOG (gmm-align-compiled[5.4.140~1-1ab3d]:main():gmm-align-compiled.cc:127) mejl0_si962
LOG (gmm-align-compiled[5.4.140~1-1ab3d]:main():gmm-align-compiled.cc:127) mejl0_sx152
LOG (gmm-align-compiled[5.4.140~1-1ab3d]:main():gmm-align-compiled.cc:127) mejl0_sx242
LOG (gmm-align-compiled[5.4.140~1-1ab3d]:main():gmm-align-compiled.cc:127) mejl0_sx332
LOG (gmm-align-compiled[5.4.140~1-1ab3d]:main():gmm-align-compiled.cc:127) mejl0_sx422
LOG (gmm-align-compiled[5.4.140~1-1ab3d]:main():gmm-align-compiled.cc:127) mejl0_sx62
LOG (gmm-align-compiled[5.4.140~1-1ab3d]:main():gmm-align-compiled.cc:127) mejs0_si1240
LOG (gmm-align-compiled[5.4.140~1-1ab3d]:main():gmm-align-compiled.cc:127) mejs0_si1870
LOG (gmm-align-compiled[5.4.140~1-1ab3d]:main():gmm-align-compiled.cc:127) mejs0_si610
LOG (gmm-align-compiled[5.4.140~1-1ab3d]:main():gmm-align-compiled.cc:127) mejs0_sx160
LOG (gmm-align-compiled[5.4.140~1-1ab3d]:main():gmm-align-compiled.cc:127) mejs0_sx250
LOG (gmm-align-compiled[5.4.140~1-1ab3d]:main():gmm-align-compiled.cc:127) mejs0_sx340
LOG (gmm-align-compiled[5.4.140~1-1ab3d]:main():gmm-align-compiled.cc:127) mejs0_sx430
LOG (gmm-align-compiled[5.4.140~1-1ab3d]:main():gmm-align-compiled.cc:127) mejs0_sx70
LOG (gmm-align-compiled[5.4.140~1-1ab3d]:main():gmm-align-compiled.cc:127) mesg0_si1332
LOG (gmm-align-compiled[5.4.140~1-1ab3d]:main():gmm-align-compiled.cc:127) mesg0_si1962
LOG (gmm-align-compiled[5.4.140~1-1ab3d]:main():gmm-align-compiled.cc:127) mesg0_si702
LOG (gmm-align-compiled[5.4.140~1-1ab3d]:main():gmm-align-compiled.cc:127) mesg0_sx162
LOG (gmm-align-compiled[5.4.140~1-1ab3d]:main():gmm-align-compiled.cc:127) mesg0_sx252
LOG (gmm-align-compiled[5.4.140~1-1ab3d]:main():gmm-align-compiled.cc:127) mesg0_sx342
LOG (gmm-align-compiled[5.4.140~1-1ab3d]:main():gmm-align-compiled.cc:127) mesg0_sx432
LOG (gmm-align-compiled[5.4.140~1-1ab3d]:main():gmm-align-compiled.cc:127) mesg0_sx72
LOG (gmm-align-compiled[5.4.140~1-1ab3d]:main():gmm-align-compiled.cc:127) mesj0_si2039
LOG (gmm-align-compiled[5.4.140~1-1ab3d]:main():gmm-align-compiled.cc:127) mesj0_si2257
LOG (gmm-align-compiled[5.4.140~1-1ab3d]:main():gmm-align-compiled.cc:127) mesj0_si997
LOG (gmm-align-compiled[5.4.140~1-1ab3d]:main():gmm-align-compiled.cc:127) mesj0_sx187
LOG (gmm-align-compiled[5.4.140~1-1ab3d]:main():gmm-align-compiled.cc:127) mesj0_sx277
LOG (gmm-align-compiled[5.4.140~1-1ab3d]:main():gmm-align-compiled.cc:127) mesj0_sx367
LOG (gmm-align-compiled[5.4.140~1-1ab3d]:main():gmm-align-compiled.cc:127) mesj0_sx7
LOG (gmm-align-compiled[5.4.140~1-1ab3d]:main():gmm-align-compiled.cc:127) mesj0_sx97
LOG (gmm-align-compiled[5.4.140~1-1ab3d]:main():gmm-align-compiled.cc:127) mewm0_si1348
LOG (gmm-align-compiled[5.4.140~1-1ab3d]:main():gmm-align-compiled.cc:127) mewm0_si1978
LOG (gmm-align-compiled[5.4.140~1-1ab3d]:main():gmm-align-compiled.cc:127) mewm0_si718
LOG (gmm-align-compiled[5.4.140~1-1ab3d]:main():gmm-align-compiled.cc:127) mewm0_sx178
LOG (gmm-align-compiled[5.4.140~1-1ab3d]:main():gmm-align-compiled.cc:127) mewm0_sx268
LOG (gmm-align-compiled[5.4.140~1-1ab3d]:main():gmm-align-compiled.cc:127) mewm0_sx358
LOG (gmm-align-compiled[5.4.140~1-1ab3d]:main():gmm-align-compiled.cc:127) mewm0_sx448
LOG (gmm-align-compiled[5.4.140~1-1ab3d]:main():gmm-align-compiled.cc:127) mewm0_sx88
LOG (gmm-align-compiled[5.4.140~1-1ab3d]:main():gmm-align-compiled.cc:127) mfer0_si1492
LOG (gmm-align-compiled[5.4.140~1-1ab3d]:main():gmm-align-compiled.cc:127) mfer0_si2122
LOG (gmm-align-compiled[5.4.140~1-1ab3d]:main():gmm-align-compiled.cc:127) mfer0_si862
LOG (gmm-align-compiled[5.4.140~1-1ab3d]:main():gmm-align-compiled.cc:127) mfer0_sx142
LOG (gmm-align-compiled[5.4.140~1-1ab3d]:main():gmm-align-compiled.cc:127) mfer0_sx232
LOG (gmm-align-compiled[5.4.140~1-1ab3d]:main():gmm-align-compiled.cc:127) mfer0_sx322
LOG (gmm-align-compiled[5.4.140~1-1ab3d]:main():gmm-align-compiled.cc:127) mfer0_sx412
LOG (gmm-align-compiled[5.4.140~1-1ab3d]:main():gmm-align-compiled.cc:127) mfer0_sx52
LOG (gmm-align-compiled[5.4.140~1-1ab3d]:main():gmm-align-compiled.cc:127) mfmc0_si1132
LOG (gmm-align-compiled[5.4.140~1-1ab3d]:main():gmm-align-compiled.cc:127) mfmc0_si1762
LOG (gmm-align-compiled[5.4.140~1-1ab3d]:main():gmm-align-compiled.cc:127) mfmc0_si502
LOG (gmm-align-compiled[5.4.140~1-1ab3d]:main():gmm-align-compiled.cc:127) mfmc0_sx142
LOG (gmm-align-compiled[5.4.140~1-1ab3d]:main():gmm-align-compiled.cc:127) mfmc0_sx232
LOG (gmm-align-compiled[5.4.140~1-1ab3d]:main():gmm-align-compiled.cc:127) mfmc0_sx322
LOG (gmm-align-compiled[5.4.140~1-1ab3d]:main():gmm-align-compiled.cc:127) mfmc0_sx412
LOG (gmm-align-compiled[5.4.140~1-1ab3d]:main():gmm-align-compiled.cc:127) mfmc0_sx52
LOG (gmm-align-compiled[5.4.140~1-1ab3d]:main():gmm-align-compiled.cc:127) mfrm0_si1155
LOG (gmm-align-compiled[5.4.140~1-1ab3d]:main():gmm-align-compiled.cc:127) mfrm0_si1717
LOG (gmm-align-compiled[5.4.140~1-1ab3d]:main():gmm-align-compiled.cc:127) mfrm0_si1785
LOG (gmm-align-compiled[5.4.140~1-1ab3d]:main():gmm-align-compiled.cc:127) mfrm0_sx165
LOG (gmm-align-compiled[5.4.140~1-1ab3d]:main():gmm-align-compiled.cc:127) mfrm0_sx255
LOG (gmm-align-compiled[5.4.140~1-1ab3d]:main():gmm-align-compiled.cc:127) mfrm0_sx345
LOG (gmm-align-compiled[5.4.140~1-1ab3d]:main():gmm-align-compiled.cc:127) mfrm0_sx435
LOG (gmm-align-compiled[5.4.140~1-1ab3d]:main():gmm-align-compiled.cc:127) mfrm0_sx75
LOG (gmm-align-compiled[5.4.140~1-1ab3d]:main():gmm-align-compiled.cc:127) mfwk0_si1249
LOG (gmm-align-compiled[5.4.140~1-1ab3d]:main():gmm-align-compiled.cc:127) mfwk0_si1879
LOG (gmm-align-compiled[5.4.140~1-1ab3d]:main():gmm-align-compiled.cc:127) mfwk0_si619
LOG (gmm-align-compiled[5.4.140~1-1ab3d]:main():gmm-align-compiled.cc:127) mfwk0_sx169
LOG (gmm-align-compiled[5.4.140~1-1ab3d]:main():gmm-align-compiled.cc:127) mfwk0_sx259
LOG (gmm-align-compiled[5.4.140~1-1ab3d]:main():gmm-align-compiled.cc:127) mfwk0_sx349
LOG (gmm-align-compiled[5.4.140~1-1ab3d]:main():gmm-align-compiled.cc:127) mfwk0_sx439
LOG (gmm-align-compiled[5.4.140~1-1ab3d]:main():gmm-align-compiled.cc:127) mfwk0_sx79
LOG (gmm-align-compiled[5.4.140~1-1ab3d]:main():gmm-align-compiled.cc:127) mfxs0_si1674
LOG (gmm-align-compiled[5.4.140~1-1ab3d]:main():gmm-align-compiled.cc:127) mfxs0_si2225
LOG (gmm-align-compiled[5.4.140~1-1ab3d]:main():gmm-align-compiled.cc:127) mfxs0_si2304
LOG (gmm-align-compiled[5.4.140~1-1ab3d]:main():gmm-align-compiled.cc:127) mfxs0_sx144
LOG (gmm-align-compiled[5.4.140~1-1ab3d]:main():gmm-align-compiled.cc:127) mfxs0_sx234
LOG (gmm-align-compiled[5.4.140~1-1ab3d]:main():gmm-align-compiled.cc:127) mfxs0_sx324
LOG (gmm-align-compiled[5.4.140~1-1ab3d]:main():gmm-align-compiled.cc:127) mfxs0_sx414
LOG (gmm-align-compiled[5.4.140~1-1ab3d]:main():gmm-align-compiled.cc:127) mfxs0_sx54
LOG (gmm-align-compiled[5.4.140~1-1ab3d]:main():gmm-align-compiled.cc:127) mfxv0_si1005
LOG (gmm-align-compiled[5.4.140~1-1ab3d]:main():gmm-align-compiled.cc:127) mfxv0_si1342
LOG (gmm-align-compiled[5.4.140~1-1ab3d]:main():gmm-align-compiled.cc:127) mfxv0_si1635
LOG (gmm-align-compiled[5.4.140~1-1ab3d]:main():gmm-align-compiled.cc:127) mfxv0_sx105
LOG (gmm-align-compiled[5.4.140~1-1ab3d]:main():gmm-align-compiled.cc:127) mfxv0_sx15
LOG (gmm-align-compiled[5.4.140~1-1ab3d]:main():gmm-align-compiled.cc:127) mfxv0_sx195
LOG (gmm-align-compiled[5.4.140~1-1ab3d]:main():gmm-align-compiled.cc:127) mfxv0_sx285
LOG (gmm-align-compiled[5.4.140~1-1ab3d]:main():gmm-align-compiled.cc:127) mfxv0_sx375
LOG (gmm-align-compiled[5.4.140~1-1ab3d]:main():gmm-align-compiled.cc:127) mgaf0_si1282
LOG (gmm-align-compiled[5.4.140~1-1ab3d]:main():gmm-align-compiled.cc:127) mgaf0_si1912
LOG (gmm-align-compiled[5.4.140~1-1ab3d]:main():gmm-align-compiled.cc:127) mgaf0_si652
LOG (gmm-align-compiled[5.4.140~1-1ab3d]:main():gmm-align-compiled.cc:127) mgaf0_sx112
LOG (gmm-align-compiled[5.4.140~1-1ab3d]:main():gmm-align-compiled.cc:127) mgaf0_sx202
LOG (gmm-align-compiled[5.4.140~1-1ab3d]:main():gmm-align-compiled.cc:127) mgaf0_sx22
LOG (gmm-align-compiled[5.4.140~1-1ab3d]:main():gmm-align-compiled.cc:127) mgaf0_sx292
LOG (gmm-align-compiled[5.4.140~1-1ab3d]:main():gmm-align-compiled.cc:127) mgaf0_sx382
LOG (gmm-align-compiled[5.4.140~1-1ab3d]:main():gmm-align-compiled.cc:127) mgag0_si1321
LOG (gmm-align-compiled[5.4.140~1-1ab3d]:main():gmm-align-compiled.cc:127) mgag0_si645
LOG (gmm-align-compiled[5.4.140~1-1ab3d]:main():gmm-align-compiled.cc:127) mgag0_si691
LOG (gmm-align-compiled[5.4.140~1-1ab3d]:main():gmm-align-compiled.cc:127) mgag0_sx151
LOG (gmm-align-compiled[5.4.140~1-1ab3d]:main():gmm-align-compiled.cc:127) mgag0_sx241
LOG (gmm-align-compiled[5.4.140~1-1ab3d]:main():gmm-align-compiled.cc:127) mgag0_sx331
LOG (gmm-align-compiled[5.4.140~1-1ab3d]:main():gmm-align-compiled.cc:127) mgag0_sx421
LOG (gmm-align-compiled[5.4.140~1-1ab3d]:main():gmm-align-compiled.cc:127) mgag0_sx61
LOG (gmm-align-compiled[5.4.140~1-1ab3d]:main():gmm-align-compiled.cc:127) mgak0_si1036
LOG (gmm-align-compiled[5.4.140~1-1ab3d]:main():gmm-align-compiled.cc:127) mgak0_si1666
LOG (gmm-align-compiled[5.4.140~1-1ab3d]:main():gmm-align-compiled.cc:127) mgak0_si2296
LOG (gmm-align-compiled[5.4.140~1-1ab3d]:main():gmm-align-compiled.cc:127) mgak0_sx136
LOG (gmm-align-compiled[5.4.140~1-1ab3d]:main():gmm-align-compiled.cc:127) mgak0_sx226
LOG (apply-cmvn[5.4.140~1-1ab3d]:main():apply-cmvn.cc:162) Applied cepstral mean normalization to 184 utterances, errors on 0
LOG (gmm-align-compiled[5.4.140~1-1ab3d]:main():gmm-align-compiled.cc:127) mgak0_sx316
LOG (gmm-align-compiled[5.4.140~1-1ab3d]:main():gmm-align-compiled.cc:127) mgak0_sx406
LOG (gmm-align-compiled[5.4.140~1-1ab3d]:main():gmm-align-compiled.cc:127) mgak0_sx46
LOG (gmm-align-compiled[5.4.140~1-1ab3d]:main():gmm-align-compiled.cc:135) Overall log-likelihood per frame is -91.6252 over 105463 frames.
LOG (gmm-align-compiled[5.4.140~1-1ab3d]:main():gmm-align-compiled.cc:137) Retried 0 out of 184 utterances.
LOG (gmm-align-compiled[5.4.140~1-1ab3d]:main():gmm-align-compiled.cc:139) Done 184, errors on 0
# Accounting: time=3 threads=1
# Ended (code 0) at Fri Jun 15 16:52:48 CST 2018, elapsed time 3 seconds
