# align-equal-compiled "ark:gunzip -c exp/mono/fsts.18.gz|" "ark,s,cs:apply-cmvn  --utt2spk=ark:data/train/split20/18/utt2spk scp:data/train/split20/18/cmvn.scp scp:data/train/split20/18/feats.scp ark:- | add-deltas  ark:- ark:- |" ark,t:- | gmm-acc-stats-ali --binary=true exp/mono/0.mdl "ark,s,cs:apply-cmvn  --utt2spk=ark:data/train/split20/18/utt2spk scp:data/train/split20/18/cmvn.scp scp:data/train/split20/18/feats.scp ark:- | add-deltas  ark:- ark:- |" ark:- exp/mono/0.18.acc 
# Started at Fri Jun 15 16:51:42 CST 2018
#
align-equal-compiled 'ark:gunzip -c exp/mono/fsts.18.gz|' 'ark,s,cs:apply-cmvn  --utt2spk=ark:data/train/split20/18/utt2spk scp:data/train/split20/18/cmvn.scp scp:data/train/split20/18/feats.scp ark:- | add-deltas  ark:- ark:- |' ark,t:- 
gmm-acc-stats-ali --binary=true exp/mono/0.mdl 'ark,s,cs:apply-cmvn  --utt2spk=ark:data/train/split20/18/utt2spk scp:data/train/split20/18/cmvn.scp scp:data/train/split20/18/feats.scp ark:- | add-deltas  ark:- ark:- |' ark:- exp/mono/0.18.acc 
apply-cmvn --utt2spk=ark:data/train/split20/18/utt2spk scp:data/train/split20/18/cmvn.scp scp:data/train/split20/18/feats.scp ark:- 
add-deltas ark:- ark:- 
add-deltas ark:- ark:- 
apply-cmvn --utt2spk=ark:data/train/split20/18/utt2spk scp:data/train/split20/18/cmvn.scp scp:data/train/split20/18/feats.scp ark:- 
LOG (gmm-acc-stats-ali[5.4.140~1-1ab3d]:main():gmm-acc-stats-ali.cc:105) Processed 50 utterances; for utterance msas0_si2006 avg. like is -101.47 over 720 frames.
LOG (gmm-acc-stats-ali[5.4.140~1-1ab3d]:main():gmm-acc-stats-ali.cc:105) Processed 100 utterances; for utterance msem1_sx180 avg. like is -102.742 over 755 frames.
LOG (apply-cmvn[5.4.140~1-1ab3d]:main():apply-cmvn.cc:162) Applied cepstral mean normalization to 184 utterances, errors on 0
LOG (gmm-acc-stats-ali[5.4.140~1-1ab3d]:main():gmm-acc-stats-ali.cc:105) Processed 150 utterances; for utterance msmr0_sx325 avg. like is -101.17 over 459 frames.
LOG (align-equal-compiled[5.4.140~1-1ab3d]:main():align-equal-compiled.cc:107) Success: done 184 utterances.
LOG (apply-cmvn[5.4.140~1-1ab3d]:main():apply-cmvn.cc:162) Applied cepstral mean normalization to 184 utterances, errors on 0
LOG (gmm-acc-stats-ali[5.4.140~1-1ab3d]:main():gmm-acc-stats-ali.cc:112) Done 184 files, 0 with errors.
LOG (gmm-acc-stats-ali[5.4.140~1-1ab3d]:main():gmm-acc-stats-ali.cc:115) Overall avg like per frame (Gaussian only) = -102.473 over 112008 frames.
LOG (gmm-acc-stats-ali[5.4.140~1-1ab3d]:main():gmm-acc-stats-ali.cc:123) Written accs.
# Accounting: time=1 threads=1
# Ended (code 0) at Fri Jun 15 16:51:43 CST 2018, elapsed time 1 seconds
