# latgen-faster-mapped --beam=18.0 --lattice-beam=10.0 --acoustic-scale=0.2 --max-mem=20000000 --max-active=5000 --word-symbol-table=data/lang/words.txt exp/dnn4_pretrain-dbn_dnn/final.mdl exp/dnn4_pretrain-dbn_dnn_denlats/dengraph/HCLG.fst "ark,s,cs:copy-feats scp:data-fmllr-tri3/train/split20/12/feats.scp ark:- | nnet-forward --no-softmax=true --prior-scale=1.0 --feature-transform=exp/dnn4_pretrain-dbn_dnn/final.feature_transform --class-frame-counts=exp/dnn4_pretrain-dbn_dnn/ali_train_pdf.counts --use-gpu=no exp/dnn4_pretrain-dbn_dnn/final.nnet ark:- ark:- |" scp:exp/dnn4_pretrain-dbn_dnn_denlats/lat.store_separately_as_gz.scp 
# Started at Thu Jun 21 10:57:10 CST 2018
#
latgen-faster-mapped --beam=18.0 --lattice-beam=10.0 --acoustic-scale=0.2 --max-mem=20000000 --max-active=5000 --word-symbol-table=data/lang/words.txt exp/dnn4_pretrain-dbn_dnn/final.mdl exp/dnn4_pretrain-dbn_dnn_denlats/dengraph/HCLG.fst 'ark,s,cs:copy-feats scp:data-fmllr-tri3/train/split20/12/feats.scp ark:- | nnet-forward --no-softmax=true --prior-scale=1.0 --feature-transform=exp/dnn4_pretrain-dbn_dnn/final.feature_transform --class-frame-counts=exp/dnn4_pretrain-dbn_dnn/ali_train_pdf.counts --use-gpu=no exp/dnn4_pretrain-dbn_dnn/final.nnet ark:- ark:- |' scp:exp/dnn4_pretrain-dbn_dnn_denlats/lat.store_separately_as_gz.scp 
copy-feats scp:data-fmllr-tri3/train/split20/12/feats.scp ark:- 
nnet-forward --no-softmax=true --prior-scale=1.0 --feature-transform=exp/dnn4_pretrain-dbn_dnn/final.feature_transform --class-frame-counts=exp/dnn4_pretrain-dbn_dnn/ali_train_pdf.counts --use-gpu=no exp/dnn4_pretrain-dbn_dnn/final.nnet ark:- ark:- 
LOG (nnet-forward[5.4.140~1-1ab3d]:SelectGpuId():cu-device.cc:123) Manually selected to compute on CPU.
LOG (nnet-forward[5.4.140~1-1ab3d]:main():nnet-forward.cc:93) Removing <Softmax> from the nnet exp/dnn4_pretrain-dbn_dnn/final.nnet
LOG (nnet-forward[5.4.140~1-1ab3d]:PdfPrior():nnet-pdf-prior.cc:34) Computing pdf-priors from : exp/dnn4_pretrain-dbn_dnn/ali_train_pdf.counts
LOG (nnet-forward[5.4.140~1-1ab3d]:PdfPrior():nnet-pdf-prior.cc:64) Floored 0 pdf-priors (hard-set to 1.84467e+19, which disables DNN output when decoding)
mjdg0_si1042 sil t ay m ix n s cl p ey s v vcl b ow th sil b ix cl k ah m s ix n ix m ae cl t ix cl sil 
LOG (latgen-faster-mapped[5.4.140~1-1ab3d]:DecodeUtteranceLatticeFaster():decoder-wrappers.cc:286) Log-like per frame for utterance mjdg0_si1042 is 3.83455 over 552 frames.
mjdg0_si1672 sil ix cl m uw v vcl d ix n ix s ih l v er aa r cl t w ao r dx ix z th r ow cl sil dh eh n v ih er vcl d eh ah vcl w er vcl sil 
LOG (latgen-faster-mapped[5.4.140~1-1ab3d]:RebuildRepository():determinize-lattice-pruned.cc:283) Rebuilding repository.
LOG (latgen-faster-mapped[5.4.140~1-1ab3d]:DecodeUtteranceLatticeFaster():decoder-wrappers.cc:286) Log-like per frame for utterance mjdg0_si1672 is 3.70648 over 771 frames.
mjdg0_si1705 sil d aa dh y eh cl s cl t eh er z vcl g ay hh iy vcl b eh l ow s sil 
LOG (latgen-faster-mapped[5.4.140~1-1ab3d]:DecodeUtteranceLatticeFaster():decoder-wrappers.cc:286) Log-like per frame for utterance mjdg0_si1705 is 3.81378 over 444 frames.
mjdg0_sx142 sil w cl ch l ao ng aa r dx cl k l w z ah cl p ey cl k sil ix n iy dx ix vcl k eh er f cl k ey sh en sil 
LOG (latgen-faster-mapped[5.4.140~1-1ab3d]:DecodeUtteranceLatticeFaster():decoder-wrappers.cc:286) Log-like per frame for utterance mjdg0_sx142 is 3.82229 over 623 frames.
mjdg0_sx232 sil ix z f eh l y er vcl t ix ow cl dh en dh ix s cl t ao r vcl b ay ey cl k aa s cl t ix m ix z vcl jh aa vcl sil 
LOG (latgen-faster-mapped[5.4.140~1-1ab3d]:RebuildRepository():determinize-lattice-pruned.cc:283) Rebuilding repository.
LOG (latgen-faster-mapped[5.4.140~1-1ab3d]:DecodeUtteranceLatticeFaster():decoder-wrappers.cc:286) Log-like per frame for utterance mjdg0_sx232 is 3.65703 over 675 frames.
mjdg0_sx322 sil ax l eh dh hh ae n vcl ae cl g vcl b iy ix s uw dx v el vcl g eh f cl t sil 
LOG (latgen-faster-mapped[5.4.140~1-1ab3d]:RebuildRepository():determinize-lattice-pruned.cc:283) Rebuilding repository.
LOG (latgen-faster-mapped[5.4.140~1-1ab3d]:RebuildRepository():determinize-lattice-pruned.cc:283) Rebuilding repository.
LOG (latgen-faster-mapped[5.4.140~1-1ab3d]:DecodeUtteranceLatticeFaster():decoder-wrappers.cc:286) Log-like per frame for utterance mjdg0_sx322 is 3.67773 over 451 frames.
mjdg0_sx412 sil g w eh n cl p l ae cl t ix vcl g r iy n b iy n z ix n er v eh jh cl t vcl b el vcl g aa r en 
LOG (latgen-faster-mapped[5.4.140~1-1ab3d]:DecodeUtteranceLatticeFaster():decoder-wrappers.cc:286) Log-like per frame for utterance mjdg0_sx412 is 3.79812 over 531 frames.
mjdg0_sx52 sil hh er cl k ae s cl k el cl p er f ao r m ix n s cl d ey n d cl k ix d er cl k el cl k l ey m sil 
LOG (latgen-faster-mapped[5.4.140~1-1ab3d]:RebuildRepository():determinize-lattice-pruned.cc:283) Rebuilding repository.
LOG (latgen-faster-mapped[5.4.140~1-1ab3d]:DecodeUtteranceLatticeFaster():decoder-wrappers.cc:286) Log-like per frame for utterance mjdg0_sx52 is 3.75858 over 561 frames.
mjdm0_si1340 sil dh ix sh aa cl dh er cl p iy z sil ae cl p l ay cl k w ao ay z ow ah m iy hh ay cl b ow th l ae m eh cl k sil b ae aw cl s sil 
LOG (latgen-faster-mapped[5.4.140~1-1ab3d]:DecodeUtteranceLatticeFaster():decoder-wrappers.cc:286) Log-like per frame for utterance mjdm0_si1340 is 3.79404 over 1080 frames.
mjdm0_si1937 sil dh eh r ao vcl g ih vcl m ih m sil 
LOG (latgen-faster-mapped[5.4.140~1-1ab3d]:DecodeUtteranceLatticeFaster():decoder-wrappers.cc:286) Log-like per frame for utterance mjdm0_si1937 is 3.5272 over 262 frames.
mjdm0_si974 sil dh ih n w uw w er ao f ix vcl g iy ah m sil 
LOG (latgen-faster-mapped[5.4.140~1-1ab3d]:DecodeUtteranceLatticeFaster():decoder-wrappers.cc:286) Log-like per frame for utterance mjdm0_si974 is 3.51294 over 287 frames.
mjdm0_sx170 sil dh m ay eh n iy ow cl k l ae s ix n s cl g aa l er vcl d ih s vcl b ih er vcl w ao s er v ey ng ey sh ix vcl r ow ng m s sil 
LOG (latgen-faster-mapped[5.4.140~1-1ab3d]:DecodeUtteranceLatticeFaster():decoder-wrappers.cc:286) Log-like per frame for utterance mjdm0_sx170 is 3.80932 over 1013 frames.
mjdm0_sx260 sil r m eh m er cl t ih l ae aw vcl d eh ax cl k el cl t w ix m s cl t ix eh n cl t er f r iy l iy sil 
LOG (latgen-faster-mapped[5.4.140~1-1ab3d]:DecodeUtteranceLatticeFaster():decoder-wrappers.cc:286) Log-like per frame for utterance mjdm0_sx260 is 3.75267 over 600 frames.
mjdm0_sx350 sil m ih n iy w l f ix cl t aa cl k ih n s cl p l er jh cl t eh n b ao cl b uh th y aa cl ae n d ix s cl k uw n er sil 
LOG (latgen-faster-mapped[5.4.140~1-1ab3d]:DecodeUtteranceLatticeFaster():decoder-wrappers.cc:286) Log-like per frame for utterance mjdm0_sx350 is 3.87395 over 840 frames.
mjdm0_sx440 sil y ae n er cl t aa z ng v er s v cl p ah m ax f r ay dx iy s cl b ao r m eh v er vcl ch ay n d ix s sil 
LOG (latgen-faster-mapped[5.4.140~1-1ab3d]:RebuildRepository():determinize-lattice-pruned.cc:283) Rebuilding repository.
LOG (latgen-faster-mapped[5.4.140~1-1ab3d]:DecodeUtteranceLatticeFaster():decoder-wrappers.cc:286) Log-like per frame for utterance mjdm0_sx440 is 3.66183 over 770 frames.
mjdm0_sx80 sil ih cl s ix l iy l cl t cl p ah ow s cl d ah ey cl ax cl ch eh cl k sil 
LOG (latgen-faster-mapped[5.4.140~1-1ab3d]:DecodeUtteranceLatticeFaster():decoder-wrappers.cc:286) Log-like per frame for utterance mjdm0_sx80 is 3.54175 over 469 frames.
mjeb0_si1286 sil b l ow er sh vcl b iy aa cl p er dx ix vcl p ih r aa dx eh cl k l ey aa n er r eh y l er s cl k eh vcl jh el sil 
LOG (latgen-faster-mapped[5.4.140~1-1ab3d]:DecodeUtteranceLatticeFaster():decoder-wrappers.cc:286) Log-like per frame for utterance mjeb0_si1286 is 3.67147 over 662 frames.
mjeb0_si1916 sil p er hh ae cl s ix w z ao l v ih v ix vcl l iy cl k en s iy v vcl d r iy ng sil 
LOG (latgen-faster-mapped[5.4.140~1-1ab3d]:DecodeUtteranceLatticeFaster():decoder-wrappers.cc:286) Log-like per frame for utterance mjeb0_si1916 is 3.87407 over 554 frames.
mjeb0_si656 sil b ah cl dh ih s cl t ey vcl m n d ix z cl k m p l iy l iy ah n cl k ix n v ih n s ix ng sil 
LOG (latgen-faster-mapped[5.4.140~1-1ab3d]:DecodeUtteranceLatticeFaster():decoder-wrappers.cc:286) Log-like per frame for utterance mjeb0_si656 is 3.65548 over 477 frames.
mjeb0_sx170 sil dh ax m ay ih n iy ah cl k l ae s ix cl k s cl k aw l er sil d ix s ix cl p iy er vcl w l s er v ey ng ey cl sh n r l n s sil 
LOG (latgen-faster-mapped[5.4.140~1-1ab3d]:DecodeUtteranceLatticeFaster():decoder-wrappers.cc:286) Log-like per frame for utterance mjeb0_sx170 is 3.79608 over 911 frames.
mjeb0_sx206 sil w n cl p iy l iy ix n ao r vcl jh ix dx ix z hh ay r vcl n aa cl t s cl p r ey vcl jh uw s sil 
LOG (latgen-faster-mapped[5.4.140~1-1ab3d]:DecodeUtteranceLatticeFaster():decoder-wrappers.cc:286) Log-like per frame for utterance mjeb0_sx206 is 3.83653 over 668 frames.
mjeb0_sx26 sil m ow s y ah r ay z er l iy eh v r m ao r n ng sil 
LOG (latgen-faster-mapped[5.4.140~1-1ab3d]:DecodeUtteranceLatticeFaster():decoder-wrappers.cc:286) Log-like per frame for utterance mjeb0_sx26 is 3.75546 over 429 frames.
mjeb0_sx296 sil dh ix cl t uw aa r dx ix s ih cl k s cl jh ey n jh vcl t ao dx vcl r ae f s sil 
LOG (latgen-faster-mapped[5.4.140~1-1ab3d]:DecodeUtteranceLatticeFaster():decoder-wrappers.cc:286) Log-like per frame for utterance mjeb0_sx296 is 3.76951 over 518 frames.
mjeb0_sx386 sil w cl ch er cl ch cl d dh s epi m ih th s epi w r sh ix cl p ih n sil 
LOG (latgen-faster-mapped[5.4.140~1-1ab3d]:DecodeUtteranceLatticeFaster():decoder-wrappers.cc:286) Log-like per frame for utterance mjeb0_sx386 is 3.78581 over 449 frames.
mjeb1_si1467 sil dh ax cl p l ae f ao ao ax cl s eh l r aa m ax dx er z sil m ah s b ix s ay l ih m ao dx ix f ay f ix z f er s iy vcl jh er sil 
LOG (latgen-faster-mapped[5.4.140~1-1ab3d]:RebuildRepository():determinize-lattice-pruned.cc:283) Rebuilding repository.
LOG (latgen-faster-mapped[5.4.140~1-1ab3d]:DecodeUtteranceLatticeFaster():decoder-wrappers.cc:286) Log-like per frame for utterance mjeb1_si1467 is 3.7939 over 947 frames.
mjeb1_si2097 sil l ae f epi m ay n cl m eh n iy ih cl s ay m ao ng ix sh iy n ae v r n ow cl sil 
LOG (latgen-faster-mapped[5.4.140~1-1ab3d]:DecodeUtteranceLatticeFaster():decoder-wrappers.cc:286) Log-like per frame for utterance mjeb1_si2097 is 3.81327 over 700 frames.
mjeb1_si837 sil k ix m cl p uw dx ih z eh vcl b iy y uw z s cl t sil t ix cl k iy cl p r eh sh ih m ix n cl t er z eh m ao ao w er cl k vcl b el w ah el s sil 
LOG (latgen-faster-mapped[5.4.140~1-1ab3d]:DecodeUtteranceLatticeFaster():decoder-wrappers.cc:286) Log-like per frame for utterance mjeb1_si837 is 3.82579 over 991 frames.
mjeb1_sx117 sil dh m ae ng g ow ah n dh cl p ax cl p ay eh sil aa r n ax vcl b ow l sil 
LOG (latgen-faster-mapped[5.4.140~1-1ab3d]:DecodeUtteranceLatticeFaster():decoder-wrappers.cc:286) Log-like per frame for utterance mjeb1_sx117 is 3.85732 over 495 frames.
mjeb1_sx207 sil d uw y uw hh ih dh ix s l ey vcl b eh l z r ng ix n sil 
LOG (latgen-faster-mapped[5.4.140~1-1ab3d]:DecodeUtteranceLatticeFaster():decoder-wrappers.cc:286) Log-like per frame for utterance mjeb1_sx207 is 3.86863 over 459 frames.
mjeb1_sx27 sil d ih vcl d ae vcl d uw ae cl g ix vcl d eh m ix vcl b ih dx ng sil 
LOG (latgen-faster-mapped[5.4.140~1-1ab3d]:DecodeUtteranceLatticeFaster():decoder-wrappers.cc:286) Log-like per frame for utterance mjeb1_sx27 is 3.97987 over 431 frames.
mjeb1_sx297 sil r aa cl k n r ow m uw z ix cl k ae z ix vcl g r ey r eh ax n sil 
LOG (latgen-faster-mapped[5.4.140~1-1ab3d]:RebuildRepository():determinize-lattice-pruned.cc:283) Rebuilding repository.
LOG (latgen-faster-mapped[5.4.140~1-1ab3d]:RebuildRepository():determinize-lattice-pruned.cc:283) Rebuilding repository.
LOG (latgen-faster-mapped[5.4.140~1-1ab3d]:DecodeUtteranceLatticeFaster():decoder-wrappers.cc:286) Log-like per frame for utterance mjeb1_sx297 is 3.67009 over 482 frames.
mjeb1_sx387 sil dh ix vcl jh ay eh r ay w vcl s sh eh m er vcl d sil ix n ix vcl g l ih s n ix vcl s ah n sil 
LOG (latgen-faster-mapped[5.4.140~1-1ab3d]:RebuildRepository():determinize-lattice-pruned.cc:283) Rebuilding repository.
LOG (latgen-faster-mapped[5.4.140~1-1ab3d]:RebuildRepository():determinize-lattice-pruned.cc:283) Rebuilding repository.
LOG (latgen-faster-mapped[5.4.140~1-1ab3d]:DecodeUtteranceLatticeFaster():decoder-wrappers.cc:286) Log-like per frame for utterance mjeb1_sx387 is 3.66678 over 720 frames.
mjee0_si1237 sil w iy m ey s ey ih s m ah n f ao r cl ch n ih cl s dh ix th ey w r n eh v er iy ax m sil 
LOG (latgen-faster-mapped[5.4.140~1-1ab3d]:DecodeUtteranceLatticeFaster():decoder-wrappers.cc:286) Log-like per frame for utterance mjee0_si1237 is 3.73036 over 642 frames.
mjee0_si1867 sil dh ih ah l ae s dh vcl d aa r cl m ix s cl b y ae n d ix vcl d s aa l f sil 
LOG (latgen-faster-mapped[5.4.140~1-1ab3d]:DecodeUtteranceLatticeFaster():decoder-wrappers.cc:286) Log-like per frame for utterance mjee0_si1867 is 3.57443 over 561 frames.
mjee0_si607 sil m er s n er iy sil t er er m ax v ao n er sil 
LOG (latgen-faster-mapped[5.4.140~1-1ab3d]:DecodeUtteranceLatticeFaster():decoder-wrappers.cc:286) Log-like per frame for utterance mjee0_si607 is 3.76598 over 414 frames.
mjee0_sx157 sil r m uw dh ix s cl l ah n er w ix th ax cl p eh er cl t w iy z er z sil 
LOG (latgen-faster-mapped[5.4.140~1-1ab3d]:DecodeUtteranceLatticeFaster():decoder-wrappers.cc:286) Log-like per frame for utterance mjee0_sx157 is 3.74537 over 483 frames.
mjee0_sx247 sil ix s ih vcl er r eh cl s n ix cl k l ae sh cl t r ey l v er f l ow dx aa n cl t ix dh ow cl t ey v el sil 
LOG (latgen-faster-mapped[5.4.140~1-1ab3d]:DecodeUtteranceLatticeFaster():decoder-wrappers.cc:286) Log-like per frame for utterance mjee0_sx247 is 3.72022 over 728 frames.
mjee0_sx337 sil b aa vcl b ae n ih jh cl b ow f w uw n z ix dh ix s cl k iy l vcl d aa cl t er sil 
LOG (latgen-faster-mapped[5.4.140~1-1ab3d]:DecodeUtteranceLatticeFaster():decoder-wrappers.cc:286) Log-like per frame for utterance mjee0_sx337 is 3.7196 over 628 frames.
mjee0_sx427 sil eh v r iy cl k ae vcl m iy vcl s r iy cl p ae ng en cl sil ao f cl t ix n sil 
LOG (latgen-faster-mapped[5.4.140~1-1ab3d]:RebuildRepository():determinize-lattice-pruned.cc:283) Rebuilding repository.
LOG (latgen-faster-mapped[5.4.140~1-1ab3d]:RebuildRepository():determinize-lattice-pruned.cc:283) Rebuilding repository.
LOG (latgen-faster-mapped[5.4.140~1-1ab3d]:DecodeUtteranceLatticeFaster():decoder-wrappers.cc:286) Log-like per frame for utterance mjee0_sx427 is 3.63866 over 518 frames.
mjee0_sx67 sil l ay ah s cl d y er z cl g ae s r ao r dx ix vcl jh cl k ao l s cl d iy cl sil p r ay s m k er iy z ix s sil 
LOG (latgen-faster-mapped[5.4.140~1-1ab3d]:DecodeUtteranceLatticeFaster():decoder-wrappers.cc:286) Log-like per frame for utterance mjee0_sx67 is 3.80105 over 780 frames.
mjfh0_si1107 sil w ah w n ae sh l ih ix r m eh m er z sil ih vcl d ix z cl g r iy n ix s sil 
LOG (latgen-faster-mapped[5.4.140~1-1ab3d]:DecodeUtteranceLatticeFaster():decoder-wrappers.cc:286) Log-like per frame for utterance mjfh0_si1107 is 3.56982 over 514 frames.
mjfh0_si1737 sil b r ey n ix vcl g z ae m n f ix th r aa m b ow s ix s cl k aa dx er hh ih m r jh sil 
LOG (latgen-faster-mapped[5.4.140~1-1ab3d]:DecodeUtteranceLatticeFaster():decoder-wrappers.cc:286) Log-like per frame for utterance mjfh0_si1737 is 3.70463 over 528 frames.
mjfh0_si477 sil hh ah cl p ix z ih sh ng cl k ah v ax z ax n ah m r ah vcl d ey l iy cl t ae s cl k aw n cl t ih n ix s ow sh ix vcl d er cl d sil 
LOG (latgen-faster-mapped[5.4.140~1-1ab3d]:DecodeUtteranceLatticeFaster():decoder-wrappers.cc:286) Log-like per frame for utterance mjfh0_si477 is 3.68531 over 740 frames.
mjfh0_sx117 sil dh m ae ng g ow ah n ix cl p ax cl p aa ay r ix n vcl b el l sil 
LOG (latgen-faster-mapped[5.4.140~1-1ab3d]:DecodeUtteranceLatticeFaster():decoder-wrappers.cc:286) Log-like per frame for utterance mjfh0_sx117 is 3.86649 over 445 frames.
mjfh0_sx207 sil d y hh ih dh ix s l ey vcl b ow v r ng ix n sil 
LOG (latgen-faster-mapped[5.4.140~1-1ab3d]:DecodeUtteranceLatticeFaster():decoder-wrappers.cc:286) Log-like per frame for utterance mjfh0_sx207 is 3.58898 over 350 frames.
mjfh0_sx27 sil d ix vcl d ae vcl d uw ae cl ix vcl d ih n ix vcl b ih dx ix ng sil 
LOG (latgen-faster-mapped[5.4.140~1-1ab3d]:DecodeUtteranceLatticeFaster():decoder-wrappers.cc:286) Log-like per frame for utterance mjfh0_sx27 is 3.7444 over 348 frames.
mjfh0_sx297 sil r aa k ax r el m y uw z ix hh eh z ix vcl g r ey cl r ax dh ax m sil 
LOG (latgen-faster-mapped[5.4.140~1-1ab3d]:RebuildRepository():determinize-lattice-pruned.cc:283) Rebuilding repository.
LOG (latgen-faster-mapped[5.4.140~1-1ab3d]:DecodeUtteranceLatticeFaster():decoder-wrappers.cc:286) Log-like per frame for utterance mjfh0_sx297 is 3.36741 over 394 frames.
mjfh0_sx387 sil dh ix vcl jh ay cl r ah dx w vcl s eh m er dx ih n ix cl k l s epi n ng s ah n sil 
LOG (latgen-faster-mapped[5.4.140~1-1ab3d]:DecodeUtteranceLatticeFaster():decoder-wrappers.cc:286) Log-like per frame for utterance mjfh0_sx387 is 3.7252 over 516 frames.
mjfr0_si1605 sil n ow b uh dx iy vcl d ah z vcl b cl dh ey vcl g ey v m iy cl t ae n l ae sh cl jh y er sil 
LOG (latgen-faster-mapped[5.4.140~1-1ab3d]:DecodeUtteranceLatticeFaster():decoder-wrappers.cc:286) Log-like per frame for utterance mjfr0_si1605 is 3.82736 over 665 frames.
mjfr0_si2235 sil y uw vcl d ow n b l ao ng m cl p er f eh sh m el vcl b ey s cl p l sil 
LOG (latgen-faster-mapped[5.4.140~1-1ab3d]:DecodeUtteranceLatticeFaster():decoder-wrappers.cc:286) Log-like per frame for utterance mjfr0_si2235 is 3.82501 over 509 frames.
mjfr0_si975 sil b ah dx aa r sh cl d ah m p ng cl t er v dh ix s aw th w ah z n vcl ao l m ih z r iy sil 
LOG (latgen-faster-mapped[5.4.140~1-1ab3d]:RebuildRepository():determinize-lattice-pruned.cc:283) Rebuilding repository.
LOG (latgen-faster-mapped[5.4.140~1-1ab3d]:RebuildRepository():determinize-lattice-pruned.cc:283) Rebuilding repository.
LOG (latgen-faster-mapped[5.4.140~1-1ab3d]:RebuildRepository():determinize-lattice-pruned.cc:283) Rebuilding repository.
LOG (latgen-faster-mapped[5.4.140~1-1ab3d]:RebuildRepository():determinize-lattice-pruned.cc:283) Rebuilding repository.
WARNING (latgen-faster-mapped[5.4.140~1-1ab3d]:CheckMemoryUsage():determinize-lattice-pruned.cc:316) Did not reach requested beam in determinize-lattice: size exceeds maximum 20000000 bytes; (repo,arcs,elems) = (12462624,375008,7174248), after rebuilding, repo size was 9201536, effective beam was 9.73133 vs. requested beam 10
WARNING (latgen-faster-mapped[5.4.140~1-1ab3d]:DecodeUtteranceLatticeFaster():decoder-wrappers.cc:274) Determinization finished earlier than the beam for utterance mjfr0_si975
LOG (latgen-faster-mapped[5.4.140~1-1ab3d]:DecodeUtteranceLatticeFaster():decoder-wrappers.cc:286) Log-like per frame for utterance mjfr0_si975 is 3.76251 over 625 frames.
mjfr0_sx165 sil dh iy z iy vcl g ow ng z uw ao vcl jh ih s cl r iy l ae cl s th r aw cl dh v oy ey vcl jh sil 
LOG (latgen-faster-mapped[5.4.140~1-1ab3d]:DecodeUtteranceLatticeFaster():decoder-wrappers.cc:286) Log-like per frame for utterance mjfr0_sx165 is 3.72779 over 706 frames.
mjfr0_sx255 sil m ay ay vcl d iy l m ao r n iy n b iy vcl g ih n z epi w ix th hh aa cl k ao f iy sil 
LOG (latgen-faster-mapped[5.4.140~1-1ab3d]:DecodeUtteranceLatticeFaster():decoder-wrappers.cc:286) Log-like per frame for utterance mjfr0_sx255 is 3.76539 over 618 frames.
mjfr0_sx345 sil t r ih sh s ao aw er z n aw er z ax v m uw v iy z sil s ae dx er dx iy sil 
LOG (latgen-faster-mapped[5.4.140~1-1ab3d]:DecodeUtteranceLatticeFaster():decoder-wrappers.cc:286) Log-like per frame for utterance mjfr0_sx345 is 3.97347 over 738 frames.
mjfr0_sx435 sil dh r ih cl sh uh dx ix n v eh s cl t ix n b l ae cl g z er cl k aa n z en s d ah s cl b ay l iy sh uw z sil 
LOG (latgen-faster-mapped[5.4.140~1-1ab3d]:DecodeUtteranceLatticeFaster():decoder-wrappers.cc:286) Log-like per frame for utterance mjfr0_sx435 is 3.81813 over 886 frames.
mjfr0_sx75 sil f ih l dh ae cl d cl k ae n cl t iy n w th f r eh sh cl p r ng ao er sil 
LOG (latgen-faster-mapped[5.4.140~1-1ab3d]:DecodeUtteranceLatticeFaster():decoder-wrappers.cc:286) Log-like per frame for utterance mjfr0_sx75 is 3.82284 over 546 frames.
mjhi0_si1328 sil ih dx ix s cl p aa s cl el cl t ax m ih cl k iy cl p uw vcl jh n er l ah z ey sh n z ax vcl b aw cl dh s ix cl k s cl jh ay cl s sil dh ix n s eh l s sil 
LOG (latgen-faster-mapped[5.4.140~1-1ab3d]:DecodeUtteranceLatticeFaster():decoder-wrappers.cc:286) Log-like per frame for utterance mjhi0_si1328 is 3.61881 over 971 frames.
mjhi0_si555 sil ow n l iy ih n jh ih n l cl d iy w el ah n cl k ah v er cl 
LOG (latgen-faster-mapped[5.4.140~1-1ab3d]:DecodeUtteranceLatticeFaster():decoder-wrappers.cc:286) Log-like per frame for utterance mjhi0_si555 is 3.54669 over 413 frames.
mjhi0_si698 sil dh cl k r ay s z l ey dx er ao n w n vcl d eh cl s iy n ax cl b aw cl t uw el v w aw m iy sil 
LOG (latgen-faster-mapped[5.4.140~1-1ab3d]:DecodeUtteranceLatticeFaster():decoder-wrappers.cc:286) Log-like per frame for utterance mjhi0_si698 is 3.67926 over 715 frames.
mjhi0_sx158 sil dh cl t r ah cl k er dx ix z ix s ow sh ah l aw cl k eh s cl t sil 
LOG (latgen-faster-mapped[5.4.140~1-1ab3d]:DecodeUtteranceLatticeFaster():decoder-wrappers.cc:286) Log-like per frame for utterance mjhi0_sx158 is 3.61286 over 408 frames.
mjhi0_sx248 sil w iy dx iy m cl p oy l ay cl g er zh uw ay s cl t r ey ng sil 
LOG (latgen-faster-mapped[5.4.140~1-1ab3d]:DecodeUtteranceLatticeFaster():decoder-wrappers.cc:286) Log-like per frame for utterance mjhi0_sx248 is 3.7536 over 437 frames.
mjhi0_sx338 sil dh vcl d aa cl m er cl uw l ix vcl g l n sil w aw n er r aw f m aa l s sil 
LOG (latgen-faster-mapped[5.4.140~1-1ab3d]:DecodeUtteranceLatticeFaster():decoder-wrappers.cc:286) Log-like per frame for utterance mjhi0_sx338 is 3.5452 over 625 frames.
mjhi0_sx428 sil ey cl k r ae cl ch aw ay n jh cl m iy sil sil b ax dx ix cl k w ix cl k s cl d ae cl b ae ng cl k w sh cl t ix m sil 
LOG (latgen-faster-mapped[5.4.140~1-1ab3d]:DecodeUtteranceLatticeFaster():decoder-wrappers.cc:286) Log-like per frame for utterance mjhi0_sx428 is 3.67613 over 742 frames.
mjhi0_sx68 sil ah cl p cl g r ey vcl jh er s cl d ae dx ix s cl t r ix f l eh cl t er w eh l f sil 
LOG (latgen-faster-mapped[5.4.140~1-1ab3d]:DecodeUtteranceLatticeFaster():decoder-wrappers.cc:286) Log-like per frame for utterance mjhi0_sx68 is 3.58806 over 488 frames.
mjjb0_si1139 sil ix n t ay n sh ix cl p er z eh n s er r ix s cl jh ix cl k r ah dx ix cl k ah z vcl b ix n w dh cl k ow vcl b l ae cl ch ay l d sil 
LOG (latgen-faster-mapped[5.4.140~1-1ab3d]:DecodeUtteranceLatticeFaster():decoder-wrappers.cc:286) Log-like per frame for utterance mjjb0_si1139 is 3.8801 over 780 frames.
mjjb0_si1277 sil s ow w vcl r ey dx aa r cl p ix cl t cl ch ix cl p s sil 
LOG (latgen-faster-mapped[5.4.140~1-1ab3d]:DecodeUtteranceLatticeFaster():decoder-wrappers.cc:286) Log-like per frame for utterance mjjb0_si1277 is 3.84977 over 456 frames.
mjjb0_si1769 sil s ax cl p ow zh uw cl t ow m ey dh r iy l r iy z ix ng hh iy vcl d r el cl sil 
LOG (latgen-faster-mapped[5.4.140~1-1ab3d]:DecodeUtteranceLatticeFaster():decoder-wrappers.cc:286) Log-like per frame for utterance mjjb0_si1769 is 3.74826 over 506 frames.
mjjb0_sx149 sil w ow w ey dx iy n f r cl ch ih cl p er sh ix cl k r er s cl k r ao s ix s cl k w er m eh n iy cl t aa ay m s sil 
LOG (latgen-faster-mapped[5.4.140~1-1ab3d]:DecodeUtteranceLatticeFaster():decoder-wrappers.cc:286) Log-like per frame for utterance mjjb0_sx149 is 3.94707 over 739 frames.
mjjb0_sx239 sil p k y er ey s m f er cl p ax f ao r cl p er cl p r n dh ix s cl k y uw er s sil 
LOG (latgen-faster-mapped[5.4.140~1-1ab3d]:DecodeUtteranceLatticeFaster():decoder-wrappers.cc:286) Log-like per frame for utterance mjjb0_sx239 is 3.88801 over 634 frames.
mjjb0_sx329 sil ch ix cl p ow s vcl b ow n aw m ao n ix cl p ey m ix n s en t ow ax l ey dx ih z cl p ao s cl p el vcl d ey cl sil 
LOG (latgen-faster-mapped[5.4.140~1-1ab3d]:DecodeUtteranceLatticeFaster():decoder-wrappers.cc:286) Log-like per frame for utterance mjjb0_sx329 is 3.75247 over 757 frames.
mjjb0_sx419 sil dh f uh cl b l l cl t iy n cl k ow cl ch hh eh z w aa cl ch th ih n ih z ix vcl d aa ay n sil 
LOG (latgen-faster-mapped[5.4.140~1-1ab3d]:DecodeUtteranceLatticeFaster():decoder-wrappers.cc:286) Log-like per frame for utterance mjjb0_sx419 is 3.78241 over 611 frames.
mjjb0_sx59 sil dh ix s ih ng er z f ih n g er hh ae dx ix s cl p l n er sil 
LOG (latgen-faster-mapped[5.4.140~1-1ab3d]:DecodeUtteranceLatticeFaster():decoder-wrappers.cc:286) Log-like per frame for utterance mjjb0_sx59 is 3.94731 over 423 frames.
mjjj0_si1163 sil n ow m ao r s cl t aa r vcl l ng cl k aa cl t r eh s cl t ax s ih s cl t ix vcl b ah v s l l ax s aa dx l ay s cl k ix vcl b iy ix m ae zh ix vcl d sil 
LOG (latgen-faster-mapped[5.4.140~1-1ab3d]:RebuildRepository():determinize-lattice-pruned.cc:283) Rebuilding repository.
LOG (latgen-faster-mapped[5.4.140~1-1ab3d]:DecodeUtteranceLatticeFaster():decoder-wrappers.cc:286) Log-like per frame for utterance mjjj0_si1163 is 3.75889 over 1173 frames.
mjjj0_si1793 sil dh ih s f ey v er vcl g r iy v ix n z w ax z n aa cl dh ax l ae n l ao r vcl sil 
LOG (latgen-faster-mapped[5.4.140~1-1ab3d]:DecodeUtteranceLatticeFaster():decoder-wrappers.cc:286) Log-like per frame for utterance mjjj0_si1793 is 3.67637 over 469 frames.
mjjj0_si533 sil sil f uw l s ix vcl b ey vcl d sil w dx y uw th ng cl k y er vcl d uw iy ng sil 
LOG (latgen-faster-mapped[5.4.140~1-1ab3d]:DecodeUtteranceLatticeFaster():decoder-wrappers.cc:286) Log-like per frame for utterance mjjj0_si533 is 3.7084 over 716 frames.
mjjj0_sx173 sil uw eh v er cl k ao cl p r ey cl s ix n f ay vcl iy ng ae n z cl k ae m iy ow w el vcl b iy r w ao r dx ix vcl 
LOG (latgen-faster-mapped[5.4.140~1-1ab3d]:DecodeUtteranceLatticeFaster():decoder-wrappers.cc:286) Log-like per frame for utterance mjjj0_sx173 is 3.6989 over 671 frames.
mjjj0_sx263 sil hh aw oy l iy vcl d y l ay cl k er s eh l vcl d r ih s ix ng sil 
LOG (latgen-faster-mapped[5.4.140~1-1ab3d]:DecodeUtteranceLatticeFaster():decoder-wrappers.cc:286) Log-like per frame for utterance mjjj0_sx263 is 3.86992 over 753 frames.
mjjj0_sx353 sil ey cl k aa ah s uh er w w ix n jh oy dh ix sh ih l f ih sh vcl d ih sh sil 
LOG (latgen-faster-mapped[5.4.140~1-1ab3d]:DecodeUtteranceLatticeFaster():decoder-wrappers.cc:286) Log-like per frame for utterance mjjj0_sx353 is 3.8596 over 627 frames.
mjjj0_sx443 sil ey l ow n s cl t aa r sh ow n ix n ih er l iy n ng s cl k ay sil 
LOG (latgen-faster-mapped[5.4.140~1-1ab3d]:DecodeUtteranceLatticeFaster():decoder-wrappers.cc:286) Log-like per frame for utterance mjjj0_sx443 is 3.72539 over 547 frames.
mjjj0_sx83 sil m ay n s cl t r ah cl sh en z cl d eh s cl p r ix l iy n iy d ah vcl d ey dx iy ng sil 
LOG (latgen-faster-mapped[5.4.140~1-1ab3d]:DecodeUtteranceLatticeFaster():decoder-wrappers.cc:286) Log-like per frame for utterance mjjj0_sx83 is 3.70856 over 504 frames.
mjjm0_si1251 sil ow l r r l iy ix z ix cl t eh n sh en vcl g ix v n t ae cl k er cl p r r vcl r s ix cl p ao r cl s eh n ix v ah y r ey sh en sil 
LOG (latgen-faster-mapped[5.4.140~1-1ab3d]:RebuildRepository():determinize-lattice-pruned.cc:283) Rebuilding repository.
LOG (latgen-faster-mapped[5.4.140~1-1ab3d]:RebuildRepository():determinize-lattice-pruned.cc:283) Rebuilding repository.
LOG (latgen-faster-mapped[5.4.140~1-1ab3d]:DecodeUtteranceLatticeFaster():decoder-wrappers.cc:286) Log-like per frame for utterance mjjm0_si1251 is 3.71811 over 977 frames.
mjjm0_si1457 sil dh m ih cl k s ng hh eh vcl m uw z vcl ae cl k ix n f ao r s l l ih cl k r ao s dh w ih vcl dh ax dh r s ah cl t cl k el sil 
LOG (latgen-faster-mapped[5.4.140~1-1ab3d]:DecodeUtteranceLatticeFaster():decoder-wrappers.cc:286) Log-like per frame for utterance mjjm0_si1457 is 3.70004 over 725 frames.
mjjm0_si827 sil g ah vcl g z k ix m cl k el n ey m sil p er cl k ey n cl p eh n ix s el m sil 
LOG (latgen-faster-mapped[5.4.140~1-1ab3d]:DecodeUtteranceLatticeFaster():decoder-wrappers.cc:286) Log-like per frame for utterance mjjm0_si827 is 3.69559 over 637 frames.
mjjm0_sx107 sil r er th dh ih cl p r dx iy s ah v cl k ah cl k ey cl k s n ay s cl k r iy m sil 
LOG (latgen-faster-mapped[5.4.140~1-1ab3d]:DecodeUtteranceLatticeFaster():decoder-wrappers.cc:286) Log-like per frame for utterance mjjm0_sx107 is 3.58155 over 423 frames.
mjjm0_sx17 sil k aa r el ix z ix l ay v l iy ow m sil 
LOG (latgen-faster-mapped[5.4.140~1-1ab3d]:DecodeUtteranceLatticeFaster():decoder-wrappers.cc:286) Log-like per frame for utterance mjjm0_sx17 is 3.76343 over 401 frames.
mjjm0_sx197 sil d r ay iy cl ch cl g r ae f ah n ix n uw ae cl k s ix s sil 
LOG (latgen-faster-mapped[5.4.140~1-1ab3d]:DecodeUtteranceLatticeFaster():decoder-wrappers.cc:286) Log-like per frame for utterance mjjm0_sx197 is 3.86336 over 528 frames.
mjjm0_sx287 sil ix n l ao ng r ah n ix cl p ey z dh vcl b ay cl k ao l ix cl k l ow v ix ng sil 
LOG (latgen-faster-mapped[5.4.140~1-1ab3d]:DecodeUtteranceLatticeFaster():decoder-wrappers.cc:286) Log-like per frame for utterance mjjm0_sx287 is 3.65671 over 586 frames.
mjjm0_sx377 sil sh iy ow z cl jh ow cl k s ax b ah cl t m ah vcl ch cl g aa r l ix cl k ix n ix z f uw vcl sil 
LOG (latgen-faster-mapped[5.4.140~1-1ab3d]:DecodeUtteranceLatticeFaster():decoder-wrappers.cc:286) Log-like per frame for utterance mjjm0_sx377 is 3.69229 over 601 frames.
mjkr0_si1201 sil iy hh ow cl dh iy hh uw el eh cl s cl k uw dx ih ix ih n ax m ae n er dh eh w ax n cl t ay dx el hh ih m t ix cl k r eh dx ix cl sil 
LOG (latgen-faster-mapped[5.4.140~1-1ab3d]:RebuildRepository():determinize-lattice-pruned.cc:283) Rebuilding repository.
LOG (latgen-faster-mapped[5.4.140~1-1ab3d]:DecodeUtteranceLatticeFaster():decoder-wrappers.cc:286) Log-like per frame for utterance mjkr0_si1201 is 3.66048 over 789 frames.
mjkr0_si1831 sil dh iy hh ay n t ih m sil hh ix z m ey vcl s cl t er w th aw w ey cl k ng sil 
LOG (latgen-faster-mapped[5.4.140~1-1ab3d]:DecodeUtteranceLatticeFaster():decoder-wrappers.cc:286) Log-like per frame for utterance mjkr0_si1831 is 3.8865 over 612 frames.
mjkr0_si571 sil s cl t iy m b ae s epi r ay cl t s sil d uw s cl t iy m b ae s hh ae v ix iy hh eh l f aw y uw sil 
LOG (latgen-faster-mapped[5.4.140~1-1ab3d]:DecodeUtteranceLatticeFaster():decoder-wrappers.cc:286) Log-like per frame for utterance mjkr0_si571 is 3.81509 over 747 frames.
mjkr0_sx121 sil t r eh s cl t ae s ng ih z f er vcl b ih vcl en n ih n s ah vcl jh ix cl t ix cl p eh n l t ix sil 
LOG (latgen-faster-mapped[5.4.140~1-1ab3d]:RebuildRepository():determinize-lattice-pruned.cc:283) Rebuilding repository.
LOG (latgen-faster-mapped[5.4.140~1-1ab3d]:DecodeUtteranceLatticeFaster():decoder-wrappers.cc:286) Log-like per frame for utterance mjkr0_sx121 is 3.77265 over 661 frames.
mjkr0_sx211 sil ow n l iy dx ix vcl b eh s cl p l er z n jh oy cl p aa cl p ix w er dx iy sil 
LOG (latgen-faster-mapped[5.4.140~1-1ab3d]:DecodeUtteranceLatticeFaster():decoder-wrappers.cc:286) Log-like per frame for utterance mjkr0_sx211 is 3.63432 over 527 frames.
mjkr0_sx301 sil iy l ey cl b l uw cl ch iy z vcl p ix dx ix f ih cl t er cl p er f er s epi w ix s cl ch iy z sil 
LOG (latgen-faster-mapped[5.4.140~1-1ab3d]:DecodeUtteranceLatticeFaster():decoder-wrappers.cc:286) Log-like per frame for utterance mjkr0_sx301 is 3.95106 over 708 frames.
mjkr0_sx31 sil ix vcl g uh vcl ae dx ix cl t uw vcl ix z ah n b iy dx ix vcl el 
LOG (latgen-faster-mapped[5.4.140~1-1ab3d]:DecodeUtteranceLatticeFaster():decoder-wrappers.cc:286) Log-like per frame for utterance mjkr0_sx31 is 3.73323 over 436 frames.
mjkr0_sx391 sil ey ao l ey cl k l ao ng hh aa cl sh aw er s sil 
LOG (latgen-faster-mapped[5.4.140~1-1ab3d]:DecodeUtteranceLatticeFaster():decoder-wrappers.cc:286) Log-like per frame for utterance mjkr0_sx391 is 3.90791 over 474 frames.
mjlb0_si1616 sil hh vcl g ih en f ih vcl g er hh er dx ao l sil ae n ih f iy f aw n aw cl ax w m ah n sil ih vcl b iy vcl b ae vcl 
LOG (latgen-faster-mapped[5.4.140~1-1ab3d]:DecodeUtteranceLatticeFaster():decoder-wrappers.cc:286) Log-like per frame for utterance mjlb0_si1616 is 3.72824 over 845 frames.
mjlb0_si2246 sil r l vcl b r ay dx l ao ng ow z l ay n zh m ay s eh sil 
LOG (latgen-faster-mapped[5.4.140~1-1ab3d]:DecodeUtteranceLatticeFaster():decoder-wrappers.cc:286) Log-like per frame for utterance mjlb0_si2246 is 3.64667 over 429 frames.
mjlb0_si986 sil ae m b ay cl s epi er iy z vcl b aa cl p ay ng l ix cl k w vcl b l uw l iy ng sil 
LOG (latgen-faster-mapped[5.4.140~1-1ab3d]:RebuildRepository():determinize-lattice-pruned.cc:283) Rebuilding repository.
LOG (latgen-faster-mapped[5.4.140~1-1ab3d]:DecodeUtteranceLatticeFaster():decoder-wrappers.cc:286) Log-like per frame for utterance mjlb0_si986 is 3.65777 over 484 frames.
mjlb0_sx176 sil b ay ng ix th er vcl b r eh cl d hh ao r sh cl k w er z ix n cl t w sh en n eh cl k s cl p er cl t iy z sil 
LOG (latgen-faster-mapped[5.4.140~1-1ab3d]:DecodeUtteranceLatticeFaster():decoder-wrappers.cc:286) Log-like per frame for utterance mjlb0_sx176 is 3.83491 over 707 frames.
mjlb0_sx266 sil w ix th d r ao ow n ih z m ah cl ch epi m ah n iy ix zh ix n iy d sil 
LOG (latgen-faster-mapped[5.4.140~1-1ab3d]:DecodeUtteranceLatticeFaster():decoder-wrappers.cc:286) Log-like per frame for utterance mjlb0_sx266 is 3.46959 over 460 frames.
mjlb0_sx356 sil d ay ae n m ey s cl p l er vcl jh m b aa cl t er cl k oy z n eh cl k ax s sil 
LOG (latgen-faster-mapped[5.4.140~1-1ab3d]:DecodeUtteranceLatticeFaster():decoder-wrappers.cc:286) Log-like per frame for utterance mjlb0_sx356 is 3.82184 over 555 frames.
mjlb0_sx446 sil t aa m ax s th ih ng s l r vcl jh er cl k l ae cl s aa l s ax cl p r aa l sil 
LOG (latgen-faster-mapped[5.4.140~1-1ab3d]:RebuildRepository():determinize-lattice-pruned.cc:283) Rebuilding repository.
LOG (latgen-faster-mapped[5.4.140~1-1ab3d]:DecodeUtteranceLatticeFaster():decoder-wrappers.cc:286) Log-like per frame for utterance mjlb0_sx446 is 3.47357 over 487 frames.
mjlb0_sx86 sil hh ix s cl p ae n ix cl k aa s cl t uw n z er cl k r cl k l r f el sil 
LOG (latgen-faster-mapped[5.4.140~1-1ab3d]:DecodeUtteranceLatticeFaster():decoder-wrappers.cc:286) Log-like per frame for utterance mjlb0_sx86 is 3.68766 over 442 frames.
mjlg1_si1012 sil b eh v r iy jh ih z er m ey vcl f r m s iy vcl z dh w r l ow f er sil 
LOG (latgen-faster-mapped[5.4.140~1-1ab3d]:DecodeUtteranceLatticeFaster():decoder-wrappers.cc:286) Log-like per frame for utterance mjlg1_si1012 is 3.95159 over 542 frames.
mjlg1_si1642 sil y v n ay cl s iy m l ay cl dh aw m sil b ah m ey iy y uw aa er sil 
LOG (latgen-faster-mapped[5.4.140~1-1ab3d]:DecodeUtteranceLatticeFaster():decoder-wrappers.cc:286) Log-like per frame for utterance mjlg1_si1642 is 3.7527 over 560 frames.
mjlg1_si2272 sil p er ae s epi w n b ao r hh ow l z ix n dh ix s dh ow w ix s ah m cl k ay ix v ax l eh cl t ix cl g ae vcl jh ix cl t sil 
LOG (latgen-faster-mapped[5.4.140~1-1ab3d]:RebuildRepository():determinize-lattice-pruned.cc:283) Rebuilding repository.
LOG (latgen-faster-mapped[5.4.140~1-1ab3d]:DecodeUtteranceLatticeFaster():decoder-wrappers.cc:286) Log-like per frame for utterance mjlg1_si2272 is 3.75805 over 797 frames.
mjlg1_sx112 sil t ah vcl b ow th er cl k ey p ax vcl el p ao l ix ng y uw jh l ow vcl z sil 
LOG (latgen-faster-mapped[5.4.140~1-1ab3d]:RebuildRepository():determinize-lattice-pruned.cc:283) Rebuilding repository.
LOG (latgen-faster-mapped[5.4.140~1-1ab3d]:DecodeUtteranceLatticeFaster():decoder-wrappers.cc:286) Log-like per frame for utterance mjlg1_sx112 is 3.76764 over 563 frames.
mjlg1_sx202 sil hh aw m ix s ah l aw n s cl t iy uw vcl g eh cl t sil 
LOG (latgen-faster-mapped[5.4.140~1-1ab3d]:DecodeUtteranceLatticeFaster():decoder-wrappers.cc:286) Log-like per frame for utterance mjlg1_sx202 is 3.73324 over 339 frames.
mjlg1_sx22 sil w n ao l l s f eh l z sil y uw z f ao r s sil 
LOG (latgen-faster-mapped[5.4.140~1-1ab3d]:DecodeUtteranceLatticeFaster():decoder-wrappers.cc:286) Log-like per frame for utterance mjlg1_sx22 is 3.82841 over 426 frames.
mjlg1_sx292 sil iy z ix cl k s cl k uw s ix vcl d aa cl k m ix n s epi ah s cl b iy l aa cl d ah cl p eh dx ao l cl t ay m s sil 
LOG (latgen-faster-mapped[5.4.140~1-1ab3d]:DecodeUtteranceLatticeFaster():decoder-wrappers.cc:286) Log-like per frame for utterance mjlg1_sx292 is 3.71657 over 624 frames.
mjlg1_sx382 sil jh ao r jh ix z cl p eh er n oy dx ix vcl b aa dx ix f iy cl ch er cl g ae sh ao r dx iy jh sil 
LOG (latgen-faster-mapped[5.4.140~1-1ab3d]:DecodeUtteranceLatticeFaster():decoder-wrappers.cc:286) Log-like per frame for utterance mjlg1_sx382 is 3.73676 over 554 frames.
mjls0_si1096 sil hh iy w r vcl b r aw n ih cl s cl ao r cl sh er vcl sil w ix cl v n ow cl t ay cl sil 
LOG (latgen-faster-mapped[5.4.140~1-1ab3d]:RebuildRepository():determinize-lattice-pruned.cc:283) Rebuilding repository.
LOG (latgen-faster-mapped[5.4.140~1-1ab3d]:RebuildRepository():determinize-lattice-pruned.cc:283) Rebuilding repository.
LOG (latgen-faster-mapped[5.4.140~1-1ab3d]:RebuildRepository():determinize-lattice-pruned.cc:283) Rebuilding repository.
LOG (latgen-faster-mapped[5.4.140~1-1ab3d]:RebuildRepository():determinize-lattice-pruned.cc:283) Rebuilding repository.
WARNING (latgen-faster-mapped[5.4.140~1-1ab3d]:CheckMemoryUsage():determinize-lattice-pruned.cc:316) Did not reach requested beam in determinize-lattice: size exceeds maximum 20000000 bytes; (repo,arcs,elems) = (12652768,269824,7108176), after rebuilding, repo size was 9708832, effective beam was 8.60964 vs. requested beam 10
WARNING (latgen-faster-mapped[5.4.140~1-1ab3d]:DecodeUtteranceLatticeFaster():decoder-wrappers.cc:274) Determinization finished earlier than the beam for utterance mjls0_si1096
LOG (latgen-faster-mapped[5.4.140~1-1ab3d]:DecodeUtteranceLatticeFaster():decoder-wrappers.cc:286) Log-like per frame for utterance mjls0_si1096 is 3.81296 over 692 frames.
mjls0_si1726 sil sil ae n m ae n ao l s l y uw z cl v ae cl k iy m cl dh l iy n er z ix n vcl b ow th r ow m s sil s ah cl k iy ng d ah s cl d ah cl p w ax n s epi m ao er sil 
LOG (latgen-faster-mapped[5.4.140~1-1ab3d]:DecodeUtteranceLatticeFaster():decoder-wrappers.cc:286) Log-like per frame for utterance mjls0_si1726 is 3.79336 over 1121 frames.
mjls0_si466 sil dh eh n w iy vcl r ih l iy hh ae s ah m cl p l ey s cl t ix vcl g ow sil 
LOG (latgen-faster-mapped[5.4.140~1-1ab3d]:DecodeUtteranceLatticeFaster():decoder-wrappers.cc:286) Log-like per frame for utterance mjls0_si466 is 3.84095 over 472 frames.
mjls0_sx106 sil ax y uw vcl sh cl t ae cl p ax s cl t r iy hh ah ng ih n hh er hh ao l w ey sil 
LOG (latgen-faster-mapped[5.4.140~1-1ab3d]:DecodeUtteranceLatticeFaster():decoder-wrappers.cc:286) Log-like per frame for utterance mjls0_sx106 is 3.77376 over 528 frames.
mjls0_sx16 sil ah r ow l v w ay er l ey n er ix el w l sil 
LOG (latgen-faster-mapped[5.4.140~1-1ab3d]:DecodeUtteranceLatticeFaster():decoder-wrappers.cc:286) Log-like per frame for utterance mjls0_sx16 is 3.7087 over 469 frames.
mjls0_sx196 sil hh aa vcl d uw w oy s cl t er z m ey cl cl p er er l s sil 
LOG (latgen-faster-mapped[5.4.140~1-1ab3d]:DecodeUtteranceLatticeFaster():decoder-wrappers.cc:286) Log-like per frame for utterance mjls0_sx196 is 3.74876 over 363 frames.
mjls0_sx286 sil ix n ae v r iy m ey jh er cl k l ow v r l iy f sil t r ae f ix cl k s ah m cl t ay m s g eh cl s cl p ae cl ah cl p sil 
LOG (latgen-faster-mapped[5.4.140~1-1ab3d]:DecodeUtteranceLatticeFaster():decoder-wrappers.cc:286) Log-like per frame for utterance mjls0_sx286 is 3.76727 over 776 frames.
mjls0_sx376 sil w ix m ix n m ey n eh v er vcl b iy cl k ah m cl k m cl p l iy dh iy cl k w el cl t ax m ae n sil 
LOG (latgen-faster-mapped[5.4.140~1-1ab3d]:DecodeUtteranceLatticeFaster():decoder-wrappers.cc:286) Log-like per frame for utterance mjls0_sx376 is 3.87143 over 601 frames.
mjma0_si1495 sil sil t uw vcl g ae s l ae cl s epi w er n ow m oy dh eh n ax m ih s l iy vcl iy ng g l ow sil 
LOG (latgen-faster-mapped[5.4.140~1-1ab3d]:DecodeUtteranceLatticeFaster():decoder-wrappers.cc:286) Log-like per frame for utterance mjma0_si1495 is 3.70362 over 588 frames.
mjma0_si2125 sil hh ih z vcl b l ae cl k ae cl w dh ix cl epi w ay vcl b r eh m sil hh ay cl k r aw n sil ix n f er cl t r ih m r ow vcl hh aa ay sil 
LOG (latgen-faster-mapped[5.4.140~1-1ab3d]:DecodeUtteranceLatticeFaster():decoder-wrappers.cc:286) Log-like per frame for utterance mjma0_si2125 is 3.95951 over 886 frames.
mjma0_si865 sil n iy dh er r r vcl b ae vcl s th ey ng k s cl t uw r m ae cl t ix s ih z n s l iy cl b iy ng b ae vcl k s sil 
LOG (latgen-faster-mapped[5.4.140~1-1ab3d]:DecodeUtteranceLatticeFaster():decoder-wrappers.cc:286) Log-like per frame for utterance mjma0_si865 is 3.80662 over 684 frames.
mjma0_sx145 sil t m ah cl ch cl k ih er iy aa ae s dx iy cl k ng g iy y uw ix n cl t uw cl t r ah vcl b el sil 
LOG (latgen-faster-mapped[5.4.140~1-1ab3d]:DecodeUtteranceLatticeFaster():decoder-wrappers.cc:286) Log-like per frame for utterance mjma0_sx145 is 3.77048 over 468 frames.
mjma0_sx235 sil ay ay dx m ay z ao l cl k aw n s ix m ay ey cl t ix n s iy sil 
LOG (latgen-faster-mapped[5.4.140~1-1ab3d]:DecodeUtteranceLatticeFaster():decoder-wrappers.cc:286) Log-like per frame for utterance mjma0_sx235 is 3.92338 over 472 frames.
mjma0_sx325 sil dh ax f el m ow n sh ow m b r ay l iy dh ae n ay cl sil 
LOG (latgen-faster-mapped[5.4.140~1-1ab3d]:DecodeUtteranceLatticeFaster():decoder-wrappers.cc:286) Log-like per frame for utterance mjma0_sx325 is 3.51287 over 413 frames.
mjma0_sx415 sil m uw v dh ix vcl g aa r vcl b ix vcl jh epi n er cl t uw dh l ah vcl d w ix n d ah sil 
LOG (latgen-faster-mapped[5.4.140~1-1ab3d]:DecodeUtteranceLatticeFaster():decoder-wrappers.cc:286) Log-like per frame for utterance mjma0_sx415 is 3.72478 over 437 frames.
mjma0_sx55 sil dh ih l ae cl k ah v hh iy cl k aa m cl p aw n ix vcl dh ix cl t ae n ix n s cl k r iy v ix n s ix s sil 
LOG (latgen-faster-mapped[5.4.140~1-1ab3d]:DecodeUtteranceLatticeFaster():decoder-wrappers.cc:286) Log-like per frame for utterance mjma0_sx55 is 3.7978 over 565 frames.
mjmd0_si1028 sil p ah cl n aw sh s ey ng cl k l ow er cl t dh r aa cl k sil 
LOG (latgen-faster-mapped[5.4.140~1-1ab3d]:DecodeUtteranceLatticeFaster():decoder-wrappers.cc:286) Log-like per frame for utterance mjmd0_si1028 is 3.8239 over 452 frames.
mjmd0_si1658 sil w w ih dh ey n aw sil 
LOG (latgen-faster-mapped[5.4.140~1-1ab3d]:DecodeUtteranceLatticeFaster():decoder-wrappers.cc:286) Log-like per frame for utterance mjmd0_si1658 is 3.67938 over 193 frames.
mjmd0_si2288 sil ax n ah dh vcl b r ae n d ix v ix n d eh f n ih vcl r eh f r n s r ay s ix s sil ah dx v iy y uw s v dh vcl d eh l b el v er vcl sil 
LOG (latgen-faster-mapped[5.4.140~1-1ab3d]:DecodeUtteranceLatticeFaster():decoder-wrappers.cc:286) Log-like per frame for utterance mjmd0_si2288 is 3.81353 over 885 frames.
mjmd0_sx128 sil l aa cl s ax f ao r n m uw v iy s ae s ah vcl t ay dx el s sil 
LOG (latgen-faster-mapped[5.4.140~1-1ab3d]:DecodeUtteranceLatticeFaster():decoder-wrappers.cc:286) Log-like per frame for utterance mjmd0_sx128 is 3.86012 over 460 frames.
mjmd0_sx218 sil t ay dx r iy cl k ao l dh iy v eh n s en cl k aa el aa cl jh cl k l uh dx er sil 
LOG (latgen-faster-mapped[5.4.140~1-1ab3d]:RebuildRepository():determinize-lattice-pruned.cc:283) Rebuilding repository.
LOG (latgen-faster-mapped[5.4.140~1-1ab3d]:DecodeUtteranceLatticeFaster():decoder-wrappers.cc:286) Log-like per frame for utterance mjmd0_sx218 is 3.73715 over 506 frames.
mjmd0_sx308 sil sh ix cl p ih l ix ng ix s m ow s f ae s n ey dx ng cl p aa s eh s sil 
LOG (latgen-faster-mapped[5.4.140~1-1ab3d]:DecodeUtteranceLatticeFaster():decoder-wrappers.cc:286) Log-like per frame for utterance mjmd0_sx308 is 3.85994 over 501 frames.
mjmd0_sx38 sil y ah ng cl p iy cl p el cl p r cl t ix s ix cl p ey ix n ae s l eh dx ih cl k eh cl t ih ix dx iy s sil 
LOG (latgen-faster-mapped[5.4.140~1-1ab3d]:DecodeUtteranceLatticeFaster():decoder-wrappers.cc:286) Log-like per frame for utterance mjmd0_sx38 is 3.79208 over 578 frames.
mjmd0_sx398 sil ch uh vcl r uw n cl k n cl k en s uw m ih n iy f uw cl k ae n iy z en w n s ix dx ix ng sil 
LOG (latgen-faster-mapped[5.4.140~1-1ab3d]:DecodeUtteranceLatticeFaster():decoder-wrappers.cc:286) Log-like per frame for utterance mjmd0_sx398 is 3.75454 over 586 frames.
mjmm0_si1255 sil m aa s ix s ih r w ih sh ix z eh hh iy cl k cl t ih n iy s cl t ax ae vcl d sil sil t uw ih sh r eh cl k er dx iy s eh cl s er cl t dx ey sil 
LOG (latgen-faster-mapped[5.4.140~1-1ab3d]:DecodeUtteranceLatticeFaster():decoder-wrappers.cc:286) Log-like per frame for utterance mjmm0_si1255 is 3.8265 over 844 frames.
mjmm0_si1885 sil dh m ah vcl w ae vcl ix n hh eh vcl k aa cl f ay er ao s ax sil 
LOG (latgen-faster-mapped[5.4.140~1-1ab3d]:DecodeUtteranceLatticeFaster():decoder-wrappers.cc:286) Log-like per frame for utterance mjmm0_si1885 is 3.84342 over 414 frames.
mjmm0_si625 sil ax cl t ay n iy hh ae n f el n eh v er vcl d ix vcl m ay cl dh cl k ah n s er cl 
LOG (latgen-faster-mapped[5.4.140~1-1ab3d]:DecodeUtteranceLatticeFaster():decoder-wrappers.cc:286) Log-like per frame for utterance mjmm0_si625 is 3.67742 over 467 frames.
mjmm0_sx175 sil s ax v ih er m ay ow cl p iy sil k n t er vcl b vcl d ih vcl t er r aa n z ih n f ih r iy ao r dx iy cl k aa m cl p l eh cl s sil 
LOG (latgen-faster-mapped[5.4.140~1-1ab3d]:RebuildRepository():determinize-lattice-pruned.cc:283) Rebuilding repository.
LOG (latgen-faster-mapped[5.4.140~1-1ab3d]:DecodeUtteranceLatticeFaster():decoder-wrappers.cc:286) Log-like per frame for utterance mjmm0_sx175 is 3.64291 over 815 frames.
mjmm0_sx265 sil dh s ao z vcl b r ow cl k ix n s ix cl ch aa cl t w dx ix n s cl t ey ix sil 
LOG (latgen-faster-mapped[5.4.140~1-1ab3d]:RebuildRepository():determinize-lattice-pruned.cc:283) Rebuilding repository.
LOG (latgen-faster-mapped[5.4.140~1-1ab3d]:RebuildRepository():determinize-lattice-pruned.cc:283) Rebuilding repository.
LOG (latgen-faster-mapped[5.4.140~1-1ab3d]:DecodeUtteranceLatticeFaster():decoder-wrappers.cc:286) Log-like per frame for utterance mjmm0_sx265 is 3.80406 over 572 frames.
mjmm0_sx355 sil d ao f ax n z er n cl t eh l jh ix n m er r iy n m ae m el s sil 
LOG (latgen-faster-mapped[5.4.140~1-1ab3d]:DecodeUtteranceLatticeFaster():decoder-wrappers.cc:286) Log-like per frame for utterance mjmm0_sx355 is 3.78917 over 465 frames.
mjmm0_sx445 sil w ah dx ih z ix s l aa r vcl s ih ng b aw ay er n ng b ao r d sil 
LOG (latgen-faster-mapped[5.4.140~1-1ab3d]:DecodeUtteranceLatticeFaster():decoder-wrappers.cc:286) Log-like per frame for utterance mjmm0_sx445 is 3.77065 over 417 frames.
mjmm0_sx85 sil s m ih cl dh ix z m eh zh er vcl ix ng cl k y vcl b iy cl k aa r vcl s sil 
LOG (latgen-faster-mapped[5.4.140~1-1ab3d]:DecodeUtteranceLatticeFaster():decoder-wrappers.cc:286) Log-like per frame for utterance mjmm0_sx85 is 3.7091 over 454 frames.
mjpg0_si1191 sil ao l cl ch ae n s v f ih l ng m ah vcl d eh s n iy ix z ow er sil 
LOG (latgen-faster-mapped[5.4.140~1-1ab3d]:DecodeUtteranceLatticeFaster():decoder-wrappers.cc:286) Log-like per frame for utterance mjpg0_si1191 is 3.72375 over 478 frames.
mjpg0_si1821 sil dh iy z cl p l ae s epi r m ah vcl jh cl p eh er sil n ih l iy ao l cl k ey cl p vcl b el hh ow dx ix ng ix n ae cl m ix s er sil 
LOG (latgen-faster-mapped[5.4.140~1-1ab3d]:DecodeUtteranceLatticeFaster():decoder-wrappers.cc:286) Log-like per frame for utterance mjpg0_si1821 is 3.71006 over 810 frames.
mjpg0_si561 sil dh ih s z vcl g ow n cl t vcl b ih ey l ng w vcl jh l ah s n sil ix n uw cl k ix n m ae s cl t er ix f ix m ix n ix cl s sil 
LOG (latgen-faster-mapped[5.4.140~1-1ab3d]:DecodeUtteranceLatticeFaster():decoder-wrappers.cc:286) Log-like per frame for utterance mjpg0_si561 is 3.61172 over 742 frames.
mjpg0_sx111 sil hh ix s ah n cl p ao r sh er sh aa cl dh ix cl k ae s sil 
LOG (latgen-faster-mapped[5.4.140~1-1ab3d]:DecodeUtteranceLatticeFaster():decoder-wrappers.cc:286) Log-like per frame for utterance mjpg0_sx111 is 3.895 over 410 frames.
mjpg0_sx201 sil ax cl p r ow cl ch er ih er y w ix s cl t ae cl t uw eh s cl m b ow zh er sil 
LOG (latgen-faster-mapped[5.4.140~1-1ab3d]:DecodeUtteranceLatticeFaster():decoder-wrappers.cc:286) Log-like per frame for utterance mjpg0_sx201 is 3.65563 over 446 frames.
mjpg0_sx21 sil aa l f aa l f l ih z hh eh l th iy f y ix sil 
LOG (latgen-faster-mapped[5.4.140~1-1ab3d]:DecodeUtteranceLatticeFaster():decoder-wrappers.cc:286) Log-like per frame for utterance mjpg0_sx21 is 3.7195 over 394 frames.
mjpg0_sx291 sil dh eh ae v l eh sh cl t er ey m aa er th cl k w ey cl sil 
LOG (latgen-faster-mapped[5.4.140~1-1ab3d]:DecodeUtteranceLatticeFaster():decoder-wrappers.cc:286) Log-like per frame for utterance mjpg0_sx291 is 3.44935 over 400 frames.
mjpg0_sx381 sil w w ah cl k m ih n iy n iy s uw n s iy cl ch y er sil 
LOG (latgen-faster-mapped[5.4.140~1-1ab3d]:DecodeUtteranceLatticeFaster():decoder-wrappers.cc:286) Log-like per frame for utterance mjpg0_sx381 is 3.80782 over 408 frames.
mjpm0_si1368 sil dh vcl b ae dx ih n ae v er vcl jh v w n s ix cl k s ah s ah dx ax s ae v ix n ih ng k r iy s cl t w n aw dx er th r iy sil 
LOG (latgen-faster-mapped[5.4.140~1-1ab3d]:DecodeUtteranceLatticeFaster():decoder-wrappers.cc:286) Log-like per frame for utterance mjpm0_si1368 is 3.82637 over 880 frames.
mjpm0_si1998 sil sh vcl t uh cl k ih vcl g r ah vcl jh ix l iy sil k er vcl d aa r cl k ay z b eh l f el l z ix m eh cl hh ih z sil 
LOG (latgen-faster-mapped[5.4.140~1-1ab3d]:DecodeUtteranceLatticeFaster():decoder-wrappers.cc:286) Log-like per frame for utterance mjpm0_si1998 is 3.83147 over 740 frames.
mjpm0_si738 sil t ow ng cl p l eh n m iy l z ah dx er cl t uw cl k ah cl p l cl k ey dx ix cl sil 
LOG (latgen-faster-mapped[5.4.140~1-1ab3d]:DecodeUtteranceLatticeFaster():decoder-wrappers.cc:286) Log-like per frame for utterance mjpm0_si738 is 3.73898 over 554 frames.
mjpm0_sx108 sil hh ix s cl k eh l cl p w z vcl b l ih s ix f r m cl t dx ey z aa cl s ah n sil 
LOG (latgen-faster-mapped[5.4.140~1-1ab3d]:DecodeUtteranceLatticeFaster():decoder-wrappers.cc:286) Log-like per frame for utterance mjpm0_sx108 is 3.81026 over 496 frames.
mjpm0_sx18 sil ae l m ow n iy hh ay m z ix vcl d v ao r s cl t m ae z w l th sil 
LOG (latgen-faster-mapped[5.4.140~1-1ab3d]:DecodeUtteranceLatticeFaster():decoder-wrappers.cc:286) Log-like per frame for utterance mjpm0_sx18 is 3.76175 over 479 frames.
mjpm0_sx198 sil n ao r w iy zh n s epi w eh dx er z m ey dx v l ae m z w l sil sil 
LOG (latgen-faster-mapped[5.4.140~1-1ab3d]:DecodeUtteranceLatticeFaster():decoder-wrappers.cc:286) Log-like per frame for utterance mjpm0_sx198 is 3.81314 over 685 frames.
mjpm0_sx288 sil b r ah sh f oy er z er cl k aa m n ix n dh vcl d r ay ah n er vcl b r r sh v n v ae dx ah sil 
LOG (latgen-faster-mapped[5.4.140~1-1ab3d]:DecodeUtteranceLatticeFaster():decoder-wrappers.cc:286) Log-like per frame for utterance mjpm0_sx288 is 3.85898 over 615 frames.
mjpm0_sx378 sil ay vcl jh ih s ao vcl jh ih m n er dh n uw r cl k y l ay vcl jh cl k el m y z iy ix m sil 
LOG (latgen-faster-mapped[5.4.140~1-1ab3d]:DecodeUtteranceLatticeFaster():decoder-wrappers.cc:286) Log-like per frame for utterance mjpm0_sx378 is 3.84133 over 609 frames.
mjpm1_si1897 sil ch iy s ey m d eh er cl t ey dx ix cl 
LOG (latgen-faster-mapped[5.4.140~1-1ab3d]:DecodeUtteranceLatticeFaster():decoder-wrappers.cc:286) Log-like per frame for utterance mjpm1_si1897 is 3.72382 over 280 frames.
mjpm1_si2280 sil m eh n iy sh ey cl p s ix n b ae cl d eh vcl z sil 
LOG (latgen-faster-mapped[5.4.140~1-1ab3d]:DecodeUtteranceLatticeFaster():decoder-wrappers.cc:286) Log-like per frame for utterance mjpm1_si2280 is 3.76769 over 378 frames.
mjpm1_si761 sil p ey vcl b er w ey cl m ey vcl b iy cl p er s l ay z epi ow m b ae cl hh aa cl k l ey ih z l eh dh er aa r vcl 
LOG (latgen-faster-mapped[5.4.140~1-1ab3d]:DecodeUtteranceLatticeFaster():decoder-wrappers.cc:286) Log-like per frame for utterance mjpm1_si761 is 3.77497 over 785 frames.
mjpm1_sx131 sil w ih vcl b l ae n vcl b ih l ih n iy vcl b eh v r zh cl p l ae cl sil 
LOG (latgen-faster-mapped[5.4.140~1-1ab3d]:DecodeUtteranceLatticeFaster():decoder-wrappers.cc:286) Log-like per frame for utterance mjpm1_sx131 is 3.69645 over 437 frames.
mjpm1_sx221 sil k ao r ih cl t ae cl dh cl p r aa vcl d ix cl w ix th dh ey cl s cl t er vcl t er m n ay sh epi sil 
LOG (latgen-faster-mapped[5.4.140~1-1ab3d]:DecodeUtteranceLatticeFaster():decoder-wrappers.cc:286) Log-like per frame for utterance mjpm1_sx221 is 3.71926 over 607 frames.
mjpm1_sx311 sil sil m aa dx ix z ay er dx er s eh m cl p el vcl g ih m ey w ao n ae m f ao m n ix cl p r er vcl r ae v ow n ax s ah vcl jh ix cl 
LOG (latgen-faster-mapped[5.4.140~1-1ab3d]:DecodeUtteranceLatticeFaster():decoder-wrappers.cc:286) Log-like per frame for utterance mjpm1_sx311 is 3.76021 over 958 frames.
mjpm1_sx401 sil dh cl t ae cl s cl k ae vcl b r ow cl n aw n ng cl k ao z ix cl t r eh v ix vcl jh ae m sil 
LOG (latgen-faster-mapped[5.4.140~1-1ab3d]:DecodeUtteranceLatticeFaster():decoder-wrappers.cc:286) Log-like per frame for utterance mjpm1_sx401 is 3.67719 over 583 frames.
mjpm1_sx41 sil eh dx ih cl k eh cl m ae n d ey z k m p l ay n epi ax th ix vcl dh ih s cl t ix n r eh vcl l ey sh en cl s sil 
LOG (latgen-faster-mapped[5.4.140~1-1ab3d]:RebuildRepository():determinize-lattice-pruned.cc:283) Rebuilding repository.
LOG (latgen-faster-mapped[5.4.140~1-1ab3d]:DecodeUtteranceLatticeFaster():decoder-wrappers.cc:286) Log-like per frame for utterance mjpm1_sx41 is 3.69829 over 737 frames.
mjra0_si1236 sil b oy y uw ey cl f l n ow vcl b ah dx iy vcl b ah cl jh er s eh l f sil 
LOG (latgen-faster-mapped[5.4.140~1-1ab3d]:DecodeUtteranceLatticeFaster():decoder-wrappers.cc:286) Log-like per frame for utterance mjra0_si1236 is 3.83141 over 561 frames.
mjra0_si1866 sil th er dx iy f ay v dh ey r ow dx ae dx ix m eh zh er vcl p ey s cl d ix dh v ae l ix sil 
LOG (latgen-faster-mapped[5.4.140~1-1ab3d]:DecodeUtteranceLatticeFaster():decoder-wrappers.cc:286) Log-like per frame for utterance mjra0_si1866 is 3.95819 over 678 frames.
mjra0_si606 sil w th ih s epi n el l oy l s ix s n cl k en cl k ao r el sil 
LOG (latgen-faster-mapped[5.4.140~1-1ab3d]:DecodeUtteranceLatticeFaster():decoder-wrappers.cc:286) Log-like per frame for utterance mjra0_si606 is 3.72153 over 536 frames.
mjra0_sx156 sil aa r cl s cl p er er m ix n s cl p aa z d ih dh aw cl k ah m w z ah n ix cl s cl p eh cl d ix vcl sil 
LOG (latgen-faster-mapped[5.4.140~1-1ab3d]:DecodeUtteranceLatticeFaster():decoder-wrappers.cc:286) Log-like per frame for utterance mjra0_sx156 is 3.76872 over 589 frames.
mjra0_sx246 sil hh aw ey n sh ix n d ix z ix s ah vcl b w ey ae s cl k ix l ey dx er sil 
LOG (latgen-faster-mapped[5.4.140~1-1ab3d]:DecodeUtteranceLatticeFaster():decoder-wrappers.cc:286) Log-like per frame for utterance mjra0_sx246 is 3.80188 over 467 frames.
mjra0_sx336 sil r aa vcl m ey vcl hh ah ng vcl g eh r ng g uw l aa sh f er vcl d ih n er ae n g uw s b eh r iy cl p ay f ao r d ix z er cl sil sil 
LOG (latgen-faster-mapped[5.4.140~1-1ab3d]:DecodeUtteranceLatticeFaster():decoder-wrappers.cc:286) Log-like per frame for utterance mjra0_sx336 is 3.90533 over 826 frames.
mjra0_sx426 sil ah m ao th z ix vcl g z ae vcl d l ao ng ix cl p ae th uw aa dx ow z vcl g aa r vcl en sil sil 
LOG (latgen-faster-mapped[5.4.140~1-1ab3d]:DecodeUtteranceLatticeFaster():decoder-wrappers.cc:286) Log-like per frame for utterance mjra0_sx426 is 3.87274 over 659 frames.
mjra0_sx66 sil w iy vcl g aa cl d r eh n sh f ah m iy ah n ih n t er r ah cl t ih vcl r ey ng sil 
LOG (latgen-faster-mapped[5.4.140~1-1ab3d]:DecodeUtteranceLatticeFaster():decoder-wrappers.cc:286) Log-like per frame for utterance mjra0_sx66 is 3.73567 over 461 frames.
mjrg0_si1366 sil aa r cl k ae cl p ax s sil ax n f ao r ch ah ax l iy sil ow n z n ow f ih ow m s sil 
LOG (latgen-faster-mapped[5.4.140~1-1ab3d]:DecodeUtteranceLatticeFaster():decoder-wrappers.cc:286) Log-like per frame for utterance mjrg0_si1366 is 3.7093 over 652 frames.
mjrg0_si1996 sil y sh el s iy hh er ix vcl d ih n er sil 
LOG (latgen-faster-mapped[5.4.140~1-1ab3d]:DecodeUtteranceLatticeFaster():decoder-wrappers.cc:286) Log-like per frame for utterance mjrg0_si1996 is 3.93962 over 280 frames.
mjrg0_si736 sil ao l s ow m ey cl sh er th er m aa m ax er vcl d ix z n ah cl t ah cl ch dh r v aa v ng s cl p eh cl sil ao r hh ih cl dh cl k ow el s sil 
LOG (latgen-faster-mapped[5.4.140~1-1ab3d]:DecodeUtteranceLatticeFaster():decoder-wrappers.cc:286) Log-like per frame for utterance mjrg0_si736 is 3.73166 over 916 frames.
mjrg0_sx106 sil ey hh y uw vcl ch cl t ae cl dh ix s cl t r iy hh ah ng ix n er hh ao w ey sil 
LOG (latgen-faster-mapped[5.4.140~1-1ab3d]:DecodeUtteranceLatticeFaster():decoder-wrappers.cc:286) Log-like per frame for utterance mjrg0_sx106 is 3.87934 over 468 frames.
mjrg0_sx16 sil ih r l v w aa er l iy n y dh ax w ao l sil 
LOG (latgen-faster-mapped[5.4.140~1-1ab3d]:DecodeUtteranceLatticeFaster():decoder-wrappers.cc:286) Log-like per frame for utterance mjrg0_sx16 is 3.69346 over 383 frames.
mjrg0_sx286 sil ix n eh v r iy m ey cl jh er cl k l ow v r l iy f sil t r ae f cl k s ah m cl t ay m z vcl g ix cl s cl p ae cl d ah cl 
LOG (latgen-faster-mapped[5.4.140~1-1ab3d]:DecodeUtteranceLatticeFaster():decoder-wrappers.cc:286) Log-like per frame for utterance mjrg0_sx286 is 3.84157 over 748 frames.
LOG (copy-feats[5.4.140~1-1ab3d]:main():copy-feats.cc:143) Copied 184 feature matrices.
mjrg0_sx352 sil ax cl k ao r n ix m ay n cl t er cl p cl t ey sh en ax dh cl p r ao m sil sil t uw l ay n z m ax s cl p iy cl p er cl p n d ih cl k ih l er sil 
LOG (latgen-faster-mapped[5.4.140~1-1ab3d]:RebuildRepository():determinize-lattice-pruned.cc:283) Rebuilding repository.
LOG (latgen-faster-mapped[5.4.140~1-1ab3d]:RebuildRepository():determinize-lattice-pruned.cc:283) Rebuilding repository.
LOG (latgen-faster-mapped[5.4.140~1-1ab3d]:DecodeUtteranceLatticeFaster():decoder-wrappers.cc:286) Log-like per frame for utterance mjrg0_sx352 is 3.76085 over 865 frames.
LOG (nnet-forward[5.4.140~1-1ab3d]:main():nnet-forward.cc:192) Done 184 files in 7.93919min, (fps 229.276)
mjrg0_sx376 sil w m n m ey n eh v er vcl b ix cl k ah m cl k m cl p l iy l iy iy k el cl t m eh n sil 
LOG (latgen-faster-mapped[5.4.140~1-1ab3d]:DecodeUtteranceLatticeFaster():decoder-wrappers.cc:286) Log-like per frame for utterance mjrg0_sx376 is 3.81512 over 557 frames.
LOG (latgen-faster-mapped[5.4.140~1-1ab3d]:main():latgen-faster-mapped.cc:164) Time taken 475.641s: real-time factor assuming 100 frames/sec is 0.435505
LOG (latgen-faster-mapped[5.4.140~1-1ab3d]:main():latgen-faster-mapped.cc:167) Done 184 utterances, failed for 0
LOG (latgen-faster-mapped[5.4.140~1-1ab3d]:main():latgen-faster-mapped.cc:169) Overall log-likelihood per frame is 3.76075 over 109216 frames.
# Accounting: time=478 threads=1
# Ended (code 0) at Thu Jun 21 11:05:08 CST 2018, elapsed time 478 seconds
