# latgen-faster-mapped --beam=18.0 --lattice-beam=10.0 --acoustic-scale=0.2 --max-mem=20000000 --max-active=5000 --word-symbol-table=data/lang/words.txt exp/dnn4_pretrain-dbn_dnn/final.mdl exp/dnn4_pretrain-dbn_dnn_denlats/dengraph/HCLG.fst "ark,s,cs:copy-feats scp:data-fmllr-tri3/train/split20/19/feats.scp ark:- | nnet-forward --no-softmax=true --prior-scale=1.0 --feature-transform=exp/dnn4_pretrain-dbn_dnn/final.feature_transform --class-frame-counts=exp/dnn4_pretrain-dbn_dnn/ali_train_pdf.counts --use-gpu=no exp/dnn4_pretrain-dbn_dnn/final.nnet ark:- ark:- |" scp:exp/dnn4_pretrain-dbn_dnn_denlats/lat.store_separately_as_gz.scp 
# Started at Thu Jun 21 10:57:10 CST 2018
#
latgen-faster-mapped --beam=18.0 --lattice-beam=10.0 --acoustic-scale=0.2 --max-mem=20000000 --max-active=5000 --word-symbol-table=data/lang/words.txt exp/dnn4_pretrain-dbn_dnn/final.mdl exp/dnn4_pretrain-dbn_dnn_denlats/dengraph/HCLG.fst 'ark,s,cs:copy-feats scp:data-fmllr-tri3/train/split20/19/feats.scp ark:- | nnet-forward --no-softmax=true --prior-scale=1.0 --feature-transform=exp/dnn4_pretrain-dbn_dnn/final.feature_transform --class-frame-counts=exp/dnn4_pretrain-dbn_dnn/ali_train_pdf.counts --use-gpu=no exp/dnn4_pretrain-dbn_dnn/final.nnet ark:- ark:- |' scp:exp/dnn4_pretrain-dbn_dnn_denlats/lat.store_separately_as_gz.scp 
copy-feats scp:data-fmllr-tri3/train/split20/19/feats.scp ark:- 
nnet-forward --no-softmax=true --prior-scale=1.0 --feature-transform=exp/dnn4_pretrain-dbn_dnn/final.feature_transform --class-frame-counts=exp/dnn4_pretrain-dbn_dnn/ali_train_pdf.counts --use-gpu=no exp/dnn4_pretrain-dbn_dnn/final.nnet ark:- ark:- 
LOG (nnet-forward[5.4.140~1-1ab3d]:SelectGpuId():cu-device.cc:123) Manually selected to compute on CPU.
LOG (nnet-forward[5.4.140~1-1ab3d]:main():nnet-forward.cc:93) Removing <Softmax> from the nnet exp/dnn4_pretrain-dbn_dnn/final.nnet
LOG (nnet-forward[5.4.140~1-1ab3d]:PdfPrior():nnet-pdf-prior.cc:34) Computing pdf-priors from : exp/dnn4_pretrain-dbn_dnn/ali_train_pdf.counts
LOG (nnet-forward[5.4.140~1-1ab3d]:PdfPrior():nnet-pdf-prior.cc:64) Floored 0 pdf-priors (hard-set to 1.84467e+19, which disables DNN output when decoding)
msvs0_si1568 sil hh iy vcl b iy vcl g ae n cl t ix cl p ae cl dh ix s ae dx el vcl b ae vcl s sil 
LOG (latgen-faster-mapped[5.4.140~1-1ab3d]:DecodeUtteranceLatticeFaster():decoder-wrappers.cc:286) Log-like per frame for utterance msvs0_si1568 is 4.06494 over 516 frames.
msvs0_si2198 sil b uh dx ih sh iy w ah z ix n ih n cl t er s d ih vcl d sil sil sh iy vcl jh uh s cl g ow vcl b ae cl t ix dh s ey m l ay f sh iy vcl l ae f cl t sil 
LOG (latgen-faster-mapped[5.4.140~1-1ab3d]:DecodeUtteranceLatticeFaster():decoder-wrappers.cc:286) Log-like per frame for utterance msvs0_si2198 is 3.96967 over 1031 frames.
msvs0_si938 sil s ix cl p ih er n uw m ix cl t er ow f ao r th ix vcl d aa n ix cl k w er cl k ih z ix n ah dh er r z eh l cl t er v r iy s er cl ch sil 
LOG (latgen-faster-mapped[5.4.140~1-1ab3d]:DecodeUtteranceLatticeFaster():decoder-wrappers.cc:286) Log-like per frame for utterance msvs0_si938 is 3.79305 over 953 frames.
msvs0_sx128 sil l aa cl s ax f ao r n m uw v iy z hh ae v s ah vcl t ay el s sil 
LOG (latgen-faster-mapped[5.4.140~1-1ab3d]:DecodeUtteranceLatticeFaster():decoder-wrappers.cc:286) Log-like per frame for utterance msvs0_sx128 is 4.0594 over 614 frames.
msvs0_sx218 sil t r ay cl t r iy cl k ao l dh iy v ae n s ih n cl k r aa l aa vcl jh ix cl k el ao r dx er sil 
LOG (latgen-faster-mapped[5.4.140~1-1ab3d]:DecodeUtteranceLatticeFaster():decoder-wrappers.cc:286) Log-like per frame for utterance msvs0_sx218 is 4.11102 over 698 frames.
msvs0_sx308 sil sh ih cl p ih l d iy n ix z ax m ow s f ae s ix n ey dx iy m cl p r aa s eh s sil 
LOG (latgen-faster-mapped[5.4.140~1-1ab3d]:DecodeUtteranceLatticeFaster():decoder-wrappers.cc:286) Log-like per frame for utterance msvs0_sx308 is 3.94814 over 661 frames.
msvs0_sx38 sil y ah ng cl p iy cl p el cl p r cl t ih s ix cl p ey ih n ae th l ah dx ih cl k ae cl t ih v ix dx iy z sil 
LOG (latgen-faster-mapped[5.4.140~1-1ab3d]:DecodeUtteranceLatticeFaster():decoder-wrappers.cc:286) Log-like per frame for utterance msvs0_sx38 is 3.86896 over 700 frames.
msvs0_sx398 sil ch ih l d r ng cl k ng cl k ix n s uw m eh n iy f r uw cl k ae n iy z ix n w ah n s ih dx iy n sil 
LOG (latgen-faster-mapped[5.4.140~1-1ab3d]:DecodeUtteranceLatticeFaster():decoder-wrappers.cc:286) Log-like per frame for utterance msvs0_sx398 is 4.03544 over 842 frames.
mtab0_si1572 sil hh iy f aw n eh n ae m cl t iy vcl b eh n ch sil ow cl p n ix n uw s cl p ey cl p er sil ae n s cl t eh cl ch ix z l ey vcl g z b iy f ao r hh ae m sil 
LOG (latgen-faster-mapped[5.4.140~1-1ab3d]:DecodeUtteranceLatticeFaster():decoder-wrappers.cc:286) Log-like per frame for utterance mtab0_si1572 is 3.82256 over 1073 frames.
mtab0_si2202 sil ey l ao ng sil l ao ng w ey vcl d ae aw n sil 
LOG (latgen-faster-mapped[5.4.140~1-1ab3d]:DecodeUtteranceLatticeFaster():decoder-wrappers.cc:286) Log-like per frame for utterance mtab0_si2202 is 4.07536 over 482 frames.
mtab0_si942 sil l ay v s cl t aa cl m ah s cl p iy vcl t eh n d ix vcl d eh v r iy vcl d ey sil r uw cl t ey ng l iy sil 
LOG (latgen-faster-mapped[5.4.140~1-1ab3d]:DecodeUtteranceLatticeFaster():decoder-wrappers.cc:286) Log-like per frame for utterance mtab0_si942 is 3.75607 over 752 frames.
mtab0_sx132 sil sil p ah vcl b l ih s d iy eh n ow dx er ay vcl iy vcl g ow hh ae n d ix n hh ae n er sil 
LOG (latgen-faster-mapped[5.4.140~1-1ab3d]:DecodeUtteranceLatticeFaster():decoder-wrappers.cc:286) Log-like per frame for utterance mtab0_sx132 is 4.04378 over 728 frames.
mtab0_sx222 sil y ow z cl k m aa cl p w ih th cl p ae f l aa vcl jh ix cl k el ax vcl g z aw m p el s sil 
LOG (latgen-faster-mapped[5.4.140~1-1ab3d]:DecodeUtteranceLatticeFaster():decoder-wrappers.cc:286) Log-like per frame for utterance mtab0_sx222 is 3.844 over 634 frames.
mtab0_sx312 sil dh ow z ae n ch er z w ow w iy s cl t r ey cl f ao er vcl sil ih f y uw th ih ng cl k ix m th uw cl k eh f l iy f er s cl t sil 
LOG (latgen-faster-mapped[5.4.140~1-1ab3d]:DecodeUtteranceLatticeFaster():decoder-wrappers.cc:286) Log-like per frame for utterance mtab0_sx312 is 3.7417 over 936 frames.
mtab0_sx402 sil w l s er v uw vcl b aa r vcl p ay ae f cl t er r ey cl ch el s cl t ao cl k sil 
LOG (latgen-faster-mapped[5.4.140~1-1ab3d]:DecodeUtteranceLatticeFaster():decoder-wrappers.cc:286) Log-like per frame for utterance mtab0_sx402 is 4.06093 over 637 frames.
mtab0_sx42 sil b ih vcl l ix cl k el s cl k ao l er z aa r vcl g y uw hh ix s cl t r iy sil 
LOG (latgen-faster-mapped[5.4.140~1-1ab3d]:DecodeUtteranceLatticeFaster():decoder-wrappers.cc:286) Log-like per frame for utterance mtab0_sx42 is 3.79773 over 450 frames.
mtas0_si1385 sil m aa r cl k ix sh vcl b ix cl k ah m ao r cl k m cl p eh dx ih v ix z k en s uw m er z cl ix cl k ah m ao r s l ay cl t ix sil 
LOG (latgen-faster-mapped[5.4.140~1-1ab3d]:DecodeUtteranceLatticeFaster():decoder-wrappers.cc:286) Log-like per frame for utterance mtas0_si1385 is 3.68062 over 705 frames.
mtas0_si2015 sil ax l ay f vcl b ow cl epi er s d aa cl f ae s cl t sil 
LOG (latgen-faster-mapped[5.4.140~1-1ab3d]:DecodeUtteranceLatticeFaster():decoder-wrappers.cc:286) Log-like per frame for utterance mtas0_si2015 is 3.67558 over 350 frames.
mtas0_si755 sil cl k w ih m ix cl sil b ey s ix cl p aa dx er iy s cl d uw dx iy ow cl k w ix dh cl sil 
LOG (latgen-faster-mapped[5.4.140~1-1ab3d]:RebuildRepository():determinize-lattice-pruned.cc:283) Rebuilding repository.
LOG (latgen-faster-mapped[5.4.140~1-1ab3d]:RebuildRepository():determinize-lattice-pruned.cc:283) Rebuilding repository.
LOG (latgen-faster-mapped[5.4.140~1-1ab3d]:RebuildRepository():determinize-lattice-pruned.cc:283) Rebuilding repository.
LOG (latgen-faster-mapped[5.4.140~1-1ab3d]:RebuildRepository():determinize-lattice-pruned.cc:283) Rebuilding repository.
WARNING (latgen-faster-mapped[5.4.140~1-1ab3d]:CheckMemoryUsage():determinize-lattice-pruned.cc:316) Did not reach requested beam in determinize-lattice: size exceeds maximum 20000000 bytes; (repo,arcs,elems) = (12294752,361216,7367232), after rebuilding, repo size was 9640768, effective beam was 9.41674 vs. requested beam 10
WARNING (latgen-faster-mapped[5.4.140~1-1ab3d]:DecodeUtteranceLatticeFaster():decoder-wrappers.cc:274) Determinization finished earlier than the beam for utterance mtas0_si755
LOG (latgen-faster-mapped[5.4.140~1-1ab3d]:DecodeUtteranceLatticeFaster():decoder-wrappers.cc:286) Log-like per frame for utterance mtas0_si755 is 3.49242 over 447 frames.
mtas0_sx125 sil w eh s cl ch eh s cl t er z ix cl k aw n iy n uw y ao r cl k sil 
LOG (latgen-faster-mapped[5.4.140~1-1ab3d]:DecodeUtteranceLatticeFaster():decoder-wrappers.cc:286) Log-like per frame for utterance mtas0_sx125 is 3.81558 over 388 frames.
mtas0_sx215 sil dh s er m n eh m f ax s ay z n iy vcl f er f er m er dx v ae cl sh en sil 
LOG (latgen-faster-mapped[5.4.140~1-1ab3d]:DecodeUtteranceLatticeFaster():decoder-wrappers.cc:286) Log-like per frame for utterance mtas0_sx215 is 3.98179 over 543 frames.
mtas0_sx305 sil k aa dx ih z ch iy z w ix cl ch ay z ix z d l ih sh ix s sil 
LOG (latgen-faster-mapped[5.4.140~1-1ab3d]:DecodeUtteranceLatticeFaster():decoder-wrappers.cc:286) Log-like per frame for utterance mtas0_sx305 is 3.98046 over 437 frames.
mtas0_sx35 sil ah l s eh l vcl r y er vcl b r ah dh er s ix cl k s eh s sil 
LOG (latgen-faster-mapped[5.4.140~1-1ab3d]:DecodeUtteranceLatticeFaster():decoder-wrappers.cc:286) Log-like per frame for utterance mtas0_sx35 is 3.73242 over 385 frames.
mtas0_sx395 sil ax cl t uh cl k er w er vcl f ao er vcl b ax dx ix sh iy r l iy vcl g ow w th uw sil 
LOG (latgen-faster-mapped[5.4.140~1-1ab3d]:DecodeUtteranceLatticeFaster():decoder-wrappers.cc:286) Log-like per frame for utterance mtas0_sx395 is 3.82968 over 536 frames.
mtat0_si1110 sil dh ix s iy z ix n b ix cl t w iy n s cl p r ng ix n s ah m er sil b l ao ng s cl t l ay f ix n ix cl s cl k ih r f r iy ae s cl b eh cl t sil 
LOG (latgen-faster-mapped[5.4.140~1-1ab3d]:DecodeUtteranceLatticeFaster():decoder-wrappers.cc:286) Log-like per frame for utterance mtat0_si1110 is 3.88913 over 909 frames.
mtat0_si1740 sil p r uw vcl b l iy r aw n m ih vcl n ay cl sil g v er cl t ey cl k ix n aw r iy dh er w ey sil 
LOG (latgen-faster-mapped[5.4.140~1-1ab3d]:DecodeUtteranceLatticeFaster():decoder-wrappers.cc:286) Log-like per frame for utterance mtat0_si1740 is 3.74989 over 623 frames.
mtat0_si811 sil m iy n w ay l th r iy vcl g r ey cl t er vcl b el f ao r s ix z w er cl k w ae vcl g l ey dx ix ng ix n cl k ix s l ay z ng sil 
LOG (latgen-faster-mapped[5.4.140~1-1ab3d]:DecodeUtteranceLatticeFaster():decoder-wrappers.cc:286) Log-like per frame for utterance mtat0_si811 is 3.76181 over 815 frames.
mtat0_sx120 sil dh cl k ay ow iy sil b aa cl k ae dx eh n hh ay iy n ax sil er w aa l dx ae ax m el z sil 
LOG (latgen-faster-mapped[5.4.140~1-1ab3d]:DecodeUtteranceLatticeFaster():decoder-wrappers.cc:286) Log-like per frame for utterance mtat0_sx120 is 3.70414 over 634 frames.
mtat0_sx210 sil jh eh s cl t oy vcl g ow cl k aa r vcl n eh v er w er cl t sil 
LOG (latgen-faster-mapped[5.4.140~1-1ab3d]:DecodeUtteranceLatticeFaster():decoder-wrappers.cc:286) Log-like per frame for utterance mtat0_sx210 is 3.97794 over 429 frames.
mtat0_sx30 sil g eh dx ey cl k aw cl k ow cl k ae cl t ix cl k iy cl p sil 
LOG (latgen-faster-mapped[5.4.140~1-1ab3d]:DecodeUtteranceLatticeFaster():decoder-wrappers.cc:286) Log-like per frame for utterance mtat0_sx30 is 3.83732 over 350 frames.
mtat0_sx300 sil ah m iy vcl b ih s cl ch ey n sh ey vcl k aa s cl t el iy sil 
LOG (latgen-faster-mapped[5.4.140~1-1ab3d]:DecodeUtteranceLatticeFaster():decoder-wrappers.cc:286) Log-like per frame for utterance mtat0_sx300 is 3.72889 over 451 frames.
mtat0_sx390 sil hh iy cl p ix cl t ah vcl n ay n cl p eh er z ax s aa cl k s f er iy cl ch cl p r ah dh er sil 
LOG (latgen-faster-mapped[5.4.140~1-1ab3d]:DecodeUtteranceLatticeFaster():decoder-wrappers.cc:286) Log-like per frame for utterance mtat0_sx390 is 3.89377 over 546 frames.
mtat1_si1409 sil sh er l iy v eh er z n ah th ix n uw vcl b aw cl k aa m iy n ix z m sil 
LOG (latgen-faster-mapped[5.4.140~1-1ab3d]:DecodeUtteranceLatticeFaster():decoder-wrappers.cc:286) Log-like per frame for utterance mtat1_si1409 is 4.08134 over 577 frames.
mtat1_si1627 sil y uw l ah cl k iy cl k ih vcl s t iy s ae vcl sil 
LOG (latgen-faster-mapped[5.4.140~1-1ab3d]:DecodeUtteranceLatticeFaster():decoder-wrappers.cc:286) Log-like per frame for utterance mtat1_si1627 is 3.95667 over 406 frames.
mtat1_si779 sil dh ix cl k iy l s ix n sil m ey vcl d ix v cl t uw th r iy ih n ch w ih vcl s sil ix z n eh cl k s cl t ih n s cl t ao l d sil 
LOG (latgen-faster-mapped[5.4.140~1-1ab3d]:DecodeUtteranceLatticeFaster():decoder-wrappers.cc:286) Log-like per frame for utterance mtat1_si779 is 3.95999 over 886 frames.
mtat1_sx149 sil w l w ey dx iy n f er cl ch ih cl p er sil sh ix cl k r ih s cl k r ah s dh ix s cl k w eh m ih n iy cl t ay m s sil 
LOG (latgen-faster-mapped[5.4.140~1-1ab3d]:DecodeUtteranceLatticeFaster():decoder-wrappers.cc:286) Log-like per frame for utterance mtat1_sx149 is 4.00018 over 849 frames.
mtat1_sx239 sil p k ih r ey s ax m f r uw cl b iy f ao r cl p er cl p eh r eh n ix s cl k y uw er s sil 
LOG (latgen-faster-mapped[5.4.140~1-1ab3d]:DecodeUtteranceLatticeFaster():decoder-wrappers.cc:286) Log-like per frame for utterance mtat1_sx239 is 4.064 over 751 frames.
mtat1_sx329 sil ch ih cl p ow s cl p ow n d ae l m ow n iy cl p ey m ix n z ax n t eh l b l ey dx ih s cl p aa s ax b el vcl d ey cl sil 
LOG (latgen-faster-mapped[5.4.140~1-1ab3d]:DecodeUtteranceLatticeFaster():decoder-wrappers.cc:286) Log-like per frame for utterance mtat1_sx329 is 3.92129 over 879 frames.
mtat1_sx419 sil dh ix f uh cl b ao l cl t iy n cl k ow cl ch hh ae z ah w aa cl ch dh eh n ix z ix vcl d ay m sil 
LOG (latgen-faster-mapped[5.4.140~1-1ab3d]:DecodeUtteranceLatticeFaster():decoder-wrappers.cc:286) Log-like per frame for utterance mtat1_sx419 is 4.06295 over 742 frames.
mtat1_sx59 sil dh ix s ih ng er s f ih ng g er hh ae dx ix s cl p l ih n cl t er sil 
LOG (latgen-faster-mapped[5.4.140~1-1ab3d]:DecodeUtteranceLatticeFaster():decoder-wrappers.cc:286) Log-like per frame for utterance mtat1_sx59 is 4.12212 over 459 frames.
mtbc0_si1173 sil hh iy vcl b r aa hh er sh ao l s sil 
LOG (latgen-faster-mapped[5.4.140~1-1ab3d]:DecodeUtteranceLatticeFaster():decoder-wrappers.cc:286) Log-like per frame for utterance mtbc0_si1173 is 3.89522 over 280 frames.
mtbc0_si1803 sil ix n f ae cl t sil n ow vcl b dx iy s ao s sil k aa cl p ao r s ix dh ix s ix n sil 
LOG (latgen-faster-mapped[5.4.140~1-1ab3d]:DecodeUtteranceLatticeFaster():decoder-wrappers.cc:286) Log-like per frame for utterance mtbc0_si1803 is 3.86177 over 600 frames.
mtbc0_si543 sil jh ow cl k s cl k aa r cl t uw n z ix n s ih n ih cl k s cl t ix dh cl k aa n cl t er iy sil m ah dh ix z ix n l ao m ey vcl g uh vcl f r eh n s sil 
LOG (latgen-faster-mapped[5.4.140~1-1ab3d]:DecodeUtteranceLatticeFaster():decoder-wrappers.cc:286) Log-like per frame for utterance mtbc0_si543 is 3.87609 over 939 frames.
mtbc0_sx183 sil w ay ey l cl s epi w vcl d ae n iy l aw ah dh er s cl t ix vcl g ow sil 
LOG (latgen-faster-mapped[5.4.140~1-1ab3d]:DecodeUtteranceLatticeFaster():decoder-wrappers.cc:286) Log-like per frame for utterance mtbc0_sx183 is 3.71703 over 515 frames.
mtbc0_sx273 sil dh iy ae ng r vcl b oy ae n s er vcl p ix cl t ih dh l cl k ah cl p sil 
LOG (latgen-faster-mapped[5.4.140~1-1ab3d]:DecodeUtteranceLatticeFaster():decoder-wrappers.cc:286) Log-like per frame for utterance mtbc0_sx273 is 3.7374 over 474 frames.
mtbc0_sx347 sil dh cl p ey sh ih n dh eh n ix s er jh ix n sil aa vcl b el epi r cl k uw cl p er dx ng f r m dh l ng th iy aa cl p er ey sh en sil 
LOG (latgen-faster-mapped[5.4.140~1-1ab3d]:DecodeUtteranceLatticeFaster():decoder-wrappers.cc:286) Log-like per frame for utterance mtbc0_sx347 is 3.7607 over 764 frames.
mtbc0_sx363 sil dh cl k aw w ah n d er vcl f r m ax f aa r m l ae n d hh ix n b ix cl k ey m l ao s cl t sil 
LOG (latgen-faster-mapped[5.4.140~1-1ab3d]:DecodeUtteranceLatticeFaster():decoder-wrappers.cc:286) Log-like per frame for utterance mtbc0_sx363 is 3.86422 over 717 frames.
mtbc0_sx93 sil k ah dx ax s epi m ao l cl k ao r n er ao f iy cl ch eh vcl jh sil 
LOG (latgen-faster-mapped[5.4.140~1-1ab3d]:DecodeUtteranceLatticeFaster():decoder-wrappers.cc:286) Log-like per frame for utterance mtbc0_sx93 is 3.76467 over 447 frames.
mtcs0_si1972 sil p er f ix cl t sil iy th ao cl sil 
LOG (latgen-faster-mapped[5.4.140~1-1ab3d]:DecodeUtteranceLatticeFaster():decoder-wrappers.cc:286) Log-like per frame for utterance mtcs0_si1972 is 3.74161 over 318 frames.
mtcs0_si2265 sil m ae w er m ax m er dx er sil 
LOG (latgen-faster-mapped[5.4.140~1-1ab3d]:DecodeUtteranceLatticeFaster():decoder-wrappers.cc:286) Log-like per frame for utterance mtcs0_si2265 is 4.2086 over 309 frames.
mtcs0_si712 sil aw r f er s epi ix s eh s ix dx iy sil ae cl dh v er iy aw cl s eh dx v w ao er sil ix s cl p ow s ix cl t ae cl k er cl k aa n ax s ix n s sil 
LOG (latgen-faster-mapped[5.4.140~1-1ab3d]:DecodeUtteranceLatticeFaster():decoder-wrappers.cc:286) Log-like per frame for utterance mtcs0_si712 is 3.81228 over 1075 frames.
mtcs0_sx172 sil dh ix cl ch ay f ax m w ao er vcl g z ih v ix cl t ix n ay iy v hh er ow ix z ax m sil 
LOG (latgen-faster-mapped[5.4.140~1-1ab3d]:DecodeUtteranceLatticeFaster():decoder-wrappers.cc:286) Log-like per frame for utterance mtcs0_sx172 is 3.81423 over 557 frames.
mtcs0_sx262 sil t ae n iy ey jh ix s iy ow v er th r ow ey l iy n f ao r s ix s sil 
LOG (latgen-faster-mapped[5.4.140~1-1ab3d]:DecodeUtteranceLatticeFaster():decoder-wrappers.cc:286) Log-like per frame for utterance mtcs0_sx262 is 3.74454 over 473 frames.
mtcs0_sx352 sil ax cl k ao r dx ih n ax m ay n t er vcl b er cl t ey sh ax vcl cl p r aa vcl m sil t uw l ay n z epi m ah s cl p iy cl p er cl p n d ih cl k ix l er sil 
LOG (latgen-faster-mapped[5.4.140~1-1ab3d]:DecodeUtteranceLatticeFaster():decoder-wrappers.cc:286) Log-like per frame for utterance mtcs0_sx352 is 3.84405 over 787 frames.
mtcs0_sx442 sil s vcl b er r hh aw z w ay z ao f cl t ix n s ah f er f r m dh ix vcl g ae vcl hh ae vcl b ix cl t sil 
LOG (latgen-faster-mapped[5.4.140~1-1ab3d]:DecodeUtteranceLatticeFaster():decoder-wrappers.cc:286) Log-like per frame for utterance mtcs0_sx442 is 3.85115 over 705 frames.
mtcs0_sx82 sil g uh vcl s er v ix sh ih vcl b iy r w ao r dx ix vcl b ay vcl b ih vcl t ih cl s sil 
LOG (latgen-faster-mapped[5.4.140~1-1ab3d]:DecodeUtteranceLatticeFaster():decoder-wrappers.cc:286) Log-like per frame for utterance mtcs0_sx82 is 3.96365 over 538 frames.
mtdb0_si1401 sil hh iy hh ow l s dh ih cl d uh vcl n eh s eh n vcl b ae n ix s cl l ay ey n f iy l iy n z ax v uh cl p uw v el ao r vcl d ix s cl p uw v el sil 
LOG (latgen-faster-mapped[5.4.140~1-1ab3d]:DecodeUtteranceLatticeFaster():decoder-wrappers.cc:286) Log-like per frame for utterance mtdb0_si1401 is 3.71171 over 875 frames.
mtdb0_si2031 sil w dx eh v y uw cl t eh l hh ih m hh uw l d aa ay f sil 
LOG (latgen-faster-mapped[5.4.140~1-1ab3d]:DecodeUtteranceLatticeFaster():decoder-wrappers.cc:286) Log-like per frame for utterance mtdb0_si2031 is 3.67267 over 359 frames.
mtdb0_si771 sil f ey s ix z sil m ey vcl b iy m ey dx ix n d cl k ae n d el z vcl b ay f ih l ix n w ix th vcl m ih l t vcl w ay cl k s ix n d ih w ih cl k sil 
LOG (latgen-faster-mapped[5.4.140~1-1ab3d]:DecodeUtteranceLatticeFaster():decoder-wrappers.cc:286) Log-like per frame for utterance mtdb0_si771 is 3.78255 over 907 frames.
mtdb0_sx141 sil p l ah vcl jh cl t cl p er cl t ix s ix cl p ey vcl d ix n v aa dx ah z ax cl k w aa dx ix cl k aa cl dh cl t ih sh en sil 
LOG (latgen-faster-mapped[5.4.140~1-1ab3d]:DecodeUtteranceLatticeFaster():decoder-wrappers.cc:286) Log-like per frame for utterance mtdb0_sx141 is 3.84474 over 664 frames.
mtdb0_sx231 sil ay aw n er m ay m aa m sil 
LOG (latgen-faster-mapped[5.4.140~1-1ab3d]:DecodeUtteranceLatticeFaster():decoder-wrappers.cc:286) Log-like per frame for utterance mtdb0_sx231 is 3.73339 over 244 frames.
mtdb0_sx321 sil dh vcl g r aw m d hh ao vcl k f uw l iy s aa sh ae dx ax vcl b ix cl s d ey dx aw dx el l iy m l m sil sil 
LOG (latgen-faster-mapped[5.4.140~1-1ab3d]:RebuildRepository():determinize-lattice-pruned.cc:283) Rebuilding repository.
LOG (latgen-faster-mapped[5.4.140~1-1ab3d]:RebuildRepository():determinize-lattice-pruned.cc:283) Rebuilding repository.
LOG (latgen-faster-mapped[5.4.140~1-1ab3d]:RebuildRepository():determinize-lattice-pruned.cc:283) Rebuilding repository.
LOG (latgen-faster-mapped[5.4.140~1-1ab3d]:DecodeUtteranceLatticeFaster():decoder-wrappers.cc:286) Log-like per frame for utterance mtdb0_sx321 is 3.5908 over 680 frames.
mtdb0_sx411 sil b ah dx er s cl k aa cl ch f ah vcl jh cl k ow z epi w l vcl w th f ix n l ao ay sh cl k ix sil 
LOG (latgen-faster-mapped[5.4.140~1-1ab3d]:DecodeUtteranceLatticeFaster():decoder-wrappers.cc:286) Log-like per frame for utterance mtdb0_sx411 is 3.6341 over 634 frames.
mtdb0_sx51 sil ae m dh vcl d eh cl s cl t er s cl p ix cl p aa cl k ix cl s ix cl k aw cl p l sh epi m ao er sil 
LOG (latgen-faster-mapped[5.4.140~1-1ab3d]:DecodeUtteranceLatticeFaster():decoder-wrappers.cc:286) Log-like per frame for utterance mtdb0_sx51 is 3.66194 over 516 frames.
mtdp0_si1274 sil ah cl t aa m ih cl ih n er jh iy dx m aw v el z sil 
LOG (latgen-faster-mapped[5.4.140~1-1ab3d]:DecodeUtteranceLatticeFaster():decoder-wrappers.cc:286) Log-like per frame for utterance mtdp0_si1274 is 3.49074 over 346 frames.
mtdp0_si1521 sil hh iy l uh cl dh ow v r eh cl hh aw m l ay ng dh er s iy cl p sil ae n hh iy f eh l vcl ey w ey v ax r v aa l sh ix n sil 
LOG (latgen-faster-mapped[5.4.140~1-1ab3d]:RebuildRepository():determinize-lattice-pruned.cc:283) Rebuilding repository.
LOG (latgen-faster-mapped[5.4.140~1-1ab3d]:DecodeUtteranceLatticeFaster():decoder-wrappers.cc:286) Log-like per frame for utterance mtdp0_si1521 is 3.68984 over 977 frames.
mtdp0_si2151 sil hh iy s ae ng cl b ae cl k s ay iy ng ae n w ax s uw n sil ax s l iy cl p ix vcl g iy ae n sil 
LOG (latgen-faster-mapped[5.4.140~1-1ab3d]:DecodeUtteranceLatticeFaster():decoder-wrappers.cc:286) Log-like per frame for utterance mtdp0_si2151 is 3.71557 over 756 frames.
mtdp0_sx171 sil dh ix vcl d ay vcl n ow s ix z w z ix s cl k er cl ch ix ng sil hh aa eh v er sil y w z n aa cl ow v l iy w er iy vcl 
LOG (latgen-faster-mapped[5.4.140~1-1ab3d]:DecodeUtteranceLatticeFaster():decoder-wrappers.cc:286) Log-like per frame for utterance mtdp0_sx171 is 3.66639 over 911 frames.
mtdp0_sx261 sil iy y uw dh ae v iy y l ah ow n m ix n r ey dx iy sil 
LOG (latgen-faster-mapped[5.4.140~1-1ab3d]:RebuildRepository():determinize-lattice-pruned.cc:283) Rebuilding repository.
LOG (latgen-faster-mapped[5.4.140~1-1ab3d]:RebuildRepository():determinize-lattice-pruned.cc:283) Rebuilding repository.
LOG (latgen-faster-mapped[5.4.140~1-1ab3d]:RebuildRepository():determinize-lattice-pruned.cc:283) Rebuilding repository.
LOG (latgen-faster-mapped[5.4.140~1-1ab3d]:RebuildRepository():determinize-lattice-pruned.cc:283) Rebuilding repository.
LOG (latgen-faster-mapped[5.4.140~1-1ab3d]:RebuildRepository():determinize-lattice-pruned.cc:283) Rebuilding repository.
WARNING (latgen-faster-mapped[5.4.140~1-1ab3d]:CheckMemoryUsage():determinize-lattice-pruned.cc:316) Did not reach requested beam in determinize-lattice: size exceeds maximum 20000000 bytes; (repo,arcs,elems) = (12543520,366144,7103832), after rebuilding, repo size was 9428832, effective beam was 9.78595 vs. requested beam 10
WARNING (latgen-faster-mapped[5.4.140~1-1ab3d]:DecodeUtteranceLatticeFaster():decoder-wrappers.cc:274) Determinization finished earlier than the beam for utterance mtdp0_sx261
LOG (latgen-faster-mapped[5.4.140~1-1ab3d]:DecodeUtteranceLatticeFaster():decoder-wrappers.cc:286) Log-like per frame for utterance mtdp0_sx261 is 3.47582 over 429 frames.
mtdp0_sx351 sil d ah n uw sil s eh vcl b er n ay cl s w er cl d hh aa d ao n r iy f er sh ng dh er ow vcl d er hh ow m sil 
LOG (latgen-faster-mapped[5.4.140~1-1ab3d]:RebuildRepository():determinize-lattice-pruned.cc:283) Rebuilding repository.
LOG (latgen-faster-mapped[5.4.140~1-1ab3d]:DecodeUtteranceLatticeFaster():decoder-wrappers.cc:286) Log-like per frame for utterance mtdp0_sx351 is 3.72832 over 1048 frames.
mtdp0_sx441 sil sil d ow n l uh cl k f uh vcl g r uw cl v ay y vcl b el z sil ix n ey vcl b ae ng cl sil p ao l d sil 
LOG (latgen-faster-mapped[5.4.140~1-1ab3d]:RebuildRepository():determinize-lattice-pruned.cc:283) Rebuilding repository.
LOG (latgen-faster-mapped[5.4.140~1-1ab3d]:DecodeUtteranceLatticeFaster():decoder-wrappers.cc:286) Log-like per frame for utterance mtdp0_sx441 is 3.46205 over 769 frames.
mtdp0_sx81 sil ih s ax m cl p aa s ax vcl b el cl t uw vcl d ih ow w ih v sil b ih r aa cl k er s iy sil 
LOG (latgen-faster-mapped[5.4.140~1-1ab3d]:DecodeUtteranceLatticeFaster():decoder-wrappers.cc:286) Log-like per frame for utterance mtdp0_sx81 is 3.64107 over 604 frames.
mter0_si1157 sil b ah cl k uw s ih dx er vcl w th ih n cl t eh cl ix cl k el s cl t r aa ah m iy cl sil vcl d er f er n cl p ae dx er n cl k ae m b iy cl t r iy s cl s sil 
LOG (latgen-faster-mapped[5.4.140~1-1ab3d]:DecodeUtteranceLatticeFaster():decoder-wrappers.cc:286) Log-like per frame for utterance mter0_si1157 is 3.70544 over 872 frames.
mter0_si1787 sil ix cl s cl p r hh ae cl s m aw f m hh ih er w er w iy s eh cl sil 
LOG (latgen-faster-mapped[5.4.140~1-1ab3d]:DecodeUtteranceLatticeFaster():decoder-wrappers.cc:286) Log-like per frame for utterance mter0_si1787 is 3.7871 over 538 frames.
mter0_si527 sil dh vcl b uw ih s ix z eh l cl sil f el sil b ah dx ih n ae ix cl k w cl sil 
LOG (latgen-faster-mapped[5.4.140~1-1ab3d]:DecodeUtteranceLatticeFaster():decoder-wrappers.cc:286) Log-like per frame for utterance mter0_si527 is 3.72226 over 596 frames.
mter0_sx167 sil ix m cl p l ey l ey ao s cl k ow ah n s ay dx uw vcl w ix cl dh ix cl k ah cl p ix n iy zh r iy er vcl n ix z ey sh en sil 
LOG (latgen-faster-mapped[5.4.140~1-1ab3d]:DecodeUtteranceLatticeFaster():decoder-wrappers.cc:286) Log-like per frame for utterance mter0_sx167 is 3.77912 over 762 frames.
mter0_sx17 sil k aa r l ih v z ix n ax l ay v l iy hh ow m sil 
LOG (latgen-faster-mapped[5.4.140~1-1ab3d]:DecodeUtteranceLatticeFaster():decoder-wrappers.cc:286) Log-like per frame for utterance mter0_sx17 is 3.61732 over 387 frames.
mter0_sx257 sil w iy er r ow cl p ah n eh v r iy m ah n iy iy v iy ng sil 
LOG (latgen-faster-mapped[5.4.140~1-1ab3d]:DecodeUtteranceLatticeFaster():decoder-wrappers.cc:286) Log-like per frame for utterance mter0_sx257 is 3.83148 over 482 frames.
mter0_sx437 sil dh iy uw ih z d eh n ng vcl g r eh s iy th cl p l iy s epi m ix n cl t uw f l ay vcl sil f aa cl l ah s epi m ow dx er s sil 
LOG (latgen-faster-mapped[5.4.140~1-1ab3d]:DecodeUtteranceLatticeFaster():decoder-wrappers.cc:286) Log-like per frame for utterance mter0_sx437 is 3.85515 over 816 frames.
mter0_sx77 sil b ae vcl b ay vcl p s ih n b ao ng g ow z er m y ih z ix cl k l ix n s cl t er m ix cl s sil 
LOG (latgen-faster-mapped[5.4.140~1-1ab3d]:DecodeUtteranceLatticeFaster():decoder-wrappers.cc:286) Log-like per frame for utterance mter0_sx77 is 3.78906 over 573 frames.
mtjg0_si1520 sil s ah m ah dx iy l hh ae f cl t ix s cl t r cl th ih n cl k ix n sil 
LOG (latgen-faster-mapped[5.4.140~1-1ab3d]:DecodeUtteranceLatticeFaster():decoder-wrappers.cc:286) Log-like per frame for utterance mtjg0_si1520 is 3.61815 over 380 frames.
mtjg0_si2157 sil hh uw w vcl t ey cl k ow v er sil 
LOG (latgen-faster-mapped[5.4.140~1-1ab3d]:DecodeUtteranceLatticeFaster():decoder-wrappers.cc:286) Log-like per frame for utterance mtjg0_si2157 is 3.91965 over 269 frames.
mtjg0_si890 sil b ah w ay z ix n eh s ix s er dx er r cl p er dx uw s r eh cl dh el ix m ih vcl jh w th ix n ax vcl b r ey n sil 
LOG (latgen-faster-mapped[5.4.140~1-1ab3d]:RebuildRepository():determinize-lattice-pruned.cc:283) Rebuilding repository.
LOG (latgen-faster-mapped[5.4.140~1-1ab3d]:RebuildRepository():determinize-lattice-pruned.cc:283) Rebuilding repository.
LOG (latgen-faster-mapped[5.4.140~1-1ab3d]:DecodeUtteranceLatticeFaster():decoder-wrappers.cc:286) Log-like per frame for utterance mtjg0_si890 is 3.72477 over 740 frames.
mtjg0_sx170 sil dh m ay eh n ih cl k l ae s ix cl s cl k aa l eh vcl ix s ix cl p ih er dx w l s er v ey ng ey sh n r uw ax n s sil 
LOG (latgen-faster-mapped[5.4.140~1-1ab3d]:DecodeUtteranceLatticeFaster():decoder-wrappers.cc:286) Log-like per frame for utterance mtjg0_sx170 is 3.75367 over 871 frames.
mtjg0_sx260 sil r m eh m er cl t uw ax l ao ay dx eh n ix cl k el cl t w ih n z cl t eh n cl t er f r l iy sil 
LOG (latgen-faster-mapped[5.4.140~1-1ab3d]:DecodeUtteranceLatticeFaster():decoder-wrappers.cc:286) Log-like per frame for utterance mtjg0_sx260 is 3.62653 over 572 frames.
mtjg0_sx350 sil m eh dx iy w l th iy cl t ay cl k uw n s cl p l er jh cl d eh n b ao cl b ow th y aa cl t eh n ix s cl k uw n er sil 
LOG (latgen-faster-mapped[5.4.140~1-1ab3d]:DecodeUtteranceLatticeFaster():decoder-wrappers.cc:286) Log-like per frame for utterance mtjg0_sx350 is 3.78936 over 765 frames.
mtjg0_sx440 sil dh iy ae dx er cl t ay z ng v er s ax cl p l ih m ix th r ay dx iy s cl t ao r n eh v er cl ch ey jh ix s sil 
LOG (latgen-faster-mapped[5.4.140~1-1ab3d]:DecodeUtteranceLatticeFaster():decoder-wrappers.cc:286) Log-like per frame for utterance mtjg0_sx440 is 3.7509 over 760 frames.
mtjg0_sx80 sil ix cl s ih l iy l d ax cl p ow s cl d ey dx ix cl ch eh cl k sil 
LOG (latgen-faster-mapped[5.4.140~1-1ab3d]:DecodeUtteranceLatticeFaster():decoder-wrappers.cc:286) Log-like per frame for utterance mtjg0_sx80 is 3.63878 over 391 frames.
mtjm0_si1226 sil dh w iy l ow s ow sh l ay s cl b ah n er r aw n dh ax r oy l ax ao er s cl t cl k ae dx ix cl k s ae n er sil 
LOG (latgen-faster-mapped[5.4.140~1-1ab3d]:DecodeUtteranceLatticeFaster():decoder-wrappers.cc:286) Log-like per frame for utterance mtjm0_si1226 is 3.74846 over 762 frames.
mtjm0_si1856 sil hh er ay z r vcl g l ey ih z t ix z ah sh iy vcl d ih en n hh ih er r iy v n s iy hh eh m sil 
LOG (latgen-faster-mapped[5.4.140~1-1ab3d]:RebuildRepository():determinize-lattice-pruned.cc:283) Rebuilding repository.
LOG (latgen-faster-mapped[5.4.140~1-1ab3d]:RebuildRepository():determinize-lattice-pruned.cc:283) Rebuilding repository.
LOG (latgen-faster-mapped[5.4.140~1-1ab3d]:DecodeUtteranceLatticeFaster():decoder-wrappers.cc:286) Log-like per frame for utterance mtjm0_si1856 is 3.74452 over 694 frames.
mtjm0_si655 sil y ih cl t ix s cl p er w cl ch l uw z ix n k m y ih dx iy ix s epi n aw ay vcl d eh n ix cl k l w ix th ix cl k m y ix sil 
LOG (latgen-faster-mapped[5.4.140~1-1ab3d]:RebuildRepository():determinize-lattice-pruned.cc:283) Rebuilding repository.
LOG (latgen-faster-mapped[5.4.140~1-1ab3d]:DecodeUtteranceLatticeFaster():decoder-wrappers.cc:286) Log-like per frame for utterance mtjm0_si655 is 3.55474 over 770 frames.
mtjm0_sx146 sil s ix cl k ax cl k ow cl p ow vcl ae m z epi el n eh v er cl k m p ay l sil 
LOG (latgen-faster-mapped[5.4.140~1-1ab3d]:DecodeUtteranceLatticeFaster():decoder-wrappers.cc:286) Log-like per frame for utterance mtjm0_sx146 is 3.60575 over 474 frames.
mtjm0_sx236 sil k l er cl p ix n ah n s iy ey sh n ix z ix cl p iy sh ix vcl sil 
LOG (latgen-faster-mapped[5.4.140~1-1ab3d]:DecodeUtteranceLatticeFaster():decoder-wrappers.cc:286) Log-like per frame for utterance mtjm0_sx236 is 3.69133 over 438 frames.
mtjm0_sx326 sil s cl d iy v cl k l eh cl s r er eh n aw v el cl k oy n s sil 
LOG (latgen-faster-mapped[5.4.140~1-1ab3d]:DecodeUtteranceLatticeFaster():decoder-wrappers.cc:286) Log-like per frame for utterance mtjm0_sx326 is 3.84236 over 556 frames.
mtjm0_sx416 sil ah hh y uw vcl jh cl p aw er aw dx ix vcl jh epi r l iy ih cl k er z sil 
LOG (latgen-faster-mapped[5.4.140~1-1ab3d]:DecodeUtteranceLatticeFaster():decoder-wrappers.cc:286) Log-like per frame for utterance mtjm0_sx416 is 3.77778 over 514 frames.
mtjm0_sx56 sil ae cl k ix vcl d eh m ix cl k ae cl t ix cl t uw vcl k eh m t iy zh er vcl d ix cl p l ow m l sil 
LOG (latgen-faster-mapped[5.4.140~1-1ab3d]:DecodeUtteranceLatticeFaster():decoder-wrappers.cc:286) Log-like per frame for utterance mtjm0_sx56 is 3.67857 over 547 frames.
mtjs0_si1192 sil s ow v cl k oy s hh iy s d ey vcl p ao cl sil 
LOG (latgen-faster-mapped[5.4.140~1-1ab3d]:DecodeUtteranceLatticeFaster():decoder-wrappers.cc:286) Log-like per frame for utterance mtjs0_si1192 is 3.85664 over 468 frames.
mtjs0_si1822 sil b ah cl t ih dh iy ix f y r iy ey sh n ah v s ay n cl t ix s sil f ah n ow n ow n r iy z ix n n aa cl ao l dh eh m vcl d ih vcl sil 
LOG (latgen-faster-mapped[5.4.140~1-1ab3d]:DecodeUtteranceLatticeFaster():decoder-wrappers.cc:286) Log-like per frame for utterance mtjs0_si1822 is 3.8546 over 1158 frames.
mtjs0_si562 sil f ae m l iy l oy l cl t iy z ng k w aa cl p cl t v w er cl k eh v ix n ah n b r ow cl k n f vcl jh eh n er ey sh en s sil 
LOG (latgen-faster-mapped[5.4.140~1-1ab3d]:DecodeUtteranceLatticeFaster():decoder-wrappers.cc:286) Log-like per frame for utterance mtjs0_si562 is 3.80205 over 971 frames.
mtjs0_sx112 sil sil t ah vcl b ow cl t ix cl k ey vcl ax vcl b el v hh ao l ng hh uw jh l ow vcl s sil 
LOG (latgen-faster-mapped[5.4.140~1-1ab3d]:DecodeUtteranceLatticeFaster():decoder-wrappers.cc:286) Log-like per frame for utterance mtjs0_sx112 is 3.77256 over 666 frames.
mtjs0_sx202 sil ah m ah cl ch ax l aw ax s cl d y uw vcl g eh cl sil 
LOG (latgen-faster-mapped[5.4.140~1-1ab3d]:DecodeUtteranceLatticeFaster():decoder-wrappers.cc:286) Log-like per frame for utterance mtjs0_sx202 is 3.76334 over 432 frames.
mtjs0_sx22 sil w n ao l l s f ey l z y uw z f ao s sil 
LOG (latgen-faster-mapped[5.4.140~1-1ab3d]:DecodeUtteranceLatticeFaster():decoder-wrappers.cc:286) Log-like per frame for utterance mtjs0_sx22 is 3.79826 over 424 frames.
mtjs0_sx292 sil dh iy z ix cl k s cl k l uw s v vcl d aa cl k m ix n s m ah s cl b iy l ao cl ah cl p ah cl ao l cl t ay m s sil 
LOG (latgen-faster-mapped[5.4.140~1-1ab3d]:DecodeUtteranceLatticeFaster():decoder-wrappers.cc:286) Log-like per frame for utterance mtjs0_sx292 is 3.66428 over 747 frames.
mtjs0_sx382 sil sil jh ao r vcl jh ix z cl p eh er n oy vcl d ix vcl b aw dx ax f iy cl ch er vcl g ae sh ao dx ix vcl jh sil 
LOG (latgen-faster-mapped[5.4.140~1-1ab3d]:DecodeUtteranceLatticeFaster():decoder-wrappers.cc:286) Log-like per frame for utterance mtjs0_sx382 is 3.86259 over 808 frames.
mtju0_si2020 sil y l vcl w ax m ix n ax r ow s cl t ih f l iy ix n l eh vcl m iy cl t uw cl k uh er ng sil w er s epi m el hh ah cl s cl t uh vcl sil 
LOG (latgen-faster-mapped[5.4.140~1-1ab3d]:RebuildRepository():determinize-lattice-pruned.cc:283) Rebuilding repository.
LOG (latgen-faster-mapped[5.4.140~1-1ab3d]:DecodeUtteranceLatticeFaster():decoder-wrappers.cc:286) Log-like per frame for utterance mtju0_si2020 is 3.43444 over 829 frames.
mtju0_si2269 sil k uh dx ix cl jh uw ah dh er w ay z sil 
LOG (latgen-faster-mapped[5.4.140~1-1ab3d]:DecodeUtteranceLatticeFaster():decoder-wrappers.cc:286) Log-like per frame for utterance mtju0_si2269 is 3.61366 over 299 frames.
mtju0_si760 sil l cl p ey cl k ae n cl t l cl ix n cl t eh n s cl p er cl w vcl b r aw n w y uw z cl sil 
LOG (latgen-faster-mapped[5.4.140~1-1ab3d]:DecodeUtteranceLatticeFaster():decoder-wrappers.cc:286) Log-like per frame for utterance mtju0_si760 is 3.65487 over 628 frames.
mtju0_sx130 sil hh iy ey cl f ao ao eh cl sh t er ey vcl z f ow vcl b r eh cl f ix s cl t sil 
LOG (latgen-faster-mapped[5.4.140~1-1ab3d]:DecodeUtteranceLatticeFaster():decoder-wrappers.cc:286) Log-like per frame for utterance mtju0_sx130 is 3.64004 over 492 frames.
mtju0_sx220 sil dh m ow s d r iy sh ix n cl jh iy l aa vcl d cl k el s er v ey f aw n s aa epi m ix cl ae cl t ix dh ix sil 
LOG (latgen-faster-mapped[5.4.140~1-1ab3d]:DecodeUtteranceLatticeFaster():decoder-wrappers.cc:286) Log-like per frame for utterance mtju0_sx220 is 3.5145 over 674 frames.
mtju0_sx310 sil t ax uh vcl d ax cl d vcl jh iy cl p sil sil w ix s cl t iy m ng ix n hh aa cl s ah n sil 
LOG (latgen-faster-mapped[5.4.140~1-1ab3d]:RebuildRepository():determinize-lattice-pruned.cc:283) Rebuilding repository.
LOG (latgen-faster-mapped[5.4.140~1-1ab3d]:DecodeUtteranceLatticeFaster():decoder-wrappers.cc:286) Log-like per frame for utterance mtju0_sx310 is 3.59994 over 528 frames.
mtju0_sx40 sil s cl t ih m y l eh dx ng cl d ix s cl g ah sh n z cl k iy cl p s cl t uw vcl en z ax cl t eh n sh en sil 
LOG (latgen-faster-mapped[5.4.140~1-1ab3d]:DecodeUtteranceLatticeFaster():decoder-wrappers.cc:286) Log-like per frame for utterance mtju0_sx40 is 3.58203 over 528 frames.
mtju0_sx400 sil ch ah s cl k r aa cl n ow vcl ix s ix z cl ix n eh n iy s vcl ch eh sh jh ix m b aa cl s sil 
LOG (latgen-faster-mapped[5.4.140~1-1ab3d]:RebuildRepository():determinize-lattice-pruned.cc:283) Rebuilding repository.
LOG (latgen-faster-mapped[5.4.140~1-1ab3d]:RebuildRepository():determinize-lattice-pruned.cc:283) Rebuilding repository.
LOG (latgen-faster-mapped[5.4.140~1-1ab3d]:RebuildRepository():determinize-lattice-pruned.cc:283) Rebuilding repository.
WARNING (latgen-faster-mapped[5.4.140~1-1ab3d]:CheckMemoryUsage():determinize-lattice-pruned.cc:316) Did not reach requested beam in determinize-lattice: size exceeds maximum 20000000 bytes; (repo,arcs,elems) = (12844352,370240,6833928), after rebuilding, repo size was 9769024, effective beam was 9.82968 vs. requested beam 10
WARNING (latgen-faster-mapped[5.4.140~1-1ab3d]:DecodeUtteranceLatticeFaster():decoder-wrappers.cc:274) Determinization finished earlier than the beam for utterance mtju0_sx400
LOG (latgen-faster-mapped[5.4.140~1-1ab3d]:DecodeUtteranceLatticeFaster():decoder-wrappers.cc:286) Log-like per frame for utterance mtju0_sx400 is 3.5904 over 583 frames.
mtkd0_si1187 sil hh iy ih vcl v ay z cl t ix m iy dx iy ih hh aa s cl p dx l z ey sh en sil 
LOG (latgen-faster-mapped[5.4.140~1-1ab3d]:DecodeUtteranceLatticeFaster():decoder-wrappers.cc:286) Log-like per frame for utterance mtkd0_si1187 is 3.95835 over 529 frames.
mtkd0_si1817 sil m ah vcl b ax l aa v uh dx w ao r m ay cl p er r eh n iy l vcl g ae f ay s eh vcl d w ay n iy n v oy s sil 
LOG (latgen-faster-mapped[5.4.140~1-1ab3d]:DecodeUtteranceLatticeFaster():decoder-wrappers.cc:286) Log-like per frame for utterance mtkd0_si1817 is 3.76489 over 779 frames.
mtkd0_si630 sil w dx uh vcl d ix s cl k ah sh n cl k ae n ih n s uw w ix n dh ix cl t ay dx l dh ih s cl t ay cl p ax v s ao ng ih z ix ng k w eh sh ix n sil 
LOG (latgen-faster-mapped[5.4.140~1-1ab3d]:DecodeUtteranceLatticeFaster():decoder-wrappers.cc:286) Log-like per frame for utterance mtkd0_si630 is 3.92915 over 975 frames.
mtkd0_sx107 sil b er cl dh ih cl p aa r iy s ae v cl k ah cl k ey cl s eh n ay s cl t r ix vcl sil 
LOG (latgen-faster-mapped[5.4.140~1-1ab3d]:DecodeUtteranceLatticeFaster():decoder-wrappers.cc:286) Log-like per frame for utterance mtkd0_sx107 is 3.81001 over 616 frames.
mtkd0_sx17 sil k aa r l ih v s ix n l ay v l iy hh ow m sil 
LOG (latgen-faster-mapped[5.4.140~1-1ab3d]:DecodeUtteranceLatticeFaster():decoder-wrappers.cc:286) Log-like per frame for utterance mtkd0_sx17 is 3.82942 over 450 frames.
mtkd0_sx197 sil d r aa iy cl ch cl k r ae f ah n ix n uw ae cl k s ix s sil sil 
LOG (latgen-faster-mapped[5.4.140~1-1ab3d]:DecodeUtteranceLatticeFaster():decoder-wrappers.cc:286) Log-like per frame for utterance mtkd0_sx197 is 4.03468 over 525 frames.
mtkd0_sx287 sil ix n dh l ao ng r aa n sil ih cl p ey s cl t vcl b ay cl k ao l dx iy cl k l el ix ng sil 
LOG (latgen-faster-mapped[5.4.140~1-1ab3d]:DecodeUtteranceLatticeFaster():decoder-wrappers.cc:286) Log-like per frame for utterance mtkd0_sx287 is 3.87875 over 787 frames.
mtkd0_sx377 sil sh y l oy z jh ow cl k s vcl b aa cl t uw m ah cl ch cl g aa r ix cl k ix n ix z f uw vcl sil 
LOG (latgen-faster-mapped[5.4.140~1-1ab3d]:DecodeUtteranceLatticeFaster():decoder-wrappers.cc:286) Log-like per frame for utterance mtkd0_sx377 is 3.83496 over 616 frames.
mtkp0_si1023 sil s ah cl ch ix n ae n ax m ao w s eh vcl d vcl b iy m iy l iy n ow s cl t sil 
LOG (latgen-faster-mapped[5.4.140~1-1ab3d]:DecodeUtteranceLatticeFaster():decoder-wrappers.cc:286) Log-like per frame for utterance mtkp0_si1023 is 3.8592 over 592 frames.
mtkp0_si2283 sil ih n uw z ay dx ax m z ax m ae n ax z l eh s aa f ix n sh aa dh ih n ax vcl b aa dx iy er hh eh vcl d sil dh n ih n ax s ah v er m s sil 
LOG (latgen-faster-mapped[5.4.140~1-1ab3d]:RebuildRepository():determinize-lattice-pruned.cc:283) Rebuilding repository.
LOG (latgen-faster-mapped[5.4.140~1-1ab3d]:RebuildRepository():determinize-lattice-pruned.cc:283) Rebuilding repository.
LOG (latgen-faster-mapped[5.4.140~1-1ab3d]:DecodeUtteranceLatticeFaster():decoder-wrappers.cc:286) Log-like per frame for utterance mtkp0_si2283 is 3.77898 over 1046 frames.
mtkp0_si454 sil ix f y vcl d ih s r oy cl k aa f n ah s n b ae ng k s sil y dx uw s ah m th ng cl t uw dh iy cl k aa n ix m iy hh uw s eh vcl 
LOG (latgen-faster-mapped[5.4.140~1-1ab3d]:RebuildRepository():determinize-lattice-pruned.cc:283) Rebuilding repository.
LOG (latgen-faster-mapped[5.4.140~1-1ab3d]:RebuildRepository():determinize-lattice-pruned.cc:283) Rebuilding repository.
LOG (latgen-faster-mapped[5.4.140~1-1ab3d]:DecodeUtteranceLatticeFaster():decoder-wrappers.cc:286) Log-like per frame for utterance mtkp0_si454 is 3.65114 over 874 frames.
mtkp0_sx123 sil s cl k r uw vcl r ay v er z m ey vcl f m v aa vcl k eh n ao r n jh jh uw s sil 
LOG (latgen-faster-mapped[5.4.140~1-1ab3d]:DecodeUtteranceLatticeFaster():decoder-wrappers.cc:286) Log-like per frame for utterance mtkp0_sx123 is 3.75753 over 584 frames.
mtkp0_sx213 sil dh n iy z ey zh ix n s iy hh ay er dx er vcl g r ey vcl jh er n ax s cl sil 
LOG (latgen-faster-mapped[5.4.140~1-1ab3d]:DecodeUtteranceLatticeFaster():decoder-wrappers.cc:286) Log-like per frame for utterance mtkp0_sx213 is 3.62706 over 522 frames.
mtkp0_sx303 sil dh vcl b l uw vcl jh ey f l uw ow v ax dh ay vcl v ih l d ix ng sil 
LOG (latgen-faster-mapped[5.4.140~1-1ab3d]:RebuildRepository():determinize-lattice-pruned.cc:283) Rebuilding repository.
LOG (latgen-faster-mapped[5.4.140~1-1ab3d]:DecodeUtteranceLatticeFaster():decoder-wrappers.cc:286) Log-like per frame for utterance mtkp0_sx303 is 3.66021 over 472 frames.
mtkp0_sx33 sil k ow cl k ix m ay cl k r ey m cl p ay ae m eh cl k s ix n ay s d ix z er cl sil 
LOG (latgen-faster-mapped[5.4.140~1-1ab3d]:DecodeUtteranceLatticeFaster():decoder-wrappers.cc:286) Log-like per frame for utterance mtkp0_sx33 is 3.73598 over 504 frames.
mtkp0_sx393 sil sh iy uw z ix z vcl b ow th epi m ey m z ix n er cl ch ey jh vcl b l iy sil 
LOG (latgen-faster-mapped[5.4.140~1-1ab3d]:DecodeUtteranceLatticeFaster():decoder-wrappers.cc:286) Log-like per frame for utterance mtkp0_sx393 is 3.88884 over 482 frames.
mtlb0_si1134 sil ih n d uw ih vcl jh ow hh y w ix s cl t r ng dh ix z n iy ih cl t ix cl p ih cl eh vcl g ae s cl t ae iy n hh y m ng cl k ix n ih sh ix n sil 
LOG (latgen-faster-mapped[5.4.140~1-1ab3d]:RebuildRepository():determinize-lattice-pruned.cc:283) Rebuilding repository.
LOG (latgen-faster-mapped[5.4.140~1-1ab3d]:DecodeUtteranceLatticeFaster():decoder-wrappers.cc:286) Log-like per frame for utterance mtlb0_si1134 is 3.64879 over 879 frames.
mtlb0_si1764 sil s ow cl k cl ah cl p l ow cl k el cl k ah l er sil 
LOG (latgen-faster-mapped[5.4.140~1-1ab3d]:DecodeUtteranceLatticeFaster():decoder-wrappers.cc:286) Log-like per frame for utterance mtlb0_si1764 is 3.7983 over 364 frames.
mtlb0_si504 sil w er dx y cl p uh cl dh l ay dx er f l ih dx hh aa hh aa sil 
LOG (latgen-faster-mapped[5.4.140~1-1ab3d]:DecodeUtteranceLatticeFaster():decoder-wrappers.cc:286) Log-like per frame for utterance mtlb0_si504 is 3.84923 over 499 frames.
mtlb0_sx144 sil dh w l ax w iy w ao m ih n w ao er m ah s cl g r ae cl k ow cl sil 
LOG (latgen-faster-mapped[5.4.140~1-1ab3d]:RebuildRepository():determinize-lattice-pruned.cc:283) Rebuilding repository.
LOG (latgen-faster-mapped[5.4.140~1-1ab3d]:RebuildRepository():determinize-lattice-pruned.cc:283) Rebuilding repository.
LOG (latgen-faster-mapped[5.4.140~1-1ab3d]:RebuildRepository():determinize-lattice-pruned.cc:283) Rebuilding repository.
LOG (latgen-faster-mapped[5.4.140~1-1ab3d]:RebuildRepository():determinize-lattice-pruned.cc:283) Rebuilding repository.
WARNING (latgen-faster-mapped[5.4.140~1-1ab3d]:CheckMemoryUsage():determinize-lattice-pruned.cc:316) Did not reach requested beam in determinize-lattice: size exceeds maximum 20000000 bytes; (repo,arcs,elems) = (12761568,307328,6966768), after rebuilding, repo size was 9842848, effective beam was 9.65186 vs. requested beam 10
WARNING (latgen-faster-mapped[5.4.140~1-1ab3d]:DecodeUtteranceLatticeFaster():decoder-wrappers.cc:274) Determinization finished earlier than the beam for utterance mtlb0_sx144
LOG (latgen-faster-mapped[5.4.140~1-1ab3d]:DecodeUtteranceLatticeFaster():decoder-wrappers.cc:286) Log-like per frame for utterance mtlb0_sx144 is 3.73705 over 520 frames.
mtlb0_sx234 sil dh ax cl p ey vcl b er vcl b oy vcl b ao cl t uw ae cl p el z ng th r iy ay s ix z sil 
LOG (latgen-faster-mapped[5.4.140~1-1ab3d]:DecodeUtteranceLatticeFaster():decoder-wrappers.cc:286) Log-like per frame for utterance mtlb0_sx234 is 3.72536 over 540 frames.
mtlb0_sx324 sil dh l ow cl k uh vcl d r ah vcl g s cl t ao r w ix s cl ch r r ix dh l iy l iy vcl d ix s cl p ih n s iy n cl t w ay cl k l ay z er z sil 
LOG (latgen-faster-mapped[5.4.140~1-1ab3d]:DecodeUtteranceLatticeFaster():decoder-wrappers.cc:286) Log-like per frame for utterance mtlb0_sx324 is 3.65629 over 842 frames.
mtlb0_sx414 sil ay r ih sh ah r s ix z iy cl f r eh sh cl k ih cl p er z f er vcl b r eh cl k f ix s cl t sil 
LOG (latgen-faster-mapped[5.4.140~1-1ab3d]:DecodeUtteranceLatticeFaster():decoder-wrappers.cc:286) Log-like per frame for utterance mtlb0_sx414 is 3.76149 over 570 frames.
mtlb0_sx54 sil dh iy s cl ch ng cl k ow s ix z ax cl p ey f er cl p ih er cl p l eh zh er ix cl k s ay vcl m ix n sil 
LOG (latgen-faster-mapped[5.4.140~1-1ab3d]:DecodeUtteranceLatticeFaster():decoder-wrappers.cc:286) Log-like per frame for utterance mtlb0_sx54 is 3.80359 over 673 frames.
mtlc0_si1313 sil k l iy n cl k ao th m ah s cl p iy cl p er cl t eh cl dh ix dx ix vcl g ih n z dh r iy vcl d ih cl dh z ih sh en ah v cl t ix s cl p er s cl s oy l sil 
LOG (latgen-faster-mapped[5.4.140~1-1ab3d]:RebuildRepository():determinize-lattice-pruned.cc:283) Rebuilding repository.
LOG (latgen-faster-mapped[5.4.140~1-1ab3d]:DecodeUtteranceLatticeFaster():decoder-wrappers.cc:286) Log-like per frame for utterance mtlc0_si1313 is 3.65322 over 842 frames.
mtlc0_si1477 sil ih dx r iy cl w er vcl d ih n ix n er vcl jh iy hh iy n ow l ao vcl g er cl p z eh s sil t ix vcl b iy s ix cl t er cl k el ax vcl b aa dx ix z f aa dh er sil 
LOG (latgen-faster-mapped[5.4.140~1-1ab3d]:DecodeUtteranceLatticeFaster():decoder-wrappers.cc:286) Log-like per frame for utterance mtlc0_si1477 is 3.7327 over 932 frames.
mtlc0_si847 sil ih z ix l aa r vcl jh er f ae n s iy er sil dh eh n y r l iy n iy d sil 
LOG (latgen-faster-mapped[5.4.140~1-1ab3d]:DecodeUtteranceLatticeFaster():decoder-wrappers.cc:286) Log-like per frame for utterance mtlc0_si847 is 3.79004 over 523 frames.
mtlc0_sx127 sil dh iy m cl p er ae dx ix m iy n cl t eh m cl p er sil 
LOG (latgen-faster-mapped[5.4.140~1-1ab3d]:DecodeUtteranceLatticeFaster():decoder-wrappers.cc:286) Log-like per frame for utterance mtlc0_sx127 is 3.96836 over 318 frames.
mtlc0_sx217 sil hh aw cl p er m n ix cl t sil aa dh eh r eh cl k er cl t s sil 
LOG (latgen-faster-mapped[5.4.140~1-1ab3d]:DecodeUtteranceLatticeFaster():decoder-wrappers.cc:286) Log-like per frame for utterance mtlc0_sx217 is 3.5989 over 391 frames.
mtlc0_sx307 sil dh ix m iy vcl d iy ng ix z n aw vcl jh er n vcl d sil 
LOG (latgen-faster-mapped[5.4.140~1-1ab3d]:DecodeUtteranceLatticeFaster():decoder-wrappers.cc:286) Log-like per frame for utterance mtlc0_sx307 is 3.86568 over 307 frames.
mtlc0_sx37 sil k er ix cl k el ax cl k uh cl b ah n cl sil n iy cl s cl p aa cl p er m ey n ix cl t s sil 
LOG (latgen-faster-mapped[5.4.140~1-1ab3d]:RebuildRepository():determinize-lattice-pruned.cc:283) Rebuilding repository.
LOG (latgen-faster-mapped[5.4.140~1-1ab3d]:RebuildRepository():determinize-lattice-pruned.cc:283) Rebuilding repository.
LOG (latgen-faster-mapped[5.4.140~1-1ab3d]:DecodeUtteranceLatticeFaster():decoder-wrappers.cc:286) Log-like per frame for utterance mtlc0_sx37 is 3.50258 over 502 frames.
mtlc0_sx397 sil t ih m cl t ey sh iy l ah cl t ix s iy m uw v iy z cl epi w oy s w iy sil sil 
LOG (latgen-faster-mapped[5.4.140~1-1ab3d]:DecodeUtteranceLatticeFaster():decoder-wrappers.cc:286) Log-like per frame for utterance mtlc0_sx397 is 3.8166 over 497 frames.
mtml0_si1065 sil aa l th r ih m ah s cl k m cl p er n ow cl s ax n ix vcl g r iy dx ix vcl g ow sil 
LOG (latgen-faster-mapped[5.4.140~1-1ab3d]:DecodeUtteranceLatticeFaster():decoder-wrappers.cc:286) Log-like per frame for utterance mtml0_si1065 is 3.89154 over 615 frames.
mtml0_si1695 sil ix n ey th ih n ih vcl d uw dh ix n ey s s cl p ey vcl vcl b ae vcl l ah cl k sil 
LOG (latgen-faster-mapped[5.4.140~1-1ab3d]:DecodeUtteranceLatticeFaster():decoder-wrappers.cc:286) Log-like per frame for utterance mtml0_si1695 is 3.69918 over 733 frames.
mtml0_si2325 sil dh eh m ae s cl w r dh iy z m ah dx iy f uh cl p r n z cl k ey m f r m sil 
LOG (latgen-faster-mapped[5.4.140~1-1ab3d]:DecodeUtteranceLatticeFaster():decoder-wrappers.cc:286) Log-like per frame for utterance mtml0_si2325 is 3.75909 over 700 frames.
mtml0_sx165 sil dh iy z iy vcl g oy ng z uw ah l vcl jh ix s cl t r l ae cl s r aw cl dh v oy ix vcl ch sil sil 
LOG (latgen-faster-mapped[5.4.140~1-1ab3d]:DecodeUtteranceLatticeFaster():decoder-wrappers.cc:286) Log-like per frame for utterance mtml0_sx165 is 3.70332 over 678 frames.
mtml0_sx255 sil m ay ay vcl d iy l m ao r ix ng b vcl g ih z ax hh aa cl k ao f iy sil 
LOG (latgen-faster-mapped[5.4.140~1-1ab3d]:DecodeUtteranceLatticeFaster():decoder-wrappers.cc:286) Log-like per frame for utterance mtml0_sx255 is 3.70358 over 449 frames.
mtml0_sx345 sil t r ih sh sil s aa aw r z n aw r z v m uw v ix s ae dx er dx ey sil 
LOG (latgen-faster-mapped[5.4.140~1-1ab3d]:DecodeUtteranceLatticeFaster():decoder-wrappers.cc:286) Log-like per frame for utterance mtml0_sx345 is 3.85861 over 560 frames.
mtml0_sx435 sil d v r ih cl sh uh dx ih n v eh s cl t ix n b l ay cl k z er cl k aa n z epi en s cl t ah dx ah s cl t ay l ix sh uw z sil 
LOG (latgen-faster-mapped[5.4.140~1-1ab3d]:DecodeUtteranceLatticeFaster():decoder-wrappers.cc:286) Log-like per frame for utterance mtml0_sx435 is 3.7385 over 851 frames.
mtml0_sx75 sil f ih l dh eh cl k ae n cl t iy n w ax th f r eh sh cl p r ng w ao dx er sil 
LOG (latgen-faster-mapped[5.4.140~1-1ab3d]:DecodeUtteranceLatticeFaster():decoder-wrappers.cc:286) Log-like per frame for utterance mtml0_sx75 is 3.87573 over 624 frames.
mtmn0_si1064 sil ah n l ah s epi w s ah n aw cl p el hh ow l cl p ay sil dh er cl p iy s ix z en iy n ah f ix n sil 
LOG (latgen-faster-mapped[5.4.140~1-1ab3d]:DecodeUtteranceLatticeFaster():decoder-wrappers.cc:286) Log-like per frame for utterance mtmn0_si1064 is 3.77467 over 682 frames.
mtmn0_si2324 sil k iy cl p uw s iy cl s vcl b oy ow z ay vcl jh ih s epi w n d ax cl p uh cl s en f ih n ih sh n cl t ae cl ch ix z aa n ix s dh ix en sil 
LOG (latgen-faster-mapped[5.4.140~1-1ab3d]:RebuildRepository():determinize-lattice-pruned.cc:283) Rebuilding repository.
LOG (latgen-faster-mapped[5.4.140~1-1ab3d]:DecodeUtteranceLatticeFaster():decoder-wrappers.cc:286) Log-like per frame for utterance mtmn0_si2324 is 3.64237 over 799 frames.
mtmn0_si582 sil ix cl s iy m z ih dx ow cl en s iy z ih n ah cl p aa n v ah cl t r n z aa s cl p ax dx ow z ey sh ix n sil ix z w n s epi m ao r ah cl p ao n ah s sil 
LOG (latgen-faster-mapped[5.4.140~1-1ab3d]:RebuildRepository():determinize-lattice-pruned.cc:283) Rebuilding repository.
LOG (latgen-faster-mapped[5.4.140~1-1ab3d]:DecodeUtteranceLatticeFaster():decoder-wrappers.cc:286) Log-like per frame for utterance mtmn0_si582 is 3.77942 over 1057 frames.
mtmn0_sx164 sil k ih r iy aa s vcl d iy ih n m y aa cl k er s iy s eh l ax ng cl k ow vcl z ix s cl t sil 
LOG (latgen-faster-mapped[5.4.140~1-1ab3d]:DecodeUtteranceLatticeFaster():decoder-wrappers.cc:286) Log-like per frame for utterance mtmn0_sx164 is 3.74084 over 705 frames.
mtmn0_sx254 sil vcl d uw dh ey l aw ey th iy ix s cl t ix n ch er cl ch sil 
LOG (latgen-faster-mapped[5.4.140~1-1ab3d]:DecodeUtteranceLatticeFaster():decoder-wrappers.cc:286) Log-like per frame for utterance mtmn0_sx254 is 3.88105 over 440 frames.
mtmn0_sx344 sil ay n ow ay vcl d ih en m iy uw hh er l iy ix n ah f sil 
LOG (latgen-faster-mapped[5.4.140~1-1ab3d]:DecodeUtteranceLatticeFaster():decoder-wrappers.cc:286) Log-like per frame for utterance mtmn0_sx344 is 3.80689 over 431 frames.
mtmn0_sx434 sil iy cl ch cl d ae vcl sh er l ey f ay n z ix vcl b ih vcl g f ao m sil 
LOG (latgen-faster-mapped[5.4.140~1-1ab3d]:DecodeUtteranceLatticeFaster():decoder-wrappers.cc:286) Log-like per frame for utterance mtmn0_sx434 is 3.82516 over 523 frames.
mtmn0_sx74 sil eh n ix f ih sh el vcl d eh dx l ay n cl k en n aa b iy cl p ow s cl p ax n d sil 
LOG (latgen-faster-mapped[5.4.140~1-1ab3d]:DecodeUtteranceLatticeFaster():decoder-wrappers.cc:286) Log-like per frame for utterance mtmn0_sx74 is 3.70806 over 546 frames.
mtmt0_si1118 sil eh z iy ih vcl l ao n cl t ix vcl b iy hh iy cl b iy k ey n dh iy eh cl k ow v ax s aa vcl ax sil 
LOG (latgen-faster-mapped[5.4.140~1-1ab3d]:DecodeUtteranceLatticeFaster():decoder-wrappers.cc:286) Log-like per frame for utterance mtmt0_si1118 is 3.75769 over 573 frames.
mtmt0_si1748 sil ix cl s cl t ih l ah m b l iy v ax vcl b el sil dh eh dx ih w z epi m er dx er sil 
LOG (latgen-faster-mapped[5.4.140~1-1ab3d]:DecodeUtteranceLatticeFaster():decoder-wrappers.cc:286) Log-like per frame for utterance mtmt0_si1748 is 3.73511 over 488 frames.
mtmt0_si488 sil dh ey m ey vcl jh ih n s ao z ix n d iy l ih m cl p aa r cl s ax cl p l ay s en s m y uw z cl jh ih n sh iy n er iy sil 
LOG (latgen-faster-mapped[5.4.140~1-1ab3d]:DecodeUtteranceLatticeFaster():decoder-wrappers.cc:286) Log-like per frame for utterance mtmt0_si488 is 3.90044 over 932 frames.
mtmt0_sx128 sil l aa s ah f ao r n m uw v iy z ae v s ah cl t ay cl el s sil 
LOG (latgen-faster-mapped[5.4.140~1-1ab3d]:DecodeUtteranceLatticeFaster():decoder-wrappers.cc:286) Log-like per frame for utterance mtmt0_sx128 is 3.79418 over 463 frames.
mtmt0_sx218 sil t r ay cl t r cl k ao l dh iy v eh n cl s n k aa ax l aa cl jh cl k el w dx er sil 
LOG (latgen-faster-mapped[5.4.140~1-1ab3d]:DecodeUtteranceLatticeFaster():decoder-wrappers.cc:286) Log-like per frame for utterance mtmt0_sx218 is 3.66019 over 579 frames.
mtmt0_sx308 sil sh ih cl b ih l dx ih ng ix z ey m ow s f ae s ix n ey dx ix ng cl p r aa s ah s sil 
LOG (latgen-faster-mapped[5.4.140~1-1ab3d]:DecodeUtteranceLatticeFaster():decoder-wrappers.cc:286) Log-like per frame for utterance mtmt0_sx308 is 3.83205 over 524 frames.
mtmt0_sx38 sil y ah ng cl p iy cl p el cl p er t ix s cl p ey cl ix n ae th l eh dx ix cl k ae cl t ih v ix dx iy z sil 
LOG (latgen-faster-mapped[5.4.140~1-1ab3d]:DecodeUtteranceLatticeFaster():decoder-wrappers.cc:286) Log-like per frame for utterance mtmt0_sx38 is 3.76271 over 569 frames.
mtmt0_sx398 sil ch ow dx er n cl k ey n cl k en s uw m ih n iy f r uw cl k ae n d iy z ix m w ax n s ih dx ng sil 
LOG (latgen-faster-mapped[5.4.140~1-1ab3d]:DecodeUtteranceLatticeFaster():decoder-wrappers.cc:286) Log-like per frame for utterance mtmt0_sx398 is 3.84596 over 665 frames.
mtpf0_si1235 sil w iy ao f n s ey v ax cl p er s n ix dx iy l uh cl k sh y ah ng f er z ey jh r l d f er z ey jh sil 
LOG (latgen-faster-mapped[5.4.140~1-1ab3d]:RebuildRepository():determinize-lattice-pruned.cc:283) Rebuilding repository.
LOG (latgen-faster-mapped[5.4.140~1-1ab3d]:RebuildRepository():determinize-lattice-pruned.cc:283) Rebuilding repository.
LOG (latgen-faster-mapped[5.4.140~1-1ab3d]:DecodeUtteranceLatticeFaster():decoder-wrappers.cc:286) Log-like per frame for utterance mtpf0_si1235 is 3.68149 over 653 frames.
mtpf0_si1865 sil aw dh ix z n ah th ax l eh f cl t v m iy sil 
LOG (latgen-faster-mapped[5.4.140~1-1ab3d]:DecodeUtteranceLatticeFaster():decoder-wrappers.cc:286) Log-like per frame for utterance mtpf0_si1865 is 3.89209 over 464 frames.
mtpf0_si605 sil w iy w vcl l uw z aa r eh cl s cl p ao r m aa cl k ix cl t s n d ax n ay r s ow z iy m cl p ao cl s epi w iy n iy vcl sil 
LOG (latgen-faster-mapped[5.4.140~1-1ab3d]:DecodeUtteranceLatticeFaster():decoder-wrappers.cc:286) Log-like per frame for utterance mtpf0_si605 is 3.72503 over 685 frames.
mtpf0_sx155 sil p w dx cl k en cl t ey cl t m ah cl ch k l r iy ix n s cl d ah n ix z ay z sil 
LOG (latgen-faster-mapped[5.4.140~1-1ab3d]:DecodeUtteranceLatticeFaster():decoder-wrappers.cc:286) Log-like per frame for utterance mtpf0_sx155 is 3.77954 over 493 frames.
mtpf0_sx245 sil sil dh ix z ih n d uw ay vcl d iy aa jh iy aa cl k aw s sil 
LOG (latgen-faster-mapped[5.4.140~1-1ab3d]:DecodeUtteranceLatticeFaster():decoder-wrappers.cc:286) Log-like per frame for utterance mtpf0_sx245 is 3.87714 over 673 frames.
mtpf0_sx335 sil g ah s ao l cl p ay n cl t r iy z ix n r eh vcl w vcl z ah n ix z w ao cl k th uw z ix cl k oy er n ae sh epi n el f aa r s cl t sil 
LOG (latgen-faster-mapped[5.4.140~1-1ab3d]:DecodeUtteranceLatticeFaster():decoder-wrappers.cc:286) Log-like per frame for utterance mtpf0_sx335 is 3.76453 over 767 frames.
mtpf0_sx425 sil uw v iy z n eh v er hh ae dh n ah f ih l n s sil 
LOG (latgen-faster-mapped[5.4.140~1-1ab3d]:DecodeUtteranceLatticeFaster():decoder-wrappers.cc:286) Log-like per frame for utterance mtpf0_sx425 is 3.75506 over 331 frames.
mtpf0_sx65 sil ch ae l n jh iy jh cl jh eh n el z ix n cl t eh l vcl jh en s sil 
LOG (latgen-faster-mapped[5.4.140~1-1ab3d]:DecodeUtteranceLatticeFaster():decoder-wrappers.cc:286) Log-like per frame for utterance mtpf0_sx65 is 3.743 over 382 frames.
mtpg0_si1383 sil aw m ah cl ch ix n hh aw m iy cl p aa f ax cl s cl k ix dx ax m ax vcl jh ao r dx iy cl t ey cl k ae ah dh ax l ao s z ax f uw sil 
LOG (latgen-faster-mapped[5.4.140~1-1ab3d]:DecodeUtteranceLatticeFaster():decoder-wrappers.cc:286) Log-like per frame for utterance mtpg0_si1383 is 3.69727 over 747 frames.
mtpg0_si2013 sil dh ix ao r ao l r dx iy s epi ao l n cl t ix vcl b er cl t ix ng sil 
LOG (latgen-faster-mapped[5.4.140~1-1ab3d]:DecodeUtteranceLatticeFaster():decoder-wrappers.cc:286) Log-like per frame for utterance mtpg0_si2013 is 3.59579 over 394 frames.
mtpg0_si753 sil m ey cl k ih cl p ey s ax vcl b r aw n sh er vcl er eh n m ah s cl t er dx ix n s cl p r eh dx l ay l uw ow v er s cl k ao r vcl s er dh ax s sil 
LOG (latgen-faster-mapped[5.4.140~1-1ab3d]:RebuildRepository():determinize-lattice-pruned.cc:283) Rebuilding repository.
LOG (latgen-faster-mapped[5.4.140~1-1ab3d]:DecodeUtteranceLatticeFaster():decoder-wrappers.cc:286) Log-like per frame for utterance mtpg0_si753 is 3.65175 over 781 frames.
mtpg0_sx123 sil ey s cl g r uw vcl ae v er z m ey f er m v aa cl g ih n ao r n jh uw s sil 
LOG (latgen-faster-mapped[5.4.140~1-1ab3d]:DecodeUtteranceLatticeFaster():decoder-wrappers.cc:286) Log-like per frame for utterance mtpg0_sx123 is 3.78416 over 514 frames.
mtpg0_sx213 sil dh ih n uw z ey jh en s iy hh ay er dx er vcl g r ey vcl d er el ax s cl t sil 
LOG (latgen-faster-mapped[5.4.140~1-1ab3d]:DecodeUtteranceLatticeFaster():decoder-wrappers.cc:286) Log-like per frame for utterance mtpg0_sx213 is 3.7097 over 491 frames.
mtpg0_sx303 sil dh vcl b l uw vcl jh ey f uw ow v er dh iy hh ay vcl b ih l dh ix ng sil 
LOG (latgen-faster-mapped[5.4.140~1-1ab3d]:DecodeUtteranceLatticeFaster():decoder-wrappers.cc:286) Log-like per frame for utterance mtpg0_sx303 is 3.90464 over 486 frames.
LOG (copy-feats[5.4.140~1-1ab3d]:main():copy-feats.cc:143) Copied 184 feature matrices.
mtpg0_sx33 sil k ow cl k ax n ah cl k iy m cl p ay m ey cl s ix n ay s cl d ax z er cl sil 
LOG (latgen-faster-mapped[5.4.140~1-1ab3d]:DecodeUtteranceLatticeFaster():decoder-wrappers.cc:286) Log-like per frame for utterance mtpg0_sx33 is 3.76863 over 477 frames.
LOG (nnet-forward[5.4.140~1-1ab3d]:main():nnet-forward.cc:192) Done 184 files in 7.91878min, (fps 240.681)
mtpg0_sx393 sil sh y z ix z vcl b ow th n ey m z ih n er cl ch ey n d vcl b w ix sil 
LOG (latgen-faster-mapped[5.4.140~1-1ab3d]:DecodeUtteranceLatticeFaster():decoder-wrappers.cc:286) Log-like per frame for utterance mtpg0_sx393 is 3.7743 over 493 frames.
LOG (latgen-faster-mapped[5.4.140~1-1ab3d]:main():latgen-faster-mapped.cc:164) Time taken 474.564s: real-time factor assuming 100 frames/sec is 0.414995
LOG (latgen-faster-mapped[5.4.140~1-1ab3d]:main():latgen-faster-mapped.cc:167) Done 184 utterances, failed for 0
LOG (latgen-faster-mapped[5.4.140~1-1ab3d]:main():latgen-faster-mapped.cc:169) Overall log-likelihood per frame is 3.78432 over 114354 frames.
# Accounting: time=478 threads=1
# Ended (code 0) at Thu Jun 21 11:05:08 CST 2018, elapsed time 478 seconds
