# latgen-faster-mapped --beam=18.0 --lattice-beam=10.0 --acoustic-scale=0.2 --max-mem=20000000 --max-active=5000 --word-symbol-table=data/lang/words.txt exp/dnn4_pretrain-dbn_dnn/final.mdl exp/dnn4_pretrain-dbn_dnn_denlats/dengraph/HCLG.fst "ark,s,cs:copy-feats scp:data-fmllr-tri3/train/split20/16/feats.scp ark:- | nnet-forward --no-softmax=true --prior-scale=1.0 --feature-transform=exp/dnn4_pretrain-dbn_dnn/final.feature_transform --class-frame-counts=exp/dnn4_pretrain-dbn_dnn/ali_train_pdf.counts --use-gpu=no exp/dnn4_pretrain-dbn_dnn/final.nnet ark:- ark:- |" scp:exp/dnn4_pretrain-dbn_dnn_denlats/lat.store_separately_as_gz.scp 
# Started at Thu Jun 21 10:57:10 CST 2018
#
latgen-faster-mapped --beam=18.0 --lattice-beam=10.0 --acoustic-scale=0.2 --max-mem=20000000 --max-active=5000 --word-symbol-table=data/lang/words.txt exp/dnn4_pretrain-dbn_dnn/final.mdl exp/dnn4_pretrain-dbn_dnn_denlats/dengraph/HCLG.fst 'ark,s,cs:copy-feats scp:data-fmllr-tri3/train/split20/16/feats.scp ark:- | nnet-forward --no-softmax=true --prior-scale=1.0 --feature-transform=exp/dnn4_pretrain-dbn_dnn/final.feature_transform --class-frame-counts=exp/dnn4_pretrain-dbn_dnn/ali_train_pdf.counts --use-gpu=no exp/dnn4_pretrain-dbn_dnn/final.nnet ark:- ark:- |' scp:exp/dnn4_pretrain-dbn_dnn_denlats/lat.store_separately_as_gz.scp 
copy-feats scp:data-fmllr-tri3/train/split20/16/feats.scp ark:- 
nnet-forward --no-softmax=true --prior-scale=1.0 --feature-transform=exp/dnn4_pretrain-dbn_dnn/final.feature_transform --class-frame-counts=exp/dnn4_pretrain-dbn_dnn/ali_train_pdf.counts --use-gpu=no exp/dnn4_pretrain-dbn_dnn/final.nnet ark:- ark:- 
LOG (nnet-forward[5.4.140~1-1ab3d]:SelectGpuId():cu-device.cc:123) Manually selected to compute on CPU.
LOG (nnet-forward[5.4.140~1-1ab3d]:main():nnet-forward.cc:93) Removing <Softmax> from the nnet exp/dnn4_pretrain-dbn_dnn/final.nnet
LOG (nnet-forward[5.4.140~1-1ab3d]:PdfPrior():nnet-pdf-prior.cc:34) Computing pdf-priors from : exp/dnn4_pretrain-dbn_dnn/ali_train_pdf.counts
LOG (nnet-forward[5.4.140~1-1ab3d]:PdfPrior():nnet-pdf-prior.cc:64) Floored 0 pdf-priors (hard-set to 1.84467e+19, which disables DNN output when decoding)
mprb0_si1205 sil b ax w iy aa n cl g oy ng cl t l ih cl ch ix vcl g ih v hh ix m ih n iy sil 
LOG (latgen-faster-mapped[5.4.140~1-1ab3d]:DecodeUtteranceLatticeFaster():decoder-wrappers.cc:286) Log-like per frame for utterance mprb0_si1205 is 3.5064 over 461 frames.
mprb0_si1215 sil dh ih s cl ch uw cl dh eh cl dh m ao ao l ao l cl ih z n ae cl ch l hh ae z ah dh er ix n cl p ao r en cl k ao r l er iy z sil 
LOG (latgen-faster-mapped[5.4.140~1-1ab3d]:RebuildRepository():determinize-lattice-pruned.cc:283) Rebuilding repository.
LOG (latgen-faster-mapped[5.4.140~1-1ab3d]:DecodeUtteranceLatticeFaster():decoder-wrappers.cc:286) Log-like per frame for utterance mprb0_si1215 is 3.73333 over 1031 frames.
mprb0_si575 sil hh iy vcl d ah z ax n w ah n hh er cl t l ix cl k f aw n ng iy ae cl hh ih m ao r s cl p iy cl sil t iy hh ih m ae ng er l iy sil 
LOG (latgen-faster-mapped[5.4.140~1-1ab3d]:DecodeUtteranceLatticeFaster():decoder-wrappers.cc:286) Log-like per frame for utterance mprb0_si575 is 3.69052 over 981 frames.
mprb0_sx125 sil w ah s cl ch eh s er ih z ix cl k hh aw n iy n y ao r cl k sil 
LOG (latgen-faster-mapped[5.4.140~1-1ab3d]:DecodeUtteranceLatticeFaster():decoder-wrappers.cc:286) Log-like per frame for utterance mprb0_sx125 is 3.74812 over 547 frames.
mprb0_sx215 sil dh s er n ix n eh m f ix s ay z dh ix n iy f ao r ax f r ow m ix cl t ih v ae cl sh ix n sil 
LOG (latgen-faster-mapped[5.4.140~1-1ab3d]:DecodeUtteranceLatticeFaster():decoder-wrappers.cc:286) Log-like per frame for utterance mprb0_sx215 is 3.91507 over 785 frames.
mprb0_sx305 sil k ay iy jh cl ch iy z epi w ix th cl ch ay v z ix s d l ih sh ix s sil 
LOG (latgen-faster-mapped[5.4.140~1-1ab3d]:DecodeUtteranceLatticeFaster():decoder-wrappers.cc:286) Log-like per frame for utterance mprb0_sx305 is 3.89802 over 664 frames.
mprb0_sx35 sil hh eh l cl p s eh l vcl b r ey y er b r ah dh er s ix cl k s eh s sil 
LOG (latgen-faster-mapped[5.4.140~1-1ab3d]:DecodeUtteranceLatticeFaster():decoder-wrappers.cc:286) Log-like per frame for utterance mprb0_sx35 is 3.79488 over 546 frames.
mprb0_sx395 sil ay cl t ix cl k r w er vcl f ao r ih cl sil p ix vcl d iy sh y r l iy vcl g oy ng w ih th y uw sil 
LOG (latgen-faster-mapped[5.4.140~1-1ab3d]:DecodeUtteranceLatticeFaster():decoder-wrappers.cc:286) Log-like per frame for utterance mprb0_sx395 is 3.70874 over 639 frames.
mprd0_si1431 sil dh vcl b ae cl t ih r iy ih f ao r m d ix cl sil t ix cl p cl k el ae cl t ix v ey dx ix vcl s l ah vcl jh ch f l aa cl k cl sil 
LOG (latgen-faster-mapped[5.4.140~1-1ab3d]:DecodeUtteranceLatticeFaster():decoder-wrappers.cc:286) Log-like per frame for utterance mprd0_si1431 is 3.87713 over 772 frames.
mprd0_si2061 sil m ey vcl b iy s m ah dh vcl d ey sil 
LOG (latgen-faster-mapped[5.4.140~1-1ab3d]:DecodeUtteranceLatticeFaster():decoder-wrappers.cc:286) Log-like per frame for utterance mprd0_si2061 is 3.94902 over 356 frames.
mprd0_si801 sil ih n ih m uw hh aw s vcl jh eh n er s r v ow v er hh ae ng z r ax l aa jh ix cl k el ax n ax f eh cl ix v s l uw sh ix n vcl sil 
LOG (latgen-faster-mapped[5.4.140~1-1ab3d]:RebuildRepository():determinize-lattice-pruned.cc:283) Rebuilding repository.
LOG (latgen-faster-mapped[5.4.140~1-1ab3d]:DecodeUtteranceLatticeFaster():decoder-wrappers.cc:286) Log-like per frame for utterance mprd0_si801 is 3.80118 over 1099 frames.
mprd0_sx171 sil dh vcl d ay vcl n ow s ix s epi w ax z t ix s cl g er vcl jh ng sil hh aw r v er sil hh iy w z n aa dx ow v r l iy w er iy vcl d sil 
LOG (latgen-faster-mapped[5.4.140~1-1ab3d]:DecodeUtteranceLatticeFaster():decoder-wrappers.cc:286) Log-like per frame for utterance mprd0_sx171 is 3.88797 over 897 frames.
mprd0_sx261 sil d y uw hh ae v dh iy y l ow oy cl m ix cl r eh dx iy sil 
LOG (latgen-faster-mapped[5.4.140~1-1ab3d]:DecodeUtteranceLatticeFaster():decoder-wrappers.cc:286) Log-like per frame for utterance mprd0_sx261 is 3.71507 over 496 frames.
mprd0_sx351 sil dh ix m uw s ax vcl b er v ah n ay cl s epi w er cl t hh aa r dx ao m r ix f er r sh ng eh r l d er hh ow m sil 
LOG (latgen-faster-mapped[5.4.140~1-1ab3d]:DecodeUtteranceLatticeFaster():decoder-wrappers.cc:286) Log-like per frame for utterance mprd0_sx351 is 3.79951 over 734 frames.
mprd0_sx441 sil d ow l cl f er cl g uw cl v aw y vcl b el z ax n ax vcl b ae vcl f ao l cl t sil 
LOG (latgen-faster-mapped[5.4.140~1-1ab3d]:DecodeUtteranceLatticeFaster():decoder-wrappers.cc:286) Log-like per frame for utterance mprd0_sx441 is 3.69356 over 568 frames.
mprd0_sx81 sil ix cl s m cl p aa s vcl b el t ix vcl d iy w th cl p y er aa cl k er s ix sil 
LOG (latgen-faster-mapped[5.4.140~1-1ab3d]:DecodeUtteranceLatticeFaster():decoder-wrappers.cc:286) Log-like per frame for utterance mprd0_sx81 is 3.74906 over 509 frames.
mprk0_si1097 sil hh ih s cl t aa cl t er n s cl t uw w ah dx iy cl k ao l z dh ax m eh s sil sil ao r s ah m cl t ay m z ix z b ah z ng cl k en f y uw zh ix n sil 
LOG (latgen-faster-mapped[5.4.140~1-1ab3d]:DecodeUtteranceLatticeFaster():decoder-wrappers.cc:286) Log-like per frame for utterance mprk0_si1097 is 3.95982 over 1200 frames.
mprk0_si1727 sil ch eh cl k dh iy ow v er n ay dx er z ax aw cl t sil 
LOG (latgen-faster-mapped[5.4.140~1-1ab3d]:DecodeUtteranceLatticeFaster():decoder-wrappers.cc:286) Log-like per frame for utterance mprk0_si1727 is 3.8574 over 532 frames.
mprk0_si467 sil hh iy r l iy cl k uw s ax f ay vcl d hh ih m sil hh iy n ey l vcl d ih cl f ao r ey y aa r vcl l ao s sil 
LOG (latgen-faster-mapped[5.4.140~1-1ab3d]:DecodeUtteranceLatticeFaster():decoder-wrappers.cc:286) Log-like per frame for utterance mprk0_si467 is 3.87267 over 840 frames.
mprk0_sx107 sil b er cl dh ey cl p aa r dx iy z hh ae cl k ah cl k ey cl k s eh n ay s cl k r iy m sil 
LOG (latgen-faster-mapped[5.4.140~1-1ab3d]:DecodeUtteranceLatticeFaster():decoder-wrappers.cc:286) Log-like per frame for utterance mprk0_sx107 is 3.85439 over 602 frames.
mprk0_sx17 sil k aa r l ih v z ix n ey l ay v l iy hh ow m sil 
LOG (latgen-faster-mapped[5.4.140~1-1ab3d]:DecodeUtteranceLatticeFaster():decoder-wrappers.cc:286) Log-like per frame for utterance mprk0_sx17 is 3.90436 over 651 frames.
mprk0_sx197 vcl d r ao iy cl ch cl g r ae f ah n ey n uw ae cl k s ix s sil 
LOG (latgen-faster-mapped[5.4.140~1-1ab3d]:DecodeUtteranceLatticeFaster():decoder-wrappers.cc:286) Log-like per frame for utterance mprk0_sx197 is 3.80431 over 519 frames.
mprk0_sx287 sil ih n dh l ao ng r ah n sil n ih cl p ey s cl t uw vcl b ay cl k ao l cl t iy cl k el dh ng sil 
LOG (latgen-faster-mapped[5.4.140~1-1ab3d]:DecodeUtteranceLatticeFaster():decoder-wrappers.cc:286) Log-like per frame for utterance mprk0_sx287 is 3.8007 over 817 frames.
mprk0_sx377 sil sh iy l w ix z cl jh ow cl k s vcl b ah cl t uw m ah vcl ch vcl g aa r l ix cl k ih n ix z f uw vcl d sil 
LOG (latgen-faster-mapped[5.4.140~1-1ab3d]:DecodeUtteranceLatticeFaster():decoder-wrappers.cc:286) Log-like per frame for utterance mprk0_sx377 is 3.8567 over 683 frames.
mprt0_si1210 sil hh z w iy vcl s er vcl m ao r l ao n f ih z k el l ao dh ey cl p ih er z vcl b iy ng ix n eh v ax vcl b el sil 
LOG (latgen-faster-mapped[5.4.140~1-1ab3d]:DecodeUtteranceLatticeFaster():decoder-wrappers.cc:286) Log-like per frame for utterance mprt0_si1210 is 3.77528 over 783 frames.
mprt0_si495 sil dh ey iy dh er w ao cl t er w er vcl d r ih v ix n sil 
LOG (latgen-faster-mapped[5.4.140~1-1ab3d]:DecodeUtteranceLatticeFaster():decoder-wrappers.cc:286) Log-like per frame for utterance mprt0_si495 is 3.67001 over 344 frames.
mprt0_si580 sil t uw ao f ah n l eh s iy hh ey l z dh eh m dh ey cl p ae s ix m b ay sil 
LOG (latgen-faster-mapped[5.4.140~1-1ab3d]:DecodeUtteranceLatticeFaster():decoder-wrappers.cc:286) Log-like per frame for utterance mprt0_si580 is 4.03633 over 556 frames.
mprt0_sx130 sil hh iy ey cl f ao r eh cl t er eh vcl s f er b r eh cl f ax s cl s sil 
LOG (latgen-faster-mapped[5.4.140~1-1ab3d]:DecodeUtteranceLatticeFaster():decoder-wrappers.cc:286) Log-like per frame for utterance mprt0_sx130 is 3.65485 over 431 frames.
mprt0_sx220 sil dh m ow s r iy s ix n jh ih l aa jh cl k el s er v ey f aw s ay z m cl k eh cl t ix v ix dx iy sil 
LOG (latgen-faster-mapped[5.4.140~1-1ab3d]:DecodeUtteranceLatticeFaster():decoder-wrappers.cc:286) Log-like per frame for utterance mprt0_sx220 is 3.81348 over 665 frames.
mprt0_sx310 sil dh hh uh dx ix vcl jh iy cl p w ax s cl t iy m ng ix n ax hh aa cl s ah n sil 
LOG (latgen-faster-mapped[5.4.140~1-1ab3d]:DecodeUtteranceLatticeFaster():decoder-wrappers.cc:286) Log-like per frame for utterance mprt0_sx310 is 3.78475 over 467 frames.
mprt0_sx40 sil s cl t ih m iy l eh dx ng d ix s cl k ah sh en z k iy cl s cl t uw dx ix n s ax cl t ix n sh ix n sil 
LOG (latgen-faster-mapped[5.4.140~1-1ab3d]:DecodeUtteranceLatticeFaster():decoder-wrappers.cc:286) Log-like per frame for utterance mprt0_sx40 is 3.80452 over 574 frames.
mprt0_sx400 sil jh ah s cl t r aa n ow dx ix s ix z ix iy s ix vcl jh ah sh en b aa cl s sil 
LOG (latgen-faster-mapped[5.4.140~1-1ab3d]:DecodeUtteranceLatticeFaster():decoder-wrappers.cc:286) Log-like per frame for utterance mprt0_sx400 is 3.77031 over 478 frames.
mpsw0_si1067 sil dh er vcl g ey ix z m p aa s epi el ax cl k en dh ey n w er vcl s sil 
LOG (latgen-faster-mapped[5.4.140~1-1ab3d]:DecodeUtteranceLatticeFaster():decoder-wrappers.cc:286) Log-like per frame for utterance mpsw0_si1067 is 3.70735 over 465 frames.
mpsw0_si1697 sil w ix vcl b ix dx iy z iy dx ah vcl d eh n ix f ay z ow cl p iy m b ay cl s ow dx er sil 
LOG (latgen-faster-mapped[5.4.140~1-1ab3d]:DecodeUtteranceLatticeFaster():decoder-wrappers.cc:286) Log-like per frame for utterance mpsw0_si1697 is 3.69033 over 483 frames.
mpsw0_si2327 sil m s aa r v ah sh el hh ae cl d ax s er ch ix s aw s sil 
LOG (latgen-faster-mapped[5.4.140~1-1ab3d]:DecodeUtteranceLatticeFaster():decoder-wrappers.cc:286) Log-like per frame for utterance mpsw0_si2327 is 3.75566 over 413 frames.
mpsw0_sx167 sil p oy l ey aw s cl k ow n s ay dx w th ix th k ah m b m iy z r ow ix n ix z ey sh en sil 
LOG (latgen-faster-mapped[5.4.140~1-1ab3d]:DecodeUtteranceLatticeFaster():decoder-wrappers.cc:286) Log-like per frame for utterance mpsw0_sx167 is 3.61491 over 577 frames.
mpsw0_sx24 sil ah dh ow aa aw z l ow ng s v ay f sil 
LOG (latgen-faster-mapped[5.4.140~1-1ab3d]:DecodeUtteranceLatticeFaster():decoder-wrappers.cc:286) Log-like per frame for utterance mpsw0_sx24 is 3.6789 over 368 frames.
mpsw0_sx257 sil r iy aw ow cl p ax n eh v ix m ah n iy vcl n ix n sil 
LOG (latgen-faster-mapped[5.4.140~1-1ab3d]:DecodeUtteranceLatticeFaster():decoder-wrappers.cc:286) Log-like per frame for utterance mpsw0_sx257 is 3.79308 over 403 frames.
mpsw0_sx437 sil dh ey uw z d ix ng g r eh s v cl p l iy s ix n cl t ix f l ay th aa l s epi m ow dx er s sil 
LOG (latgen-faster-mapped[5.4.140~1-1ab3d]:DecodeUtteranceLatticeFaster():decoder-wrappers.cc:286) Log-like per frame for utterance mpsw0_sx437 is 3.64843 over 610 frames.
mpsw0_sx77 sil b ae cl p ay cl s ix n b ao ng ow z ix m y z ix cl k el ix sh m ix cl s sil 
LOG (latgen-faster-mapped[5.4.140~1-1ab3d]:DecodeUtteranceLatticeFaster():decoder-wrappers.cc:286) Log-like per frame for utterance mpsw0_sx77 is 3.64384 over 491 frames.
mrab0_si1224 sil dh ix s ih z n eh v dh l eh s ax m ay n ao r dx iy v iy uw sil 
LOG (latgen-faster-mapped[5.4.140~1-1ab3d]:DecodeUtteranceLatticeFaster():decoder-wrappers.cc:286) Log-like per frame for utterance mrab0_si1224 is 3.79975 over 484 frames.
mrab0_si1854 sil hh y er m eh m dh l ae s cl t ay n iy dx iy en sil ae sh uw ax l eh vcl z f m ax n ae cl sh el cl p ae n sil 
LOG (latgen-faster-mapped[5.4.140~1-1ab3d]:DecodeUtteranceLatticeFaster():decoder-wrappers.cc:286) Log-like per frame for utterance mrab0_si1854 is 3.64905 over 856 frames.
mrab0_si594 sil dh cl t r l vcl b el uw n z aa r f l ow cl t sil 
LOG (latgen-faster-mapped[5.4.140~1-1ab3d]:DecodeUtteranceLatticeFaster():decoder-wrappers.cc:286) Log-like per frame for utterance mrab0_si594 is 3.69407 over 406 frames.
mrab0_sx144 sil dh w l w iy w m n w ao r m ah s cl k r ae cl k ow cl t sil 
LOG (latgen-faster-mapped[5.4.140~1-1ab3d]:DecodeUtteranceLatticeFaster():decoder-wrappers.cc:286) Log-like per frame for utterance mrab0_sx144 is 3.78158 over 504 frames.
mrab0_sx234 sil dh cl p ey cl p er b oy vcl b ao cl t uw ae cl b el z ix n f r iy ay s ix z sil 
LOG (latgen-faster-mapped[5.4.140~1-1ab3d]:DecodeUtteranceLatticeFaster():decoder-wrappers.cc:286) Log-like per frame for utterance mrab0_sx234 is 3.73571 over 550 frames.
mrab0_sx324 sil b l ow cl k el vcl d r ah vcl s cl t er w ix s cl ch aa r zh t ix th ix l iy vcl el iy vcl d ix s cl p eh n s ix n t r ae n cl k el ay z er s sil 
LOG (latgen-faster-mapped[5.4.140~1-1ab3d]:RebuildRepository():determinize-lattice-pruned.cc:283) Rebuilding repository.
LOG (latgen-faster-mapped[5.4.140~1-1ab3d]:DecodeUtteranceLatticeFaster():decoder-wrappers.cc:286) Log-like per frame for utterance mrab0_sx324 is 3.56842 over 776 frames.
mrab0_sx414 sil ay er sh ah ng s cl ch er z iy cl t f er sh cl k ix cl p er z f er b r eh cl k f ix s cl t sil 
LOG (latgen-faster-mapped[5.4.140~1-1ab3d]:DecodeUtteranceLatticeFaster():decoder-wrappers.cc:286) Log-like per frame for utterance mrab0_sx414 is 3.80551 over 630 frames.
mrab0_sx54 sil dh iy s cl t er n cl k ow s ix z ix cl p l ey s f er cl p y er cl p l ih zh er n ix cl s ay cl m ax n cl sil 
LOG (latgen-faster-mapped[5.4.140~1-1ab3d]:DecodeUtteranceLatticeFaster():decoder-wrappers.cc:286) Log-like per frame for utterance mrab0_sx54 is 3.69274 over 620 frames.
mrab1_si1478 sil hh iy vcl d ih vcl n aa m ay n y uw s epi l s cl k ay n l iy cl k w oy sh ch ix n s sil 
LOG (latgen-faster-mapped[5.4.140~1-1ab3d]:DecodeUtteranceLatticeFaster():decoder-wrappers.cc:286) Log-like per frame for utterance mrab1_si1478 is 3.84784 over 598 frames.
mrab1_si2108 sil d ow f er vcl g eh cl w ih s cl k iy sil ix s ah cl ch ax vcl b ih vcl g s eh l er sil 
LOG (latgen-faster-mapped[5.4.140~1-1ab3d]:DecodeUtteranceLatticeFaster():decoder-wrappers.cc:286) Log-like per frame for utterance mrab1_si2108 is 3.75903 over 534 frames.
mrab1_si848 sil k ih n y er ih n sh er n z cl k ah m cl p ix n iy ey vcl y uw ix n er vcl d uw s ix ng ix vcl m ih n ix s cl t r ey dx ix cl k ao s sil 
LOG (latgen-faster-mapped[5.4.140~1-1ab3d]:DecodeUtteranceLatticeFaster():decoder-wrappers.cc:286) Log-like per frame for utterance mrab1_si848 is 3.74067 over 819 frames.
mrab1_sx128 sil l aa cl s ax f ao r m uw v iy z ae v s ah vcl t aa dx el s sil 
LOG (latgen-faster-mapped[5.4.140~1-1ab3d]:DecodeUtteranceLatticeFaster():decoder-wrappers.cc:286) Log-like per frame for utterance mrab1_sx128 is 3.84284 over 505 frames.
mrab1_sx218 sil t r ay dx er r iy cl k ao l dh iy v ih cl s en cl k aa n l ao vcl jh cl k el ao er sil 
LOG (latgen-faster-mapped[5.4.140~1-1ab3d]:DecodeUtteranceLatticeFaster():decoder-wrappers.cc:286) Log-like per frame for utterance mrab1_sx218 is 3.71325 over 600 frames.
mrab1_sx308 sil sh ih cl sil dh ih l ix ng ix z v m ow s f ae s n ey ix ng cl p r ao s eh s sil 
LOG (latgen-faster-mapped[5.4.140~1-1ab3d]:DecodeUtteranceLatticeFaster():decoder-wrappers.cc:286) Log-like per frame for utterance mrab1_sx308 is 3.85544 over 636 frames.
mrab1_sx38 sil y ah ng cl p iy cl p el cl p er cl t ih s ax cl p ey dx ix n ae th l eh dx ix cl k ae cl t ih v ix dx iy s sil 
LOG (latgen-faster-mapped[5.4.140~1-1ab3d]:DecodeUtteranceLatticeFaster():decoder-wrappers.cc:286) Log-like per frame for utterance mrab1_sx38 is 3.82617 over 605 frames.
mrab1_sx398 sil ch ih l d er n cl k n cl k ix n s uw m ih n iy f r uw cl k ae n iy z n m w ah n s ih dx ng sil 
LOG (latgen-faster-mapped[5.4.140~1-1ab3d]:DecodeUtteranceLatticeFaster():decoder-wrappers.cc:286) Log-like per frame for utterance mrab1_sx398 is 3.88181 over 624 frames.
mrai0_si1954 sil hh ah n iy hh iy w ih s cl p er d sil 
LOG (latgen-faster-mapped[5.4.140~1-1ab3d]:DecodeUtteranceLatticeFaster():decoder-wrappers.cc:286) Log-like per frame for utterance mrai0_si1954 is 3.88077 over 296 frames.
mrai0_si2052 sil dh iy n t aa r l ng cl th ix dh ix s cl ch r iy cl k ix vcl b y ix r ey cl w th r ay f el f ay er f r m dh ix s vcl b aa er sil 
LOG (latgen-faster-mapped[5.4.140~1-1ab3d]:DecodeUtteranceLatticeFaster():decoder-wrappers.cc:286) Log-like per frame for utterance mrai0_si2052 is 3.73798 over 890 frames.
mrai0_si792 sil b ah f eh n s cl t er ah n f ae n s cl sil n ow vcl p uw l s ay dx ix z dh ax cl p l ey z f er r ah n ng er hh ao r s cl p l ix sil 
LOG (latgen-faster-mapped[5.4.140~1-1ab3d]:DecodeUtteranceLatticeFaster():decoder-wrappers.cc:286) Log-like per frame for utterance mrai0_si792 is 3.77437 over 976 frames.
mrai0_sx162 sil k er ao v er n hh eh r m ay n dh ix vcl d hh eh m ax v ao dx ax m l iy v s sil 
LOG (latgen-faster-mapped[5.4.140~1-1ab3d]:DecodeUtteranceLatticeFaster():decoder-wrappers.cc:286) Log-like per frame for utterance mrai0_sx162 is 3.73135 over 624 frames.
mrai0_sx252 sil dh ix vcl g ao r vcl jh ix s cl b ah dx er f l ay ey dx l aa v n ae cl t er sil 
LOG (latgen-faster-mapped[5.4.140~1-1ab3d]:DecodeUtteranceLatticeFaster():decoder-wrappers.cc:286) Log-like per frame for utterance mrai0_sx252 is 3.83058 over 502 frames.
mrai0_sx342 sil t ey cl ch aa r vcl jh v cl ch uw z ng hh er vcl p r ay vcl z m ey vcl z cl g aw ow n z sil 
LOG (latgen-faster-mapped[5.4.140~1-1ab3d]:DecodeUtteranceLatticeFaster():decoder-wrappers.cc:286) Log-like per frame for utterance mrai0_sx342 is 3.81774 over 662 frames.
mrai0_sx432 sil k aa f iy z cl g r ow n ah n s cl t iy cl p cl ch ah ng el l ay cl k s l ow v s ix n t eh m cl p er cl z ow n z sil 
LOG (latgen-faster-mapped[5.4.140~1-1ab3d]:DecodeUtteranceLatticeFaster():decoder-wrappers.cc:286) Log-like per frame for utterance mrai0_sx432 is 3.79506 over 874 frames.
mrai0_sx72 sil s cl f r ng s cl t r iy ix zh r ih dx eh hh eh vcl d sil 
LOG (latgen-faster-mapped[5.4.140~1-1ab3d]:DecodeUtteranceLatticeFaster():decoder-wrappers.cc:286) Log-like per frame for utterance mrai0_sx72 is 3.74456 over 442 frames.
mram0_si1275 sil b l aa cl g ey vcl ix z w ah n eh n s er ao f er vcl b ay ae cl s cl p er cl t s sil 
LOG (latgen-faster-mapped[5.4.140~1-1ab3d]:DecodeUtteranceLatticeFaster():decoder-wrappers.cc:286) Log-like per frame for utterance mram0_si1275 is 3.80073 over 629 frames.
mram0_si1905 sil m iy n w ay l s cl p r ng ix n cl p ae s w l ih n t s ah vcl er sil 
LOG (latgen-faster-mapped[5.4.140~1-1ab3d]:DecodeUtteranceLatticeFaster():decoder-wrappers.cc:286) Log-like per frame for utterance mram0_si1905 is 3.9151 over 486 frames.
mram0_si1951 sil hh iy w ah n th ix vcl d sh ow dh cl t aw n sil w ah hh ae cl p ix n d ix eh n iy w ah n hh ix cl t r ay cl t ix s cl b er r cl t r l vcl el sil 
LOG (latgen-faster-mapped[5.4.140~1-1ab3d]:DecodeUtteranceLatticeFaster():decoder-wrappers.cc:286) Log-like per frame for utterance mram0_si1951 is 3.75954 over 861 frames.
mram0_sx105 sil y m ah s ix cl s cl p l ih s l iy vcl dh l iy cl f ay l s sil 
LOG (latgen-faster-mapped[5.4.140~1-1ab3d]:DecodeUtteranceLatticeFaster():decoder-wrappers.cc:286) Log-like per frame for utterance mram0_sx105 is 3.93626 over 482 frames.
mram0_sx15 sil dh ix m y z iy m ay er z m uw z ih sh ix n z eh v r iy v n ix ng sil 
LOG (latgen-faster-mapped[5.4.140~1-1ab3d]:DecodeUtteranceLatticeFaster():decoder-wrappers.cc:286) Log-like per frame for utterance mram0_sx15 is 3.98146 over 639 frames.
mram0_sx195 sil w vcl y uw l aw ae cl k s v ay l n cl s sil 
LOG (latgen-faster-mapped[5.4.140~1-1ab3d]:DecodeUtteranceLatticeFaster():decoder-wrappers.cc:286) Log-like per frame for utterance mram0_sx195 is 4.04159 over 395 frames.
mram0_sx285 sil r ih cl ch cl p er ch ix s cl s eh v r el s ay n l ih th ix vcl g r ae f s sil 
LOG (latgen-faster-mapped[5.4.140~1-1ab3d]:DecodeUtteranceLatticeFaster():decoder-wrappers.cc:286) Log-like per frame for utterance mram0_sx285 is 3.91109 over 568 frames.
mram0_sx375 sil g r ow ng w l cl k eh cl g r r vcl en s ix z v eh r iy cl t ay m cl k n s ix m ix ng sil 
LOG (latgen-faster-mapped[5.4.140~1-1ab3d]:DecodeUtteranceLatticeFaster():decoder-wrappers.cc:286) Log-like per frame for utterance mram0_sx375 is 3.76801 over 632 frames.
mrav0_si1008 sil ch ih s epi n ah cl s ax er s cl t er cl ch iy sil 
LOG (latgen-faster-mapped[5.4.140~1-1ab3d]:DecodeUtteranceLatticeFaster():decoder-wrappers.cc:286) Log-like per frame for utterance mrav0_si1008 is 3.77261 over 355 frames.
mrav0_si1638 sil w ah cl p z ah s cl ch uw vcl d ix cl t ao m ih ey cl k l z hh ao r s epi w vcl b iy eh vcl g ix dx ah vcl d iy ah sil 
LOG (latgen-faster-mapped[5.4.140~1-1ab3d]:DecodeUtteranceLatticeFaster():decoder-wrappers.cc:286) Log-like per frame for utterance mrav0_si1638 is 3.66106 over 652 frames.
mrav0_si2268 sil n iy d l ih s cl t ix s ey m aa aa r cl s ah f er vcl d r eh s ix cl k w iy vcl d er ix n dh ix s cl t er vcl ix ax cl p r ix vcl sil 
LOG (latgen-faster-mapped[5.4.140~1-1ab3d]:DecodeUtteranceLatticeFaster():decoder-wrappers.cc:286) Log-like per frame for utterance mrav0_si2268 is 3.67751 over 760 frames.
mrav0_sx108 sil hh ih s cl k eh l cl p w z vcl b l ih s ix vcl f ax m cl t ix d ey z aa s ah n sil 
LOG (latgen-faster-mapped[5.4.140~1-1ab3d]:RebuildRepository():determinize-lattice-pruned.cc:283) Rebuilding repository.
LOG (latgen-faster-mapped[5.4.140~1-1ab3d]:DecodeUtteranceLatticeFaster():decoder-wrappers.cc:286) Log-like per frame for utterance mrav0_sx108 is 3.62148 over 509 frames.
mrav0_sx18 sil ae l ah m ow n iy hh aa m z ix vcl d v ao r s epi m eh n z w l th sil 
LOG (latgen-faster-mapped[5.4.140~1-1ab3d]:DecodeUtteranceLatticeFaster():decoder-wrappers.cc:286) Log-like per frame for utterance mrav0_sx18 is 3.58011 over 451 frames.
mrav0_sx198 sil n ow w iy vcl jh ix n s epi w dx er zh er m ey dx v l ae m z w el 
LOG (latgen-faster-mapped[5.4.140~1-1ab3d]:DecodeUtteranceLatticeFaster():decoder-wrappers.cc:286) Log-like per frame for utterance mrav0_sx198 is 3.86032 over 449 frames.
mrav0_sx288 sil b r ah sh f aa r zh er cl k aa m n ix n dh vcl d r ay ah n er b r ah sh v n v aa ax sil 
LOG (latgen-faster-mapped[5.4.140~1-1ab3d]:DecodeUtteranceLatticeFaster():decoder-wrappers.cc:286) Log-like per frame for utterance mrav0_sx288 is 3.76628 over 559 frames.
mrav0_sx378 sil ah vcl jh ih s ao vcl jh ah n er dh iy n uw r cl k ix l l jh cl k m ix z iy m sil 
LOG (latgen-faster-mapped[5.4.140~1-1ab3d]:RebuildRepository():determinize-lattice-pruned.cc:283) Rebuilding repository.
LOG (latgen-faster-mapped[5.4.140~1-1ab3d]:DecodeUtteranceLatticeFaster():decoder-wrappers.cc:286) Log-like per frame for utterance mrav0_sx378 is 3.62452 over 548 frames.
mrbc0_si1665 sil ih f uw ix sh dh ao cl k ey m ix n cl t uw hh ix z t eh vcl sil 
LOG (latgen-faster-mapped[5.4.140~1-1ab3d]:DecodeUtteranceLatticeFaster():decoder-wrappers.cc:286) Log-like per frame for utterance mrbc0_si1665 is 3.6714 over 484 frames.
mrbc0_si1859 sil w w er cl f ao r r cl k iy cl dh vcl b oy s eh dx iy er l iy sil 
LOG (latgen-faster-mapped[5.4.140~1-1ab3d]:DecodeUtteranceLatticeFaster():decoder-wrappers.cc:286) Log-like per frame for utterance mrbc0_si1859 is 3.85982 over 529 frames.
mrbc0_si599 sil w ah dx ix cl s cl p l ey n z ih s y n ih vcl d er eh cl sh el cl p er aw l s ix s sil 
LOG (latgen-faster-mapped[5.4.140~1-1ab3d]:DecodeUtteranceLatticeFaster():decoder-wrappers.cc:286) Log-like per frame for utterance mrbc0_si599 is 3.70365 over 589 frames.
mrbc0_sx149 sil ow w ey dx ng f er cl ch ih cl p er sh iy cl k r ih sh k r ao s ax s cl k w er m ih n iy cl t ay m s sil 
LOG (latgen-faster-mapped[5.4.140~1-1ab3d]:DecodeUtteranceLatticeFaster():decoder-wrappers.cc:286) Log-like per frame for utterance mrbc0_sx149 is 3.74335 over 680 frames.
mrbc0_sx239 sil p y r iy s n f r uw vcl b ax f ao r cl p er cl p eh r ng dh ix s cl y uw er z sil 
LOG (latgen-faster-mapped[5.4.140~1-1ab3d]:DecodeUtteranceLatticeFaster():decoder-wrappers.cc:286) Log-like per frame for utterance mrbc0_sx239 is 3.84364 over 593 frames.
mrbc0_sx329 sil ch ih cl p ow s cl p ow n aw v ow n ix cl p ey m ix n z dh n cl t ax dh ax l ey er s cl p aa s cl p el vcl d ey cl t sil 
LOG (latgen-faster-mapped[5.4.140~1-1ab3d]:RebuildRepository():determinize-lattice-pruned.cc:283) Rebuilding repository.
LOG (latgen-faster-mapped[5.4.140~1-1ab3d]:RebuildRepository():determinize-lattice-pruned.cc:283) Rebuilding repository.
LOG (latgen-faster-mapped[5.4.140~1-1ab3d]:DecodeUtteranceLatticeFaster():decoder-wrappers.cc:286) Log-like per frame for utterance mrbc0_sx329 is 3.58583 over 744 frames.
mrbc0_sx419 sil dh f ah vcl b ao cl t iy m cl k ow cl ch hh eh z iy w aa cl ch th eh n eh z ix vcl d ay sil 
LOG (latgen-faster-mapped[5.4.140~1-1ab3d]:DecodeUtteranceLatticeFaster():decoder-wrappers.cc:286) Log-like per frame for utterance mrbc0_sx419 is 3.84651 over 623 frames.
mrbc0_sx59 sil dh ix s ih ng er sh f ih ng er hh ae dx ix s cl p l eh n er sil 
LOG (latgen-faster-mapped[5.4.140~1-1ab3d]:DecodeUtteranceLatticeFaster():decoder-wrappers.cc:286) Log-like per frame for utterance mrbc0_sx59 is 3.78653 over 408 frames.
mrcg0_si1428 sil ih n eh cl s w er vcl z eh n l eh cl t r aa n ix cl s epi w cl ch uw z m ey vcl b iy r z er v d ix n ax f aa l ng w ey ix z sil 
LOG (latgen-faster-mapped[5.4.140~1-1ab3d]:DecodeUtteranceLatticeFaster():decoder-wrappers.cc:286) Log-like per frame for utterance mrcg0_si1428 is 3.74923 over 959 frames.
mrcg0_si2058 sil w ay ey cl ch uw cl p l ey n b oy l sil 
LOG (latgen-faster-mapped[5.4.140~1-1ab3d]:DecodeUtteranceLatticeFaster():decoder-wrappers.cc:286) Log-like per frame for utterance mrcg0_si2058 is 3.69208 over 528 frames.
mrcg0_si798 sil w n y er l eh s f ix cl t iy vcl t f ih ng zh ix s n ae cl t r l l uh cl b r ay dx er sil 
LOG (latgen-faster-mapped[5.4.140~1-1ab3d]:DecodeUtteranceLatticeFaster():decoder-wrappers.cc:286) Log-like per frame for utterance mrcg0_si798 is 3.8105 over 748 frames.
mrcg0_sx168 sil uw cl t uh cl k dh ix cl k ay ae cl d aw n ax vcl b ay y uw sil 
LOG (latgen-faster-mapped[5.4.140~1-1ab3d]:DecodeUtteranceLatticeFaster():decoder-wrappers.cc:286) Log-like per frame for utterance mrcg0_sx168 is 3.82656 over 524 frames.
mrcg0_sx258 sil iy eh s ey ah n d ix n ay vcl b l iy r f l eh cl k s aa r v y uw ey vcl b l iy sil 
LOG (latgen-faster-mapped[5.4.140~1-1ab3d]:DecodeUtteranceLatticeFaster():decoder-wrappers.cc:286) Log-like per frame for utterance mrcg0_sx258 is 3.87208 over 714 frames.
mrcg0_sx348 sil ah l v ax s cl k uw cl p v dh ae dx eh vcl z aa dx eh cl p er cl p el ix n cl t er cl k oy sh er b er cl sil sil 
LOG (latgen-faster-mapped[5.4.140~1-1ab3d]:DecodeUtteranceLatticeFaster():decoder-wrappers.cc:286) Log-like per frame for utterance mrcg0_sx348 is 3.89974 over 811 frames.
mrcg0_sx438 sil sh eh l sh aa cl k ao z vcl b ay sh r ae cl n l ix s ah m cl t ay n z cl ch y er vcl th r uw vcl r cl p th eh er cl p iy sil 
LOG (latgen-faster-mapped[5.4.140~1-1ab3d]:DecodeUtteranceLatticeFaster():decoder-wrappers.cc:286) Log-like per frame for utterance mrcg0_sx438 is 3.73997 over 916 frames.
mrcg0_sx78 sil d aa cl t er z cl p er s cl k r ay vcl d r ah vcl s cl t uw f r l iy sil 
LOG (latgen-faster-mapped[5.4.140~1-1ab3d]:DecodeUtteranceLatticeFaster():decoder-wrappers.cc:286) Log-like per frame for utterance mrcg0_sx78 is 3.89637 over 689 frames.
mrcw0_si1371 sil ch y uw z vcl dh iy z n uw w ey z n d eh l ey l ey f ix z dh l eh s cl t aw sil 
LOG (latgen-faster-mapped[5.4.140~1-1ab3d]:DecodeUtteranceLatticeFaster():decoder-wrappers.cc:286) Log-like per frame for utterance mrcw0_si1371 is 3.77142 over 611 frames.
mrcw0_si2001 sil w r l ao s cl t ix n b er n ng ah cl p ow r eh vcl iy sil sh uw vcl b eh dx aw cl sil t eh n s l sil 
LOG (latgen-faster-mapped[5.4.140~1-1ab3d]:DecodeUtteranceLatticeFaster():decoder-wrappers.cc:286) Log-like per frame for utterance mrcw0_si2001 is 3.64413 over 612 frames.
mrcw0_si741 sil ih n ax w ih n cl t er sil hh ax vcl b aa cl ch iy ix dh ix cl k ih cl ch n ao r vcl g r l ow v dh l aa vcl s v ax f ao er cl p l ix s sil 
LOG (latgen-faster-mapped[5.4.140~1-1ab3d]:DecodeUtteranceLatticeFaster():decoder-wrappers.cc:286) Log-like per frame for utterance mrcw0_si741 is 3.75004 over 861 frames.
mrcw0_sx111 sil hh ix s ah m d ix cl p r cl ch er sh aa cl dh ix cl k ey ah s cl sil 
LOG (latgen-faster-mapped[5.4.140~1-1ab3d]:DecodeUtteranceLatticeFaster():decoder-wrappers.cc:286) Log-like per frame for utterance mrcw0_sx111 is 3.79028 over 437 frames.
mrcw0_sx201 sil ax vcl p r ow cl ch er ih n er v iy w s cl t eh cl ch uw eh s cl k m cl p ow zh er sil 
LOG (latgen-faster-mapped[5.4.140~1-1ab3d]:DecodeUtteranceLatticeFaster():decoder-wrappers.cc:286) Log-like per frame for utterance mrcw0_sx201 is 3.83794 over 547 frames.
mrcw0_sx21 sil eh l f eh l f ah ix s ah l f iy f r hh sil 
LOG (latgen-faster-mapped[5.4.140~1-1ab3d]:RebuildRepository():determinize-lattice-pruned.cc:283) Rebuilding repository.
LOG (latgen-faster-mapped[5.4.140~1-1ab3d]:DecodeUtteranceLatticeFaster():decoder-wrappers.cc:286) Log-like per frame for utterance mrcw0_sx21 is 3.63981 over 337 frames.
mrcw0_sx291 sil dh iy ae v l ae n ch cl t er vcl er dx ax m ay n er th cl k w ey cl sil 
LOG (latgen-faster-mapped[5.4.140~1-1ab3d]:DecodeUtteranceLatticeFaster():decoder-wrappers.cc:286) Log-like per frame for utterance mrcw0_sx291 is 3.67455 over 476 frames.
mrcw0_sx381 sil w y w l cl k ax m eh n iy n uw s cl t uw vcl en s iy cl ch uw er sil 
LOG (latgen-faster-mapped[5.4.140~1-1ab3d]:DecodeUtteranceLatticeFaster():decoder-wrappers.cc:286) Log-like per frame for utterance mrcw0_sx381 is 3.80895 over 437 frames.
mrdd0_si1050 sil b ow th ix cl k ix n d ih sh ix n z ix n ix cl k m cl p ah s ix dx iy aa vcl d aa cl k m eh dx ix n cl k ix n s dx er el vcl d iy cl t ey l sil 
LOG (latgen-faster-mapped[5.4.140~1-1ab3d]:RebuildRepository():determinize-lattice-pruned.cc:283) Rebuilding repository.
LOG (latgen-faster-mapped[5.4.140~1-1ab3d]:RebuildRepository():determinize-lattice-pruned.cc:283) Rebuilding repository.
LOG (latgen-faster-mapped[5.4.140~1-1ab3d]:RebuildRepository():determinize-lattice-pruned.cc:283) Rebuilding repository.
WARNING (latgen-faster-mapped[5.4.140~1-1ab3d]:CheckMemoryUsage():determinize-lattice-pruned.cc:316) Did not reach requested beam in determinize-lattice: size exceeds maximum 20000000 bytes; (repo,arcs,elems) = (12736800,436128,6848712), after rebuilding, repo size was 8726048, effective beam was 9.75714 vs. requested beam 10
WARNING (latgen-faster-mapped[5.4.140~1-1ab3d]:DecodeUtteranceLatticeFaster():decoder-wrappers.cc:274) Determinization finished earlier than the beam for utterance mrdd0_si1050
LOG (latgen-faster-mapped[5.4.140~1-1ab3d]:DecodeUtteranceLatticeFaster():decoder-wrappers.cc:286) Log-like per frame for utterance mrdd0_si1050 is 3.64113 over 785 frames.
mrdd0_si1680 sil hh cl ch eh cl t ih n cl t uw ah m ow cl t eh l n d r ow v dh aw n cl t aw sil 
LOG (latgen-faster-mapped[5.4.140~1-1ab3d]:DecodeUtteranceLatticeFaster():decoder-wrappers.cc:286) Log-like per frame for utterance mrdd0_si1680 is 3.8496 over 575 frames.
mrdd0_si2310 sil ix n aw n ao r er sil sil d ow n ch uw n cl k er sh ix m sil 
LOG (latgen-faster-mapped[5.4.140~1-1ab3d]:DecodeUtteranceLatticeFaster():decoder-wrappers.cc:286) Log-like per frame for utterance mrdd0_si2310 is 3.8197 over 495 frames.
mrdd0_sx150 sil g eh dh ix n iy s cl k w ix s iy n ix z ix cl k s cl k w z ix cl sil 
LOG (latgen-faster-mapped[5.4.140~1-1ab3d]:DecodeUtteranceLatticeFaster():decoder-wrappers.cc:286) Log-like per frame for utterance mrdd0_sx150 is 3.69859 over 400 frames.
mrdd0_sx240 sil ix cl s epi n aa dx iy z iy cl t cl k r ey dx eh l ax m ix n ey iy vcl g z ae m cl p el s sil 
LOG (latgen-faster-mapped[5.4.140~1-1ab3d]:DecodeUtteranceLatticeFaster():decoder-wrappers.cc:286) Log-like per frame for utterance mrdd0_sx240 is 3.78313 over 550 frames.
mrdd0_sx277 sil dh ax r ow s cl k r s ay r vcl jh s m ao l vcl s epi w iy cl t sil 
LOG (latgen-faster-mapped[5.4.140~1-1ab3d]:DecodeUtteranceLatticeFaster():decoder-wrappers.cc:286) Log-like per frame for utterance mrdd0_sx277 is 3.86697 over 449 frames.
mrdd0_sx330 sil k aw cl dh ix n ah m b er v cl t iy s cl p uw n z ah v s ow iy s ao s dh eh cl ch uw ae vcl sil 
LOG (latgen-faster-mapped[5.4.140~1-1ab3d]:DecodeUtteranceLatticeFaster():decoder-wrappers.cc:286) Log-like per frame for utterance mrdd0_sx330 is 3.87555 over 627 frames.
mrdd0_sx60 sil dh ax l eh vcl jh ix s l ey cl ch er m eh cl t ix vcl jh ah vcl jh dh ix s dh ey dx v cl p ah vcl l cl k eh vcl jh iy k ey sh en sil 
LOG (latgen-faster-mapped[5.4.140~1-1ab3d]:DecodeUtteranceLatticeFaster():decoder-wrappers.cc:286) Log-like per frame for utterance mrdd0_sx60 is 3.69467 over 661 frames.
mrdm0_si1044 sil r eh z ih sh l ah s ow sh ey sh en s cl t r ah vcl el cl t ix n s epi l ey cl dh m s eh l dh ix vcl ix n z t ix n cl t r uw zh en ix z sil 
LOG (latgen-faster-mapped[5.4.140~1-1ab3d]:RebuildRepository():determinize-lattice-pruned.cc:283) Rebuilding repository.
LOG (latgen-faster-mapped[5.4.140~1-1ab3d]:RebuildRepository():determinize-lattice-pruned.cc:283) Rebuilding repository.
LOG (latgen-faster-mapped[5.4.140~1-1ab3d]:RebuildRepository():determinize-lattice-pruned.cc:283) Rebuilding repository.
LOG (latgen-faster-mapped[5.4.140~1-1ab3d]:RebuildRepository():determinize-lattice-pruned.cc:283) Rebuilding repository.
WARNING (latgen-faster-mapped[5.4.140~1-1ab3d]:CheckMemoryUsage():determinize-lattice-pruned.cc:316) Did not reach requested beam in determinize-lattice: size exceeds maximum 20000000 bytes; (repo,arcs,elems) = (12358528,460544,7183440), after rebuilding, repo size was 9666176, effective beam was 9.71192 vs. requested beam 10
WARNING (latgen-faster-mapped[5.4.140~1-1ab3d]:DecodeUtteranceLatticeFaster():decoder-wrappers.cc:274) Determinization finished earlier than the beam for utterance mrdm0_si1044
LOG (latgen-faster-mapped[5.4.140~1-1ab3d]:DecodeUtteranceLatticeFaster():decoder-wrappers.cc:286) Log-like per frame for utterance mrdm0_si1044 is 3.50304 over 835 frames.
mrdm0_si1595 sil eh cl k r uw vcl l ae dx er r ae n d aw n ow w vcl en f l ao er sil 
LOG (latgen-faster-mapped[5.4.140~1-1ab3d]:DecodeUtteranceLatticeFaster():decoder-wrappers.cc:286) Log-like per frame for utterance mrdm0_si1595 is 3.66504 over 499 frames.
mrdm0_si965 sil ax s ix n aa m iy ih z n ah ax s ih ng ow w ix uw v vcl b ax s er ix z sil 
LOG (latgen-faster-mapped[5.4.140~1-1ab3d]:RebuildRepository():determinize-lattice-pruned.cc:283) Rebuilding repository.
LOG (latgen-faster-mapped[5.4.140~1-1ab3d]:RebuildRepository():determinize-lattice-pruned.cc:283) Rebuilding repository.
LOG (latgen-faster-mapped[5.4.140~1-1ab3d]:DecodeUtteranceLatticeFaster():decoder-wrappers.cc:286) Log-like per frame for utterance mrdm0_si965 is 3.61748 over 545 frames.
mrdm0_sx155 sil dh w aa dx er cl k n cl t ey n cl t m ah cl ch k l r iy n sil ix n s cl t ah n ih z ah hh ix s sil 
LOG (latgen-faster-mapped[5.4.140~1-1ab3d]:RebuildRepository():determinize-lattice-pruned.cc:283) Rebuilding repository.
LOG (latgen-faster-mapped[5.4.140~1-1ab3d]:DecodeUtteranceLatticeFaster():decoder-wrappers.cc:286) Log-like per frame for utterance mrdm0_sx155 is 3.54454 over 664 frames.
mrdm0_sx245 sil d ix z hh eh n d uw ay dh iy aa l vcl jh iy aa aa er cl k aw ow z sil 
LOG (latgen-faster-mapped[5.4.140~1-1ab3d]:DecodeUtteranceLatticeFaster():decoder-wrappers.cc:286) Log-like per frame for utterance mrdm0_sx245 is 3.87519 over 500 frames.
mrdm0_sx335 sil k ah s ao cl p ay n cl t r iy z ih n r vcl w uh vcl z ax n ix z w ao cl th r uw s ix cl k oy ix n eh sh cl el f ao r s cl t sil 
LOG (latgen-faster-mapped[5.4.140~1-1ab3d]:DecodeUtteranceLatticeFaster():decoder-wrappers.cc:286) Log-like per frame for utterance mrdm0_sx335 is 3.5765 over 899 frames.
mrdm0_sx425 sil m uw v iy z epi n eh v er hh ae v n ah f v ax n z sil 
LOG (latgen-faster-mapped[5.4.140~1-1ab3d]:DecodeUtteranceLatticeFaster():decoder-wrappers.cc:286) Log-like per frame for utterance mrdm0_sx425 is 3.71152 over 365 frames.
mrdm0_sx65 sil ch aw aa n jh iy cl ch vcl jh ih er el z ax n t eh l vcl jh en s sil 
LOG (latgen-faster-mapped[5.4.140~1-1ab3d]:DecodeUtteranceLatticeFaster():decoder-wrappers.cc:286) Log-like per frame for utterance mrdm0_sx65 is 3.6383 over 412 frames.
mrds0_si1167 sil w iy eh vcl d ah dh ng d hh ay dx ah n r vcl b uh sh el sil 
LOG (latgen-faster-mapped[5.4.140~1-1ab3d]:DecodeUtteranceLatticeFaster():decoder-wrappers.cc:286) Log-like per frame for utterance mrds0_si1167 is 3.61689 over 364 frames.
mrds0_si1797 sil k m ao n iy l ih s epi er vcl f ao r l ah el z vcl b aw th r iy f iy vcl d aw n s uh vcl d ow vcl f ao l sil 
LOG (latgen-faster-mapped[5.4.140~1-1ab3d]:DecodeUtteranceLatticeFaster():decoder-wrappers.cc:286) Log-like per frame for utterance mrds0_si1797 is 3.61421 over 650 frames.
mrds0_si537 sil ix dx ix z w ax n ah v dh ix r r cl p ah l vcl v ih n ch er z t ih er ax w ix cl ch n er l iy eh v r w n ix z ix vcl g r iy vcl sil 
LOG (latgen-faster-mapped[5.4.140~1-1ab3d]:DecodeUtteranceLatticeFaster():decoder-wrappers.cc:286) Log-like per frame for utterance mrds0_si537 is 3.53166 over 725 frames.
mrds0_sx177 sil d ix z cl k r iy l cl k uh cl iy ng y z cl k er iy sil 
LOG (latgen-faster-mapped[5.4.140~1-1ab3d]:DecodeUtteranceLatticeFaster():decoder-wrappers.cc:286) Log-like per frame for utterance mrds0_sx177 is 3.77196 over 395 frames.
mrds0_sx267 sil d r ao eh v r iy aw er l ey n f er s dh ih n f ih l ix n iy n cl t er r er sil 
LOG (latgen-faster-mapped[5.4.140~1-1ab3d]:DecodeUtteranceLatticeFaster():decoder-wrappers.cc:286) Log-like per frame for utterance mrds0_sx267 is 3.75724 over 611 frames.
mrds0_sx357 sil dh m oy s ch er n m ay z ix s er m ay vcl r aa cl s n ah cl f m cl t ih er z sil 
LOG (latgen-faster-mapped[5.4.140~1-1ab3d]:DecodeUtteranceLatticeFaster():decoder-wrappers.cc:286) Log-like per frame for utterance mrds0_sx357 is 3.85118 over 644 frames.
mrds0_sx447 sil f er s cl t ae vcl m ih l cl t ix dh ix sh r ih dx iy vcl sh iy z sil 
LOG (latgen-faster-mapped[5.4.140~1-1ab3d]:DecodeUtteranceLatticeFaster():decoder-wrappers.cc:286) Log-like per frame for utterance mrds0_sx447 is 3.84061 over 445 frames.
mrds0_sx87 sil p er m dx ih v cl t r ay vcl z eh v n ah cl b iy ae ix vcl t uw vcl en sil 
LOG (latgen-faster-mapped[5.4.140~1-1ab3d]:DecodeUtteranceLatticeFaster():decoder-wrappers.cc:286) Log-like per frame for utterance mrds0_sx87 is 3.69006 over 429 frames.
mree0_si1104 sil dh ih s cl g er l s uw n d r aa cl s ah vcl b er z w ah z ey s ix cl k ay cl t r ih s cl t sil hh ix vcl d ih s ix cl p r uw v z v p er l ay f sil 
LOG (latgen-faster-mapped[5.4.140~1-1ab3d]:RebuildRepository():determinize-lattice-pruned.cc:283) Rebuilding repository.
LOG (latgen-faster-mapped[5.4.140~1-1ab3d]:RebuildRepository():determinize-lattice-pruned.cc:283) Rebuilding repository.
LOG (latgen-faster-mapped[5.4.140~1-1ab3d]:RebuildRepository():determinize-lattice-pruned.cc:283) Rebuilding repository.
LOG (latgen-faster-mapped[5.4.140~1-1ab3d]:RebuildRepository():determinize-lattice-pruned.cc:283) Rebuilding repository.
WARNING (latgen-faster-mapped[5.4.140~1-1ab3d]:CheckMemoryUsage():determinize-lattice-pruned.cc:316) Did not reach requested beam in determinize-lattice: size exceeds maximum 20000000 bytes; (repo,arcs,elems) = (12341344,472512,7198344), after rebuilding, repo size was 9217824, effective beam was 9.65827 vs. requested beam 10
WARNING (latgen-faster-mapped[5.4.140~1-1ab3d]:DecodeUtteranceLatticeFaster():decoder-wrappers.cc:274) Determinization finished earlier than the beam for utterance mree0_si1104
LOG (latgen-faster-mapped[5.4.140~1-1ab3d]:DecodeUtteranceLatticeFaster():decoder-wrappers.cc:286) Log-like per frame for utterance mree0_si1104 is 3.75425 over 911 frames.
mree0_si1734 sil ih w z n aa cl w dx eh v er cl t ey l s cl t ow l vcl b ay cl t ey l s sil 
LOG (latgen-faster-mapped[5.4.140~1-1ab3d]:DecodeUtteranceLatticeFaster():decoder-wrappers.cc:286) Log-like per frame for utterance mree0_si1734 is 3.73863 over 648 frames.
mree0_si1959 sil hh iy ih n aa vcl k eh v er dx ah hh ah n ih vcl g aa r z cl p f ao er vcl g ah n cl k r ae sh cl f r m s w er vcl r hh aa ah n d sil 
LOG (latgen-faster-mapped[5.4.140~1-1ab3d]:DecodeUtteranceLatticeFaster():decoder-wrappers.cc:286) Log-like per frame for utterance mree0_si1959 is 3.77908 over 835 frames.
mree0_sx114 sil ix cl k r cl t uw n f iy cl ch er z ax m ah s cl g r ae cl ix ix n cl t ae vcl p el sil 
LOG (latgen-faster-mapped[5.4.140~1-1ab3d]:RebuildRepository():determinize-lattice-pruned.cc:283) Rebuilding repository.
LOG (latgen-faster-mapped[5.4.140~1-1ab3d]:DecodeUtteranceLatticeFaster():decoder-wrappers.cc:286) Log-like per frame for utterance mree0_sx114 is 3.72519 over 527 frames.
mree0_sx204 sil iy v ix n ay ow cl k ey zh l uw iy y ih cl dh m ah n d ey vcl b l ix z sil 
LOG (latgen-faster-mapped[5.4.140~1-1ab3d]:DecodeUtteranceLatticeFaster():decoder-wrappers.cc:286) Log-like per frame for utterance mree0_sx204 is 3.75079 over 514 frames.
mree0_sx24 sil ao l ow l w z l ow n sil w iy s r aa ah v sil 
LOG (latgen-faster-mapped[5.4.140~1-1ab3d]:DecodeUtteranceLatticeFaster():decoder-wrappers.cc:286) Log-like per frame for utterance mree0_sx24 is 3.81335 over 459 frames.
mree0_sx294 sil sh uh vcl jh r ae s cl p ix cl k eh cl t en s epi m ao l z uw z sil 
LOG (latgen-faster-mapped[5.4.140~1-1ab3d]:DecodeUtteranceLatticeFaster():decoder-wrappers.cc:286) Log-like per frame for utterance mree0_sx294 is 3.981 over 528 frames.
mree0_sx384 sil p l iy sh ao r en n ih s cl k er cl f er vcl jh ow ey s sil 
LOG (latgen-faster-mapped[5.4.140~1-1ab3d]:DecodeUtteranceLatticeFaster():decoder-wrappers.cc:286) Log-like per frame for utterance mree0_sx384 is 3.86023 over 427 frames.
mreh1_si1599 sil dh ey m uw v cl t ao r vcl dh s cl g ih v s sil w ix th sh aa cl k ng iy vcl g er n ih s sil eh l vcl b ow ng ix n sh ah v eh ng sil 
LOG (latgen-faster-mapped[5.4.140~1-1ab3d]:DecodeUtteranceLatticeFaster():decoder-wrappers.cc:286) Log-like per frame for utterance mreh1_si1599 is 3.85781 over 1009 frames.
mreh1_si2229 sil hh aw z y er s ah n b er n aw sil 
LOG (latgen-faster-mapped[5.4.140~1-1ab3d]:DecodeUtteranceLatticeFaster():decoder-wrappers.cc:286) Log-like per frame for utterance mreh1_si2229 is 3.899 over 374 frames.
mreh1_si969 sil w ah vcl d hh eh vcl b ih n iy ih m b ae s ax dx er s epi w iy cl sil w z n aw vcl jh ae vcl g ix vcl w ao l z ax v vcl b l ae cl k ix n b r eh cl k sil 
LOG (latgen-faster-mapped[5.4.140~1-1ab3d]:DecodeUtteranceLatticeFaster():decoder-wrappers.cc:286) Log-like per frame for utterance mreh1_si969 is 3.9083 over 1054 frames.
mreh1_sx159 sil dh vcl g ah v er m eh n cl s aa cl sil aa th er z ey sh ix n ah v hh ix s ix s en sh ix cl sil 
LOG (latgen-faster-mapped[5.4.140~1-1ab3d]:DecodeUtteranceLatticeFaster():decoder-wrappers.cc:286) Log-like per frame for utterance mreh1_sx159 is 3.83337 over 705 frames.
mreh1_sx249 sil ay iy ey cl eh v r iy oy s cl t er ao n ao r ah s cl p l ey cl sil 
LOG (latgen-faster-mapped[5.4.140~1-1ab3d]:DecodeUtteranceLatticeFaster():decoder-wrappers.cc:286) Log-like per frame for utterance mreh1_sx249 is 3.85007 over 529 frames.
mreh1_sx339 sil d ih vcl sh ao n cl k ae cl ch dh ae cl b ih vcl g uw s w ix th aw ae l cl sil 
LOG (latgen-faster-mapped[5.4.140~1-1ab3d]:DecodeUtteranceLatticeFaster():decoder-wrappers.cc:286) Log-like per frame for utterance mreh1_sx339 is 3.85067 over 597 frames.
mreh1_sx429 sil ey cl t uw th p ey s cl t uw vcl b sh ix vcl d iy s cl k w iy z cl ch f r ah m dh ax vcl b aa ah m sil 
LOG (latgen-faster-mapped[5.4.140~1-1ab3d]:DecodeUtteranceLatticeFaster():decoder-wrappers.cc:286) Log-like per frame for utterance mreh1_sx429 is 4.02511 over 646 frames.
mreh1_sx69 sil iy y er r ey z ix n z sil aw cl t ao er s sil aa n ax cl p ao r cl sh s cl t eh cl p s sil 
LOG (latgen-faster-mapped[5.4.140~1-1ab3d]:DecodeUtteranceLatticeFaster():decoder-wrappers.cc:286) Log-like per frame for utterance mreh1_sx69 is 3.82242 over 693 frames.
mrem0_si1591 sil hh er l eh cl s sil m oy s cl t ix n cl p aa r ix vcl sil s cl p ow cl k ix z n ey n sil 
LOG (latgen-faster-mapped[5.4.140~1-1ab3d]:DecodeUtteranceLatticeFaster():decoder-wrappers.cc:286) Log-like per frame for utterance mrem0_si1591 is 3.51635 over 577 frames.
mrem0_si511 sil dh ix s ix z ax cl p r aa vcl el n ax vcl g l z cl k en s dx er vcl l iy vcl b iy aa n cl k ah s cl ch en z ax v s ae l r iy ix n t eh n y er sil 
LOG (latgen-faster-mapped[5.4.140~1-1ab3d]:RebuildRepository():determinize-lattice-pruned.cc:283) Rebuilding repository.
LOG (latgen-faster-mapped[5.4.140~1-1ab3d]:DecodeUtteranceLatticeFaster():decoder-wrappers.cc:286) Log-like per frame for utterance mrem0_si511 is 3.63081 over 872 frames.
mrem0_si961 sil dh cl k ow l ih sh en w ax z cl t ax cl p r uw v ix vcl d ay z el sil 
LOG (latgen-faster-mapped[5.4.140~1-1ab3d]:DecodeUtteranceLatticeFaster():decoder-wrappers.cc:286) Log-like per frame for utterance mrem0_si961 is 3.51727 over 482 frames.
mrem0_sx151 sil dh cl p r iy v iy s cl p iy k er cl p r zh eh n ix vcl eh m b ih vcl g uw ax sh r z l cl s sil 
LOG (latgen-faster-mapped[5.4.140~1-1ab3d]:DecodeUtteranceLatticeFaster():decoder-wrappers.cc:286) Log-like per frame for utterance mrem0_sx151 is 3.42831 over 592 frames.
mrem0_sx241 sil b ax hh ao w ey ow cl p m z ix n cl t w ix hh y uw vcl jh cl ch ey m b er sil 
LOG (latgen-faster-mapped[5.4.140~1-1ab3d]:RebuildRepository():determinize-lattice-pruned.cc:283) Rebuilding repository.
LOG (latgen-faster-mapped[5.4.140~1-1ab3d]:DecodeUtteranceLatticeFaster():decoder-wrappers.cc:286) Log-like per frame for utterance mrem0_sx241 is 3.57914 over 474 frames.
mrem0_sx331 sil dh vcl v ih vcl d ao vcl sil l ah v cl t cl ch uw ah n iy el vcl r ae vcl d aa l sil 
LOG (latgen-faster-mapped[5.4.140~1-1ab3d]:DecodeUtteranceLatticeFaster():decoder-wrappers.cc:286) Log-like per frame for utterance mrem0_sx331 is 3.5743 over 628 frames.
mrem0_sx421 sil dh ow s uw cl t iy cl ch f ae y uw z f er s cl ax vcl b ao l sh cl ch iy ng sil 
LOG (latgen-faster-mapped[5.4.140~1-1ab3d]:DecodeUtteranceLatticeFaster():decoder-wrappers.cc:286) Log-like per frame for utterance mrem0_sx421 is 3.74315 over 572 frames.
mrem0_sx61 sil ch ae cl k uh en r ow z z n eh v er f ey l z r m ae n t ix vcl k iy eh th cl t sil 
LOG (latgen-faster-mapped[5.4.140~1-1ab3d]:DecodeUtteranceLatticeFaster():decoder-wrappers.cc:286) Log-like per frame for utterance mrem0_sx61 is 3.44664 over 606 frames.
mrew1_si1500 sil y eh vcl iy uh dh eh dx ih cl s cl p l ow zh ix n d ix n aa m iy n m ah cl ch sil 
LOG (latgen-faster-mapped[5.4.140~1-1ab3d]:RebuildRepository():determinize-lattice-pruned.cc:283) Rebuilding repository.
LOG (latgen-faster-mapped[5.4.140~1-1ab3d]:DecodeUtteranceLatticeFaster():decoder-wrappers.cc:286) Log-like per frame for utterance mrew1_si1500 is 3.49093 over 504 frames.
mrew1_si2130 sil d ah z ih s vcl b aa dh er y uw sil 
LOG (latgen-faster-mapped[5.4.140~1-1ab3d]:DecodeUtteranceLatticeFaster():decoder-wrappers.cc:286) Log-like per frame for utterance mrew1_si2130 is 3.72055 over 262 frames.
mrew1_si870 sil ih w l cl k aa m ax dx ey cl f ay n r ey cl s ax z l ow ix z ae f ax vcl g ae l ax aw er sil 
LOG (latgen-faster-mapped[5.4.140~1-1ab3d]:DecodeUtteranceLatticeFaster():decoder-wrappers.cc:286) Log-like per frame for utterance mrew1_si870 is 3.61758 over 675 frames.
mrew1_sx150 sil dh iy ih m ah n iy z cl k ax z iy n ih z ix cl k s cl k w ix z ix cl sil 
LOG (latgen-faster-mapped[5.4.140~1-1ab3d]:DecodeUtteranceLatticeFaster():decoder-wrappers.cc:286) Log-like per frame for utterance mrew1_sx150 is 3.86674 over 452 frames.
mrew1_sx240 sil ih s epi n aa dx iy z iy cl t ix cl k r ey dx l ah m ih n ey dx iy ng ix cl z ae cl p el s sil 
LOG (latgen-faster-mapped[5.4.140~1-1ab3d]:DecodeUtteranceLatticeFaster():decoder-wrappers.cc:286) Log-like per frame for utterance mrew1_sx240 is 3.90391 over 573 frames.
mrew1_sx330 sil k aw dh ix n ah m er v cl t iy s cl p uw z ax s oy s ao s dh eh cl ch uw ey ae vcl sil 
LOG (latgen-faster-mapped[5.4.140~1-1ab3d]:DecodeUtteranceLatticeFaster():decoder-wrappers.cc:286) Log-like per frame for utterance mrew1_sx330 is 3.86043 over 687 frames.
mrew1_sx420 sil s iy n s cl t er s ix z ah cl t ae cl z ih cl p er z epi w dh ah th ih m b el n ey el ix n th er eh cl sil 
LOG (latgen-faster-mapped[5.4.140~1-1ab3d]:DecodeUtteranceLatticeFaster():decoder-wrappers.cc:286) Log-like per frame for utterance mrew1_sx420 is 3.65625 over 673 frames.
mrew1_sx60 sil dh l eh vcl jh ix s l ey cl ch er m eh cl t ix vcl jh ah z ix s cl t ey dx ix f p ah vcl l cl k ih jh cl k ey sh ix n sil 
LOG (latgen-faster-mapped[5.4.140~1-1ab3d]:DecodeUtteranceLatticeFaster():decoder-wrappers.cc:286) Log-like per frame for utterance mrew1_sx60 is 3.6967 over 670 frames.
mrfk0_si1076 sil t iy n iy vcl b aa dx iy z cl d r aa cl d aa n uw vcl d r ay l iy f sil m ey dx cl p aa l z vcl b ix vcl ix z s epi m ao l aw cl p el sil 
LOG (latgen-faster-mapped[5.4.140~1-1ab3d]:DecodeUtteranceLatticeFaster():decoder-wrappers.cc:286) Log-like per frame for utterance mrfk0_si1076 is 3.82218 over 876 frames.
mrfk0_si1706 sil dh l cl t ow y uw w cl t s cl k uh cl k ax n sil 
LOG (latgen-faster-mapped[5.4.140~1-1ab3d]:DecodeUtteranceLatticeFaster():decoder-wrappers.cc:286) Log-like per frame for utterance mrfk0_si1706 is 3.80782 over 298 frames.
mrfk0_si2336 sil l er ah dh er th ih ng z cl t vcl d uw r ay n aw sil 
LOG (latgen-faster-mapped[5.4.140~1-1ab3d]:DecodeUtteranceLatticeFaster():decoder-wrappers.cc:286) Log-like per frame for utterance mrfk0_si2336 is 3.71046 over 419 frames.
mrfk0_sx176 sil b ay ng ix th er ow vcl b er vcl d hh ao r s epi cl k ao r z ix n cl t w ix sh en n eh cl k s cl p er cl t iy s sil 
LOG (latgen-faster-mapped[5.4.140~1-1ab3d]:DecodeUtteranceLatticeFaster():decoder-wrappers.cc:286) Log-like per frame for utterance mrfk0_sx176 is 3.80604 over 712 frames.
mrfk0_sx266 sil w vcl d r ao l ow l iy z epi m ah vcl ch epi m ah n iy zh n iy vcl sil 
LOG (latgen-faster-mapped[5.4.140~1-1ab3d]:DecodeUtteranceLatticeFaster():decoder-wrappers.cc:286) Log-like per frame for utterance mrfk0_sx266 is 3.67348 over 424 frames.
mrfk0_sx356 sil d ay ae n m ey s cl p l er vcl jh m b ay cl t er cl k oy z epi n ae cl k l s sil 
LOG (latgen-faster-mapped[5.4.140~1-1ab3d]:DecodeUtteranceLatticeFaster():decoder-wrappers.cc:286) Log-like per frame for utterance mrfk0_sx356 is 3.73596 over 570 frames.
mrfk0_sx446 sil t aa m ix s dh ix ng s l aa r vcl jh er cl k l ae m cl p s ao l z ax cl p r aa vcl el sil 
LOG (latgen-faster-mapped[5.4.140~1-1ab3d]:DecodeUtteranceLatticeFaster():decoder-wrappers.cc:286) Log-like per frame for utterance mrfk0_sx446 is 3.76257 over 502 frames.
mrfk0_sx86 sil s cl p eh n ix cl k aa s cl t uw m z er cl k oy cl k l ao r f el sil 
LOG (latgen-faster-mapped[5.4.140~1-1ab3d]:DecodeUtteranceLatticeFaster():decoder-wrappers.cc:286) Log-like per frame for utterance mrfk0_sx86 is 3.79107 over 444 frames.
mrfl0_si1156 sil d ih s z w ah n ix s ah s ax cl t ey vcl s ix n ao n s ix s cl s m ae dx ih cl k eh cl t er ah v ix z ax s cl k ao n ix m iy sil 
LOG (latgen-faster-mapped[5.4.140~1-1ab3d]:DecodeUtteranceLatticeFaster():decoder-wrappers.cc:286) Log-like per frame for utterance mrfl0_si1156 is 3.72507 over 930 frames.
mrfl0_si1786 sil dh m ae n z ay l ih vcl z f l ah dx er vcl d sil 
LOG (latgen-faster-mapped[5.4.140~1-1ab3d]:DecodeUtteranceLatticeFaster():decoder-wrappers.cc:286) Log-like per frame for utterance mrfl0_si1786 is 3.77602 over 422 frames.
mrfl0_si526 sil dh iy cl k ng g r ae zh l ey cl th iy ih n cl t aa r m ih m er sh ix cl p ao n s epi r er cl k er dx v vcl g ix vcl l ih vcl ix s b l ey sh en sil 
LOG (latgen-faster-mapped[5.4.140~1-1ab3d]:DecodeUtteranceLatticeFaster():decoder-wrappers.cc:286) Log-like per frame for utterance mrfl0_si526 is 3.63259 over 820 frames.
mrfl0_sx166 sil b aa l vcl jh ix s iy z r ey iy ow ae cl t ix v ax ay s ix cl t ah l vcl s ix s cl t ah r iy m ay cl k ao r vcl n uw z m s sil 
LOG (latgen-faster-mapped[5.4.140~1-1ab3d]:RebuildRepository():determinize-lattice-pruned.cc:283) Rebuilding repository.
LOG (latgen-faster-mapped[5.4.140~1-1ab3d]:DecodeUtteranceLatticeFaster():decoder-wrappers.cc:286) Log-like per frame for utterance mrfl0_sx166 is 3.67057 over 842 frames.
mrfl0_sx256 sil dh ax aa r ey dx ae cl t er s cl t aa m cl t w ey iy dx iy aa ix cl k l iy sil 
LOG (latgen-faster-mapped[5.4.140~1-1ab3d]:DecodeUtteranceLatticeFaster():decoder-wrappers.cc:286) Log-like per frame for utterance mrfl0_sx256 is 3.69958 over 570 frames.
mrfl0_sx346 sil dh vcl b eh r cl k uw dx er r iy cl k oy el vcl f ax m s er cl p ix n s cl p oy z ix s f ae ng s sil 
LOG (latgen-faster-mapped[5.4.140~1-1ab3d]:RebuildRepository():determinize-lattice-pruned.cc:283) Rebuilding repository.
LOG (latgen-faster-mapped[5.4.140~1-1ab3d]:DecodeUtteranceLatticeFaster():decoder-wrappers.cc:286) Log-like per frame for utterance mrfl0_sx346 is 3.73826 over 752 frames.
mrfl0_sx436 sil p l iy s ih ng m jh ih s cl th ix cl k l ah vcl th iy n sil 
LOG (latgen-faster-mapped[5.4.140~1-1ab3d]:DecodeUtteranceLatticeFaster():decoder-wrappers.cc:286) Log-like per frame for utterance mrfl0_sx436 is 3.93136 over 450 frames.
mrfl0_sx76 sil ch ih dx l iy cl p l ey s cl jh ih m z f aa ow n s cl k ao l cl ch er ix n ax vcl b ao cl k s sil 
LOG (latgen-faster-mapped[5.4.140~1-1ab3d]:DecodeUtteranceLatticeFaster():decoder-wrappers.cc:286) Log-like per frame for utterance mrfl0_sx76 is 3.6683 over 637 frames.
mrgm0_si1162 sil t uw th iy s cl k ix n t r ih vcl d ih cl t uw hh ih s cl p aa cl p y l eh er cl t ix sil 
LOG (latgen-faster-mapped[5.4.140~1-1ab3d]:DecodeUtteranceLatticeFaster():decoder-wrappers.cc:286) Log-like per frame for utterance mrgm0_si1162 is 3.6837 over 646 frames.
mrgm0_si1792 sil sil w ay vcl ow n dh ey cl t eh l m iy vcl dh ix m s eh l th ix v ih vcl b aa dh ax z dh ih l sil 
LOG (latgen-faster-mapped[5.4.140~1-1ab3d]:DecodeUtteranceLatticeFaster():decoder-wrappers.cc:286) Log-like per frame for utterance mrgm0_si1792 is 3.5601 over 737 frames.
mrgm0_si532 sil b er dh ih hh ae z ih z w er cl k ah dx aw cl s dh aa cl p ih n ae n aa cl k iy hh w r ey dx ih z n aw vcl g eh er s ax n cl t sil 
LOG (latgen-faster-mapped[5.4.140~1-1ab3d]:DecodeUtteranceLatticeFaster():decoder-wrappers.cc:286) Log-like per frame for utterance mrgm0_si532 is 3.70723 over 956 frames.
mrgm0_sx172 sil dh ix cl ch r ay l m f ax n cl w ao r iy ow ix vcl g z ih r uw vcl n ay iy hh eh r ow z uw m sil 
LOG (latgen-faster-mapped[5.4.140~1-1ab3d]:DecodeUtteranceLatticeFaster():decoder-wrappers.cc:286) Log-like per frame for utterance mrgm0_sx172 is 3.7097 over 811 frames.
mrgm0_sx262 sil k ae n dh iy ey jh ix s iy ow w th r ow ey l iy y n f ao s ix s sil 
LOG (latgen-faster-mapped[5.4.140~1-1ab3d]:DecodeUtteranceLatticeFaster():decoder-wrappers.cc:286) Log-like per frame for utterance mrgm0_sx262 is 3.59428 over 589 frames.
mrgm0_sx416 sil ey hh uw z cl p aw aw ix z epi r l iy ax cl k er v z sil 
LOG (latgen-faster-mapped[5.4.140~1-1ab3d]:DecodeUtteranceLatticeFaster():decoder-wrappers.cc:286) Log-like per frame for utterance mrgm0_sx416 is 3.67868 over 564 frames.
LOG (copy-feats[5.4.140~1-1ab3d]:main():copy-feats.cc:143) Copied 184 feature matrices.
mrgm0_sx442 sil sil sil s ax vcl b er vcl b iy ih n hh aw s w ay v dh sil ao f t ax s ao f ax f r ah m sil dh ix vcl g ae vcl hh ae v ix cl sil 
LOG (latgen-faster-mapped[5.4.140~1-1ab3d]:DecodeUtteranceLatticeFaster():decoder-wrappers.cc:286) Log-like per frame for utterance mrgm0_sx442 is 3.71377 over 1037 frames.
LOG (nnet-forward[5.4.140~1-1ab3d]:main():nnet-forward.cc:192) Done 184 files in 6.66624min, (fps 281.888)
mrgm0_sx82 sil g uh vcl s er v ix sh ih vcl b iy r ix w ao dx ix vcl b ay vcl b ih cl t ih cl p s sil 
LOG (latgen-faster-mapped[5.4.140~1-1ab3d]:DecodeUtteranceLatticeFaster():decoder-wrappers.cc:286) Log-like per frame for utterance mrgm0_sx82 is 3.72733 over 579 frames.
LOG (latgen-faster-mapped[5.4.140~1-1ab3d]:main():latgen-faster-mapped.cc:164) Time taken 400.327s: real-time factor assuming 100 frames/sec is 0.355064
LOG (latgen-faster-mapped[5.4.140~1-1ab3d]:main():latgen-faster-mapped.cc:167) Done 184 utterances, failed for 0
LOG (latgen-faster-mapped[5.4.140~1-1ab3d]:main():latgen-faster-mapped.cc:169) Overall log-likelihood per frame is 3.75504 over 112748 frames.
# Accounting: time=403 threads=1
# Ended (code 0) at Thu Jun 21 11:03:53 CST 2018, elapsed time 403 seconds
