# latgen-faster-mapped --beam=18.0 --lattice-beam=10.0 --acoustic-scale=0.2 --max-mem=20000000 --max-active=5000 --word-symbol-table=data/lang/words.txt exp/dnn4_pretrain-dbn_dnn/final.mdl exp/dnn4_pretrain-dbn_dnn_denlats/dengraph/HCLG.fst "ark,s,cs:copy-feats scp:data-fmllr-tri3/train/split20/11/feats.scp ark:- | nnet-forward --no-softmax=true --prior-scale=1.0 --feature-transform=exp/dnn4_pretrain-dbn_dnn/final.feature_transform --class-frame-counts=exp/dnn4_pretrain-dbn_dnn/ali_train_pdf.counts --use-gpu=no exp/dnn4_pretrain-dbn_dnn/final.nnet ark:- ark:- |" scp:exp/dnn4_pretrain-dbn_dnn_denlats/lat.store_separately_as_gz.scp 
# Started at Thu Jun 21 10:57:10 CST 2018
#
latgen-faster-mapped --beam=18.0 --lattice-beam=10.0 --acoustic-scale=0.2 --max-mem=20000000 --max-active=5000 --word-symbol-table=data/lang/words.txt exp/dnn4_pretrain-dbn_dnn/final.mdl exp/dnn4_pretrain-dbn_dnn_denlats/dengraph/HCLG.fst 'ark,s,cs:copy-feats scp:data-fmllr-tri3/train/split20/11/feats.scp ark:- | nnet-forward --no-softmax=true --prior-scale=1.0 --feature-transform=exp/dnn4_pretrain-dbn_dnn/final.feature_transform --class-frame-counts=exp/dnn4_pretrain-dbn_dnn/ali_train_pdf.counts --use-gpu=no exp/dnn4_pretrain-dbn_dnn/final.nnet ark:- ark:- |' scp:exp/dnn4_pretrain-dbn_dnn_denlats/lat.store_separately_as_gz.scp 
copy-feats scp:data-fmllr-tri3/train/split20/11/feats.scp ark:- 
nnet-forward --no-softmax=true --prior-scale=1.0 --feature-transform=exp/dnn4_pretrain-dbn_dnn/final.feature_transform --class-frame-counts=exp/dnn4_pretrain-dbn_dnn/ali_train_pdf.counts --use-gpu=no exp/dnn4_pretrain-dbn_dnn/final.nnet ark:- ark:- 
LOG (nnet-forward[5.4.140~1-1ab3d]:SelectGpuId():cu-device.cc:123) Manually selected to compute on CPU.
LOG (nnet-forward[5.4.140~1-1ab3d]:main():nnet-forward.cc:93) Removing <Softmax> from the nnet exp/dnn4_pretrain-dbn_dnn/final.nnet
LOG (nnet-forward[5.4.140~1-1ab3d]:PdfPrior():nnet-pdf-prior.cc:34) Computing pdf-priors from : exp/dnn4_pretrain-dbn_dnn/ali_train_pdf.counts
LOG (nnet-forward[5.4.140~1-1ab3d]:PdfPrior():nnet-pdf-prior.cc:64) Floored 0 pdf-priors (hard-set to 1.84467e+19, which disables DNN output when decoding)
mgar0_si1212 sil dh ey r n aa cl ch r uw vcl b ix cl k eh s ay n cl t ih s er cl p r aa f ix cl s ey dh ey er cl t er uw sil 
LOG (latgen-faster-mapped[5.4.140~1-1ab3d]:DecodeUtteranceLatticeFaster():decoder-wrappers.cc:286) Log-like per frame for utterance mgar0_si1212 is 3.83485 over 739 frames.
mgar0_si1694 sil s ah m w ah n r iy z ax l iy cl t r ah s epi w r th iy sil 
LOG (latgen-faster-mapped[5.4.140~1-1ab3d]:DecodeUtteranceLatticeFaster():decoder-wrappers.cc:286) Log-like per frame for utterance mgar0_si1694 is 3.71584 over 431 frames.
mgar0_si1842 sil w n sh iy w ow cl k er sil sh y w ih s ix sh eh cl p sil 
LOG (latgen-faster-mapped[5.4.140~1-1ab3d]:DecodeUtteranceLatticeFaster():decoder-wrappers.cc:286) Log-like per frame for utterance mgar0_si1842 is 3.93199 over 497 frames.
mgar0_sx132 sil p ax vcl b l ih s ih vcl d iy hh eh n ow dx er r ay dx iy cl k ow hh ae n d ix n hh ae n d sil 
LOG (latgen-faster-mapped[5.4.140~1-1ab3d]:DecodeUtteranceLatticeFaster():decoder-wrappers.cc:286) Log-like per frame for utterance mgar0_sx132 is 3.78756 over 592 frames.
mgar0_sx222 sil y uw l oy s cl k ah m ah cl p ax cl p ae th l aa vcl jh cl k el ix vcl z ae m cl p el z sil 
LOG (latgen-faster-mapped[5.4.140~1-1ab3d]:DecodeUtteranceLatticeFaster():decoder-wrappers.cc:286) Log-like per frame for utterance mgar0_sx222 is 3.76733 over 671 frames.
mgar0_sx312 sil dh ow z ae n s ix z f el b iy s cl t r ey vcl f ao er dx ih f iy cl dh ng th r uw dh eh m cl k eh r f el iy f er s sil 
LOG (latgen-faster-mapped[5.4.140~1-1ab3d]:DecodeUtteranceLatticeFaster():decoder-wrappers.cc:286) Log-like per frame for utterance mgar0_sx312 is 3.76902 over 802 frames.
mgar0_sx402 sil w el s er v r uw vcl b aa r vcl p ay ae f cl t er r r cl ch el s cl t aa cl k sil 
LOG (latgen-faster-mapped[5.4.140~1-1ab3d]:DecodeUtteranceLatticeFaster():decoder-wrappers.cc:286) Log-like per frame for utterance mgar0_sx402 is 3.92814 over 609 frames.
mgar0_sx42 sil b ih vcl b ax cl k el s cl k ao l er z aa r vcl y uw hh ih s cl t r iy sil 
LOG (latgen-faster-mapped[5.4.140~1-1ab3d]:DecodeUtteranceLatticeFaster():decoder-wrappers.cc:286) Log-like per frame for utterance mgar0_sx42 is 3.79276 over 474 frames.
mgaw0_si1165 sil dh iy cl k ix cl t ih n y uw ng m aa dx er n ix z ey sh ix n ax v iy s f ao r s ix z z ix cl k ao s l iy vcl b ix n eh z s eh r cl p r aa s eh s sil 
LOG (latgen-faster-mapped[5.4.140~1-1ab3d]:DecodeUtteranceLatticeFaster():decoder-wrappers.cc:286) Log-like per frame for utterance mgaw0_si1165 is 3.89273 over 883 frames.
mgaw0_si1802 sil aa r hh aa v ax th ah dx ih cl k el ah dh er vcl b ao m hh uw cl k ih l hh ih m w vcl hh ah cl t er n aw ix z cl p aa cl k ix cl s sil 
LOG (latgen-faster-mapped[5.4.140~1-1ab3d]:RebuildRepository():determinize-lattice-pruned.cc:283) Rebuilding repository.
LOG (latgen-faster-mapped[5.4.140~1-1ab3d]:DecodeUtteranceLatticeFaster():decoder-wrappers.cc:286) Log-like per frame for utterance mgaw0_si1802 is 3.69023 over 744 frames.
mgaw0_si535 sil t uw m eh n iy hh ae vcl b ao vcl d aw n ix n b ih cl k er ng sil 
LOG (latgen-faster-mapped[5.4.140~1-1ab3d]:DecodeUtteranceLatticeFaster():decoder-wrappers.cc:286) Log-like per frame for utterance mgaw0_si535 is 3.86114 over 419 frames.
mgaw0_sx175 sil s v ih er m ay ow cl p ih cl k n ch uw cl t ix vcl t r aa n z iy n f er iy er dx iy cl k aa l m cl p l eh cl s sil 
LOG (latgen-faster-mapped[5.4.140~1-1ab3d]:DecodeUtteranceLatticeFaster():decoder-wrappers.cc:286) Log-like per frame for utterance mgaw0_sx175 is 3.74439 over 702 frames.
mgaw0_sx265 sil dh ix s ao z cl p r ow cl k eh n sil s ow cl ch aa cl dh w dx n s cl t eh vcl sil 
LOG (latgen-faster-mapped[5.4.140~1-1ab3d]:DecodeUtteranceLatticeFaster():decoder-wrappers.cc:286) Log-like per frame for utterance mgaw0_sx265 is 3.85254 over 551 frames.
mgaw0_sx355 sil d ao f ah z er n cl t eh l jh ix n m er r iy n m ae el s sil 
LOG (latgen-faster-mapped[5.4.140~1-1ab3d]:DecodeUtteranceLatticeFaster():decoder-wrappers.cc:286) Log-like per frame for utterance mgaw0_sx355 is 3.66146 over 410 frames.
mgaw0_sx445 sil w dx ix z ix s l r jh th ae ng b ay dx iy aa er ix ng b ao r vcl sil 
LOG (latgen-faster-mapped[5.4.140~1-1ab3d]:DecodeUtteranceLatticeFaster():decoder-wrappers.cc:286) Log-like per frame for utterance mgaw0_sx445 is 3.86879 over 420 frames.
mgaw0_sx85 sil s m eh n cl t ix z m eh zh er dx ix n cl k y v ix cl g aa er vcl s sil 
LOG (latgen-faster-mapped[5.4.140~1-1ab3d]:DecodeUtteranceLatticeFaster():decoder-wrappers.cc:286) Log-like per frame for utterance mgaw0_sx85 is 3.74654 over 433 frames.
mges0_si1481 sil w ah z dh ah l v ey n l ey vcl er sil 
LOG (latgen-faster-mapped[5.4.140~1-1ab3d]:DecodeUtteranceLatticeFaster():decoder-wrappers.cc:286) Log-like per frame for utterance mges0_si1481 is 3.67856 over 260 frames.
mges0_si2111 sil b ah r uw l eh cl s n aw m ay vcl g ey m sil 
LOG (latgen-faster-mapped[5.4.140~1-1ab3d]:DecodeUtteranceLatticeFaster():decoder-wrappers.cc:286) Log-like per frame for utterance mges0_si2111 is 3.63743 over 290 frames.
mges0_si851 sil r y uw l ao z ix m v ih n iy m sh iy n p r ow s iy z cl t hh ow cl p ey f y er cl p r ow vcl r ae m sil 
LOG (latgen-faster-mapped[5.4.140~1-1ab3d]:RebuildRepository():determinize-lattice-pruned.cc:283) Rebuilding repository.
LOG (latgen-faster-mapped[5.4.140~1-1ab3d]:DecodeUtteranceLatticeFaster():decoder-wrappers.cc:286) Log-like per frame for utterance mges0_si851 is 3.66239 over 689 frames.
mges0_sx131 sil ix cl p l eh n vcl b ih l n iy vcl b eh v er jh cl p ay n sil 
LOG (latgen-faster-mapped[5.4.140~1-1ab3d]:DecodeUtteranceLatticeFaster():decoder-wrappers.cc:286) Log-like per frame for utterance mges0_sx131 is 3.52281 over 369 frames.
mges0_sx221 sil k ao r ih cl t ae cl dh f r aa vcl jh ih vcl w dh eh sh dx ix cl t er m n ey sh en sil 
LOG (latgen-faster-mapped[5.4.140~1-1ab3d]:DecodeUtteranceLatticeFaster():decoder-wrappers.cc:286) Log-like per frame for utterance mges0_sx221 is 3.52684 over 458 frames.
mges0_sx311 sil m aa vcl d ix z aa r z ax s eh m cl p el sil ix m ih w ah n ix n f ao ao m cl t ix cl p eh er vcl r ae f ao n ix s ah vcl jh ix cl sil sil 
LOG (latgen-faster-mapped[5.4.140~1-1ab3d]:DecodeUtteranceLatticeFaster():decoder-wrappers.cc:286) Log-like per frame for utterance mges0_sx311 is 3.67151 over 876 frames.
mges0_sx401 sil t ae s ix k eh vcl b r ow vcl d aw ng k ao z ax cl t r ae f y ae m sil 
LOG (latgen-faster-mapped[5.4.140~1-1ab3d]:DecodeUtteranceLatticeFaster():decoder-wrappers.cc:286) Log-like per frame for utterance mges0_sx401 is 3.54772 over 472 frames.
mges0_sx41 sil eh dx ih cl k ih vcl m ae n d ey cl s cl k ah m p l ay eh n s w dh ix z ix s cl t ng ey y ix l ey sh en z sil 
LOG (latgen-faster-mapped[5.4.140~1-1ab3d]:DecodeUtteranceLatticeFaster():decoder-wrappers.cc:286) Log-like per frame for utterance mges0_sx41 is 3.64398 over 632 frames.
mgjc0_si1256 sil ao er vcl jh ih n ah v s cl t ey dx ao ax m el b ih l cl p r ae cl t s ix s sil 
LOG (latgen-faster-mapped[5.4.140~1-1ab3d]:DecodeUtteranceLatticeFaster():decoder-wrappers.cc:286) Log-like per frame for utterance mgjc0_si1256 is 3.7251 over 564 frames.
mgjc0_si1335 sil ih m f l ae m cl t ao r ih s eh l z epi w er s cl t r ay k ix ng n l ae vcl s ax n cl sil 
LOG (latgen-faster-mapped[5.4.140~1-1ab3d]:DecodeUtteranceLatticeFaster():decoder-wrappers.cc:286) Log-like per frame for utterance mgjc0_si1335 is 3.72142 over 630 frames.
mgjc0_si1965 sil ix f th iy ah dh cl p ay l ah cl s w w er ey vcl d sil dh ey vcl d ix n aa sh ow cl sil 
LOG (latgen-faster-mapped[5.4.140~1-1ab3d]:DecodeUtteranceLatticeFaster():decoder-wrappers.cc:286) Log-like per frame for utterance mgjc0_si1965 is 3.62184 over 647 frames.
mgjc0_sx165 sil dh ix iy z iy vcl g ow ng z ow aa l vcl jh ix s r l ay cl s th uw ae cl dh v oy ix vcl ch sil 
LOG (latgen-faster-mapped[5.4.140~1-1ab3d]:DecodeUtteranceLatticeFaster():decoder-wrappers.cc:286) Log-like per frame for utterance mgjc0_sx165 is 3.64725 over 747 frames.
mgjc0_sx255 sil m ay vcl d ih l m ao r n ng vcl vcl g ih n z epi w ix th aa cl k ah f iy sil 
LOG (latgen-faster-mapped[5.4.140~1-1ab3d]:DecodeUtteranceLatticeFaster():decoder-wrappers.cc:286) Log-like per frame for utterance mgjc0_sx255 is 3.72452 over 612 frames.
mgjc0_sx345 sil t r ih sh s aw ao aw er z ix n aw er z v m uw v iy s ae dx er vcl ix sil 
LOG (latgen-faster-mapped[5.4.140~1-1ab3d]:DecodeUtteranceLatticeFaster():decoder-wrappers.cc:286) Log-like per frame for utterance mgjc0_sx345 is 3.90688 over 693 frames.
mgjc0_sx435 sil dh r ih cl ch sh ih dx ih n v eh s cl t ih n b l ae vcl g s er cl k aa n z n s d ix dx ix s cl t ay l ih sh uw z s sil 
LOG (latgen-faster-mapped[5.4.140~1-1ab3d]:DecodeUtteranceLatticeFaster():decoder-wrappers.cc:286) Log-like per frame for utterance mgjc0_sx435 is 3.8997 over 897 frames.
mgjc0_sx75 sil f ih l dh ae cl k ae n t iy n ix th f r eh sh cl p r ng ao dx er sil 
LOG (latgen-faster-mapped[5.4.140~1-1ab3d]:DecodeUtteranceLatticeFaster():decoder-wrappers.cc:286) Log-like per frame for utterance mgjc0_sx75 is 3.82802 over 595 frames.
mgrl0_si1497 sil f er m ch ae l hh uh vcl t hh iy eh vcl n ow n ao l vcl b aw n ay s sil 
LOG (latgen-faster-mapped[5.4.140~1-1ab3d]:DecodeUtteranceLatticeFaster():decoder-wrappers.cc:286) Log-like per frame for utterance mgrl0_si1497 is 3.68623 over 473 frames.
mgrl0_si2127 sil ix vcl g ah dx er l ng w cl ch f r m ix vcl g eh dx ow s cl t ao cl t sil 
LOG (latgen-faster-mapped[5.4.140~1-1ab3d]:DecodeUtteranceLatticeFaster():decoder-wrappers.cc:286) Log-like per frame for utterance mgrl0_si2127 is 3.7541 over 547 frames.
mgrl0_si867 sil ey cl g ix m cl p l iy cl p l ae n w iy ih v m ey vcl l ih m dx ae cl p l cl k ey sh ix n ah vcl dh cl p er l l ae dx er cl p l ae n sil 
LOG (latgen-faster-mapped[5.4.140~1-1ab3d]:DecodeUtteranceLatticeFaster():decoder-wrappers.cc:286) Log-like per frame for utterance mgrl0_si867 is 3.78706 over 766 frames.
mgrl0_sx147 sil k r eh cl t ih cl k s cl k uw sh ah m ih n s cl t ah cl sh en z uw z cl k r sh el sil 
LOG (latgen-faster-mapped[5.4.140~1-1ab3d]:DecodeUtteranceLatticeFaster():decoder-wrappers.cc:286) Log-like per frame for utterance mgrl0_sx147 is 3.68498 over 497 frames.
mgrl0_sx237 sil cl k er ih w z vcl t w ao f sil 
LOG (latgen-faster-mapped[5.4.140~1-1ab3d]:DecodeUtteranceLatticeFaster():decoder-wrappers.cc:286) Log-like per frame for utterance mgrl0_sx237 is 3.86655 over 248 frames.
mgrl0_sx327 sil sil sil ae l r iy s iy vcl t ix vcl jh oy n ix cl p oy m ix n cl sil ix n dh vcl b ay l vcl jh iy ae n dh iy n jh n er ng d cl p aa r m n s sil 
LOG (latgen-faster-mapped[5.4.140~1-1ab3d]:DecodeUtteranceLatticeFaster():decoder-wrappers.cc:286) Log-like per frame for utterance mgrl0_sx327 is 3.73906 over 1092 frames.
mgrl0_sx417 sil v ae l ey l aa vcl jh y l iy s eh l cl b r ey cl s f er s cl k ae f vcl b ao n sil 
LOG (latgen-faster-mapped[5.4.140~1-1ab3d]:DecodeUtteranceLatticeFaster():decoder-wrappers.cc:286) Log-like per frame for utterance mgrl0_sx417 is 3.91597 over 588 frames.
mgrl0_sx57 sil cl p r l w ao r s g iy m eh s f uh vcl z cl g ay s sil 
LOG (latgen-faster-mapped[5.4.140~1-1ab3d]:DecodeUtteranceLatticeFaster():decoder-wrappers.cc:286) Log-like per frame for utterance mgrl0_sx57 is 3.77926 over 399 frames.
mgrp0_si1317 sil b iy ng b ey s cl t ow s ow f y uw v ih eh cl s sil dh iy z r ix z ao l t s er ah vcl d uw v iy ih s f el ih vcl th iy sil 
LOG (latgen-faster-mapped[5.4.140~1-1ab3d]:RebuildRepository():determinize-lattice-pruned.cc:283) Rebuilding repository.
LOG (latgen-faster-mapped[5.4.140~1-1ab3d]:RebuildRepository():determinize-lattice-pruned.cc:283) Rebuilding repository.
LOG (latgen-faster-mapped[5.4.140~1-1ab3d]:RebuildRepository():determinize-lattice-pruned.cc:283) Rebuilding repository.
LOG (latgen-faster-mapped[5.4.140~1-1ab3d]:RebuildRepository():determinize-lattice-pruned.cc:283) Rebuilding repository.
WARNING (latgen-faster-mapped[5.4.140~1-1ab3d]:CheckMemoryUsage():determinize-lattice-pruned.cc:316) Did not reach requested beam in determinize-lattice: size exceeds maximum 20000000 bytes; (repo,arcs,elems) = (13367584,302432,6385704), after rebuilding, repo size was 10183680, effective beam was 8.31063 vs. requested beam 10
WARNING (latgen-faster-mapped[5.4.140~1-1ab3d]:DecodeUtteranceLatticeFaster():decoder-wrappers.cc:274) Determinization finished earlier than the beam for utterance mgrp0_si1317
LOG (latgen-faster-mapped[5.4.140~1-1ab3d]:DecodeUtteranceLatticeFaster():decoder-wrappers.cc:286) Log-like per frame for utterance mgrp0_si1317 is 3.54295 over 857 frames.
mgrp0_si1947 sil dh er w r n ow cl t r ae cl s ix w iy dh ix hh uw v z er r vcl b uw cl s sil 
LOG (latgen-faster-mapped[5.4.140~1-1ab3d]:DecodeUtteranceLatticeFaster():decoder-wrappers.cc:286) Log-like per frame for utterance mgrp0_si1947 is 3.63802 over 495 frames.
mgrp0_si687 sil dh iy ae n cl t ay s l ey v er iy sil m uw w n cl t uh cl m eh n iy f ao r m vcl z sil 
LOG (latgen-faster-mapped[5.4.140~1-1ab3d]:DecodeUtteranceLatticeFaster():decoder-wrappers.cc:286) Log-like per frame for utterance mgrp0_si687 is 3.53703 over 655 frames.
mgrp0_sx147 sil k r eh cl t eh cl k t cl k uw sh ix n ax aa v aa ix n jh cl t r ah cl sh ix n z sil ih z sil k r uw sh l sil 
LOG (latgen-faster-mapped[5.4.140~1-1ab3d]:RebuildRepository():determinize-lattice-pruned.cc:283) Rebuilding repository.
LOG (latgen-faster-mapped[5.4.140~1-1ab3d]:DecodeUtteranceLatticeFaster():decoder-wrappers.cc:286) Log-like per frame for utterance mgrp0_sx147 is 3.54496 over 717 frames.
mgrp0_sx237 sil dh cl k er er w z uh vcl d ao r f sil 
LOG (latgen-faster-mapped[5.4.140~1-1ab3d]:DecodeUtteranceLatticeFaster():decoder-wrappers.cc:286) Log-like per frame for utterance mgrp0_sx237 is 4.03495 over 406 frames.
mgrp0_sx327 sil aw r ix s iy vcl d ix vcl jh oy n ix cl p oy n cl m ax cl ix n dh vcl b aa l vcl jh iy ae n dh iy n jh n er ng d cl p r cl m ax cl z sil 
LOG (latgen-faster-mapped[5.4.140~1-1ab3d]:RebuildRepository():determinize-lattice-pruned.cc:283) Rebuilding repository.
LOG (latgen-faster-mapped[5.4.140~1-1ab3d]:DecodeUtteranceLatticeFaster():decoder-wrappers.cc:286) Log-like per frame for utterance mgrp0_sx327 is 3.5514 over 939 frames.
mgrp0_sx417 sil v ae l ey l aa vcl jh y er l ih s eh l r ey s dh f er s cl k ae f vcl b ao r n sil 
LOG (latgen-faster-mapped[5.4.140~1-1ab3d]:RebuildRepository():determinize-lattice-pruned.cc:283) Rebuilding repository.
LOG (latgen-faster-mapped[5.4.140~1-1ab3d]:DecodeUtteranceLatticeFaster():decoder-wrappers.cc:286) Log-like per frame for utterance mgrp0_sx417 is 3.69255 over 657 frames.
mgrp0_sx57 sil dh cl p r l er w ao r s cl k iy m ae s cl k f ao r vcl ix s cl g ay z sil 
LOG (latgen-faster-mapped[5.4.140~1-1ab3d]:DecodeUtteranceLatticeFaster():decoder-wrappers.cc:286) Log-like per frame for utterance mgrp0_sx57 is 3.81179 over 638 frames.
mgsh0_si1176 sil t ix s ah m ih cl k s cl t eh n sil p r iy vcl d ih s cl p z ih sh ix n z aa r sh ey cl b ay cl s cl p ow zh er cl t uw vcl g uw cl ix n v ay er m en s sil 
LOG (latgen-faster-mapped[5.4.140~1-1ab3d]:DecodeUtteranceLatticeFaster():decoder-wrappers.cc:286) Log-like per frame for utterance mgsh0_si1176 is 3.82267 over 925 frames.
mgsh0_si1806 sil sh aw w ix f l cl p uh cl k oy iy n t ix s iy hh w cl ch v ah z vcl g ow z f er s cl t sil 
LOG (latgen-faster-mapped[5.4.140~1-1ab3d]:DecodeUtteranceLatticeFaster():decoder-wrappers.cc:286) Log-like per frame for utterance mgsh0_si1806 is 3.80028 over 627 frames.
mgsh0_si546 sil dh ix n eh r ow f r ih n jh ix f s ae n ix s dh ix r ae n er r aw n d ih cl ao ow l iy ih m cl p ix s ah z dh cl p l ah zh er sil 
LOG (latgen-faster-mapped[5.4.140~1-1ab3d]:DecodeUtteranceLatticeFaster():decoder-wrappers.cc:286) Log-like per frame for utterance mgsh0_si546 is 3.74891 over 833 frames.
mgsh0_sx127 sil dh iy ih m cl p er hh ae dx ey m iy n cl t eh m cl p er sil 
LOG (latgen-faster-mapped[5.4.140~1-1ab3d]:DecodeUtteranceLatticeFaster():decoder-wrappers.cc:286) Log-like per frame for utterance mgsh0_sx127 is 4.07052 over 420 frames.
mgsh0_sx186 sil w dx ey cl t aa n b oy ao f cl t ix m p l ey aw d ao er s sil 
LOG (latgen-faster-mapped[5.4.140~1-1ab3d]:DecodeUtteranceLatticeFaster():decoder-wrappers.cc:286) Log-like per frame for utterance mgsh0_sx186 is 3.92914 over 572 frames.
mgsh0_sx276 sil jh aa n z b r ah dh er r iy cl p ay n ix dh ix vcl g er r aa zh vcl d ao er sil 
LOG (latgen-faster-mapped[5.4.140~1-1ab3d]:DecodeUtteranceLatticeFaster():decoder-wrappers.cc:286) Log-like per frame for utterance mgsh0_sx276 is 3.86168 over 552 frames.
mgsh0_sx6 sil b r ay cl s ah n sh ay n sil sh ih m er z aa n dh iy ow sh ix n sil 
LOG (latgen-faster-mapped[5.4.140~1-1ab3d]:DecodeUtteranceLatticeFaster():decoder-wrappers.cc:286) Log-like per frame for utterance mgsh0_sx6 is 3.81053 over 541 frames.
mgsh0_sx96 sil m ae s cl k er ey cl p aa r dx iy s cl t ae cl k epi w ah n z m ae vcl t ix n ey sh en sil 
LOG (latgen-faster-mapped[5.4.140~1-1ab3d]:DecodeUtteranceLatticeFaster():decoder-wrappers.cc:286) Log-like per frame for utterance mgsh0_sx96 is 3.88618 over 783 frames.
mgsl0_si1164 sil ah dh w ay z iy aw cl l cl k ix vcl b ix vcl d aa r cl k ih n dh iy vcl d sil 
LOG (latgen-faster-mapped[5.4.140~1-1ab3d]:DecodeUtteranceLatticeFaster():decoder-wrappers.cc:286) Log-like per frame for utterance mgsl0_si1164 is 3.78217 over 578 frames.
mgsl0_si534 sil hh iy er n ix s epi l iy er jh ix s iy s f ay er sil 
LOG (latgen-faster-mapped[5.4.140~1-1ab3d]:DecodeUtteranceLatticeFaster():decoder-wrappers.cc:286) Log-like per frame for utterance mgsl0_si534 is 4.01968 over 460 frames.
mgsl0_si797 sil dh ix n iy f er r iy cl p l s cl t er ng r iy cl d eh cl k er ey dx ng r iy cl p ey n ng b ix cl k ah m z m ao r n f r iy cl k ah vcl t sil 
LOG (latgen-faster-mapped[5.4.140~1-1ab3d]:DecodeUtteranceLatticeFaster():decoder-wrappers.cc:286) Log-like per frame for utterance mgsl0_si797 is 3.85658 over 874 frames.
mgsl0_sx174 sil dh ax hh ao dx ix hh aw s w z ix hh ih cl t uw cl t w aw cl s cl t ae n ng ao dx iy ah v ih zh el ax f eh cl k cl s sil 
LOG (latgen-faster-mapped[5.4.140~1-1ab3d]:DecodeUtteranceLatticeFaster():decoder-wrappers.cc:286) Log-like per frame for utterance mgsl0_sx174 is 3.70236 over 756 frames.
mgsl0_sx264 sil w iy s ay ey cl t ay n iy ay s cl k el z epi l ow aa r uw f sil 
LOG (latgen-faster-mapped[5.4.140~1-1ab3d]:DecodeUtteranceLatticeFaster():decoder-wrappers.cc:286) Log-like per frame for utterance mgsl0_sx264 is 3.8659 over 568 frames.
mgsl0_sx354 sil l oy er w z ax cl p oy dx ix cl t uw eh cl s ix cl k uw t hh er w l sil 
LOG (latgen-faster-mapped[5.4.140~1-1ab3d]:RebuildRepository():determinize-lattice-pruned.cc:283) Rebuilding repository.
LOG (latgen-faster-mapped[5.4.140~1-1ab3d]:DecodeUtteranceLatticeFaster():decoder-wrappers.cc:286) Log-like per frame for utterance mgsl0_sx354 is 3.53764 over 586 frames.
mgsl0_sx444 sil dh eh cl t aa vcl l er f aw n ix cl k l ae m sh eh l n eh dh cl k ae cl s ay cl t sil 
LOG (latgen-faster-mapped[5.4.140~1-1ab3d]:DecodeUtteranceLatticeFaster():decoder-wrappers.cc:286) Log-like per frame for utterance mgsl0_sx444 is 3.75103 over 717 frames.
mgsl0_sx84 sil k ao cl p er ey sh m l ao ng w ix f ah n g er s cl t ae m ng ax l iy v iy ih cl d ix s cl p y uw cl t sil 
LOG (latgen-faster-mapped[5.4.140~1-1ab3d]:DecodeUtteranceLatticeFaster():decoder-wrappers.cc:286) Log-like per frame for utterance mgsl0_sx84 is 3.76084 over 700 frames.
mgxp0_si1087 sil hh iy m ah s r er r ey jh m ae dx ow s ow dx eh cl t uw cl p el f ao m ax z vcl d uw n aa vcl b aa cl ix n cl t uw iy ch ah dh ax sil 
LOG (latgen-faster-mapped[5.4.140~1-1ab3d]:DecodeUtteranceLatticeFaster():decoder-wrappers.cc:286) Log-like per frame for utterance mgxp0_si1087 is 3.70713 over 908 frames.
mgxp0_si457 b ow f ih vcl g uw z w vcl g ao hh ay er ix n l ey dx y er z sil 
LOG (latgen-faster-mapped[5.4.140~1-1ab3d]:DecodeUtteranceLatticeFaster():decoder-wrappers.cc:286) Log-like per frame for utterance mgxp0_si457 is 3.78355 over 591 frames.
mgxp0_si525 sil d iy vcl d ih z ay eh n ax vcl b ih l ix vcl d iy cl t uw r iy cl aa ix m cl p ao dx ix n ae s cl p eh cl z cl t ah v aw cl k ah cl ch r el ay f sil 
LOG (latgen-faster-mapped[5.4.140~1-1ab3d]:RebuildRepository():determinize-lattice-pruned.cc:283) Rebuilding repository.
LOG (latgen-faster-mapped[5.4.140~1-1ab3d]:DecodeUtteranceLatticeFaster():decoder-wrappers.cc:286) Log-like per frame for utterance mgxp0_si525 is 3.56727 over 918 frames.
mgxp0_sx187 sil th ey aw f cl t ix n g ow ae aw cl t cl sil ix n d ix iy f n ix sil 
LOG (latgen-faster-mapped[5.4.140~1-1ab3d]:DecodeUtteranceLatticeFaster():decoder-wrappers.cc:286) Log-like per frame for utterance mgxp0_sx187 is 3.63955 over 467 frames.
mgxp0_sx277 sil dh ix r ow z k ix s ow ah vcl ch s epi m ey l s w iy cl t sil 
LOG (latgen-faster-mapped[5.4.140~1-1ab3d]:DecodeUtteranceLatticeFaster():decoder-wrappers.cc:286) Log-like per frame for utterance mgxp0_sx277 is 3.55572 over 547 frames.
mgxp0_sx367 sil dh ix s er cl p w ax sh uw z w s ow eh dx ih vcl d ih s cl k aw cl cl p ay s sil 
LOG (latgen-faster-mapped[5.4.140~1-1ab3d]:DecodeUtteranceLatticeFaster():decoder-wrappers.cc:286) Log-like per frame for utterance mgxp0_sx367 is 3.87153 over 683 frames.
mgxp0_sx7 sil n ah cl d ih n ih z ae z ax f ae s ih v sil ae z ih n ax s en s sil 
LOG (latgen-faster-mapped[5.4.140~1-1ab3d]:DecodeUtteranceLatticeFaster():decoder-wrappers.cc:286) Log-like per frame for utterance mgxp0_sx7 is 3.68145 over 573 frames.
mgxp0_sx97 sil p iy ng w n z l ih v n er vcl d iy ay s iy sil ae n ao cl t ix cl sil 
LOG (latgen-faster-mapped[5.4.140~1-1ab3d]:DecodeUtteranceLatticeFaster():decoder-wrappers.cc:286) Log-like per frame for utterance mgxp0_sx97 is 3.56589 over 550 frames.
mhbs0_si1575 sil s ah n l iy sh w ix z v eh r ey m ix s cl t er iy ih s ix n d er m ae ix cl k sil 
LOG (latgen-faster-mapped[5.4.140~1-1ab3d]:DecodeUtteranceLatticeFaster():decoder-wrappers.cc:286) Log-like per frame for utterance mhbs0_si1575 is 3.81324 over 518 frames.
mhbs0_si2205 sil sh iy s aa m ae n s ae cl d aw m iy s ay n m iy th r iy f iy dx w ey sil 
LOG (latgen-faster-mapped[5.4.140~1-1ab3d]:DecodeUtteranceLatticeFaster():decoder-wrappers.cc:286) Log-like per frame for utterance mhbs0_si2205 is 3.8604 over 596 frames.
mhbs0_si945 sil ix vcl v ae ih jh ix z ax f aa r m cl p er v ay vcl s sil ow hh ow l s ax m n hh ah l f el n v aa er m ix cl f er cl ch ih l d er n sil 
LOG (latgen-faster-mapped[5.4.140~1-1ab3d]:RebuildRepository():determinize-lattice-pruned.cc:283) Rebuilding repository.
LOG (latgen-faster-mapped[5.4.140~1-1ab3d]:DecodeUtteranceLatticeFaster():decoder-wrappers.cc:286) Log-like per frame for utterance mhbs0_si945 is 3.64022 over 843 frames.
mhbs0_sx135 sil t eh cl ix cl k el r ay dx er s cl k n ix vcl b r iy y ey ih n d ix vcl l iy aa vcl er f iy z sil 
LOG (latgen-faster-mapped[5.4.140~1-1ab3d]:DecodeUtteranceLatticeFaster():decoder-wrappers.cc:286) Log-like per frame for utterance mhbs0_sx135 is 3.7389 over 572 frames.
mhbs0_sx225 sil k iy cl p uh th er m aa m dx er ah n d er y er cl t aw ng 
LOG (latgen-faster-mapped[5.4.140~1-1ab3d]:DecodeUtteranceLatticeFaster():decoder-wrappers.cc:286) Log-like per frame for utterance mhbs0_sx225 is 3.77507 over 372 frames.
mhbs0_sx315 sil b aa v f aw n m ao r cl k l ae n z ix cl d iy ow sh n z eh vcl jh sil 
LOG (latgen-faster-mapped[5.4.140~1-1ab3d]:DecodeUtteranceLatticeFaster():decoder-wrappers.cc:286) Log-like per frame for utterance mhbs0_sx315 is 3.86897 over 490 frames.
mhbs0_sx405 sil f cl k ao r sh iy cl k n ae v n ah dh er cl t ix n ix f ix sh s ae n w ix cl ch sil 
LOG (latgen-faster-mapped[5.4.140~1-1ab3d]:DecodeUtteranceLatticeFaster():decoder-wrappers.cc:286) Log-like per frame for utterance mhbs0_sx405 is 3.80908 over 483 frames.
mhbs0_sx45 sil ah vcl dh ih sh n ih n s vcl t r ae cl sh n aa r l er n s cl g ih el s sil 
LOG (latgen-faster-mapped[5.4.140~1-1ab3d]:DecodeUtteranceLatticeFaster():decoder-wrappers.cc:286) Log-like per frame for utterance mhbs0_sx45 is 3.81519 over 481 frames.
mhit0_si1613 sil sil dh ae dx w vcl m ey cl k ih m ae dx ih n eh f ix f iy w ah s ow b er sil 
LOG (latgen-faster-mapped[5.4.140~1-1ab3d]:DecodeUtteranceLatticeFaster():decoder-wrappers.cc:286) Log-like per frame for utterance mhit0_si1613 is 3.99261 over 580 frames.
mhit0_si2243 sil s n ey cl s aa r ah vcl l iy hh iy s eh dx ey g ae n sil 
LOG (latgen-faster-mapped[5.4.140~1-1ab3d]:DecodeUtteranceLatticeFaster():decoder-wrappers.cc:286) Log-like per frame for utterance mhit0_si2243 is 3.65729 over 409 frames.
mhit0_si983 sil r ey vcl iy z w er cl k y uw er dx ao r cl p er v eh n eh vcl d cl b ay m ae cl s cl t ow n d w sh dh ax cl p ay n iy w ao r cl k ae r iy sil 
LOG (latgen-faster-mapped[5.4.140~1-1ab3d]:DecodeUtteranceLatticeFaster():decoder-wrappers.cc:286) Log-like per frame for utterance mhit0_si983 is 3.75414 over 941 frames.
mhit0_sx173 sil w eh v er cl k w aa cl p er r ey cl s ix n f ay n iy ng n ae n s cl k ae m ey ow w el b iy r ix w dx ix sil 
LOG (latgen-faster-mapped[5.4.140~1-1ab3d]:DecodeUtteranceLatticeFaster():decoder-wrappers.cc:286) Log-like per frame for utterance mhit0_sx173 is 3.75331 over 716 frames.
mhit0_sx263 sil hh aa aw ao l iy vcl d iy y l ay cl k er s aa l vcl d r eh s ix sil 
LOG (latgen-faster-mapped[5.4.140~1-1ab3d]:DecodeUtteranceLatticeFaster():decoder-wrappers.cc:286) Log-like per frame for utterance mhit0_sx263 is 3.84951 over 465 frames.
mhit0_sx353 sil ax cl k aa n ix s uw er w el ix vcl jh oy dh ih s sil sh eh l f ih sh vcl d ih sh sil 
LOG (latgen-faster-mapped[5.4.140~1-1ab3d]:DecodeUtteranceLatticeFaster():decoder-wrappers.cc:286) Log-like per frame for utterance mhit0_sx353 is 3.71766 over 616 frames.
mhit0_sx443 sil ah l ow n s aa r sh ow n ix n er l iy v n ng s cl k ay sil 
LOG (latgen-faster-mapped[5.4.140~1-1ab3d]:DecodeUtteranceLatticeFaster():decoder-wrappers.cc:286) Log-like per frame for utterance mhit0_sx443 is 3.79918 over 554 frames.
mhit0_sx83 sil m ay ih n sh t r ah cl sh en z d ah s cl p er l iy n iy vcl sil ah cl d ey dx iy sil 
LOG (latgen-faster-mapped[5.4.140~1-1ab3d]:DecodeUtteranceLatticeFaster():decoder-wrappers.cc:286) Log-like per frame for utterance mhit0_sx83 is 3.56643 over 527 frames.
mhjb0_si1017 sil t uw hh ow l vcl m ih n ix cl k aa m dh ae cl m ae s epi w z cl k ow s er vcl en sil 
LOG (latgen-faster-mapped[5.4.140~1-1ab3d]:DecodeUtteranceLatticeFaster():decoder-wrappers.cc:286) Log-like per frame for utterance mhjb0_si1017 is 3.73324 over 460 frames.
mhjb0_si1647 sil ih f ih dx eh v er vcl g aa vcl b ah hh ay n m iy dh vcl b iy cl t er n cl t uw vcl b ah z sil 
LOG (latgen-faster-mapped[5.4.140~1-1ab3d]:DecodeUtteranceLatticeFaster():decoder-wrappers.cc:286) Log-like per frame for utterance mhjb0_si1647 is 3.76867 over 577 frames.
mhjb0_si2277 sil ah n ah dh er s cl t aa v ao vcl dh el vcl g ae vcl g r ae n sil m ah dh er z ao m s ih cl k ix n b eh vcl w th ix dx aa cl t er sil 
LOG (latgen-faster-mapped[5.4.140~1-1ab3d]:DecodeUtteranceLatticeFaster():decoder-wrappers.cc:286) Log-like per frame for utterance mhjb0_si2277 is 3.65096 over 794 frames.
mhjb0_sx117 sil dh m ey ng g ow n ax cl p vcl p ay ah aa er n ax vcl b ow l sil 
LOG (latgen-faster-mapped[5.4.140~1-1ab3d]:DecodeUtteranceLatticeFaster():decoder-wrappers.cc:286) Log-like per frame for utterance mhjb0_sx117 is 3.80465 over 429 frames.
mhjb0_sx207 sil d y uw hh ih dh ix s l ey vcl b eh l z r ng sil 
LOG (latgen-faster-mapped[5.4.140~1-1ab3d]:DecodeUtteranceLatticeFaster():decoder-wrappers.cc:286) Log-like per frame for utterance mhjb0_sx207 is 3.7699 over 318 frames.
mhjb0_sx27 sil d ih vcl d ae vcl d uw ae cl k vcl d eh m ih vcl b ih dx ng sil 
LOG (latgen-faster-mapped[5.4.140~1-1ab3d]:DecodeUtteranceLatticeFaster():decoder-wrappers.cc:286) Log-like per frame for utterance mhjb0_sx27 is 3.8994 over 392 frames.
mhjb0_sx297 sil r aa cl k n r l m uw z ix cl k eh z vcl g r ey ix r dh ax m sil 
LOG (latgen-faster-mapped[5.4.140~1-1ab3d]:DecodeUtteranceLatticeFaster():decoder-wrappers.cc:286) Log-like per frame for utterance mhjb0_sx297 is 3.6786 over 354 frames.
mhjb0_sx387 sil dh ix vcl jh ay n r ah vcl d w uh vcl z sh eh m er vcl d ix n ix vcl g l ih s n ng s ah n sil 
LOG (latgen-faster-mapped[5.4.140~1-1ab3d]:DecodeUtteranceLatticeFaster():decoder-wrappers.cc:286) Log-like per frame for utterance mhjb0_sx387 is 3.57037 over 504 frames.
mhmg0_si1365 sil ao r hh aw dx w iy ih n r ih cl ch aa r eh dx iy f ay n m er vcl jh sil 
LOG (latgen-faster-mapped[5.4.140~1-1ab3d]:DecodeUtteranceLatticeFaster():decoder-wrappers.cc:286) Log-like per frame for utterance mhmg0_si1365 is 4.02914 over 542 frames.
mhmg0_si1995 sil hh iy vcl b l ih z epi n ow z eh cl k s cl p er l iy vcl b ix cl t w iy n ix s f ih ng er s sil 
LOG (latgen-faster-mapped[5.4.140~1-1ab3d]:DecodeUtteranceLatticeFaster():decoder-wrappers.cc:286) Log-like per frame for utterance mhmg0_si1995 is 3.81925 over 529 frames.
mhmg0_si735 sil f ao r ow s cl t sil ih n s er m iy cl dh m aa m vcl t er vcl d ae vcl n l iy s ow cl d ah s epi n aa r eh s cl t ow n b ow n sil 
LOG (latgen-faster-mapped[5.4.140~1-1ab3d]:DecodeUtteranceLatticeFaster():decoder-wrappers.cc:286) Log-like per frame for utterance mhmg0_si735 is 3.75452 over 924 frames.
mhmg0_sx105 sil y m ah s cl t ix cl k s cl p l ih s ix l iy vcl d l iy cl f aa l s sil 
LOG (latgen-faster-mapped[5.4.140~1-1ab3d]:DecodeUtteranceLatticeFaster():decoder-wrappers.cc:286) Log-like per frame for utterance mhmg0_sx105 is 3.94408 over 447 frames.
mhmg0_sx15 sil m y z iy ah m hh ay er z epi m y z ih sh ix n z eh r iy v n ix ng sil 
LOG (latgen-faster-mapped[5.4.140~1-1ab3d]:DecodeUtteranceLatticeFaster():decoder-wrappers.cc:286) Log-like per frame for utterance mhmg0_sx15 is 3.83523 over 523 frames.
mhmg0_sx195 sil w vcl jh uw ax l aw ay ae cl s v ay l n s sil 
LOG (latgen-faster-mapped[5.4.140~1-1ab3d]:DecodeUtteranceLatticeFaster():decoder-wrappers.cc:286) Log-like per frame for utterance mhmg0_sx195 is 3.95598 over 342 frames.
mhmg0_sx285 sil r ih cl ch cl p er cl ch ix s eh f r el s ay n l th ix g er ae s sil 
LOG (latgen-faster-mapped[5.4.140~1-1ab3d]:DecodeUtteranceLatticeFaster():decoder-wrappers.cc:286) Log-like per frame for utterance mhmg0_sx285 is 3.78384 over 513 frames.
mhmg0_sx375 sil g r w ng w l cl k eh cl g aa r vcl en z ix z f er iy cl t ay m cl k n s uw m ng sil 
LOG (latgen-faster-mapped[5.4.140~1-1ab3d]:DecodeUtteranceLatticeFaster():decoder-wrappers.cc:286) Log-like per frame for utterance mhmg0_sx375 is 3.84094 over 566 frames.
mhmr0_si1119 sil dh r eh cl k er cl t iy m z w th r ow m ae n s n v eh n sh er sil 
LOG (latgen-faster-mapped[5.4.140~1-1ab3d]:DecodeUtteranceLatticeFaster():decoder-wrappers.cc:286) Log-like per frame for utterance mhmr0_si1119 is 3.83267 over 504 frames.
mhmr0_si1692 sil ih cl k s eh f er dh ow z m ih s ix n hh er r uw m sil hh iy hh eh vcl l aa s cl t ah cl ch epi w ix th er z r eh l cl t ix sil 
LOG (latgen-faster-mapped[5.4.140~1-1ab3d]:DecodeUtteranceLatticeFaster():decoder-wrappers.cc:286) Log-like per frame for utterance mhmr0_si1692 is 3.76637 over 904 frames.
mhmr0_si489 sil w iy m ah s cl p iy r eh dx ey f er ih n iy n iy dx ix vcl s ae cl k er f ay s sil 
LOG (latgen-faster-mapped[5.4.140~1-1ab3d]:DecodeUtteranceLatticeFaster():decoder-wrappers.cc:286) Log-like per frame for utterance mhmr0_si489 is 3.87521 over 656 frames.
mhmr0_sx129 sil ae ng g ao er cl k ae cl s aa r f er dh eh n s ay m iy s sil 
LOG (latgen-faster-mapped[5.4.140~1-1ab3d]:DecodeUtteranceLatticeFaster():decoder-wrappers.cc:286) Log-like per frame for utterance mhmr0_sx129 is 4.022 over 589 frames.
mhmr0_sx219 sil n aa n cl p r aa f ih cl sil ao r n ix z ey sh en z eh f r iy cl k w n f ao n r ey z er z sil 
LOG (latgen-faster-mapped[5.4.140~1-1ab3d]:DecodeUtteranceLatticeFaster():decoder-wrappers.cc:286) Log-like per frame for utterance mhmr0_sx219 is 3.81812 over 733 frames.
mhmr0_sx309 sil dh cl p r uw th ih y er s iy cl k iy n ix z n aa dx ax v ey l b el n b uh cl s sil 
LOG (latgen-faster-mapped[5.4.140~1-1ab3d]:DecodeUtteranceLatticeFaster():decoder-wrappers.cc:286) Log-like per frame for utterance mhmr0_sx309 is 3.80001 over 609 frames.
mhmr0_sx39 sil b aa r vcl z cl g ow l vcl b r ey s ax w z ix vcl g r eh vcl jh w ey sh en cl p r eh z en cl sil 
LOG (latgen-faster-mapped[5.4.140~1-1ab3d]:DecodeUtteranceLatticeFaster():decoder-wrappers.cc:286) Log-like per frame for utterance mhmr0_sx39 is 3.86259 over 524 frames.
mhmr0_sx399 sil dh ih s uw n ow vcl b er vcl w er w el ah v er eh n er hh er sil 
LOG (latgen-faster-mapped[5.4.140~1-1ab3d]:DecodeUtteranceLatticeFaster():decoder-wrappers.cc:286) Log-like per frame for utterance mhmr0_sx399 is 3.75004 over 476 frames.
mhrm0_si1475 sil ih z ih z ae cl p cl t ay dx ix m p r uw v d sil 
LOG (latgen-faster-mapped[5.4.140~1-1ab3d]:DecodeUtteranceLatticeFaster():decoder-wrappers.cc:286) Log-like per frame for utterance mhrm0_si1475 is 3.65639 over 340 frames.
mhrm0_si2218 sil n ow cl p ay s ix z cl t uw hh ay hh w n cl t r l ah v ix z ix cl s cl t ey cl k sil 
LOG (latgen-faster-mapped[5.4.140~1-1ab3d]:DecodeUtteranceLatticeFaster():decoder-wrappers.cc:286) Log-like per frame for utterance mhrm0_si2218 is 3.78398 over 557 frames.
mhrm0_si958 sil w n v dh m ow z cl k aa m ax n ax f cl k ae m ae l ah vcl d iy z w z cl t ay r iy ix sil 
LOG (latgen-faster-mapped[5.4.140~1-1ab3d]:DecodeUtteranceLatticeFaster():decoder-wrappers.cc:286) Log-like per frame for utterance mhrm0_si958 is 3.52802 over 618 frames.
mhrm0_sx148 sil m ow s cl p r iy s ix ng s hh eh dx ix f er dx v dh v ow cl s cl k aw n ix vcl d sil 
LOG (latgen-faster-mapped[5.4.140~1-1ab3d]:RebuildRepository():determinize-lattice-pruned.cc:283) Rebuilding repository.
LOG (latgen-faster-mapped[5.4.140~1-1ab3d]:RebuildRepository():determinize-lattice-pruned.cc:283) Rebuilding repository.
LOG (latgen-faster-mapped[5.4.140~1-1ab3d]:DecodeUtteranceLatticeFaster():decoder-wrappers.cc:286) Log-like per frame for utterance mhrm0_sx148 is 3.71809 over 540 frames.
mhrm0_sx238 sil ax vcl d aa cl t er w z ix n iy ae m vcl ix l ix s w th cl p ey sh en sil t sil 
LOG (latgen-faster-mapped[5.4.140~1-1ab3d]:RebuildRepository():determinize-lattice-pruned.cc:283) Rebuilding repository.
LOG (latgen-faster-mapped[5.4.140~1-1ab3d]:DecodeUtteranceLatticeFaster():decoder-wrappers.cc:286) Log-like per frame for utterance mhrm0_sx238 is 3.60426 over 473 frames.
mhrm0_sx328 sil g r ih vcl g r iy n cl t aa m cl ch uw z cl t w r cl ch cl k er cl t uw n z dh iy ae f cl t n uw n sil 
LOG (latgen-faster-mapped[5.4.140~1-1ab3d]:DecodeUtteranceLatticeFaster():decoder-wrappers.cc:286) Log-like per frame for utterance mhrm0_sx328 is 3.47713 over 607 frames.
mhrm0_sx418 sil ay r ix z dh iy s dh ih z uw hh eh z l eh v en s cl p eh ix z iy vcl b r ix s sil 
LOG (latgen-faster-mapped[5.4.140~1-1ab3d]:DecodeUtteranceLatticeFaster():decoder-wrappers.cc:286) Log-like per frame for utterance mhrm0_sx418 is 3.72588 over 761 frames.
mhrm0_sx58 sil w iy ih cl k s cl p er iy ix s cl t ix s cl t r eh s en f r ah s cl t r ey sh en ix vcl t iy n ng er vcl d vcl g r iy z sil 
LOG (latgen-faster-mapped[5.4.140~1-1ab3d]:DecodeUtteranceLatticeFaster():decoder-wrappers.cc:286) Log-like per frame for utterance mhrm0_sx58 is 3.79008 over 668 frames.
mhxl0_si1772 sil hh ey s dh l iy dh ax vcl b oy s w ih cl ch cl t ah n ax s iy l ng l ay cl t sil 
LOG (latgen-faster-mapped[5.4.140~1-1ab3d]:DecodeUtteranceLatticeFaster():decoder-wrappers.cc:286) Log-like per frame for utterance mhxl0_si1772 is 3.69528 over 566 frames.
mhxl0_si512 sil ih cl w z m ow s cl t ax f eh cl t ix v ix vcl g ix n s cl t r ey vcl y n y ix n s sil 
LOG (latgen-faster-mapped[5.4.140~1-1ab3d]:DecodeUtteranceLatticeFaster():decoder-wrappers.cc:286) Log-like per frame for utterance mhxl0_si512 is 3.74798 over 543 frames.
mhxl0_si612 sil s cl p l eh n er vcl b ay s ao r s er iy sil ix cl s ax hh ao er sil 
LOG (latgen-faster-mapped[5.4.140~1-1ab3d]:DecodeUtteranceLatticeFaster():decoder-wrappers.cc:286) Log-like per frame for utterance mhxl0_si612 is 3.8502 over 518 frames.
mhxl0_sx152 sil ax s cl k iy l z ix vcl g z ih s cl t ix n w r m hh uw m ih vcl k l ay v ax cl s sil 
LOG (latgen-faster-mapped[5.4.140~1-1ab3d]:DecodeUtteranceLatticeFaster():decoder-wrappers.cc:286) Log-like per frame for utterance mhxl0_sx152 is 3.71337 over 673 frames.
mhxl0_sx242 sil m ey ay w ao r dx er s cl t r ao vcl b r iy s ah ng d ey ae f cl t er iy cl d ih n er sil 
LOG (latgen-faster-mapped[5.4.140~1-1ab3d]:DecodeUtteranceLatticeFaster():decoder-wrappers.cc:286) Log-like per frame for utterance mhxl0_sx242 is 3.72583 over 605 frames.
mhxl0_sx332 sil t aa vcl p l ey s cl t aa cl p ay ao er dx iy ah n g eh n ng hh ix z vcl b ay cl k f ix cl s cl t sil 
LOG (latgen-faster-mapped[5.4.140~1-1ab3d]:DecodeUtteranceLatticeFaster():decoder-wrappers.cc:286) Log-like per frame for utterance mhxl0_sx332 is 3.80211 over 708 frames.
mhxl0_sx422 sil w n s uw f ih n ih sh cl g r iy s ng y er cl ch ey n sil b iy sh er dx w aa sh cl dh er l iy sil 
LOG (latgen-faster-mapped[5.4.140~1-1ab3d]:DecodeUtteranceLatticeFaster():decoder-wrappers.cc:286) Log-like per frame for utterance mhxl0_sx422 is 3.90117 over 765 frames.
mhxl0_sx62 sil eh n iy cl k aa n t vcl b y uw sh n z w ax vcl b ix vcl g r ey vcl l iy cl p r iy sh uw ix dx ix vcl t sil 
LOG (latgen-faster-mapped[5.4.140~1-1ab3d]:RebuildRepository():determinize-lattice-pruned.cc:283) Rebuilding repository.
LOG (latgen-faster-mapped[5.4.140~1-1ab3d]:DecodeUtteranceLatticeFaster():decoder-wrappers.cc:286) Log-like per frame for utterance mhxl0_sx62 is 3.53146 over 579 frames.
milb0_si2163 sil aa y iy cl p aa z dx ix v y l vcl b iy ao l r ay vcl b ay y er s eh l f sil 
LOG (latgen-faster-mapped[5.4.140~1-1ab3d]:RebuildRepository():determinize-lattice-pruned.cc:283) Rebuilding repository.
LOG (latgen-faster-mapped[5.4.140~1-1ab3d]:RebuildRepository():determinize-lattice-pruned.cc:283) Rebuilding repository.
LOG (latgen-faster-mapped[5.4.140~1-1ab3d]:DecodeUtteranceLatticeFaster():decoder-wrappers.cc:286) Log-like per frame for utterance milb0_si2163 is 3.62814 over 491 frames.
milb0_si807 sil w ah dh ax m ow s cl t ix z eh er vcl el f iy cl ch er sh f er cl p r cl k er b y uw dx ax f el v y uw z er s iy n r ix sil 
LOG (latgen-faster-mapped[5.4.140~1-1ab3d]:DecodeUtteranceLatticeFaster():decoder-wrappers.cc:286) Log-like per frame for utterance milb0_si807 is 3.7026 over 696 frames.
milb0_si903 sil ax v ix vcl g er s cl p r ow r eh m ix vcl z ih s t ix n s cl k iy ng s cl g ey ix ng s cl p ao er vcl s eh n ow v er n ay vcl hh ay cl k ix sil 
LOG (latgen-faster-mapped[5.4.140~1-1ab3d]:RebuildRepository():determinize-lattice-pruned.cc:283) Rebuilding repository.
LOG (latgen-faster-mapped[5.4.140~1-1ab3d]:RebuildRepository():determinize-lattice-pruned.cc:283) Rebuilding repository.
LOG (latgen-faster-mapped[5.4.140~1-1ab3d]:DecodeUtteranceLatticeFaster():decoder-wrappers.cc:286) Log-like per frame for utterance milb0_si903 is 3.54062 over 884 frames.
milb0_sx183 sil w ay eh l s w vcl d ae n iy ax l aw ah dh er z cl t vcl g ow sil 
LOG (latgen-faster-mapped[5.4.140~1-1ab3d]:DecodeUtteranceLatticeFaster():decoder-wrappers.cc:286) Log-like per frame for utterance milb0_sx183 is 3.68287 over 552 frames.
milb0_sx273 sil dh iy ae ng vcl r iy vcl b oy ae n s ix vcl b ix cl t ix en l uh cl g ah cl 
LOG (latgen-faster-mapped[5.4.140~1-1ab3d]:DecodeUtteranceLatticeFaster():decoder-wrappers.cc:286) Log-like per frame for utterance milb0_sx273 is 3.53724 over 426 frames.
milb0_sx3 sil dh ih s ax z iy z iy f er ah s sil sil 
LOG (latgen-faster-mapped[5.4.140~1-1ab3d]:DecodeUtteranceLatticeFaster():decoder-wrappers.cc:286) Log-like per frame for utterance milb0_sx3 is 3.89311 over 386 frames.
milb0_sx363 sil dh cl k aw w ah n vcl d er cl f m f aa r m ay n ih n b ix cl k ey m l aa s cl t sil 
LOG (latgen-faster-mapped[5.4.140~1-1ab3d]:DecodeUtteranceLatticeFaster():decoder-wrappers.cc:286) Log-like per frame for utterance milb0_sx363 is 3.6918 over 520 frames.
milb0_sx93 sil k ah dx ax s epi m ao cl k ao r n er ao f iy cl ch eh vcl jh sil 
LOG (latgen-faster-mapped[5.4.140~1-1ab3d]:DecodeUtteranceLatticeFaster():decoder-wrappers.cc:286) Log-like per frame for utterance milb0_sx93 is 3.67978 over 388 frames.
mjac0_si1331 sil n ow f ix z ih cl k ih l ey sh ix n z er s eh jh er vcl d iy f eh cl f er f ae aw vcl sil 
LOG (latgen-faster-mapped[5.4.140~1-1ab3d]:DecodeUtteranceLatticeFaster():decoder-wrappers.cc:286) Log-like per frame for utterance mjac0_si1331 is 3.64037 over 629 frames.
mjac0_si2148 sil l uh cl s ah m w r eh l s sil 
LOG (latgen-faster-mapped[5.4.140~1-1ab3d]:DecodeUtteranceLatticeFaster():decoder-wrappers.cc:286) Log-like per frame for utterance mjac0_si2148 is 3.89093 over 327 frames.
mjac0_si701 sil dh er cl p ey cl p uw dh uw cl t r eh v el ao n vcl ih z ix cl s ax z cl t ih sh er m aa cl k ix cl t ih n y uw dx iy vcl z ih z cl t ix s sil 
LOG (latgen-faster-mapped[5.4.140~1-1ab3d]:DecodeUtteranceLatticeFaster():decoder-wrappers.cc:286) Log-like per frame for utterance mjac0_si701 is 3.66627 over 883 frames.
mjac0_sx251 sil w iy ae cl p l ay aw ao dx er cl t ao r m aa l ng cl t ix vcl g ax cl p uw dx er s cl p iy cl t r eh vcl ix vcl n ey sh ix n sil 
LOG (latgen-faster-mapped[5.4.140~1-1ab3d]:RebuildRepository():determinize-lattice-pruned.cc:283) Rebuilding repository.
LOG (latgen-faster-mapped[5.4.140~1-1ab3d]:DecodeUtteranceLatticeFaster():decoder-wrappers.cc:286) Log-like per frame for utterance mjac0_sx251 is 3.88583 over 840 frames.
mjac0_sx307 sil dh ix m iy dx ng ih z n aw r vcl jh er n vcl d sil 
LOG (latgen-faster-mapped[5.4.140~1-1ab3d]:DecodeUtteranceLatticeFaster():decoder-wrappers.cc:286) Log-like per frame for utterance mjac0_sx307 is 3.98428 over 400 frames.
mjac0_sx341 sil dh hh ay s ix cl k er dx iy cl p r ih z ax n w s er aw n ih vcl b ah vcl b aa r vcl w ay er sil 
LOG (latgen-faster-mapped[5.4.140~1-1ab3d]:DecodeUtteranceLatticeFaster():decoder-wrappers.cc:286) Log-like per frame for utterance mjac0_sx341 is 3.85709 over 624 frames.
mjac0_sx431 sil dh ix f ih f vcl jh aa r cl k ix n t ey n z vcl b ih vcl ix sil jh uw s iy cl p iy cl ch ix s sil 
LOG (latgen-faster-mapped[5.4.140~1-1ab3d]:RebuildRepository():determinize-lattice-pruned.cc:283) Rebuilding repository.
LOG (latgen-faster-mapped[5.4.140~1-1ab3d]:DecodeUtteranceLatticeFaster():decoder-wrappers.cc:286) Log-like per frame for utterance mjac0_sx431 is 3.83101 over 647 frames.
mjac0_sx71 sil p ao r cl k ix cl p ay n s r ix z ih m b el s iy er cl jh ix n s sil 
LOG (latgen-faster-mapped[5.4.140~1-1ab3d]:DecodeUtteranceLatticeFaster():decoder-wrappers.cc:286) Log-like per frame for utterance mjac0_sx71 is 3.79846 over 532 frames.
mjae0_si1524 sil n ow z s cl k ao r th ax s ax cl p r iy m ae f er cl hh iy vcl b r ow cl k dx ao f sil 
LOG (latgen-faster-mapped[5.4.140~1-1ab3d]:DecodeUtteranceLatticeFaster():decoder-wrappers.cc:286) Log-like per frame for utterance mjae0_si1524 is 3.90936 over 644 frames.
mjae0_si1999 sil sh iy ae s epi m ow l vcl d er ng l iy hh sil 
LOG (latgen-faster-mapped[5.4.140~1-1ab3d]:DecodeUtteranceLatticeFaster():decoder-wrappers.cc:286) Log-like per frame for utterance mjae0_si1999 is 3.89197 over 458 frames.
mjae0_si2154 sil sh ix m ah s cl t ix cl p uh dx ih z cl k l ow z n ix cl k aa z ix cl sil 
LOG (latgen-faster-mapped[5.4.140~1-1ab3d]:DecodeUtteranceLatticeFaster():decoder-wrappers.cc:286) Log-like per frame for utterance mjae0_si2154 is 3.78258 over 458 frames.
mjae0_sx174 sil dh ax hh aa n eh dx hh aw s w z ih hh eh cl t uw cl t uw aw s cl t ae n ng ao dx iy ow v ih zh el f eh cl k s sil 
LOG (latgen-faster-mapped[5.4.140~1-1ab3d]:DecodeUtteranceLatticeFaster():decoder-wrappers.cc:286) Log-like per frame for utterance mjae0_sx174 is 3.75569 over 753 frames.
mjae0_sx264 sil w iy s ao ey cl t ay n iy ay s ih cl k el z vcl b l ow aa r uw f sil 
LOG (latgen-faster-mapped[5.4.140~1-1ab3d]:DecodeUtteranceLatticeFaster():decoder-wrappers.cc:286) Log-like per frame for utterance mjae0_sx264 is 3.90616 over 569 frames.
mjae0_sx354 sil ey l oy er w z ix cl p oy n ih vcl t uw ae cl k s ax cl k y uw hh er w l sil 
LOG (latgen-faster-mapped[5.4.140~1-1ab3d]:DecodeUtteranceLatticeFaster():decoder-wrappers.cc:286) Log-like per frame for utterance mjae0_sx354 is 3.92728 over 641 frames.
mjae0_sx444 sil ax cl t aa vcl l er f aw n ih cl k l ae r sh eh l n er dh ix cl k ae m s ay cl sil 
LOG (latgen-faster-mapped[5.4.140~1-1ab3d]:DecodeUtteranceLatticeFaster():decoder-wrappers.cc:286) Log-like per frame for utterance mjae0_sx444 is 3.87225 over 694 frames.
mjae0_sx84 sil k w aa cl p er ey sh n l ao n el f ah n er s cl t eh n ih ng ix ax l l iy v iy ey cl d ix s cl p y uw cl t sil 
LOG (latgen-faster-mapped[5.4.140~1-1ab3d]:RebuildRepository():determinize-lattice-pruned.cc:283) Rebuilding repository.
LOG (latgen-faster-mapped[5.4.140~1-1ab3d]:DecodeUtteranceLatticeFaster():decoder-wrappers.cc:286) Log-like per frame for utterance mjae0_sx84 is 3.80029 over 884 frames.
mjai0_si1604 sil hh iy v l iy v dh ih vcl b r ey v cl p oy z cl d ix en cl k r ay sil 
LOG (latgen-faster-mapped[5.4.140~1-1ab3d]:DecodeUtteranceLatticeFaster():decoder-wrappers.cc:286) Log-like per frame for utterance mjai0_si1604 is 3.95247 over 534 frames.
mjai0_si682 sil ao f cl t ax n eh r ey vcl el cl t ix vcl g ih cl ih n ow l iy vcl b ix cl k ih z ix eh r iy ix z t ix cl k ay n ng eh cl k ix n aa ax cl k l iy sil 
LOG (latgen-faster-mapped[5.4.140~1-1ab3d]:DecodeUtteranceLatticeFaster():decoder-wrappers.cc:286) Log-like per frame for utterance mjai0_si682 is 3.62676 over 890 frames.
mjai0_si710 sil hh aw eh v er cl dh y er cl k r eh f ix cl ch w hh ae v cl t ix dx ey aa r cl t ay vcl t ax l aa r vcl jh s ao f cl t eh r f ix l vcl z sil 
LOG (latgen-faster-mapped[5.4.140~1-1ab3d]:DecodeUtteranceLatticeFaster():decoder-wrappers.cc:286) Log-like per frame for utterance mjai0_si710 is 3.63734 over 897 frames.
mjai0_sx164 sil sil k er iy ah s dx iy n m iy dx iy aa cl k er dx iy s eh l d ax m cl k ow vcl z ih s cl t sil 
LOG (latgen-faster-mapped[5.4.140~1-1ab3d]:DecodeUtteranceLatticeFaster():decoder-wrappers.cc:286) Log-like per frame for utterance mjai0_sx164 is 3.77226 over 653 frames.
mjai0_sx254 sil t dh eh l aw ey th y ix s ix n ch er cl ch sil 
LOG (latgen-faster-mapped[5.4.140~1-1ab3d]:DecodeUtteranceLatticeFaster():decoder-wrappers.cc:286) Log-like per frame for utterance mjai0_sx254 is 3.86315 over 376 frames.
mjai0_sx344 sil ay n ow ay vcl d ix en m iy cl t hh er l iy ih n ah f sil 
LOG (latgen-faster-mapped[5.4.140~1-1ab3d]:DecodeUtteranceLatticeFaster():decoder-wrappers.cc:286) Log-like per frame for utterance mjai0_sx344 is 3.9017 over 461 frames.
mjai0_sx434 sil iy cl ch s cl t ae vcl sh er l iy f ao n z vcl b ih vcl g f ao n sil 
LOG (latgen-faster-mapped[5.4.140~1-1ab3d]:DecodeUtteranceLatticeFaster():decoder-wrappers.cc:286) Log-like per frame for utterance mjai0_sx434 is 3.94149 over 446 frames.
mjai0_sx74 sil n ix f ih sh el vcl d eh vcl l ay n cl k n aa cl b iy cl p ow s cl p ow n sil 
LOG (latgen-faster-mapped[5.4.140~1-1ab3d]:DecodeUtteranceLatticeFaster():decoder-wrappers.cc:286) Log-like per frame for utterance mjai0_sx74 is 3.78521 over 459 frames.
mjbg0_si1232 sil dh ey w er n aa cl y eh cl p er cl p eh r cl t ih cl s ah cl d ih vcl sil ae z y er m iy vcl d y vcl b el sil 
LOG (latgen-faster-mapped[5.4.140~1-1ab3d]:DecodeUtteranceLatticeFaster():decoder-wrappers.cc:286) Log-like per frame for utterance mjbg0_si1232 is 3.79349 over 679 frames.
mjbg0_si1724 sil dh ey w er ao l f ey dx ih vcl d sil 
LOG (latgen-faster-mapped[5.4.140~1-1ab3d]:DecodeUtteranceLatticeFaster():decoder-wrappers.cc:286) Log-like per frame for utterance mjbg0_si1724 is 3.92106 over 331 frames.
mjbg0_si1862 sil w ih l cl p ey y uw vcl b ae cl k ix f y l ah ah s sil 
LOG (latgen-faster-mapped[5.4.140~1-1ab3d]:DecodeUtteranceLatticeFaster():decoder-wrappers.cc:286) Log-like per frame for utterance mjbg0_si1862 is 3.95616 over 518 frames.
mjbg0_sx152 sil m s cl k iy dx ow z ih vcl g z ih s cl d ih n w ao r m hh iy uw m ih vcl d cl k l ay m ax cl s sil 
LOG (latgen-faster-mapped[5.4.140~1-1ab3d]:DecodeUtteranceLatticeFaster():decoder-wrappers.cc:286) Log-like per frame for utterance mjbg0_sx152 is 3.74203 over 652 frames.
mjbg0_sx242 sil m ey ae ay ao r dx er s cl t r ao vcl b er iy s ah n ey ae f cl t er ay iy cl d ih n er sil 
LOG (latgen-faster-mapped[5.4.140~1-1ab3d]:DecodeUtteranceLatticeFaster():decoder-wrappers.cc:286) Log-like per frame for utterance mjbg0_sx242 is 3.89551 over 646 frames.
mjbg0_sx332 sil t aa vcl cl p l ey s cl t cl t aa cl p r ay y ao r dx iy ay n vcl g eh dx ng hh ix z vcl b ay cl k f eh cl k s cl t sil 
LOG (latgen-faster-mapped[5.4.140~1-1ab3d]:DecodeUtteranceLatticeFaster():decoder-wrappers.cc:286) Log-like per frame for utterance mjbg0_sx332 is 3.99405 over 751 frames.
mjbg0_sx422 sil w ah n s uw f ih n ih sh cl g r iy s ng y er cl ch ey n vcl b iy sh er dx w aa sh cl dh er l iy sil 
LOG (latgen-faster-mapped[5.4.140~1-1ab3d]:DecodeUtteranceLatticeFaster():decoder-wrappers.cc:286) Log-like per frame for utterance mjbg0_sx422 is 3.90049 over 747 frames.
mjbg0_sx62 sil ih n iy cl k ah n cl t vcl b y uw sh ix n z w el b iy vcl g r iy cl l iy ix cl p r iy sh iy ey dx ix vcl d sil 
LOG (latgen-faster-mapped[5.4.140~1-1ab3d]:DecodeUtteranceLatticeFaster():decoder-wrappers.cc:286) Log-like per frame for utterance mjbg0_sx62 is 3.81952 over 587 frames.
mjda0_si1031 sil ey cl ch iy vcl b iy dx iy dh ow sil 
LOG (latgen-faster-mapped[5.4.140~1-1ab3d]:DecodeUtteranceLatticeFaster():decoder-wrappers.cc:286) Log-like per frame for utterance mjda0_si1031 is 3.78972 over 243 frames.
mjda0_si1661 sil iy n ow er m ay vcl g aa n sil 
LOG (latgen-faster-mapped[5.4.140~1-1ab3d]:DecodeUtteranceLatticeFaster():decoder-wrappers.cc:286) Log-like per frame for utterance mjda0_si1661 is 3.88624 over 465 frames.
mjda0_si2291 sil dh ae dx ix z ow ix cl p aa r l ix n aa n aa cl s eh n s ix vcl b iy vcl g ae n cl sil 
LOG (latgen-faster-mapped[5.4.140~1-1ab3d]:DecodeUtteranceLatticeFaster():decoder-wrappers.cc:286) Log-like per frame for utterance mjda0_si2291 is 3.62402 over 646 frames.
mjda0_sx131 sil w cl p l eh n vcl b ih l ix n uw vcl b eh v r vcl jh cl p l ae cl sil 
LOG (latgen-faster-mapped[5.4.140~1-1ab3d]:DecodeUtteranceLatticeFaster():decoder-wrappers.cc:286) Log-like per frame for utterance mjda0_sx131 is 3.70397 over 358 frames.
mjda0_sx221 sil k ao r iy cl t ae cl dh cl p r aa vcl jh eh cl ax dh eh cl sh er dx iy cl t er m n ey sh en sil 
LOG (latgen-faster-mapped[5.4.140~1-1ab3d]:DecodeUtteranceLatticeFaster():decoder-wrappers.cc:286) Log-like per frame for utterance mjda0_sx221 is 3.76824 over 516 frames.
mjda0_sx311 sil m ay dx ix z ay er z ix s eh cl p el vcl ih m iy w n ix n f ao r m dx v cl p eh er vcl r eh f ao n s ah vcl jh eh cl t sil 
LOG (latgen-faster-mapped[5.4.140~1-1ab3d]:DecodeUtteranceLatticeFaster():decoder-wrappers.cc:286) Log-like per frame for utterance mjda0_sx311 is 3.74243 over 693 frames.
mjda0_sx401 sil cl t ae cl s ix cl k ae vcl b r ow cl b aw n n cl k ao z ax cl t r ae f ix cl jh ae m sil 
LOG (latgen-faster-mapped[5.4.140~1-1ab3d]:DecodeUtteranceLatticeFaster():decoder-wrappers.cc:286) Log-like per frame for utterance mjda0_sx401 is 3.73285 over 619 frames.
mjda0_sx41 sil hh eh dx ih cl k ih cl m ae n d ey cl s cl k m p l ay n s ax dh ix vcl z ix s cl t ix ng r vcl y l ey sh en s sil 
LOG (latgen-faster-mapped[5.4.140~1-1ab3d]:DecodeUtteranceLatticeFaster():decoder-wrappers.cc:286) Log-like per frame for utterance mjda0_sx41 is 3.71807 over 611 frames.
mjdc0_si1161 sil w z iy cl s ao hh ng ey v er vcl el f uh en n ow cl s sil 
LOG (latgen-faster-mapped[5.4.140~1-1ab3d]:RebuildRepository():determinize-lattice-pruned.cc:283) Rebuilding repository.
LOG (latgen-faster-mapped[5.4.140~1-1ab3d]:DecodeUtteranceLatticeFaster():decoder-wrappers.cc:286) Log-like per frame for utterance mjdc0_si1161 is 3.63805 over 454 frames.
mjdc0_si2165 sil n ow r l iy r ay zh r ey ng sil 
LOG (latgen-faster-mapped[5.4.140~1-1ab3d]:DecodeUtteranceLatticeFaster():decoder-wrappers.cc:286) Log-like per frame for utterance mjdc0_si2165 is 3.79557 over 364 frames.
mjdc0_si531 sil sil sil hh iy s cl p ow m r iy f l iy sil s ih s cl p l iy cl t uw dh cl p oy iy sil ix n ax th aw ao er cl t ao er cl k el f ao er sh ix z s sil 
LOG (latgen-faster-mapped[5.4.140~1-1ab3d]:DecodeUtteranceLatticeFaster():decoder-wrappers.cc:286) Log-like per frame for utterance mjdc0_si531 is 3.69082 over 1167 frames.
mjdc0_sx171 sil ix n ay n ow s ix z epi w z ix s cl k er vcl jh ng hh aw r v r hh uw v n ah ow v er uw w er vcl sil 
LOG (latgen-faster-mapped[5.4.140~1-1ab3d]:RebuildRepository():determinize-lattice-pruned.cc:283) Rebuilding repository.
LOG (latgen-faster-mapped[5.4.140~1-1ab3d]:DecodeUtteranceLatticeFaster():decoder-wrappers.cc:286) Log-like per frame for utterance mjdc0_sx171 is 3.73822 over 660 frames.
mjdc0_sx261 sil d y hh ae dh y l oy m ix r ey dx iy sil 
LOG (latgen-faster-mapped[5.4.140~1-1ab3d]:DecodeUtteranceLatticeFaster():decoder-wrappers.cc:286) Log-like per frame for utterance mjdc0_sx261 is 3.65615 over 342 frames.
mjdc0_sx351 sil n ih s vcl r r n ay z epi w r cl t aa r ax r iy f er r sh iy n er l d er hh ow m sil 
LOG (latgen-faster-mapped[5.4.140~1-1ab3d]:DecodeUtteranceLatticeFaster():decoder-wrappers.cc:286) Log-like per frame for utterance mjdc0_sx351 is 3.63496 over 610 frames.
mjdc0_sx441 sil d ow ax l uh f er g r uw v ae ey vcl el z ix n ax b ay ng v ao l sil sil 
LOG (latgen-faster-mapped[5.4.140~1-1ab3d]:RebuildRepository():determinize-lattice-pruned.cc:283) Rebuilding repository.
LOG (latgen-faster-mapped[5.4.140~1-1ab3d]:DecodeUtteranceLatticeFaster():decoder-wrappers.cc:286) Log-like per frame for utterance mjdc0_sx441 is 3.44964 over 455 frames.
mjdc0_sx81 sil ix s ix m p aa s epi el ax vcl d uw vcl b y aa cl k er s iy sil 
LOG (latgen-faster-mapped[5.4.140~1-1ab3d]:DecodeUtteranceLatticeFaster():decoder-wrappers.cc:286) Log-like per frame for utterance mjdc0_sx81 is 3.55606 over 387 frames.
mjde0_si1120 sil hh ih z cl t ah f sil aa n ih s cl t iy cl k ix n d eh m s ih m cl t uw ey s aa l cl t eh r iy eh n vcl d ih f ix cl k el cl t ih vcl z ih s cl t ix n s sil 
LOG (latgen-faster-mapped[5.4.140~1-1ab3d]:DecodeUtteranceLatticeFaster():decoder-wrappers.cc:286) Log-like per frame for utterance mjde0_si1120 is 3.77409 over 1246 frames.
mjde0_si463 sil dh iy hh ow cl t eh l ow n er sh r ah vcl vcl d er sil 
LOG (latgen-faster-mapped[5.4.140~1-1ab3d]:DecodeUtteranceLatticeFaster():decoder-wrappers.cc:286) Log-like per frame for utterance mjde0_si463 is 3.82769 over 413 frames.
mjde0_si490 sil m ey vcl b iy ih cl s cl t ey cl k iy ng l ao ng er cl t ix vcl g eh cl dh ng s cl k w er dx ow w ey th eh n ax vcl b ae ng cl k er z ix cl k s cl p eh cl d ix vcl 
LOG (latgen-faster-mapped[5.4.140~1-1ab3d]:DecodeUtteranceLatticeFaster():decoder-wrappers.cc:286) Log-like per frame for utterance mjde0_si490 is 3.87792 over 1021 frames.
mjde0_sx130 sil hh iy ey vcl f ao r sil eh cl k s cl t er ey vcl z f er vcl b r eh cl k f ix s sil t sil 
LOG (latgen-faster-mapped[5.4.140~1-1ab3d]:DecodeUtteranceLatticeFaster():decoder-wrappers.cc:286) Log-like per frame for utterance mjde0_sx130 is 3.82673 over 657 frames.
mjde0_sx220 sil dh ax m ow s cl t r iy s ih n jh iy l aa vcl jh ix cl k el s er v ey f aw n s ay z m ih cl cl eh cl k cl t ih v ix dx iy sil 
LOG (latgen-faster-mapped[5.4.140~1-1ab3d]:DecodeUtteranceLatticeFaster():decoder-wrappers.cc:286) Log-like per frame for utterance mjde0_sx220 is 3.87483 over 908 frames.
mjde0_sx310 sil dh ow hh uh vcl d ih v dh ix vcl jh iy cl p sil w ix s cl t iy m ng ih n ah hh aa cl s ah n sil 
LOG (latgen-faster-mapped[5.4.140~1-1ab3d]:DecodeUtteranceLatticeFaster():decoder-wrappers.cc:286) Log-like per frame for utterance mjde0_sx310 is 3.92864 over 757 frames.
LOG (copy-feats[5.4.140~1-1ab3d]:main():copy-feats.cc:143) Copied 192 feature matrices.
mjde0_sx40 sil s cl t ih m iy l ey dx iy ng d ih s cl k ah sh uw n z cl k iy cl s cl d uw en s eh cl t eh n ch ix n sil 
LOG (latgen-faster-mapped[5.4.140~1-1ab3d]:DecodeUtteranceLatticeFaster():decoder-wrappers.cc:286) Log-like per frame for utterance mjde0_sx40 is 3.88536 over 743 frames.
LOG (nnet-forward[5.4.140~1-1ab3d]:main():nnet-forward.cc:192) Done 192 files in 6.42251min, (fps 299.537)
mjde0_sx400 sil jh ah s cl t sil d r aa cl n ow dx ix s ih z ix n ix eh n iy s ix vcl jh ah s cl ch ix n b aa sil k s sil 
LOG (latgen-faster-mapped[5.4.140~1-1ab3d]:DecodeUtteranceLatticeFaster():decoder-wrappers.cc:286) Log-like per frame for utterance mjde0_sx400 is 3.77461 over 735 frames.
LOG (latgen-faster-mapped[5.4.140~1-1ab3d]:main():latgen-faster-mapped.cc:164) Time taken 384.919s: real-time factor assuming 100 frames/sec is 0.333474
LOG (latgen-faster-mapped[5.4.140~1-1ab3d]:main():latgen-faster-mapped.cc:167) Done 192 utterances, failed for 0
LOG (latgen-faster-mapped[5.4.140~1-1ab3d]:main():latgen-faster-mapped.cc:169) Overall log-likelihood per frame is 3.76474 over 115427 frames.
# Accounting: time=388 threads=1
# Ended (code 0) at Thu Jun 21 11:03:38 CST 2018, elapsed time 388 seconds
