# latgen-faster-mapped --beam=18.0 --lattice-beam=10.0 --acoustic-scale=0.2 --max-mem=20000000 --max-active=5000 --word-symbol-table=data/lang/words.txt exp/dnn4_pretrain-dbn_dnn/final.mdl exp/dnn4_pretrain-dbn_dnn_denlats/dengraph/HCLG.fst "ark,s,cs:copy-feats scp:data-fmllr-tri3/train/split20/6/feats.scp ark:- | nnet-forward --no-softmax=true --prior-scale=1.0 --feature-transform=exp/dnn4_pretrain-dbn_dnn/final.feature_transform --class-frame-counts=exp/dnn4_pretrain-dbn_dnn/ali_train_pdf.counts --use-gpu=no exp/dnn4_pretrain-dbn_dnn/final.nnet ark:- ark:- |" scp:exp/dnn4_pretrain-dbn_dnn_denlats/lat.store_separately_as_gz.scp 
# Started at Thu Jun 21 10:57:10 CST 2018
#
latgen-faster-mapped --beam=18.0 --lattice-beam=10.0 --acoustic-scale=0.2 --max-mem=20000000 --max-active=5000 --word-symbol-table=data/lang/words.txt exp/dnn4_pretrain-dbn_dnn/final.mdl exp/dnn4_pretrain-dbn_dnn_denlats/dengraph/HCLG.fst 'ark,s,cs:copy-feats scp:data-fmllr-tri3/train/split20/6/feats.scp ark:- | nnet-forward --no-softmax=true --prior-scale=1.0 --feature-transform=exp/dnn4_pretrain-dbn_dnn/final.feature_transform --class-frame-counts=exp/dnn4_pretrain-dbn_dnn/ali_train_pdf.counts --use-gpu=no exp/dnn4_pretrain-dbn_dnn/final.nnet ark:- ark:- |' scp:exp/dnn4_pretrain-dbn_dnn_denlats/lat.store_separately_as_gz.scp 
copy-feats scp:data-fmllr-tri3/train/split20/6/feats.scp ark:- 
nnet-forward --no-softmax=true --prior-scale=1.0 --feature-transform=exp/dnn4_pretrain-dbn_dnn/final.feature_transform --class-frame-counts=exp/dnn4_pretrain-dbn_dnn/ali_train_pdf.counts --use-gpu=no exp/dnn4_pretrain-dbn_dnn/final.nnet ark:- ark:- 
LOG (nnet-forward[5.4.140~1-1ab3d]:SelectGpuId():cu-device.cc:123) Manually selected to compute on CPU.
LOG (nnet-forward[5.4.140~1-1ab3d]:main():nnet-forward.cc:93) Removing <Softmax> from the nnet exp/dnn4_pretrain-dbn_dnn/final.nnet
LOG (nnet-forward[5.4.140~1-1ab3d]:PdfPrior():nnet-pdf-prior.cc:34) Computing pdf-priors from : exp/dnn4_pretrain-dbn_dnn/ali_train_pdf.counts
LOG (nnet-forward[5.4.140~1-1ab3d]:PdfPrior():nnet-pdf-prior.cc:64) Floored 0 pdf-priors (hard-set to 1.84467e+19, which disables DNN output when decoding)
fsjs0_si1171 sil n ao r w er hh ix z m ae dx er z vcl aa r vcl b eh r ae cl k sil 
LOG (latgen-faster-mapped[5.4.140~1-1ab3d]:DecodeUtteranceLatticeFaster():decoder-wrappers.cc:286) Log-like per frame for utterance fsjs0_si1171 is 3.75398 over 441 frames.
fsjs0_si1801 sil sil ih f w iy l eh f cl t w ah n w iy hh ae f cl t w ay cl p ix f er f ih ng g er cl p r ih cl s sil 
LOG (latgen-faster-mapped[5.4.140~1-1ab3d]:DecodeUtteranceLatticeFaster():decoder-wrappers.cc:286) Log-like per frame for utterance fsjs0_si1801 is 3.78984 over 744 frames.
fsjs0_si541 sil sil ih dx hh eh l cl p s dh ow s cl p iy cl p el hh uw hh eh l cl dh ax m s eh l s sil 
LOG (latgen-faster-mapped[5.4.140~1-1ab3d]:DecodeUtteranceLatticeFaster():decoder-wrappers.cc:286) Log-like per frame for utterance fsjs0_si541 is 3.81847 over 748 frames.
fsjs0_sx181 sil r ih ch l cl k f er s cl p aa dx ah dx hh ay iy n eh z ix n jh ae vcl g w er z ah n ix s ax f ay r iy sil 
LOG (latgen-faster-mapped[5.4.140~1-1ab3d]:DecodeUtteranceLatticeFaster():decoder-wrappers.cc:286) Log-like per frame for utterance fsjs0_sx181 is 3.72239 over 799 frames.
fsjs0_sx271 sil b iy cl k er f el m aa cl t cl p aw ao v r dh f l aw er b eh cl s sil 
LOG (latgen-faster-mapped[5.4.140~1-1ab3d]:DecodeUtteranceLatticeFaster():decoder-wrappers.cc:286) Log-like per frame for utterance fsjs0_sx271 is 3.81111 over 568 frames.
fsjs0_sx361 sil dh ix s b iy cl s ix m cl p ow z iy m ay cl b iy vcl g ih n m ah n d ae iy sil 
LOG (latgen-faster-mapped[5.4.140~1-1ab3d]:DecodeUtteranceLatticeFaster():decoder-wrappers.cc:286) Log-like per frame for utterance fsjs0_sx361 is 3.7764 over 520 frames.
fsjs0_sx451 sil dh ih th ih cl k ix ah l m f ao r ah s cl t w z n er l iy ow v er w eh l m b ay vcl dh eh cl ch eh l m d ix z iy s sil 
LOG (latgen-faster-mapped[5.4.140~1-1ab3d]:DecodeUtteranceLatticeFaster():decoder-wrappers.cc:286) Log-like per frame for utterance fsjs0_sx451 is 3.66948 over 810 frames.
fsjs0_sx91 sil dh m ih s cl p ih cl p v ow cl t cl t n ix n m iy dx iy cl d ix s cl k l ey m er sil 
LOG (latgen-faster-mapped[5.4.140~1-1ab3d]:RebuildRepository():determinize-lattice-pruned.cc:283) Rebuilding repository.
LOG (latgen-faster-mapped[5.4.140~1-1ab3d]:DecodeUtteranceLatticeFaster():decoder-wrappers.cc:286) Log-like per frame for utterance fsjs0_sx91 is 3.7117 over 582 frames.
fsjw0_si1333 sil eh cl k s r ey f ih aw m z dh v er b el cl k aa m sh ow cl p er vcl g r eh sh en cl ah v dh vcl vcl d ix m ih er ah z ey sh en sil 
LOG (latgen-faster-mapped[5.4.140~1-1ab3d]:RebuildRepository():determinize-lattice-pruned.cc:283) Rebuilding repository.
LOG (latgen-faster-mapped[5.4.140~1-1ab3d]:DecodeUtteranceLatticeFaster():decoder-wrappers.cc:286) Log-like per frame for utterance fsjw0_si1333 is 3.71769 over 1036 frames.
fsjw0_si1963 sil iy cl ch cl p l ey ng cl k eh r iy cl t uw f ay cl p eh n d er cl p aw m b ao m z sil 
LOG (latgen-faster-mapped[5.4.140~1-1ab3d]:DecodeUtteranceLatticeFaster():decoder-wrappers.cc:286) Log-like per frame for utterance fsjw0_si1963 is 3.91054 over 597 frames.
fsjw0_si703 sil ey w ix z m ah s cl g ih l er vcl b eh dx eh w ah z ax n s m eh cl t er cl k el sil 
LOG (latgen-faster-mapped[5.4.140~1-1ab3d]:DecodeUtteranceLatticeFaster():decoder-wrappers.cc:286) Log-like per frame for utterance fsjw0_si703 is 3.69488 over 514 frames.
fsjw0_sx163 sil dh ey r iy m ey n l ay f l ao ng f r ae n z ih ng k m p ae ng n s sil 
LOG (latgen-faster-mapped[5.4.140~1-1ab3d]:DecodeUtteranceLatticeFaster():decoder-wrappers.cc:286) Log-like per frame for utterance fsjw0_sx163 is 3.84751 over 541 frames.
fsjw0_sx253 sil b ay iy ng y ow vcl g er cl sil y m ey l ey v l ao ng g er sil 
LOG (latgen-faster-mapped[5.4.140~1-1ab3d]:DecodeUtteranceLatticeFaster():decoder-wrappers.cc:286) Log-like per frame for utterance fsjw0_sx253 is 3.85754 over 440 frames.
fsjw0_sx343 sil dh ix f r ay ng ch ay w ix s cl jh ih n iy s ix vcl d uw vcl b ay hh z vcl b ih vcl b r ah dh er sil 
LOG (latgen-faster-mapped[5.4.140~1-1ab3d]:DecodeUtteranceLatticeFaster():decoder-wrappers.cc:286) Log-like per frame for utterance fsjw0_sx343 is 3.81346 over 710 frames.
fsjw0_sx433 sil sil dh iy ow v er w ey cl ch ay m er cl k ix vcl s ix cl p oy z n eh n d ix ae n iy ng w n s cl t iy sil 
LOG (latgen-faster-mapped[5.4.140~1-1ab3d]:DecodeUtteranceLatticeFaster():decoder-wrappers.cc:286) Log-like per frame for utterance fsjw0_sx433 is 3.73264 over 660 frames.
fsjw0_sx73 sil k ih s cl t ix s cl p l ey w ix z n ix s cl p l ey s cl t ah n s cl k r iy n sil 
LOG (latgen-faster-mapped[5.4.140~1-1ab3d]:DecodeUtteranceLatticeFaster():decoder-wrappers.cc:286) Log-like per frame for utterance fsjw0_sx73 is 3.81851 over 670 frames.
fskc0_si1416 sil n eh s ix s eh er r iy cl t eh cl ch ng w z cl p uh dx ao n w ah n cl s sil 
LOG (latgen-faster-mapped[5.4.140~1-1ab3d]:DecodeUtteranceLatticeFaster():decoder-wrappers.cc:286) Log-like per frame for utterance fskc0_si1416 is 3.90172 over 523 frames.
fskc0_si2046 sil hh iy s cl t r ey en vcl d ah cl p l er n aw ay z dh vcl b ah f el l hh ah n er cl k ey m cl k ow s er sil 
LOG (latgen-faster-mapped[5.4.140~1-1ab3d]:DecodeUtteranceLatticeFaster():decoder-wrappers.cc:286) Log-like per frame for utterance fskc0_si2046 is 3.86324 over 660 frames.
fskc0_si786 sil d ow cl l uw z dh ix cl ch eh cl k iy sil 
LOG (latgen-faster-mapped[5.4.140~1-1ab3d]:DecodeUtteranceLatticeFaster():decoder-wrappers.cc:286) Log-like per frame for utterance fskc0_si786 is 3.82823 over 346 frames.
fskc0_sx156 sil aa r cl s cl p er m n s cl p aa z ih v aw cl k ah m ah z ah n cl k s cl p eh cl ix vcl sil 
LOG (latgen-faster-mapped[5.4.140~1-1ab3d]:DecodeUtteranceLatticeFaster():decoder-wrappers.cc:286) Log-like per frame for utterance fskc0_sx156 is 3.76106 over 510 frames.
fskc0_sx246 sil hh aw ey n sh ix n ih z dh ih s ah vcl w ey eh s cl k el ey dx er sil 
LOG (latgen-faster-mapped[5.4.140~1-1ab3d]:DecodeUtteranceLatticeFaster():decoder-wrappers.cc:286) Log-like per frame for utterance fskc0_sx246 is 3.81481 over 467 frames.
fskc0_sx336 sil r aa vcl m ey vcl d hh ah ng g ih r iy n g uw l aa sh f er vcl d ih n er ng g uw s cl p eh r cl p ay f er dx iy z er cl 
LOG (latgen-faster-mapped[5.4.140~1-1ab3d]:DecodeUtteranceLatticeFaster():decoder-wrappers.cc:286) Log-like per frame for utterance fskc0_sx336 is 3.94303 over 774 frames.
fskc0_sx426 sil ey m aa s ih vcl g z ae vcl d ax l ao ng ix cl p ae th er uw aa dx ow z cl g aa r en sil 
LOG (latgen-faster-mapped[5.4.140~1-1ab3d]:DecodeUtteranceLatticeFaster():decoder-wrappers.cc:286) Log-like per frame for utterance fskc0_sx426 is 4.04461 over 604 frames.
fskc0_sx66 sil w vcl g eh vcl d r eh n ch f ix n iy ah m n ih n er cl t ix vcl r ey n sil 
LOG (latgen-faster-mapped[5.4.140~1-1ab3d]:DecodeUtteranceLatticeFaster():decoder-wrappers.cc:286) Log-like per frame for utterance fskc0_sx66 is 3.72896 over 505 frames.
fskl0_si1529 sil m ih l iy cl t ix s ae dx ix s f ay dh iy aa dh ix z cl k y er iy ae s ix dx iy sil 
LOG (latgen-faster-mapped[5.4.140~1-1ab3d]:DecodeUtteranceLatticeFaster():decoder-wrappers.cc:286) Log-like per frame for utterance fskl0_si1529 is 3.91473 over 577 frames.
fskl0_si2159 sil p er f ey s iy m cl t ix f l ow cl ih n ih n ih n p aa z ix vcl b l iy vcl b r ay cl sh ae f cl t ax s ah n l ay cl t sil 
LOG (latgen-faster-mapped[5.4.140~1-1ab3d]:DecodeUtteranceLatticeFaster():decoder-wrappers.cc:286) Log-like per frame for utterance fskl0_si2159 is 3.84432 over 798 frames.
fskl0_si899 sil hh ow m ey vcl s aw r cl k r aw ix s er v t w ah n s w iy cl k sil 
LOG (latgen-faster-mapped[5.4.140~1-1ab3d]:DecodeUtteranceLatticeFaster():decoder-wrappers.cc:286) Log-like per frame for utterance fskl0_si899 is 3.79451 over 529 frames.
fskl0_sx179 sil w cl k ih vcl b eh r l iy s uw dh ih f y ao r vcl z er dh ix s n ow f l er iy s sil 
LOG (latgen-faster-mapped[5.4.140~1-1ab3d]:DecodeUtteranceLatticeFaster():decoder-wrappers.cc:286) Log-like per frame for utterance fskl0_sx179 is 3.85618 over 638 frames.
fskl0_sx269 sil t uw ey cl t ih cl p cl k el f aa r m er z cl r ow ow cl s sil 
LOG (latgen-faster-mapped[5.4.140~1-1ab3d]:DecodeUtteranceLatticeFaster():decoder-wrappers.cc:286) Log-like per frame for utterance fskl0_sx269 is 3.68696 over 409 frames.
fskl0_sx359 sil dh ix s ix s cl t ix m ey vcl b r ey cl d aw n z uw n sil s ax s ey v er f ay l z f r iy cl k w ix n l iy sil 
LOG (latgen-faster-mapped[5.4.140~1-1ab3d]:DecodeUtteranceLatticeFaster():decoder-wrappers.cc:286) Log-like per frame for utterance fskl0_sx359 is 3.77855 over 665 frames.
fskl0_sx449 sil r l f cl p r cl p eh vcl r eh vcl s ae cl p er w ix th f r eh sh l eh m n s aa s f er vcl d ih n er sil 
LOG (latgen-faster-mapped[5.4.140~1-1ab3d]:DecodeUtteranceLatticeFaster():decoder-wrappers.cc:286) Log-like per frame for utterance fskl0_sx449 is 3.90814 over 646 frames.
fskl0_sx89 sil ix cl t aa r cl t ix cl t eh l n er r ih vcl jh dx ow f r m ax f ao r jh er r iy sil 
LOG (latgen-faster-mapped[5.4.140~1-1ab3d]:DecodeUtteranceLatticeFaster():decoder-wrappers.cc:286) Log-like per frame for utterance fskl0_sx89 is 3.88261 over 552 frames.
fskp0_si1098 sil w n cl k ix n ih l iy s cl p iy g ix v w dx ix z ix n f ah n ah v ih m ix n ae cl n aw ah s ix m cl p l iy dh ax m ae s sil 
LOG (latgen-faster-mapped[5.4.140~1-1ab3d]:RebuildRepository():determinize-lattice-pruned.cc:283) Rebuilding repository.
LOG (latgen-faster-mapped[5.4.140~1-1ab3d]:DecodeUtteranceLatticeFaster():decoder-wrappers.cc:286) Log-like per frame for utterance fskp0_si1098 is 3.71228 over 870 frames.
fskp0_si1728 sil ih iy vcl ix dx ix cl k eh r ng ix iy th ih n ih m ay cl hh ay r ay f el sil 
LOG (latgen-faster-mapped[5.4.140~1-1ab3d]:RebuildRepository():determinize-lattice-pruned.cc:283) Rebuilding repository.
LOG (latgen-faster-mapped[5.4.140~1-1ab3d]:RebuildRepository():determinize-lattice-pruned.cc:283) Rebuilding repository.
LOG (latgen-faster-mapped[5.4.140~1-1ab3d]:RebuildRepository():determinize-lattice-pruned.cc:283) Rebuilding repository.
WARNING (latgen-faster-mapped[5.4.140~1-1ab3d]:CheckMemoryUsage():determinize-lattice-pruned.cc:316) Did not reach requested beam in determinize-lattice: size exceeds maximum 20000000 bytes; (repo,arcs,elems) = (13184768,275328,6552000), after rebuilding, repo size was 10002240, effective beam was 7.75236 vs. requested beam 10
WARNING (latgen-faster-mapped[5.4.140~1-1ab3d]:DecodeUtteranceLatticeFaster():decoder-wrappers.cc:274) Determinization finished earlier than the beam for utterance fskp0_si1728
LOG (latgen-faster-mapped[5.4.140~1-1ab3d]:DecodeUtteranceLatticeFaster():decoder-wrappers.cc:286) Log-like per frame for utterance fskp0_si1728 is 3.55024 over 497 frames.
fskp0_si468 sil dh er z t eh f l iy s ah m l iy m ih n d ae m ix vcl jh ix n ix z m ey sil 
LOG (latgen-faster-mapped[5.4.140~1-1ab3d]:DecodeUtteranceLatticeFaster():decoder-wrappers.cc:286) Log-like per frame for utterance fskp0_si468 is 3.4915 over 536 frames.
fskp0_sx108 sil ix z s cl k aw cl p ax z vcl b uh s er vcl f m cl t ix dx ey z hh aa cl s ah m sil 
LOG (latgen-faster-mapped[5.4.140~1-1ab3d]:DecodeUtteranceLatticeFaster():decoder-wrappers.cc:286) Log-like per frame for utterance fskp0_sx108 is 3.69091 over 505 frames.
fskp0_sx18 sil ae l m ah n iy hh aa er m z dh v ao r s epi m ae n z w l th f sil 
LOG (latgen-faster-mapped[5.4.140~1-1ab3d]:DecodeUtteranceLatticeFaster():decoder-wrappers.cc:286) Log-like per frame for utterance fskp0_sx18 is 3.55907 over 479 frames.
fskp0_sx198 sil n ao r w iy jh ix n s l eh dx er z ix m ey dx v l ae m z el sil 
LOG (latgen-faster-mapped[5.4.140~1-1ab3d]:DecodeUtteranceLatticeFaster():decoder-wrappers.cc:286) Log-like per frame for utterance fskp0_sx198 is 3.61996 over 463 frames.
fskp0_sx288 sil p r ah sh f ay z ix cl k aa m ix n ix m ix vcl jh ay ah n er b r ah sh ax n ax v aa ah sil 
LOG (latgen-faster-mapped[5.4.140~1-1ab3d]:RebuildRepository():determinize-lattice-pruned.cc:283) Rebuilding repository.
LOG (latgen-faster-mapped[5.4.140~1-1ab3d]:DecodeUtteranceLatticeFaster():decoder-wrappers.cc:286) Log-like per frame for utterance fskp0_sx288 is 3.74694 over 592 frames.
fskp0_sx378 sil ix vcl jh ix s aa vcl jh ih n ih dh ix n uw aa cl k ix l aa vcl jh vcl k el m uw z iy ah m sil 
LOG (latgen-faster-mapped[5.4.140~1-1ab3d]:RebuildRepository():determinize-lattice-pruned.cc:283) Rebuilding repository.
LOG (latgen-faster-mapped[5.4.140~1-1ab3d]:DecodeUtteranceLatticeFaster():decoder-wrappers.cc:286) Log-like per frame for utterance fskp0_sx378 is 3.57009 over 536 frames.
fsls0_si1056 sil k n th er m ah n uw cl k l iy w ao r vcl b iy s ah dx aa f b ay ae k s ix eh n cl t sil 
LOG (latgen-faster-mapped[5.4.140~1-1ab3d]:DecodeUtteranceLatticeFaster():decoder-wrappers.cc:286) Log-like per frame for utterance fsls0_si1056 is 3.69908 over 605 frames.
fsls0_si1686 sil ih cl l ae ch ix z w n iy cl k l ow z ix cl s ix s cl t ey z l ao ng ix zh uw ay cl k sil 
LOG (latgen-faster-mapped[5.4.140~1-1ab3d]:DecodeUtteranceLatticeFaster():decoder-wrappers.cc:286) Log-like per frame for utterance fsls0_si1686 is 3.76802 over 692 frames.
fsls0_si2316 sil d ey v iy m ae th y uw z sil ih cl s ix s cl g ah s cl t ix ng m w ey y er ao iy z iy dx iy ng sil 
LOG (latgen-faster-mapped[5.4.140~1-1ab3d]:DecodeUtteranceLatticeFaster():decoder-wrappers.cc:286) Log-like per frame for utterance fsls0_si2316 is 3.87038 over 790 frames.
fsls0_sx156 sil aa r cl k s cl p ih er m ix n s cl p aa z er v aw cl k aw m w z ah n ix cl s cl p eh cl t ix cl sil 
LOG (latgen-faster-mapped[5.4.140~1-1ab3d]:DecodeUtteranceLatticeFaster():decoder-wrappers.cc:286) Log-like per frame for utterance fsls0_sx156 is 3.72145 over 693 frames.
fsls0_sx202 sil hh aw m ah cl ch ax l aw n s cl d y vcl g eh cl t sil 
LOG (latgen-faster-mapped[5.4.140~1-1ab3d]:DecodeUtteranceLatticeFaster():decoder-wrappers.cc:286) Log-like per frame for utterance fsls0_sx202 is 3.59735 over 388 frames.
fsls0_sx246 sil hh aw ey n sh ix ix z ix s ah vcl w ey eh s cl k l ey dx er sil 
LOG (latgen-faster-mapped[5.4.140~1-1ab3d]:DecodeUtteranceLatticeFaster():decoder-wrappers.cc:286) Log-like per frame for utterance fsls0_sx246 is 3.8164 over 490 frames.
fsls0_sx426 sil ah m aa th z ih vcl g z ae vcl d ax l ao ng ix cl p ae f er uw aa dx ow z cl k aa r vcl en sil 
LOG (latgen-faster-mapped[5.4.140~1-1ab3d]:DecodeUtteranceLatticeFaster():decoder-wrappers.cc:286) Log-like per frame for utterance fsls0_sx426 is 3.85772 over 682 frames.
fsls0_sx66 sil w iy aa cl d r eh n ch f r ah n iy eh n ih n t r ah cl t ix vcl d r ey cl sil 
LOG (latgen-faster-mapped[5.4.140~1-1ab3d]:DecodeUtteranceLatticeFaster():decoder-wrappers.cc:286) Log-like per frame for utterance fsls0_sx66 is 3.60571 over 542 frames.
fsma0_si1621 sil n aa hh ih l cl ch ow cl f ix sh uw ah sil 
LOG (latgen-faster-mapped[5.4.140~1-1ab3d]:DecodeUtteranceLatticeFaster():decoder-wrappers.cc:286) Log-like per frame for utterance fsma0_si1621 is 3.65726 over 312 frames.
fsma0_si2251 sil hh iy hh ae vcl ah l ey z cl p eh n ah m eh s iy ae n eh vcl g ix jh ih cl m ae n sil 
LOG (latgen-faster-mapped[5.4.140~1-1ab3d]:RebuildRepository():determinize-lattice-pruned.cc:283) Rebuilding repository.
LOG (latgen-faster-mapped[5.4.140~1-1ab3d]:RebuildRepository():determinize-lattice-pruned.cc:283) Rebuilding repository.
LOG (latgen-faster-mapped[5.4.140~1-1ab3d]:DecodeUtteranceLatticeFaster():decoder-wrappers.cc:286) Log-like per frame for utterance fsma0_si2251 is 3.72673 over 641 frames.
fsma0_si991 sil sh iy ae vcl n ow w ey eh v m n ow ng ix vcl b ae n cl s w ix dh er n aa cl p cl t uw n ix dx iy f ax m er ix cl z ih s cl t ix vcl cl sil 
LOG (latgen-faster-mapped[5.4.140~1-1ab3d]:RebuildRepository():determinize-lattice-pruned.cc:283) Rebuilding repository.
LOG (latgen-faster-mapped[5.4.140~1-1ab3d]:DecodeUtteranceLatticeFaster():decoder-wrappers.cc:286) Log-like per frame for utterance fsma0_si991 is 3.65104 over 893 frames.
fsma0_sx181 sil r ih cl ch l uh cl f ax s cl b aa ih vcl hh ay iy n ih z ix n jh ae vcl w ah z ah n ix s ax f aa r iy sil 
LOG (latgen-faster-mapped[5.4.140~1-1ab3d]:DecodeUtteranceLatticeFaster():decoder-wrappers.cc:286) Log-like per frame for utterance fsma0_sx181 is 3.74956 over 710 frames.
fsma0_sx271 sil b iy cl k ae f el n aa cl t cl p l aw ow ax dh ax f l aw ax cl b eh vcl s sil 
LOG (latgen-faster-mapped[5.4.140~1-1ab3d]:DecodeUtteranceLatticeFaster():decoder-wrappers.cc:286) Log-like per frame for utterance fsma0_sx271 is 3.75792 over 555 frames.
fsma0_sx361 sil dh ix s cl p iy cl s m cl p ow l ow z y m ay vcl b iy cl g ih n m ah n d ae ey sil 
LOG (latgen-faster-mapped[5.4.140~1-1ab3d]:DecodeUtteranceLatticeFaster():decoder-wrappers.cc:286) Log-like per frame for utterance fsma0_sx361 is 3.82043 over 523 frames.
fsma0_sx451 sil dh ih th ih cl eh l m cl aa r ix s ix z n ih l iy ow v w eh l m b ay vcl d ah cl jh sil eh l m d ix z iy z sil 
LOG (latgen-faster-mapped[5.4.140~1-1ab3d]:RebuildRepository():determinize-lattice-pruned.cc:283) Rebuilding repository.
LOG (latgen-faster-mapped[5.4.140~1-1ab3d]:DecodeUtteranceLatticeFaster():decoder-wrappers.cc:286) Log-like per frame for utterance fsma0_sx451 is 3.67133 over 957 frames.
fsma0_sx91 sil dh m ih s cl p ih n cl p ax v ow cl t ix n m iy dx iy ih cl d ix s cl k l ey m er sil 
LOG (latgen-faster-mapped[5.4.140~1-1ab3d]:DecodeUtteranceLatticeFaster():decoder-wrappers.cc:286) Log-like per frame for utterance fsma0_sx91 is 3.83002 over 542 frames.
fsmm0_si1314 sil dh ix f ah dx cl k ix m k l vcl g s cl ch ey n jh uw n ix vcl g ae s f ey s sil 
LOG (latgen-faster-mapped[5.4.140~1-1ab3d]:DecodeUtteranceLatticeFaster():decoder-wrappers.cc:286) Log-like per frame for utterance fsmm0_si1314 is 3.80912 over 538 frames.
fsmm0_si1944 sil dh ax f ao r m er s cl k aw cl s aw l vcl b ay cl k ix en b iy sh ey cl k ix n sil 
LOG (latgen-faster-mapped[5.4.140~1-1ab3d]:DecodeUtteranceLatticeFaster():decoder-wrappers.cc:286) Log-like per frame for utterance fsmm0_si1944 is 3.8248 over 524 frames.
fsmm0_si684 sil dh ih s ix z iy cl t aa m ix cl k s ah n iy cl t aa m ng n uw cl sil k iy ix s sil 
LOG (latgen-faster-mapped[5.4.140~1-1ab3d]:DecodeUtteranceLatticeFaster():decoder-wrappers.cc:286) Log-like per frame for utterance fsmm0_si684 is 3.73863 over 609 frames.
fsmm0_sx144 sil dh ax w l iy w ah m ix n l ao r m ah s cl k r ay cl sil k ow ix cl sil 
LOG (latgen-faster-mapped[5.4.140~1-1ab3d]:DecodeUtteranceLatticeFaster():decoder-wrappers.cc:286) Log-like per frame for utterance fsmm0_sx144 is 3.63271 over 518 frames.
fsmm0_sx234 sil dh cl p ey cl p er b oy vcl b ao cl t uw ae cl p el z ix n th r iy ay s ix s sil 
LOG (latgen-faster-mapped[5.4.140~1-1ab3d]:DecodeUtteranceLatticeFaster():decoder-wrappers.cc:286) Log-like per frame for utterance fsmm0_sx234 is 3.80684 over 757 frames.
fsmm0_sx324 sil dh ax l ow cl k l vcl d ah vcl g s cl t ao r w ix s cl t aa r zh cl t w ix dh ih l iy vcl g l iy vcl d s dh ih n s iy ng cl t r ay n cl w ao ay z er s sil 
LOG (latgen-faster-mapped[5.4.140~1-1ab3d]:DecodeUtteranceLatticeFaster():decoder-wrappers.cc:286) Log-like per frame for utterance fsmm0_sx324 is 3.7035 over 872 frames.
fsmm0_sx414 sil ay r sh ah n g s cl t er z ix iy vcl f r eh sh cl k eh cl p er s f er vcl b r eh cl f ix s cl sil sil 
LOG (latgen-faster-mapped[5.4.140~1-1ab3d]:DecodeUtteranceLatticeFaster():decoder-wrappers.cc:286) Log-like per frame for utterance fsmm0_sx414 is 3.77176 over 682 frames.
fsmm0_sx54 sil dh iy s cl t ih n cl k eh s cl t ix z ax cl p l ey s f r cl p y er cl p l eh sh ch er ix n ng cl k s ay cl m ix n cl 
LOG (latgen-faster-mapped[5.4.140~1-1ab3d]:DecodeUtteranceLatticeFaster():decoder-wrappers.cc:286) Log-like per frame for utterance fsmm0_sx54 is 3.73124 over 693 frames.
fsms1_si1504 sil f er m ow m ih n cl b oy ae n aw cl hh ah ng ih n m eh dx eh er sil 
LOG (latgen-faster-mapped[5.4.140~1-1ab3d]:DecodeUtteranceLatticeFaster():decoder-wrappers.cc:286) Log-like per frame for utterance fsms1_si1504 is 3.70357 over 572 frames.
fsms1_si2134 sil aa l hh ix z f ae m iy w ix z cl d ae vcl ix cl s eh cl f er hh ih s ah n sil 
LOG (latgen-faster-mapped[5.4.140~1-1ab3d]:DecodeUtteranceLatticeFaster():decoder-wrappers.cc:286) Log-like per frame for utterance fsms1_si2134 is 3.81926 over 575 frames.
fsms1_si874 sil f er s cl g ow v ih dh ix cl t ay cl p ax v cl k ah v r ih vcl jh sil y n aw hh ae v sil 
LOG (latgen-faster-mapped[5.4.140~1-1ab3d]:DecodeUtteranceLatticeFaster():decoder-wrappers.cc:286) Log-like per frame for utterance fsms1_si874 is 3.86438 over 662 frames.
fsms1_sx154 sil ao r n s cl jh uw s cl t ey s f ah n iy ae f cl t er cl t uw th p ey s cl t sil 
LOG (latgen-faster-mapped[5.4.140~1-1ab3d]:DecodeUtteranceLatticeFaster():decoder-wrappers.cc:286) Log-like per frame for utterance fsms1_sx154 is 3.8753 over 523 frames.
fsms1_sx244 sil hh er vcl z cl p er dh ey ih cl k er z f r iy cl k w ih n l iy aa n cl dh ey ng s cl g ih v ix ng sil 
LOG (latgen-faster-mapped[5.4.140~1-1ab3d]:DecodeUtteranceLatticeFaster():decoder-wrappers.cc:286) Log-like per frame for utterance fsms1_sx244 is 3.68022 over 619 frames.
fsms1_sx334 sil ao f cl t ih n y l vcl g ih vcl b ae cl m ao r dh ih n iy cl p uh dx ih n sil 
LOG (latgen-faster-mapped[5.4.140~1-1ab3d]:DecodeUtteranceLatticeFaster():decoder-wrappers.cc:286) Log-like per frame for utterance fsms1_sx334 is 3.73808 over 511 frames.
fsms1_sx347 sil dh cl p ey sh ih n eh n ix s er vcl jh eh n er vcl b ah th r iy cl k uw cl p r ey dx ng f m ax l ng th iy aa cl p er ey sh ix n sil 
LOG (latgen-faster-mapped[5.4.140~1-1ab3d]:DecodeUtteranceLatticeFaster():decoder-wrappers.cc:286) Log-like per frame for utterance fsms1_sx347 is 3.886 over 792 frames.
fsms1_sx64 sil r eh vcl g ih l er eh cl t eh n d ih n s ix s eh l vcl d ix m iy cl k w ay er vcl sil 
LOG (latgen-faster-mapped[5.4.140~1-1ab3d]:DecodeUtteranceLatticeFaster():decoder-wrappers.cc:286) Log-like per frame for utterance fsms1_sx64 is 3.7205 over 537 frames.
fspm0_si1241 sil ih n m eh n iy eh v ix z cl p ow ao m z sil d eh th cl k ah m z vcl b ay cl t r ey n sil ey s cl t r aa ng l iy y v aa cl k ix dx ih v ih zh uw el eh m ix vcl jh sil 
LOG (latgen-faster-mapped[5.4.140~1-1ab3d]:DecodeUtteranceLatticeFaster():decoder-wrappers.cc:286) Log-like per frame for utterance fspm0_si1241 is 3.8426 over 1096 frames.
fspm0_si1871 sil dh vcl g er r l ah vcl b ih v w ae cl k r m ey n s ay l ah cl t sil 
LOG (latgen-faster-mapped[5.4.140~1-1ab3d]:DecodeUtteranceLatticeFaster():decoder-wrappers.cc:286) Log-like per frame for utterance fspm0_si1871 is 3.87499 over 492 frames.
fspm0_si611 sil w eh l n aw w iy hh ae v cl t uw vcl b ih vcl th iy ih dx er z sil 
LOG (latgen-faster-mapped[5.4.140~1-1ab3d]:DecodeUtteranceLatticeFaster():decoder-wrappers.cc:286) Log-like per frame for utterance fspm0_si611 is 3.85714 over 469 frames.
fspm0_sx161 sil ae z ix cl p r cl k aa sh ix n dh iy aw b l ao z vcl b aa cl g ah n cl p aw dx er f ao r dh er sh t r ao ng hh l vcl sil 
LOG (latgen-faster-mapped[5.4.140~1-1ab3d]:DecodeUtteranceLatticeFaster():decoder-wrappers.cc:286) Log-like per frame for utterance fspm0_sx161 is 3.84523 over 732 frames.
fspm0_sx251 sil w iy cl p l aa ay ao dx ax cl t ao r iy m aa dx el l ng sil t uw cl k m cl p uw er s cl b iy cl ch r eh cl k ix vcl n ih sh n sil 
LOG (latgen-faster-mapped[5.4.140~1-1ab3d]:DecodeUtteranceLatticeFaster():decoder-wrappers.cc:286) Log-like per frame for utterance fspm0_sx251 is 3.90411 over 906 frames.
fspm0_sx341 sil dh hh ay s ix cl k y er dx iy cl p r ih z ix n w s er r aw n d ix vcl b ay vcl b aa r vcl w ay er sil 
LOG (latgen-faster-mapped[5.4.140~1-1ab3d]:DecodeUtteranceLatticeFaster():decoder-wrappers.cc:286) Log-like per frame for utterance fspm0_sx341 is 4.05077 over 612 frames.
fspm0_sx431 sil dh f ih th jh aa r cl k en cl t ey n z vcl b ih vcl jh uw s iy cl p iy cl ch ix z sil 
LOG (latgen-faster-mapped[5.4.140~1-1ab3d]:DecodeUtteranceLatticeFaster():decoder-wrappers.cc:286) Log-like per frame for utterance fspm0_sx431 is 3.95017 over 545 frames.
fspm0_sx71 sil p r cl k iy cl p ay n z r z eh n b el s iy er cl ch ix n z sil 
LOG (latgen-faster-mapped[5.4.140~1-1ab3d]:DecodeUtteranceLatticeFaster():decoder-wrappers.cc:286) Log-like per frame for utterance fspm0_sx71 is 3.89462 over 450 frames.
fsrh0_si1719 sil w iy vcl d ah n aa r cl p aa r cl t sil 
LOG (latgen-faster-mapped[5.4.140~1-1ab3d]:DecodeUtteranceLatticeFaster():decoder-wrappers.cc:286) Log-like per frame for utterance fsrh0_si1719 is 3.96127 over 286 frames.
fsrh0_si1931 sil n ow m ao r cl k ix dx iy vcl d ih f eh n ix m s eh l f ix vcl g eh n s dh eh m sil 
LOG (latgen-faster-mapped[5.4.140~1-1ab3d]:DecodeUtteranceLatticeFaster():decoder-wrappers.cc:286) Log-like per frame for utterance fsrh0_si1931 is 3.71652 over 499 frames.
fsrh0_si671 sil ax hh eh l f el l iy th ah m ey vcl b iy ng cl k l ow z n l eh dx er sil 
LOG (latgen-faster-mapped[5.4.140~1-1ab3d]:DecodeUtteranceLatticeFaster():decoder-wrappers.cc:286) Log-like per frame for utterance fsrh0_si671 is 3.74061 over 518 frames.
fsrh0_sx131 sil w iy cl p l ae n d ix vcl b ih l dh eh n uw vcl b eh v r cl ch cl p l ae cl t sil 
LOG (latgen-faster-mapped[5.4.140~1-1ab3d]:DecodeUtteranceLatticeFaster():decoder-wrappers.cc:286) Log-like per frame for utterance fsrh0_sx131 is 3.85771 over 492 frames.
fsrh0_sx221 sil sil k ao r iy cl t ae cl k dh ix cl p r aa vcl t eh cl w cl eh cl k s er zh vcl t er m ix n ey sh ix n sil 
LOG (latgen-faster-mapped[5.4.140~1-1ab3d]:RebuildRepository():determinize-lattice-pruned.cc:283) Rebuilding repository.
LOG (latgen-faster-mapped[5.4.140~1-1ab3d]:DecodeUtteranceLatticeFaster():decoder-wrappers.cc:286) Log-like per frame for utterance fsrh0_sx221 is 3.80558 over 755 frames.
fsrh0_sx311 sil m ay vcl ix z ay er z er s eh m p el vcl g ih m iy w ah n ih m f ao r m ix dx ix v cl p eh er vcl r ae f ao n dh s ah vcl jh ix cl t sil 
LOG (latgen-faster-mapped[5.4.140~1-1ab3d]:DecodeUtteranceLatticeFaster():decoder-wrappers.cc:286) Log-like per frame for utterance fsrh0_sx311 is 3.73958 over 807 frames.
fsrh0_sx401 sil dh cl t ae cl k s ix cl k ae vcl b r ow vcl d aw n ix n cl k ao z ax cl t r ae f ix vcl jh ae m sil 
LOG (latgen-faster-mapped[5.4.140~1-1ab3d]:DecodeUtteranceLatticeFaster():decoder-wrappers.cc:286) Log-like per frame for utterance fsrh0_sx401 is 3.87665 over 557 frames.
fsrh0_sx41 sil eh dx ih cl k ih cl m ae n d ey cl s cl k m cl p ay n s w dh ix vcl z ix s iy r ih vcl g y l ey sh en z sil 
LOG (latgen-faster-mapped[5.4.140~1-1ab3d]:DecodeUtteranceLatticeFaster():decoder-wrappers.cc:286) Log-like per frame for utterance fsrh0_sx41 is 3.67352 over 724 frames.
fssb0_si1082 sil ey n uw ao r dx er eh z th r ah s cl t ih ng ih cl s eh l f sil eh n cl t uw vcl b iy ng sil 
LOG (latgen-faster-mapped[5.4.140~1-1ab3d]:DecodeUtteranceLatticeFaster():decoder-wrappers.cc:286) Log-like per frame for utterance fssb0_si1082 is 3.96005 over 735 frames.
fssb0_si1712 sil iy th ih ng s ah m b aa dx iy ix z cl k oy ng d ix s cl t ae n d ah cl p ix n ah ao dx iy ih n s ax m ey vcl g ih l cl t ix f ey s uh z sil 
LOG (latgen-faster-mapped[5.4.140~1-1ab3d]:DecodeUtteranceLatticeFaster():decoder-wrappers.cc:286) Log-like per frame for utterance fssb0_si1712 is 3.80642 over 851 frames.
fssb0_si2342 sil n aa w n aw w z ix cl k ih vcl d sil 
LOG (latgen-faster-mapped[5.4.140~1-1ab3d]:DecodeUtteranceLatticeFaster():decoder-wrappers.cc:286) Log-like per frame for utterance fssb0_si2342 is 3.88849 over 299 frames.
fssb0_sx182 sil dh ih cl g l uw b uw z cl d ae dx ah v ix cl t uw vcl b sil 
LOG (latgen-faster-mapped[5.4.140~1-1ab3d]:DecodeUtteranceLatticeFaster():decoder-wrappers.cc:286) Log-like per frame for utterance fssb0_sx182 is 3.9505 over 561 frames.
fssb0_sx272 sil ah l aw w iy cl ch aa l cl d hh ae f ax n ay s cl p aa cl p sil 
LOG (latgen-faster-mapped[5.4.140~1-1ab3d]:DecodeUtteranceLatticeFaster():decoder-wrappers.cc:286) Log-like per frame for utterance fssb0_sx272 is 3.93967 over 496 frames.
fssb0_sx362 sil dh iy ih n oy ih ng r ae cl k uw n s sil s l ih cl t eh n cl t uw f ih l z cl k aa r vcl en n eh v r iy n ay cl t sil 
LOG (latgen-faster-mapped[5.4.140~1-1ab3d]:DecodeUtteranceLatticeFaster():decoder-wrappers.cc:286) Log-like per frame for utterance fssb0_sx362 is 3.84561 over 894 frames.
fssb0_sx452 sil ih n d v eh l cl p ih ng f ih l m ax sil m ih n iy cl t aa cl k s ix cl k eh m ax cl k el z aa r y uw z cl t sil 
LOG (latgen-faster-mapped[5.4.140~1-1ab3d]:DecodeUtteranceLatticeFaster():decoder-wrappers.cc:286) Log-like per frame for utterance fssb0_sx452 is 3.90264 over 744 frames.
fssb0_sx92 sil ey l aa r jh hh aw s hh ao l vcl d sil n iy vcl z l aa cl s v ax cl p ay ix n s ah s sil 
LOG (latgen-faster-mapped[5.4.140~1-1ab3d]:DecodeUtteranceLatticeFaster():decoder-wrappers.cc:286) Log-like per frame for utterance fssb0_sx92 is 3.85839 over 683 frames.
ftaj0_si1329 sil dh ih s cl p er th l ng s iy m s cl t ix b iy cl t ix cl p ax cl k el sil 
LOG (latgen-faster-mapped[5.4.140~1-1ab3d]:DecodeUtteranceLatticeFaster():decoder-wrappers.cc:286) Log-like per frame for utterance ftaj0_si1329 is 3.79894 over 401 frames.
ftaj0_si474 sil dh vcl g ao l f ix ng f aa dh er z r l d ix n hh ix z f ey v er sil 
LOG (latgen-faster-mapped[5.4.140~1-1ab3d]:DecodeUtteranceLatticeFaster():decoder-wrappers.cc:286) Log-like per frame for utterance ftaj0_si474 is 3.84754 over 428 frames.
ftaj0_si699 sil ix n aa l ih v ih n ah cl ch y er ow m cl p ix n z epi el sh ix cl t ow m ah vcl d s g eh er jh cl p iy cl p el sil 
LOG (latgen-faster-mapped[5.4.140~1-1ab3d]:DecodeUtteranceLatticeFaster():decoder-wrappers.cc:286) Log-like per frame for utterance ftaj0_si699 is 3.62934 over 642 frames.
ftaj0_sx159 sil dh vcl g ah er m ix n s ao dx ao th er z ey sh n ax v ix s ih dx ix s ix n sh ih cl sil 
LOG (latgen-faster-mapped[5.4.140~1-1ab3d]:DecodeUtteranceLatticeFaster():decoder-wrappers.cc:286) Log-like per frame for utterance ftaj0_sx159 is 3.83784 over 506 frames.
ftaj0_sx249 sil ay ey cl eh v r iy oy s cl t er aa n ao r z cl p l ey sil 
LOG (latgen-faster-mapped[5.4.140~1-1ab3d]:DecodeUtteranceLatticeFaster():decoder-wrappers.cc:286) Log-like per frame for utterance ftaj0_sx249 is 3.7039 over 424 frames.
ftaj0_sx339 sil d ix vcl jh sh ao ng cl k eh zh dh eh vcl b ih vcl g uw s ax dh ae hh aw l sil 
LOG (latgen-faster-mapped[5.4.140~1-1ab3d]:DecodeUtteranceLatticeFaster():decoder-wrappers.cc:286) Log-like per frame for utterance ftaj0_sx339 is 3.67233 over 395 frames.
ftaj0_sx429 sil ax cl t uw cl p ey s cl t uw vcl sh vcl b iy s cl k r iy z f m dh vcl b aa dx ax m sil 
LOG (latgen-faster-mapped[5.4.140~1-1ab3d]:DecodeUtteranceLatticeFaster():decoder-wrappers.cc:286) Log-like per frame for utterance ftaj0_sx429 is 3.77052 over 464 frames.
ftaj0_sx69 sil iy y r ey z n z aw cl d ao r z ax m ax cl p ao r cl sh cl t eh cl s sil 
LOG (latgen-faster-mapped[5.4.140~1-1ab3d]:DecodeUtteranceLatticeFaster():decoder-wrappers.cc:286) Log-like per frame for utterance ftaj0_sx69 is 3.81601 over 474 frames.
ftbr0_si1402 sil w iy vcl d uw n aa r ay v ih s cl p ey sh l ih m ih vcl jh ih z vcl b ay n iy n z v dh ix s eh n s v cl t ah cl ch vcl b ay cl s aw f sil 
LOG (latgen-faster-mapped[5.4.140~1-1ab3d]:DecodeUtteranceLatticeFaster():decoder-wrappers.cc:286) Log-like per frame for utterance ftbr0_si1402 is 3.78459 over 895 frames.
ftbr0_si2181 sil p aa r cl k aa l ey cl p aa r w ay hh eh vcl t eh r iy er sil 
LOG (latgen-faster-mapped[5.4.140~1-1ab3d]:DecodeUtteranceLatticeFaster():decoder-wrappers.cc:286) Log-like per frame for utterance ftbr0_si2181 is 3.88061 over 487 frames.
ftbr0_si921 sil d ih f r n s ix z epi er l ey ih cl t ix s ow sh el eh cl k ix n aa m ix cl g eh n eh vcl ch cl k ey sh epi ah vcl b ae cl g r aw vcl s sil 
LOG (latgen-faster-mapped[5.4.140~1-1ab3d]:DecodeUtteranceLatticeFaster():decoder-wrappers.cc:286) Log-like per frame for utterance ftbr0_si921 is 3.68 over 829 frames.
ftbr0_sx111 sil hh ih s ah n d cl p ay cl ch ix sh aa cl t dh ix cl k ae s t sil 
LOG (latgen-faster-mapped[5.4.140~1-1ab3d]:DecodeUtteranceLatticeFaster():decoder-wrappers.cc:286) Log-like per frame for utterance ftbr0_sx111 is 3.90257 over 496 frames.
ftbr0_sx201 sil ax cl p r ow cl ch er ih n ix v y uw w ix s cl t ae cl ch uh eh s cl k m cl p ow sh er sil 
LOG (latgen-faster-mapped[5.4.140~1-1ab3d]:DecodeUtteranceLatticeFaster():decoder-wrappers.cc:286) Log-like per frame for utterance ftbr0_sx201 is 3.76904 over 593 frames.
ftbr0_sx21 sil aw f ae l f eh ih ih z hh eh l th iy f ao r iy uw sil 
LOG (latgen-faster-mapped[5.4.140~1-1ab3d]:DecodeUtteranceLatticeFaster():decoder-wrappers.cc:286) Log-like per frame for utterance ftbr0_sx21 is 3.77056 over 431 frames.
ftbr0_sx291 sil dh iy ae v el ae n jh cl t r ih vcl g er dx eh m ay n er er th cl k w ey cl sil 
LOG (latgen-faster-mapped[5.4.140~1-1ab3d]:DecodeUtteranceLatticeFaster():decoder-wrappers.cc:286) Log-like per frame for utterance ftbr0_sx291 is 3.66408 over 488 frames.
ftbr0_sx381 sil w iy w ah cl k ax m eh n iy n uw s cl t uw vcl en s iy jh iy er sil 
LOG (latgen-faster-mapped[5.4.140~1-1ab3d]:DecodeUtteranceLatticeFaster():decoder-wrappers.cc:286) Log-like per frame for utterance ftbr0_sx381 is 3.85395 over 492 frames.
ftbw0_si1345 sil t aa s ih vcl d ay n t l n ey s ix cl p uw er z sil 
LOG (latgen-faster-mapped[5.4.140~1-1ab3d]:DecodeUtteranceLatticeFaster():decoder-wrappers.cc:286) Log-like per frame for utterance ftbw0_si1345 is 3.94819 over 449 frames.
ftbw0_si1975 sil ey l aa r jh cl p iy s v ih ng jh ix n cl k aw l ng v ae n ix sh cl t sil 
LOG (latgen-faster-mapped[5.4.140~1-1ab3d]:DecodeUtteranceLatticeFaster():decoder-wrappers.cc:286) Log-like per frame for utterance ftbw0_si1975 is 3.90997 over 524 frames.
ftbw0_si715 sil f ao r m iy ih d hh ae z epi m ao r v b ah th eh l m ax n s dh ix n ax m ix vcl jh ao r dx iy ih v ix s cl k m cl p eh dx er dx er s sil 
LOG (latgen-faster-mapped[5.4.140~1-1ab3d]:DecodeUtteranceLatticeFaster():decoder-wrappers.cc:286) Log-like per frame for utterance ftbw0_si715 is 3.72395 over 913 frames.
ftbw0_sx175 sil s v ih er m ay ow cl p iy ah cl k ix n t r ih vcl b uw dx uw vcl t uw r aa n z ix n f ih er dx iy cl k aa m cl p l eh cl s sil 
LOG (latgen-faster-mapped[5.4.140~1-1ab3d]:DecodeUtteranceLatticeFaster():decoder-wrappers.cc:286) Log-like per frame for utterance ftbw0_sx175 is 3.79758 over 854 frames.
ftbw0_sx265 sil dh ix s ao z b r ow cl k ix n s ax cl ch aa cl dh w uw vcl en s cl t ey ah vcl 
LOG (latgen-faster-mapped[5.4.140~1-1ab3d]:DecodeUtteranceLatticeFaster():decoder-wrappers.cc:286) Log-like per frame for utterance ftbw0_sx265 is 3.92417 over 551 frames.
ftbw0_sx355 sil d ao l f ih n z aa r ih n cl t eh l vcl jh ix r r iy n m ae m el s sil 
LOG (latgen-faster-mapped[5.4.140~1-1ab3d]:DecodeUtteranceLatticeFaster():decoder-wrappers.cc:286) Log-like per frame for utterance ftbw0_sx355 is 3.69288 over 499 frames.
ftbw0_sx445 sil w dx ih z ix s l aa r vcl jh s dh ey ng b ah dh aa r ix ng b ao r vcl 
LOG (latgen-faster-mapped[5.4.140~1-1ab3d]:DecodeUtteranceLatticeFaster():decoder-wrappers.cc:286) Log-like per frame for utterance ftbw0_sx445 is 3.81542 over 483 frames.
ftbw0_sx85 sil s ix m eh n eh z epi m eh zh er vcl d ih n cl k y vcl b ih cl k y ao r vcl s sil 
LOG (latgen-faster-mapped[5.4.140~1-1ab3d]:DecodeUtteranceLatticeFaster():decoder-wrappers.cc:286) Log-like per frame for utterance ftbw0_sx85 is 3.77114 over 481 frames.
ftlg0_si1743 sil hh iy w eh n aa n cl t uw cl p er s n el vcl b iy cl k w ae s sil ax l ih s cl t ah v m n ey m z l aa r vcl jh l iy ae n ow n d ix hh eh m sil 
LOG (latgen-faster-mapped[5.4.140~1-1ab3d]:DecodeUtteranceLatticeFaster():decoder-wrappers.cc:286) Log-like per frame for utterance ftlg0_si1743 is 3.80694 over 935 frames.
ftlg0_si483 sil dh ix s cl t ae f cl t ix z er z ax l aa dx ax v cl k er dx ey cl w er cl k iy ng n d aw n hh y er ah n er r iy el aa cl s cl t ix cl k el z sil 
LOG (latgen-faster-mapped[5.4.140~1-1ab3d]:RebuildRepository():determinize-lattice-pruned.cc:283) Rebuilding repository.
LOG (latgen-faster-mapped[5.4.140~1-1ab3d]:DecodeUtteranceLatticeFaster():decoder-wrappers.cc:286) Log-like per frame for utterance ftlg0_si483 is 3.75279 over 957 frames.
ftlg0_si840 sil k m b l ah cl s ix cl t iy ah v cl k m p l iy cl m r cl k ix vcl d ng cl p l ae n ng 
LOG (latgen-faster-mapped[5.4.140~1-1ab3d]:DecodeUtteranceLatticeFaster():decoder-wrappers.cc:286) Log-like per frame for utterance ftlg0_si840 is 3.71817 over 524 frames.
ftlg0_sx123 sil ey s cl k r ih dx y aa ay v er iy ix z m ey vcl f ax m v aa cl k ah eh n oy n jh uw s sil 
LOG (latgen-faster-mapped[5.4.140~1-1ab3d]:DecodeUtteranceLatticeFaster():decoder-wrappers.cc:286) Log-like per frame for utterance ftlg0_sx123 is 3.68207 over 659 frames.
ftlg0_sx213 sil dh ih n iy uw z ey jh n s iy hh ay er dx ey vcl g r ey cl jh er l s sil 
LOG (latgen-faster-mapped[5.4.140~1-1ab3d]:DecodeUtteranceLatticeFaster():decoder-wrappers.cc:286) Log-like per frame for utterance ftlg0_sx213 is 3.67813 over 570 frames.
ftlg0_sx303 sil dh vcl b l ih cl jh ey f l uw ow v ix dh aa hh ay vcl d ih l d ng n sil 
LOG (latgen-faster-mapped[5.4.140~1-1ab3d]:DecodeUtteranceLatticeFaster():decoder-wrappers.cc:286) Log-like per frame for utterance ftlg0_sx303 is 3.82891 over 451 frames.
ftlg0_sx33 sil k ow cl k ix n eh cl k r iy m hh ay m ey cl k s ix n ay s cl d ix z er cl sil 
LOG (latgen-faster-mapped[5.4.140~1-1ab3d]:DecodeUtteranceLatticeFaster():decoder-wrappers.cc:286) Log-like per frame for utterance ftlg0_sx33 is 3.83078 over 502 frames.
ftlg0_sx393 sil sh iy y z ix z vcl b ow th epi n ey n z eh n t er cl ch ey n jh ix vcl b el iy sil 
LOG (latgen-faster-mapped[5.4.140~1-1ab3d]:DecodeUtteranceLatticeFaster():decoder-wrappers.cc:286) Log-like per frame for utterance ftlg0_sx393 is 3.96597 over 536 frames.
ftmg0_si1532 sil iy dh er vcl b ae dx er n eh r w er s sil 
LOG (latgen-faster-mapped[5.4.140~1-1ab3d]:DecodeUtteranceLatticeFaster():decoder-wrappers.cc:286) Log-like per frame for utterance ftmg0_si1532 is 3.95637 over 332 frames.
ftmg0_si2162 sil hh ix z v oy s iy n th ih cl k ix n cl p er cl p ix s epi l ih s sil 
LOG (latgen-faster-mapped[5.4.140~1-1ab3d]:DecodeUtteranceLatticeFaster():decoder-wrappers.cc:286) Log-like per frame for utterance ftmg0_si2162 is 3.81188 over 470 frames.
ftmg0_si902 sil dh ix s ao r s ix z n ow n s ah dh ih er z n ow n ix s eh s ix vcl iy r m uw v ix n s eh cl t ix s ay vcl r eh z ix vcl d uw z sil 
LOG (latgen-faster-mapped[5.4.140~1-1ab3d]:DecodeUtteranceLatticeFaster():decoder-wrappers.cc:286) Log-like per frame for utterance ftmg0_si902 is 3.85942 over 1002 frames.
ftmg0_sx182 sil dh ih cl sil g l uw uw z d aw dx dh ix cl t uw vcl b sil 
LOG (latgen-faster-mapped[5.4.140~1-1ab3d]:DecodeUtteranceLatticeFaster():decoder-wrappers.cc:286) Log-like per frame for utterance ftmg0_sx182 is 3.97338 over 484 frames.
ftmg0_sx272 sil ax l aw iy cl ch ay l vcl d ix hh ae v ix n ay s cl p aa cl p sil 
LOG (latgen-faster-mapped[5.4.140~1-1ab3d]:DecodeUtteranceLatticeFaster():decoder-wrappers.cc:286) Log-like per frame for utterance ftmg0_sx272 is 3.98072 over 515 frames.
ftmg0_sx362 sil dh iy n oy ng r ae cl k uw ng s l cl d ix n ix f ih l z cl g aa r en n eh v r iy n ey cl sil 
LOG (latgen-faster-mapped[5.4.140~1-1ab3d]:DecodeUtteranceLatticeFaster():decoder-wrappers.cc:286) Log-like per frame for utterance ftmg0_sx362 is 3.84218 over 643 frames.
ftmg0_sx452 sil ix n d ix v eh l cl p iy ng f ih l m ih n iy cl t aa cl k z ix cl k eh m cl k el z er y uw z cl t sil 
LOG (latgen-faster-mapped[5.4.140~1-1ab3d]:DecodeUtteranceLatticeFaster():decoder-wrappers.cc:286) Log-like per frame for utterance ftmg0_sx452 is 3.79285 over 659 frames.
ftmg0_sx92 sil ix l aa r vcl t aw s ow l n iy vcl l aa cl s v ax cl p l ay n z ix z sil 
LOG (latgen-faster-mapped[5.4.140~1-1ab3d]:DecodeUtteranceLatticeFaster():decoder-wrappers.cc:286) Log-like per frame for utterance ftmg0_sx92 is 3.67204 over 536 frames.
fvfb0_si1032 sil ix z ix s cl t oy ay ih dh er eh n aa s ih s th ay dx ao l v er vcl g ae n sil 
LOG (latgen-faster-mapped[5.4.140~1-1ab3d]:RebuildRepository():determinize-lattice-pruned.cc:283) Rebuilding repository.
LOG (latgen-faster-mapped[5.4.140~1-1ab3d]:DecodeUtteranceLatticeFaster():decoder-wrappers.cc:286) Log-like per frame for utterance fvfb0_si1032 is 3.51078 over 560 frames.
fvfb0_si1510 sil ax th l ae sh ix l ih m ix n dh cl ch iy z ix z ix cl k er cl g ix vcl b ah l cl t l ey vcl d ix n s eh v el jh er eh sh en s sil 
LOG (latgen-faster-mapped[5.4.140~1-1ab3d]:DecodeUtteranceLatticeFaster():decoder-wrappers.cc:286) Log-like per frame for utterance fvfb0_si1510 is 3.70345 over 804 frames.
fvfb0_si2292 sil z dx eh dx iy cl ix ng l eh cl k ix cl dh ow v er ow cl iy l sil 
LOG (latgen-faster-mapped[5.4.140~1-1ab3d]:DecodeUtteranceLatticeFaster():decoder-wrappers.cc:286) Log-like per frame for utterance fvfb0_si2292 is 3.41215 over 346 frames.
fvfb0_sx132 sil ax vcl l ih s ix dx iy n ow dx er ay dx iy cl k ow ae n ix n hh ae n d sil 
LOG (latgen-faster-mapped[5.4.140~1-1ab3d]:DecodeUtteranceLatticeFaster():decoder-wrappers.cc:286) Log-like per frame for utterance fvfb0_sx132 is 3.69001 over 493 frames.
fvfb0_sx222 sil ow s cl k m aa cl w cl p ae f el aa jh ix cl k el l ix vcl z ah aw cl p el s sil 
LOG (latgen-faster-mapped[5.4.140~1-1ab3d]:RebuildRepository():determinize-lattice-pruned.cc:283) Rebuilding repository.
LOG (latgen-faster-mapped[5.4.140~1-1ab3d]:DecodeUtteranceLatticeFaster():decoder-wrappers.cc:286) Log-like per frame for utterance fvfb0_sx222 is 3.41554 over 502 frames.
fvfb0_sx312 sil dh ix s ae n s uw z el b iy s cl t ey f ao er dx ix f iy th ih ng dh m cl t r cl k eh r f l iy f er s cl t sil 
LOG (latgen-faster-mapped[5.4.140~1-1ab3d]:DecodeUtteranceLatticeFaster():decoder-wrappers.cc:286) Log-like per frame for utterance fvfb0_sx312 is 3.74386 over 755 frames.
fvfb0_sx402 sil el s eh v r uw vcl b aa vcl p ay ae f cl t er r eh cl ch ax s cl t aa sil 
LOG (latgen-faster-mapped[5.4.140~1-1ab3d]:DecodeUtteranceLatticeFaster():decoder-wrappers.cc:286) Log-like per frame for utterance fvfb0_sx402 is 3.74656 over 452 frames.
fvfb0_sx42 sil dh ix l cl k el s cl k aa l er z aa r vcl y iy hh ih s er iy sil 
LOG (latgen-faster-mapped[5.4.140~1-1ab3d]:DecodeUtteranceLatticeFaster():decoder-wrappers.cc:286) Log-like per frame for utterance fvfb0_sx42 is 3.61907 over 378 frames.
fvkb0_si1159 sil k ah dx aa f eh v r iy vcl b ih l ey ng ae cl dh s eh v n f l ow ao er sil 
LOG (latgen-faster-mapped[5.4.140~1-1ab3d]:DecodeUtteranceLatticeFaster():decoder-wrappers.cc:286) Log-like per frame for utterance fvkb0_si1159 is 3.84273 over 463 frames.
fvkb0_si1789 sil l ay cl k ih z cl k l aa s iy vcl b l ae cl k ey er sil 
LOG (latgen-faster-mapped[5.4.140~1-1ab3d]:DecodeUtteranceLatticeFaster():decoder-wrappers.cc:286) Log-like per frame for utterance fvkb0_si1789 is 3.99403 over 373 frames.
fvkb0_si529 sil w uh dx uw vcl s cl t r iy m v ae l ey z ix n ax f ow l z ax v er th w vcl b iy s ey f cl t sil 
LOG (latgen-faster-mapped[5.4.140~1-1ab3d]:DecodeUtteranceLatticeFaster():decoder-wrappers.cc:286) Log-like per frame for utterance fvkb0_si529 is 3.93269 over 678 frames.
fvkb0_sx169 sil hh aw w vcl jh uw v aw ay y w ey cl t ix z aw jh vcl b r ey cl k cl k s cl p r eh sh en sil 
LOG (latgen-faster-mapped[5.4.140~1-1ab3d]:DecodeUtteranceLatticeFaster():decoder-wrappers.cc:286) Log-like per frame for utterance fvkb0_sx169 is 3.86217 over 566 frames.
fvkb0_sx259 sil s sil sil t er n ey dx ih l z aa f ix n d ix s cl t r oy ey ey cl k er z v f aa r m l ae en cl d sil 
LOG (latgen-faster-mapped[5.4.140~1-1ab3d]:RebuildRepository():determinize-lattice-pruned.cc:283) Rebuilding repository.
LOG (latgen-faster-mapped[5.4.140~1-1ab3d]:RebuildRepository():determinize-lattice-pruned.cc:283) Rebuilding repository.
LOG (latgen-faster-mapped[5.4.140~1-1ab3d]:DecodeUtteranceLatticeFaster():decoder-wrappers.cc:286) Log-like per frame for utterance fvkb0_sx259 is 3.63321 over 671 frames.
fvkb0_sx349 sil s sil dh cl p r iy s cl k uw l er cl k uh en vcl p er b l ay s er f iy g ng z ix cl p aw cl dh iy m er jh ix z iy cl k ix n d ih sh en s sil 
LOG (latgen-faster-mapped[5.4.140~1-1ab3d]:DecodeUtteranceLatticeFaster():decoder-wrappers.cc:286) Log-like per frame for utterance fvkb0_sx349 is 3.82724 over 967 frames.
fvkb0_sx439 sil dh ae s d iy ng v ey cl p er w ix s cl k aa z vcl b ay cl k ao r ay vcl v ey cl p er z ey sh en sil 
LOG (latgen-faster-mapped[5.4.140~1-1ab3d]:DecodeUtteranceLatticeFaster():decoder-wrappers.cc:286) Log-like per frame for utterance fvkb0_sx439 is 3.95034 over 662 frames.
fvkb0_sx79 sil w y uw cl p l iy z cl t ix s g r ay vcl dh iy dx iy aa dx ix cl p r vcl d ix cl k m ix n sil sil sil 
LOG (latgen-faster-mapped[5.4.140~1-1ab3d]:DecodeUtteranceLatticeFaster():decoder-wrappers.cc:286) Log-like per frame for utterance fvkb0_sx79 is 3.76872 over 552 frames.
fvmh0_si1466 sil ix n s ih m p el ix cl t er n z ih dx m aw s ix cl p oy cl t iy ng ix cl p l ae f ao m n cl p aa cl p ix vcl d r eh cl sh ix n sil 
LOG (latgen-faster-mapped[5.4.140~1-1ab3d]:DecodeUtteranceLatticeFaster():decoder-wrappers.cc:286) Log-like per frame for utterance fvmh0_si1466 is 3.79329 over 838 frames.
fvmh0_si2096 sil r ae n ix w ey ah vcl b l ae ng n ay w ix dh l aa f el w eh dx ix n ae n sil 
LOG (latgen-faster-mapped[5.4.140~1-1ab3d]:DecodeUtteranceLatticeFaster():decoder-wrappers.cc:286) Log-like per frame for utterance fvmh0_si2096 is 3.71652 over 546 frames.
fvmh0_si836 sil sil n ow m iy f ae cl sh er ix z t ey cl k dh iy ih n ih sh ax cl t ih m p oy vcl iy aw dh cl k aa s ax v ao l sil t sil 
LOG (latgen-faster-mapped[5.4.140~1-1ab3d]:RebuildRepository():determinize-lattice-pruned.cc:283) Rebuilding repository.
LOG (latgen-faster-mapped[5.4.140~1-1ab3d]:RebuildRepository():determinize-lattice-pruned.cc:283) Rebuilding repository.
LOG (latgen-faster-mapped[5.4.140~1-1ab3d]:RebuildRepository():determinize-lattice-pruned.cc:283) Rebuilding repository.
WARNING (latgen-faster-mapped[5.4.140~1-1ab3d]:CheckMemoryUsage():determinize-lattice-pruned.cc:316) Did not reach requested beam in determinize-lattice: size exceeds maximum 20000000 bytes; (repo,arcs,elems) = (12758176,430336,6829512), after rebuilding, repo size was 8752864, effective beam was 9.77105 vs. requested beam 10
WARNING (latgen-faster-mapped[5.4.140~1-1ab3d]:DecodeUtteranceLatticeFaster():decoder-wrappers.cc:274) Determinization finished earlier than the beam for utterance fvmh0_si836
LOG (latgen-faster-mapped[5.4.140~1-1ab3d]:DecodeUtteranceLatticeFaster():decoder-wrappers.cc:286) Log-like per frame for utterance fvmh0_si836 is 3.6838 over 856 frames.
fvmh0_sx116 sil k ae s cl dh s g r uw ng y l eh f cl t ae n d sil 
LOG (latgen-faster-mapped[5.4.140~1-1ab3d]:DecodeUtteranceLatticeFaster():decoder-wrappers.cc:286) Log-like per frame for utterance fvmh0_sx116 is 3.67007 over 397 frames.
fvmh0_sx206 sil ax n cl p iy l iy n aa r n jh ix dx ix z t aa n aa cl t z cl p r iy jh uw s sil 
LOG (latgen-faster-mapped[5.4.140~1-1ab3d]:DecodeUtteranceLatticeFaster():decoder-wrappers.cc:286) Log-like per frame for utterance fvmh0_sx206 is 3.79647 over 595 frames.
fvmh0_sx26 sil m ow s iy ah ng r ay z er l iy eh v r iy ao n sil 
LOG (latgen-faster-mapped[5.4.140~1-1ab3d]:DecodeUtteranceLatticeFaster():decoder-wrappers.cc:286) Log-like per frame for utterance fvmh0_sx26 is 3.8497 over 409 frames.
fvmh0_sx296 sil dh ix cl t uw aa ix s ix cl s sh ey zh aa dx ix vcl g ae s sil 
LOG (latgen-faster-mapped[5.4.140~1-1ab3d]:DecodeUtteranceLatticeFaster():decoder-wrappers.cc:286) Log-like per frame for utterance fvmh0_sx296 is 3.75603 over 449 frames.
fvmh0_sx386 sil w ih cl ch er ch ix dh ix s m ih s w er sh ix cl p ih n sil 
LOG (latgen-faster-mapped[5.4.140~1-1ab3d]:DecodeUtteranceLatticeFaster():decoder-wrappers.cc:286) Log-like per frame for utterance fvmh0_sx386 is 3.81004 over 403 frames.
mabc0_si1620 sil hh ih z eh vcl f l aa cl b ae cl k sil 
LOG (latgen-faster-mapped[5.4.140~1-1ab3d]:DecodeUtteranceLatticeFaster():decoder-wrappers.cc:286) Log-like per frame for utterance mabc0_si1620 is 3.75988 over 276 frames.
mabc0_si2041 sil dh sh aa er v er vcl r ih dx ix n d m ih n ix sh ng w cl p l ae sh ix z ix s aw n d sil 
LOG (latgen-faster-mapped[5.4.140~1-1ab3d]:RebuildRepository():determinize-lattice-pruned.cc:283) Rebuilding repository.
LOG (latgen-faster-mapped[5.4.140~1-1ab3d]:DecodeUtteranceLatticeFaster():decoder-wrappers.cc:286) Log-like per frame for utterance mabc0_si2041 is 3.73522 over 563 frames.
mabc0_si781 sil vcl g eh n iy z cl p l aa cl s er s eh dx ix r eh z en s ae cl ch r ih ix vcl g l ae s cl k l ao th ix n ey l s sil 
LOG (latgen-faster-mapped[5.4.140~1-1ab3d]:DecodeUtteranceLatticeFaster():decoder-wrappers.cc:286) Log-like per frame for utterance mabc0_si781 is 3.71313 over 734 frames.
mabc0_sx151 sil dh cl p r iy v uw s cl p iy k er cl p er z eh n ix dx eh m b ih vcl y uw ix s ix z ah l s sil 
LOG (latgen-faster-mapped[5.4.140~1-1ab3d]:DecodeUtteranceLatticeFaster():decoder-wrappers.cc:286) Log-like per frame for utterance mabc0_sx151 is 3.62984 over 609 frames.
mabc0_sx241 sil dh hh ao w ey ow cl p n z n r iy hh y uw vcl jh cl ch ey m er sil 
LOG (latgen-faster-mapped[5.4.140~1-1ab3d]:DecodeUtteranceLatticeFaster():decoder-wrappers.cc:286) Log-like per frame for utterance mabc0_sx241 is 3.59018 over 395 frames.
mabc0_sx331 sil dh vcl b ih vcl d ao vcl l ah v cl t cl ch uw ah n iy el vcl r ae vcl d aa l sil 
LOG (latgen-faster-mapped[5.4.140~1-1ab3d]:DecodeUtteranceLatticeFaster():decoder-wrappers.cc:286) Log-like per frame for utterance mabc0_sx331 is 3.65883 over 487 frames.
mabc0_sx421 sil dh uh s uw cl t iy zh v aa y iy s f er s dh vcl b ao sh ch iy dx ng sil 
LOG (latgen-faster-mapped[5.4.140~1-1ab3d]:DecodeUtteranceLatticeFaster():decoder-wrappers.cc:286) Log-like per frame for utterance mabc0_sx421 is 3.64927 over 469 frames.
mabc0_sx61 sil ch aa cl k ah en r ow z ix z n eh v er f ey l z r m ae ix cl g ih f cl t sil 
LOG (latgen-faster-mapped[5.4.140~1-1ab3d]:DecodeUtteranceLatticeFaster():decoder-wrappers.cc:286) Log-like per frame for utterance mabc0_sx61 is 3.66323 over 495 frames.
madc0_si1367 sil dh vcl b ae dx er iy m iy n vcl r ey dx ix cl k w v l n sil w zh y uw z cl t ih n d ae dx eh n aw l s ix s ix n ix s dh eh dx iy sil 
LOG (latgen-faster-mapped[5.4.140~1-1ab3d]:DecodeUtteranceLatticeFaster():decoder-wrappers.cc:286) Log-like per frame for utterance madc0_si1367 is 3.81695 over 897 frames.
madc0_si1997 sil l ay cl k ih z ih f ih w er vcl b ih ow cl ah v b uh cl k s sil 
LOG (latgen-faster-mapped[5.4.140~1-1ab3d]:DecodeUtteranceLatticeFaster():decoder-wrappers.cc:286) Log-like per frame for utterance madc0_si1997 is 3.8444 over 630 frames.
madc0_si737 sil hh ae v ey cl t eh s cl t r aa n l m ax th ae m l iy f er s cl t sil t ix vcl b iy sh er cl t ay m ey n s iy z iy aa r ay cl sil 
LOG (latgen-faster-mapped[5.4.140~1-1ab3d]:DecodeUtteranceLatticeFaster():decoder-wrappers.cc:286) Log-like per frame for utterance madc0_si737 is 3.87353 over 956 frames.
madc0_sx107 sil b er cl dh ey cl p r dx iy z ae v cl k ah cl k ey cl k s ix n ay z k r iy m sil 
LOG (latgen-faster-mapped[5.4.140~1-1ab3d]:DecodeUtteranceLatticeFaster():decoder-wrappers.cc:286) Log-like per frame for utterance madc0_sx107 is 3.86559 over 569 frames.
madc0_sx17 sil k aa r l ih z ix n eh l ay v l iy aw ow m sil 
LOG (latgen-faster-mapped[5.4.140~1-1ab3d]:RebuildRepository():determinize-lattice-pruned.cc:283) Rebuilding repository.
LOG (latgen-faster-mapped[5.4.140~1-1ab3d]:RebuildRepository():determinize-lattice-pruned.cc:283) Rebuilding repository.
LOG (latgen-faster-mapped[5.4.140~1-1ab3d]:DecodeUtteranceLatticeFaster():decoder-wrappers.cc:286) Log-like per frame for utterance madc0_sx17 is 3.825 over 388 frames.
madc0_sx197 sil t r ao iy cl ch cl g r ae f l n ix n uw ae cl s ix z sil 
LOG (latgen-faster-mapped[5.4.140~1-1ab3d]:DecodeUtteranceLatticeFaster():decoder-wrappers.cc:286) Log-like per frame for utterance madc0_sx197 is 3.88467 over 506 frames.
madc0_sx287 sil ix n ah l ao ng ao r ah n cl ix cl p ey z cl t ix vcl b ay cl k ao dx ix cl k l ow dh iy n sil 
LOG (latgen-faster-mapped[5.4.140~1-1ab3d]:DecodeUtteranceLatticeFaster():decoder-wrappers.cc:286) Log-like per frame for utterance madc0_sx287 is 3.69091 over 605 frames.
madc0_sx377 sil sh iy ao oy z cl jh iy ow cl k s vcl aw cl t uw m ah cl ch cl g aa r l ix cl ih n ix s f uw vcl sil 
LOG (latgen-faster-mapped[5.4.140~1-1ab3d]:DecodeUtteranceLatticeFaster():decoder-wrappers.cc:286) Log-like per frame for utterance madc0_sx377 is 3.69267 over 634 frames.
madd0_si1295 sil hh iy m ey g ix dx ix cl t ae cl k s r iy f ah n d sil 
LOG (latgen-faster-mapped[5.4.140~1-1ab3d]:DecodeUtteranceLatticeFaster():decoder-wrappers.cc:286) Log-like per frame for utterance madd0_si1295 is 3.90141 over 365 frames.
madd0_si1798 sil w l vcl b ow th vcl b iy vcl b l ng cl t aw n t m aa r el s ow w uw ow vcl b iy m uw v ix ng ih n ah n y uw sil 
LOG (latgen-faster-mapped[5.4.140~1-1ab3d]:DecodeUtteranceLatticeFaster():decoder-wrappers.cc:286) Log-like per frame for utterance madd0_si1798 is 3.6203 over 701 frames.
madd0_si538 sil k aw n iy ih f ih sh el z ah v cl k ow aa cl p er iy dx ix vcl k en s ih s cl t en l iy sil 
LOG (latgen-faster-mapped[5.4.140~1-1ab3d]:DecodeUtteranceLatticeFaster():decoder-wrappers.cc:286) Log-like per frame for utterance madd0_si538 is 3.68086 over 561 frames.
madd0_sx178 sil sh iy ng k er zh cl t er cl ch ow vcl d er n t uw m ey cl dh er ow hh aa l iy ng cl k aa s cl t uw m z sil 
LOG (latgen-faster-mapped[5.4.140~1-1ab3d]:DecodeUtteranceLatticeFaster():decoder-wrappers.cc:286) Log-like per frame for utterance madd0_sx178 is 3.77864 over 732 frames.
madd0_sx268 sil dh vcl jh ao cl p er ey z vcl b ay iy z ng ae n t ae vcl ix n ih s cl t ix vcl m ah s el s sil 
LOG (latgen-faster-mapped[5.4.140~1-1ab3d]:DecodeUtteranceLatticeFaster():decoder-wrappers.cc:286) Log-like per frame for utterance madd0_sx268 is 3.75878 over 653 frames.
madd0_sx358 sil t ao er vcl s eh l d ax m w aa cl ch ix z cl d ey cl t ay m uw v iy z sil 
LOG (latgen-faster-mapped[5.4.140~1-1ab3d]:DecodeUtteranceLatticeFaster():decoder-wrappers.cc:286) Log-like per frame for utterance madd0_sx358 is 3.88313 over 520 frames.
LOG (copy-feats[5.4.140~1-1ab3d]:main():copy-feats.cc:143) Copied 184 feature matrices.
madd0_sx448 sil s f ih er cl k uh vcl g ih f cl s r vcl d ih f cl k el cl t er r ae cl p sil 
LOG (latgen-faster-mapped[5.4.140~1-1ab3d]:DecodeUtteranceLatticeFaster():decoder-wrappers.cc:286) Log-like per frame for utterance madd0_sx448 is 3.75263 over 513 frames.
LOG (nnet-forward[5.4.140~1-1ab3d]:main():nnet-forward.cc:192) Done 184 files in 7.67917min, (fps 238.45)
madd0_sx88 sil f l ay ng s cl t ae n v b ay cl k ng b iy cl p r ae cl t cl k el ix f y uw ah cl t ix s ey v m ah n iy sil 
LOG (latgen-faster-mapped[5.4.140~1-1ab3d]:DecodeUtteranceLatticeFaster():decoder-wrappers.cc:286) Log-like per frame for utterance madd0_sx88 is 3.7809 over 656 frames.
LOG (latgen-faster-mapped[5.4.140~1-1ab3d]:main():latgen-faster-mapped.cc:164) Time taken 461.302s: real-time factor assuming 100 frames/sec is 0.419877
LOG (latgen-faster-mapped[5.4.140~1-1ab3d]:main():latgen-faster-mapped.cc:167) Done 184 utterances, failed for 0
LOG (latgen-faster-mapped[5.4.140~1-1ab3d]:main():latgen-faster-mapped.cc:169) Overall log-likelihood per frame is 3.78183 over 109866 frames.
# Accounting: time=463 threads=1
# Ended (code 0) at Thu Jun 21 11:04:53 CST 2018, elapsed time 463 seconds
