# latgen-faster-mapped --beam=18.0 --lattice-beam=10.0 --acoustic-scale=0.2 --max-mem=20000000 --max-active=5000 --word-symbol-table=data/lang/words.txt exp/dnn4_pretrain-dbn_dnn/final.mdl exp/dnn4_pretrain-dbn_dnn_denlats/dengraph/HCLG.fst "ark,s,cs:copy-feats scp:data-fmllr-tri3/train/split20/8/feats.scp ark:- | nnet-forward --no-softmax=true --prior-scale=1.0 --feature-transform=exp/dnn4_pretrain-dbn_dnn/final.feature_transform --class-frame-counts=exp/dnn4_pretrain-dbn_dnn/ali_train_pdf.counts --use-gpu=no exp/dnn4_pretrain-dbn_dnn/final.nnet ark:- ark:- |" scp:exp/dnn4_pretrain-dbn_dnn_denlats/lat.store_separately_as_gz.scp 
# Started at Thu Jun 21 10:57:10 CST 2018
#
latgen-faster-mapped --beam=18.0 --lattice-beam=10.0 --acoustic-scale=0.2 --max-mem=20000000 --max-active=5000 --word-symbol-table=data/lang/words.txt exp/dnn4_pretrain-dbn_dnn/final.mdl exp/dnn4_pretrain-dbn_dnn_denlats/dengraph/HCLG.fst 'ark,s,cs:copy-feats scp:data-fmllr-tri3/train/split20/8/feats.scp ark:- | nnet-forward --no-softmax=true --prior-scale=1.0 --feature-transform=exp/dnn4_pretrain-dbn_dnn/final.feature_transform --class-frame-counts=exp/dnn4_pretrain-dbn_dnn/ali_train_pdf.counts --use-gpu=no exp/dnn4_pretrain-dbn_dnn/final.nnet ark:- ark:- |' scp:exp/dnn4_pretrain-dbn_dnn_denlats/lat.store_separately_as_gz.scp 
copy-feats scp:data-fmllr-tri3/train/split20/8/feats.scp ark:- 
nnet-forward --no-softmax=true --prior-scale=1.0 --feature-transform=exp/dnn4_pretrain-dbn_dnn/final.feature_transform --class-frame-counts=exp/dnn4_pretrain-dbn_dnn/ali_train_pdf.counts --use-gpu=no exp/dnn4_pretrain-dbn_dnn/final.nnet ark:- ark:- 
LOG (nnet-forward[5.4.140~1-1ab3d]:SelectGpuId():cu-device.cc:123) Manually selected to compute on CPU.
LOG (nnet-forward[5.4.140~1-1ab3d]:main():nnet-forward.cc:93) Removing <Softmax> from the nnet exp/dnn4_pretrain-dbn_dnn/final.nnet
LOG (nnet-forward[5.4.140~1-1ab3d]:PdfPrior():nnet-pdf-prior.cc:34) Computing pdf-priors from : exp/dnn4_pretrain-dbn_dnn/ali_train_pdf.counts
LOG (nnet-forward[5.4.140~1-1ab3d]:PdfPrior():nnet-pdf-prior.cc:64) Floored 0 pdf-priors (hard-set to 1.84467e+19, which disables DNN output when decoding)
mcal0_si1138 sil dh ae cl d aa cl t r n hh ae z vcl dh ix n ix cl s ah vcl t ix vcl b ay m eh n iy vcl b ah hh ae z ix cl p er dx uw s cl g uh vcl r z ow l cl s sil 
LOG (latgen-faster-mapped[5.4.140~1-1ab3d]:DecodeUtteranceLatticeFaster():decoder-wrappers.cc:286) Log-like per frame for utterance mcal0_si1138 is 3.67457 over 815 frames.
mcal0_si1768 sil dh cl k l er cl s ay z f l ih cl k er vcl sil 
LOG (latgen-faster-mapped[5.4.140~1-1ab3d]:DecodeUtteranceLatticeFaster():decoder-wrappers.cc:286) Log-like per frame for utterance mcal0_si1768 is 3.8272 over 316 frames.
mcal0_si508 sil m ao l ah s cl s aa r cl k ey s en cl p oy ix sil 
LOG (latgen-faster-mapped[5.4.140~1-1ab3d]:DecodeUtteranceLatticeFaster():decoder-wrappers.cc:286) Log-like per frame for utterance mcal0_si508 is 3.75503 over 349 frames.
mcal0_sx148 sil ow s cl t cl p r iy s ih ng s ah dx ey th er dx v dh v ow cl s cl k aw n t ix vcl sil 
LOG (latgen-faster-mapped[5.4.140~1-1ab3d]:DecodeUtteranceLatticeFaster():decoder-wrappers.cc:286) Log-like per frame for utterance mcal0_sx148 is 3.73005 over 516 frames.
mcal0_sx238 sil ey vcl d aa cl t er w z ix n dh iy ae m vcl ix l ah n s w ix th dh cl p ey sh en sil 
LOG (latgen-faster-mapped[5.4.140~1-1ab3d]:DecodeUtteranceLatticeFaster():decoder-wrappers.cc:286) Log-like per frame for utterance mcal0_sx238 is 3.70068 over 491 frames.
mcal0_sx328 sil g r eh vcl g er ih n cl t aa m cl t ow z cl t w aa cl ch cl k r cl t uw n z en dh iy ae f cl t er n ax n sil 
LOG (latgen-faster-mapped[5.4.140~1-1ab3d]:DecodeUtteranceLatticeFaster():decoder-wrappers.cc:286) Log-like per frame for utterance mcal0_sx328 is 3.7126 over 691 frames.
mcal0_sx418 sil ay r ix s th ih ng s dh ix s z uw hh ae z l eh v n s cl p ae ix s epi z iy vcl b r ax s sil 
LOG (latgen-faster-mapped[5.4.140~1-1ab3d]:DecodeUtteranceLatticeFaster():decoder-wrappers.cc:286) Log-like per frame for utterance mcal0_sx418 is 3.77264 over 756 frames.
mcal0_sx58 sil w iy ih vcl k s cl p er iy ih n s cl d ih s cl t r eh s n f ah s cl t r ey sh n ax vcl t ey n iy n aa r vcl ix vcl r iy z sil 
LOG (latgen-faster-mapped[5.4.140~1-1ab3d]:DecodeUtteranceLatticeFaster():decoder-wrappers.cc:286) Log-like per frame for utterance mcal0_sx58 is 3.90668 over 769 frames.
mcdc0_si1292 sil aa r ey m ah s cl p iy cl t ix l er ix z epi m ah cl ch ix z w iy cl t iy cl ch sil 
LOG (latgen-faster-mapped[5.4.140~1-1ab3d]:DecodeUtteranceLatticeFaster():decoder-wrappers.cc:286) Log-like per frame for utterance mcdc0_si1292 is 3.82815 over 536 frames.
mcdc0_si1922 sil ao r m ey vcl b iy vcl jh ih s cl t ow l f iy l ay cl k ix s ix vcl g aa r sil 
LOG (latgen-faster-mapped[5.4.140~1-1ab3d]:DecodeUtteranceLatticeFaster():decoder-wrappers.cc:286) Log-like per frame for utterance mcdc0_si1922 is 3.7854 over 474 frames.
mcdc0_si662 sil s ah cl ch ih cl k aa m ah n eh sh er ng cl p iy s cl k ix n b iy y ao er z sil 
LOG (latgen-faster-mapped[5.4.140~1-1ab3d]:DecodeUtteranceLatticeFaster():decoder-wrappers.cc:286) Log-like per frame for utterance mcdc0_si662 is 3.99134 over 519 frames.
mcdc0_sx122 sil ix n s ay cl k dh cl p iy dx iy ih s eh l dx ax m cl p r iy z eh n ae n eh vcl d ow el eh v ax dx ax n cl s sil 
LOG (latgen-faster-mapped[5.4.140~1-1ab3d]:RebuildRepository():determinize-lattice-pruned.cc:283) Rebuilding repository.
LOG (latgen-faster-mapped[5.4.140~1-1ab3d]:DecodeUtteranceLatticeFaster():decoder-wrappers.cc:286) Log-like per frame for utterance mcdc0_sx122 is 3.7004 over 650 frames.
mcdc0_sx212 sil ay vcl g ey dh ah m s ah v r ow cl t oy s ix z ax n l eh cl dh eh l m s ah cl dh cl p r ay ao er dx iy s sil 
LOG (latgen-faster-mapped[5.4.140~1-1ab3d]:DecodeUtteranceLatticeFaster():decoder-wrappers.cc:286) Log-like per frame for utterance mcdc0_sx212 is 3.76063 over 656 frames.
mcdc0_sx302 sil t ow f uw ih z m ey vcl f ax m p r aa s ah s oy vcl b iy n s sil 
LOG (latgen-faster-mapped[5.4.140~1-1ab3d]:DecodeUtteranceLatticeFaster():decoder-wrappers.cc:286) Log-like per frame for utterance mcdc0_sx302 is 3.89249 over 531 frames.
mcdc0_sx32 sil ih cl t s f aa n cl t uw r ow s epi m aa r sh m eh l z ao n ix vcl g ae s vcl b er er sil 
LOG (latgen-faster-mapped[5.4.140~1-1ab3d]:DecodeUtteranceLatticeFaster():decoder-wrappers.cc:286) Log-like per frame for utterance mcdc0_sx32 is 3.71898 over 546 frames.
mcdc0_sx392 sil ey y ah ng m aw s cl k ae cl p er dx ih cl k r aw s dh ax f iy l d ix n d ih s ax cl p ih er vcl sil 
LOG (latgen-faster-mapped[5.4.140~1-1ab3d]:DecodeUtteranceLatticeFaster():decoder-wrappers.cc:286) Log-like per frame for utterance mcdc0_sx392 is 3.89754 over 611 frames.
mcdd0_si1513 sil hh iy cl ch ah cl k el vcl sil dh m eh m er iy v ih v ix vcl d sil 
LOG (latgen-faster-mapped[5.4.140~1-1ab3d]:DecodeUtteranceLatticeFaster():decoder-wrappers.cc:286) Log-like per frame for utterance mcdd0_si1513 is 3.82819 over 408 frames.
mcdd0_si2143 sil ay cl p uh cl s ax cl ch ax hh ay v ae y uw ah n b iy ng cl t aa cl d ao vcl sil 
LOG (latgen-faster-mapped[5.4.140~1-1ab3d]:DecodeUtteranceLatticeFaster():decoder-wrappers.cc:286) Log-like per frame for utterance mcdd0_si2143 is 3.84093 over 546 frames.
mcdd0_si883 sil ae n iy r cl t ae l cl t ao r iy vcl g ae s ax cl t ae cl w vcl b iy er vcl b ao r n sil 
LOG (latgen-faster-mapped[5.4.140~1-1ab3d]:DecodeUtteranceLatticeFaster():decoder-wrappers.cc:286) Log-like per frame for utterance mcdd0_si883 is 3.80744 over 619 frames.
mcdd0_sx163 sil dh ih r iy m ey n dh ax l ay f l ao ng f r eh n z ix n k m p ae n y ix n z sil 
LOG (latgen-faster-mapped[5.4.140~1-1ab3d]:RebuildRepository():determinize-lattice-pruned.cc:283) Rebuilding repository.
LOG (latgen-faster-mapped[5.4.140~1-1ab3d]:DecodeUtteranceLatticeFaster():decoder-wrappers.cc:286) Log-like per frame for utterance mcdd0_sx163 is 3.71475 over 534 frames.
mcdd0_sx253 sil b ay iy dx ng y ow er cl sil y m ey l ih v l ao ng er sil 
LOG (latgen-faster-mapped[5.4.140~1-1ab3d]:DecodeUtteranceLatticeFaster():decoder-wrappers.cc:286) Log-like per frame for utterance mcdd0_sx253 is 3.74058 over 414 frames.
mcdd0_sx343 sil dh f r ay cl n ch aa l vcl w z jh eh w iy s vcl d uw vcl b ay hh ix z vcl b ih vcl b r ah dh er sil 
LOG (latgen-faster-mapped[5.4.140~1-1ab3d]:DecodeUtteranceLatticeFaster():decoder-wrappers.cc:286) Log-like per frame for utterance mcdd0_sx343 is 3.66403 over 600 frames.
mcdd0_sx433 sil dh y ow v er w ey cl ch aa m er cl k vcl s l cl p oy z n ix n ix ey n iy w n s cl t iy sil 
LOG (latgen-faster-mapped[5.4.140~1-1ab3d]:DecodeUtteranceLatticeFaster():decoder-wrappers.cc:286) Log-like per frame for utterance mcdd0_sx433 is 3.77069 over 606 frames.
mcdd0_sx73 sil k l ih s d ix s cl p l ey w z m ix s cl p l ey s cl t ah n s cl k r iy n sil 
LOG (latgen-faster-mapped[5.4.140~1-1ab3d]:DecodeUtteranceLatticeFaster():decoder-wrappers.cc:286) Log-like per frame for utterance mcdd0_sx73 is 3.80145 over 537 frames.
mcdr0_si1154 sil ow l iy ih ng cl k m cl p l iy cl sil ih n cl p er f ix cl th ng z epi m uw v cl t ao er z epi w cl dh ey vcl l ae cl k sil 
LOG (latgen-faster-mapped[5.4.140~1-1ab3d]:DecodeUtteranceLatticeFaster():decoder-wrappers.cc:286) Log-like per frame for utterance mcdr0_si1154 is 3.65288 over 789 frames.
mcdr0_si1784 sil dh er w z ix vcl g r ah n sil k y er ix s l iy ih aa r cl t ih cl k cl l ix cl sil l ay cl dh ae dx v n ae ax m ow n cl p ey n sil 
LOG (latgen-faster-mapped[5.4.140~1-1ab3d]:RebuildRepository():determinize-lattice-pruned.cc:283) Rebuilding repository.
LOG (latgen-faster-mapped[5.4.140~1-1ab3d]:RebuildRepository():determinize-lattice-pruned.cc:283) Rebuilding repository.
LOG (latgen-faster-mapped[5.4.140~1-1ab3d]:RebuildRepository():determinize-lattice-pruned.cc:283) Rebuilding repository.
LOG (latgen-faster-mapped[5.4.140~1-1ab3d]:RebuildRepository():determinize-lattice-pruned.cc:283) Rebuilding repository.
WARNING (latgen-faster-mapped[5.4.140~1-1ab3d]:CheckMemoryUsage():determinize-lattice-pruned.cc:316) Did not reach requested beam in determinize-lattice: size exceeds maximum 20000000 bytes; (repo,arcs,elems) = (12144480,515488,7354056), after rebuilding, repo size was 8769824, effective beam was 9.99478 vs. requested beam 10
WARNING (latgen-faster-mapped[5.4.140~1-1ab3d]:DecodeUtteranceLatticeFaster():decoder-wrappers.cc:274) Determinization finished earlier than the beam for utterance mcdr0_si1784
LOG (latgen-faster-mapped[5.4.140~1-1ab3d]:DecodeUtteranceLatticeFaster():decoder-wrappers.cc:286) Log-like per frame for utterance mcdr0_si1784 is 3.54609 over 972 frames.
mcdr0_si524 sil w th ih n ah s ih s m hh aw er v er sil sil dh uh cl t aa m ih v iy cl ch epi m eh m vcl er l ay vcl b er iy ix z cl p er z er v sil sil 
LOG (latgen-faster-mapped[5.4.140~1-1ab3d]:DecodeUtteranceLatticeFaster():decoder-wrappers.cc:286) Log-like per frame for utterance mcdr0_si524 is 3.85043 over 950 frames.
mcdr0_sx164 sil k y er aa s ix vcl t iy sil ih m iy ow cl k er cl t iy s eh l vcl d ax m cl k ow vcl g z ih s cl sil 
LOG (latgen-faster-mapped[5.4.140~1-1ab3d]:DecodeUtteranceLatticeFaster():decoder-wrappers.cc:286) Log-like per frame for utterance mcdr0_sx164 is 3.81981 over 762 frames.
mcdr0_sx254 sil t ix dh ey l aw l ey th ih s en ch er cl ch sil 
LOG (latgen-faster-mapped[5.4.140~1-1ab3d]:DecodeUtteranceLatticeFaster():decoder-wrappers.cc:286) Log-like per frame for utterance mcdr0_sx254 is 3.93852 over 408 frames.
mcdr0_sx344 sil ah n eh l ay vcl d ih en m iy cl t er cl sil g er l ih n ah f sil 
LOG (latgen-faster-mapped[5.4.140~1-1ab3d]:DecodeUtteranceLatticeFaster():decoder-wrappers.cc:286) Log-like per frame for utterance mcdr0_sx344 is 3.80567 over 501 frames.
mcdr0_sx434 sil iy s dh ae vcl sh er l iy f ay n z ih vcl b ih vcl g f ao n sil 
LOG (latgen-faster-mapped[5.4.140~1-1ab3d]:DecodeUtteranceLatticeFaster():decoder-wrappers.cc:286) Log-like per frame for utterance mcdr0_sx434 is 3.90188 over 509 frames.
mcdr0_sx74 sil ax n ix f ah sh el vcl d eh dx l ay n cl k ix n aa vcl b iy cl p ow s cl p ow n d sil 
LOG (latgen-faster-mapped[5.4.140~1-1ab3d]:DecodeUtteranceLatticeFaster():decoder-wrappers.cc:286) Log-like per frame for utterance mcdr0_sx74 is 3.70389 over 524 frames.
mcef0_si1135 sil hh ae v w iy n aa ae cl sh l iy vcl d v eh l cl t ay vcl d iy w er sh ix cl f sil 
LOG (latgen-faster-mapped[5.4.140~1-1ab3d]:DecodeUtteranceLatticeFaster():decoder-wrappers.cc:286) Log-like per frame for utterance mcef0_si1135 is 3.82379 over 572 frames.
mcef0_si1765 sil n ow ah dh er v ih z ih dx er ix n cl k w r vcl f er hh er dh ae dx iy v n ng sil 
LOG (latgen-faster-mapped[5.4.140~1-1ab3d]:DecodeUtteranceLatticeFaster():decoder-wrappers.cc:286) Log-like per frame for utterance mcef0_si1765 is 3.89567 over 525 frames.
mcef0_si842 sil aa r cl p l ae n ng ix n s cl t r eh dx ix vcl jh iy vcl d v eh l cl m ix n cl eh m f ax s ay s ix f ih sh n l iy ix n er cl k ah m cl ax n iy sil 
LOG (latgen-faster-mapped[5.4.140~1-1ab3d]:RebuildRepository():determinize-lattice-pruned.cc:283) Rebuilding repository.
LOG (latgen-faster-mapped[5.4.140~1-1ab3d]:DecodeUtteranceLatticeFaster():decoder-wrappers.cc:286) Log-like per frame for utterance mcef0_si842 is 3.72595 over 831 frames.
mcef0_sx145 sil t uw m ah cl ch cl k er iy aa s dx iy cl k ng g ih cl ch uw ix n t ix cl t r ah vcl b el sil 
LOG (latgen-faster-mapped[5.4.140~1-1ab3d]:DecodeUtteranceLatticeFaster():decoder-wrappers.cc:286) Log-like per frame for utterance mcef0_sx145 is 3.87067 over 508 frames.
mcef0_sx235 sil ay ay dx m ay z ao l cl k aw cl jh ix n m ay ey vcl jh ix n s iy sil 
LOG (latgen-faster-mapped[5.4.140~1-1ab3d]:DecodeUtteranceLatticeFaster():decoder-wrappers.cc:286) Log-like per frame for utterance mcef0_sx235 is 3.8267 over 528 frames.
mcef0_sx325 sil dh ax f ow m uw n sh ow n b r ay l iy dh ae n ay ey cl sil 
LOG (latgen-faster-mapped[5.4.140~1-1ab3d]:DecodeUtteranceLatticeFaster():decoder-wrappers.cc:286) Log-like per frame for utterance mcef0_sx325 is 3.66109 over 474 frames.
mcef0_sx415 sil m uw v th ix vcl g aa r b ix vcl jh n er cl t uw dh l r vcl d w n d ow sil 
LOG (latgen-faster-mapped[5.4.140~1-1ab3d]:DecodeUtteranceLatticeFaster():decoder-wrappers.cc:286) Log-like per frame for utterance mcef0_sx415 is 3.94518 over 506 frames.
mcef0_sx55 sil dh l ae cl k ah v hh iy cl k aa m cl p aw n ix dh cl t eh n ix n s cl g r iy v n s ix s sil 
LOG (latgen-faster-mapped[5.4.140~1-1ab3d]:DecodeUtteranceLatticeFaster():decoder-wrappers.cc:286) Log-like per frame for utterance mcef0_sx55 is 3.89637 over 574 frames.
mcew0_si1442 sil vcl d ey ah aa r cl p er z eh n ih vcl d ix l ih s ax n cl t ey vcl b el s sil 
LOG (latgen-faster-mapped[5.4.140~1-1ab3d]:DecodeUtteranceLatticeFaster():decoder-wrappers.cc:286) Log-like per frame for utterance mcew0_si1442 is 3.82471 over 651 frames.
mcew0_si2072 sil hh y r iy sh epi w ah s epi m ao r n d ix dh cl k aa cl p vcl b ae vcl m b aa cl p ax cl p ae cl k ix vcl jh ix w iy n er s sil 
LOG (latgen-faster-mapped[5.4.140~1-1ab3d]:RebuildRepository():determinize-lattice-pruned.cc:283) Rebuilding repository.
LOG (latgen-faster-mapped[5.4.140~1-1ab3d]:RebuildRepository():determinize-lattice-pruned.cc:283) Rebuilding repository.
LOG (latgen-faster-mapped[5.4.140~1-1ab3d]:DecodeUtteranceLatticeFaster():decoder-wrappers.cc:286) Log-like per frame for utterance mcew0_si2072 is 3.74537 over 836 frames.
mcew0_si812 sil n iy vcl f er n aa vcl el th iy m ey vcl b iy ih s ah m cl t m ax v cl k el l t r el f ax cl t iy g ix n ix n s cl t ix vcl b ih l cl t iy sil 
LOG (latgen-faster-mapped[5.4.140~1-1ab3d]:DecodeUtteranceLatticeFaster():decoder-wrappers.cc:286) Log-like per frame for utterance mcew0_si812 is 3.87179 over 1048 frames.
mcew0_sx182 sil th ih vcl g l uw z d ao ah dh cl t uw vcl sil 
LOG (latgen-faster-mapped[5.4.140~1-1ab3d]:RebuildRepository():determinize-lattice-pruned.cc:283) Rebuilding repository.
LOG (latgen-faster-mapped[5.4.140~1-1ab3d]:DecodeUtteranceLatticeFaster():decoder-wrappers.cc:286) Log-like per frame for utterance mcew0_sx182 is 4.03383 over 568 frames.
mcew0_sx272 sil ax l aw iy cl ch ay l dx hh ae v ax n ay s cl p aa cl sil 
LOG (latgen-faster-mapped[5.4.140~1-1ab3d]:DecodeUtteranceLatticeFaster():decoder-wrappers.cc:286) Log-like per frame for utterance mcew0_sx272 is 4.014 over 630 frames.
mcew0_sx362 sil dh iy n oy ng r ae cl k uw n s l cl t ih n d ix f ih l z vcl g aa r en eh v r n ay cl sil 
LOG (latgen-faster-mapped[5.4.140~1-1ab3d]:DecodeUtteranceLatticeFaster():decoder-wrappers.cc:286) Log-like per frame for utterance mcew0_sx362 is 3.85272 over 915 frames.
mcew0_sx452 sil ix n d iy v eh l cl p ng f ih l m sil m ix n iy cl t aa cl s ix cl k ah m ax cl k el z er y uw z sil 
LOG (latgen-faster-mapped[5.4.140~1-1ab3d]:DecodeUtteranceLatticeFaster():decoder-wrappers.cc:286) Log-like per frame for utterance mcew0_sx452 is 3.82458 over 808 frames.
mcew0_sx92 sil ax l aa r jh hh aa l s ow l n iy z l aa s v el cl p l ay n s ix s sil 
LOG (latgen-faster-mapped[5.4.140~1-1ab3d]:DecodeUtteranceLatticeFaster():decoder-wrappers.cc:286) Log-like per frame for utterance mcew0_sx92 is 3.94923 over 673 frames.
mchl0_si1347 sil ix vcl g eh n dh ae n el cl t ih s ix dx iy uw dh ix cl t uw cl k er z vcl g ih er n cl t iy z dh ix s ah vcl jh ih n er r el z ix vcl z ih s cl t sil sil sil 
LOG (latgen-faster-mapped[5.4.140~1-1ab3d]:RebuildRepository():determinize-lattice-pruned.cc:283) Rebuilding repository.
LOG (latgen-faster-mapped[5.4.140~1-1ab3d]:DecodeUtteranceLatticeFaster():decoder-wrappers.cc:286) Log-like per frame for utterance mchl0_si1347 is 3.80434 over 1002 frames.
mchl0_si1404 sil f ih ng cl k ng dh eh v ax dx ix n s ix n s v f ih sh ix n d vcl g ih ix cl k ix n v eh cl ch ix n sil hh iy l ey dx r ix l iy s cl t ax m sil 
LOG (latgen-faster-mapped[5.4.140~1-1ab3d]:RebuildRepository():determinize-lattice-pruned.cc:283) Rebuilding repository.
LOG (latgen-faster-mapped[5.4.140~1-1ab3d]:DecodeUtteranceLatticeFaster():decoder-wrappers.cc:286) Log-like per frame for utterance mchl0_si1404 is 3.64087 over 811 frames.
mchl0_si1977 sil hh iy f ao cl dh cl p ae n eh cl k ax v er dx ix vcl g eh sil 
LOG (latgen-faster-mapped[5.4.140~1-1ab3d]:DecodeUtteranceLatticeFaster():decoder-wrappers.cc:286) Log-like per frame for utterance mchl0_si1977 is 3.86398 over 378 frames.
mchl0_sx177 sil d ah z cl k r iy ow el cl k uh cl k ng y uw z cl k er ix sil 
LOG (latgen-faster-mapped[5.4.140~1-1ab3d]:DecodeUtteranceLatticeFaster():decoder-wrappers.cc:286) Log-like per frame for utterance mchl0_sx177 is 3.97516 over 382 frames.
mchl0_sx267 sil d r ao eh v r iy aw dx er l ay n f er s cl t sil dh ih n f ih l ih n ih n cl t ih er sil 
LOG (latgen-faster-mapped[5.4.140~1-1ab3d]:DecodeUtteranceLatticeFaster():decoder-wrappers.cc:286) Log-like per frame for utterance mchl0_sx267 is 3.81814 over 678 frames.
mchl0_sx357 sil dh ax m oy s cl t er m aa ay z ix z f m ay vcl r aa cl s sil n aa f m cl t ih er s sil 
LOG (latgen-faster-mapped[5.4.140~1-1ab3d]:DecodeUtteranceLatticeFaster():decoder-wrappers.cc:286) Log-like per frame for utterance mchl0_sx357 is 3.89666 over 660 frames.
mchl0_sx447 sil f er s d ae vcl m ih l cl t ix dh ix sh r eh dx ix vcl ch iy s sil 
LOG (latgen-faster-mapped[5.4.140~1-1ab3d]:DecodeUtteranceLatticeFaster():decoder-wrappers.cc:286) Log-like per frame for utterance mchl0_sx447 is 3.83039 over 478 frames.
mchl0_sx87 sil p er m ix dx v cl t r ay vcl s ah v n ah vcl b iy d ae dx ix cl t ix vcl sil 
LOG (latgen-faster-mapped[5.4.140~1-1ab3d]:RebuildRepository():determinize-lattice-pruned.cc:283) Rebuilding repository.
LOG (latgen-faster-mapped[5.4.140~1-1ab3d]:RebuildRepository():determinize-lattice-pruned.cc:283) Rebuilding repository.
LOG (latgen-faster-mapped[5.4.140~1-1ab3d]:RebuildRepository():determinize-lattice-pruned.cc:283) Rebuilding repository.
WARNING (latgen-faster-mapped[5.4.140~1-1ab3d]:CheckMemoryUsage():determinize-lattice-pruned.cc:316) Did not reach requested beam in determinize-lattice: size exceeds maximum 20000000 bytes; (repo,arcs,elems) = (13272096,268960,6500160), after rebuilding, repo size was 9778368, effective beam was 7.17691 vs. requested beam 10
WARNING (latgen-faster-mapped[5.4.140~1-1ab3d]:DecodeUtteranceLatticeFaster():decoder-wrappers.cc:274) Determinization finished earlier than the beam for utterance mchl0_sx87
LOG (latgen-faster-mapped[5.4.140~1-1ab3d]:DecodeUtteranceLatticeFaster():decoder-wrappers.cc:286) Log-like per frame for utterance mchl0_sx87 is 3.71267 over 472 frames.
mclk0_si1660 sil dh ih cl k r vcl d ao er cl k r ae sh ah sil 
LOG (latgen-faster-mapped[5.4.140~1-1ab3d]:DecodeUtteranceLatticeFaster():decoder-wrappers.cc:286) Log-like per frame for utterance mclk0_si1660 is 3.88896 over 331 frames.
mclk0_si2290 sil eh m b ih y uw ih dx iy eh r ay z ix z w n ix cl p r ow n ae n eh cl sil k r ix z ix cl t uw f ow l vcl r eh f r n s sil 
LOG (latgen-faster-mapped[5.4.140~1-1ab3d]:RebuildRepository():determinize-lattice-pruned.cc:283) Rebuilding repository.
LOG (latgen-faster-mapped[5.4.140~1-1ab3d]:DecodeUtteranceLatticeFaster():decoder-wrappers.cc:286) Log-like per frame for utterance mclk0_si2290 is 3.71669 over 819 frames.
mclk0_si650 sil ax f ae m ae n hh aw ow s cl t er vcl el vcl b ay ng ay f n sh er n s ax er hh ae z cl cl p ey hh ay er cl p r iy m y m z sil 
LOG (latgen-faster-mapped[5.4.140~1-1ab3d]:DecodeUtteranceLatticeFaster():decoder-wrappers.cc:286) Log-like per frame for utterance mclk0_si650 is 3.71801 over 1140 frames.
mclk0_sx130 sil hh iy ih cl f ao r ae cl k sh cl t r eh vcl g z f er vcl b r eh cl k f ah s cl t sil 
LOG (latgen-faster-mapped[5.4.140~1-1ab3d]:DecodeUtteranceLatticeFaster():decoder-wrappers.cc:286) Log-like per frame for utterance mclk0_sx130 is 3.81094 over 496 frames.
mclk0_sx220 sil dh m ow s cl t r iy s ah n jh iy l aa vcl jh ix cl k el s er v ey f aw n s ay z m ix cl k eh cl t ih v ix dx iy sil 
LOG (latgen-faster-mapped[5.4.140~1-1ab3d]:DecodeUtteranceLatticeFaster():decoder-wrappers.cc:286) Log-like per frame for utterance mclk0_sx220 is 3.79191 over 687 frames.
mclk0_sx310 sil dh hh uh dx ah v dh vcl jh iy cl p w ih s cl t iy m ng n ah hh aa cl s ah m sil 
LOG (latgen-faster-mapped[5.4.140~1-1ab3d]:DecodeUtteranceLatticeFaster():decoder-wrappers.cc:286) Log-like per frame for utterance mclk0_sx310 is 3.80142 over 458 frames.
mclk0_sx40 sil s cl t ix m y l ey dx ng d ih s cl k ah sh ih n z cl k iy cl s cl t uw vcl en s ix cl t eh n ch ax sil 
LOG (latgen-faster-mapped[5.4.140~1-1ab3d]:DecodeUtteranceLatticeFaster():decoder-wrappers.cc:286) Log-like per frame for utterance mclk0_sx40 is 3.7315 over 559 frames.
mclk0_sx400 sil jh ih s cl t aa m n ow dx ih s ih z ih n ih n iy s ix vcl jh ah sh ax n b aa cl s sil 
LOG (latgen-faster-mapped[5.4.140~1-1ab3d]:DecodeUtteranceLatticeFaster():decoder-wrappers.cc:286) Log-like per frame for utterance mclk0_sx400 is 3.76921 over 525 frames.
mclm0_si1456 sil dh iy z eh er vcl g ey sh cl b ah vcl b ax epi m ay cl k aw l ix f l sh el th er m el b eh er iy er sh sil 
LOG (latgen-faster-mapped[5.4.140~1-1ab3d]:RebuildRepository():determinize-lattice-pruned.cc:283) Rebuilding repository.
LOG (latgen-faster-mapped[5.4.140~1-1ab3d]:RebuildRepository():determinize-lattice-pruned.cc:283) Rebuilding repository.
LOG (latgen-faster-mapped[5.4.140~1-1ab3d]:RebuildRepository():determinize-lattice-pruned.cc:283) Rebuilding repository.
LOG (latgen-faster-mapped[5.4.140~1-1ab3d]:RebuildRepository():determinize-lattice-pruned.cc:283) Rebuilding repository.
LOG (latgen-faster-mapped[5.4.140~1-1ab3d]:RebuildRepository():determinize-lattice-pruned.cc:283) Rebuilding repository.
WARNING (latgen-faster-mapped[5.4.140~1-1ab3d]:CheckMemoryUsage():determinize-lattice-pruned.cc:316) Did not reach requested beam in determinize-lattice: size exceeds maximum 20000000 bytes; (repo,arcs,elems) = (12324320,487552,7240872), after rebuilding, repo size was 9257280, effective beam was 9.78606 vs. requested beam 10
WARNING (latgen-faster-mapped[5.4.140~1-1ab3d]:DecodeUtteranceLatticeFaster():decoder-wrappers.cc:274) Determinization finished earlier than the beam for utterance mclm0_si1456
LOG (latgen-faster-mapped[5.4.140~1-1ab3d]:DecodeUtteranceLatticeFaster():decoder-wrappers.cc:286) Log-like per frame for utterance mclm0_si1456 is 3.42581 over 609 frames.
mclm0_si2086 sil sil sil eh vcl s l uw sh en f ao r ix z l ay hh sil 
LOG (latgen-faster-mapped[5.4.140~1-1ab3d]:DecodeUtteranceLatticeFaster():decoder-wrappers.cc:286) Log-like per frame for utterance mclm0_si2086 is 3.76474 over 545 frames.
mclm0_si826 sil k ao sh en cl t cl t ih y uw z ix m ih n ax sh t r ey sh n ix z n aa r eh cl k m ix n d f ax l ay cl t ey dx ng cl k aw sh sil 
LOG (latgen-faster-mapped[5.4.140~1-1ab3d]:RebuildRepository():determinize-lattice-pruned.cc:283) Rebuilding repository.
LOG (latgen-faster-mapped[5.4.140~1-1ab3d]:RebuildRepository():determinize-lattice-pruned.cc:283) Rebuilding repository.
LOG (latgen-faster-mapped[5.4.140~1-1ab3d]:DecodeUtteranceLatticeFaster():decoder-wrappers.cc:286) Log-like per frame for utterance mclm0_si826 is 3.42417 over 715 frames.
mclm0_sx106 sil eh hh uw vcl ch cl t ae cl p sh t r hh ah n n aa hh ah l w iy sil 
LOG (latgen-faster-mapped[5.4.140~1-1ab3d]:DecodeUtteranceLatticeFaster():decoder-wrappers.cc:286) Log-like per frame for utterance mclm0_sx106 is 3.53442 over 438 frames.
mclm0_sx16 sil eh r ow ax w er l ey n ih er dh w l sil 
LOG (latgen-faster-mapped[5.4.140~1-1ab3d]:RebuildRepository():determinize-lattice-pruned.cc:283) Rebuilding repository.
LOG (latgen-faster-mapped[5.4.140~1-1ab3d]:DecodeUtteranceLatticeFaster():decoder-wrappers.cc:286) Log-like per frame for utterance mclm0_sx16 is 3.6861 over 381 frames.
mclm0_sx196 sil hh aw dx uw ao r sh ch er v m ay cl p er el ch sil 
LOG (latgen-faster-mapped[5.4.140~1-1ab3d]:DecodeUtteranceLatticeFaster():decoder-wrappers.cc:286) Log-like per frame for utterance mclm0_sx196 is 3.61299 over 344 frames.
mclm0_sx286 sil ih n ih v r iy m ey jh ix cl k l ow v r l iy cl t r eh f ix cl s ah m cl t ae n z cl g ih jh vcl b ae cl d ah cl p sil 
LOG (latgen-faster-mapped[5.4.140~1-1ab3d]:DecodeUtteranceLatticeFaster():decoder-wrappers.cc:286) Log-like per frame for utterance mclm0_sx286 is 3.5416 over 652 frames.
mclm0_sx376 sil w ix m ey n eh v er vcl b cl k ah ng cl k m cl p l iy vcl l iy cl k el cl t m ae n sil 
LOG (latgen-faster-mapped[5.4.140~1-1ab3d]:DecodeUtteranceLatticeFaster():decoder-wrappers.cc:286) Log-like per frame for utterance mclm0_sx376 is 3.60675 over 488 frames.
mcpm0_si1194 sil w ow vcl b iy cl t ay vcl th ix n t y w iy sil ix f iy ae s ix vcl v ey cl g l iy sil 
LOG (latgen-faster-mapped[5.4.140~1-1ab3d]:DecodeUtteranceLatticeFaster():decoder-wrappers.cc:286) Log-like per frame for utterance mcpm0_si1194 is 3.66037 over 555 frames.
mcpm0_si1824 sil p aa z v r iy z eh l s cl t aa sil ah n ix cl g ow s cl t ao er z hh ae n y uw s cl t m ey cl k ix m aa cl k sil 
LOG (latgen-faster-mapped[5.4.140~1-1ab3d]:DecodeUtteranceLatticeFaster():decoder-wrappers.cc:286) Log-like per frame for utterance mcpm0_si1824 is 3.72178 over 835 frames.
mcpm0_si564 sil w ay ng k l ae s iy l s sil ah cl t vcl b iy f aa n ix m b ow th hh ay sil ix n s ax m ay hh ay cl sil s sil 
LOG (latgen-faster-mapped[5.4.140~1-1ab3d]:DecodeUtteranceLatticeFaster():decoder-wrappers.cc:286) Log-like per frame for utterance mcpm0_si564 is 3.74538 over 762 frames.
mcpm0_sx114 sil cl k r cl t uw n f iy cl t ix z ih m ah s cl g r ae cl ix cl t ae cl p el sil 
LOG (latgen-faster-mapped[5.4.140~1-1ab3d]:RebuildRepository():determinize-lattice-pruned.cc:283) Rebuilding repository.
LOG (latgen-faster-mapped[5.4.140~1-1ab3d]:DecodeUtteranceLatticeFaster():decoder-wrappers.cc:286) Log-like per frame for utterance mcpm0_sx114 is 3.68638 over 532 frames.
mcpm0_sx204 sil iy v ih n ay ow cl k ey zh ix cl g ix cl epi m ah n ey vcl b l uw s sil 
LOG (latgen-faster-mapped[5.4.140~1-1ab3d]:DecodeUtteranceLatticeFaster():decoder-wrappers.cc:286) Log-like per frame for utterance mcpm0_sx204 is 3.66616 over 481 frames.
mcpm0_sx24 sil ao dh ow ao w ih z ax l ow n w iy s v aa ay sil 
LOG (latgen-faster-mapped[5.4.140~1-1ab3d]:DecodeUtteranceLatticeFaster():decoder-wrappers.cc:286) Log-like per frame for utterance mcpm0_sx24 is 3.64521 over 427 frames.
mcpm0_sx294 sil sh ix vcl jh r ae s cl p iy cl k eh cl t en s epi m ow z uw s sil 
LOG (latgen-faster-mapped[5.4.140~1-1ab3d]:DecodeUtteranceLatticeFaster():decoder-wrappers.cc:286) Log-like per frame for utterance mcpm0_sx294 is 3.84574 over 423 frames.
mcpm0_sx384 sil p iy sh ao n ix s cl g er cl f ix vcl jh oy s sil 
LOG (latgen-faster-mapped[5.4.140~1-1ab3d]:DecodeUtteranceLatticeFaster():decoder-wrappers.cc:286) Log-like per frame for utterance mcpm0_sx384 is 3.75066 over 388 frames.
mcre0_si1121 sil ix n iy ih cl k ey s sil dh ey dx uw n ah cl p r iy sh ey cl dh cl p r ay vcl d ix cl t eh cl t ih z iy l sil 
LOG (latgen-faster-mapped[5.4.140~1-1ab3d]:DecodeUtteranceLatticeFaster():decoder-wrappers.cc:286) Log-like per frame for utterance mcre0_si1121 is 3.79397 over 732 frames.
mcre0_si1725 sil w ao r n cl th r uw eh cl dh ix n iy z s sil 
LOG (latgen-faster-mapped[5.4.140~1-1ab3d]:DecodeUtteranceLatticeFaster():decoder-wrappers.cc:286) Log-like per frame for utterance mcre0_si1725 is 3.93586 over 314 frames.
mcre0_si1751 sil w n m ao r m ah el hh eh dx ih vcl p ey l ay cl dh ae aw w ah n eh n d ey vcl b iy l iy vcl iy ng hh m w eh sil 
LOG (latgen-faster-mapped[5.4.140~1-1ab3d]:RebuildRepository():determinize-lattice-pruned.cc:283) Rebuilding repository.
LOG (latgen-faster-mapped[5.4.140~1-1ab3d]:RebuildRepository():determinize-lattice-pruned.cc:283) Rebuilding repository.
LOG (latgen-faster-mapped[5.4.140~1-1ab3d]:DecodeUtteranceLatticeFaster():decoder-wrappers.cc:286) Log-like per frame for utterance mcre0_si1751 is 3.66019 over 770 frames.
mcre0_sx131 sil w iy cl p l ae n d ix vcl b ih l dh vcl m uw vcl b eh v er vcl jh cl p l ae cl sil sil 
LOG (latgen-faster-mapped[5.4.140~1-1ab3d]:DecodeUtteranceLatticeFaster():decoder-wrappers.cc:286) Log-like per frame for utterance mcre0_sx131 is 3.75904 over 501 frames.
mcre0_sx221 sil k ao r iy ih cl t ae cl dh cl p r aa vcl jh eh cl dh eh cl s cl t r vcl d cl t er m n ey sh en sil 
LOG (latgen-faster-mapped[5.4.140~1-1ab3d]:DecodeUtteranceLatticeFaster():decoder-wrappers.cc:286) Log-like per frame for utterance mcre0_sx221 is 3.7411 over 657 frames.
mcre0_sx24 sil ao dh ow ao w z l ow m sil w iy s er v ay f sil 
LOG (latgen-faster-mapped[5.4.140~1-1ab3d]:DecodeUtteranceLatticeFaster():decoder-wrappers.cc:286) Log-like per frame for utterance mcre0_sx24 is 3.73468 over 452 frames.
mcre0_sx401 sil dh ix cl t ae cl k s ix cl k ae vcl b r ow cl d aw n ix n cl k aa z ix cl t ae f vcl ch ae m sil 
LOG (latgen-faster-mapped[5.4.140~1-1ab3d]:DecodeUtteranceLatticeFaster():decoder-wrappers.cc:286) Log-like per frame for utterance mcre0_sx401 is 3.94767 over 602 frames.
mcre0_sx41 sil eh ih cl k ih cl m ae n d ey s cl k m cl p l eh s w ix th ix vcl z ih z cl t iy n r ih vcl g l ey sh en s sil 
LOG (latgen-faster-mapped[5.4.140~1-1ab3d]:DecodeUtteranceLatticeFaster():decoder-wrappers.cc:286) Log-like per frame for utterance mcre0_sx41 is 3.7634 over 692 frames.
mcss0_si1380 sil dh eh er z l dx el vcl d aw cl dh ih cl dh s cl t uw en z vcl b ih ax f ih f r ow v ow cl k ey sh n l eh vcl jh cl k ey sh en sil 
LOG (latgen-faster-mapped[5.4.140~1-1ab3d]:DecodeUtteranceLatticeFaster():decoder-wrappers.cc:286) Log-like per frame for utterance mcss0_si1380 is 3.81078 over 853 frames.
mcss0_si688 sil dh vcl d eh vcl s cl p ih er s aa cl k iy cl p ay dx ax cl p r r m ah cl p l ey s ix n eh v r iy hh ow cl p ax n ix n eh v r iy f iy er sil 
LOG (latgen-faster-mapped[5.4.140~1-1ab3d]:DecodeUtteranceLatticeFaster():decoder-wrappers.cc:286) Log-like per frame for utterance mcss0_si688 is 3.87202 over 956 frames.
mcss0_si750 sil ae dx ax f y uw cl k eh r w ey s iy z cl t uw uh f y vcl l ay cl k sil 
LOG (latgen-faster-mapped[5.4.140~1-1ab3d]:DecodeUtteranceLatticeFaster():decoder-wrappers.cc:286) Log-like per frame for utterance mcss0_si750 is 3.95579 over 548 frames.
mcss0_sx120 sil dh ix cl k ay ow dx iy sil b aa vcl k ae cl en hh ay iy n ah aa w aa dx eh m el z sil 
LOG (latgen-faster-mapped[5.4.140~1-1ab3d]:DecodeUtteranceLatticeFaster():decoder-wrappers.cc:286) Log-like per frame for utterance mcss0_sx120 is 3.94961 over 723 frames.
mcss0_sx210 sil jh eh s cl t oy vcl g ow cl k aa r n eh v er w er cl t sil 
LOG (latgen-faster-mapped[5.4.140~1-1ab3d]:DecodeUtteranceLatticeFaster():decoder-wrappers.cc:286) Log-like per frame for utterance mcss0_sx210 is 3.92545 over 464 frames.
mcss0_sx30 sil g ix dx ih cl k ae l cl k ow cl k ae cl t cl k iy cl p sil 
LOG (latgen-faster-mapped[5.4.140~1-1ab3d]:DecodeUtteranceLatticeFaster():decoder-wrappers.cc:286) Log-like per frame for utterance mcss0_sx30 is 4.04014 over 400 frames.
mcss0_sx300 sil ax m iy vcl b ix z ch ey n sh ey cl k aa s cl t ax l iy sil 
LOG (latgen-faster-mapped[5.4.140~1-1ab3d]:DecodeUtteranceLatticeFaster():decoder-wrappers.cc:286) Log-like per frame for utterance mcss0_sx300 is 3.83382 over 470 frames.
mcss0_sx390 sil hh iy cl p ih cl d ah m ay n cl p eh er z ax s aa cl k s f er iy cl ch vcl b r eh dh er sil 
LOG (latgen-faster-mapped[5.4.140~1-1ab3d]:DecodeUtteranceLatticeFaster():decoder-wrappers.cc:286) Log-like per frame for utterance mcss0_sx390 is 3.85212 over 595 frames.
mcth0_si1209 sil ix f d ih s ax vcl b ey n sil b r z ah l ax s cl t er m oy l eh n d cl k ey ao s sil 
LOG (latgen-faster-mapped[5.4.140~1-1ab3d]:DecodeUtteranceLatticeFaster():decoder-wrappers.cc:286) Log-like per frame for utterance mcth0_si1209 is 3.68031 over 697 frames.
mcth0_si1839 sil y uw cl p iy cl p el vcl d ow hh ae v vcl jh ah s cl t b el v ih sh ix m sil 
LOG (latgen-faster-mapped[5.4.140~1-1ab3d]:DecodeUtteranceLatticeFaster():decoder-wrappers.cc:286) Log-like per frame for utterance mcth0_si1839 is 3.72554 over 417 frames.
mcth0_si579 sil y uw zh uw l iy sil p ey vcl t ih dx er l aw vcl l iy ae f cl t er dh ey ih cl p ae s cl t cl p ay sil 
LOG (latgen-faster-mapped[5.4.140~1-1ab3d]:DecodeUtteranceLatticeFaster():decoder-wrappers.cc:286) Log-like per frame for utterance mcth0_si579 is 3.87092 over 703 frames.
mcth0_sx129 sil eh ng g ao r eh cl k ae cl s r f er ey er dh n s ay m iy ng s sil 
LOG (latgen-faster-mapped[5.4.140~1-1ab3d]:DecodeUtteranceLatticeFaster():decoder-wrappers.cc:286) Log-like per frame for utterance mcth0_sx129 is 3.94671 over 548 frames.
mcth0_sx219 sil n ah n cl p r aa f ix ao r ix n ix z ey sh ix n s eh f r iy cl k w ix cl f ah n r ey z er s sil 
LOG (latgen-faster-mapped[5.4.140~1-1ab3d]:DecodeUtteranceLatticeFaster():decoder-wrappers.cc:286) Log-like per frame for utterance mcth0_sx219 is 3.61084 over 616 frames.
mcth0_sx309 sil dh cl p r uw f ih y ao r s iy cl k iy ng ix z n aa ah v eh l vcl b el n vcl b ow cl k s sil 
LOG (latgen-faster-mapped[5.4.140~1-1ab3d]:DecodeUtteranceLatticeFaster():decoder-wrappers.cc:286) Log-like per frame for utterance mcth0_sx309 is 3.69014 over 630 frames.
mcth0_sx39 sil b aa r vcl z cl g ow l vcl b r ey s uh cl w z ix vcl g r r vcl jh w oy sh n cl p r ah z en sil sil 
LOG (latgen-faster-mapped[5.4.140~1-1ab3d]:DecodeUtteranceLatticeFaster():decoder-wrappers.cc:286) Log-like per frame for utterance mcth0_sx39 is 3.69375 over 598 frames.
mcth0_sx399 sil dh ih s ih m n ow m b er vcl l er w el eh v er ih n cl t er hh er sil 
LOG (latgen-faster-mapped[5.4.140~1-1ab3d]:DecodeUtteranceLatticeFaster():decoder-wrappers.cc:286) Log-like per frame for utterance mcth0_sx399 is 3.74753 over 477 frames.
mctm0_si1350 sil ix vcl g ih v s ow sh uh vcl g ay en s eh n d er eh cl sh ix m ey cl s f er cl p r r ae m z ax s ow sh l ae cl sh ix n sil 
LOG (latgen-faster-mapped[5.4.140~1-1ab3d]:RebuildRepository():determinize-lattice-pruned.cc:283) Rebuilding repository.
LOG (latgen-faster-mapped[5.4.140~1-1ab3d]:DecodeUtteranceLatticeFaster():decoder-wrappers.cc:286) Log-like per frame for utterance mctm0_si1350 is 3.67804 over 833 frames.
mctm0_si1980 sil hh ay s uh dx ow l iy vcl b aw z hh aa r m ah s l iy sil b ah cl l aw l iy ah f ax cl k aa r s cl t iy ow r ah f sil 
LOG (latgen-faster-mapped[5.4.140~1-1ab3d]:DecodeUtteranceLatticeFaster():decoder-wrappers.cc:286) Log-like per frame for utterance mctm0_si1980 is 3.75098 over 833 frames.
mctm0_si720 sil f ay l cl t uw ix s epi m uw v sil f ix n iy sh sil 
LOG (latgen-faster-mapped[5.4.140~1-1ab3d]:DecodeUtteranceLatticeFaster():decoder-wrappers.cc:286) Log-like per frame for utterance mctm0_si720 is 3.85801 over 423 frames.
mctm0_sx180 sil ax m el s ao cl k aw l ih vcl jh ix z sil hh r n aw l cl k ow ix vcl jh ix cl k ey sh en el sil 
LOG (latgen-faster-mapped[5.4.140~1-1ab3d]:DecodeUtteranceLatticeFaster():decoder-wrappers.cc:286) Log-like per frame for utterance mctm0_sx180 is 3.73628 over 564 frames.
mctm0_sx270 sil aa hh aa l vcl d ey cl p r n z v ih l v el cl t uw ah s sil 
LOG (latgen-faster-mapped[5.4.140~1-1ab3d]:DecodeUtteranceLatticeFaster():decoder-wrappers.cc:286) Log-like per frame for utterance mctm0_sx270 is 3.72283 over 447 frames.
mctm0_sx360 sil ay s uw m oy sh ch er w el vcl d ae m ix zh sil dh ih sh ih cl p s hh ao l sil 
LOG (latgen-faster-mapped[5.4.140~1-1ab3d]:DecodeUtteranceLatticeFaster():decoder-wrappers.cc:286) Log-like per frame for utterance mctm0_sx360 is 3.79615 over 589 frames.
mctm0_sx450 sil r oy ey n oy vcl d ix s cl p r iy ih s cl d ae dx ax cl p oy n s ix n d r ah ix ng ix vcl g r ae f sil 
LOG (latgen-faster-mapped[5.4.140~1-1ab3d]:RebuildRepository():determinize-lattice-pruned.cc:283) Rebuilding repository.
LOG (latgen-faster-mapped[5.4.140~1-1ab3d]:DecodeUtteranceLatticeFaster():decoder-wrappers.cc:286) Log-like per frame for utterance mctm0_sx450 is 3.69556 over 643 frames.
mctm0_sx90 sil dh ax th ih ng k er z ix f ey m ix s cl g ah l vcl ch er sil 
LOG (latgen-faster-mapped[5.4.140~1-1ab3d]:DecodeUtteranceLatticeFaster():decoder-wrappers.cc:286) Log-like per frame for utterance mctm0_sx90 is 3.83751 over 378 frames.
mcxm0_si1351 sil r ih vcl jh ih n f ao z er z vcl r uw cl p l ah f ix n v ih er ih s w ey ix s sil 
LOG (latgen-faster-mapped[5.4.140~1-1ab3d]:DecodeUtteranceLatticeFaster():decoder-wrappers.cc:286) Log-like per frame for utterance mcxm0_si1351 is 3.56595 over 554 frames.
mcxm0_si1981 sil aa n aa cl k ix v ay vcl r ow w ey dh ax vcl b aa ao sh eh dx er vcl ix n eh s epi m ao aw ae m b er f l ae sh sil 
LOG (latgen-faster-mapped[5.4.140~1-1ab3d]:DecodeUtteranceLatticeFaster():decoder-wrappers.cc:286) Log-like per frame for utterance mcxm0_si1981 is 3.65207 over 781 frames.
mcxm0_si721 sil dh ih s cl t uw cl k n ao s ax vcl b iy m ey vcl v ix dh ax l ey cl sil 
LOG (latgen-faster-mapped[5.4.140~1-1ab3d]:RebuildRepository():determinize-lattice-pruned.cc:283) Rebuilding repository.
LOG (latgen-faster-mapped[5.4.140~1-1ab3d]:DecodeUtteranceLatticeFaster():decoder-wrappers.cc:286) Log-like per frame for utterance mcxm0_si721 is 3.59511 over 433 frames.
mcxm0_sx181 sil r er cl ch t uw uh cl f er sh cl b aa dx eh vcl hh ay ih ng eh z ix n jh ae cl w aa r z aa n ax z f aa r ix sil sil 
LOG (latgen-faster-mapped[5.4.140~1-1ab3d]:RebuildRepository():determinize-lattice-pruned.cc:283) Rebuilding repository.
LOG (latgen-faster-mapped[5.4.140~1-1ab3d]:DecodeUtteranceLatticeFaster():decoder-wrappers.cc:286) Log-like per frame for utterance mcxm0_sx181 is 3.6027 over 767 frames.
mcxm0_sx271 sil b iy zh k er f ax n aa cl t cl p l aw ow dh ah f l aa r vcl b eh vcl s sil 
LOG (latgen-faster-mapped[5.4.140~1-1ab3d]:DecodeUtteranceLatticeFaster():decoder-wrappers.cc:286) Log-like per frame for utterance mcxm0_sx271 is 3.59537 over 496 frames.
mcxm0_sx361 sil ih s cl p iy cl ch s ix m p ow z ih m ay vcl b iy ih n m ah n d ih sil 
LOG (latgen-faster-mapped[5.4.140~1-1ab3d]:DecodeUtteranceLatticeFaster():decoder-wrappers.cc:286) Log-like per frame for utterance mcxm0_sx361 is 3.83557 over 458 frames.
mcxm0_sx451 sil dh ax th dh ih cl ae ah m f ao er z epi ax z n ih r l iy ow v er w l vcl b aa vcl d ah vcl d eh l n d ix z iy z sil 
LOG (latgen-faster-mapped[5.4.140~1-1ab3d]:DecodeUtteranceLatticeFaster():decoder-wrappers.cc:286) Log-like per frame for utterance mcxm0_sx451 is 3.49778 over 728 frames.
mcxm0_sx91 sil dh m ih s cl p r eh n cl t r v ow cl k ix n ix m iy dx iy ih vcl sil d ix s cl k l ay m er sil 
LOG (latgen-faster-mapped[5.4.140~1-1ab3d]:RebuildRepository():determinize-lattice-pruned.cc:283) Rebuilding repository.
LOG (latgen-faster-mapped[5.4.140~1-1ab3d]:DecodeUtteranceLatticeFaster():decoder-wrappers.cc:286) Log-like per frame for utterance mcxm0_sx91 is 3.63308 over 510 frames.
mdac0_si1261 sil ix n cl t uw cl k ey s ix z sil eh cl p l ey n z ow l iy w er ix n d ix cl k ey dx ix cl sil 
LOG (latgen-faster-mapped[5.4.140~1-1ab3d]:DecodeUtteranceLatticeFaster():decoder-wrappers.cc:286) Log-like per frame for utterance mdac0_si1261 is 3.64186 over 542 frames.
mdac0_si1837 sil hh er hh aa m b ix cl k ih m vcl g er v l s ax cl p r ay z sil 
LOG (latgen-faster-mapped[5.4.140~1-1ab3d]:RebuildRepository():determinize-lattice-pruned.cc:283) Rebuilding repository.
LOG (latgen-faster-mapped[5.4.140~1-1ab3d]:DecodeUtteranceLatticeFaster():decoder-wrappers.cc:286) Log-like per frame for utterance mdac0_si1837 is 3.75821 over 441 frames.
mdac0_si631 sil p er vcl r ih m n ow cl sil r iy vcl th z f aa l ax s sil t ey cl k ae n z sil dh ih s er vcl jh en cl v ih z ih vcl jh cl p eh cl k n z ax s sil 
LOG (latgen-faster-mapped[5.4.140~1-1ab3d]:RebuildRepository():determinize-lattice-pruned.cc:283) Rebuilding repository.
LOG (latgen-faster-mapped[5.4.140~1-1ab3d]:DecodeUtteranceLatticeFaster():decoder-wrappers.cc:286) Log-like per frame for utterance mdac0_si631 is 3.66405 over 1023 frames.
mdac0_sx181 sil r ih cl ch epi l uh cl f er s cl p aa dx ey vcl hh ay iy n eh s sil ix n jh ae vcl w ah z en s ax f aa iy sil 
LOG (latgen-faster-mapped[5.4.140~1-1ab3d]:DecodeUtteranceLatticeFaster():decoder-wrappers.cc:286) Log-like per frame for utterance mdac0_sx181 is 3.74964 over 790 frames.
mdac0_sx271 sil b ix cl k eh f n ah cl dh cl p l aw ow v er dh ax f l aw r vcl b eh cl s sil 
LOG (latgen-faster-mapped[5.4.140~1-1ab3d]:DecodeUtteranceLatticeFaster():decoder-wrappers.cc:286) Log-like per frame for utterance mdac0_sx271 is 3.68793 over 479 frames.
mdac0_sx361 sil dh ix s cl p iy s m cl p ow z ix m sil m ay cl vcl g ih n m ah n d ey sil 
LOG (latgen-faster-mapped[5.4.140~1-1ab3d]:DecodeUtteranceLatticeFaster():decoder-wrappers.cc:286) Log-like per frame for utterance mdac0_sx361 is 3.83697 over 514 frames.
mdac0_sx451 sil dh ix th ih cl eh l m f ao r z epi w z n ih l iy ow v w l m b ay vcl d ah sh eh l m d ix z iy z sil 
LOG (latgen-faster-mapped[5.4.140~1-1ab3d]:RebuildRepository():determinize-lattice-pruned.cc:283) Rebuilding repository.
LOG (latgen-faster-mapped[5.4.140~1-1ab3d]:DecodeUtteranceLatticeFaster():decoder-wrappers.cc:286) Log-like per frame for utterance mdac0_sx451 is 3.7378 over 757 frames.
mdac0_sx91 sil dh ix m ih s cl p r n cl p f v ow cl t ix m iy dx iy cl d ix s cl k l ey m er sil 
LOG (latgen-faster-mapped[5.4.140~1-1ab3d]:DecodeUtteranceLatticeFaster():decoder-wrappers.cc:286) Log-like per frame for utterance mdac0_sx91 is 3.71672 over 458 frames.
mdas0_si1266 sil t w n iy n ay n ih vcl z ih vcl b ix cl s f s iy v dh w vcl s sil sil 
LOG (latgen-faster-mapped[5.4.140~1-1ab3d]:DecodeUtteranceLatticeFaster():decoder-wrappers.cc:286) Log-like per frame for utterance mdas0_si1266 is 3.71023 over 477 frames.
mdas0_si1896 sil ix n hh iy w z ae n s ax m vcl d ix s cl p ay cl dh ax l ao ng th ih n s cl g ao dh ix s l eh dx ix cl k r ao s cl t ix zh ch iy cl sil 
LOG (latgen-faster-mapped[5.4.140~1-1ab3d]:DecodeUtteranceLatticeFaster():decoder-wrappers.cc:286) Log-like per frame for utterance mdas0_si1896 is 3.77678 over 836 frames.
mdas0_si636 sil hh iy w ah z vcl b ah v ao l f r eh n s ih cl k er ao m ow s cl p ax th eh dx ix cl k ix n ix z iy g ix n ix s cl t vcl b iy l ay cl t sil 
LOG (latgen-faster-mapped[5.4.140~1-1ab3d]:DecodeUtteranceLatticeFaster():decoder-wrappers.cc:286) Log-like per frame for utterance mdas0_si636 is 3.77906 over 813 frames.
mdas0_sx186 sil w er cl t aa m b oy ao f en cl p l ey ow vcl d el z s sil 
LOG (latgen-faster-mapped[5.4.140~1-1ab3d]:DecodeUtteranceLatticeFaster():decoder-wrappers.cc:286) Log-like per frame for utterance mdas0_sx186 is 3.74756 over 424 frames.
mdas0_sx21 sil ao f eh l f oy ix z eh l dh iy f ao iy sil 
LOG (latgen-faster-mapped[5.4.140~1-1ab3d]:DecodeUtteranceLatticeFaster():decoder-wrappers.cc:286) Log-like per frame for utterance mdas0_sx21 is 3.5918 over 355 frames.
mdas0_sx276 sil jh ao n z r ah dh ax r iy cl p ey n ih dh vcl g er ao vcl jh vcl d el sil 
LOG (latgen-faster-mapped[5.4.140~1-1ab3d]:DecodeUtteranceLatticeFaster():decoder-wrappers.cc:286) Log-like per frame for utterance mdas0_sx276 is 3.67476 over 440 frames.
mdas0_sx6 sil b r ay cl s ah n sh ay n sh eh m er z ao n dh ax ow sh n sil 
LOG (latgen-faster-mapped[5.4.140~1-1ab3d]:DecodeUtteranceLatticeFaster():decoder-wrappers.cc:286) Log-like per frame for utterance mdas0_sx6 is 3.99421 over 522 frames.
mdas0_sx96 sil m ae s cl k er ey vcl p ao r dx iy s cl t ae cl k s w n z m ae vcl jh n ey sh en sil 
LOG (latgen-faster-mapped[5.4.140~1-1ab3d]:DecodeUtteranceLatticeFaster():decoder-wrappers.cc:286) Log-like per frame for utterance mdas0_sx96 is 3.95735 over 528 frames.
mdbb1_si1006 sil k w ih n s iy vcl k ah m ih z dh m ey ih n vcl g r ih dx ih ix n w ey s eh dx ih n l ow sh en s sil 
LOG (latgen-faster-mapped[5.4.140~1-1ab3d]:DecodeUtteranceLatticeFaster():decoder-wrappers.cc:286) Log-like per frame for utterance mdbb1_si1006 is 3.8422 over 762 frames.
mdbb1_si1636 sil dh ix s cl k ow l cl k s ah cl k er r ae vcl g hh iy cl p sil 
LOG (latgen-faster-mapped[5.4.140~1-1ab3d]:DecodeUtteranceLatticeFaster():decoder-wrappers.cc:286) Log-like per frame for utterance mdbb1_si1636 is 3.75678 over 360 frames.
mdbb1_si2056 sil ao l dh eh cl t ah ay m r ay f el w r l z er cl p oy n ih n ah n w ey v er ng ae dx ih z eh n b aa dx ix sil 
LOG (latgen-faster-mapped[5.4.140~1-1ab3d]:DecodeUtteranceLatticeFaster():decoder-wrappers.cc:286) Log-like per frame for utterance mdbb1_si2056 is 3.60533 over 766 frames.
mdbb1_sx106 sil ah hh y uw vcl jh cl t ae cl p ix s cl t r iy ah ng ix n er ao l w sil 
LOG (latgen-faster-mapped[5.4.140~1-1ab3d]:DecodeUtteranceLatticeFaster():decoder-wrappers.cc:286) Log-like per frame for utterance mdbb1_sx106 is 3.63394 over 446 frames.
mdbb1_sx16 sil ah r l v w ay er l ey n er dh w ao l sil 
LOG (latgen-faster-mapped[5.4.140~1-1ab3d]:DecodeUtteranceLatticeFaster():decoder-wrappers.cc:286) Log-like per frame for utterance mdbb1_sx16 is 3.75785 over 415 frames.
mdbb1_sx196 sil hh aa dx uw oy sh ch er z m ih cl p er l s sil 
LOG (latgen-faster-mapped[5.4.140~1-1ab3d]:DecodeUtteranceLatticeFaster():decoder-wrappers.cc:286) Log-like per frame for utterance mdbb1_sx196 is 3.91115 over 382 frames.
mdbb1_sx286 sil ih n eh v r iy m ey vcl jh er cl k ow v er l iy f sil t r ae v ix cl k s ah m cl t ay m z k ix cl s b ae cl t ah cl p sil 
LOG (latgen-faster-mapped[5.4.140~1-1ab3d]:DecodeUtteranceLatticeFaster():decoder-wrappers.cc:286) Log-like per frame for utterance mdbb1_sx286 is 3.63059 over 746 frames.
mdbb1_sx376 sil w ih m ax n m ih n eh v er vcl iy cl k ah m cl k m cl p uw l iy cl k el cl t ix m eh n sil 
LOG (latgen-faster-mapped[5.4.140~1-1ab3d]:DecodeUtteranceLatticeFaster():decoder-wrappers.cc:286) Log-like per frame for utterance mdbb1_sx376 is 3.81293 over 569 frames.
mdbp0_si1158 sil jh iy ow s eh n t er z ax n cl p er s ey sil 
LOG (latgen-faster-mapped[5.4.140~1-1ab3d]:DecodeUtteranceLatticeFaster():decoder-wrappers.cc:286) Log-like per frame for utterance mdbp0_si1158 is 3.88097 over 355 frames.
mdbp0_si1788 sil p r dx ih vcl g er l z m ah ng ae m n sil w ix th cl p l aa n hh eh er eh n cl p er cl f ey s ix z sil 
LOG (latgen-faster-mapped[5.4.140~1-1ab3d]:DecodeUtteranceLatticeFaster():decoder-wrappers.cc:286) Log-like per frame for utterance mdbp0_si1788 is 3.79029 over 661 frames.
mdbp0_si528 sil dh eh r cl p aa n f aa l dx ey vcl d eh m ax n s cl t r ey sh n ae vcl t er n iy n ow z epi n el ay vcl d iy l aa vcl jh ix cl k el cl k aa n f ay n s sil 
LOG (latgen-faster-mapped[5.4.140~1-1ab3d]:DecodeUtteranceLatticeFaster():decoder-wrappers.cc:286) Log-like per frame for utterance mdbp0_si528 is 3.84332 over 1053 frames.
mdbp0_sx168 sil hh uw cl t uh cl t ix cl k ay ae cl d aw n ax vcl b ay y uw sil 
LOG (latgen-faster-mapped[5.4.140~1-1ab3d]:DecodeUtteranceLatticeFaster():decoder-wrappers.cc:286) Log-like per frame for utterance mdbp0_sx168 is 3.87059 over 432 frames.
mdbp0_sx258 sil dh y eh s ey ah n d ix n ay vcl l iy r f l ay cl k s aa r v y uw ey vcl b l iy sil 
LOG (latgen-faster-mapped[5.4.140~1-1ab3d]:DecodeUtteranceLatticeFaster():decoder-wrappers.cc:286) Log-like per frame for utterance mdbp0_sx258 is 3.8391 over 611 frames.
mdbp0_sx348 sil ay l hh ae v ax s cl k uw cl p v dh ae dx ih vcl g z aa dx ix cl p er cl p el ah n cl t er cl k oy z sil sh er b er cl 
LOG (latgen-faster-mapped[5.4.140~1-1ab3d]:DecodeUtteranceLatticeFaster():decoder-wrappers.cc:286) Log-like per frame for utterance mdbp0_sx348 is 3.74732 over 721 frames.
mdbp0_sx438 sil sh eh l sh aa cl k ao s vcl b ay sh r ae cl n aw l sil sil ix s ax m cl t ay m z cl k y er cl t uw vcl g uw cl p f eh er cl p y sil 
LOG (latgen-faster-mapped[5.4.140~1-1ab3d]:DecodeUtteranceLatticeFaster():decoder-wrappers.cc:286) Log-like per frame for utterance mdbp0_sx438 is 3.72158 over 879 frames.
mdbp0_sx78 sil t aa cl t er s cl p sh cl k r ay vcl d r ah vcl s cl t uw f r iy l iy sil 
LOG (latgen-faster-mapped[5.4.140~1-1ab3d]:DecodeUtteranceLatticeFaster():decoder-wrappers.cc:286) Log-like per frame for utterance mdbp0_sx78 is 3.76574 over 460 frames.
mdcd0_si1415 sil ey s eh cl k n ax s ih s cl t ax n m aa cl p w cl t uw s cl p ah n jh ix s sil 
LOG (latgen-faster-mapped[5.4.140~1-1ab3d]:DecodeUtteranceLatticeFaster():decoder-wrappers.cc:286) Log-like per frame for utterance mdcd0_si1415 is 3.58402 over 547 frames.
mdcd0_si2045 sil dh ix f ao ao m ah cl ch l ow ng r dh m er ey n cl k r ay dx ix vcl d aw m sil 
LOG (latgen-faster-mapped[5.4.140~1-1ab3d]:DecodeUtteranceLatticeFaster():decoder-wrappers.cc:286) Log-like per frame for utterance mdcd0_si2045 is 3.51953 over 459 frames.
mdcd0_si785 sil dh ix th iy r iy sil dh ey ay vcl d ih ax vcl b hh aa n aa r dx ix z ay eh n ix z epi m aa vcl jh er l y ix n ix cl z ao r cl p ae n l z ey sh en sil 
LOG (latgen-faster-mapped[5.4.140~1-1ab3d]:RebuildRepository():determinize-lattice-pruned.cc:283) Rebuilding repository.
LOG (latgen-faster-mapped[5.4.140~1-1ab3d]:RebuildRepository():determinize-lattice-pruned.cc:283) Rebuilding repository.
LOG (latgen-faster-mapped[5.4.140~1-1ab3d]:RebuildRepository():determinize-lattice-pruned.cc:283) Rebuilding repository.
LOG (latgen-faster-mapped[5.4.140~1-1ab3d]:RebuildRepository():determinize-lattice-pruned.cc:283) Rebuilding repository.
WARNING (latgen-faster-mapped[5.4.140~1-1ab3d]:CheckMemoryUsage():determinize-lattice-pruned.cc:316) Did not reach requested beam in determinize-lattice: size exceeds maximum 20000000 bytes; (repo,arcs,elems) = (12303744,510688,7187880), after rebuilding, repo size was 9506688, effective beam was 9.60438 vs. requested beam 10
WARNING (latgen-faster-mapped[5.4.140~1-1ab3d]:DecodeUtteranceLatticeFaster():decoder-wrappers.cc:274) Determinization finished earlier than the beam for utterance mdcd0_si785
LOG (latgen-faster-mapped[5.4.140~1-1ab3d]:DecodeUtteranceLatticeFaster():decoder-wrappers.cc:286) Log-like per frame for utterance mdcd0_si785 is 3.46075 over 915 frames.
mdcd0_sx155 sil dh w ao dx er cl k n t ey n cl t uw m ah cl ch cl k ow r iy n ix s cl t ah ng ix z ay z sil 
LOG (latgen-faster-mapped[5.4.140~1-1ab3d]:DecodeUtteranceLatticeFaster():decoder-wrappers.cc:286) Log-like per frame for utterance mdcd0_sx155 is 3.55634 over 596 frames.
mdcd0_sx245 sil t eh s hh eh n d uw aa dx iy l vcl jh iy hh ao n er cl k aw z sil 
LOG (latgen-faster-mapped[5.4.140~1-1ab3d]:DecodeUtteranceLatticeFaster():decoder-wrappers.cc:286) Log-like per frame for utterance mdcd0_sx245 is 3.54705 over 490 frames.
mdcd0_sx335 sil g ah s ao l cl p ay n t r iy z en r eh vcl w vcl z ow n ix z w ao cl k th r uw f cl k oy y ax n ae sh el cl p ao r ix s cl t sil 
LOG (latgen-faster-mapped[5.4.140~1-1ab3d]:DecodeUtteranceLatticeFaster():decoder-wrappers.cc:286) Log-like per frame for utterance mdcd0_sx335 is 3.50171 over 871 frames.
mdcd0_sx425 sil m uw iy z n eh vcl er hh ah vcl ax n ah f b ih l ah n s sil 
LOG (latgen-faster-mapped[5.4.140~1-1ab3d]:RebuildRepository():determinize-lattice-pruned.cc:283) Rebuilding repository.
LOG (latgen-faster-mapped[5.4.140~1-1ab3d]:RebuildRepository():determinize-lattice-pruned.cc:283) Rebuilding repository.
LOG (latgen-faster-mapped[5.4.140~1-1ab3d]:RebuildRepository():determinize-lattice-pruned.cc:283) Rebuilding repository.
LOG (latgen-faster-mapped[5.4.140~1-1ab3d]:DecodeUtteranceLatticeFaster():decoder-wrappers.cc:286) Log-like per frame for utterance mdcd0_sx425 is 3.48109 over 403 frames.
mdcd0_sx65 sil ch aw n jh iy jh vcl jh ih n el z ix n t eh l vcl jh ix cl s sil 
LOG (latgen-faster-mapped[5.4.140~1-1ab3d]:DecodeUtteranceLatticeFaster():decoder-wrappers.cc:286) Log-like per frame for utterance mdcd0_sx65 is 3.56487 over 408 frames.
mdcm0_si1480 sil k l s er s d ih ow m sil r eh vcl ih er b r cl k ey vcl z ix b ao r vcl w ay er hh ah ng aa n cl t ih m b er s ax cl p ao r cl s sil 
LOG (latgen-faster-mapped[5.4.140~1-1ab3d]:DecodeUtteranceLatticeFaster():decoder-wrappers.cc:286) Log-like per frame for utterance mdcm0_si1480 is 3.86292 over 872 frames.
mdcm0_si2110 sil w th eh n iy l aa cl k ix dx ao iy k ix dx iy z iy f ay n ix f l aw r cl p aa cl sil sil 
LOG (latgen-faster-mapped[5.4.140~1-1ab3d]:DecodeUtteranceLatticeFaster():decoder-wrappers.cc:286) Log-like per frame for utterance mdcm0_si2110 is 3.91184 over 598 frames.
mdcm0_si850 sil er y uw ah n d er ay vcl iy n ix cl k s cl p eh n s v cl t iy m cl t r ih cl p s sil 
LOG (latgen-faster-mapped[5.4.140~1-1ab3d]:DecodeUtteranceLatticeFaster():decoder-wrappers.cc:286) Log-like per frame for utterance mdcm0_si850 is 3.86191 over 538 frames.
mdcm0_sx130 sil hh iy ey cl f ao r eh cl s cl t er eh vcl g s f er b r eh cl f ix s cl sil sil sil 
LOG (latgen-faster-mapped[5.4.140~1-1ab3d]:DecodeUtteranceLatticeFaster():decoder-wrappers.cc:286) Log-like per frame for utterance mdcm0_sx130 is 3.80804 over 515 frames.
mdcm0_sx220 sil dh m ow s cl t r iy s vcl jh iy l aa vcl jh ix cl k el s er ey f aw n s ay z m ix cl g ae cl t ih uw iy sil 
LOG (latgen-faster-mapped[5.4.140~1-1ab3d]:DecodeUtteranceLatticeFaster():decoder-wrappers.cc:286) Log-like per frame for utterance mdcm0_sx220 is 3.8423 over 700 frames.
mdcm0_sx310 sil dh hh uh dx v dh vcl jh iy cl k l ix s cl t iy m iy n ih n hh aa s ah n sil 
LOG (latgen-faster-mapped[5.4.140~1-1ab3d]:DecodeUtteranceLatticeFaster():decoder-wrappers.cc:286) Log-like per frame for utterance mdcm0_sx310 is 3.87755 over 496 frames.
mdcm0_sx40 sil s cl t ih m y eh dx iy n ix s cl g ah sh en z cl k iy cl s cl t uw n s ix cl t eh n sh ix n sil 
LOG (latgen-faster-mapped[5.4.140~1-1ab3d]:DecodeUtteranceLatticeFaster():decoder-wrappers.cc:286) Log-like per frame for utterance mdcm0_sx40 is 3.88363 over 552 frames.
mdcm0_sx400 sil jh ih s cl t r aa n ow dx ax s ix z ih n eh n iy s ix vcl jh eh sh n b aa cl s sil 
LOG (latgen-faster-mapped[5.4.140~1-1ab3d]:DecodeUtteranceLatticeFaster():decoder-wrappers.cc:286) Log-like per frame for utterance mdcm0_sx400 is 3.72823 over 541 frames.
mddc0_si1419 sil dh f eh y er dx ix cl k iy cl dh iy z cl t uw y uw s vcl jh ix z cl d ix s cl t ih ng cl p r z eh n s hh ae z er vcl s cl t ix dh r iy dx er sil 
LOG (latgen-faster-mapped[5.4.140~1-1ab3d]:DecodeUtteranceLatticeFaster():decoder-wrappers.cc:286) Log-like per frame for utterance mddc0_si1419 is 3.96588 over 821 frames.
mddc0_si2049 sil ch aw w iy cl t iy cl ch ih m s aa m sil 
LOG (latgen-faster-mapped[5.4.140~1-1ab3d]:DecodeUtteranceLatticeFaster():decoder-wrappers.cc:286) Log-like per frame for utterance mddc0_si2049 is 4.04074 over 278 frames.
mddc0_si789 sil b ah cl p r aa vcl el m z cl k l ng cl t ax cl p el l z ah z eh n iy cl p uw l ow n er n ow z sil 
LOG (latgen-faster-mapped[5.4.140~1-1ab3d]:DecodeUtteranceLatticeFaster():decoder-wrappers.cc:286) Log-like per frame for utterance mddc0_si789 is 3.77199 over 692 frames.
mddc0_sx159 sil dh vcl g ah v r m eh cl s aa ao th er z ey sh n ah v hh ih s ix s en sh ah cl sil 
LOG (latgen-faster-mapped[5.4.140~1-1ab3d]:DecodeUtteranceLatticeFaster():decoder-wrappers.cc:286) Log-like per frame for utterance mddc0_sx159 is 3.87752 over 588 frames.
mddc0_sx249 sil ay ey cl t eh v r iy oy s cl t er ao n ao r z cl p l ey cl sil 
LOG (latgen-faster-mapped[5.4.140~1-1ab3d]:DecodeUtteranceLatticeFaster():decoder-wrappers.cc:286) Log-like per frame for utterance mddc0_sx249 is 4.00561 over 486 frames.
mddc0_sx339 sil d ih vcl sh ao n cl k eh cl s ah m b ih vcl g uw z epi w v aw hh eh l cl 
LOG (latgen-faster-mapped[5.4.140~1-1ab3d]:DecodeUtteranceLatticeFaster():decoder-wrappers.cc:286) Log-like per frame for utterance mddc0_sx339 is 3.77152 over 437 frames.
mddc0_sx429 sil ey cl t uw th cl p ey s cl t uw vcl sh vcl b iy s cl w iy z f m dh ax vcl b aa ax m sil 
LOG (latgen-faster-mapped[5.4.140~1-1ab3d]:DecodeUtteranceLatticeFaster():decoder-wrappers.cc:286) Log-like per frame for utterance mddc0_sx429 is 3.95926 over 528 frames.
mddc0_sx69 sil iy cl ch er r ey z en z aw n d ao r z ah n ax cl p ao r cl ch cl t ae cl p s sil 
LOG (latgen-faster-mapped[5.4.140~1-1ab3d]:DecodeUtteranceLatticeFaster():decoder-wrappers.cc:286) Log-like per frame for utterance mddc0_sx69 is 3.89757 over 505 frames.
mded0_si1170 sil hh iy ae z ao l s ow n ix cl k s cl t r ao r en er r iy cl k aa n ch en s sil 
LOG (latgen-faster-mapped[5.4.140~1-1ab3d]:DecodeUtteranceLatticeFaster():decoder-wrappers.cc:286) Log-like per frame for utterance mded0_si1170 is 3.8048 over 628 frames.
mded0_si1800 sil t uw cl k ey ow hh eh m sil ih n m ey dx iy r m ey vcl b iy n aa cl k ih l sil 
LOG (latgen-faster-mapped[5.4.140~1-1ab3d]:DecodeUtteranceLatticeFaster():decoder-wrappers.cc:286) Log-like per frame for utterance mded0_si1800 is 3.70167 over 638 frames.
mded0_si540 sil dh ah s dh r z ix cl k l er vcl d ix v ih zh ix n ax v ax th ao r dx iy sil ix vcl n ix s cl t r iy dx ih v sil ix n l eh vcl jh ix s l ey ix v sil 
LOG (latgen-faster-mapped[5.4.140~1-1ab3d]:RebuildRepository():determinize-lattice-pruned.cc:283) Rebuilding repository.
LOG (latgen-faster-mapped[5.4.140~1-1ab3d]:DecodeUtteranceLatticeFaster():decoder-wrappers.cc:286) Log-like per frame for utterance mded0_si540 is 3.70797 over 950 frames.
mded0_sx180 sil ao m ow s cl ao cl k aa l ey vcl jh uw z aa r n aw cl k ow eh vcl jh cl k ey sh el sil 
LOG (latgen-faster-mapped[5.4.140~1-1ab3d]:DecodeUtteranceLatticeFaster():decoder-wrappers.cc:286) Log-like per frame for utterance mded0_sx180 is 3.62181 over 598 frames.
mded0_sx270 sil aa hh ah l dx ey ey cl p r n z ax v ey l vcl b el cl t uw ah s sil 
LOG (latgen-faster-mapped[5.4.140~1-1ab3d]:DecodeUtteranceLatticeFaster():decoder-wrappers.cc:286) Log-like per frame for utterance mded0_sx270 is 3.74731 over 516 frames.
mded0_sx360 sil ay s uw m oy s ch er w el vcl d ae m iy vcl jh dh ih sh ih cl p s hh ow l sil 
LOG (latgen-faster-mapped[5.4.140~1-1ab3d]:DecodeUtteranceLatticeFaster():decoder-wrappers.cc:286) Log-like per frame for utterance mded0_sx360 is 3.89819 over 621 frames.
LOG (copy-feats[5.4.140~1-1ab3d]:main():copy-feats.cc:143) Copied 184 feature matrices.
mded0_sx450 sil r oy ey vcl n ao r vcl s cl p er iy s dh ey ix cl p oy n s sil ix n d r ao ng ix vcl g r ae f sil 
LOG (latgen-faster-mapped[5.4.140~1-1ab3d]:DecodeUtteranceLatticeFaster():decoder-wrappers.cc:286) Log-like per frame for utterance mded0_sx450 is 3.73563 over 698 frames.
LOG (nnet-forward[5.4.140~1-1ab3d]:main():nnet-forward.cc:192) Done 184 files in 7.76317min, (fps 235.9)
mded0_sx90 sil dh ah th ih ng cl k er ih z ih th ey m ix s cl k el cl p ch er sil 
LOG (latgen-faster-mapped[5.4.140~1-1ab3d]:DecodeUtteranceLatticeFaster():decoder-wrappers.cc:286) Log-like per frame for utterance mded0_sx90 is 3.96887 over 523 frames.
LOG (latgen-faster-mapped[5.4.140~1-1ab3d]:main():latgen-faster-mapped.cc:164) Time taken 465.098s: real-time factor assuming 100 frames/sec is 0.423278
LOG (latgen-faster-mapped[5.4.140~1-1ab3d]:main():latgen-faster-mapped.cc:167) Done 184 utterances, failed for 0
LOG (latgen-faster-mapped[5.4.140~1-1ab3d]:main():latgen-faster-mapped.cc:169) Overall log-likelihood per frame is 3.76374 over 109880 frames.
# Accounting: time=468 threads=1
# Ended (code 0) at Thu Jun 21 11:04:58 CST 2018, elapsed time 468 seconds
