# nnet-train-mpe-sequential --feature-transform=exp_2/dnn4_pretrain-dbn_dnn/final.feature_transform --class-frame-counts=exp_2/dnn4_pretrain-dbn_dnn/ali_train_pdf.counts --acoustic-scale=0.2 --lm-scale=1.0 --learn-rate=1e-05 --momentum=0.0 --do-smbr=true --verbose=0 --one-silence-class=true --silence-phones=1 exp_2/dnn4_pretrain-dbn_dnn_smbr/4.nnet exp_2/dnn4_pretrain-dbn_dnn_ali/final.mdl "ark,o:copy-feats scp:exp_2/dnn4_pretrain-dbn_dnn_smbr/train.scp ark:- |" scp:exp_2/dnn4_pretrain-dbn_dnn_denlats/lat.scp "ark:gunzip -c exp_2/dnn4_pretrain-dbn_dnn_ali/ali.*.gz |" exp_2/dnn4_pretrain-dbn_dnn_smbr/5.nnet 
# Started at Fri Jun 22 19:05:19 CST 2018
#
nnet-train-mpe-sequential --feature-transform=exp_2/dnn4_pretrain-dbn_dnn/final.feature_transform --class-frame-counts=exp_2/dnn4_pretrain-dbn_dnn/ali_train_pdf.counts --acoustic-scale=0.2 --lm-scale=1.0 --learn-rate=1e-05 --momentum=0.0 --do-smbr=true --verbose=0 --one-silence-class=true --silence-phones=1 exp_2/dnn4_pretrain-dbn_dnn_smbr/4.nnet exp_2/dnn4_pretrain-dbn_dnn_ali/final.mdl 'ark,o:copy-feats scp:exp_2/dnn4_pretrain-dbn_dnn_smbr/train.scp ark:- |' scp:exp_2/dnn4_pretrain-dbn_dnn_denlats/lat.scp 'ark:gunzip -c exp_2/dnn4_pretrain-dbn_dnn_ali/ali.*.gz |' exp_2/dnn4_pretrain-dbn_dnn_smbr/5.nnet 
WARNING (nnet-train-mpe-sequential[5.4.140~1-1ab3d]:SelectGpuId():cu-device.cc:196) Not in compute-exclusive mode.  Suggestion: use 'nvidia-smi -c 3' to set compute exclusive mode
LOG (nnet-train-mpe-sequential[5.4.140~1-1ab3d]:SelectGpuIdAuto():cu-device.cc:315) Selecting from 4 GPUs
LOG (nnet-train-mpe-sequential[5.4.140~1-1ab3d]:SelectGpuIdAuto():cu-device.cc:330) cudaSetDevice(0): GeForce GTX 1080	free:7998M, used:121M, total:8119M, free/total:0.985098
LOG (nnet-train-mpe-sequential[5.4.140~1-1ab3d]:SelectGpuIdAuto():cu-device.cc:330) cudaSetDevice(1): GeForce GTX 1080	free:7998M, used:121M, total:8119M, free/total:0.985098
LOG (nnet-train-mpe-sequential[5.4.140~1-1ab3d]:SelectGpuIdAuto():cu-device.cc:330) cudaSetDevice(2): GeForce GTX 1080	free:7998M, used:121M, total:8119M, free/total:0.985098
LOG (nnet-train-mpe-sequential[5.4.140~1-1ab3d]:SelectGpuIdAuto():cu-device.cc:330) cudaSetDevice(3): GeForce GTX 1080	free:7998M, used:121M, total:8119M, free/total:0.985098
LOG (nnet-train-mpe-sequential[5.4.140~1-1ab3d]:SelectGpuIdAuto():cu-device.cc:379) Trying to select device: 0 (automatically), mem_ratio: 0.985098
LOG (nnet-train-mpe-sequential[5.4.140~1-1ab3d]:SelectGpuIdAuto():cu-device.cc:398) Success selecting device 0 free mem ratio: 0.985098
LOG (nnet-train-mpe-sequential[5.4.140~1-1ab3d]:FinalizeActiveGpu():cu-device.cc:247) The active GPU is [0]: GeForce GTX 1080	free:7934M, used:185M, total:8119M, free/total:0.977216 version 6.1
LOG (nnet-train-mpe-sequential[5.4.140~1-1ab3d]:main():nnet-train-mpe-sequential.cc:192) Removing softmax from the nnet exp_2/dnn4_pretrain-dbn_dnn_smbr/4.nnet
LOG (nnet-train-mpe-sequential[5.4.140~1-1ab3d]:PdfPrior():nnet-pdf-prior.cc:34) Computing pdf-priors from : exp_2/dnn4_pretrain-dbn_dnn/ali_train_pdf.counts
LOG (nnet-train-mpe-sequential[5.4.140~1-1ab3d]:PdfPrior():nnet-pdf-prior.cc:64) Floored 0 pdf-priors (hard-set to 1.84467e+19, which disables DNN output when decoding)
copy-feats scp:exp_2/dnn4_pretrain-dbn_dnn_smbr/train.scp ark:- 
LOG (nnet-train-mpe-sequential[5.4.140~1-1ab3d]:main():nnet-train-mpe-sequential.cc:217) TRAINING STARTED
LOG (copy-feats[5.4.140~1-1ab3d]:main():copy-feats.cc:143) Copied 3696 feature matrices.
LOG (nnet-train-mpe-sequential[5.4.140~1-1ab3d]:main():nnet-train-mpe-sequential.cc:384) Appending the softmax exp_2/dnn4_pretrain-dbn_dnn_smbr/5.nnet
LOG (nnet-train-mpe-sequential[5.4.140~1-1ab3d]:main():nnet-train-mpe-sequential.cc:390) TRAINING FINISHED; Time taken = 5.62163 min; processed 6664.36 frames per second.
LOG (nnet-train-mpe-sequential[5.4.140~1-1ab3d]:main():nnet-train-mpe-sequential.cc:394) Done 3696 files, 0 with no reference alignments, 0 with no lattices, 0 with other errors.
LOG (nnet-train-mpe-sequential[5.4.140~1-1ab3d]:main():nnet-train-mpe-sequential.cc:399) Overall average frame-accuracy is 0.87202 over 2247873 frames.
# Accounting: time=342 threads=1
# Ended (code 0) at Fri Jun 22 19:11:01 CST 2018, elapsed time 342 seconds
