# ali-to-post "ark:gunzip -c exp/tri3_ali/pre_ali.8.gz|" ark:- | weight-silence-post 0.0 1 exp/tri3/final.alimdl ark:- ark:- | gmm-post-to-gpost exp/tri3/final.alimdl "ark,s,cs:apply-cmvn  --utt2spk=ark:data/train/split20/8/utt2spk scp:data/train/split20/8/cmvn.scp scp:data/train/split20/8/feats.scp ark:- | splice-feats --left-context=3 --right-context=3 ark:- ark:- | transform-feats exp/tri3/final.mat ark:- ark:- |" ark:- ark:- | gmm-est-fmllr-gpost --fmllr-update-type=full --spk2utt=ark:data/train/split20/8/spk2utt exp/tri3/final.mdl "ark,s,cs:apply-cmvn  --utt2spk=ark:data/train/split20/8/utt2spk scp:data/train/split20/8/cmvn.scp scp:data/train/split20/8/feats.scp ark:- | splice-feats --left-context=3 --right-context=3 ark:- ark:- | transform-feats exp/tri3/final.mat ark:- ark:- |" ark,s,cs:- ark:exp/tri3_ali/trans.8 
# Started at Wed Jun 20 19:54:10 CST 2018
#
gmm-est-fmllr-gpost --fmllr-update-type=full --spk2utt=ark:data/train/split20/8/spk2utt exp/tri3/final.mdl 'ark,s,cs:apply-cmvn  --utt2spk=ark:data/train/split20/8/utt2spk scp:data/train/split20/8/cmvn.scp scp:data/train/split20/8/feats.scp ark:- | splice-feats --left-context=3 --right-context=3 ark:- ark:- | transform-feats exp/tri3/final.mat ark:- ark:- |' ark,s,cs:- ark:exp/tri3_ali/trans.8 
ali-to-post 'ark:gunzip -c exp/tri3_ali/pre_ali.8.gz|' ark:- 
weight-silence-post 0.0 1 exp/tri3/final.alimdl ark:- ark:- 
apply-cmvn --utt2spk=ark:data/train/split20/8/utt2spk scp:data/train/split20/8/cmvn.scp scp:data/train/split20/8/feats.scp ark:- 
splice-feats --left-context=3 --right-context=3 ark:- ark:- 
gmm-post-to-gpost exp/tri3/final.alimdl 'ark,s,cs:apply-cmvn  --utt2spk=ark:data/train/split20/8/utt2spk scp:data/train/split20/8/cmvn.scp scp:data/train/split20/8/feats.scp ark:- | splice-feats --left-context=3 --right-context=3 ark:- ark:- | transform-feats exp/tri3/final.mat ark:- ark:- |' ark:- ark:- 
transform-feats exp/tri3/final.mat ark:- ark:- 
apply-cmvn --utt2spk=ark:data/train/split20/8/utt2spk scp:data/train/split20/8/cmvn.scp scp:data/train/split20/8/feats.scp ark:- 
transform-feats exp/tri3/final.mat ark:- ark:- 
splice-feats --left-context=3 --right-context=3 ark:- ark:- 
LOG (gmm-est-fmllr-gpost[5.4.140~1-1ab3d]:ComputeFmllrMatrixDiagGmmFull():fmllr-diag-gmm.cc:262) fMLLR objf improvement is 5.45233 per frame over 4310 frames.
LOG (gmm-est-fmllr-gpost[5.4.140~1-1ab3d]:main():gmm-est-fmllr-gpost.cc:141) For speaker mcal0, auxf-impr from fMLLR is 5.45233, over 4310 frames.
LOG (gmm-est-fmllr-gpost[5.4.140~1-1ab3d]:ComputeFmllrMatrixDiagGmmFull():fmllr-diag-gmm.cc:262) fMLLR objf improvement is 4.25485 per frame over 4106 frames.
LOG (gmm-est-fmllr-gpost[5.4.140~1-1ab3d]:main():gmm-est-fmllr-gpost.cc:141) For speaker mcdc0, auxf-impr from fMLLR is 4.25485, over 4106 frames.
LOG (gmm-est-fmllr-gpost[5.4.140~1-1ab3d]:ComputeFmllrMatrixDiagGmmFull():fmllr-diag-gmm.cc:262) fMLLR objf improvement is 4.11112 per frame over 3620 frames.
LOG (gmm-est-fmllr-gpost[5.4.140~1-1ab3d]:main():gmm-est-fmllr-gpost.cc:141) For speaker mcdd0, auxf-impr from fMLLR is 4.11112, over 3620 frames.
LOG (gmm-est-fmllr-gpost[5.4.140~1-1ab3d]:ComputeFmllrMatrixDiagGmmFull():fmllr-diag-gmm.cc:262) fMLLR objf improvement is 4.99671 per frame over 4811 frames.
LOG (gmm-est-fmllr-gpost[5.4.140~1-1ab3d]:main():gmm-est-fmllr-gpost.cc:141) For speaker mcdr0, auxf-impr from fMLLR is 4.99671, over 4811 frames.
LOG (gmm-est-fmllr-gpost[5.4.140~1-1ab3d]:ComputeFmllrMatrixDiagGmmFull():fmllr-diag-gmm.cc:262) fMLLR objf improvement is 2.6106 per frame over 4004 frames.
LOG (gmm-est-fmllr-gpost[5.4.140~1-1ab3d]:main():gmm-est-fmllr-gpost.cc:141) For speaker mcef0, auxf-impr from fMLLR is 2.6106, over 4004 frames.
LOG (gmm-est-fmllr-gpost[5.4.140~1-1ab3d]:ComputeFmllrMatrixDiagGmmFull():fmllr-diag-gmm.cc:262) fMLLR objf improvement is 4.32968 per frame over 4608 frames.
LOG (gmm-est-fmllr-gpost[5.4.140~1-1ab3d]:main():gmm-est-fmllr-gpost.cc:141) For speaker mcew0, auxf-impr from fMLLR is 4.32968, over 4608 frames.
LOG (gmm-est-fmllr-gpost[5.4.140~1-1ab3d]:ComputeFmllrMatrixDiagGmmFull():fmllr-diag-gmm.cc:262) fMLLR objf improvement is 6.37618 per frame over 4178 frames.
LOG (gmm-est-fmllr-gpost[5.4.140~1-1ab3d]:main():gmm-est-fmllr-gpost.cc:141) For speaker mchl0, auxf-impr from fMLLR is 6.37618, over 4178 frames.
LOG (gmm-est-fmllr-gpost[5.4.140~1-1ab3d]:ComputeFmllrMatrixDiagGmmFull():fmllr-diag-gmm.cc:262) fMLLR objf improvement is 4.38429 per frame over 4274 frames.
LOG (gmm-est-fmllr-gpost[5.4.140~1-1ab3d]:main():gmm-est-fmllr-gpost.cc:141) For speaker mclk0, auxf-impr from fMLLR is 4.38429, over 4274 frames.
LOG (gmm-est-fmllr-gpost[5.4.140~1-1ab3d]:ComputeFmllrMatrixDiagGmmFull():fmllr-diag-gmm.cc:262) fMLLR objf improvement is 4.52762 per frame over 3440 frames.
LOG (gmm-est-fmllr-gpost[5.4.140~1-1ab3d]:main():gmm-est-fmllr-gpost.cc:141) For speaker mclm0, auxf-impr from fMLLR is 4.52762, over 3440 frames.
LOG (gmm-est-fmllr-gpost[5.4.140~1-1ab3d]:ComputeFmllrMatrixDiagGmmFull():fmllr-diag-gmm.cc:262) fMLLR objf improvement is 3.7316 per frame over 3905 frames.
LOG (gmm-est-fmllr-gpost[5.4.140~1-1ab3d]:main():gmm-est-fmllr-gpost.cc:141) For speaker mcpm0, auxf-impr from fMLLR is 3.7316, over 3905 frames.
LOG (gmm-est-fmllr-gpost[5.4.140~1-1ab3d]:ComputeFmllrMatrixDiagGmmFull():fmllr-diag-gmm.cc:262) fMLLR objf improvement is 3.18976 per frame over 4163 frames.
LOG (gmm-est-fmllr-gpost[5.4.140~1-1ab3d]:main():gmm-est-fmllr-gpost.cc:141) For speaker mcre0, auxf-impr from fMLLR is 3.18976, over 4163 frames.
LOG (gmm-est-fmllr-gpost[5.4.140~1-1ab3d]:ComputeFmllrMatrixDiagGmmFull():fmllr-diag-gmm.cc:262) fMLLR objf improvement is 3.01494 per frame over 4589 frames.
LOG (gmm-est-fmllr-gpost[5.4.140~1-1ab3d]:main():gmm-est-fmllr-gpost.cc:141) For speaker mcss0, auxf-impr from fMLLR is 3.01494, over 4589 frames.
LOG (gmm-est-fmllr-gpost[5.4.140~1-1ab3d]:ComputeFmllrMatrixDiagGmmFull():fmllr-diag-gmm.cc:262) fMLLR objf improvement is 5.42891 per frame over 4223 frames.
LOG (gmm-est-fmllr-gpost[5.4.140~1-1ab3d]:main():gmm-est-fmllr-gpost.cc:141) For speaker mcth0, auxf-impr from fMLLR is 5.42891, over 4223 frames.
LOG (gmm-est-fmllr-gpost[5.4.140~1-1ab3d]:ComputeFmllrMatrixDiagGmmFull():fmllr-diag-gmm.cc:262) fMLLR objf improvement is 3.10281 per frame over 4078 frames.
LOG (gmm-est-fmllr-gpost[5.4.140~1-1ab3d]:main():gmm-est-fmllr-gpost.cc:141) For speaker mctm0, auxf-impr from fMLLR is 3.10281, over 4078 frames.
LOG (gmm-est-fmllr-gpost[5.4.140~1-1ab3d]:ComputeFmllrMatrixDiagGmmFull():fmllr-diag-gmm.cc:262) fMLLR objf improvement is 6.21439 per frame over 4233 frames.
LOG (gmm-est-fmllr-gpost[5.4.140~1-1ab3d]:main():gmm-est-fmllr-gpost.cc:141) For speaker mcxm0, auxf-impr from fMLLR is 6.21439, over 4233 frames.
LOG (gmm-est-fmllr-gpost[5.4.140~1-1ab3d]:ComputeFmllrMatrixDiagGmmFull():fmllr-diag-gmm.cc:262) fMLLR objf improvement is 3.27377 per frame over 4378 frames.
LOG (gmm-est-fmllr-gpost[5.4.140~1-1ab3d]:main():gmm-est-fmllr-gpost.cc:141) For speaker mdac0, auxf-impr from fMLLR is 3.27377, over 4378 frames.
LOG (gmm-est-fmllr-gpost[5.4.140~1-1ab3d]:ComputeFmllrMatrixDiagGmmFull():fmllr-diag-gmm.cc:262) fMLLR objf improvement is 3.58136 per frame over 3844 frames.
LOG (gmm-est-fmllr-gpost[5.4.140~1-1ab3d]:main():gmm-est-fmllr-gpost.cc:141) For speaker mdas0, auxf-impr from fMLLR is 3.58136, over 3844 frames.
LOG (gmm-est-fmllr-gpost[5.4.140~1-1ab3d]:ComputeFmllrMatrixDiagGmmFull():fmllr-diag-gmm.cc:262) fMLLR objf improvement is 5.16906 per frame over 3969 frames.
LOG (gmm-est-fmllr-gpost[5.4.140~1-1ab3d]:main():gmm-est-fmllr-gpost.cc:141) For speaker mdbb1, auxf-impr from fMLLR is 5.16906, over 3969 frames.
LOG (gmm-est-fmllr-gpost[5.4.140~1-1ab3d]:ComputeFmllrMatrixDiagGmmFull():fmllr-diag-gmm.cc:262) fMLLR objf improvement is 4.53454 per frame over 4657 frames.
LOG (gmm-est-fmllr-gpost[5.4.140~1-1ab3d]:main():gmm-est-fmllr-gpost.cc:141) For speaker mdbp0, auxf-impr from fMLLR is 4.53454, over 4657 frames.
LOG (gmm-est-fmllr-gpost[5.4.140~1-1ab3d]:ComputeFmllrMatrixDiagGmmFull():fmllr-diag-gmm.cc:262) fMLLR objf improvement is 5.5234 per frame over 4152 frames.
LOG (gmm-est-fmllr-gpost[5.4.140~1-1ab3d]:main():gmm-est-fmllr-gpost.cc:141) For speaker mdcd0, auxf-impr from fMLLR is 5.5234, over 4152 frames.
LOG (ali-to-post[5.4.140~1-1ab3d]:main():ali-to-post.cc:73) Converted 184 alignments.
LOG (gmm-est-fmllr-gpost[5.4.140~1-1ab3d]:ComputeFmllrMatrixDiagGmmFull():fmllr-diag-gmm.cc:262) fMLLR objf improvement is 4.98263 per frame over 4298 frames.
LOG (gmm-est-fmllr-gpost[5.4.140~1-1ab3d]:main():gmm-est-fmllr-gpost.cc:141) For speaker mdcm0, auxf-impr from fMLLR is 4.98263, over 4298 frames.
LOG (gmm-est-fmllr-gpost[5.4.140~1-1ab3d]:ComputeFmllrMatrixDiagGmmFull():fmllr-diag-gmm.cc:262) fMLLR objf improvement is 4.58856 per frame over 3957 frames.
LOG (gmm-est-fmllr-gpost[5.4.140~1-1ab3d]:main():gmm-est-fmllr-gpost.cc:141) For speaker mddc0, auxf-impr from fMLLR is 4.58856, over 3957 frames.
LOG (weight-silence-post[5.4.140~1-1ab3d]:main():weight-silence-post.cc:95) Done 184 posteriors.
LOG (apply-cmvn[5.4.140~1-1ab3d]:main():apply-cmvn.cc:162) Applied cepstral mean normalization to 184 utterances, errors on 0
LOG (apply-cmvn[5.4.140~1-1ab3d]:main():apply-cmvn.cc:162) Applied cepstral mean normalization to 184 utterances, errors on 0
LOG (transform-feats[5.4.140~1-1ab3d]:main():transform-feats.cc:158) Overall average [pseudo-]logdet is -74.7006 over 109880 frames.
LOG (transform-feats[5.4.140~1-1ab3d]:main():transform-feats.cc:161) Applied transform to 184 utterances; 0 had errors.
LOG (gmm-post-to-gpost[5.4.140~1-1ab3d]:main():gmm-post-to-gpost.cc:124) Done 184 files, 0 with no posteriors, 0 with other errors.
LOG (gmm-post-to-gpost[5.4.140~1-1ab3d]:main():gmm-post-to-gpost.cc:128) Overall avg like per frame (Gaussian only) = -47.6692 over 96215 frames.
LOG (gmm-post-to-gpost[5.4.140~1-1ab3d]:main():gmm-post-to-gpost.cc:131) Done converting post to gpost
LOG (transform-feats[5.4.140~1-1ab3d]:main():transform-feats.cc:158) Overall average [pseudo-]logdet is -74.7006 over 109880 frames.
LOG (transform-feats[5.4.140~1-1ab3d]:main():transform-feats.cc:161) Applied transform to 184 utterances; 0 had errors.
LOG (gmm-est-fmllr-gpost[5.4.140~1-1ab3d]:ComputeFmllrMatrixDiagGmmFull():fmllr-diag-gmm.cc:262) fMLLR objf improvement is 3.1922 per frame over 4418 frames.
LOG (gmm-est-fmllr-gpost[5.4.140~1-1ab3d]:main():gmm-est-fmllr-gpost.cc:141) For speaker mded0, auxf-impr from fMLLR is 3.1922, over 4418 frames.
LOG (gmm-est-fmllr-gpost[5.4.140~1-1ab3d]:main():gmm-est-fmllr-gpost.cc:186) Done 184 files, 0 with no gposts, 0 with other errors.
LOG (gmm-est-fmllr-gpost[5.4.140~1-1ab3d]:main():gmm-est-fmllr-gpost.cc:188) Overall fMLLR auxf impr per frame is 4.37729 over 96215 frames.
# Accounting: time=17673 threads=1
# Ended (code 0) at Thu Jun 21 00:48:43 CST 2018, elapsed time 17673 seconds
