# ali-to-post "ark:gunzip -c exp/tri3_ali/pre_ali.13.gz|" ark:- | weight-silence-post 0.0 1 exp/tri3/final.alimdl ark:- ark:- | gmm-post-to-gpost exp/tri3/final.alimdl "ark,s,cs:apply-cmvn  --utt2spk=ark:data/train/split20/13/utt2spk scp:data/train/split20/13/cmvn.scp scp:data/train/split20/13/feats.scp ark:- | splice-feats --left-context=3 --right-context=3 ark:- ark:- | transform-feats exp/tri3/final.mat ark:- ark:- |" ark:- ark:- | gmm-est-fmllr-gpost --fmllr-update-type=full --spk2utt=ark:data/train/split20/13/spk2utt exp/tri3/final.mdl "ark,s,cs:apply-cmvn  --utt2spk=ark:data/train/split20/13/utt2spk scp:data/train/split20/13/cmvn.scp scp:data/train/split20/13/feats.scp ark:- | splice-feats --left-context=3 --right-context=3 ark:- ark:- | transform-feats exp/tri3/final.mat ark:- ark:- |" ark,s,cs:- ark:exp/tri3_ali/trans.13 
# Started at Wed Jun 20 19:54:10 CST 2018
#
ali-to-post 'ark:gunzip -c exp/tri3_ali/pre_ali.13.gz|' ark:- 
gmm-est-fmllr-gpost --fmllr-update-type=full --spk2utt=ark:data/train/split20/13/spk2utt exp/tri3/final.mdl 'ark,s,cs:apply-cmvn  --utt2spk=ark:data/train/split20/13/utt2spk scp:data/train/split20/13/cmvn.scp scp:data/train/split20/13/feats.scp ark:- | splice-feats --left-context=3 --right-context=3 ark:- ark:- | transform-feats exp/tri3/final.mat ark:- ark:- |' ark,s,cs:- ark:exp/tri3_ali/trans.13 
weight-silence-post 0.0 1 exp/tri3/final.alimdl ark:- ark:- 
transform-feats exp/tri3/final.mat ark:- ark:- 
gmm-post-to-gpost exp/tri3/final.alimdl 'ark,s,cs:apply-cmvn  --utt2spk=ark:data/train/split20/13/utt2spk scp:data/train/split20/13/cmvn.scp scp:data/train/split20/13/feats.scp ark:- | splice-feats --left-context=3 --right-context=3 ark:- ark:- | transform-feats exp/tri3/final.mat ark:- ark:- |' ark:- ark:- 
apply-cmvn --utt2spk=ark:data/train/split20/13/utt2spk scp:data/train/split20/13/cmvn.scp scp:data/train/split20/13/feats.scp ark:- 
splice-feats --left-context=3 --right-context=3 ark:- ark:- 
splice-feats --left-context=3 --right-context=3 ark:- ark:- 
apply-cmvn --utt2spk=ark:data/train/split20/13/utt2spk scp:data/train/split20/13/cmvn.scp scp:data/train/split20/13/feats.scp ark:- 
transform-feats exp/tri3/final.mat ark:- ark:- 
LOG (gmm-est-fmllr-gpost[5.4.140~1-1ab3d]:ComputeFmllrMatrixDiagGmmFull():fmllr-diag-gmm.cc:262) fMLLR objf improvement is 3.26032 per frame over 4258 frames.
LOG (gmm-est-fmllr-gpost[5.4.140~1-1ab3d]:main():gmm-est-fmllr-gpost.cc:141) For speaker mjrh0, auxf-impr from fMLLR is 3.26032, over 4258 frames.
LOG (gmm-est-fmllr-gpost[5.4.140~1-1ab3d]:ComputeFmllrMatrixDiagGmmFull():fmllr-diag-gmm.cc:262) fMLLR objf improvement is 4.27927 per frame over 4363 frames.
LOG (gmm-est-fmllr-gpost[5.4.140~1-1ab3d]:main():gmm-est-fmllr-gpost.cc:141) For speaker mjrh1, auxf-impr from fMLLR is 4.27927, over 4363 frames.
LOG (gmm-est-fmllr-gpost[5.4.140~1-1ab3d]:ComputeFmllrMatrixDiagGmmFull():fmllr-diag-gmm.cc:262) fMLLR objf improvement is 4.57469 per frame over 4019 frames.
LOG (gmm-est-fmllr-gpost[5.4.140~1-1ab3d]:main():gmm-est-fmllr-gpost.cc:141) For speaker mjrk0, auxf-impr from fMLLR is 4.57469, over 4019 frames.
LOG (gmm-est-fmllr-gpost[5.4.140~1-1ab3d]:ComputeFmllrMatrixDiagGmmFull():fmllr-diag-gmm.cc:262) fMLLR objf improvement is 3.66922 per frame over 3861 frames.
LOG (gmm-est-fmllr-gpost[5.4.140~1-1ab3d]:main():gmm-est-fmllr-gpost.cc:141) For speaker mjrp0, auxf-impr from fMLLR is 3.66922, over 3861 frames.
LOG (gmm-est-fmllr-gpost[5.4.140~1-1ab3d]:ComputeFmllrMatrixDiagGmmFull():fmllr-diag-gmm.cc:262) fMLLR objf improvement is 4.68833 per frame over 4949 frames.
LOG (gmm-est-fmllr-gpost[5.4.140~1-1ab3d]:main():gmm-est-fmllr-gpost.cc:141) For speaker mjsr0, auxf-impr from fMLLR is 4.68833, over 4949 frames.
LOG (gmm-est-fmllr-gpost[5.4.140~1-1ab3d]:ComputeFmllrMatrixDiagGmmFull():fmllr-diag-gmm.cc:262) fMLLR objf improvement is 4.81143 per frame over 4463 frames.
LOG (gmm-est-fmllr-gpost[5.4.140~1-1ab3d]:main():gmm-est-fmllr-gpost.cc:141) For speaker mjwg0, auxf-impr from fMLLR is 4.81143, over 4463 frames.
LOG (gmm-est-fmllr-gpost[5.4.140~1-1ab3d]:ComputeFmllrMatrixDiagGmmFull():fmllr-diag-gmm.cc:262) fMLLR objf improvement is 5.39621 per frame over 4818 frames.
LOG (gmm-est-fmllr-gpost[5.4.140~1-1ab3d]:main():gmm-est-fmllr-gpost.cc:141) For speaker mjws0, auxf-impr from fMLLR is 5.39621, over 4818 frames.
LOG (gmm-est-fmllr-gpost[5.4.140~1-1ab3d]:ComputeFmllrMatrixDiagGmmFull():fmllr-diag-gmm.cc:262) fMLLR objf improvement is 5.05649 per frame over 4692 frames.
LOG (gmm-est-fmllr-gpost[5.4.140~1-1ab3d]:main():gmm-est-fmllr-gpost.cc:141) For speaker mjwt0, auxf-impr from fMLLR is 5.05649, over 4692 frames.
LOG (gmm-est-fmllr-gpost[5.4.140~1-1ab3d]:ComputeFmllrMatrixDiagGmmFull():fmllr-diag-gmm.cc:262) fMLLR objf improvement is 4.55316 per frame over 4002 frames.
LOG (gmm-est-fmllr-gpost[5.4.140~1-1ab3d]:main():gmm-est-fmllr-gpost.cc:141) For speaker mjxa0, auxf-impr from fMLLR is 4.55316, over 4002 frames.
LOG (gmm-est-fmllr-gpost[5.4.140~1-1ab3d]:ComputeFmllrMatrixDiagGmmFull():fmllr-diag-gmm.cc:262) fMLLR objf improvement is 3.23217 per frame over 4467 frames.
LOG (gmm-est-fmllr-gpost[5.4.140~1-1ab3d]:main():gmm-est-fmllr-gpost.cc:141) For speaker mjxl0, auxf-impr from fMLLR is 3.23217, over 4467 frames.
LOG (gmm-est-fmllr-gpost[5.4.140~1-1ab3d]:ComputeFmllrMatrixDiagGmmFull():fmllr-diag-gmm.cc:262) fMLLR objf improvement is 3.43723 per frame over 4542 frames.
LOG (gmm-est-fmllr-gpost[5.4.140~1-1ab3d]:main():gmm-est-fmllr-gpost.cc:141) For speaker mkag0, auxf-impr from fMLLR is 3.43723, over 4542 frames.
LOG (gmm-est-fmllr-gpost[5.4.140~1-1ab3d]:ComputeFmllrMatrixDiagGmmFull():fmllr-diag-gmm.cc:262) fMLLR objf improvement is 3.68021 per frame over 4262 frames.
LOG (gmm-est-fmllr-gpost[5.4.140~1-1ab3d]:main():gmm-est-fmllr-gpost.cc:141) For speaker mkah0, auxf-impr from fMLLR is 3.68021, over 4262 frames.
LOG (gmm-est-fmllr-gpost[5.4.140~1-1ab3d]:ComputeFmllrMatrixDiagGmmFull():fmllr-diag-gmm.cc:262) fMLLR objf improvement is 2.57607 per frame over 3466 frames.
LOG (gmm-est-fmllr-gpost[5.4.140~1-1ab3d]:main():gmm-est-fmllr-gpost.cc:141) For speaker mkaj0, auxf-impr from fMLLR is 2.57607, over 3466 frames.
LOG (gmm-est-fmllr-gpost[5.4.140~1-1ab3d]:ComputeFmllrMatrixDiagGmmFull():fmllr-diag-gmm.cc:262) fMLLR objf improvement is 3.37384 per frame over 4531 frames.
LOG (gmm-est-fmllr-gpost[5.4.140~1-1ab3d]:main():gmm-est-fmllr-gpost.cc:141) For speaker mkam0, auxf-impr from fMLLR is 3.37384, over 4531 frames.
LOG (gmm-est-fmllr-gpost[5.4.140~1-1ab3d]:ComputeFmllrMatrixDiagGmmFull():fmllr-diag-gmm.cc:262) fMLLR objf improvement is 4.22851 per frame over 4300 frames.
LOG (gmm-est-fmllr-gpost[5.4.140~1-1ab3d]:main():gmm-est-fmllr-gpost.cc:141) For speaker mkdb0, auxf-impr from fMLLR is 4.22851, over 4300 frames.
LOG (gmm-est-fmllr-gpost[5.4.140~1-1ab3d]:ComputeFmllrMatrixDiagGmmFull():fmllr-diag-gmm.cc:262) fMLLR objf improvement is 4.26544 per frame over 4371 frames.
LOG (gmm-est-fmllr-gpost[5.4.140~1-1ab3d]:main():gmm-est-fmllr-gpost.cc:141) For speaker mkdd0, auxf-impr from fMLLR is 4.26544, over 4371 frames.
LOG (gmm-est-fmllr-gpost[5.4.140~1-1ab3d]:ComputeFmllrMatrixDiagGmmFull():fmllr-diag-gmm.cc:262) fMLLR objf improvement is 4.01629 per frame over 4550 frames.
LOG (gmm-est-fmllr-gpost[5.4.140~1-1ab3d]:main():gmm-est-fmllr-gpost.cc:141) For speaker mkdt0, auxf-impr from fMLLR is 4.01629, over 4550 frames.
LOG (gmm-est-fmllr-gpost[5.4.140~1-1ab3d]:ComputeFmllrMatrixDiagGmmFull():fmllr-diag-gmm.cc:262) fMLLR objf improvement is 3.85488 per frame over 4778 frames.
LOG (gmm-est-fmllr-gpost[5.4.140~1-1ab3d]:main():gmm-est-fmllr-gpost.cc:141) For speaker mkes0, auxf-impr from fMLLR is 3.85488, over 4778 frames.
LOG (gmm-est-fmllr-gpost[5.4.140~1-1ab3d]:ComputeFmllrMatrixDiagGmmFull():fmllr-diag-gmm.cc:262) fMLLR objf improvement is 3.58365 per frame over 3760 frames.
LOG (gmm-est-fmllr-gpost[5.4.140~1-1ab3d]:main():gmm-est-fmllr-gpost.cc:141) For speaker mkjo0, auxf-impr from fMLLR is 3.58365, over 3760 frames.
LOG (gmm-est-fmllr-gpost[5.4.140~1-1ab3d]:ComputeFmllrMatrixDiagGmmFull():fmllr-diag-gmm.cc:262) fMLLR objf improvement is 3.24845 per frame over 4188 frames.
LOG (gmm-est-fmllr-gpost[5.4.140~1-1ab3d]:main():gmm-est-fmllr-gpost.cc:141) For speaker mkln0, auxf-impr from fMLLR is 3.24845, over 4188 frames.
LOG (ali-to-post[5.4.140~1-1ab3d]:main():ali-to-post.cc:73) Converted 184 alignments.
LOG (gmm-est-fmllr-gpost[5.4.140~1-1ab3d]:ComputeFmllrMatrixDiagGmmFull():fmllr-diag-gmm.cc:262) fMLLR objf improvement is 3.32829 per frame over 3382 frames.
LOG (gmm-est-fmllr-gpost[5.4.140~1-1ab3d]:main():gmm-est-fmllr-gpost.cc:141) For speaker mklr0, auxf-impr from fMLLR is 3.32829, over 3382 frames.
LOG (weight-silence-post[5.4.140~1-1ab3d]:main():weight-silence-post.cc:95) Done 184 posteriors.
LOG (gmm-est-fmllr-gpost[5.4.140~1-1ab3d]:ComputeFmllrMatrixDiagGmmFull():fmllr-diag-gmm.cc:262) fMLLR objf improvement is 3.98689 per frame over 4538 frames.
LOG (gmm-est-fmllr-gpost[5.4.140~1-1ab3d]:main():gmm-est-fmllr-gpost.cc:141) For speaker mkls0, auxf-impr from fMLLR is 3.98689, over 4538 frames.
LOG (apply-cmvn[5.4.140~1-1ab3d]:main():apply-cmvn.cc:162) Applied cepstral mean normalization to 184 utterances, errors on 0
LOG (apply-cmvn[5.4.140~1-1ab3d]:main():apply-cmvn.cc:162) Applied cepstral mean normalization to 184 utterances, errors on 0
LOG (transform-feats[5.4.140~1-1ab3d]:main():transform-feats.cc:158) Overall average [pseudo-]logdet is -74.7006 over 112233 frames.
LOG (transform-feats[5.4.140~1-1ab3d]:main():transform-feats.cc:161) Applied transform to 184 utterances; 0 had errors.
LOG (gmm-post-to-gpost[5.4.140~1-1ab3d]:main():gmm-post-to-gpost.cc:124) Done 184 files, 0 with no posteriors, 0 with other errors.
LOG (gmm-post-to-gpost[5.4.140~1-1ab3d]:main():gmm-post-to-gpost.cc:128) Overall avg like per frame (Gaussian only) = -46.7855 over 98727 frames.
LOG (gmm-post-to-gpost[5.4.140~1-1ab3d]:main():gmm-post-to-gpost.cc:131) Done converting post to gpost
LOG (transform-feats[5.4.140~1-1ab3d]:main():transform-feats.cc:158) Overall average [pseudo-]logdet is -74.7006 over 112233 frames.
LOG (transform-feats[5.4.140~1-1ab3d]:main():transform-feats.cc:161) Applied transform to 184 utterances; 0 had errors.
LOG (gmm-est-fmllr-gpost[5.4.140~1-1ab3d]:ComputeFmllrMatrixDiagGmmFull():fmllr-diag-gmm.cc:262) fMLLR objf improvement is 5.31252 per frame over 4167 frames.
LOG (gmm-est-fmllr-gpost[5.4.140~1-1ab3d]:main():gmm-est-fmllr-gpost.cc:141) For speaker mkls1, auxf-impr from fMLLR is 5.31252, over 4167 frames.
LOG (gmm-est-fmllr-gpost[5.4.140~1-1ab3d]:main():gmm-est-fmllr-gpost.cc:186) Done 184 files, 0 with no gposts, 0 with other errors.
LOG (gmm-est-fmllr-gpost[5.4.140~1-1ab3d]:main():gmm-est-fmllr-gpost.cc:188) Overall fMLLR auxf impr per frame is 4.04917 over 98727 frames.
# Accounting: time=17807 threads=1
# Ended (code 0) at Thu Jun 21 00:50:57 CST 2018, elapsed time 17807 seconds
