# ali-to-post "ark:gunzip -c exp/tri3_ali/pre_ali.7.gz|" ark:- | weight-silence-post 0.0 1 exp/tri3/final.alimdl ark:- ark:- | gmm-post-to-gpost exp/tri3/final.alimdl "ark,s,cs:apply-cmvn  --utt2spk=ark:data/train/split20/7/utt2spk scp:data/train/split20/7/cmvn.scp scp:data/train/split20/7/feats.scp ark:- | splice-feats --left-context=3 --right-context=3 ark:- ark:- | transform-feats exp/tri3/final.mat ark:- ark:- |" ark:- ark:- | gmm-est-fmllr-gpost --fmllr-update-type=full --spk2utt=ark:data/train/split20/7/spk2utt exp/tri3/final.mdl "ark,s,cs:apply-cmvn  --utt2spk=ark:data/train/split20/7/utt2spk scp:data/train/split20/7/cmvn.scp scp:data/train/split20/7/feats.scp ark:- | splice-feats --left-context=3 --right-context=3 ark:- ark:- | transform-feats exp/tri3/final.mat ark:- ark:- |" ark,s,cs:- ark:exp/tri3_ali/trans.7 
# Started at Wed Jun 20 19:54:10 CST 2018
#
gmm-est-fmllr-gpost --fmllr-update-type=full --spk2utt=ark:data/train/split20/7/spk2utt exp/tri3/final.mdl 'ark,s,cs:apply-cmvn  --utt2spk=ark:data/train/split20/7/utt2spk scp:data/train/split20/7/cmvn.scp scp:data/train/split20/7/feats.scp ark:- | splice-feats --left-context=3 --right-context=3 ark:- ark:- | transform-feats exp/tri3/final.mat ark:- ark:- |' ark,s,cs:- ark:exp/tri3_ali/trans.7 
ali-to-post 'ark:gunzip -c exp/tri3_ali/pre_ali.7.gz|' ark:- 
gmm-post-to-gpost exp/tri3/final.alimdl 'ark,s,cs:apply-cmvn  --utt2spk=ark:data/train/split20/7/utt2spk scp:data/train/split20/7/cmvn.scp scp:data/train/split20/7/feats.scp ark:- | splice-feats --left-context=3 --right-context=3 ark:- ark:- | transform-feats exp/tri3/final.mat ark:- ark:- |' ark:- ark:- 
splice-feats --left-context=3 --right-context=3 ark:- ark:- 
weight-silence-post 0.0 1 exp/tri3/final.alimdl ark:- ark:- 
transform-feats exp/tri3/final.mat ark:- ark:- 
apply-cmvn --utt2spk=ark:data/train/split20/7/utt2spk scp:data/train/split20/7/cmvn.scp scp:data/train/split20/7/feats.scp ark:- 
splice-feats --left-context=3 --right-context=3 ark:- ark:- 
transform-feats exp/tri3/final.mat ark:- ark:- 
apply-cmvn --utt2spk=ark:data/train/split20/7/utt2spk scp:data/train/split20/7/cmvn.scp scp:data/train/split20/7/feats.scp ark:- 
LOG (gmm-est-fmllr-gpost[5.4.140~1-1ab3d]:ComputeFmllrMatrixDiagGmmFull():fmllr-diag-gmm.cc:262) fMLLR objf improvement is 5.86945 per frame over 4095 frames.
LOG (gmm-est-fmllr-gpost[5.4.140~1-1ab3d]:main():gmm-est-fmllr-gpost.cc:141) For speaker maeb0, auxf-impr from fMLLR is 5.86945, over 4095 frames.
LOG (gmm-est-fmllr-gpost[5.4.140~1-1ab3d]:ComputeFmllrMatrixDiagGmmFull():fmllr-diag-gmm.cc:262) fMLLR objf improvement is 3.68137 per frame over 3962 frames.
LOG (gmm-est-fmllr-gpost[5.4.140~1-1ab3d]:main():gmm-est-fmllr-gpost.cc:141) For speaker maeo0, auxf-impr from fMLLR is 3.68137, over 3962 frames.
LOG (gmm-est-fmllr-gpost[5.4.140~1-1ab3d]:ComputeFmllrMatrixDiagGmmFull():fmllr-diag-gmm.cc:262) fMLLR objf improvement is 4.93002 per frame over 3480 frames.
LOG (gmm-est-fmllr-gpost[5.4.140~1-1ab3d]:main():gmm-est-fmllr-gpost.cc:141) For speaker mafm0, auxf-impr from fMLLR is 4.93002, over 3480 frames.
LOG (gmm-est-fmllr-gpost[5.4.140~1-1ab3d]:ComputeFmllrMatrixDiagGmmFull():fmllr-diag-gmm.cc:262) fMLLR objf improvement is 4.33637 per frame over 4082 frames.
LOG (gmm-est-fmllr-gpost[5.4.140~1-1ab3d]:main():gmm-est-fmllr-gpost.cc:141) For speaker majp0, auxf-impr from fMLLR is 4.33637, over 4082 frames.
LOG (gmm-est-fmllr-gpost[5.4.140~1-1ab3d]:ComputeFmllrMatrixDiagGmmFull():fmllr-diag-gmm.cc:262) fMLLR objf improvement is 6.32274 per frame over 4256 frames.
LOG (gmm-est-fmllr-gpost[5.4.140~1-1ab3d]:main():gmm-est-fmllr-gpost.cc:141) For speaker makb0, auxf-impr from fMLLR is 6.32274, over 4256 frames.
LOG (gmm-est-fmllr-gpost[5.4.140~1-1ab3d]:ComputeFmllrMatrixDiagGmmFull():fmllr-diag-gmm.cc:262) fMLLR objf improvement is 3.24765 per frame over 3063 frames.
LOG (gmm-est-fmllr-gpost[5.4.140~1-1ab3d]:main():gmm-est-fmllr-gpost.cc:141) For speaker makr0, auxf-impr from fMLLR is 3.24765, over 3063 frames.
LOG (gmm-est-fmllr-gpost[5.4.140~1-1ab3d]:ComputeFmllrMatrixDiagGmmFull():fmllr-diag-gmm.cc:262) fMLLR objf improvement is 4.4241 per frame over 4642 frames.
LOG (gmm-est-fmllr-gpost[5.4.140~1-1ab3d]:main():gmm-est-fmllr-gpost.cc:141) For speaker mapv0, auxf-impr from fMLLR is 4.42411, over 4642 frames.
LOG (gmm-est-fmllr-gpost[5.4.140~1-1ab3d]:ComputeFmllrMatrixDiagGmmFull():fmllr-diag-gmm.cc:262) fMLLR objf improvement is 4.05747 per frame over 3474 frames.
LOG (gmm-est-fmllr-gpost[5.4.140~1-1ab3d]:main():gmm-est-fmllr-gpost.cc:141) For speaker marc0, auxf-impr from fMLLR is 4.05747, over 3474 frames.
LOG (gmm-est-fmllr-gpost[5.4.140~1-1ab3d]:ComputeFmllrMatrixDiagGmmFull():fmllr-diag-gmm.cc:262) fMLLR objf improvement is 4.2414 per frame over 4275 frames.
LOG (gmm-est-fmllr-gpost[5.4.140~1-1ab3d]:main():gmm-est-fmllr-gpost.cc:141) For speaker marw0, auxf-impr from fMLLR is 4.2414, over 4275 frames.
LOG (gmm-est-fmllr-gpost[5.4.140~1-1ab3d]:ComputeFmllrMatrixDiagGmmFull():fmllr-diag-gmm.cc:262) fMLLR objf improvement is 5.10348 per frame over 4313 frames.
LOG (gmm-est-fmllr-gpost[5.4.140~1-1ab3d]:main():gmm-est-fmllr-gpost.cc:141) For speaker mbar0, auxf-impr from fMLLR is 5.10348, over 4313 frames.
LOG (gmm-est-fmllr-gpost[5.4.140~1-1ab3d]:ComputeFmllrMatrixDiagGmmFull():fmllr-diag-gmm.cc:262) fMLLR objf improvement is 4.2209 per frame over 4036 frames.
LOG (gmm-est-fmllr-gpost[5.4.140~1-1ab3d]:main():gmm-est-fmllr-gpost.cc:141) For speaker mbbr0, auxf-impr from fMLLR is 4.2209, over 4036 frames.
LOG (gmm-est-fmllr-gpost[5.4.140~1-1ab3d]:ComputeFmllrMatrixDiagGmmFull():fmllr-diag-gmm.cc:262) fMLLR objf improvement is 3.63327 per frame over 4049 frames.
LOG (gmm-est-fmllr-gpost[5.4.140~1-1ab3d]:main():gmm-est-fmllr-gpost.cc:141) For speaker mbcg0, auxf-impr from fMLLR is 3.63327, over 4049 frames.
LOG (gmm-est-fmllr-gpost[5.4.140~1-1ab3d]:ComputeFmllrMatrixDiagGmmFull():fmllr-diag-gmm.cc:262) fMLLR objf improvement is 3.96352 per frame over 3435 frames.
LOG (gmm-est-fmllr-gpost[5.4.140~1-1ab3d]:main():gmm-est-fmllr-gpost.cc:141) For speaker mbef0, auxf-impr from fMLLR is 3.96352, over 3435 frames.
LOG (gmm-est-fmllr-gpost[5.4.140~1-1ab3d]:ComputeFmllrMatrixDiagGmmFull():fmllr-diag-gmm.cc:262) fMLLR objf improvement is 4.84587 per frame over 4415 frames.
LOG (gmm-est-fmllr-gpost[5.4.140~1-1ab3d]:main():gmm-est-fmllr-gpost.cc:141) For speaker mbgt0, auxf-impr from fMLLR is 4.84587, over 4415 frames.
LOG (gmm-est-fmllr-gpost[5.4.140~1-1ab3d]:ComputeFmllrMatrixDiagGmmFull():fmllr-diag-gmm.cc:262) fMLLR objf improvement is 5.31681 per frame over 3868 frames.
LOG (gmm-est-fmllr-gpost[5.4.140~1-1ab3d]:main():gmm-est-fmllr-gpost.cc:141) For speaker mbjv0, auxf-impr from fMLLR is 5.31681, over 3868 frames.
LOG (gmm-est-fmllr-gpost[5.4.140~1-1ab3d]:ComputeFmllrMatrixDiagGmmFull():fmllr-diag-gmm.cc:262) fMLLR objf improvement is 4.97591 per frame over 4156 frames.
LOG (gmm-est-fmllr-gpost[5.4.140~1-1ab3d]:main():gmm-est-fmllr-gpost.cc:141) For speaker mbma0, auxf-impr from fMLLR is 4.97591, over 4156 frames.
LOG (gmm-est-fmllr-gpost[5.4.140~1-1ab3d]:ComputeFmllrMatrixDiagGmmFull():fmllr-diag-gmm.cc:262) fMLLR objf improvement is 4.78852 per frame over 4180 frames.
LOG (gmm-est-fmllr-gpost[5.4.140~1-1ab3d]:main():gmm-est-fmllr-gpost.cc:141) For speaker mbma1, auxf-impr from fMLLR is 4.78852, over 4180 frames.
LOG (gmm-est-fmllr-gpost[5.4.140~1-1ab3d]:ComputeFmllrMatrixDiagGmmFull():fmllr-diag-gmm.cc:262) fMLLR objf improvement is 5.25959 per frame over 3830 frames.
LOG (gmm-est-fmllr-gpost[5.4.140~1-1ab3d]:main():gmm-est-fmllr-gpost.cc:141) For speaker mbml0, auxf-impr from fMLLR is 5.25959, over 3830 frames.
LOG (gmm-est-fmllr-gpost[5.4.140~1-1ab3d]:ComputeFmllrMatrixDiagGmmFull():fmllr-diag-gmm.cc:262) fMLLR objf improvement is 3.28663 per frame over 3747 frames.
LOG (gmm-est-fmllr-gpost[5.4.140~1-1ab3d]:main():gmm-est-fmllr-gpost.cc:141) For speaker mbom0, auxf-impr from fMLLR is 3.28663, over 3747 frames.
LOG (gmm-est-fmllr-gpost[5.4.140~1-1ab3d]:ComputeFmllrMatrixDiagGmmFull():fmllr-diag-gmm.cc:262) fMLLR objf improvement is 3.77911 per frame over 2835 frames.
LOG (gmm-est-fmllr-gpost[5.4.140~1-1ab3d]:main():gmm-est-fmllr-gpost.cc:141) For speaker mbsb0, auxf-impr from fMLLR is 3.77911, over 2835 frames.
LOG (gmm-est-fmllr-gpost[5.4.140~1-1ab3d]:ComputeFmllrMatrixDiagGmmFull():fmllr-diag-gmm.cc:262) fMLLR objf improvement is 4.74328 per frame over 4612 frames.
LOG (gmm-est-fmllr-gpost[5.4.140~1-1ab3d]:main():gmm-est-fmllr-gpost.cc:141) For speaker mbth0, auxf-impr from fMLLR is 4.74328, over 4612 frames.
LOG (ali-to-post[5.4.140~1-1ab3d]:main():ali-to-post.cc:73) Converted 184 alignments.
LOG (gmm-est-fmllr-gpost[5.4.140~1-1ab3d]:ComputeFmllrMatrixDiagGmmFull():fmllr-diag-gmm.cc:262) fMLLR objf improvement is 3.97561 per frame over 4305 frames.
LOG (gmm-est-fmllr-gpost[5.4.140~1-1ab3d]:main():gmm-est-fmllr-gpost.cc:141) For speaker mbwp0, auxf-impr from fMLLR is 3.97561, over 4305 frames.
LOG (weight-silence-post[5.4.140~1-1ab3d]:main():weight-silence-post.cc:95) Done 184 posteriors.
LOG (apply-cmvn[5.4.140~1-1ab3d]:main():apply-cmvn.cc:162) Applied cepstral mean normalization to 184 utterances, errors on 0
LOG (apply-cmvn[5.4.140~1-1ab3d]:main():apply-cmvn.cc:162) Applied cepstral mean normalization to 184 utterances, errors on 0
LOG (transform-feats[5.4.140~1-1ab3d]:main():transform-feats.cc:158) Overall average [pseudo-]logdet is -74.7006 over 107478 frames.
LOG (transform-feats[5.4.140~1-1ab3d]:main():transform-feats.cc:161) Applied transform to 184 utterances; 0 had errors.
LOG (gmm-post-to-gpost[5.4.140~1-1ab3d]:main():gmm-post-to-gpost.cc:124) Done 184 files, 0 with no posteriors, 0 with other errors.
LOG (gmm-post-to-gpost[5.4.140~1-1ab3d]:main():gmm-post-to-gpost.cc:128) Overall avg like per frame (Gaussian only) = -47.3321 over 92581 frames.
LOG (gmm-post-to-gpost[5.4.140~1-1ab3d]:main():gmm-post-to-gpost.cc:131) Done converting post to gpost
LOG (transform-feats[5.4.140~1-1ab3d]:main():transform-feats.cc:158) Overall average [pseudo-]logdet is -74.7006 over 107478 frames.
LOG (transform-feats[5.4.140~1-1ab3d]:main():transform-feats.cc:161) Applied transform to 184 utterances; 0 had errors.
LOG (gmm-est-fmllr-gpost[5.4.140~1-1ab3d]:ComputeFmllrMatrixDiagGmmFull():fmllr-diag-gmm.cc:262) fMLLR objf improvement is 5.71756 per frame over 5471 frames.
LOG (gmm-est-fmllr-gpost[5.4.140~1-1ab3d]:main():gmm-est-fmllr-gpost.cc:141) For speaker mcae0, auxf-impr from fMLLR is 5.71756, over 5471 frames.
LOG (gmm-est-fmllr-gpost[5.4.140~1-1ab3d]:main():gmm-est-fmllr-gpost.cc:186) Done 184 files, 0 with no gposts, 0 with other errors.
LOG (gmm-est-fmllr-gpost[5.4.140~1-1ab3d]:main():gmm-est-fmllr-gpost.cc:188) Overall fMLLR auxf impr per frame is 4.60757 over 92581 frames.
# Accounting: time=16921 threads=1
# Ended (code 0) at Thu Jun 21 00:36:11 CST 2018, elapsed time 16921 seconds
