# ali-to-post "ark:gunzip -c exp/tri3_ali/pre_ali.14.gz|" ark:- | weight-silence-post 0.0 1 exp/tri3/final.alimdl ark:- ark:- | gmm-post-to-gpost exp/tri3/final.alimdl "ark,s,cs:apply-cmvn  --utt2spk=ark:data/train/split20/14/utt2spk scp:data/train/split20/14/cmvn.scp scp:data/train/split20/14/feats.scp ark:- | splice-feats --left-context=3 --right-context=3 ark:- ark:- | transform-feats exp/tri3/final.mat ark:- ark:- |" ark:- ark:- | gmm-est-fmllr-gpost --fmllr-update-type=full --spk2utt=ark:data/train/split20/14/spk2utt exp/tri3/final.mdl "ark,s,cs:apply-cmvn  --utt2spk=ark:data/train/split20/14/utt2spk scp:data/train/split20/14/cmvn.scp scp:data/train/split20/14/feats.scp ark:- | splice-feats --left-context=3 --right-context=3 ark:- ark:- | transform-feats exp/tri3/final.mat ark:- ark:- |" ark,s,cs:- ark:exp/tri3_ali/trans.14 
# Started at Wed Jun 20 19:54:10 CST 2018
#
ali-to-post 'ark:gunzip -c exp/tri3_ali/pre_ali.14.gz|' ark:- 
gmm-post-to-gpost exp/tri3/final.alimdl 'ark,s,cs:apply-cmvn  --utt2spk=ark:data/train/split20/14/utt2spk scp:data/train/split20/14/cmvn.scp scp:data/train/split20/14/feats.scp ark:- | splice-feats --left-context=3 --right-context=3 ark:- ark:- | transform-feats exp/tri3/final.mat ark:- ark:- |' ark:- ark:- 
weight-silence-post 0.0 1 exp/tri3/final.alimdl ark:- ark:- 
gmm-est-fmllr-gpost --fmllr-update-type=full --spk2utt=ark:data/train/split20/14/spk2utt exp/tri3/final.mdl 'ark,s,cs:apply-cmvn  --utt2spk=ark:data/train/split20/14/utt2spk scp:data/train/split20/14/cmvn.scp scp:data/train/split20/14/feats.scp ark:- | splice-feats --left-context=3 --right-context=3 ark:- ark:- | transform-feats exp/tri3/final.mat ark:- ark:- |' ark,s,cs:- ark:exp/tri3_ali/trans.14 
splice-feats --left-context=3 --right-context=3 ark:- ark:- 
apply-cmvn --utt2spk=ark:data/train/split20/14/utt2spk scp:data/train/split20/14/cmvn.scp scp:data/train/split20/14/feats.scp ark:- 
transform-feats exp/tri3/final.mat ark:- ark:- 
transform-feats exp/tri3/final.mat ark:- ark:- 
splice-feats --left-context=3 --right-context=3 ark:- ark:- 
apply-cmvn --utt2spk=ark:data/train/split20/14/utt2spk scp:data/train/split20/14/cmvn.scp scp:data/train/split20/14/feats.scp ark:- 
LOG (gmm-est-fmllr-gpost[5.4.140~1-1ab3d]:ComputeFmllrMatrixDiagGmmFull():fmllr-diag-gmm.cc:262) fMLLR objf improvement is 3.72773 per frame over 4493 frames.
LOG (gmm-est-fmllr-gpost[5.4.140~1-1ab3d]:main():gmm-est-fmllr-gpost.cc:141) For speaker mklw0, auxf-impr from fMLLR is 3.72773, over 4493 frames.
LOG (gmm-est-fmllr-gpost[5.4.140~1-1ab3d]:ComputeFmllrMatrixDiagGmmFull():fmllr-diag-gmm.cc:262) fMLLR objf improvement is 4.16148 per frame over 4072 frames.
LOG (gmm-est-fmllr-gpost[5.4.140~1-1ab3d]:main():gmm-est-fmllr-gpost.cc:141) For speaker mkrg0, auxf-impr from fMLLR is 4.16148, over 4072 frames.
LOG (gmm-est-fmllr-gpost[5.4.140~1-1ab3d]:ComputeFmllrMatrixDiagGmmFull():fmllr-diag-gmm.cc:262) fMLLR objf improvement is 3.49106 per frame over 4269 frames.
LOG (gmm-est-fmllr-gpost[5.4.140~1-1ab3d]:main():gmm-est-fmllr-gpost.cc:141) For speaker mkxl0, auxf-impr from fMLLR is 3.49106, over 4269 frames.
LOG (gmm-est-fmllr-gpost[5.4.140~1-1ab3d]:ComputeFmllrMatrixDiagGmmFull():fmllr-diag-gmm.cc:262) fMLLR objf improvement is 2.87061 per frame over 4277 frames.
LOG (gmm-est-fmllr-gpost[5.4.140~1-1ab3d]:main():gmm-est-fmllr-gpost.cc:141) For speaker mlbc0, auxf-impr from fMLLR is 2.87061, over 4277 frames.
LOG (gmm-est-fmllr-gpost[5.4.140~1-1ab3d]:ComputeFmllrMatrixDiagGmmFull():fmllr-diag-gmm.cc:262) fMLLR objf improvement is 3.57837 per frame over 4576 frames.
LOG (gmm-est-fmllr-gpost[5.4.140~1-1ab3d]:main():gmm-est-fmllr-gpost.cc:141) For speaker mlel0, auxf-impr from fMLLR is 3.57837, over 4576 frames.
LOG (gmm-est-fmllr-gpost[5.4.140~1-1ab3d]:ComputeFmllrMatrixDiagGmmFull():fmllr-diag-gmm.cc:262) fMLLR objf improvement is 3.5134 per frame over 4179 frames.
LOG (gmm-est-fmllr-gpost[5.4.140~1-1ab3d]:main():gmm-est-fmllr-gpost.cc:141) For speaker mljc0, auxf-impr from fMLLR is 3.5134, over 4179 frames.
LOG (gmm-est-fmllr-gpost[5.4.140~1-1ab3d]:ComputeFmllrMatrixDiagGmmFull():fmllr-diag-gmm.cc:262) fMLLR objf improvement is 2.9987 per frame over 5408 frames.
LOG (gmm-est-fmllr-gpost[5.4.140~1-1ab3d]:main():gmm-est-fmllr-gpost.cc:141) For speaker mljh0, auxf-impr from fMLLR is 2.9987, over 5408 frames.
LOG (gmm-est-fmllr-gpost[5.4.140~1-1ab3d]:ComputeFmllrMatrixDiagGmmFull():fmllr-diag-gmm.cc:262) fMLLR objf improvement is 3.75422 per frame over 3885 frames.
LOG (gmm-est-fmllr-gpost[5.4.140~1-1ab3d]:main():gmm-est-fmllr-gpost.cc:141) For speaker mlns0, auxf-impr from fMLLR is 3.75422, over 3885 frames.
LOG (gmm-est-fmllr-gpost[5.4.140~1-1ab3d]:ComputeFmllrMatrixDiagGmmFull():fmllr-diag-gmm.cc:262) fMLLR objf improvement is 2.67806 per frame over 4709 frames.
LOG (gmm-est-fmllr-gpost[5.4.140~1-1ab3d]:main():gmm-est-fmllr-gpost.cc:141) For speaker mlsh0, auxf-impr from fMLLR is 2.67806, over 4709 frames.
LOG (gmm-est-fmllr-gpost[5.4.140~1-1ab3d]:ComputeFmllrMatrixDiagGmmFull():fmllr-diag-gmm.cc:262) fMLLR objf improvement is 3.11812 per frame over 4418 frames.
LOG (gmm-est-fmllr-gpost[5.4.140~1-1ab3d]:main():gmm-est-fmllr-gpost.cc:141) For speaker mmaa0, auxf-impr from fMLLR is 3.11812, over 4418 frames.
LOG (gmm-est-fmllr-gpost[5.4.140~1-1ab3d]:ComputeFmllrMatrixDiagGmmFull():fmllr-diag-gmm.cc:262) fMLLR objf improvement is 4.57665 per frame over 4690 frames.
LOG (gmm-est-fmllr-gpost[5.4.140~1-1ab3d]:main():gmm-est-fmllr-gpost.cc:141) For speaker mmab1, auxf-impr from fMLLR is 4.57665, over 4690 frames.
LOG (gmm-est-fmllr-gpost[5.4.140~1-1ab3d]:ComputeFmllrMatrixDiagGmmFull():fmllr-diag-gmm.cc:262) fMLLR objf improvement is 3.54204 per frame over 4867 frames.
LOG (gmm-est-fmllr-gpost[5.4.140~1-1ab3d]:main():gmm-est-fmllr-gpost.cc:141) For speaker mmag0, auxf-impr from fMLLR is 3.54204, over 4867 frames.
LOG (gmm-est-fmllr-gpost[5.4.140~1-1ab3d]:ComputeFmllrMatrixDiagGmmFull():fmllr-diag-gmm.cc:262) fMLLR objf improvement is 4.37475 per frame over 3643 frames.
LOG (gmm-est-fmllr-gpost[5.4.140~1-1ab3d]:main():gmm-est-fmllr-gpost.cc:141) For speaker mmam0, auxf-impr from fMLLR is 4.37475, over 3643 frames.
LOG (gmm-est-fmllr-gpost[5.4.140~1-1ab3d]:ComputeFmllrMatrixDiagGmmFull():fmllr-diag-gmm.cc:262) fMLLR objf improvement is 3.11061 per frame over 5339 frames.
LOG (gmm-est-fmllr-gpost[5.4.140~1-1ab3d]:main():gmm-est-fmllr-gpost.cc:141) For speaker mmar0, auxf-impr from fMLLR is 3.11061, over 5339 frames.
LOG (gmm-est-fmllr-gpost[5.4.140~1-1ab3d]:ComputeFmllrMatrixDiagGmmFull():fmllr-diag-gmm.cc:262) fMLLR objf improvement is 5.84835 per frame over 4628 frames.
LOG (gmm-est-fmllr-gpost[5.4.140~1-1ab3d]:main():gmm-est-fmllr-gpost.cc:141) For speaker mmbs0, auxf-impr from fMLLR is 5.84835, over 4628 frames.
LOG (gmm-est-fmllr-gpost[5.4.140~1-1ab3d]:ComputeFmllrMatrixDiagGmmFull():fmllr-diag-gmm.cc:262) fMLLR objf improvement is 5.1962 per frame over 4031 frames.
LOG (gmm-est-fmllr-gpost[5.4.140~1-1ab3d]:main():gmm-est-fmllr-gpost.cc:141) For speaker mmcc0, auxf-impr from fMLLR is 5.1962, over 4031 frames.
LOG (gmm-est-fmllr-gpost[5.4.140~1-1ab3d]:ComputeFmllrMatrixDiagGmmFull():fmllr-diag-gmm.cc:262) fMLLR objf improvement is 3.49082 per frame over 3683 frames.
LOG (gmm-est-fmllr-gpost[5.4.140~1-1ab3d]:main():gmm-est-fmllr-gpost.cc:141) For speaker mmdb0, auxf-impr from fMLLR is 3.49082, over 3683 frames.
LOG (gmm-est-fmllr-gpost[5.4.140~1-1ab3d]:ComputeFmllrMatrixDiagGmmFull():fmllr-diag-gmm.cc:262) fMLLR objf improvement is 3.7424 per frame over 4693 frames.
LOG (gmm-est-fmllr-gpost[5.4.140~1-1ab3d]:main():gmm-est-fmllr-gpost.cc:141) For speaker mmdg0, auxf-impr from fMLLR is 3.7424, over 4693 frames.
LOG (gmm-est-fmllr-gpost[5.4.140~1-1ab3d]:ComputeFmllrMatrixDiagGmmFull():fmllr-diag-gmm.cc:262) fMLLR objf improvement is 4.1585 per frame over 4258 frames.
LOG (gmm-est-fmllr-gpost[5.4.140~1-1ab3d]:main():gmm-est-fmllr-gpost.cc:141) For speaker mmdm0, auxf-impr from fMLLR is 4.1585, over 4258 frames.
LOG (gmm-est-fmllr-gpost[5.4.140~1-1ab3d]:ComputeFmllrMatrixDiagGmmFull():fmllr-diag-gmm.cc:262) fMLLR objf improvement is 5.35437 per frame over 4285 frames.
LOG (gmm-est-fmllr-gpost[5.4.140~1-1ab3d]:main():gmm-est-fmllr-gpost.cc:141) For speaker mmdm1, auxf-impr from fMLLR is 5.35437, over 4285 frames.
LOG (ali-to-post[5.4.140~1-1ab3d]:main():ali-to-post.cc:73) Converted 184 alignments.
LOG (gmm-est-fmllr-gpost[5.4.140~1-1ab3d]:ComputeFmllrMatrixDiagGmmFull():fmllr-diag-gmm.cc:262) fMLLR objf improvement is 3.11053 per frame over 3378 frames.
LOG (gmm-est-fmllr-gpost[5.4.140~1-1ab3d]:main():gmm-est-fmllr-gpost.cc:141) For speaker mmds0, auxf-impr from fMLLR is 3.11053, over 3378 frames.
LOG (weight-silence-post[5.4.140~1-1ab3d]:main():weight-silence-post.cc:95) Done 184 posteriors.
LOG (gmm-est-fmllr-gpost[5.4.140~1-1ab3d]:ComputeFmllrMatrixDiagGmmFull():fmllr-diag-gmm.cc:262) fMLLR objf improvement is 4.34453 per frame over 3756 frames.
LOG (gmm-est-fmllr-gpost[5.4.140~1-1ab3d]:main():gmm-est-fmllr-gpost.cc:141) For speaker mmea0, auxf-impr from fMLLR is 4.34453, over 3756 frames.
LOG (apply-cmvn[5.4.140~1-1ab3d]:main():apply-cmvn.cc:162) Applied cepstral mean normalization to 184 utterances, errors on 0
LOG (apply-cmvn[5.4.140~1-1ab3d]:main():apply-cmvn.cc:162) Applied cepstral mean normalization to 184 utterances, errors on 0
LOG (transform-feats[5.4.140~1-1ab3d]:main():transform-feats.cc:158) Overall average [pseudo-]logdet is -74.7006 over 112547 frames.
LOG (transform-feats[5.4.140~1-1ab3d]:main():transform-feats.cc:161) Applied transform to 184 utterances; 0 had errors.
LOG (gmm-post-to-gpost[5.4.140~1-1ab3d]:main():gmm-post-to-gpost.cc:124) Done 184 files, 0 with no posteriors, 0 with other errors.
LOG (gmm-post-to-gpost[5.4.140~1-1ab3d]:main():gmm-post-to-gpost.cc:128) Overall avg like per frame (Gaussian only) = -47.4562 over 99407 frames.
LOG (gmm-post-to-gpost[5.4.140~1-1ab3d]:main():gmm-post-to-gpost.cc:131) Done converting post to gpost
LOG (transform-feats[5.4.140~1-1ab3d]:main():transform-feats.cc:158) Overall average [pseudo-]logdet is -74.7006 over 112547 frames.
LOG (transform-feats[5.4.140~1-1ab3d]:main():transform-feats.cc:161) Applied transform to 184 utterances; 0 had errors.
LOG (gmm-est-fmllr-gpost[5.4.140~1-1ab3d]:ComputeFmllrMatrixDiagGmmFull():fmllr-diag-gmm.cc:262) fMLLR objf improvement is 4.44417 per frame over 3870 frames.
LOG (gmm-est-fmllr-gpost[5.4.140~1-1ab3d]:main():gmm-est-fmllr-gpost.cc:141) For speaker mmeb0, auxf-impr from fMLLR is 4.44417, over 3870 frames.
LOG (gmm-est-fmllr-gpost[5.4.140~1-1ab3d]:main():gmm-est-fmllr-gpost.cc:186) Done 184 files, 0 with no gposts, 0 with other errors.
LOG (gmm-est-fmllr-gpost[5.4.140~1-1ab3d]:main():gmm-est-fmllr-gpost.cc:188) Overall fMLLR auxf impr per frame is 3.85764 over 99407 frames.
# Accounting: time=15512 threads=1
# Ended (code 0) at Thu Jun 21 00:12:42 CST 2018, elapsed time 15512 seconds
