# ali-to-post "ark:gunzip -c exp/tri2/ali.20.gz|" ark:- | weight-silence-post 0.0 1 exp/tri2/6.mdl ark:- ark:- | gmm-acc-mllt --rand-prune=4.0 exp/tri2/6.mdl "ark,s,cs:apply-cmvn  --utt2spk=ark:data/train/split20/20/utt2spk scp:data/train/split20/20/cmvn.scp scp:data/train/split20/20/feats.scp ark:- | splice-feats --left-context=3 --right-context=3 ark:- ark:- | transform-feats exp/tri2/4.mat ark:- ark:- |" ark:- exp/tri2/6.20.macc 
# Started at Mon Jun 18 22:22:35 CST 2018
#
ali-to-post 'ark:gunzip -c exp/tri2/ali.20.gz|' ark:- 
gmm-acc-mllt --rand-prune=4.0 exp/tri2/6.mdl 'ark,s,cs:apply-cmvn  --utt2spk=ark:data/train/split20/20/utt2spk scp:data/train/split20/20/cmvn.scp scp:data/train/split20/20/feats.scp ark:- | splice-feats --left-context=3 --right-context=3 ark:- ark:- | transform-feats exp/tri2/4.mat ark:- ark:- |' ark:- exp/tri2/6.20.macc 
weight-silence-post 0.0 1 exp/tri2/6.mdl ark:- ark:- 
transform-feats exp/tri2/4.mat ark:- ark:- 
splice-feats --left-context=3 --right-context=3 ark:- ark:- 
apply-cmvn --utt2spk=ark:data/train/split20/20/utt2spk scp:data/train/split20/20/cmvn.scp scp:data/train/split20/20/feats.scp ark:- 
LOG (gmm-acc-mllt[5.4.140~1-1ab3d]:main():gmm-acc-mllt.cc:108) Average like for this file is -53.8656 over 748 frames.
LOG (gmm-acc-mllt[5.4.140~1-1ab3d]:main():gmm-acc-mllt.cc:108) Average like for this file is -51.7899 over 337 frames.
LOG (gmm-acc-mllt[5.4.140~1-1ab3d]:main():gmm-acc-mllt.cc:108) Average like for this file is -52.4817 over 397 frames.
LOG (gmm-acc-mllt[5.4.140~1-1ab3d]:main():gmm-acc-mllt.cc:108) Average like for this file is -56.3313 over 400 frames.
LOG (gmm-acc-mllt[5.4.140~1-1ab3d]:main():gmm-acc-mllt.cc:108) Average like for this file is -53.5772 over 381 frames.
LOG (gmm-acc-mllt[5.4.140~1-1ab3d]:main():gmm-acc-mllt.cc:108) Average like for this file is -54.4484 over 513 frames.
LOG (gmm-acc-mllt[5.4.140~1-1ab3d]:main():gmm-acc-mllt.cc:108) Average like for this file is -56.0448 over 550 frames.
LOG (gmm-acc-mllt[5.4.140~1-1ab3d]:main():gmm-acc-mllt.cc:108) Average like for this file is -55.6502 over 431 frames.
LOG (gmm-acc-mllt[5.4.140~1-1ab3d]:main():gmm-acc-mllt.cc:108) Average like for this file is -47.8484 over 582 frames.
LOG (gmm-acc-mllt[5.4.140~1-1ab3d]:main():gmm-acc-mllt.cc:108) Average like for this file is -49.1313 over 885 frames.
LOG (gmm-acc-mllt[5.4.140~1-1ab3d]:main():gmm-acc-mllt.cc:114) Avg like per frame so far is -52.7558
LOG (gmm-acc-mllt[5.4.140~1-1ab3d]:main():gmm-acc-mllt.cc:108) Average like for this file is -48.7159 over 295 frames.
LOG (gmm-acc-mllt[5.4.140~1-1ab3d]:main():gmm-acc-mllt.cc:108) Average like for this file is -49.3293 over 792 frames.
LOG (gmm-acc-mllt[5.4.140~1-1ab3d]:main():gmm-acc-mllt.cc:108) Average like for this file is -46.4069 over 627 frames.
LOG (gmm-acc-mllt[5.4.140~1-1ab3d]:main():gmm-acc-mllt.cc:108) Average like for this file is -50.2404 over 579 frames.
LOG (gmm-acc-mllt[5.4.140~1-1ab3d]:main():gmm-acc-mllt.cc:108) Average like for this file is -47.2624 over 775 frames.
LOG (gmm-acc-mllt[5.4.140~1-1ab3d]:main():gmm-acc-mllt.cc:108) Average like for this file is -51.372 over 169 frames.
LOG (gmm-acc-mllt[5.4.140~1-1ab3d]:main():gmm-acc-mllt.cc:108) Average like for this file is -45.8566 over 1194 frames.
LOG (gmm-acc-mllt[5.4.140~1-1ab3d]:main():gmm-acc-mllt.cc:108) Average like for this file is -45.6489 over 374 frames.
LOG (gmm-acc-mllt[5.4.140~1-1ab3d]:main():gmm-acc-mllt.cc:108) Average like for this file is -44.9266 over 420 frames.
LOG (gmm-acc-mllt[5.4.140~1-1ab3d]:main():gmm-acc-mllt.cc:108) Average like for this file is -45.2701 over 891 frames.
LOG (gmm-acc-mllt[5.4.140~1-1ab3d]:main():gmm-acc-mllt.cc:114) Avg like per frame so far is -49.6969
LOG (gmm-acc-mllt[5.4.140~1-1ab3d]:main():gmm-acc-mllt.cc:108) Average like for this file is -45.5525 over 568 frames.
LOG (gmm-acc-mllt[5.4.140~1-1ab3d]:main():gmm-acc-mllt.cc:108) Average like for this file is -46.1778 over 632 frames.
LOG (gmm-acc-mllt[5.4.140~1-1ab3d]:main():gmm-acc-mllt.cc:108) Average like for this file is -46.3189 over 975 frames.
LOG (gmm-acc-mllt[5.4.140~1-1ab3d]:main():gmm-acc-mllt.cc:108) Average like for this file is -49.2353 over 643 frames.
LOG (gmm-acc-mllt[5.4.140~1-1ab3d]:main():gmm-acc-mllt.cc:108) Average like for this file is -53.1781 over 359 frames.
LOG (gmm-acc-mllt[5.4.140~1-1ab3d]:main():gmm-acc-mllt.cc:108) Average like for this file is -53.0973 over 736 frames.
LOG (gmm-acc-mllt[5.4.140~1-1ab3d]:main():gmm-acc-mllt.cc:108) Average like for this file is -51.9672 over 353 frames.
LOG (gmm-acc-mllt[5.4.140~1-1ab3d]:main():gmm-acc-mllt.cc:108) Average like for this file is -51.0337 over 710 frames.
LOG (gmm-acc-mllt[5.4.140~1-1ab3d]:main():gmm-acc-mllt.cc:108) Average like for this file is -49.5192 over 394 frames.
LOG (gmm-acc-mllt[5.4.140~1-1ab3d]:main():gmm-acc-mllt.cc:108) Average like for this file is -52.9756 over 333 frames.
LOG (gmm-acc-mllt[5.4.140~1-1ab3d]:main():gmm-acc-mllt.cc:114) Avg like per frame so far is -49.6005
LOG (gmm-acc-mllt[5.4.140~1-1ab3d]:main():gmm-acc-mllt.cc:108) Average like for this file is -51.8315 over 464 frames.
LOG (gmm-acc-mllt[5.4.140~1-1ab3d]:main():gmm-acc-mllt.cc:108) Average like for this file is -52.202 over 311 frames.
LOG (gmm-acc-mllt[5.4.140~1-1ab3d]:main():gmm-acc-mllt.cc:108) Average like for this file is -44.3724 over 377 frames.
LOG (gmm-acc-mllt[5.4.140~1-1ab3d]:main():gmm-acc-mllt.cc:108) Average like for this file is -55.3224 over 398 frames.
LOG (gmm-acc-mllt[5.4.140~1-1ab3d]:main():gmm-acc-mllt.cc:108) Average like for this file is -48.7768 over 779 frames.
LOG (gmm-acc-mllt[5.4.140~1-1ab3d]:main():gmm-acc-mllt.cc:108) Average like for this file is -54.1555 over 514 frames.
LOG (gmm-acc-mllt[5.4.140~1-1ab3d]:main():gmm-acc-mllt.cc:108) Average like for this file is -49.5696 over 459 frames.
LOG (gmm-acc-mllt[5.4.140~1-1ab3d]:main():gmm-acc-mllt.cc:108) Average like for this file is -47.3667 over 463 frames.
LOG (gmm-acc-mllt[5.4.140~1-1ab3d]:main():gmm-acc-mllt.cc:108) Average like for this file is -48.1546 over 611 frames.
LOG (gmm-acc-mllt[5.4.140~1-1ab3d]:main():gmm-acc-mllt.cc:108) Average like for this file is -50.7211 over 629 frames.
LOG (gmm-acc-mllt[5.4.140~1-1ab3d]:main():gmm-acc-mllt.cc:114) Avg like per frame so far is -49.7194
LOG (gmm-acc-mllt[5.4.140~1-1ab3d]:main():gmm-acc-mllt.cc:108) Average like for this file is -46.4748 over 845 frames.
LOG (gmm-acc-mllt[5.4.140~1-1ab3d]:main():gmm-acc-mllt.cc:108) Average like for this file is -49.2357 over 626 frames.
LOG (gmm-acc-mllt[5.4.140~1-1ab3d]:main():gmm-acc-mllt.cc:108) Average like for this file is -50.7463 over 444 frames.
LOG (gmm-acc-mllt[5.4.140~1-1ab3d]:main():gmm-acc-mllt.cc:108) Average like for this file is -52.3205 over 517 frames.
LOG (gmm-acc-mllt[5.4.140~1-1ab3d]:main():gmm-acc-mllt.cc:108) Average like for this file is -49.9082 over 255 frames.
LOG (gmm-acc-mllt[5.4.140~1-1ab3d]:main():gmm-acc-mllt.cc:108) Average like for this file is -50.8652 over 354 frames.
LOG (gmm-acc-mllt[5.4.140~1-1ab3d]:main():gmm-acc-mllt.cc:108) Average like for this file is -47.7029 over 550 frames.
LOG (gmm-acc-mllt[5.4.140~1-1ab3d]:main():gmm-acc-mllt.cc:108) Average like for this file is -46.2068 over 495 frames.
LOG (gmm-acc-mllt[5.4.140~1-1ab3d]:main():gmm-acc-mllt.cc:108) Average like for this file is -51.2674 over 599 frames.
LOG (gmm-acc-mllt[5.4.140~1-1ab3d]:main():gmm-acc-mllt.cc:108) Average like for this file is -50.7153 over 240 frames.
LOG (gmm-acc-mllt[5.4.140~1-1ab3d]:main():gmm-acc-mllt.cc:114) Avg like per frame so far is -49.6278
LOG (gmm-acc-mllt[5.4.140~1-1ab3d]:main():gmm-acc-mllt.cc:108) Average like for this file is -53.0079 over 443 frames.
LOG (gmm-acc-mllt[5.4.140~1-1ab3d]:main():gmm-acc-mllt.cc:108) Average like for this file is -51.9504 over 469 frames.
LOG (gmm-acc-mllt[5.4.140~1-1ab3d]:main():gmm-acc-mllt.cc:108) Average like for this file is -56.2881 over 492 frames.
LOG (gmm-acc-mllt[5.4.140~1-1ab3d]:main():gmm-acc-mllt.cc:108) Average like for this file is -53.9128 over 468 frames.
LOG (gmm-acc-mllt[5.4.140~1-1ab3d]:main():gmm-acc-mllt.cc:108) Average like for this file is -54.0511 over 645 frames.
LOG (gmm-acc-mllt[5.4.140~1-1ab3d]:main():gmm-acc-mllt.cc:108) Average like for this file is -52.9495 over 292 frames.
LOG (gmm-acc-mllt[5.4.140~1-1ab3d]:main():gmm-acc-mllt.cc:108) Average like for this file is -51.3978 over 835 frames.
LOG (gmm-acc-mllt[5.4.140~1-1ab3d]:main():gmm-acc-mllt.cc:108) Average like for this file is -51.721 over 296 frames.
LOG (gmm-acc-mllt[5.4.140~1-1ab3d]:main():gmm-acc-mllt.cc:108) Average like for this file is -52.307 over 863 frames.
LOG (gmm-acc-mllt[5.4.140~1-1ab3d]:main():gmm-acc-mllt.cc:108) Average like for this file is -52.8224 over 717 frames.
LOG (gmm-acc-mllt[5.4.140~1-1ab3d]:main():gmm-acc-mllt.cc:114) Avg like per frame so far is -50.1938
LOG (gmm-acc-mllt[5.4.140~1-1ab3d]:main():gmm-acc-mllt.cc:108) Average like for this file is -52.0968 over 612 frames.
LOG (gmm-acc-mllt[5.4.140~1-1ab3d]:main():gmm-acc-mllt.cc:108) Average like for this file is -54.4052 over 465 frames.
LOG (gmm-acc-mllt[5.4.140~1-1ab3d]:main():gmm-acc-mllt.cc:108) Average like for this file is -51.8564 over 719 frames.
LOG (gmm-acc-mllt[5.4.140~1-1ab3d]:main():gmm-acc-mllt.cc:108) Average like for this file is -53.0215 over 181 frames.
LOG (gmm-acc-mllt[5.4.140~1-1ab3d]:main():gmm-acc-mllt.cc:108) Average like for this file is -45.8802 over 730 frames.
LOG (gmm-acc-mllt[5.4.140~1-1ab3d]:main():gmm-acc-mllt.cc:108) Average like for this file is -51.4529 over 626 frames.
LOG (gmm-acc-mllt[5.4.140~1-1ab3d]:main():gmm-acc-mllt.cc:108) Average like for this file is -48.8119 over 495 frames.
LOG (gmm-acc-mllt[5.4.140~1-1ab3d]:main():gmm-acc-mllt.cc:108) Average like for this file is -49.822 over 367 frames.
LOG (gmm-acc-mllt[5.4.140~1-1ab3d]:main():gmm-acc-mllt.cc:108) Average like for this file is -49.053 over 532 frames.
LOG (gmm-acc-mllt[5.4.140~1-1ab3d]:main():gmm-acc-mllt.cc:108) Average like for this file is -46.3511 over 355 frames.
LOG (gmm-acc-mllt[5.4.140~1-1ab3d]:main():gmm-acc-mllt.cc:114) Avg like per frame so far is -50.1853
LOG (gmm-acc-mllt[5.4.140~1-1ab3d]:main():gmm-acc-mllt.cc:108) Average like for this file is -52.257 over 409 frames.
LOG (gmm-acc-mllt[5.4.140~1-1ab3d]:main():gmm-acc-mllt.cc:108) Average like for this file is -53.2032 over 362 frames.
LOG (gmm-acc-mllt[5.4.140~1-1ab3d]:main():gmm-acc-mllt.cc:108) Average like for this file is -51.7814 over 526 frames.
LOG (gmm-acc-mllt[5.4.140~1-1ab3d]:main():gmm-acc-mllt.cc:108) Average like for this file is -48.8766 over 346 frames.
LOG (gmm-acc-mllt[5.4.140~1-1ab3d]:main():gmm-acc-mllt.cc:108) Average like for this file is -53.0072 over 797 frames.
LOG (gmm-acc-mllt[5.4.140~1-1ab3d]:main():gmm-acc-mllt.cc:108) Average like for this file is -52.9205 over 410 frames.
LOG (gmm-acc-mllt[5.4.140~1-1ab3d]:main():gmm-acc-mllt.cc:108) Average like for this file is -53.3742 over 644 frames.
LOG (gmm-acc-mllt[5.4.140~1-1ab3d]:main():gmm-acc-mllt.cc:108) Average like for this file is -52.852 over 546 frames.
LOG (gmm-acc-mllt[5.4.140~1-1ab3d]:main():gmm-acc-mllt.cc:108) Average like for this file is -52.7959 over 373 frames.
LOG (gmm-acc-mllt[5.4.140~1-1ab3d]:main():gmm-acc-mllt.cc:108) Average like for this file is -54.4088 over 607 frames.
LOG (gmm-acc-mllt[5.4.140~1-1ab3d]:main():gmm-acc-mllt.cc:114) Avg like per frame so far is -50.4845
LOG (gmm-acc-mllt[5.4.140~1-1ab3d]:main():gmm-acc-mllt.cc:108) Average like for this file is -54.3033 over 725 frames.
LOG (gmm-acc-mllt[5.4.140~1-1ab3d]:main():gmm-acc-mllt.cc:108) Average like for this file is -52.7308 over 188 frames.
LOG (gmm-acc-mllt[5.4.140~1-1ab3d]:main():gmm-acc-mllt.cc:108) Average like for this file is -50.8246 over 441 frames.
LOG (gmm-acc-mllt[5.4.140~1-1ab3d]:main():gmm-acc-mllt.cc:108) Average like for this file is -50.7427 over 514 frames.
LOG (gmm-acc-mllt[5.4.140~1-1ab3d]:main():gmm-acc-mllt.cc:108) Average like for this file is -50.745 over 290 frames.
LOG (gmm-acc-mllt[5.4.140~1-1ab3d]:main():gmm-acc-mllt.cc:108) Average like for this file is -49.8179 over 383 frames.
LOG (gmm-acc-mllt[5.4.140~1-1ab3d]:main():gmm-acc-mllt.cc:108) Average like for this file is -53.417 over 389 frames.
LOG (gmm-acc-mllt[5.4.140~1-1ab3d]:main():gmm-acc-mllt.cc:108) Average like for this file is -53.1692 over 412 frames.
LOG (gmm-acc-mllt[5.4.140~1-1ab3d]:main():gmm-acc-mllt.cc:108) Average like for this file is -47.9898 over 875 frames.
LOG (gmm-acc-mllt[5.4.140~1-1ab3d]:main():gmm-acc-mllt.cc:108) Average like for this file is -50.3737 over 573 frames.
LOG (gmm-acc-mllt[5.4.140~1-1ab3d]:main():gmm-acc-mllt.cc:114) Avg like per frame so far is -50.554
LOG (gmm-acc-mllt[5.4.140~1-1ab3d]:main():gmm-acc-mllt.cc:108) Average like for this file is -49.7531 over 485 frames.
LOG (gmm-acc-mllt[5.4.140~1-1ab3d]:main():gmm-acc-mllt.cc:108) Average like for this file is -48.5748 over 817 frames.
LOG (gmm-acc-mllt[5.4.140~1-1ab3d]:main():gmm-acc-mllt.cc:108) Average like for this file is -50.7818 over 829 frames.
LOG (gmm-acc-mllt[5.4.140~1-1ab3d]:main():gmm-acc-mllt.cc:108) Average like for this file is -47.4249 over 647 frames.
LOG (gmm-acc-mllt[5.4.140~1-1ab3d]:main():gmm-acc-mllt.cc:108) Average like for this file is -52.2196 over 680 frames.
LOG (gmm-acc-mllt[5.4.140~1-1ab3d]:main():gmm-acc-mllt.cc:108) Average like for this file is -51.4865 over 506 frames.
LOG (gmm-acc-mllt[5.4.140~1-1ab3d]:main():gmm-acc-mllt.cc:108) Average like for this file is -56.7642 over 569 frames.
LOG (gmm-acc-mllt[5.4.140~1-1ab3d]:main():gmm-acc-mllt.cc:108) Average like for this file is -52.5387 over 176 frames.
LOG (gmm-acc-mllt[5.4.140~1-1ab3d]:main():gmm-acc-mllt.cc:108) Average like for this file is -55.2082 over 341 frames.
LOG (gmm-acc-mllt[5.4.140~1-1ab3d]:main():gmm-acc-mllt.cc:108) Average like for this file is -44.9224 over 421 frames.
LOG (gmm-acc-mllt[5.4.140~1-1ab3d]:main():gmm-acc-mllt.cc:114) Avg like per frame so far is -50.5703
LOG (gmm-acc-mllt[5.4.140~1-1ab3d]:main():gmm-acc-mllt.cc:108) Average like for this file is -52.3159 over 365 frames.
LOG (gmm-acc-mllt[5.4.140~1-1ab3d]:main():gmm-acc-mllt.cc:108) Average like for this file is -50.6416 over 438 frames.
LOG (gmm-acc-mllt[5.4.140~1-1ab3d]:main():gmm-acc-mllt.cc:108) Average like for this file is -53.5225 over 621 frames.
LOG (gmm-acc-mllt[5.4.140~1-1ab3d]:main():gmm-acc-mllt.cc:108) Average like for this file is -53.9376 over 233 frames.
LOG (gmm-acc-mllt[5.4.140~1-1ab3d]:main():gmm-acc-mllt.cc:108) Average like for this file is -49.0442 over 860 frames.
LOG (gmm-acc-mllt[5.4.140~1-1ab3d]:main():gmm-acc-mllt.cc:108) Average like for this file is -45.5642 over 518 frames.
LOG (gmm-acc-mllt[5.4.140~1-1ab3d]:main():gmm-acc-mllt.cc:108) Average like for this file is -45.5555 over 406 frames.
LOG (gmm-acc-mllt[5.4.140~1-1ab3d]:main():gmm-acc-mllt.cc:108) Average like for this file is -49.9111 over 503 frames.
LOG (gmm-acc-mllt[5.4.140~1-1ab3d]:main():gmm-acc-mllt.cc:108) Average like for this file is -48.1295 over 489 frames.
LOG (gmm-acc-mllt[5.4.140~1-1ab3d]:main():gmm-acc-mllt.cc:108) Average like for this file is -46.6855 over 409 frames.
LOG (gmm-acc-mllt[5.4.140~1-1ab3d]:main():gmm-acc-mllt.cc:114) Avg like per frame so far is -50.4703
LOG (gmm-acc-mllt[5.4.140~1-1ab3d]:main():gmm-acc-mllt.cc:108) Average like for this file is -53.2582 over 434 frames.
LOG (gmm-acc-mllt[5.4.140~1-1ab3d]:main():gmm-acc-mllt.cc:108) Average like for this file is -51.1635 over 615 frames.
LOG (gmm-acc-mllt[5.4.140~1-1ab3d]:main():gmm-acc-mllt.cc:108) Average like for this file is -49.2512 over 541 frames.
LOG (gmm-acc-mllt[5.4.140~1-1ab3d]:main():gmm-acc-mllt.cc:108) Average like for this file is -51.0583 over 192 frames.
LOG (gmm-acc-mllt[5.4.140~1-1ab3d]:main():gmm-acc-mllt.cc:108) Average like for this file is -48.4273 over 538 frames.
LOG (gmm-acc-mllt[5.4.140~1-1ab3d]:main():gmm-acc-mllt.cc:108) Average like for this file is -49.0022 over 321 frames.
LOG (gmm-acc-mllt[5.4.140~1-1ab3d]:main():gmm-acc-mllt.cc:108) Average like for this file is -47.054 over 357 frames.
LOG (gmm-acc-mllt[5.4.140~1-1ab3d]:main():gmm-acc-mllt.cc:108) Average like for this file is -47.1856 over 538 frames.
LOG (gmm-acc-mllt[5.4.140~1-1ab3d]:main():gmm-acc-mllt.cc:108) Average like for this file is -47.9924 over 502 frames.
LOG (gmm-acc-mllt[5.4.140~1-1ab3d]:main():gmm-acc-mllt.cc:108) Average like for this file is -52.9748 over 431 frames.
LOG (gmm-acc-mllt[5.4.140~1-1ab3d]:main():gmm-acc-mllt.cc:114) Avg like per frame so far is -50.4119
LOG (gmm-acc-mllt[5.4.140~1-1ab3d]:main():gmm-acc-mllt.cc:108) Average like for this file is -51.094 over 769 frames.
LOG (gmm-acc-mllt[5.4.140~1-1ab3d]:main():gmm-acc-mllt.cc:108) Average like for this file is -55.2785 over 377 frames.
LOG (gmm-acc-mllt[5.4.140~1-1ab3d]:main():gmm-acc-mllt.cc:108) Average like for this file is -54.1584 over 497 frames.
LOG (gmm-acc-mllt[5.4.140~1-1ab3d]:main():gmm-acc-mllt.cc:108) Average like for this file is -52.9652 over 697 frames.
LOG (gmm-acc-mllt[5.4.140~1-1ab3d]:main():gmm-acc-mllt.cc:108) Average like for this file is -50.5205 over 422 frames.
LOG (gmm-acc-mllt[5.4.140~1-1ab3d]:main():gmm-acc-mllt.cc:108) Average like for this file is -49.5476 over 521 frames.
LOG (gmm-acc-mllt[5.4.140~1-1ab3d]:main():gmm-acc-mllt.cc:108) Average like for this file is -55.2697 over 479 frames.
LOG (gmm-acc-mllt[5.4.140~1-1ab3d]:main():gmm-acc-mllt.cc:108) Average like for this file is -53.7815 over 404 frames.
LOG (gmm-acc-mllt[5.4.140~1-1ab3d]:main():gmm-acc-mllt.cc:108) Average like for this file is -52.455 over 532 frames.
LOG (gmm-acc-mllt[5.4.140~1-1ab3d]:main():gmm-acc-mllt.cc:108) Average like for this file is -50.0101 over 432 frames.
LOG (gmm-acc-mllt[5.4.140~1-1ab3d]:main():gmm-acc-mllt.cc:114) Avg like per frame so far is -50.5634
LOG (gmm-acc-mllt[5.4.140~1-1ab3d]:main():gmm-acc-mllt.cc:108) Average like for this file is -52.8031 over 393 frames.
LOG (gmm-acc-mllt[5.4.140~1-1ab3d]:main():gmm-acc-mllt.cc:108) Average like for this file is -51.2062 over 473 frames.
LOG (gmm-acc-mllt[5.4.140~1-1ab3d]:main():gmm-acc-mllt.cc:108) Average like for this file is -51.4662 over 570 frames.
LOG (gmm-acc-mllt[5.4.140~1-1ab3d]:main():gmm-acc-mllt.cc:108) Average like for this file is -52.8105 over 579 frames.
LOG (gmm-acc-mllt[5.4.140~1-1ab3d]:main():gmm-acc-mllt.cc:108) Average like for this file is -53.7265 over 751 frames.
LOG (gmm-acc-mllt[5.4.140~1-1ab3d]:main():gmm-acc-mllt.cc:108) Average like for this file is -52.3339 over 646 frames.
LOG (gmm-acc-mllt[5.4.140~1-1ab3d]:main():gmm-acc-mllt.cc:108) Average like for this file is -51.522 over 424 frames.
LOG (gmm-acc-mllt[5.4.140~1-1ab3d]:main():gmm-acc-mllt.cc:108) Average like for this file is -47.2306 over 443 frames.
LOG (gmm-acc-mllt[5.4.140~1-1ab3d]:main():gmm-acc-mllt.cc:108) Average like for this file is -50.6475 over 677 frames.
LOG (gmm-acc-mllt[5.4.140~1-1ab3d]:main():gmm-acc-mllt.cc:108) Average like for this file is -51.5537 over 700 frames.
LOG (gmm-acc-mllt[5.4.140~1-1ab3d]:main():gmm-acc-mllt.cc:114) Avg like per frame so far is -50.6484
LOG (gmm-acc-mllt[5.4.140~1-1ab3d]:main():gmm-acc-mllt.cc:108) Average like for this file is -52.2067 over 426 frames.
LOG (gmm-acc-mllt[5.4.140~1-1ab3d]:main():gmm-acc-mllt.cc:108) Average like for this file is -50.0495 over 572 frames.
LOG (gmm-acc-mllt[5.4.140~1-1ab3d]:main():gmm-acc-mllt.cc:108) Average like for this file is -51.8305 over 326 frames.
LOG (gmm-acc-mllt[5.4.140~1-1ab3d]:main():gmm-acc-mllt.cc:108) Average like for this file is -53.3605 over 486 frames.
LOG (gmm-acc-mllt[5.4.140~1-1ab3d]:main():gmm-acc-mllt.cc:108) Average like for this file is -46.1012 over 617 frames.
LOG (gmm-acc-mllt[5.4.140~1-1ab3d]:main():gmm-acc-mllt.cc:108) Average like for this file is -51.7181 over 255 frames.
LOG (gmm-acc-mllt[5.4.140~1-1ab3d]:main():gmm-acc-mllt.cc:108) Average like for this file is -49.9005 over 421 frames.
LOG (gmm-acc-mllt[5.4.140~1-1ab3d]:main():gmm-acc-mllt.cc:108) Average like for this file is -49.9199 over 440 frames.
LOG (gmm-acc-mllt[5.4.140~1-1ab3d]:main():gmm-acc-mllt.cc:108) Average like for this file is -48.092 over 652 frames.
LOG (gmm-acc-mllt[5.4.140~1-1ab3d]:main():gmm-acc-mllt.cc:108) Average like for this file is -52.9462 over 519 frames.
LOG (gmm-acc-mllt[5.4.140~1-1ab3d]:main():gmm-acc-mllt.cc:114) Avg like per frame so far is -50.6276
LOG (gmm-acc-mllt[5.4.140~1-1ab3d]:main():gmm-acc-mllt.cc:108) Average like for this file is -51.3652 over 356 frames.
LOG (gmm-acc-mllt[5.4.140~1-1ab3d]:main():gmm-acc-mllt.cc:108) Average like for this file is -50.4932 over 649 frames.
LOG (gmm-acc-mllt[5.4.140~1-1ab3d]:main():gmm-acc-mllt.cc:108) Average like for this file is -50.835 over 736 frames.
LOG (gmm-acc-mllt[5.4.140~1-1ab3d]:main():gmm-acc-mllt.cc:108) Average like for this file is -48.0683 over 243 frames.
LOG (gmm-acc-mllt[5.4.140~1-1ab3d]:main():gmm-acc-mllt.cc:108) Average like for this file is -51.7763 over 688 frames.
LOG (gmm-acc-mllt[5.4.140~1-1ab3d]:main():gmm-acc-mllt.cc:108) Average like for this file is -47.5628 over 367 frames.
LOG (gmm-acc-mllt[5.4.140~1-1ab3d]:main():gmm-acc-mllt.cc:108) Average like for this file is -51.472 over 409 frames.
LOG (gmm-acc-mllt[5.4.140~1-1ab3d]:main():gmm-acc-mllt.cc:108) Average like for this file is -49.9437 over 255 frames.
LOG (gmm-acc-mllt[5.4.140~1-1ab3d]:main():gmm-acc-mllt.cc:108) Average like for this file is -50.5961 over 530 frames.
LOG (gmm-acc-mllt[5.4.140~1-1ab3d]:main():gmm-acc-mllt.cc:108) Average like for this file is -51.5293 over 328 frames.
LOG (gmm-acc-mllt[5.4.140~1-1ab3d]:main():gmm-acc-mllt.cc:114) Avg like per frame so far is -50.6254
LOG (gmm-acc-mllt[5.4.140~1-1ab3d]:main():gmm-acc-mllt.cc:108) Average like for this file is -49.1705 over 312 frames.
LOG (gmm-acc-mllt[5.4.140~1-1ab3d]:main():gmm-acc-mllt.cc:108) Average like for this file is -49.1746 over 395 frames.
LOG (gmm-acc-mllt[5.4.140~1-1ab3d]:main():gmm-acc-mllt.cc:108) Average like for this file is -48.1886 over 733 frames.
LOG (gmm-acc-mllt[5.4.140~1-1ab3d]:main():gmm-acc-mllt.cc:108) Average like for this file is -48.4759 over 368 frames.
LOG (gmm-acc-mllt[5.4.140~1-1ab3d]:main():gmm-acc-mllt.cc:108) Average like for this file is -52.051 over 346 frames.
LOG (gmm-acc-mllt[5.4.140~1-1ab3d]:main():gmm-acc-mllt.cc:108) Average like for this file is -49.0792 over 621 frames.
LOG (gmm-acc-mllt[5.4.140~1-1ab3d]:main():gmm-acc-mllt.cc:108) Average like for this file is -48.253 over 378 frames.
LOG (gmm-acc-mllt[5.4.140~1-1ab3d]:main():gmm-acc-mllt.cc:108) Average like for this file is -48.3882 over 451 frames.
LOG (gmm-acc-mllt[5.4.140~1-1ab3d]:main():gmm-acc-mllt.cc:108) Average like for this file is -49.3513 over 857 frames.
LOG (ali-to-post[5.4.140~1-1ab3d]:main():ali-to-post.cc:73) Converted 184 alignments.
LOG (gmm-acc-mllt[5.4.140~1-1ab3d]:main():gmm-acc-mllt.cc:108) Average like for this file is -43.6131 over 371 frames.
LOG (gmm-acc-mllt[5.4.140~1-1ab3d]:main():gmm-acc-mllt.cc:114) Avg like per frame so far is -50.5143
LOG (gmm-acc-mllt[5.4.140~1-1ab3d]:main():gmm-acc-mllt.cc:108) Average like for this file is -46.7657 over 798 frames.
LOG (gmm-acc-mllt[5.4.140~1-1ab3d]:main():gmm-acc-mllt.cc:108) Average like for this file is -49.3663 over 799 frames.
LOG (gmm-acc-mllt[5.4.140~1-1ab3d]:main():gmm-acc-mllt.cc:108) Average like for this file is -52.2465 over 514 frames.
LOG (gmm-acc-mllt[5.4.140~1-1ab3d]:main():gmm-acc-mllt.cc:108) Average like for this file is -51.9115 over 698 frames.
LOG (gmm-acc-mllt[5.4.140~1-1ab3d]:main():gmm-acc-mllt.cc:108) Average like for this file is -46.5466 over 441 frames.
LOG (gmm-acc-mllt[5.4.140~1-1ab3d]:main():gmm-acc-mllt.cc:108) Average like for this file is -50.4334 over 615 frames.
LOG (gmm-acc-mllt[5.4.140~1-1ab3d]:main():gmm-acc-mllt.cc:108) Average like for this file is -55.9902 over 684 frames.
LOG (weight-silence-post[5.4.140~1-1ab3d]:main():weight-silence-post.cc:95) Done 184 posteriors.
LOG (gmm-acc-mllt[5.4.140~1-1ab3d]:main():gmm-acc-mllt.cc:108) Average like for this file is -47.4591 over 330 frames.
LOG (gmm-acc-mllt[5.4.140~1-1ab3d]:main():gmm-acc-mllt.cc:108) Average like for this file is -53.2095 over 651 frames.
LOG (apply-cmvn[5.4.140~1-1ab3d]:main():apply-cmvn.cc:162) Applied cepstral mean normalization to 184 utterances, errors on 0
LOG (gmm-acc-mllt[5.4.140~1-1ab3d]:main():gmm-acc-mllt.cc:108) Average like for this file is -52.37 over 694 frames.
LOG (gmm-acc-mllt[5.4.140~1-1ab3d]:main():gmm-acc-mllt.cc:114) Avg like per frame so far is -50.5351
LOG (gmm-acc-mllt[5.4.140~1-1ab3d]:main():gmm-acc-mllt.cc:108) Average like for this file is -51.7195 over 453 frames.
LOG (gmm-acc-mllt[5.4.140~1-1ab3d]:main():gmm-acc-mllt.cc:108) Average like for this file is -51.4303 over 510 frames.
LOG (gmm-acc-mllt[5.4.140~1-1ab3d]:main():gmm-acc-mllt.cc:108) Average like for this file is -52.1323 over 498 frames.
LOG (transform-feats[5.4.140~1-1ab3d]:main():transform-feats.cc:158) Overall average [pseudo-]logdet is -75.5721 over 110031 frames.
LOG (transform-feats[5.4.140~1-1ab3d]:main():transform-feats.cc:161) Applied transform to 184 utterances; 0 had errors.
LOG (gmm-acc-mllt[5.4.140~1-1ab3d]:main():gmm-acc-mllt.cc:108) Average like for this file is -54.9487 over 400 frames.
LOG (gmm-acc-mllt[5.4.140~1-1ab3d]:main():gmm-acc-mllt.cc:119) Done 184 files, 0 with no posteriors, 0 with other errors.
LOG (gmm-acc-mllt[5.4.140~1-1ab3d]:main():gmm-acc-mllt.cc:123) Overall avg like per frame (Gaussian only) = -50.5724 over 95145 frames.
LOG (gmm-acc-mllt[5.4.140~1-1ab3d]:main():gmm-acc-mllt.cc:127) Written accs.
# Accounting: time=3 threads=1
# Ended (code 0) at Mon Jun 18 22:22:38 CST 2018, elapsed time 3 seconds
