# ali-to-post "ark:gunzip -c exp/tri2/ali.14.gz|" ark:- | weight-silence-post 0.0 1 exp/tri2/4.mdl ark:- ark:- | gmm-acc-mllt --rand-prune=4.0 exp/tri2/4.mdl "ark,s,cs:apply-cmvn  --utt2spk=ark:data/train/split20/14/utt2spk scp:data/train/split20/14/cmvn.scp scp:data/train/split20/14/feats.scp ark:- | splice-feats --left-context=3 --right-context=3 ark:- ark:- | transform-feats exp/tri2/2.mat ark:- ark:- |" ark:- exp/tri2/4.14.macc 
# Started at Mon Jun 18 22:22:29 CST 2018
#
ali-to-post 'ark:gunzip -c exp/tri2/ali.14.gz|' ark:- 
gmm-acc-mllt --rand-prune=4.0 exp/tri2/4.mdl 'ark,s,cs:apply-cmvn  --utt2spk=ark:data/train/split20/14/utt2spk scp:data/train/split20/14/cmvn.scp scp:data/train/split20/14/feats.scp ark:- | splice-feats --left-context=3 --right-context=3 ark:- ark:- | transform-feats exp/tri2/2.mat ark:- ark:- |' ark:- exp/tri2/4.14.macc 
weight-silence-post 0.0 1 exp/tri2/4.mdl ark:- ark:- 
splice-feats --left-context=3 --right-context=3 ark:- ark:- 
apply-cmvn --utt2spk=ark:data/train/split20/14/utt2spk scp:data/train/split20/14/cmvn.scp scp:data/train/split20/14/feats.scp ark:- 
transform-feats exp/tri2/2.mat ark:- ark:- 
LOG (gmm-acc-mllt[5.4.140~1-1ab3d]:main():gmm-acc-mllt.cc:108) Average like for this file is -50.9933 over 850 frames.
LOG (gmm-acc-mllt[5.4.140~1-1ab3d]:main():gmm-acc-mllt.cc:108) Average like for this file is -44.318 over 265 frames.
LOG (gmm-acc-mllt[5.4.140~1-1ab3d]:main():gmm-acc-mllt.cc:108) Average like for this file is -47.6809 over 328 frames.
LOG (gmm-acc-mllt[5.4.140~1-1ab3d]:main():gmm-acc-mllt.cc:108) Average like for this file is -52.8709 over 437 frames.
LOG (gmm-acc-mllt[5.4.140~1-1ab3d]:main():gmm-acc-mllt.cc:108) Average like for this file is -50.3784 over 556 frames.
LOG (gmm-acc-mllt[5.4.140~1-1ab3d]:main():gmm-acc-mllt.cc:108) Average like for this file is -50.8014 over 802 frames.
LOG (gmm-acc-mllt[5.4.140~1-1ab3d]:main():gmm-acc-mllt.cc:108) Average like for this file is -51.4197 over 559 frames.
LOG (gmm-acc-mllt[5.4.140~1-1ab3d]:main():gmm-acc-mllt.cc:108) Average like for this file is -52.6327 over 644 frames.
LOG (gmm-acc-mllt[5.4.140~1-1ab3d]:main():gmm-acc-mllt.cc:108) Average like for this file is -53.8256 over 696 frames.
LOG (gmm-acc-mllt[5.4.140~1-1ab3d]:main():gmm-acc-mllt.cc:108) Average like for this file is -56.6375 over 686 frames.
LOG (gmm-acc-mllt[5.4.140~1-1ab3d]:main():gmm-acc-mllt.cc:114) Avg like per frame so far is -51.7844
LOG (gmm-acc-mllt[5.4.140~1-1ab3d]:main():gmm-acc-mllt.cc:108) Average like for this file is -54.0103 over 746 frames.
LOG (gmm-acc-mllt[5.4.140~1-1ab3d]:main():gmm-acc-mllt.cc:108) Average like for this file is -53.7611 over 538 frames.
LOG (gmm-acc-mllt[5.4.140~1-1ab3d]:main():gmm-acc-mllt.cc:108) Average like for this file is -51.0027 over 175 frames.
LOG (gmm-acc-mllt[5.4.140~1-1ab3d]:main():gmm-acc-mllt.cc:108) Average like for this file is -52.2204 over 300 frames.
LOG (gmm-acc-mllt[5.4.140~1-1ab3d]:main():gmm-acc-mllt.cc:108) Average like for this file is -54.1876 over 471 frames.
LOG (gmm-acc-mllt[5.4.140~1-1ab3d]:main():gmm-acc-mllt.cc:108) Average like for this file is -56.1044 over 418 frames.
LOG (gmm-acc-mllt[5.4.140~1-1ab3d]:main():gmm-acc-mllt.cc:108) Average like for this file is -53.484 over 437 frames.
LOG (gmm-acc-mllt[5.4.140~1-1ab3d]:main():gmm-acc-mllt.cc:108) Average like for this file is -53.074 over 834 frames.
LOG (gmm-acc-mllt[5.4.140~1-1ab3d]:main():gmm-acc-mllt.cc:108) Average like for this file is -55.8285 over 775 frames.
LOG (gmm-acc-mllt[5.4.140~1-1ab3d]:main():gmm-acc-mllt.cc:108) Average like for this file is -54.6837 over 408 frames.
LOG (gmm-acc-mllt[5.4.140~1-1ab3d]:main():gmm-acc-mllt.cc:114) Avg like per frame so far is -52.8637
LOG (gmm-acc-mllt[5.4.140~1-1ab3d]:main():gmm-acc-mllt.cc:108) Average like for this file is -52.3782 over 479 frames.
LOG (gmm-acc-mllt[5.4.140~1-1ab3d]:main():gmm-acc-mllt.cc:108) Average like for this file is -48.5911 over 347 frames.
LOG (gmm-acc-mllt[5.4.140~1-1ab3d]:main():gmm-acc-mllt.cc:108) Average like for this file is -56.7882 over 422 frames.
LOG (gmm-acc-mllt[5.4.140~1-1ab3d]:main():gmm-acc-mllt.cc:108) Average like for this file is -55.1574 over 530 frames.
LOG (gmm-acc-mllt[5.4.140~1-1ab3d]:main():gmm-acc-mllt.cc:108) Average like for this file is -54.4276 over 781 frames.
LOG (gmm-acc-mllt[5.4.140~1-1ab3d]:main():gmm-acc-mllt.cc:108) Average like for this file is -50.64 over 369 frames.
LOG (gmm-acc-mllt[5.4.140~1-1ab3d]:main():gmm-acc-mllt.cc:108) Average like for this file is -58.1413 over 728 frames.
LOG (gmm-acc-mllt[5.4.140~1-1ab3d]:main():gmm-acc-mllt.cc:108) Average like for this file is -55.6523 over 506 frames.
LOG (gmm-acc-mllt[5.4.140~1-1ab3d]:main():gmm-acc-mllt.cc:108) Average like for this file is -55.7816 over 421 frames.
LOG (gmm-acc-mllt[5.4.140~1-1ab3d]:main():gmm-acc-mllt.cc:108) Average like for this file is -54.4959 over 447 frames.
LOG (gmm-acc-mllt[5.4.140~1-1ab3d]:main():gmm-acc-mllt.cc:114) Avg like per frame so far is -53.4133
LOG (gmm-acc-mllt[5.4.140~1-1ab3d]:main():gmm-acc-mllt.cc:108) Average like for this file is -55.2521 over 532 frames.
LOG (gmm-acc-mllt[5.4.140~1-1ab3d]:main():gmm-acc-mllt.cc:108) Average like for this file is -57.6818 over 488 frames.
LOG (gmm-acc-mllt[5.4.140~1-1ab3d]:main():gmm-acc-mllt.cc:108) Average like for this file is -53.1815 over 535 frames.
LOG (gmm-acc-mllt[5.4.140~1-1ab3d]:main():gmm-acc-mllt.cc:108) Average like for this file is -49.1798 over 304 frames.
LOG (gmm-acc-mllt[5.4.140~1-1ab3d]:main():gmm-acc-mllt.cc:108) Average like for this file is -49.615 over 882 frames.
LOG (gmm-acc-mllt[5.4.140~1-1ab3d]:main():gmm-acc-mllt.cc:108) Average like for this file is -48.8921 over 805 frames.
LOG (gmm-acc-mllt[5.4.140~1-1ab3d]:main():gmm-acc-mllt.cc:108) Average like for this file is -58.5457 over 462 frames.
LOG (gmm-acc-mllt[5.4.140~1-1ab3d]:main():gmm-acc-mllt.cc:108) Average like for this file is -52.8856 over 634 frames.
LOG (gmm-acc-mllt[5.4.140~1-1ab3d]:main():gmm-acc-mllt.cc:108) Average like for this file is -50.2429 over 415 frames.
LOG (gmm-acc-mllt[5.4.140~1-1ab3d]:main():gmm-acc-mllt.cc:108) Average like for this file is -54.3501 over 519 frames.
LOG (gmm-acc-mllt[5.4.140~1-1ab3d]:main():gmm-acc-mllt.cc:114) Avg like per frame so far is -53.2214
LOG (gmm-acc-mllt[5.4.140~1-1ab3d]:main():gmm-acc-mllt.cc:108) Average like for this file is -52.4606 over 886 frames.
LOG (gmm-acc-mllt[5.4.140~1-1ab3d]:main():gmm-acc-mllt.cc:108) Average like for this file is -49.1118 over 335 frames.
LOG (gmm-acc-mllt[5.4.140~1-1ab3d]:main():gmm-acc-mllt.cc:108) Average like for this file is -50.491 over 514 frames.
LOG (gmm-acc-mllt[5.4.140~1-1ab3d]:main():gmm-acc-mllt.cc:108) Average like for this file is -52.5324 over 505 frames.
LOG (gmm-acc-mllt[5.4.140~1-1ab3d]:main():gmm-acc-mllt.cc:108) Average like for this file is -55.5519 over 522 frames.
LOG (gmm-acc-mllt[5.4.140~1-1ab3d]:main():gmm-acc-mllt.cc:108) Average like for this file is -52.7717 over 455 frames.
LOG (gmm-acc-mllt[5.4.140~1-1ab3d]:main():gmm-acc-mllt.cc:108) Average like for this file is -51.2992 over 477 frames.
LOG (gmm-acc-mllt[5.4.140~1-1ab3d]:main():gmm-acc-mllt.cc:108) Average like for this file is -53.8351 over 481 frames.
LOG (gmm-acc-mllt[5.4.140~1-1ab3d]:main():gmm-acc-mllt.cc:108) Average like for this file is -51.0318 over 459 frames.
LOG (gmm-acc-mllt[5.4.140~1-1ab3d]:main():gmm-acc-mllt.cc:108) Average like for this file is -51.6882 over 1176 frames.
LOG (gmm-acc-mllt[5.4.140~1-1ab3d]:main():gmm-acc-mllt.cc:114) Avg like per frame so far is -52.9939
LOG (gmm-acc-mllt[5.4.140~1-1ab3d]:main():gmm-acc-mllt.cc:108) Average like for this file is -47.7871 over 740 frames.
LOG (gmm-acc-mllt[5.4.140~1-1ab3d]:main():gmm-acc-mllt.cc:108) Average like for this file is -53.8242 over 592 frames.
LOG (gmm-acc-mllt[5.4.140~1-1ab3d]:main():gmm-acc-mllt.cc:108) Average like for this file is -55.5549 over 732 frames.
LOG (gmm-acc-mllt[5.4.140~1-1ab3d]:main():gmm-acc-mllt.cc:108) Average like for this file is -50.753 over 533 frames.
LOG (gmm-acc-mllt[5.4.140~1-1ab3d]:main():gmm-acc-mllt.cc:108) Average like for this file is -51.3753 over 599 frames.
LOG (gmm-acc-mllt[5.4.140~1-1ab3d]:main():gmm-acc-mllt.cc:108) Average like for this file is -49.6349 over 550 frames.
LOG (gmm-acc-mllt[5.4.140~1-1ab3d]:main():gmm-acc-mllt.cc:108) Average like for this file is -53.1166 over 400 frames.
LOG (gmm-acc-mllt[5.4.140~1-1ab3d]:main():gmm-acc-mllt.cc:108) Average like for this file is -52.8512 over 664 frames.
LOG (gmm-acc-mllt[5.4.140~1-1ab3d]:main():gmm-acc-mllt.cc:108) Average like for this file is -49.4336 over 463 frames.
LOG (gmm-acc-mllt[5.4.140~1-1ab3d]:main():gmm-acc-mllt.cc:108) Average like for this file is -55.6877 over 455 frames.
LOG (gmm-acc-mllt[5.4.140~1-1ab3d]:main():gmm-acc-mllt.cc:114) Avg like per frame so far is -52.8134
LOG (gmm-acc-mllt[5.4.140~1-1ab3d]:main():gmm-acc-mllt.cc:108) Average like for this file is -50.5143 over 235 frames.
LOG (gmm-acc-mllt[5.4.140~1-1ab3d]:main():gmm-acc-mllt.cc:108) Average like for this file is -51.5793 over 686 frames.
LOG (gmm-acc-mllt[5.4.140~1-1ab3d]:main():gmm-acc-mllt.cc:108) Average like for this file is -50.7701 over 546 frames.
LOG (gmm-acc-mllt[5.4.140~1-1ab3d]:main():gmm-acc-mllt.cc:108) Average like for this file is -52.3133 over 414 frames.
LOG (gmm-acc-mllt[5.4.140~1-1ab3d]:main():gmm-acc-mllt.cc:108) Average like for this file is -53.6835 over 804 frames.
LOG (gmm-acc-mllt[5.4.140~1-1ab3d]:main():gmm-acc-mllt.cc:108) Average like for this file is -53.1949 over 466 frames.
LOG (gmm-acc-mllt[5.4.140~1-1ab3d]:main():gmm-acc-mllt.cc:108) Average like for this file is -57.1116 over 508 frames.
LOG (gmm-acc-mllt[5.4.140~1-1ab3d]:main():gmm-acc-mllt.cc:108) Average like for this file is -53.9055 over 450 frames.
LOG (gmm-acc-mllt[5.4.140~1-1ab3d]:main():gmm-acc-mllt.cc:108) Average like for this file is -55.3527 over 825 frames.
LOG (gmm-acc-mllt[5.4.140~1-1ab3d]:main():gmm-acc-mllt.cc:108) Average like for this file is -56.7048 over 561 frames.
LOG (gmm-acc-mllt[5.4.140~1-1ab3d]:main():gmm-acc-mllt.cc:114) Avg like per frame so far is -52.9462
LOG (gmm-acc-mllt[5.4.140~1-1ab3d]:main():gmm-acc-mllt.cc:108) Average like for this file is -59.3898 over 427 frames.
LOG (gmm-acc-mllt[5.4.140~1-1ab3d]:main():gmm-acc-mllt.cc:108) Average like for this file is -56.8482 over 630 frames.
LOG (gmm-acc-mllt[5.4.140~1-1ab3d]:main():gmm-acc-mllt.cc:108) Average like for this file is -54.3888 over 783 frames.
LOG (gmm-acc-mllt[5.4.140~1-1ab3d]:main():gmm-acc-mllt.cc:108) Average like for this file is -52.123 over 409 frames.
LOG (gmm-acc-mllt[5.4.140~1-1ab3d]:main():gmm-acc-mllt.cc:108) Average like for this file is -52.1736 over 853 frames.
LOG (gmm-acc-mllt[5.4.140~1-1ab3d]:main():gmm-acc-mllt.cc:108) Average like for this file is -59.4175 over 425 frames.
LOG (gmm-acc-mllt[5.4.140~1-1ab3d]:main():gmm-acc-mllt.cc:108) Average like for this file is -51.7379 over 538 frames.
LOG (gmm-acc-mllt[5.4.140~1-1ab3d]:main():gmm-acc-mllt.cc:108) Average like for this file is -53.0628 over 512 frames.
LOG (gmm-acc-mllt[5.4.140~1-1ab3d]:main():gmm-acc-mllt.cc:108) Average like for this file is -54.558 over 396 frames.
LOG (gmm-acc-mllt[5.4.140~1-1ab3d]:main():gmm-acc-mllt.cc:108) Average like for this file is -53.5692 over 503 frames.
LOG (gmm-acc-mllt[5.4.140~1-1ab3d]:main():gmm-acc-mllt.cc:114) Avg like per frame so far is -53.1382
LOG (gmm-acc-mllt[5.4.140~1-1ab3d]:main():gmm-acc-mllt.cc:108) Average like for this file is -50.2727 over 246 frames.
LOG (gmm-acc-mllt[5.4.140~1-1ab3d]:main():gmm-acc-mllt.cc:108) Average like for this file is -49.5036 over 421 frames.
LOG (gmm-acc-mllt[5.4.140~1-1ab3d]:main():gmm-acc-mllt.cc:108) Average like for this file is -48.2493 over 923 frames.
LOG (gmm-acc-mllt[5.4.140~1-1ab3d]:main():gmm-acc-mllt.cc:108) Average like for this file is -47.5075 over 496 frames.
LOG (gmm-acc-mllt[5.4.140~1-1ab3d]:main():gmm-acc-mllt.cc:108) Average like for this file is -51.7045 over 548 frames.
LOG (gmm-acc-mllt[5.4.140~1-1ab3d]:main():gmm-acc-mllt.cc:108) Average like for this file is -52.3177 over 814 frames.
LOG (gmm-acc-mllt[5.4.140~1-1ab3d]:main():gmm-acc-mllt.cc:108) Average like for this file is -53.1999 over 539 frames.
LOG (gmm-acc-mllt[5.4.140~1-1ab3d]:main():gmm-acc-mllt.cc:108) Average like for this file is -52.1618 over 686 frames.
LOG (gmm-acc-mllt[5.4.140~1-1ab3d]:main():gmm-acc-mllt.cc:108) Average like for this file is -51.2088 over 511 frames.
LOG (gmm-acc-mllt[5.4.140~1-1ab3d]:main():gmm-acc-mllt.cc:108) Average like for this file is -52.9918 over 755 frames.
LOG (gmm-acc-mllt[5.4.140~1-1ab3d]:main():gmm-acc-mllt.cc:114) Avg like per frame so far is -52.8836
LOG (gmm-acc-mllt[5.4.140~1-1ab3d]:main():gmm-acc-mllt.cc:108) Average like for this file is -53.0055 over 478 frames.
LOG (gmm-acc-mllt[5.4.140~1-1ab3d]:main():gmm-acc-mllt.cc:108) Average like for this file is -54.4087 over 781 frames.
LOG (gmm-acc-mllt[5.4.140~1-1ab3d]:main():gmm-acc-mllt.cc:108) Average like for this file is -51.7478 over 568 frames.
LOG (gmm-acc-mllt[5.4.140~1-1ab3d]:main():gmm-acc-mllt.cc:108) Average like for this file is -54.0778 over 554 frames.
LOG (gmm-acc-mllt[5.4.140~1-1ab3d]:main():gmm-acc-mllt.cc:108) Average like for this file is -56.3128 over 734 frames.
LOG (gmm-acc-mllt[5.4.140~1-1ab3d]:main():gmm-acc-mllt.cc:108) Average like for this file is -56.7641 over 476 frames.
LOG (gmm-acc-mllt[5.4.140~1-1ab3d]:main():gmm-acc-mllt.cc:108) Average like for this file is -56.303 over 669 frames.
LOG (gmm-acc-mllt[5.4.140~1-1ab3d]:main():gmm-acc-mllt.cc:108) Average like for this file is -48.4566 over 372 frames.
LOG (gmm-acc-mllt[5.4.140~1-1ab3d]:main():gmm-acc-mllt.cc:108) Average like for this file is -52.2815 over 320 frames.
LOG (gmm-acc-mllt[5.4.140~1-1ab3d]:main():gmm-acc-mllt.cc:108) Average like for this file is -55.0475 over 347 frames.
LOG (gmm-acc-mllt[5.4.140~1-1ab3d]:main():gmm-acc-mllt.cc:114) Avg like per frame so far is -53.0071
LOG (gmm-acc-mllt[5.4.140~1-1ab3d]:main():gmm-acc-mllt.cc:108) Average like for this file is -54.8339 over 617 frames.
LOG (gmm-acc-mllt[5.4.140~1-1ab3d]:main():gmm-acc-mllt.cc:108) Average like for this file is -53.3368 over 456 frames.
LOG (gmm-acc-mllt[5.4.140~1-1ab3d]:main():gmm-acc-mllt.cc:108) Average like for this file is -50.2807 over 323 frames.
LOG (gmm-acc-mllt[5.4.140~1-1ab3d]:main():gmm-acc-mllt.cc:108) Average like for this file is -53.1396 over 537 frames.
LOG (gmm-acc-mllt[5.4.140~1-1ab3d]:main():gmm-acc-mllt.cc:108) Average like for this file is -49.7172 over 683 frames.
LOG (gmm-acc-mllt[5.4.140~1-1ab3d]:main():gmm-acc-mllt.cc:108) Average like for this file is -45.236 over 881 frames.
LOG (gmm-acc-mllt[5.4.140~1-1ab3d]:main():gmm-acc-mllt.cc:108) Average like for this file is -50.3896 over 276 frames.
LOG (gmm-acc-mllt[5.4.140~1-1ab3d]:main():gmm-acc-mllt.cc:108) Average like for this file is -48.6513 over 1031 frames.
LOG (gmm-acc-mllt[5.4.140~1-1ab3d]:main():gmm-acc-mllt.cc:108) Average like for this file is -47.2806 over 546 frames.
LOG (gmm-acc-mllt[5.4.140~1-1ab3d]:main():gmm-acc-mllt.cc:108) Average like for this file is -49.0855 over 799 frames.
LOG (gmm-acc-mllt[5.4.140~1-1ab3d]:main():gmm-acc-mllt.cc:114) Avg like per frame so far is -52.6799
LOG (gmm-acc-mllt[5.4.140~1-1ab3d]:main():gmm-acc-mllt.cc:108) Average like for this file is -48.7978 over 454 frames.
LOG (gmm-acc-mllt[5.4.140~1-1ab3d]:main():gmm-acc-mllt.cc:108) Average like for this file is -52.1753 over 675 frames.
LOG (gmm-acc-mllt[5.4.140~1-1ab3d]:main():gmm-acc-mllt.cc:108) Average like for this file is -58.2301 over 387 frames.
LOG (gmm-acc-mllt[5.4.140~1-1ab3d]:main():gmm-acc-mllt.cc:108) Average like for this file is -48.3744 over 267 frames.
LOG (gmm-acc-mllt[5.4.140~1-1ab3d]:main():gmm-acc-mllt.cc:108) Average like for this file is -55.7787 over 822 frames.
LOG (gmm-acc-mllt[5.4.140~1-1ab3d]:main():gmm-acc-mllt.cc:108) Average like for this file is -55.116 over 731 frames.
LOG (gmm-acc-mllt[5.4.140~1-1ab3d]:main():gmm-acc-mllt.cc:108) Average like for this file is -54.9393 over 701 frames.
LOG (gmm-acc-mllt[5.4.140~1-1ab3d]:main():gmm-acc-mllt.cc:108) Average like for this file is -55.2749 over 620 frames.
LOG (gmm-acc-mllt[5.4.140~1-1ab3d]:main():gmm-acc-mllt.cc:108) Average like for this file is -54.536 over 611 frames.
LOG (gmm-acc-mllt[5.4.140~1-1ab3d]:main():gmm-acc-mllt.cc:108) Average like for this file is -58.6787 over 482 frames.
LOG (gmm-acc-mllt[5.4.140~1-1ab3d]:main():gmm-acc-mllt.cc:114) Avg like per frame so far is -52.8353
LOG (gmm-acc-mllt[5.4.140~1-1ab3d]:main():gmm-acc-mllt.cc:108) Average like for this file is -51.6053 over 802 frames.
LOG (gmm-acc-mllt[5.4.140~1-1ab3d]:main():gmm-acc-mllt.cc:108) Average like for this file is -52.5118 over 409 frames.
LOG (gmm-acc-mllt[5.4.140~1-1ab3d]:main():gmm-acc-mllt.cc:108) Average like for this file is -52.7753 over 502 frames.
LOG (gmm-acc-mllt[5.4.140~1-1ab3d]:main():gmm-acc-mllt.cc:108) Average like for this file is -50.9842 over 282 frames.
LOG (gmm-acc-mllt[5.4.140~1-1ab3d]:main():gmm-acc-mllt.cc:108) Average like for this file is -50.6699 over 445 frames.
LOG (gmm-acc-mllt[5.4.140~1-1ab3d]:main():gmm-acc-mllt.cc:108) Average like for this file is -56.9533 over 555 frames.
LOG (gmm-acc-mllt[5.4.140~1-1ab3d]:main():gmm-acc-mllt.cc:108) Average like for this file is -55.5933 over 680 frames.
LOG (gmm-acc-mllt[5.4.140~1-1ab3d]:main():gmm-acc-mllt.cc:108) Average like for this file is -54.1349 over 356 frames.
LOG (gmm-acc-mllt[5.4.140~1-1ab3d]:main():gmm-acc-mllt.cc:108) Average like for this file is -52.7639 over 667 frames.
LOG (gmm-acc-mllt[5.4.140~1-1ab3d]:main():gmm-acc-mllt.cc:108) Average like for this file is -55.0542 over 241 frames.
LOG (gmm-acc-mllt[5.4.140~1-1ab3d]:main():gmm-acc-mllt.cc:114) Avg like per frame so far is -52.8697
LOG (gmm-acc-mllt[5.4.140~1-1ab3d]:main():gmm-acc-mllt.cc:108) Average like for this file is -52.646 over 776 frames.
LOG (gmm-acc-mllt[5.4.140~1-1ab3d]:main():gmm-acc-mllt.cc:108) Average like for this file is -56.874 over 279 frames.
LOG (gmm-acc-mllt[5.4.140~1-1ab3d]:main():gmm-acc-mllt.cc:108) Average like for this file is -50.2165 over 508 frames.
LOG (gmm-acc-mllt[5.4.140~1-1ab3d]:main():gmm-acc-mllt.cc:108) Average like for this file is -51.3979 over 533 frames.
LOG (gmm-acc-mllt[5.4.140~1-1ab3d]:main():gmm-acc-mllt.cc:108) Average like for this file is -55.6682 over 325 frames.
LOG (gmm-acc-mllt[5.4.140~1-1ab3d]:main():gmm-acc-mllt.cc:108) Average like for this file is -52.9462 over 346 frames.
LOG (gmm-acc-mllt[5.4.140~1-1ab3d]:main():gmm-acc-mllt.cc:108) Average like for this file is -53.3595 over 917 frames.
LOG (gmm-acc-mllt[5.4.140~1-1ab3d]:main():gmm-acc-mllt.cc:108) Average like for this file is -53.1727 over 356 frames.
LOG (gmm-acc-mllt[5.4.140~1-1ab3d]:main():gmm-acc-mllt.cc:108) Average like for this file is -54.3738 over 570 frames.
LOG (gmm-acc-mllt[5.4.140~1-1ab3d]:main():gmm-acc-mllt.cc:108) Average like for this file is -55.6737 over 751 frames.
LOG (gmm-acc-mllt[5.4.140~1-1ab3d]:main():gmm-acc-mllt.cc:114) Avg like per frame so far is -52.9118
LOG (gmm-acc-mllt[5.4.140~1-1ab3d]:main():gmm-acc-mllt.cc:108) Average like for this file is -51.5588 over 646 frames.
LOG (gmm-acc-mllt[5.4.140~1-1ab3d]:main():gmm-acc-mllt.cc:108) Average like for this file is -56.5357 over 524 frames.
LOG (gmm-acc-mllt[5.4.140~1-1ab3d]:main():gmm-acc-mllt.cc:108) Average like for this file is -55.1386 over 755 frames.
LOG (gmm-acc-mllt[5.4.140~1-1ab3d]:main():gmm-acc-mllt.cc:108) Average like for this file is -53.7581 over 165 frames.
LOG (gmm-acc-mllt[5.4.140~1-1ab3d]:main():gmm-acc-mllt.cc:108) Average like for this file is -48.3256 over 914 frames.
LOG (gmm-acc-mllt[5.4.140~1-1ab3d]:main():gmm-acc-mllt.cc:108) Average like for this file is -48.5748 over 327 frames.
LOG (gmm-acc-mllt[5.4.140~1-1ab3d]:main():gmm-acc-mllt.cc:108) Average like for this file is -48.4792 over 459 frames.
LOG (gmm-acc-mllt[5.4.140~1-1ab3d]:main():gmm-acc-mllt.cc:108) Average like for this file is -52.1545 over 588 frames.
LOG (gmm-acc-mllt[5.4.140~1-1ab3d]:main():gmm-acc-mllt.cc:108) Average like for this file is -42.4402 over 230 frames.
LOG (gmm-acc-mllt[5.4.140~1-1ab3d]:main():gmm-acc-mllt.cc:108) Average like for this file is -47.1536 over 643 frames.
LOG (gmm-acc-mllt[5.4.140~1-1ab3d]:main():gmm-acc-mllt.cc:114) Avg like per frame so far is -52.7746
LOG (gmm-acc-mllt[5.4.140~1-1ab3d]:main():gmm-acc-mllt.cc:108) Average like for this file is -48.5719 over 592 frames.
LOG (gmm-acc-mllt[5.4.140~1-1ab3d]:main():gmm-acc-mllt.cc:108) Average like for this file is -52.1614 over 487 frames.
LOG (gmm-acc-mllt[5.4.140~1-1ab3d]:main():gmm-acc-mllt.cc:108) Average like for this file is -47.809 over 289 frames.
LOG (gmm-acc-mllt[5.4.140~1-1ab3d]:main():gmm-acc-mllt.cc:108) Average like for this file is -47.8783 over 383 frames.
LOG (gmm-acc-mllt[5.4.140~1-1ab3d]:main():gmm-acc-mllt.cc:108) Average like for this file is -53.8623 over 470 frames.
LOG (gmm-acc-mllt[5.4.140~1-1ab3d]:main():gmm-acc-mllt.cc:108) Average like for this file is -54.0467 over 677 frames.
LOG (gmm-acc-mllt[5.4.140~1-1ab3d]:main():gmm-acc-mllt.cc:108) Average like for this file is -48.0252 over 543 frames.
LOG (gmm-acc-mllt[5.4.140~1-1ab3d]:main():gmm-acc-mllt.cc:108) Average like for this file is -52.0257 over 739 frames.
LOG (gmm-acc-mllt[5.4.140~1-1ab3d]:main():gmm-acc-mllt.cc:108) Average like for this file is -51.8074 over 683 frames.
LOG (gmm-acc-mllt[5.4.140~1-1ab3d]:main():gmm-acc-mllt.cc:108) Average like for this file is -52.9587 over 480 frames.
LOG (gmm-acc-mllt[5.4.140~1-1ab3d]:main():gmm-acc-mllt.cc:114) Avg like per frame so far is -52.6789
LOG (gmm-acc-mllt[5.4.140~1-1ab3d]:main():gmm-acc-mllt.cc:108) Average like for this file is -47.5119 over 657 frames.
LOG (gmm-acc-mllt[5.4.140~1-1ab3d]:main():gmm-acc-mllt.cc:108) Average like for this file is -48.1377 over 211 frames.
LOG (gmm-acc-mllt[5.4.140~1-1ab3d]:main():gmm-acc-mllt.cc:108) Average like for this file is -52.3687 over 363 frames.
LOG (gmm-acc-mllt[5.4.140~1-1ab3d]:main():gmm-acc-mllt.cc:108) Average like for this file is -49.8251 over 554 frames.
LOG (gmm-acc-mllt[5.4.140~1-1ab3d]:main():gmm-acc-mllt.cc:108) Average like for this file is -54.2394 over 323 frames.
LOG (gmm-acc-mllt[5.4.140~1-1ab3d]:main():gmm-acc-mllt.cc:108) Average like for this file is -50.2379 over 457 frames.
LOG (gmm-acc-mllt[5.4.140~1-1ab3d]:main():gmm-acc-mllt.cc:108) Average like for this file is -53.1237 over 402 frames.
LOG (ali-to-post[5.4.140~1-1ab3d]:main():ali-to-post.cc:73) Converted 184 alignments.
LOG (gmm-acc-mllt[5.4.140~1-1ab3d]:main():gmm-acc-mllt.cc:108) Average like for this file is -57.983 over 412 frames.
LOG (gmm-acc-mllt[5.4.140~1-1ab3d]:main():gmm-acc-mllt.cc:108) Average like for this file is -54.5427 over 676 frames.
LOG (gmm-acc-mllt[5.4.140~1-1ab3d]:main():gmm-acc-mllt.cc:108) Average like for this file is -57.44 over 137 frames.
LOG (gmm-acc-mllt[5.4.140~1-1ab3d]:main():gmm-acc-mllt.cc:114) Avg like per frame so far is -52.6531
LOG (gmm-acc-mllt[5.4.140~1-1ab3d]:main():gmm-acc-mllt.cc:108) Average like for this file is -54.614 over 698 frames.
LOG (gmm-acc-mllt[5.4.140~1-1ab3d]:main():gmm-acc-mllt.cc:108) Average like for this file is -54.5175 over 368 frames.
LOG (gmm-acc-mllt[5.4.140~1-1ab3d]:main():gmm-acc-mllt.cc:108) Average like for this file is -54.9141 over 426 frames.
LOG (gmm-acc-mllt[5.4.140~1-1ab3d]:main():gmm-acc-mllt.cc:108) Average like for this file is -49.8912 over 437 frames.
LOG (gmm-acc-mllt[5.4.140~1-1ab3d]:main():gmm-acc-mllt.cc:108) Average like for this file is -55.6744 over 473 frames.
LOG (gmm-acc-mllt[5.4.140~1-1ab3d]:main():gmm-acc-mllt.cc:108) Average like for this file is -54.7531 over 493 frames.
LOG (weight-silence-post[5.4.140~1-1ab3d]:main():weight-silence-post.cc:95) Done 184 posteriors.
LOG (gmm-acc-mllt[5.4.140~1-1ab3d]:main():gmm-acc-mllt.cc:108) Average like for this file is -53.1171 over 679 frames.
LOG (gmm-acc-mllt[5.4.140~1-1ab3d]:main():gmm-acc-mllt.cc:108) Average like for this file is -46.3142 over 378 frames.
LOG (apply-cmvn[5.4.140~1-1ab3d]:main():apply-cmvn.cc:162) Applied cepstral mean normalization to 184 utterances, errors on 0
LOG (gmm-acc-mllt[5.4.140~1-1ab3d]:main():gmm-acc-mllt.cc:108) Average like for this file is -52.9632 over 375 frames.
LOG (gmm-acc-mllt[5.4.140~1-1ab3d]:main():gmm-acc-mllt.cc:108) Average like for this file is -51.7718 over 318 frames.
LOG (gmm-acc-mllt[5.4.140~1-1ab3d]:main():gmm-acc-mllt.cc:114) Avg like per frame so far is -52.674
LOG (gmm-acc-mllt[5.4.140~1-1ab3d]:main():gmm-acc-mllt.cc:108) Average like for this file is -54.1666 over 825 frames.
LOG (gmm-acc-mllt[5.4.140~1-1ab3d]:main():gmm-acc-mllt.cc:108) Average like for this file is -53.8205 over 467 frames.
LOG (gmm-acc-mllt[5.4.140~1-1ab3d]:main():gmm-acc-mllt.cc:108) Average like for this file is -54.6148 over 394 frames.
LOG (transform-feats[5.4.140~1-1ab3d]:main():transform-feats.cc:158) Overall average [pseudo-]logdet is -75.8345 over 112547 frames.
LOG (transform-feats[5.4.140~1-1ab3d]:main():transform-feats.cc:161) Applied transform to 184 utterances; 0 had errors.
LOG (gmm-acc-mllt[5.4.140~1-1ab3d]:main():gmm-acc-mllt.cc:108) Average like for this file is -51.645 over 408 frames.
LOG (gmm-acc-mllt[5.4.140~1-1ab3d]:main():gmm-acc-mllt.cc:119) Done 184 files, 0 with no posteriors, 0 with other errors.
LOG (gmm-acc-mllt[5.4.140~1-1ab3d]:main():gmm-acc-mllt.cc:123) Overall avg like per frame (Gaussian only) = -52.6953 over 99002 frames.
LOG (gmm-acc-mllt[5.4.140~1-1ab3d]:main():gmm-acc-mllt.cc:127) Written accs.
# Accounting: time=3 threads=1
# Ended (code 0) at Mon Jun 18 22:22:32 CST 2018, elapsed time 3 seconds
