# ali-to-post "ark:gunzip -c exp/tri2/ali.1.gz|" ark:- | weight-silence-post 0.0 1 exp/tri2/4.mdl ark:- ark:- | gmm-acc-mllt --rand-prune=4.0 exp/tri2/4.mdl "ark,s,cs:apply-cmvn  --utt2spk=ark:data/train/split20/1/utt2spk scp:data/train/split20/1/cmvn.scp scp:data/train/split20/1/feats.scp ark:- | splice-feats --left-context=3 --right-context=3 ark:- ark:- | transform-feats exp/tri2/2.mat ark:- ark:- |" ark:- exp/tri2/4.1.macc 
# Started at Mon Jun 18 22:22:29 CST 2018
#
gmm-acc-mllt --rand-prune=4.0 exp/tri2/4.mdl 'ark,s,cs:apply-cmvn  --utt2spk=ark:data/train/split20/1/utt2spk scp:data/train/split20/1/cmvn.scp scp:data/train/split20/1/feats.scp ark:- | splice-feats --left-context=3 --right-context=3 ark:- ark:- | transform-feats exp/tri2/2.mat ark:- ark:- |' ark:- exp/tri2/4.1.macc 
ali-to-post 'ark:gunzip -c exp/tri2/ali.1.gz|' ark:- 
weight-silence-post 0.0 1 exp/tri2/4.mdl ark:- ark:- 
transform-feats exp/tri2/2.mat ark:- ark:- 
apply-cmvn --utt2spk=ark:data/train/split20/1/utt2spk scp:data/train/split20/1/cmvn.scp scp:data/train/split20/1/feats.scp ark:- 
splice-feats --left-context=3 --right-context=3 ark:- ark:- 
LOG (gmm-acc-mllt[5.4.140~1-1ab3d]:main():gmm-acc-mllt.cc:108) Average like for this file is -52.7828 over 878 frames.
LOG (gmm-acc-mllt[5.4.140~1-1ab3d]:main():gmm-acc-mllt.cc:108) Average like for this file is -53.1537 over 300 frames.
LOG (gmm-acc-mllt[5.4.140~1-1ab3d]:main():gmm-acc-mllt.cc:108) Average like for this file is -51.5313 over 492 frames.
LOG (gmm-acc-mllt[5.4.140~1-1ab3d]:main():gmm-acc-mllt.cc:108) Average like for this file is -50.2924 over 519 frames.
LOG (gmm-acc-mllt[5.4.140~1-1ab3d]:main():gmm-acc-mllt.cc:108) Average like for this file is -54.5412 over 489 frames.
LOG (gmm-acc-mllt[5.4.140~1-1ab3d]:main():gmm-acc-mllt.cc:108) Average like for this file is -55.0083 over 702 frames.
LOG (gmm-acc-mllt[5.4.140~1-1ab3d]:main():gmm-acc-mllt.cc:108) Average like for this file is -51.9056 over 487 frames.
LOG (gmm-acc-mllt[5.4.140~1-1ab3d]:main():gmm-acc-mllt.cc:108) Average like for this file is -58.1458 over 386 frames.
LOG (gmm-acc-mllt[5.4.140~1-1ab3d]:main():gmm-acc-mllt.cc:108) Average like for this file is -55.8608 over 818 frames.
LOG (gmm-acc-mllt[5.4.140~1-1ab3d]:main():gmm-acc-mllt.cc:108) Average like for this file is -56.4098 over 483 frames.
LOG (gmm-acc-mllt[5.4.140~1-1ab3d]:main():gmm-acc-mllt.cc:114) Avg like per frame so far is -53.9599
LOG (gmm-acc-mllt[5.4.140~1-1ab3d]:main():gmm-acc-mllt.cc:108) Average like for this file is -55.0727 over 934 frames.
LOG (gmm-acc-mllt[5.4.140~1-1ab3d]:main():gmm-acc-mllt.cc:108) Average like for this file is -49.948 over 506 frames.
LOG (gmm-acc-mllt[5.4.140~1-1ab3d]:main():gmm-acc-mllt.cc:108) Average like for this file is -56.0301 over 481 frames.
LOG (gmm-acc-mllt[5.4.140~1-1ab3d]:main():gmm-acc-mllt.cc:108) Average like for this file is -54.9266 over 300 frames.
LOG (gmm-acc-mllt[5.4.140~1-1ab3d]:main():gmm-acc-mllt.cc:108) Average like for this file is -50.1039 over 602 frames.
LOG (gmm-acc-mllt[5.4.140~1-1ab3d]:main():gmm-acc-mllt.cc:108) Average like for this file is -56.2129 over 451 frames.
LOG (gmm-acc-mllt[5.4.140~1-1ab3d]:main():gmm-acc-mllt.cc:108) Average like for this file is -57.7699 over 427 frames.
LOG (gmm-acc-mllt[5.4.140~1-1ab3d]:main():gmm-acc-mllt.cc:108) Average like for this file is -58.3102 over 525 frames.
LOG (gmm-acc-mllt[5.4.140~1-1ab3d]:main():gmm-acc-mllt.cc:108) Average like for this file is -59.4004 over 837 frames.
LOG (gmm-acc-mllt[5.4.140~1-1ab3d]:main():gmm-acc-mllt.cc:108) Average like for this file is -56.351 over 430 frames.
LOG (gmm-acc-mllt[5.4.140~1-1ab3d]:main():gmm-acc-mllt.cc:114) Avg like per frame so far is -54.7278
LOG (gmm-acc-mllt[5.4.140~1-1ab3d]:main():gmm-acc-mllt.cc:108) Average like for this file is -54.1833 over 477 frames.
LOG (gmm-acc-mllt[5.4.140~1-1ab3d]:main():gmm-acc-mllt.cc:108) Average like for this file is -59.2859 over 666 frames.
LOG (gmm-acc-mllt[5.4.140~1-1ab3d]:main():gmm-acc-mllt.cc:108) Average like for this file is -56.065 over 433 frames.
LOG (gmm-acc-mllt[5.4.140~1-1ab3d]:main():gmm-acc-mllt.cc:108) Average like for this file is -55.7249 over 569 frames.
LOG (gmm-acc-mllt[5.4.140~1-1ab3d]:main():gmm-acc-mllt.cc:108) Average like for this file is -54.976 over 586 frames.
LOG (gmm-acc-mllt[5.4.140~1-1ab3d]:main():gmm-acc-mllt.cc:108) Average like for this file is -51.8478 over 444 frames.
LOG (gmm-acc-mllt[5.4.140~1-1ab3d]:main():gmm-acc-mllt.cc:108) Average like for this file is -53.312 over 517 frames.
LOG (gmm-acc-mllt[5.4.140~1-1ab3d]:main():gmm-acc-mllt.cc:108) Average like for this file is -49.8767 over 553 frames.
LOG (gmm-acc-mllt[5.4.140~1-1ab3d]:main():gmm-acc-mllt.cc:108) Average like for this file is -51.8548 over 425 frames.
LOG (gmm-acc-mllt[5.4.140~1-1ab3d]:main():gmm-acc-mllt.cc:108) Average like for this file is -52.0383 over 761 frames.
LOG (gmm-acc-mllt[5.4.140~1-1ab3d]:main():gmm-acc-mllt.cc:114) Avg like per frame so far is -54.4915
LOG (gmm-acc-mllt[5.4.140~1-1ab3d]:main():gmm-acc-mllt.cc:108) Average like for this file is -49.2068 over 318 frames.
LOG (gmm-acc-mllt[5.4.140~1-1ab3d]:main():gmm-acc-mllt.cc:108) Average like for this file is -54.4595 over 402 frames.
LOG (gmm-acc-mllt[5.4.140~1-1ab3d]:main():gmm-acc-mllt.cc:108) Average like for this file is -52.1768 over 737 frames.
LOG (gmm-acc-mllt[5.4.140~1-1ab3d]:main():gmm-acc-mllt.cc:108) Average like for this file is -52.6343 over 412 frames.
LOG (gmm-acc-mllt[5.4.140~1-1ab3d]:main():gmm-acc-mllt.cc:108) Average like for this file is -51.1989 over 1008 frames.
LOG (gmm-acc-mllt[5.4.140~1-1ab3d]:main():gmm-acc-mllt.cc:108) Average like for this file is -49.305 over 586 frames.
LOG (gmm-acc-mllt[5.4.140~1-1ab3d]:main():gmm-acc-mllt.cc:108) Average like for this file is -48.5606 over 473 frames.
LOG (gmm-acc-mllt[5.4.140~1-1ab3d]:main():gmm-acc-mllt.cc:108) Average like for this file is -52.0884 over 741 frames.
LOG (gmm-acc-mllt[5.4.140~1-1ab3d]:main():gmm-acc-mllt.cc:108) Average like for this file is -50.9404 over 825 frames.
LOG (gmm-acc-mllt[5.4.140~1-1ab3d]:main():gmm-acc-mllt.cc:108) Average like for this file is -50.8396 over 670 frames.
LOG (gmm-acc-mllt[5.4.140~1-1ab3d]:main():gmm-acc-mllt.cc:114) Avg like per frame so far is -53.5871
LOG (gmm-acc-mllt[5.4.140~1-1ab3d]:main():gmm-acc-mllt.cc:108) Average like for this file is -56.7197 over 624 frames.
LOG (gmm-acc-mllt[5.4.140~1-1ab3d]:main():gmm-acc-mllt.cc:108) Average like for this file is -56.2101 over 779 frames.
LOG (gmm-acc-mllt[5.4.140~1-1ab3d]:main():gmm-acc-mllt.cc:108) Average like for this file is -50.5131 over 1071 frames.
LOG (gmm-acc-mllt[5.4.140~1-1ab3d]:main():gmm-acc-mllt.cc:108) Average like for this file is -55.9978 over 365 frames.
LOG (gmm-acc-mllt[5.4.140~1-1ab3d]:main():gmm-acc-mllt.cc:108) Average like for this file is -55.0303 over 351 frames.
LOG (gmm-acc-mllt[5.4.140~1-1ab3d]:main():gmm-acc-mllt.cc:108) Average like for this file is -52.5174 over 257 frames.
LOG (gmm-acc-mllt[5.4.140~1-1ab3d]:main():gmm-acc-mllt.cc:108) Average like for this file is -60.1952 over 494 frames.
LOG (gmm-acc-mllt[5.4.140~1-1ab3d]:main():gmm-acc-mllt.cc:108) Average like for this file is -54.9218 over 536 frames.
LOG (gmm-acc-mllt[5.4.140~1-1ab3d]:main():gmm-acc-mllt.cc:108) Average like for this file is -53.4221 over 229 frames.
LOG (gmm-acc-mllt[5.4.140~1-1ab3d]:main():gmm-acc-mllt.cc:108) Average like for this file is -57.1132 over 301 frames.
LOG (gmm-acc-mllt[5.4.140~1-1ab3d]:main():gmm-acc-mllt.cc:114) Avg like per frame so far is -53.8337
LOG (gmm-acc-mllt[5.4.140~1-1ab3d]:main():gmm-acc-mllt.cc:108) Average like for this file is -54.8529 over 748 frames.
LOG (gmm-acc-mllt[5.4.140~1-1ab3d]:main():gmm-acc-mllt.cc:108) Average like for this file is -53.261 over 566 frames.
LOG (gmm-acc-mllt[5.4.140~1-1ab3d]:main():gmm-acc-mllt.cc:108) Average like for this file is -56.0156 over 458 frames.
LOG (gmm-acc-mllt[5.4.140~1-1ab3d]:main():gmm-acc-mllt.cc:108) Average like for this file is -57.0993 over 726 frames.
LOG (gmm-acc-mllt[5.4.140~1-1ab3d]:main():gmm-acc-mllt.cc:108) Average like for this file is -55.265 over 589 frames.
LOG (gmm-acc-mllt[5.4.140~1-1ab3d]:main():gmm-acc-mllt.cc:108) Average like for this file is -53.4183 over 465 frames.
LOG (gmm-acc-mllt[5.4.140~1-1ab3d]:main():gmm-acc-mllt.cc:108) Average like for this file is -53.2628 over 584 frames.
LOG (gmm-acc-mllt[5.4.140~1-1ab3d]:main():gmm-acc-mllt.cc:108) Average like for this file is -57.1363 over 538 frames.
LOG (gmm-acc-mllt[5.4.140~1-1ab3d]:main():gmm-acc-mllt.cc:108) Average like for this file is -54.1777 over 878 frames.
LOG (gmm-acc-mllt[5.4.140~1-1ab3d]:main():gmm-acc-mllt.cc:108) Average like for this file is -53.0861 over 437 frames.
LOG (gmm-acc-mllt[5.4.140~1-1ab3d]:main():gmm-acc-mllt.cc:114) Avg like per frame so far is -54.0084
LOG (gmm-acc-mllt[5.4.140~1-1ab3d]:main():gmm-acc-mllt.cc:108) Average like for this file is -52.496 over 423 frames.
LOG (gmm-acc-mllt[5.4.140~1-1ab3d]:main():gmm-acc-mllt.cc:108) Average like for this file is -52.8605 over 592 frames.
LOG (gmm-acc-mllt[5.4.140~1-1ab3d]:main():gmm-acc-mllt.cc:108) Average like for this file is -53.2735 over 525 frames.
LOG (gmm-acc-mllt[5.4.140~1-1ab3d]:main():gmm-acc-mllt.cc:108) Average like for this file is -55.5256 over 509 frames.
LOG (gmm-acc-mllt[5.4.140~1-1ab3d]:main():gmm-acc-mllt.cc:108) Average like for this file is -52.1295 over 535 frames.
LOG (gmm-acc-mllt[5.4.140~1-1ab3d]:main():gmm-acc-mllt.cc:108) Average like for this file is -51.9975 over 455 frames.
LOG (gmm-acc-mllt[5.4.140~1-1ab3d]:main():gmm-acc-mllt.cc:108) Average like for this file is -52.3662 over 820 frames.
LOG (gmm-acc-mllt[5.4.140~1-1ab3d]:main():gmm-acc-mllt.cc:108) Average like for this file is -55.4209 over 559 frames.
LOG (gmm-acc-mllt[5.4.140~1-1ab3d]:main():gmm-acc-mllt.cc:108) Average like for this file is -56.1917 over 263 frames.
LOG (gmm-acc-mllt[5.4.140~1-1ab3d]:main():gmm-acc-mllt.cc:108) Average like for this file is -49.7314 over 413 frames.
LOG (gmm-acc-mllt[5.4.140~1-1ab3d]:main():gmm-acc-mllt.cc:114) Avg like per frame so far is -53.8896
LOG (gmm-acc-mllt[5.4.140~1-1ab3d]:main():gmm-acc-mllt.cc:108) Average like for this file is -55.0069 over 679 frames.
LOG (gmm-acc-mllt[5.4.140~1-1ab3d]:main():gmm-acc-mllt.cc:108) Average like for this file is -56.8869 over 569 frames.
LOG (gmm-acc-mllt[5.4.140~1-1ab3d]:main():gmm-acc-mllt.cc:108) Average like for this file is -54.3825 over 545 frames.
LOG (gmm-acc-mllt[5.4.140~1-1ab3d]:main():gmm-acc-mllt.cc:108) Average like for this file is -54.2557 over 896 frames.
LOG (gmm-acc-mllt[5.4.140~1-1ab3d]:main():gmm-acc-mllt.cc:108) Average like for this file is -51.801 over 651 frames.
LOG (gmm-acc-mllt[5.4.140~1-1ab3d]:main():gmm-acc-mllt.cc:108) Average like for this file is -62.2847 over 407 frames.
LOG (gmm-acc-mllt[5.4.140~1-1ab3d]:main():gmm-acc-mllt.cc:108) Average like for this file is -53.3587 over 423 frames.
LOG (gmm-acc-mllt[5.4.140~1-1ab3d]:main():gmm-acc-mllt.cc:108) Average like for this file is -49.3816 over 604 frames.
LOG (gmm-acc-mllt[5.4.140~1-1ab3d]:main():gmm-acc-mllt.cc:108) Average like for this file is -55.1485 over 607 frames.
LOG (gmm-acc-mllt[5.4.140~1-1ab3d]:main():gmm-acc-mllt.cc:108) Average like for this file is -54.9363 over 457 frames.
LOG (gmm-acc-mllt[5.4.140~1-1ab3d]:main():gmm-acc-mllt.cc:114) Avg like per frame so far is -53.9661
LOG (gmm-acc-mllt[5.4.140~1-1ab3d]:main():gmm-acc-mllt.cc:108) Average like for this file is -51.5391 over 791 frames.
LOG (gmm-acc-mllt[5.4.140~1-1ab3d]:main():gmm-acc-mllt.cc:108) Average like for this file is -52.8157 over 417 frames.
LOG (gmm-acc-mllt[5.4.140~1-1ab3d]:main():gmm-acc-mllt.cc:108) Average like for this file is -52.0403 over 841 frames.
LOG (gmm-acc-mllt[5.4.140~1-1ab3d]:main():gmm-acc-mllt.cc:108) Average like for this file is -52.4736 over 457 frames.
LOG (gmm-acc-mllt[5.4.140~1-1ab3d]:main():gmm-acc-mllt.cc:108) Average like for this file is -52.256 over 403 frames.
LOG (gmm-acc-mllt[5.4.140~1-1ab3d]:main():gmm-acc-mllt.cc:108) Average like for this file is -51.9221 over 411 frames.
LOG (gmm-acc-mllt[5.4.140~1-1ab3d]:main():gmm-acc-mllt.cc:108) Average like for this file is -52.9641 over 445 frames.
LOG (gmm-acc-mllt[5.4.140~1-1ab3d]:main():gmm-acc-mllt.cc:108) Average like for this file is -54.7095 over 497 frames.
LOG (gmm-acc-mllt[5.4.140~1-1ab3d]:main():gmm-acc-mllt.cc:108) Average like for this file is -53.6395 over 766 frames.
LOG (gmm-acc-mllt[5.4.140~1-1ab3d]:main():gmm-acc-mllt.cc:108) Average like for this file is -52.6236 over 829 frames.
LOG (gmm-acc-mllt[5.4.140~1-1ab3d]:main():gmm-acc-mllt.cc:114) Avg like per frame so far is -53.8141
LOG (gmm-acc-mllt[5.4.140~1-1ab3d]:main():gmm-acc-mllt.cc:108) Average like for this file is -58.5634 over 298 frames.
LOG (gmm-acc-mllt[5.4.140~1-1ab3d]:main():gmm-acc-mllt.cc:108) Average like for this file is -53.8727 over 527 frames.
LOG (gmm-acc-mllt[5.4.140~1-1ab3d]:main():gmm-acc-mllt.cc:108) Average like for this file is -53.4835 over 434 frames.
LOG (gmm-acc-mllt[5.4.140~1-1ab3d]:main():gmm-acc-mllt.cc:108) Average like for this file is -50.5532 over 826 frames.
LOG (gmm-acc-mllt[5.4.140~1-1ab3d]:main():gmm-acc-mllt.cc:108) Average like for this file is -51.6583 over 578 frames.
LOG (gmm-acc-mllt[5.4.140~1-1ab3d]:main():gmm-acc-mllt.cc:108) Average like for this file is -53.0939 over 461 frames.
LOG (gmm-acc-mllt[5.4.140~1-1ab3d]:main():gmm-acc-mllt.cc:108) Average like for this file is -51.0672 over 409 frames.
LOG (gmm-acc-mllt[5.4.140~1-1ab3d]:main():gmm-acc-mllt.cc:108) Average like for this file is -56.5139 over 247 frames.
LOG (gmm-acc-mllt[5.4.140~1-1ab3d]:main():gmm-acc-mllt.cc:108) Average like for this file is -52.2785 over 360 frames.
LOG (gmm-acc-mllt[5.4.140~1-1ab3d]:main():gmm-acc-mllt.cc:108) Average like for this file is -55.6418 over 595 frames.
LOG (gmm-acc-mllt[5.4.140~1-1ab3d]:main():gmm-acc-mllt.cc:114) Avg like per frame so far is -53.7617
LOG (gmm-acc-mllt[5.4.140~1-1ab3d]:main():gmm-acc-mllt.cc:108) Average like for this file is -50.766 over 511 frames.
LOG (gmm-acc-mllt[5.4.140~1-1ab3d]:main():gmm-acc-mllt.cc:108) Average like for this file is -54.2808 over 720 frames.
LOG (gmm-acc-mllt[5.4.140~1-1ab3d]:main():gmm-acc-mllt.cc:108) Average like for this file is -53.9147 over 614 frames.
LOG (gmm-acc-mllt[5.4.140~1-1ab3d]:main():gmm-acc-mllt.cc:108) Average like for this file is -56.9139 over 464 frames.
LOG (gmm-acc-mllt[5.4.140~1-1ab3d]:main():gmm-acc-mllt.cc:108) Average like for this file is -57.4938 over 227 frames.
LOG (gmm-acc-mllt[5.4.140~1-1ab3d]:main():gmm-acc-mllt.cc:108) Average like for this file is -53.1918 over 285 frames.
LOG (gmm-acc-mllt[5.4.140~1-1ab3d]:main():gmm-acc-mllt.cc:108) Average like for this file is -57.349 over 650 frames.
LOG (gmm-acc-mllt[5.4.140~1-1ab3d]:main():gmm-acc-mllt.cc:108) Average like for this file is -49.315 over 449 frames.
LOG (gmm-acc-mllt[5.4.140~1-1ab3d]:main():gmm-acc-mllt.cc:108) Average like for this file is -52.9896 over 573 frames.
LOG (gmm-acc-mllt[5.4.140~1-1ab3d]:main():gmm-acc-mllt.cc:108) Average like for this file is -55.6483 over 584 frames.
LOG (gmm-acc-mllt[5.4.140~1-1ab3d]:main():gmm-acc-mllt.cc:114) Avg like per frame so far is -53.7962
LOG (gmm-acc-mllt[5.4.140~1-1ab3d]:main():gmm-acc-mllt.cc:108) Average like for this file is -53.5876 over 472 frames.
LOG (gmm-acc-mllt[5.4.140~1-1ab3d]:main():gmm-acc-mllt.cc:108) Average like for this file is -53.1466 over 457 frames.
LOG (gmm-acc-mllt[5.4.140~1-1ab3d]:main():gmm-acc-mllt.cc:108) Average like for this file is -49.6976 over 1024 frames.
LOG (gmm-acc-mllt[5.4.140~1-1ab3d]:main():gmm-acc-mllt.cc:108) Average like for this file is -48.3806 over 637 frames.
LOG (gmm-acc-mllt[5.4.140~1-1ab3d]:main():gmm-acc-mllt.cc:108) Average like for this file is -49.6757 over 969 frames.
LOG (gmm-acc-mllt[5.4.140~1-1ab3d]:main():gmm-acc-mllt.cc:108) Average like for this file is -48.3722 over 570 frames.
LOG (gmm-acc-mllt[5.4.140~1-1ab3d]:main():gmm-acc-mllt.cc:108) Average like for this file is -43.4266 over 462 frames.
LOG (gmm-acc-mllt[5.4.140~1-1ab3d]:main():gmm-acc-mllt.cc:108) Average like for this file is -51.8678 over 387 frames.
LOG (gmm-acc-mllt[5.4.140~1-1ab3d]:main():gmm-acc-mllt.cc:108) Average like for this file is -50.6616 over 801 frames.
LOG (gmm-acc-mllt[5.4.140~1-1ab3d]:main():gmm-acc-mllt.cc:108) Average like for this file is -52.1007 over 571 frames.
LOG (gmm-acc-mllt[5.4.140~1-1ab3d]:main():gmm-acc-mllt.cc:114) Avg like per frame so far is -53.4337
LOG (gmm-acc-mllt[5.4.140~1-1ab3d]:main():gmm-acc-mllt.cc:108) Average like for this file is -56.5042 over 680 frames.
LOG (gmm-acc-mllt[5.4.140~1-1ab3d]:main():gmm-acc-mllt.cc:108) Average like for this file is -54.286 over 211 frames.
LOG (gmm-acc-mllt[5.4.140~1-1ab3d]:main():gmm-acc-mllt.cc:108) Average like for this file is -60.9902 over 443 frames.
LOG (gmm-acc-mllt[5.4.140~1-1ab3d]:main():gmm-acc-mllt.cc:108) Average like for this file is -54.8934 over 324 frames.
LOG (gmm-acc-mllt[5.4.140~1-1ab3d]:main():gmm-acc-mllt.cc:108) Average like for this file is -58.3436 over 471 frames.
LOG (gmm-acc-mllt[5.4.140~1-1ab3d]:main():gmm-acc-mllt.cc:108) Average like for this file is -60.1605 over 557 frames.
LOG (gmm-acc-mllt[5.4.140~1-1ab3d]:main():gmm-acc-mllt.cc:108) Average like for this file is -57.1853 over 646 frames.
LOG (gmm-acc-mllt[5.4.140~1-1ab3d]:main():gmm-acc-mllt.cc:108) Average like for this file is -56.1838 over 349 frames.
LOG (gmm-acc-mllt[5.4.140~1-1ab3d]:main():gmm-acc-mllt.cc:108) Average like for this file is -53.5811 over 553 frames.
LOG (gmm-acc-mllt[5.4.140~1-1ab3d]:main():gmm-acc-mllt.cc:108) Average like for this file is -51.5702 over 511 frames.
LOG (gmm-acc-mllt[5.4.140~1-1ab3d]:main():gmm-acc-mllt.cc:114) Avg like per frame so far is -53.6392
LOG (gmm-acc-mllt[5.4.140~1-1ab3d]:main():gmm-acc-mllt.cc:108) Average like for this file is -48.9925 over 671 frames.
LOG (gmm-acc-mllt[5.4.140~1-1ab3d]:main():gmm-acc-mllt.cc:108) Average like for this file is -54.1362 over 265 frames.
LOG (gmm-acc-mllt[5.4.140~1-1ab3d]:main():gmm-acc-mllt.cc:108) Average like for this file is -53.1211 over 285 frames.
LOG (gmm-acc-mllt[5.4.140~1-1ab3d]:main():gmm-acc-mllt.cc:108) Average like for this file is -51.2 over 244 frames.
LOG (gmm-acc-mllt[5.4.140~1-1ab3d]:main():gmm-acc-mllt.cc:108) Average like for this file is -55.1885 over 397 frames.
LOG (gmm-acc-mllt[5.4.140~1-1ab3d]:main():gmm-acc-mllt.cc:108) Average like for this file is -54.9814 over 442 frames.
LOG (gmm-acc-mllt[5.4.140~1-1ab3d]:main():gmm-acc-mllt.cc:108) Average like for this file is -46.6086 over 294 frames.
LOG (gmm-acc-mllt[5.4.140~1-1ab3d]:main():gmm-acc-mllt.cc:108) Average like for this file is -48.2084 over 264 frames.
LOG (gmm-acc-mllt[5.4.140~1-1ab3d]:main():gmm-acc-mllt.cc:108) Average like for this file is -47.6079 over 529 frames.
LOG (gmm-acc-mllt[5.4.140~1-1ab3d]:main():gmm-acc-mllt.cc:108) Average like for this file is -49.5061 over 701 frames.
LOG (gmm-acc-mllt[5.4.140~1-1ab3d]:main():gmm-acc-mllt.cc:114) Avg like per frame so far is -53.4786
LOG (gmm-acc-mllt[5.4.140~1-1ab3d]:main():gmm-acc-mllt.cc:108) Average like for this file is -48.9464 over 315 frames.
LOG (gmm-acc-mllt[5.4.140~1-1ab3d]:main():gmm-acc-mllt.cc:108) Average like for this file is -51.2681 over 756 frames.
LOG (gmm-acc-mllt[5.4.140~1-1ab3d]:main():gmm-acc-mllt.cc:108) Average like for this file is -49.4732 over 722 frames.
LOG (gmm-acc-mllt[5.4.140~1-1ab3d]:main():gmm-acc-mllt.cc:108) Average like for this file is -49.6432 over 545 frames.
LOG (gmm-acc-mllt[5.4.140~1-1ab3d]:main():gmm-acc-mllt.cc:108) Average like for this file is -53.2318 over 180 frames.
LOG (gmm-acc-mllt[5.4.140~1-1ab3d]:main():gmm-acc-mllt.cc:108) Average like for this file is -53.7428 over 749 frames.
LOG (gmm-acc-mllt[5.4.140~1-1ab3d]:main():gmm-acc-mllt.cc:108) Average like for this file is -51.9094 over 878 frames.
LOG (gmm-acc-mllt[5.4.140~1-1ab3d]:main():gmm-acc-mllt.cc:108) Average like for this file is -55.7436 over 465 frames.
LOG (gmm-acc-mllt[5.4.140~1-1ab3d]:main():gmm-acc-mllt.cc:108) Average like for this file is -50.4076 over 474 frames.
LOG (gmm-acc-mllt[5.4.140~1-1ab3d]:main():gmm-acc-mllt.cc:108) Average like for this file is -56.2352 over 482 frames.
LOG (gmm-acc-mllt[5.4.140~1-1ab3d]:main():gmm-acc-mllt.cc:114) Avg like per frame so far is -53.3752
LOG (gmm-acc-mllt[5.4.140~1-1ab3d]:main():gmm-acc-mllt.cc:108) Average like for this file is -52.0794 over 264 frames.
LOG (gmm-acc-mllt[5.4.140~1-1ab3d]:main():gmm-acc-mllt.cc:108) Average like for this file is -46.7188 over 335 frames.
LOG (gmm-acc-mllt[5.4.140~1-1ab3d]:main():gmm-acc-mllt.cc:108) Average like for this file is -54.7379 over 488 frames.
LOG (gmm-acc-mllt[5.4.140~1-1ab3d]:main():gmm-acc-mllt.cc:108) Average like for this file is -57.7019 over 216 frames.
LOG (gmm-acc-mllt[5.4.140~1-1ab3d]:main():gmm-acc-mllt.cc:108) Average like for this file is -54.2612 over 830 frames.
LOG (gmm-acc-mllt[5.4.140~1-1ab3d]:main():gmm-acc-mllt.cc:108) Average like for this file is -57.8073 over 606 frames.
LOG (gmm-acc-mllt[5.4.140~1-1ab3d]:main():gmm-acc-mllt.cc:108) Average like for this file is -52.4577 over 595 frames.
LOG (gmm-acc-mllt[5.4.140~1-1ab3d]:main():gmm-acc-mllt.cc:108) Average like for this file is -55.7679 over 435 frames.
LOG (gmm-acc-mllt[5.4.140~1-1ab3d]:main():gmm-acc-mllt.cc:108) Average like for this file is -53.0285 over 436 frames.
LOG (gmm-acc-mllt[5.4.140~1-1ab3d]:main():gmm-acc-mllt.cc:108) Average like for this file is -56.0938 over 564 frames.
LOG (gmm-acc-mllt[5.4.140~1-1ab3d]:main():gmm-acc-mllt.cc:114) Avg like per frame so far is -53.4256
LOG (gmm-acc-mllt[5.4.140~1-1ab3d]:main():gmm-acc-mllt.cc:108) Average like for this file is -54.4165 over 843 frames.
LOG (gmm-acc-mllt[5.4.140~1-1ab3d]:main():gmm-acc-mllt.cc:108) Average like for this file is -56.1371 over 493 frames.
LOG (gmm-acc-mllt[5.4.140~1-1ab3d]:main():gmm-acc-mllt.cc:108) Average like for this file is -54.6956 over 482 frames.
LOG (gmm-acc-mllt[5.4.140~1-1ab3d]:main():gmm-acc-mllt.cc:108) Average like for this file is -50.1208 over 572 frames.
LOG (gmm-acc-mllt[5.4.140~1-1ab3d]:main():gmm-acc-mllt.cc:108) Average like for this file is -52.3261 over 434 frames.
LOG (gmm-acc-mllt[5.4.140~1-1ab3d]:main():gmm-acc-mllt.cc:108) Average like for this file is -53.2655 over 557 frames.
LOG (gmm-acc-mllt[5.4.140~1-1ab3d]:main():gmm-acc-mllt.cc:108) Average like for this file is -54.748 over 803 frames.
LOG (gmm-acc-mllt[5.4.140~1-1ab3d]:main():gmm-acc-mllt.cc:108) Average like for this file is -52.7475 over 375 frames.
LOG (gmm-acc-mllt[5.4.140~1-1ab3d]:main():gmm-acc-mllt.cc:108) Average like for this file is -56.2642 over 479 frames.
LOG (gmm-acc-mllt[5.4.140~1-1ab3d]:main():gmm-acc-mllt.cc:108) Average like for this file is -53.0818 over 817 frames.
LOG (gmm-acc-mllt[5.4.140~1-1ab3d]:main():gmm-acc-mllt.cc:114) Avg like per frame so far is -53.4498
LOG (gmm-acc-mllt[5.4.140~1-1ab3d]:main():gmm-acc-mllt.cc:108) Average like for this file is -53.217 over 439 frames.
LOG (gmm-acc-mllt[5.4.140~1-1ab3d]:main():gmm-acc-mllt.cc:108) Average like for this file is -52.9076 over 370 frames.
LOG (gmm-acc-mllt[5.4.140~1-1ab3d]:main():gmm-acc-mllt.cc:108) Average like for this file is -58.3276 over 437 frames.
LOG (gmm-acc-mllt[5.4.140~1-1ab3d]:main():gmm-acc-mllt.cc:108) Average like for this file is -51.4222 over 536 frames.
LOG (gmm-acc-mllt[5.4.140~1-1ab3d]:main():gmm-acc-mllt.cc:108) Average like for this file is -54.4255 over 697 frames.
LOG (gmm-acc-mllt[5.4.140~1-1ab3d]:main():gmm-acc-mllt.cc:108) Average like for this file is -57.8579 over 402 frames.
LOG (ali-to-post[5.4.140~1-1ab3d]:main():ali-to-post.cc:73) Converted 192 alignments.
LOG (gmm-acc-mllt[5.4.140~1-1ab3d]:main():gmm-acc-mllt.cc:108) Average like for this file is -57.0506 over 717 frames.
LOG (gmm-acc-mllt[5.4.140~1-1ab3d]:main():gmm-acc-mllt.cc:108) Average like for this file is -55.5471 over 464 frames.
LOG (gmm-acc-mllt[5.4.140~1-1ab3d]:main():gmm-acc-mllt.cc:108) Average like for this file is -57.7815 over 393 frames.
LOG (gmm-acc-mllt[5.4.140~1-1ab3d]:main():gmm-acc-mllt.cc:108) Average like for this file is -53.5449 over 501 frames.
LOG (gmm-acc-mllt[5.4.140~1-1ab3d]:main():gmm-acc-mllt.cc:114) Avg like per frame so far is -53.5378
LOG (gmm-acc-mllt[5.4.140~1-1ab3d]:main():gmm-acc-mllt.cc:108) Average like for this file is -52.5842 over 350 frames.
LOG (gmm-acc-mllt[5.4.140~1-1ab3d]:main():gmm-acc-mllt.cc:108) Average like for this file is -54.9881 over 531 frames.
LOG (gmm-acc-mllt[5.4.140~1-1ab3d]:main():gmm-acc-mllt.cc:108) Average like for this file is -53.6574 over 567 frames.
LOG (gmm-acc-mllt[5.4.140~1-1ab3d]:main():gmm-acc-mllt.cc:108) Average like for this file is -53.6646 over 464 frames.
LOG (gmm-acc-mllt[5.4.140~1-1ab3d]:main():gmm-acc-mllt.cc:108) Average like for this file is -55.8197 over 520 frames.
LOG (weight-silence-post[5.4.140~1-1ab3d]:main():weight-silence-post.cc:95) Done 192 posteriors.
LOG (gmm-acc-mllt[5.4.140~1-1ab3d]:main():gmm-acc-mllt.cc:108) Average like for this file is -59.1864 over 499 frames.
LOG (apply-cmvn[5.4.140~1-1ab3d]:main():apply-cmvn.cc:162) Applied cepstral mean normalization to 192 utterances, errors on 0
LOG (gmm-acc-mllt[5.4.140~1-1ab3d]:main():gmm-acc-mllt.cc:108) Average like for this file is -56.1615 over 909 frames.
LOG (gmm-acc-mllt[5.4.140~1-1ab3d]:main():gmm-acc-mllt.cc:108) Average like for this file is -57.61 over 347 frames.
LOG (gmm-acc-mllt[5.4.140~1-1ab3d]:main():gmm-acc-mllt.cc:108) Average like for this file is -57.5898 over 344 frames.
LOG (gmm-acc-mllt[5.4.140~1-1ab3d]:main():gmm-acc-mllt.cc:108) Average like for this file is -55.0157 over 788 frames.
LOG (gmm-acc-mllt[5.4.140~1-1ab3d]:main():gmm-acc-mllt.cc:114) Avg like per frame so far is -53.645
LOG (gmm-acc-mllt[5.4.140~1-1ab3d]:main():gmm-acc-mllt.cc:108) Average like for this file is -60.2531 over 432 frames.
LOG (transform-feats[5.4.140~1-1ab3d]:main():transform-feats.cc:158) Overall average [pseudo-]logdet is -75.8345 over 116453 frames.
LOG (transform-feats[5.4.140~1-1ab3d]:main():transform-feats.cc:161) Applied transform to 192 utterances; 0 had errors.
LOG (gmm-acc-mllt[5.4.140~1-1ab3d]:main():gmm-acc-mllt.cc:108) Average like for this file is -53.6514 over 509 frames.
LOG (gmm-acc-mllt[5.4.140~1-1ab3d]:main():gmm-acc-mllt.cc:119) Done 192 files, 0 with no posteriors, 0 with other errors.
LOG (gmm-acc-mllt[5.4.140~1-1ab3d]:main():gmm-acc-mllt.cc:123) Overall avg like per frame (Gaussian only) = -53.6728 over 102840 frames.
LOG (gmm-acc-mllt[5.4.140~1-1ab3d]:main():gmm-acc-mllt.cc:127) Written accs.
# Accounting: time=3 threads=1
# Ended (code 0) at Mon Jun 18 22:22:32 CST 2018, elapsed time 3 seconds
