# ali-to-post "ark:gunzip -c exp/tri2/ali.5.gz|" ark:- | weight-silence-post 0.0 1 exp/tri2/2.mdl ark:- ark:- | gmm-acc-mllt --rand-prune=4.0 exp/tri2/2.mdl "ark,s,cs:apply-cmvn  --utt2spk=ark:data/train/split20/5/utt2spk scp:data/train/split20/5/cmvn.scp scp:data/train/split20/5/feats.scp ark:- | splice-feats --left-context=3 --right-context=3 ark:- ark:- | transform-feats exp/tri2/0.mat ark:- ark:- |" ark:- exp/tri2/2.5.macc 
# Started at Mon Jun 18 22:22:21 CST 2018
#
weight-silence-post 0.0 1 exp/tri2/2.mdl ark:- ark:- 
ali-to-post 'ark:gunzip -c exp/tri2/ali.5.gz|' ark:- 
gmm-acc-mllt --rand-prune=4.0 exp/tri2/2.mdl 'ark,s,cs:apply-cmvn  --utt2spk=ark:data/train/split20/5/utt2spk scp:data/train/split20/5/cmvn.scp scp:data/train/split20/5/feats.scp ark:- | splice-feats --left-context=3 --right-context=3 ark:- ark:- | transform-feats exp/tri2/0.mat ark:- ark:- |' ark:- exp/tri2/2.5.macc 
splice-feats --left-context=3 --right-context=3 ark:- ark:- 
transform-feats exp/tri2/0.mat ark:- ark:- 
apply-cmvn --utt2spk=ark:data/train/split20/5/utt2spk scp:data/train/split20/5/cmvn.scp scp:data/train/split20/5/feats.scp ark:- 
LOG (gmm-acc-mllt[5.4.140~1-1ab3d]:main():gmm-acc-mllt.cc:108) Average like for this file is -53.9606 over 457 frames.
LOG (gmm-acc-mllt[5.4.140~1-1ab3d]:main():gmm-acc-mllt.cc:108) Average like for this file is -56.3403 over 429 frames.
LOG (gmm-acc-mllt[5.4.140~1-1ab3d]:main():gmm-acc-mllt.cc:108) Average like for this file is -55.0222 over 878 frames.
LOG (gmm-acc-mllt[5.4.140~1-1ab3d]:main():gmm-acc-mllt.cc:108) Average like for this file is -52.9933 over 591 frames.
LOG (gmm-acc-mllt[5.4.140~1-1ab3d]:main():gmm-acc-mllt.cc:108) Average like for this file is -55.8738 over 302 frames.
LOG (gmm-acc-mllt[5.4.140~1-1ab3d]:main():gmm-acc-mllt.cc:108) Average like for this file is -53.7053 over 444 frames.
LOG (gmm-acc-mllt[5.4.140~1-1ab3d]:main():gmm-acc-mllt.cc:108) Average like for this file is -55.1078 over 557 frames.
LOG (gmm-acc-mllt[5.4.140~1-1ab3d]:main():gmm-acc-mllt.cc:108) Average like for this file is -54.0586 over 539 frames.
LOG (gmm-acc-mllt[5.4.140~1-1ab3d]:main():gmm-acc-mllt.cc:108) Average like for this file is -56.7597 over 426 frames.
LOG (gmm-acc-mllt[5.4.140~1-1ab3d]:main():gmm-acc-mllt.cc:108) Average like for this file is -61.5098 over 451 frames.
LOG (gmm-acc-mllt[5.4.140~1-1ab3d]:main():gmm-acc-mllt.cc:114) Avg like per frame so far is -55.3667
LOG (gmm-acc-mllt[5.4.140~1-1ab3d]:main():gmm-acc-mllt.cc:108) Average like for this file is -56.1177 over 890 frames.
LOG (gmm-acc-mllt[5.4.140~1-1ab3d]:main():gmm-acc-mllt.cc:108) Average like for this file is -55.2185 over 545 frames.
LOG (gmm-acc-mllt[5.4.140~1-1ab3d]:main():gmm-acc-mllt.cc:108) Average like for this file is -55.1601 over 459 frames.
LOG (gmm-acc-mllt[5.4.140~1-1ab3d]:main():gmm-acc-mllt.cc:108) Average like for this file is -52.3749 over 390 frames.
LOG (gmm-acc-mllt[5.4.140~1-1ab3d]:main():gmm-acc-mllt.cc:108) Average like for this file is -57.4249 over 461 frames.
LOG (gmm-acc-mllt[5.4.140~1-1ab3d]:main():gmm-acc-mllt.cc:108) Average like for this file is -55.532 over 410 frames.
LOG (gmm-acc-mllt[5.4.140~1-1ab3d]:main():gmm-acc-mllt.cc:108) Average like for this file is -53.7261 over 583 frames.
LOG (gmm-acc-mllt[5.4.140~1-1ab3d]:main():gmm-acc-mllt.cc:108) Average like for this file is -53.9464 over 902 frames.
LOG (gmm-acc-mllt[5.4.140~1-1ab3d]:main():gmm-acc-mllt.cc:108) Average like for this file is -55.3481 over 877 frames.
LOG (gmm-acc-mllt[5.4.140~1-1ab3d]:main():gmm-acc-mllt.cc:108) Average like for this file is -57.2769 over 545 frames.
LOG (gmm-acc-mllt[5.4.140~1-1ab3d]:main():gmm-acc-mllt.cc:114) Avg like per frame so far is -55.2886
LOG (gmm-acc-mllt[5.4.140~1-1ab3d]:main():gmm-acc-mllt.cc:108) Average like for this file is -53.9004 over 500 frames.
LOG (gmm-acc-mllt[5.4.140~1-1ab3d]:main():gmm-acc-mllt.cc:108) Average like for this file is -54.6635 over 624 frames.
LOG (gmm-acc-mllt[5.4.140~1-1ab3d]:main():gmm-acc-mllt.cc:108) Average like for this file is -52.6245 over 345 frames.
LOG (gmm-acc-mllt[5.4.140~1-1ab3d]:main():gmm-acc-mllt.cc:108) Average like for this file is -52.3391 over 422 frames.
LOG (gmm-acc-mllt[5.4.140~1-1ab3d]:main():gmm-acc-mllt.cc:108) Average like for this file is -56.3759 over 927 frames.
LOG (gmm-acc-mllt[5.4.140~1-1ab3d]:main():gmm-acc-mllt.cc:108) Average like for this file is -60.7344 over 346 frames.
LOG (gmm-acc-mllt[5.4.140~1-1ab3d]:main():gmm-acc-mllt.cc:108) Average like for this file is -52.9212 over 874 frames.
LOG (gmm-acc-mllt[5.4.140~1-1ab3d]:main():gmm-acc-mllt.cc:108) Average like for this file is -57.7026 over 589 frames.
LOG (gmm-acc-mllt[5.4.140~1-1ab3d]:main():gmm-acc-mllt.cc:108) Average like for this file is -54.2979 over 495 frames.
LOG (gmm-acc-mllt[5.4.140~1-1ab3d]:main():gmm-acc-mllt.cc:108) Average like for this file is -56.8276 over 674 frames.
LOG (gmm-acc-mllt[5.4.140~1-1ab3d]:main():gmm-acc-mllt.cc:114) Avg like per frame so far is -55.2616
LOG (gmm-acc-mllt[5.4.140~1-1ab3d]:main():gmm-acc-mllt.cc:108) Average like for this file is -59.514 over 354 frames.
LOG (gmm-acc-mllt[5.4.140~1-1ab3d]:main():gmm-acc-mllt.cc:108) Average like for this file is -51.6152 over 435 frames.
LOG (gmm-acc-mllt[5.4.140~1-1ab3d]:main():gmm-acc-mllt.cc:108) Average like for this file is -61.4006 over 513 frames.
LOG (gmm-acc-mllt[5.4.140~1-1ab3d]:main():gmm-acc-mllt.cc:108) Average like for this file is -59.7569 over 385 frames.
LOG (gmm-acc-mllt[5.4.140~1-1ab3d]:main():gmm-acc-mllt.cc:108) Average like for this file is -58.9149 over 773 frames.
LOG (gmm-acc-mllt[5.4.140~1-1ab3d]:main():gmm-acc-mllt.cc:108) Average like for this file is -59.9443 over 760 frames.
LOG (gmm-acc-mllt[5.4.140~1-1ab3d]:main():gmm-acc-mllt.cc:108) Average like for this file is -66.9519 over 424 frames.
LOG (gmm-acc-mllt[5.4.140~1-1ab3d]:main():gmm-acc-mllt.cc:108) Average like for this file is -59.6962 over 539 frames.
LOG (gmm-acc-mllt[5.4.140~1-1ab3d]:main():gmm-acc-mllt.cc:108) Average like for this file is -59.0778 over 518 frames.
LOG (gmm-acc-mllt[5.4.140~1-1ab3d]:main():gmm-acc-mllt.cc:108) Average like for this file is -62.2054 over 430 frames.
LOG (gmm-acc-mllt[5.4.140~1-1ab3d]:main():gmm-acc-mllt.cc:114) Avg like per frame so far is -56.3264
LOG (gmm-acc-mllt[5.4.140~1-1ab3d]:main():gmm-acc-mllt.cc:108) Average like for this file is -55.8674 over 963 frames.
LOG (gmm-acc-mllt[5.4.140~1-1ab3d]:main():gmm-acc-mllt.cc:108) Average like for this file is -54.3909 over 510 frames.
LOG (gmm-acc-mllt[5.4.140~1-1ab3d]:main():gmm-acc-mllt.cc:108) Average like for this file is -54.6328 over 346 frames.
LOG (gmm-acc-mllt[5.4.140~1-1ab3d]:main():gmm-acc-mllt.cc:108) Average like for this file is -57.7986 over 458 frames.
LOG (gmm-acc-mllt[5.4.140~1-1ab3d]:main():gmm-acc-mllt.cc:108) Average like for this file is -58.6267 over 497 frames.
LOG (gmm-acc-mllt[5.4.140~1-1ab3d]:main():gmm-acc-mllt.cc:108) Average like for this file is -58.2052 over 416 frames.
LOG (gmm-acc-mllt[5.4.140~1-1ab3d]:main():gmm-acc-mllt.cc:108) Average like for this file is -55.3189 over 486 frames.
LOG (gmm-acc-mllt[5.4.140~1-1ab3d]:main():gmm-acc-mllt.cc:108) Average like for this file is -53.2762 over 452 frames.
LOG (gmm-acc-mllt[5.4.140~1-1ab3d]:main():gmm-acc-mllt.cc:108) Average like for this file is -57.9252 over 302 frames.
LOG (gmm-acc-mllt[5.4.140~1-1ab3d]:main():gmm-acc-mllt.cc:108) Average like for this file is -55.8886 over 841 frames.
LOG (gmm-acc-mllt[5.4.140~1-1ab3d]:main():gmm-acc-mllt.cc:114) Avg like per frame so far is -56.2836
LOG (gmm-acc-mllt[5.4.140~1-1ab3d]:main():gmm-acc-mllt.cc:108) Average like for this file is -55.6997 over 749 frames.
LOG (gmm-acc-mllt[5.4.140~1-1ab3d]:main():gmm-acc-mllt.cc:108) Average like for this file is -58.7959 over 645 frames.
LOG (gmm-acc-mllt[5.4.140~1-1ab3d]:main():gmm-acc-mllt.cc:108) Average like for this file is -55.8512 over 546 frames.
LOG (gmm-acc-mllt[5.4.140~1-1ab3d]:main():gmm-acc-mllt.cc:108) Average like for this file is -58.5572 over 328 frames.
LOG (gmm-acc-mllt[5.4.140~1-1ab3d]:main():gmm-acc-mllt.cc:108) Average like for this file is -56.3261 over 631 frames.
LOG (gmm-acc-mllt[5.4.140~1-1ab3d]:main():gmm-acc-mllt.cc:108) Average like for this file is -58.7277 over 457 frames.
LOG (gmm-acc-mllt[5.4.140~1-1ab3d]:main():gmm-acc-mllt.cc:108) Average like for this file is -54.6482 over 470 frames.
LOG (gmm-acc-mllt[5.4.140~1-1ab3d]:main():gmm-acc-mllt.cc:108) Average like for this file is -53.1696 over 691 frames.
LOG (gmm-acc-mllt[5.4.140~1-1ab3d]:main():gmm-acc-mllt.cc:108) Average like for this file is -54.2933 over 473 frames.
LOG (gmm-acc-mllt[5.4.140~1-1ab3d]:main():gmm-acc-mllt.cc:108) Average like for this file is -57.929 over 409 frames.
LOG (gmm-acc-mllt[5.4.140~1-1ab3d]:main():gmm-acc-mllt.cc:114) Avg like per frame so far is -56.2728
LOG (gmm-acc-mllt[5.4.140~1-1ab3d]:main():gmm-acc-mllt.cc:108) Average like for this file is -53.648 over 399 frames.
LOG (gmm-acc-mllt[5.4.140~1-1ab3d]:main():gmm-acc-mllt.cc:108) Average like for this file is -54.2971 over 398 frames.
LOG (gmm-acc-mllt[5.4.140~1-1ab3d]:main():gmm-acc-mllt.cc:108) Average like for this file is -56.6536 over 730 frames.
LOG (gmm-acc-mllt[5.4.140~1-1ab3d]:main():gmm-acc-mllt.cc:108) Average like for this file is -57.3667 over 466 frames.
LOG (gmm-acc-mllt[5.4.140~1-1ab3d]:main():gmm-acc-mllt.cc:108) Average like for this file is -57.2664 over 421 frames.
LOG (gmm-acc-mllt[5.4.140~1-1ab3d]:main():gmm-acc-mllt.cc:108) Average like for this file is -53.76 over 483 frames.
LOG (gmm-acc-mllt[5.4.140~1-1ab3d]:main():gmm-acc-mllt.cc:108) Average like for this file is -58.0921 over 835 frames.
LOG (gmm-acc-mllt[5.4.140~1-1ab3d]:main():gmm-acc-mllt.cc:108) Average like for this file is -59.4725 over 371 frames.
LOG (gmm-acc-mllt[5.4.140~1-1ab3d]:main():gmm-acc-mllt.cc:108) Average like for this file is -54.4579 over 518 frames.
LOG (gmm-acc-mllt[5.4.140~1-1ab3d]:main():gmm-acc-mllt.cc:108) Average like for this file is -55.0495 over 241 frames.
LOG (gmm-acc-mllt[5.4.140~1-1ab3d]:main():gmm-acc-mllt.cc:114) Avg like per frame so far is -56.263
LOG (gmm-acc-mllt[5.4.140~1-1ab3d]:main():gmm-acc-mllt.cc:108) Average like for this file is -55.8652 over 524 frames.
LOG (gmm-acc-mllt[5.4.140~1-1ab3d]:main():gmm-acc-mllt.cc:108) Average like for this file is -57.6705 over 614 frames.
LOG (gmm-acc-mllt[5.4.140~1-1ab3d]:main():gmm-acc-mllt.cc:108) Average like for this file is -56.1749 over 822 frames.
LOG (gmm-acc-mllt[5.4.140~1-1ab3d]:main():gmm-acc-mllt.cc:108) Average like for this file is -51.9831 over 345 frames.
LOG (gmm-acc-mllt[5.4.140~1-1ab3d]:main():gmm-acc-mllt.cc:108) Average like for this file is -53.9972 over 950 frames.
LOG (gmm-acc-mllt[5.4.140~1-1ab3d]:main():gmm-acc-mllt.cc:108) Average like for this file is -52.2436 over 528 frames.
LOG (gmm-acc-mllt[5.4.140~1-1ab3d]:main():gmm-acc-mllt.cc:108) Average like for this file is -56.1834 over 391 frames.
LOG (gmm-acc-mllt[5.4.140~1-1ab3d]:main():gmm-acc-mllt.cc:108) Average like for this file is -53.5899 over 451 frames.
LOG (gmm-acc-mllt[5.4.140~1-1ab3d]:main():gmm-acc-mllt.cc:108) Average like for this file is -55.4927 over 653 frames.
LOG (gmm-acc-mllt[5.4.140~1-1ab3d]:main():gmm-acc-mllt.cc:108) Average like for this file is -53.9285 over 548 frames.
LOG (gmm-acc-mllt[5.4.140~1-1ab3d]:main():gmm-acc-mllt.cc:114) Avg like per frame so far is -56.0744
LOG (gmm-acc-mllt[5.4.140~1-1ab3d]:main():gmm-acc-mllt.cc:108) Average like for this file is -56.1656 over 648 frames.
LOG (gmm-acc-mllt[5.4.140~1-1ab3d]:main():gmm-acc-mllt.cc:108) Average like for this file is -57.9878 over 733 frames.
LOG (gmm-acc-mllt[5.4.140~1-1ab3d]:main():gmm-acc-mllt.cc:108) Average like for this file is -57.0696 over 434 frames.
LOG (gmm-acc-mllt[5.4.140~1-1ab3d]:main():gmm-acc-mllt.cc:108) Average like for this file is -61.7784 over 381 frames.
LOG (gmm-acc-mllt[5.4.140~1-1ab3d]:main():gmm-acc-mllt.cc:108) Average like for this file is -59.2007 over 398 frames.
LOG (gmm-acc-mllt[5.4.140~1-1ab3d]:main():gmm-acc-mllt.cc:108) Average like for this file is -57.9327 over 339 frames.
LOG (gmm-acc-mllt[5.4.140~1-1ab3d]:main():gmm-acc-mllt.cc:108) Average like for this file is -65.2447 over 361 frames.
LOG (gmm-acc-mllt[5.4.140~1-1ab3d]:main():gmm-acc-mllt.cc:108) Average like for this file is -60.5254 over 501 frames.
LOG (gmm-acc-mllt[5.4.140~1-1ab3d]:main():gmm-acc-mllt.cc:108) Average like for this file is -58.9265 over 491 frames.
LOG (gmm-acc-mllt[5.4.140~1-1ab3d]:main():gmm-acc-mllt.cc:108) Average like for this file is -56.469 over 237 frames.
LOG (gmm-acc-mllt[5.4.140~1-1ab3d]:main():gmm-acc-mllt.cc:114) Avg like per frame so far is -56.3451
LOG (gmm-acc-mllt[5.4.140~1-1ab3d]:main():gmm-acc-mllt.cc:108) Average like for this file is -58.2174 over 311 frames.
LOG (gmm-acc-mllt[5.4.140~1-1ab3d]:main():gmm-acc-mllt.cc:108) Average like for this file is -57.2698 over 679 frames.
LOG (gmm-acc-mllt[5.4.140~1-1ab3d]:main():gmm-acc-mllt.cc:108) Average like for this file is -57.4786 over 304 frames.
LOG (gmm-acc-mllt[5.4.140~1-1ab3d]:main():gmm-acc-mllt.cc:108) Average like for this file is -58.679 over 736 frames.
LOG (gmm-acc-mllt[5.4.140~1-1ab3d]:main():gmm-acc-mllt.cc:108) Average like for this file is -58.7184 over 692 frames.
LOG (gmm-acc-mllt[5.4.140~1-1ab3d]:main():gmm-acc-mllt.cc:108) Average like for this file is -58.4939 over 538 frames.
LOG (gmm-acc-mllt[5.4.140~1-1ab3d]:main():gmm-acc-mllt.cc:108) Average like for this file is -61.5468 over 390 frames.
LOG (gmm-acc-mllt[5.4.140~1-1ab3d]:main():gmm-acc-mllt.cc:108) Average like for this file is -60.3376 over 864 frames.
LOG (gmm-acc-mllt[5.4.140~1-1ab3d]:main():gmm-acc-mllt.cc:108) Average like for this file is -57.6242 over 651 frames.
LOG (gmm-acc-mllt[5.4.140~1-1ab3d]:main():gmm-acc-mllt.cc:108) Average like for this file is -60.1228 over 570 frames.
LOG (gmm-acc-mllt[5.4.140~1-1ab3d]:main():gmm-acc-mllt.cc:114) Avg like per frame so far is -56.6158
LOG (gmm-acc-mllt[5.4.140~1-1ab3d]:main():gmm-acc-mllt.cc:108) Average like for this file is -60.9364 over 354 frames.
LOG (gmm-acc-mllt[5.4.140~1-1ab3d]:main():gmm-acc-mllt.cc:108) Average like for this file is -58.785 over 402 frames.
LOG (gmm-acc-mllt[5.4.140~1-1ab3d]:main():gmm-acc-mllt.cc:108) Average like for this file is -57.6804 over 417 frames.
LOG (gmm-acc-mllt[5.4.140~1-1ab3d]:main():gmm-acc-mllt.cc:108) Average like for this file is -62.6724 over 453 frames.
LOG (gmm-acc-mllt[5.4.140~1-1ab3d]:main():gmm-acc-mllt.cc:108) Average like for this file is -60.3883 over 690 frames.
LOG (gmm-acc-mllt[5.4.140~1-1ab3d]:main():gmm-acc-mllt.cc:108) Average like for this file is -65.7338 over 164 frames.
LOG (gmm-acc-mllt[5.4.140~1-1ab3d]:main():gmm-acc-mllt.cc:108) Average like for this file is -55.5504 over 496 frames.
LOG (gmm-acc-mllt[5.4.140~1-1ab3d]:main():gmm-acc-mllt.cc:108) Average like for this file is -56.927 over 782 frames.
LOG (gmm-acc-mllt[5.4.140~1-1ab3d]:main():gmm-acc-mllt.cc:108) Average like for this file is -57.0597 over 559 frames.
LOG (gmm-acc-mllt[5.4.140~1-1ab3d]:main():gmm-acc-mllt.cc:108) Average like for this file is -57.7861 over 896 frames.
LOG (gmm-acc-mllt[5.4.140~1-1ab3d]:main():gmm-acc-mllt.cc:114) Avg like per frame so far is -56.7975
LOG (gmm-acc-mllt[5.4.140~1-1ab3d]:main():gmm-acc-mllt.cc:108) Average like for this file is -53.8125 over 791 frames.
LOG (gmm-acc-mllt[5.4.140~1-1ab3d]:main():gmm-acc-mllt.cc:108) Average like for this file is -58.528 over 599 frames.
LOG (gmm-acc-mllt[5.4.140~1-1ab3d]:main():gmm-acc-mllt.cc:108) Average like for this file is -55.1646 over 611 frames.
LOG (gmm-acc-mllt[5.4.140~1-1ab3d]:main():gmm-acc-mllt.cc:108) Average like for this file is -55.4112 over 413 frames.
LOG (gmm-acc-mllt[5.4.140~1-1ab3d]:main():gmm-acc-mllt.cc:108) Average like for this file is -56.9359 over 817 frames.
LOG (gmm-acc-mllt[5.4.140~1-1ab3d]:main():gmm-acc-mllt.cc:108) Average like for this file is -55.2982 over 519 frames.
LOG (gmm-acc-mllt[5.4.140~1-1ab3d]:main():gmm-acc-mllt.cc:108) Average like for this file is -53.3429 over 808 frames.
LOG (gmm-acc-mllt[5.4.140~1-1ab3d]:main():gmm-acc-mllt.cc:108) Average like for this file is -54.5689 over 352 frames.
LOG (gmm-acc-mllt[5.4.140~1-1ab3d]:main():gmm-acc-mllt.cc:108) Average like for this file is -52.688 over 438 frames.
LOG (gmm-acc-mllt[5.4.140~1-1ab3d]:main():gmm-acc-mllt.cc:108) Average like for this file is -58.4044 over 451 frames.
LOG (gmm-acc-mllt[5.4.140~1-1ab3d]:main():gmm-acc-mllt.cc:114) Avg like per frame so far is -56.6706
LOG (gmm-acc-mllt[5.4.140~1-1ab3d]:main():gmm-acc-mllt.cc:108) Average like for this file is -56.875 over 867 frames.
LOG (gmm-acc-mllt[5.4.140~1-1ab3d]:main():gmm-acc-mllt.cc:108) Average like for this file is -55.9439 over 288 frames.
LOG (gmm-acc-mllt[5.4.140~1-1ab3d]:main():gmm-acc-mllt.cc:108) Average like for this file is -60.0369 over 476 frames.
LOG (gmm-acc-mllt[5.4.140~1-1ab3d]:main():gmm-acc-mllt.cc:108) Average like for this file is -58.4543 over 348 frames.
LOG (gmm-acc-mllt[5.4.140~1-1ab3d]:main():gmm-acc-mllt.cc:108) Average like for this file is -56.9222 over 652 frames.
LOG (gmm-acc-mllt[5.4.140~1-1ab3d]:main():gmm-acc-mllt.cc:108) Average like for this file is -56.5412 over 449 frames.
LOG (gmm-acc-mllt[5.4.140~1-1ab3d]:main():gmm-acc-mllt.cc:108) Average like for this file is -58.0681 over 531 frames.
LOG (gmm-acc-mllt[5.4.140~1-1ab3d]:main():gmm-acc-mllt.cc:108) Average like for this file is -57.2234 over 491 frames.
LOG (gmm-acc-mllt[5.4.140~1-1ab3d]:main():gmm-acc-mllt.cc:108) Average like for this file is -58.2572 over 707 frames.
LOG (gmm-acc-mllt[5.4.140~1-1ab3d]:main():gmm-acc-mllt.cc:108) Average like for this file is -54.3658 over 260 frames.
LOG (gmm-acc-mllt[5.4.140~1-1ab3d]:main():gmm-acc-mllt.cc:114) Avg like per frame so far is -56.7255
LOG (gmm-acc-mllt[5.4.140~1-1ab3d]:main():gmm-acc-mllt.cc:108) Average like for this file is -59.306 over 362 frames.
LOG (gmm-acc-mllt[5.4.140~1-1ab3d]:main():gmm-acc-mllt.cc:108) Average like for this file is -57.9152 over 549 frames.
LOG (gmm-acc-mllt[5.4.140~1-1ab3d]:main():gmm-acc-mllt.cc:108) Average like for this file is -54.7133 over 607 frames.
LOG (gmm-acc-mllt[5.4.140~1-1ab3d]:main():gmm-acc-mllt.cc:108) Average like for this file is -57.2496 over 943 frames.
LOG (gmm-acc-mllt[5.4.140~1-1ab3d]:main():gmm-acc-mllt.cc:108) Average like for this file is -57.2153 over 683 frames.
LOG (gmm-acc-mllt[5.4.140~1-1ab3d]:main():gmm-acc-mllt.cc:108) Average like for this file is -58.7115 over 546 frames.
LOG (gmm-acc-mllt[5.4.140~1-1ab3d]:main():gmm-acc-mllt.cc:108) Average like for this file is -53.7611 over 501 frames.
LOG (gmm-acc-mllt[5.4.140~1-1ab3d]:main():gmm-acc-mllt.cc:108) Average like for this file is -52.7992 over 565 frames.
LOG (gmm-acc-mllt[5.4.140~1-1ab3d]:main():gmm-acc-mllt.cc:108) Average like for this file is -50.0035 over 944 frames.
LOG (gmm-acc-mllt[5.4.140~1-1ab3d]:main():gmm-acc-mllt.cc:108) Average like for this file is -49.1746 over 847 frames.
LOG (gmm-acc-mllt[5.4.140~1-1ab3d]:main():gmm-acc-mllt.cc:114) Avg like per frame so far is -56.5399
LOG (gmm-acc-mllt[5.4.140~1-1ab3d]:main():gmm-acc-mllt.cc:108) Average like for this file is -48.2619 over 526 frames.
LOG (gmm-acc-mllt[5.4.140~1-1ab3d]:main():gmm-acc-mllt.cc:108) Average like for this file is -50.6541 over 581 frames.
LOG (gmm-acc-mllt[5.4.140~1-1ab3d]:main():gmm-acc-mllt.cc:108) Average like for this file is -51.9371 over 678 frames.
LOG (gmm-acc-mllt[5.4.140~1-1ab3d]:main():gmm-acc-mllt.cc:108) Average like for this file is -52.4134 over 509 frames.
LOG (gmm-acc-mllt[5.4.140~1-1ab3d]:main():gmm-acc-mllt.cc:108) Average like for this file is -54.7537 over 787 frames.
LOG (gmm-acc-mllt[5.4.140~1-1ab3d]:main():gmm-acc-mllt.cc:108) Average like for this file is -57.4648 over 472 frames.
LOG (gmm-acc-mllt[5.4.140~1-1ab3d]:main():gmm-acc-mllt.cc:108) Average like for this file is -53.9727 over 235 frames.
LOG (gmm-acc-mllt[5.4.140~1-1ab3d]:main():gmm-acc-mllt.cc:108) Average like for this file is -54.1503 over 581 frames.
LOG (gmm-acc-mllt[5.4.140~1-1ab3d]:main():gmm-acc-mllt.cc:108) Average like for this file is -56.4859 over 589 frames.
LOG (gmm-acc-mllt[5.4.140~1-1ab3d]:main():gmm-acc-mllt.cc:108) Average like for this file is -54.1123 over 425 frames.
LOG (gmm-acc-mllt[5.4.140~1-1ab3d]:main():gmm-acc-mllt.cc:114) Avg like per frame so far is -56.3316
LOG (gmm-acc-mllt[5.4.140~1-1ab3d]:main():gmm-acc-mllt.cc:108) Average like for this file is -55.6888 over 451 frames.
LOG (gmm-acc-mllt[5.4.140~1-1ab3d]:main():gmm-acc-mllt.cc:108) Average like for this file is -58.1954 over 561 frames.
LOG (gmm-acc-mllt[5.4.140~1-1ab3d]:main():gmm-acc-mllt.cc:108) Average like for this file is -55.4623 over 785 frames.
LOG (gmm-acc-mllt[5.4.140~1-1ab3d]:main():gmm-acc-mllt.cc:108) Average like for this file is -54.9689 over 464 frames.
LOG (gmm-acc-mllt[5.4.140~1-1ab3d]:main():gmm-acc-mllt.cc:108) Average like for this file is -59.031 over 330 frames.
LOG (gmm-acc-mllt[5.4.140~1-1ab3d]:main():gmm-acc-mllt.cc:108) Average like for this file is -53.5306 over 361 frames.
LOG (gmm-acc-mllt[5.4.140~1-1ab3d]:main():gmm-acc-mllt.cc:108) Average like for this file is -50.6532 over 523 frames.
LOG (gmm-acc-mllt[5.4.140~1-1ab3d]:main():gmm-acc-mllt.cc:108) Average like for this file is -55.6165 over 421 frames.
LOG (gmm-acc-mllt[5.4.140~1-1ab3d]:main():gmm-acc-mllt.cc:108) Average like for this file is -52.5826 over 386 frames.
LOG (gmm-acc-mllt[5.4.140~1-1ab3d]:main():gmm-acc-mllt.cc:108) Average like for this file is -55.7412 over 454 frames.
LOG (gmm-acc-mllt[5.4.140~1-1ab3d]:main():gmm-acc-mllt.cc:114) Avg like per frame so far is -56.266
LOG (gmm-acc-mllt[5.4.140~1-1ab3d]:main():gmm-acc-mllt.cc:108) Average like for this file is -59.848 over 495 frames.
LOG (gmm-acc-mllt[5.4.140~1-1ab3d]:main():gmm-acc-mllt.cc:108) Average like for this file is -61.2485 over 668 frames.
LOG (gmm-acc-mllt[5.4.140~1-1ab3d]:main():gmm-acc-mllt.cc:108) Average like for this file is -57.2057 over 915 frames.
LOG (gmm-acc-mllt[5.4.140~1-1ab3d]:main():gmm-acc-mllt.cc:108) Average like for this file is -58.2549 over 423 frames.
LOG (gmm-acc-mllt[5.4.140~1-1ab3d]:main():gmm-acc-mllt.cc:108) Average like for this file is -56.5474 over 329 frames.
LOG (gmm-acc-mllt[5.4.140~1-1ab3d]:main():gmm-acc-mllt.cc:108) Average like for this file is -62.305 over 353 frames.
LOG (gmm-acc-mllt[5.4.140~1-1ab3d]:main():gmm-acc-mllt.cc:108) Average like for this file is -60.8847 over 411 frames.
LOG (gmm-acc-mllt[5.4.140~1-1ab3d]:main():gmm-acc-mllt.cc:108) Average like for this file is -60.4671 over 529 frames.
LOG (gmm-acc-mllt[5.4.140~1-1ab3d]:main():gmm-acc-mllt.cc:108) Average like for this file is -57.9157 over 646 frames.
LOG (gmm-acc-mllt[5.4.140~1-1ab3d]:main():gmm-acc-mllt.cc:108) Average like for this file is -55.9814 over 607 frames.
LOG (gmm-acc-mllt[5.4.140~1-1ab3d]:main():gmm-acc-mllt.cc:114) Avg like per frame so far is -56.4189
LOG (ali-to-post[5.4.140~1-1ab3d]:main():ali-to-post.cc:73) Converted 184 alignments.
LOG (gmm-acc-mllt[5.4.140~1-1ab3d]:main():gmm-acc-mllt.cc:108) Average like for this file is -54.6897 over 960 frames.
LOG (gmm-acc-mllt[5.4.140~1-1ab3d]:main():gmm-acc-mllt.cc:108) Average like for this file is -58.5511 over 611 frames.
LOG (gmm-acc-mllt[5.4.140~1-1ab3d]:main():gmm-acc-mllt.cc:108) Average like for this file is -54.1807 over 979 frames.
LOG (gmm-acc-mllt[5.4.140~1-1ab3d]:main():gmm-acc-mllt.cc:108) Average like for this file is -57.6534 over 694 frames.
LOG (gmm-acc-mllt[5.4.140~1-1ab3d]:main():gmm-acc-mllt.cc:108) Average like for this file is -56.8122 over 761 frames.
LOG (gmm-acc-mllt[5.4.140~1-1ab3d]:main():gmm-acc-mllt.cc:108) Average like for this file is -57.7023 over 809 frames.
LOG (weight-silence-post[5.4.140~1-1ab3d]:main():weight-silence-post.cc:95) Done 184 posteriors.
LOG (gmm-acc-mllt[5.4.140~1-1ab3d]:main():gmm-acc-mllt.cc:108) Average like for this file is -52.3037 over 573 frames.
LOG (gmm-acc-mllt[5.4.140~1-1ab3d]:main():gmm-acc-mllt.cc:108) Average like for this file is -55.3652 over 353 frames.
LOG (gmm-acc-mllt[5.4.140~1-1ab3d]:main():gmm-acc-mllt.cc:108) Average like for this file is -52.2027 over 645 frames.
LOG (apply-cmvn[5.4.140~1-1ab3d]:main():apply-cmvn.cc:162) Applied cepstral mean normalization to 184 utterances, errors on 0
LOG (gmm-acc-mllt[5.4.140~1-1ab3d]:main():gmm-acc-mllt.cc:108) Average like for this file is -53.7369 over 394 frames.
LOG (gmm-acc-mllt[5.4.140~1-1ab3d]:main():gmm-acc-mllt.cc:114) Avg like per frame so far is -56.3494
LOG (gmm-acc-mllt[5.4.140~1-1ab3d]:main():gmm-acc-mllt.cc:108) Average like for this file is -53.5621 over 544 frames.
LOG (gmm-acc-mllt[5.4.140~1-1ab3d]:main():gmm-acc-mllt.cc:108) Average like for this file is -55.9754 over 444 frames.
LOG (gmm-acc-mllt[5.4.140~1-1ab3d]:main():gmm-acc-mllt.cc:108) Average like for this file is -56.132 over 404 frames.
LOG (transform-feats[5.4.140~1-1ab3d]:main():transform-feats.cc:158) Overall average [pseudo-]logdet is -77.1334 over 114437 frames.
LOG (transform-feats[5.4.140~1-1ab3d]:main():transform-feats.cc:161) Applied transform to 184 utterances; 0 had errors.
LOG (gmm-acc-mllt[5.4.140~1-1ab3d]:main():gmm-acc-mllt.cc:108) Average like for this file is -55.129 over 461 frames.
LOG (gmm-acc-mllt[5.4.140~1-1ab3d]:main():gmm-acc-mllt.cc:119) Done 184 files, 0 with no posteriors, 0 with other errors.
LOG (gmm-acc-mllt[5.4.140~1-1ab3d]:main():gmm-acc-mllt.cc:123) Overall avg like per frame (Gaussian only) = -56.3261 over 100434 frames.
LOG (gmm-acc-mllt[5.4.140~1-1ab3d]:main():gmm-acc-mllt.cc:127) Written accs.
# Accounting: time=4 threads=1
# Ended (code 0) at Mon Jun 18 22:22:25 CST 2018, elapsed time 4 seconds
