# ali-to-post "ark:gunzip -c exp/tri2/ali.8.gz|" ark:- | weight-silence-post 0.0 1 exp/tri2/4.mdl ark:- ark:- | gmm-acc-mllt --rand-prune=4.0 exp/tri2/4.mdl "ark,s,cs:apply-cmvn  --utt2spk=ark:data/train/split20/8/utt2spk scp:data/train/split20/8/cmvn.scp scp:data/train/split20/8/feats.scp ark:- | splice-feats --left-context=3 --right-context=3 ark:- ark:- | transform-feats exp/tri2/2.mat ark:- ark:- |" ark:- exp/tri2/4.8.macc 
# Started at Mon Jun 18 22:22:29 CST 2018
#
gmm-acc-mllt --rand-prune=4.0 exp/tri2/4.mdl 'ark,s,cs:apply-cmvn  --utt2spk=ark:data/train/split20/8/utt2spk scp:data/train/split20/8/cmvn.scp scp:data/train/split20/8/feats.scp ark:- | splice-feats --left-context=3 --right-context=3 ark:- ark:- | transform-feats exp/tri2/2.mat ark:- ark:- |' ark:- exp/tri2/4.8.macc 
weight-silence-post 0.0 1 exp/tri2/4.mdl ark:- ark:- 
ali-to-post 'ark:gunzip -c exp/tri2/ali.8.gz|' ark:- 
splice-feats --left-context=3 --right-context=3 ark:- ark:- 
transform-feats exp/tri2/2.mat ark:- ark:- 
apply-cmvn --utt2spk=ark:data/train/split20/8/utt2spk scp:data/train/split20/8/cmvn.scp scp:data/train/split20/8/feats.scp ark:- 
LOG (gmm-acc-mllt[5.4.140~1-1ab3d]:main():gmm-acc-mllt.cc:108) Average like for this file is -56.8827 over 733 frames.
LOG (gmm-acc-mllt[5.4.140~1-1ab3d]:main():gmm-acc-mllt.cc:108) Average like for this file is -56.1109 over 271 frames.
LOG (gmm-acc-mllt[5.4.140~1-1ab3d]:main():gmm-acc-mllt.cc:108) Average like for this file is -54.4236 over 319 frames.
LOG (gmm-acc-mllt[5.4.140~1-1ab3d]:main():gmm-acc-mllt.cc:108) Average like for this file is -53.8365 over 480 frames.
LOG (gmm-acc-mllt[5.4.140~1-1ab3d]:main():gmm-acc-mllt.cc:108) Average like for this file is -54.8304 over 458 frames.
LOG (gmm-acc-mllt[5.4.140~1-1ab3d]:main():gmm-acc-mllt.cc:108) Average like for this file is -51.2553 over 654 frames.
LOG (gmm-acc-mllt[5.4.140~1-1ab3d]:main():gmm-acc-mllt.cc:108) Average like for this file is -52.1672 over 665 frames.
LOG (gmm-acc-mllt[5.4.140~1-1ab3d]:main():gmm-acc-mllt.cc:108) Average like for this file is -52.0204 over 726 frames.
LOG (gmm-acc-mllt[5.4.140~1-1ab3d]:main():gmm-acc-mllt.cc:108) Average like for this file is -54.0573 over 482 frames.
LOG (gmm-acc-mllt[5.4.140~1-1ab3d]:main():gmm-acc-mllt.cc:108) Average like for this file is -50.6584 over 402 frames.
LOG (gmm-acc-mllt[5.4.140~1-1ab3d]:main():gmm-acc-mllt.cc:114) Avg like per frame so far is -53.4904
LOG (gmm-acc-mllt[5.4.140~1-1ab3d]:main():gmm-acc-mllt.cc:108) Average like for this file is -53.0007 over 472 frames.
LOG (gmm-acc-mllt[5.4.140~1-1ab3d]:main():gmm-acc-mllt.cc:108) Average like for this file is -56.7465 over 606 frames.
LOG (gmm-acc-mllt[5.4.140~1-1ab3d]:main():gmm-acc-mllt.cc:108) Average like for this file is -53.6152 over 599 frames.
LOG (gmm-acc-mllt[5.4.140~1-1ab3d]:main():gmm-acc-mllt.cc:108) Average like for this file is -51.812 over 488 frames.
LOG (gmm-acc-mllt[5.4.140~1-1ab3d]:main():gmm-acc-mllt.cc:108) Average like for this file is -54.3416 over 486 frames.
LOG (gmm-acc-mllt[5.4.140~1-1ab3d]:main():gmm-acc-mllt.cc:108) Average like for this file is -54.5592 over 558 frames.
LOG (gmm-acc-mllt[5.4.140~1-1ab3d]:main():gmm-acc-mllt.cc:108) Average like for this file is -53.4265 over 306 frames.
LOG (gmm-acc-mllt[5.4.140~1-1ab3d]:main():gmm-acc-mllt.cc:108) Average like for this file is -52.8788 over 458 frames.
LOG (gmm-acc-mllt[5.4.140~1-1ab3d]:main():gmm-acc-mllt.cc:108) Average like for this file is -53.9731 over 501 frames.
LOG (gmm-acc-mllt[5.4.140~1-1ab3d]:main():gmm-acc-mllt.cc:108) Average like for this file is -54.0626 over 470 frames.
LOG (gmm-acc-mllt[5.4.140~1-1ab3d]:main():gmm-acc-mllt.cc:114) Avg like per frame so far is -53.7094
LOG (gmm-acc-mllt[5.4.140~1-1ab3d]:main():gmm-acc-mllt.cc:108) Average like for this file is -52.8418 over 359 frames.
LOG (gmm-acc-mllt[5.4.140~1-1ab3d]:main():gmm-acc-mllt.cc:108) Average like for this file is -55.5685 over 557 frames.
LOG (gmm-acc-mllt[5.4.140~1-1ab3d]:main():gmm-acc-mllt.cc:108) Average like for this file is -55.9357 over 542 frames.
LOG (gmm-acc-mllt[5.4.140~1-1ab3d]:main():gmm-acc-mllt.cc:108) Average like for this file is -54.3535 over 438 frames.
LOG (gmm-acc-mllt[5.4.140~1-1ab3d]:main():gmm-acc-mllt.cc:108) Average like for this file is -53.7739 over 697 frames.
LOG (gmm-acc-mllt[5.4.140~1-1ab3d]:main():gmm-acc-mllt.cc:108) Average like for this file is -50.5864 over 770 frames.
LOG (gmm-acc-mllt[5.4.140~1-1ab3d]:main():gmm-acc-mllt.cc:108) Average like for this file is -47.9925 over 896 frames.
LOG (gmm-acc-mllt[5.4.140~1-1ab3d]:main():gmm-acc-mllt.cc:108) Average like for this file is -48.7473 over 688 frames.
LOG (gmm-acc-mllt[5.4.140~1-1ab3d]:main():gmm-acc-mllt.cc:108) Average like for this file is -48.9308 over 356 frames.
LOG (gmm-acc-mllt[5.4.140~1-1ab3d]:main():gmm-acc-mllt.cc:108) Average like for this file is -48.3476 over 447 frames.
LOG (gmm-acc-mllt[5.4.140~1-1ab3d]:main():gmm-acc-mllt.cc:114) Avg like per frame so far is -52.9047
LOG (gmm-acc-mllt[5.4.140~1-1ab3d]:main():gmm-acc-mllt.cc:108) Average like for this file is -46.82 over 465 frames.
LOG (gmm-acc-mllt[5.4.140~1-1ab3d]:main():gmm-acc-mllt.cc:108) Average like for this file is -50.7808 over 477 frames.
LOG (gmm-acc-mllt[5.4.140~1-1ab3d]:main():gmm-acc-mllt.cc:108) Average like for this file is -52.1338 over 476 frames.
LOG (gmm-acc-mllt[5.4.140~1-1ab3d]:main():gmm-acc-mllt.cc:108) Average like for this file is -51.765 over 455 frames.
LOG (gmm-acc-mllt[5.4.140~1-1ab3d]:main():gmm-acc-mllt.cc:108) Average like for this file is -53.1582 over 745 frames.
LOG (gmm-acc-mllt[5.4.140~1-1ab3d]:main():gmm-acc-mllt.cc:108) Average like for this file is -53.4223 over 450 frames.
LOG (gmm-acc-mllt[5.4.140~1-1ab3d]:main():gmm-acc-mllt.cc:108) Average like for this file is -52.7159 over 480 frames.
LOG (gmm-acc-mllt[5.4.140~1-1ab3d]:main():gmm-acc-mllt.cc:108) Average like for this file is -51.9923 over 416 frames.
LOG (gmm-acc-mllt[5.4.140~1-1ab3d]:main():gmm-acc-mllt.cc:108) Average like for this file is -50.1186 over 453 frames.
LOG (gmm-acc-mllt[5.4.140~1-1ab3d]:main():gmm-acc-mllt.cc:108) Average like for this file is -51.2526 over 530 frames.
LOG (gmm-acc-mllt[5.4.140~1-1ab3d]:main():gmm-acc-mllt.cc:114) Avg like per frame so far is -52.5728
LOG (gmm-acc-mllt[5.4.140~1-1ab3d]:main():gmm-acc-mllt.cc:108) Average like for this file is -52.251 over 520 frames.
LOG (gmm-acc-mllt[5.4.140~1-1ab3d]:main():gmm-acc-mllt.cc:108) Average like for this file is -56.0661 over 715 frames.
LOG (gmm-acc-mllt[5.4.140~1-1ab3d]:main():gmm-acc-mllt.cc:108) Average like for this file is -53.9264 over 836 frames.
LOG (gmm-acc-mllt[5.4.140~1-1ab3d]:main():gmm-acc-mllt.cc:108) Average like for this file is -54.8478 over 392 frames.
LOG (gmm-acc-mllt[5.4.140~1-1ab3d]:main():gmm-acc-mllt.cc:108) Average like for this file is -53.5006 over 398 frames.
LOG (gmm-acc-mllt[5.4.140~1-1ab3d]:main():gmm-acc-mllt.cc:108) Average like for this file is -53.3565 over 665 frames.
LOG (gmm-acc-mllt[5.4.140~1-1ab3d]:main():gmm-acc-mllt.cc:108) Average like for this file is -55.8308 over 588 frames.
LOG (gmm-acc-mllt[5.4.140~1-1ab3d]:main():gmm-acc-mllt.cc:108) Average like for this file is -53.6284 over 539 frames.
LOG (gmm-acc-mllt[5.4.140~1-1ab3d]:main():gmm-acc-mllt.cc:108) Average like for this file is -51.4014 over 810 frames.
LOG (gmm-acc-mllt[5.4.140~1-1ab3d]:main():gmm-acc-mllt.cc:108) Average like for this file is -51.0232 over 734 frames.
LOG (gmm-acc-mllt[5.4.140~1-1ab3d]:main():gmm-acc-mllt.cc:114) Avg like per frame so far is -52.7816
LOG (gmm-acc-mllt[5.4.140~1-1ab3d]:main():gmm-acc-mllt.cc:108) Average like for this file is -53.8077 over 332 frames.
LOG (gmm-acc-mllt[5.4.140~1-1ab3d]:main():gmm-acc-mllt.cc:108) Average like for this file is -53.3636 over 316 frames.
LOG (gmm-acc-mllt[5.4.140~1-1ab3d]:main():gmm-acc-mllt.cc:108) Average like for this file is -49.8268 over 572 frames.
LOG (gmm-acc-mllt[5.4.140~1-1ab3d]:main():gmm-acc-mllt.cc:108) Average like for this file is -51.0696 over 579 frames.
LOG (gmm-acc-mllt[5.4.140~1-1ab3d]:main():gmm-acc-mllt.cc:108) Average like for this file is -52.7828 over 413 frames.
LOG (gmm-acc-mllt[5.4.140~1-1ab3d]:main():gmm-acc-mllt.cc:108) Average like for this file is -51.6859 over 403 frames.
LOG (gmm-acc-mllt[5.4.140~1-1ab3d]:main():gmm-acc-mllt.cc:108) Average like for this file is -51.0015 over 270 frames.
LOG (gmm-acc-mllt[5.4.140~1-1ab3d]:main():gmm-acc-mllt.cc:108) Average like for this file is -49.9502 over 742 frames.
LOG (gmm-acc-mllt[5.4.140~1-1ab3d]:main():gmm-acc-mllt.cc:108) Average like for this file is -51.3923 over 831 frames.
LOG (gmm-acc-mllt[5.4.140~1-1ab3d]:main():gmm-acc-mllt.cc:108) Average like for this file is -52.8183 over 371 frames.
LOG (gmm-acc-mllt[5.4.140~1-1ab3d]:main():gmm-acc-mllt.cc:114) Avg like per frame so far is -52.5832
LOG (gmm-acc-mllt[5.4.140~1-1ab3d]:main():gmm-acc-mllt.cc:108) Average like for this file is -50.1251 over 647 frames.
LOG (gmm-acc-mllt[5.4.140~1-1ab3d]:main():gmm-acc-mllt.cc:108) Average like for this file is -52.045 over 410 frames.
LOG (gmm-acc-mllt[5.4.140~1-1ab3d]:main():gmm-acc-mllt.cc:108) Average like for this file is -55.2556 over 517 frames.
LOG (gmm-acc-mllt[5.4.140~1-1ab3d]:main():gmm-acc-mllt.cc:108) Average like for this file is -51.9153 over 474 frames.
LOG (gmm-acc-mllt[5.4.140~1-1ab3d]:main():gmm-acc-mllt.cc:108) Average like for this file is -57.0804 over 567 frames.
LOG (gmm-acc-mllt[5.4.140~1-1ab3d]:main():gmm-acc-mllt.cc:108) Average like for this file is -56.3806 over 248 frames.
LOG (gmm-acc-mllt[5.4.140~1-1ab3d]:main():gmm-acc-mllt.cc:108) Average like for this file is -56.3382 over 667 frames.
LOG (gmm-acc-mllt[5.4.140~1-1ab3d]:main():gmm-acc-mllt.cc:108) Average like for this file is -54.6056 over 357 frames.
LOG (gmm-acc-mllt[5.4.140~1-1ab3d]:main():gmm-acc-mllt.cc:108) Average like for this file is -49.6463 over 292 frames.
LOG (gmm-acc-mllt[5.4.140~1-1ab3d]:main():gmm-acc-mllt.cc:108) Average like for this file is -58.5912 over 294 frames.
LOG (gmm-acc-mllt[5.4.140~1-1ab3d]:main():gmm-acc-mllt.cc:114) Avg like per frame so far is -52.7726
LOG (gmm-acc-mllt[5.4.140~1-1ab3d]:main():gmm-acc-mllt.cc:108) Average like for this file is -57.3587 over 595 frames.
LOG (gmm-acc-mllt[5.4.140~1-1ab3d]:main():gmm-acc-mllt.cc:108) Average like for this file is -56.367 over 400 frames.
LOG (gmm-acc-mllt[5.4.140~1-1ab3d]:main():gmm-acc-mllt.cc:108) Average like for this file is -51.3174 over 504 frames.
LOG (gmm-acc-mllt[5.4.140~1-1ab3d]:main():gmm-acc-mllt.cc:108) Average like for this file is -52.5878 over 751 frames.
LOG (gmm-acc-mllt[5.4.140~1-1ab3d]:main():gmm-acc-mllt.cc:108) Average like for this file is -51.3408 over 677 frames.
LOG (gmm-acc-mllt[5.4.140~1-1ab3d]:main():gmm-acc-mllt.cc:108) Average like for this file is -55.108 over 483 frames.
LOG (gmm-acc-mllt[5.4.140~1-1ab3d]:main():gmm-acc-mllt.cc:108) Average like for this file is -54.3826 over 420 frames.
LOG (gmm-acc-mllt[5.4.140~1-1ab3d]:main():gmm-acc-mllt.cc:108) Average like for this file is -53.2688 over 337 frames.
LOG (gmm-acc-mllt[5.4.140~1-1ab3d]:main():gmm-acc-mllt.cc:108) Average like for this file is -53.9991 over 368 frames.
LOG (gmm-acc-mllt[5.4.140~1-1ab3d]:main():gmm-acc-mllt.cc:108) Average like for this file is -54.3979 over 343 frames.
LOG (gmm-acc-mllt[5.4.140~1-1ab3d]:main():gmm-acc-mllt.cc:114) Avg like per frame so far is -52.9013
LOG (gmm-acc-mllt[5.4.140~1-1ab3d]:main():gmm-acc-mllt.cc:108) Average like for this file is -50.0398 over 654 frames.
LOG (gmm-acc-mllt[5.4.140~1-1ab3d]:main():gmm-acc-mllt.cc:108) Average like for this file is -48.4535 over 265 frames.
LOG (gmm-acc-mllt[5.4.140~1-1ab3d]:main():gmm-acc-mllt.cc:108) Average like for this file is -50.549 over 659 frames.
LOG (gmm-acc-mllt[5.4.140~1-1ab3d]:main():gmm-acc-mllt.cc:108) Average like for this file is -54.255 over 408 frames.
LOG (gmm-acc-mllt[5.4.140~1-1ab3d]:main():gmm-acc-mllt.cc:108) Average like for this file is -55.9231 over 597 frames.
LOG (gmm-acc-mllt[5.4.140~1-1ab3d]:main():gmm-acc-mllt.cc:108) Average like for this file is -48.461 over 358 frames.
LOG (gmm-acc-mllt[5.4.140~1-1ab3d]:main():gmm-acc-mllt.cc:108) Average like for this file is -52.41 over 533 frames.
LOG (gmm-acc-mllt[5.4.140~1-1ab3d]:main():gmm-acc-mllt.cc:108) Average like for this file is -53.4569 over 626 frames.
LOG (gmm-acc-mllt[5.4.140~1-1ab3d]:main():gmm-acc-mllt.cc:108) Average like for this file is -53.0942 over 798 frames.
LOG (gmm-acc-mllt[5.4.140~1-1ab3d]:main():gmm-acc-mllt.cc:108) Average like for this file is -52.6107 over 915 frames.
LOG (gmm-acc-mllt[5.4.140~1-1ab3d]:main():gmm-acc-mllt.cc:114) Avg like per frame so far is -52.8193
LOG (gmm-acc-mllt[5.4.140~1-1ab3d]:main():gmm-acc-mllt.cc:108) Average like for this file is -52.3642 over 501 frames.
LOG (gmm-acc-mllt[5.4.140~1-1ab3d]:main():gmm-acc-mllt.cc:108) Average like for this file is -48.3794 over 644 frames.
LOG (gmm-acc-mllt[5.4.140~1-1ab3d]:main():gmm-acc-mllt.cc:108) Average like for this file is -52.8999 over 416 frames.
LOG (gmm-acc-mllt[5.4.140~1-1ab3d]:main():gmm-acc-mllt.cc:108) Average like for this file is -55.4002 over 333 frames.
LOG (gmm-acc-mllt[5.4.140~1-1ab3d]:main():gmm-acc-mllt.cc:108) Average like for this file is -52.5968 over 407 frames.
LOG (gmm-acc-mllt[5.4.140~1-1ab3d]:main():gmm-acc-mllt.cc:108) Average like for this file is -55.8914 over 555 frames.
LOG (gmm-acc-mllt[5.4.140~1-1ab3d]:main():gmm-acc-mllt.cc:108) Average like for this file is -57.0179 over 626 frames.
LOG (gmm-acc-mllt[5.4.140~1-1ab3d]:main():gmm-acc-mllt.cc:108) Average like for this file is -55.7312 over 371 frames.
LOG (gmm-acc-mllt[5.4.140~1-1ab3d]:main():gmm-acc-mllt.cc:108) Average like for this file is -55.3765 over 593 frames.
LOG (gmm-acc-mllt[5.4.140~1-1ab3d]:main():gmm-acc-mllt.cc:108) Average like for this file is -53.4879 over 491 frames.
LOG (gmm-acc-mllt[5.4.140~1-1ab3d]:main():gmm-acc-mllt.cc:114) Avg like per frame so far is -52.915
LOG (gmm-acc-mllt[5.4.140~1-1ab3d]:main():gmm-acc-mllt.cc:108) Average like for this file is -59.9466 over 574 frames.
LOG (gmm-acc-mllt[5.4.140~1-1ab3d]:main():gmm-acc-mllt.cc:108) Average like for this file is -56.9485 over 586 frames.
LOG (gmm-acc-mllt[5.4.140~1-1ab3d]:main():gmm-acc-mllt.cc:108) Average like for this file is -57.6521 over 475 frames.
LOG (gmm-acc-mllt[5.4.140~1-1ab3d]:main():gmm-acc-mllt.cc:108) Average like for this file is -54.0898 over 439 frames.
LOG (gmm-acc-mllt[5.4.140~1-1ab3d]:main():gmm-acc-mllt.cc:108) Average like for this file is -52.8103 over 736 frames.
LOG (gmm-acc-mllt[5.4.140~1-1ab3d]:main():gmm-acc-mllt.cc:108) Average like for this file is -47.6425 over 719 frames.
LOG (gmm-acc-mllt[5.4.140~1-1ab3d]:main():gmm-acc-mllt.cc:108) Average like for this file is -48.8472 over 303 frames.
LOG (gmm-acc-mllt[5.4.140~1-1ab3d]:main():gmm-acc-mllt.cc:108) Average like for this file is -50.8074 over 486 frames.
LOG (gmm-acc-mllt[5.4.140~1-1ab3d]:main():gmm-acc-mllt.cc:108) Average like for this file is -49.2661 over 388 frames.
LOG (gmm-acc-mllt[5.4.140~1-1ab3d]:main():gmm-acc-mllt.cc:108) Average like for this file is -48.8352 over 504 frames.
LOG (gmm-acc-mllt[5.4.140~1-1ab3d]:main():gmm-acc-mllt.cc:114) Avg like per frame so far is -52.9074
LOG (gmm-acc-mllt[5.4.140~1-1ab3d]:main():gmm-acc-mllt.cc:108) Average like for this file is -48.7326 over 564 frames.
LOG (gmm-acc-mllt[5.4.140~1-1ab3d]:main():gmm-acc-mllt.cc:108) Average like for this file is -54.4607 over 343 frames.
LOG (gmm-acc-mllt[5.4.140~1-1ab3d]:main():gmm-acc-mllt.cc:108) Average like for this file is -47.7104 over 501 frames.
LOG (gmm-acc-mllt[5.4.140~1-1ab3d]:main():gmm-acc-mllt.cc:108) Average like for this file is -49.7414 over 733 frames.
LOG (gmm-acc-mllt[5.4.140~1-1ab3d]:main():gmm-acc-mllt.cc:108) Average like for this file is -48.3833 over 377 frames.
LOG (gmm-acc-mllt[5.4.140~1-1ab3d]:main():gmm-acc-mllt.cc:108) Average like for this file is -50.8198 over 627 frames.
LOG (gmm-acc-mllt[5.4.140~1-1ab3d]:main():gmm-acc-mllt.cc:108) Average like for this file is -50.047 over 453 frames.
LOG (gmm-acc-mllt[5.4.140~1-1ab3d]:main():gmm-acc-mllt.cc:108) Average like for this file is -48.4426 over 409 frames.
LOG (gmm-acc-mllt[5.4.140~1-1ab3d]:main():gmm-acc-mllt.cc:108) Average like for this file is -50.516 over 683 frames.
LOG (gmm-acc-mllt[5.4.140~1-1ab3d]:main():gmm-acc-mllt.cc:108) Average like for this file is -50.9743 over 430 frames.
LOG (gmm-acc-mllt[5.4.140~1-1ab3d]:main():gmm-acc-mllt.cc:114) Avg like per frame so far is -52.661
LOG (gmm-acc-mllt[5.4.140~1-1ab3d]:main():gmm-acc-mllt.cc:108) Average like for this file is -56.1868 over 464 frames.
LOG (gmm-acc-mllt[5.4.140~1-1ab3d]:main():gmm-acc-mllt.cc:108) Average like for this file is -56.0805 over 395 frames.
LOG (gmm-acc-mllt[5.4.140~1-1ab3d]:main():gmm-acc-mllt.cc:108) Average like for this file is -57.9346 over 849 frames.
LOG (gmm-acc-mllt[5.4.140~1-1ab3d]:main():gmm-acc-mllt.cc:108) Average like for this file is -54.0402 over 692 frames.
LOG (gmm-acc-mllt[5.4.140~1-1ab3d]:main():gmm-acc-mllt.cc:108) Average like for this file is -56.7106 over 436 frames.
LOG (gmm-acc-mllt[5.4.140~1-1ab3d]:main():gmm-acc-mllt.cc:108) Average like for this file is -55.0974 over 404 frames.
LOG (gmm-acc-mllt[5.4.140~1-1ab3d]:main():gmm-acc-mllt.cc:108) Average like for this file is -54.3176 over 712 frames.
LOG (gmm-acc-mllt[5.4.140~1-1ab3d]:main():gmm-acc-mllt.cc:108) Average like for this file is -56.7332 over 416 frames.
LOG (gmm-acc-mllt[5.4.140~1-1ab3d]:main():gmm-acc-mllt.cc:108) Average like for this file is -53.1761 over 401 frames.
LOG (gmm-acc-mllt[5.4.140~1-1ab3d]:main():gmm-acc-mllt.cc:108) Average like for this file is -52.3429 over 752 frames.
LOG (gmm-acc-mllt[5.4.140~1-1ab3d]:main():gmm-acc-mllt.cc:114) Avg like per frame so far is -52.8676
LOG (gmm-acc-mllt[5.4.140~1-1ab3d]:main():gmm-acc-mllt.cc:108) Average like for this file is -52.6508 over 769 frames.
LOG (gmm-acc-mllt[5.4.140~1-1ab3d]:main():gmm-acc-mllt.cc:108) Average like for this file is -51.8173 over 379 frames.
LOG (gmm-acc-mllt[5.4.140~1-1ab3d]:main():gmm-acc-mllt.cc:108) Average like for this file is -57.0105 over 290 frames.
LOG (gmm-acc-mllt[5.4.140~1-1ab3d]:main():gmm-acc-mllt.cc:108) Average like for this file is -51.4624 over 391 frames.
LOG (gmm-acc-mllt[5.4.140~1-1ab3d]:main():gmm-acc-mllt.cc:108) Average like for this file is -52.4864 over 369 frames.
LOG (gmm-acc-mllt[5.4.140~1-1ab3d]:main():gmm-acc-mllt.cc:108) Average like for this file is -51.8828 over 463 frames.
LOG (gmm-acc-mllt[5.4.140~1-1ab3d]:main():gmm-acc-mllt.cc:108) Average like for this file is -48.1044 over 717 frames.
LOG (gmm-acc-mllt[5.4.140~1-1ab3d]:main():gmm-acc-mllt.cc:108) Average like for this file is -51.7474 over 302 frames.
LOG (gmm-acc-mllt[5.4.140~1-1ab3d]:main():gmm-acc-mllt.cc:108) Average like for this file is -46.6859 over 699 frames.
LOG (gmm-acc-mllt[5.4.140~1-1ab3d]:main():gmm-acc-mllt.cc:108) Average like for this file is -46.5939 over 374 frames.
LOG (gmm-acc-mllt[5.4.140~1-1ab3d]:main():gmm-acc-mllt.cc:114) Avg like per frame so far is -52.717
LOG (gmm-acc-mllt[5.4.140~1-1ab3d]:main():gmm-acc-mllt.cc:108) Average like for this file is -45.8017 over 368 frames.
LOG (gmm-acc-mllt[5.4.140~1-1ab3d]:main():gmm-acc-mllt.cc:108) Average like for this file is -51.9903 over 333 frames.
LOG (gmm-acc-mllt[5.4.140~1-1ab3d]:main():gmm-acc-mllt.cc:108) Average like for this file is -49.6818 over 660 frames.
LOG (gmm-acc-mllt[5.4.140~1-1ab3d]:main():gmm-acc-mllt.cc:108) Average like for this file is -51.4202 over 491 frames.
LOG (gmm-acc-mllt[5.4.140~1-1ab3d]:main():gmm-acc-mllt.cc:108) Average like for this file is -52.968 over 310 frames.
LOG (gmm-acc-mllt[5.4.140~1-1ab3d]:main():gmm-acc-mllt.cc:108) Average like for this file is -55.6987 over 607 frames.
LOG (gmm-acc-mllt[5.4.140~1-1ab3d]:main():gmm-acc-mllt.cc:108) Average like for this file is -50.8027 over 957 frames.
LOG (gmm-acc-mllt[5.4.140~1-1ab3d]:main():gmm-acc-mllt.cc:108) Average like for this file is -53.8622 over 385 frames.
LOG (gmm-acc-mllt[5.4.140~1-1ab3d]:main():gmm-acc-mllt.cc:108) Average like for this file is -52.9106 over 561 frames.
LOG (gmm-acc-mllt[5.4.140~1-1ab3d]:main():gmm-acc-mllt.cc:108) Average like for this file is -55.6199 over 645 frames.
LOG (gmm-acc-mllt[5.4.140~1-1ab3d]:main():gmm-acc-mllt.cc:114) Avg like per frame so far is -52.6791
LOG (gmm-acc-mllt[5.4.140~1-1ab3d]:main():gmm-acc-mllt.cc:108) Average like for this file is -55.4966 over 774 frames.
LOG (gmm-acc-mllt[5.4.140~1-1ab3d]:main():gmm-acc-mllt.cc:108) Average like for this file is -55.116 over 415 frames.
LOG (gmm-acc-mllt[5.4.140~1-1ab3d]:main():gmm-acc-mllt.cc:108) Average like for this file is -56.3691 over 426 frames.
LOG (gmm-acc-mllt[5.4.140~1-1ab3d]:main():gmm-acc-mllt.cc:108) Average like for this file is -51.3337 over 418 frames.
LOG (gmm-acc-mllt[5.4.140~1-1ab3d]:main():gmm-acc-mllt.cc:108) Average like for this file is -51.6863 over 809 frames.
LOG (gmm-acc-mllt[5.4.140~1-1ab3d]:main():gmm-acc-mllt.cc:108) Average like for this file is -52.7633 over 551 frames.
LOG (gmm-acc-mllt[5.4.140~1-1ab3d]:main():gmm-acc-mllt.cc:108) Average like for this file is -50.0055 over 429 frames.
LOG (gmm-acc-mllt[5.4.140~1-1ab3d]:main():gmm-acc-mllt.cc:108) Average like for this file is -52.4892 over 822 frames.
LOG (gmm-acc-mllt[5.4.140~1-1ab3d]:main():gmm-acc-mllt.cc:108) Average like for this file is -51.3693 over 332 frames.
LOG (gmm-acc-mllt[5.4.140~1-1ab3d]:main():gmm-acc-mllt.cc:108) Average like for this file is -54.6833 over 356 frames.
LOG (gmm-acc-mllt[5.4.140~1-1ab3d]:main():gmm-acc-mllt.cc:114) Avg like per frame so far is -52.7082
LOG (gmm-acc-mllt[5.4.140~1-1ab3d]:main():gmm-acc-mllt.cc:108) Average like for this file is -51.1897 over 790 frames.
LOG (gmm-acc-mllt[5.4.140~1-1ab3d]:main():gmm-acc-mllt.cc:108) Average like for this file is -52.517 over 500 frames.
LOG (gmm-acc-mllt[5.4.140~1-1ab3d]:main():gmm-acc-mllt.cc:108) Average like for this file is -52.43 over 482 frames.
LOG (gmm-acc-mllt[5.4.140~1-1ab3d]:main():gmm-acc-mllt.cc:108) Average like for this file is -55.1199 over 410 frames.
LOG (gmm-acc-mllt[5.4.140~1-1ab3d]:main():gmm-acc-mllt.cc:108) Average like for this file is -52.5306 over 658 frames.
LOG (gmm-acc-mllt[5.4.140~1-1ab3d]:main():gmm-acc-mllt.cc:108) Average like for this file is -51.7257 over 443 frames.
LOG (gmm-acc-mllt[5.4.140~1-1ab3d]:main():gmm-acc-mllt.cc:108) Average like for this file is -52.7362 over 496 frames.
LOG (gmm-acc-mllt[5.4.140~1-1ab3d]:main():gmm-acc-mllt.cc:108) Average like for this file is -53.8405 over 489 frames.
LOG (ali-to-post[5.4.140~1-1ab3d]:main():ali-to-post.cc:73) Converted 184 alignments.
LOG (gmm-acc-mllt[5.4.140~1-1ab3d]:main():gmm-acc-mllt.cc:108) Average like for this file is -53.4749 over 753 frames.
LOG (gmm-acc-mllt[5.4.140~1-1ab3d]:main():gmm-acc-mllt.cc:108) Average like for this file is -53.807 over 208 frames.
LOG (gmm-acc-mllt[5.4.140~1-1ab3d]:main():gmm-acc-mllt.cc:114) Avg like per frame so far is -52.7125
LOG (gmm-acc-mllt[5.4.140~1-1ab3d]:main():gmm-acc-mllt.cc:108) Average like for this file is -53.9648 over 642 frames.
LOG (gmm-acc-mllt[5.4.140~1-1ab3d]:main():gmm-acc-mllt.cc:108) Average like for this file is -53.5266 over 549 frames.
LOG (gmm-acc-mllt[5.4.140~1-1ab3d]:main():gmm-acc-mllt.cc:108) Average like for this file is -51.2665 over 440 frames.
LOG (gmm-acc-mllt[5.4.140~1-1ab3d]:main():gmm-acc-mllt.cc:108) Average like for this file is -55.4906 over 405 frames.
LOG (gmm-acc-mllt[5.4.140~1-1ab3d]:main():gmm-acc-mllt.cc:108) Average like for this file is -55.612 over 484 frames.
LOG (gmm-acc-mllt[5.4.140~1-1ab3d]:main():gmm-acc-mllt.cc:108) Average like for this file is -54.6427 over 452 frames.
LOG (gmm-acc-mllt[5.4.140~1-1ab3d]:main():gmm-acc-mllt.cc:108) Average like for this file is -52.5105 over 502 frames.
LOG (gmm-acc-mllt[5.4.140~1-1ab3d]:main():gmm-acc-mllt.cc:108) Average like for this file is -51.7271 over 545 frames.
LOG (weight-silence-post[5.4.140~1-1ab3d]:main():weight-silence-post.cc:95) Done 184 posteriors.
LOG (gmm-acc-mllt[5.4.140~1-1ab3d]:main():gmm-acc-mllt.cc:108) Average like for this file is -51.4611 over 829 frames.
LOG (apply-cmvn[5.4.140~1-1ab3d]:main():apply-cmvn.cc:162) Applied cepstral mean normalization to 184 utterances, errors on 0
LOG (gmm-acc-mllt[5.4.140~1-1ab3d]:main():gmm-acc-mllt.cc:108) Average like for this file is -55.0341 over 534 frames.
LOG (gmm-acc-mllt[5.4.140~1-1ab3d]:main():gmm-acc-mllt.cc:114) Avg like per frame so far is -52.7507
LOG (gmm-acc-mllt[5.4.140~1-1ab3d]:main():gmm-acc-mllt.cc:108) Average like for this file is -54.6885 over 452 frames.
LOG (gmm-acc-mllt[5.4.140~1-1ab3d]:main():gmm-acc-mllt.cc:108) Average like for this file is -49.29 over 559 frames.
LOG (gmm-acc-mllt[5.4.140~1-1ab3d]:main():gmm-acc-mllt.cc:108) Average like for this file is -51.8065 over 605 frames.
LOG (transform-feats[5.4.140~1-1ab3d]:main():transform-feats.cc:158) Overall average [pseudo-]logdet is -75.8345 over 109880 frames.
LOG (transform-feats[5.4.140~1-1ab3d]:main():transform-feats.cc:161) Applied transform to 184 utterances; 0 had errors.
LOG (gmm-acc-mllt[5.4.140~1-1ab3d]:main():gmm-acc-mllt.cc:108) Average like for this file is -53.9996 over 384 frames.
LOG (gmm-acc-mllt[5.4.140~1-1ab3d]:main():gmm-acc-mllt.cc:119) Done 184 files, 0 with no posteriors, 0 with other errors.
LOG (gmm-acc-mllt[5.4.140~1-1ab3d]:main():gmm-acc-mllt.cc:123) Overall avg like per frame (Gaussian only) = -52.7387 over 95822 frames.
LOG (gmm-acc-mllt[5.4.140~1-1ab3d]:main():gmm-acc-mllt.cc:127) Written accs.
# Accounting: time=2 threads=1
# Ended (code 0) at Mon Jun 18 22:22:31 CST 2018, elapsed time 2 seconds
