# latgen-faster-mapped --beam=18.0 --lattice-beam=10.0 --acoustic-scale=0.2 --max-mem=20000000 --max-active=5000 --word-symbol-table=data/lang/words.txt exp_2/dnn4_pretrain-dbn_dnn/final.mdl exp_2/dnn4_pretrain-dbn_dnn_denlats/dengraph/HCLG.fst "ark,s,cs:copy-feats scp:data-deltas-tri1/train/split20/10/feats.scp ark:- | nnet-forward --no-softmax=true --prior-scale=1.0 --feature-transform=exp_2/dnn4_pretrain-dbn_dnn/final.feature_transform --class-frame-counts=exp_2/dnn4_pretrain-dbn_dnn/ali_train_pdf.counts --use-gpu=no exp_2/dnn4_pretrain-dbn_dnn/final.nnet ark:- ark:- |" scp:exp_2/dnn4_pretrain-dbn_dnn_denlats/lat.store_separately_as_gz.scp 
# Started at Fri Jun 22 18:32:10 CST 2018
#
latgen-faster-mapped --beam=18.0 --lattice-beam=10.0 --acoustic-scale=0.2 --max-mem=20000000 --max-active=5000 --word-symbol-table=data/lang/words.txt exp_2/dnn4_pretrain-dbn_dnn/final.mdl exp_2/dnn4_pretrain-dbn_dnn_denlats/dengraph/HCLG.fst 'ark,s,cs:copy-feats scp:data-deltas-tri1/train/split20/10/feats.scp ark:- | nnet-forward --no-softmax=true --prior-scale=1.0 --feature-transform=exp_2/dnn4_pretrain-dbn_dnn/final.feature_transform --class-frame-counts=exp_2/dnn4_pretrain-dbn_dnn/ali_train_pdf.counts --use-gpu=no exp_2/dnn4_pretrain-dbn_dnn/final.nnet ark:- ark:- |' scp:exp_2/dnn4_pretrain-dbn_dnn_denlats/lat.store_separately_as_gz.scp 
copy-feats scp:data-deltas-tri1/train/split20/10/feats.scp ark:- 
nnet-forward --no-softmax=true --prior-scale=1.0 --feature-transform=exp_2/dnn4_pretrain-dbn_dnn/final.feature_transform --class-frame-counts=exp_2/dnn4_pretrain-dbn_dnn/ali_train_pdf.counts --use-gpu=no exp_2/dnn4_pretrain-dbn_dnn/final.nnet ark:- ark:- 
LOG (nnet-forward[5.4.140~1-1ab3d]:SelectGpuId():cu-device.cc:123) Manually selected to compute on CPU.
LOG (nnet-forward[5.4.140~1-1ab3d]:main():nnet-forward.cc:93) Removing <Softmax> from the nnet exp_2/dnn4_pretrain-dbn_dnn/final.nnet
LOG (nnet-forward[5.4.140~1-1ab3d]:PdfPrior():nnet-pdf-prior.cc:34) Computing pdf-priors from : exp_2/dnn4_pretrain-dbn_dnn/ali_train_pdf.counts
LOG (nnet-forward[5.4.140~1-1ab3d]:PdfPrior():nnet-pdf-prior.cc:64) Floored 0 pdf-priors (hard-set to 1.84467e+19, which disables DNN output when decoding)
mdss1_si1327 sil s ah m cl t ay n z ao l ow vcl b ay n ax m iy n z ao l oy z iy z er n d iy dx ae l cl k l aa n sil 
LOG (latgen-faster-mapped[5.4.140~1-1ab3d]:DecodeUtteranceLatticeFaster():decoder-wrappers.cc:286) Log-like per frame for utterance mdss1_si1327 is 3.61518 over 707 frames.
mdss1_si1713 sil hh iy m ey cl t r ay dx f ow n ah s sil 
LOG (latgen-faster-mapped[5.4.140~1-1ab3d]:DecodeUtteranceLatticeFaster():decoder-wrappers.cc:286) Log-like per frame for utterance mdss1_si1713 is 3.70168 over 298 frames.
mdss1_si697 sil b ah f r m ax s cl t aa r cl t eh vcl t uw m p ao r n ix ng g r iy dx ix n s en s eh er dx iy ix n r l ax z ax m sil 
LOG (latgen-faster-mapped[5.4.140~1-1ab3d]:RebuildRepository():determinize-lattice-pruned.cc:283) Rebuilding repository.
LOG (latgen-faster-mapped[5.4.140~1-1ab3d]:RebuildRepository():determinize-lattice-pruned.cc:283) Rebuilding repository.
LOG (latgen-faster-mapped[5.4.140~1-1ab3d]:DecodeUtteranceLatticeFaster():decoder-wrappers.cc:286) Log-like per frame for utterance mdss1_si697 is 3.50159 over 710 frames.
mdss1_sx157 sil r m uw dh s cl p l er ow dh cl p eh er cl t w iy z er z sil 
LOG (latgen-faster-mapped[5.4.140~1-1ab3d]:DecodeUtteranceLatticeFaster():decoder-wrappers.cc:286) Log-like per frame for utterance mdss1_sx157 is 3.53642 over 435 frames.
mdss1_sx247 sil dh ix s ih vcl r eh cl s ix n ix cl k l ey ae sh cl t r eh v er f l er dx ao n ax dh iy ow cl t ey w el sil 
LOG (latgen-faster-mapped[5.4.140~1-1ab3d]:DecodeUtteranceLatticeFaster():decoder-wrappers.cc:286) Log-like per frame for utterance mdss1_sx247 is 3.56959 over 688 frames.
mdss1_sx337 sil b ao vcl b ey ih n ix jh b ah th epi uw n v dh ix s cl k ih l vcl d aa cl t er sil 
LOG (latgen-faster-mapped[5.4.140~1-1ab3d]:DecodeUtteranceLatticeFaster():decoder-wrappers.cc:286) Log-like per frame for utterance mdss1_sx337 is 3.55216 over 499 frames.
mdss1_sx427 sil eh v r iy cl k ae n iy vcl d r iy cl p ey n ng ao f ax n sil 
LOG (latgen-faster-mapped[5.4.140~1-1ab3d]:DecodeUtteranceLatticeFaster():decoder-wrappers.cc:286) Log-like per frame for utterance mdss1_sx427 is 3.82077 over 418 frames.
mdss1_sx67 sil l ae sh jh ih er z g ae sh ao r jh cl k ao s cl d iy cl p r ay s ix n vcl k er iy s ix z s sil 
LOG (latgen-faster-mapped[5.4.140~1-1ab3d]:DecodeUtteranceLatticeFaster():decoder-wrappers.cc:286) Log-like per frame for utterance mdss1_sx67 is 3.66259 over 602 frames.
mdtb0_si1200 sil dh ah dx ih m b iy cl k ah m aa n ix s cl t ax n ey vcl d ix s cl k er dx ix m sil 
LOG (latgen-faster-mapped[5.4.140~1-1ab3d]:RebuildRepository():determinize-lattice-pruned.cc:283) Rebuilding repository.
LOG (latgen-faster-mapped[5.4.140~1-1ab3d]:DecodeUtteranceLatticeFaster():decoder-wrappers.cc:286) Log-like per frame for utterance mdtb0_si1200 is 3.52076 over 385 frames.
mdtb0_si1830 sil dh ax vcl b ah dx iy z ix n v er ih vcl b l ih cl t ax cl k ix vcl v ae n ix vcl jh v ih m sil 
LOG (latgen-faster-mapped[5.4.140~1-1ab3d]:DecodeUtteranceLatticeFaster():decoder-wrappers.cc:286) Log-like per frame for utterance mdtb0_si1830 is 3.55234 over 414 frames.
mdtb0_si570 sil dh vcl b r ih s el z ah s ao f t ax n ah f t ax m ax s aa z ix vcl g ah m z ax n aa cl ch cl k ae cl ch dh iy n ae m l sil 
LOG (latgen-faster-mapped[5.4.140~1-1ab3d]:DecodeUtteranceLatticeFaster():decoder-wrappers.cc:286) Log-like per frame for utterance mdtb0_si570 is 3.55203 over 680 frames.
mdtb0_sx120 sil dh ix cl k ay ih ow dx iy sil b aa cl k ae cl ae n ay iy ah aa w ah vcl d ae n m el z sil 
LOG (latgen-faster-mapped[5.4.140~1-1ab3d]:RebuildRepository():determinize-lattice-pruned.cc:283) Rebuilding repository.
LOG (latgen-faster-mapped[5.4.140~1-1ab3d]:DecodeUtteranceLatticeFaster():decoder-wrappers.cc:286) Log-like per frame for utterance mdtb0_sx120 is 3.48207 over 602 frames.
mdtb0_sx210 sil ch eh f s cl t oy vcl g ow cl k aa r cl n eh v w r cl t sil 
LOG (latgen-faster-mapped[5.4.140~1-1ab3d]:DecodeUtteranceLatticeFaster():decoder-wrappers.cc:286) Log-like per frame for utterance mdtb0_sx210 is 3.63143 over 432 frames.
mdtb0_sx300 sil ah m iy vcl b ih s cl ch ey n sh ey cl k aa s cl t en l iy sil 
LOG (latgen-faster-mapped[5.4.140~1-1ab3d]:DecodeUtteranceLatticeFaster():decoder-wrappers.cc:286) Log-like per frame for utterance mdtb0_sx300 is 3.61361 over 405 frames.
mdtb0_sx321 sil dh ix vcl g r ae n ah cl k ih n iy s aa hh ix sh ae dx ow sil b ax cl s cl t ey dx ah cl ow l iy m ao m ax cl t sil 
LOG (latgen-faster-mapped[5.4.140~1-1ab3d]:RebuildRepository():determinize-lattice-pruned.cc:283) Rebuilding repository.
LOG (latgen-faster-mapped[5.4.140~1-1ab3d]:RebuildRepository():determinize-lattice-pruned.cc:283) Rebuilding repository.
LOG (latgen-faster-mapped[5.4.140~1-1ab3d]:RebuildRepository():determinize-lattice-pruned.cc:283) Rebuilding repository.
LOG (latgen-faster-mapped[5.4.140~1-1ab3d]:RebuildRepository():determinize-lattice-pruned.cc:283) Rebuilding repository.
WARNING (latgen-faster-mapped[5.4.140~1-1ab3d]:CheckMemoryUsage():determinize-lattice-pruned.cc:316) Did not reach requested beam in determinize-lattice: size exceeds maximum 20000000 bytes; (repo,arcs,elems) = (13371488,351936,6297840), after rebuilding, repo size was 10109984, effective beam was 8.03355 vs. requested beam 10
WARNING (latgen-faster-mapped[5.4.140~1-1ab3d]:DecodeUtteranceLatticeFaster():decoder-wrappers.cc:274) Determinization finished earlier than the beam for utterance mdtb0_sx321
LOG (latgen-faster-mapped[5.4.140~1-1ab3d]:DecodeUtteranceLatticeFaster():decoder-wrappers.cc:286) Log-like per frame for utterance mdtb0_sx321 is 3.44809 over 674 frames.
mdtb0_sx390 sil hh iy cl p ih cl t ah cl n ay n cl p eh r z v s aa cl sh f r iy cl ch cl r dh er sil 
LOG (latgen-faster-mapped[5.4.140~1-1ab3d]:DecodeUtteranceLatticeFaster():decoder-wrappers.cc:286) Log-like per frame for utterance mdtb0_sx390 is 3.59259 over 483 frames.
mdwd0_si1260 sil y n ih cl p r ay z ix z f er s cl t ey vcl v iy ih cl k el z aa r n v eh r ih vcl b l iy l ow r dh ih n t ix dh ix vcl jh eh n r el cl p aa vcl b el cl k sil 
LOG (latgen-faster-mapped[5.4.140~1-1ab3d]:RebuildRepository():determinize-lattice-pruned.cc:283) Rebuilding repository.
LOG (latgen-faster-mapped[5.4.140~1-1ab3d]:RebuildRepository():determinize-lattice-pruned.cc:283) Rebuilding repository.
LOG (latgen-faster-mapped[5.4.140~1-1ab3d]:DecodeUtteranceLatticeFaster():decoder-wrappers.cc:286) Log-like per frame for utterance mdwd0_si1260 is 3.63142 over 875 frames.
mdwd0_si1890 sil ao l m ay sh ay cl k ih l ih z hh ao r s hh iy r l ao f dh vcl b ey l ay n cl t aa cl p ax v m iy sil 
LOG (latgen-faster-mapped[5.4.140~1-1ab3d]:DecodeUtteranceLatticeFaster():decoder-wrappers.cc:286) Log-like per frame for utterance mdwd0_si1890 is 3.69677 over 732 frames.
mdwd0_si557 sil hh aa dx dh ey cl t er n aw l ey dx er sil 
LOG (latgen-faster-mapped[5.4.140~1-1ab3d]:DecodeUtteranceLatticeFaster():decoder-wrappers.cc:286) Log-like per frame for utterance mdwd0_si557 is 3.79555 over 291 frames.
mdwd0_sx180 sil ao m l s ao cl k aa l vcl jh ix z er n aw cl k ow ey vcl jh ix cl k ey sh n el sil 
LOG (latgen-faster-mapped[5.4.140~1-1ab3d]:DecodeUtteranceLatticeFaster():decoder-wrappers.cc:286) Log-like per frame for utterance mdwd0_sx180 is 3.70524 over 509 frames.
mdwd0_sx270 sil aa r hh ao l dx ey cl p r n z v ey l vcl b el cl t uw ah s sil 
LOG (latgen-faster-mapped[5.4.140~1-1ab3d]:DecodeUtteranceLatticeFaster():decoder-wrappers.cc:286) Log-like per frame for utterance mdwd0_sx270 is 3.75481 over 441 frames.
mdwd0_sx360 sil hh ay ih s uw m oy s cl ch er el vcl d ae n ix vcl jh dh ix s sh ix cl s hh aa l sil 
LOG (latgen-faster-mapped[5.4.140~1-1ab3d]:DecodeUtteranceLatticeFaster():decoder-wrappers.cc:286) Log-like per frame for utterance mdwd0_sx360 is 3.7201 over 532 frames.
mdwd0_sx450 sil r oy ey vcl n ao r vcl dh ix s cl p er iy s cl d ey ix cl p oy cl t s ix n d r ay ng g r ae sil 
LOG (latgen-faster-mapped[5.4.140~1-1ab3d]:DecodeUtteranceLatticeFaster():decoder-wrappers.cc:286) Log-like per frame for utterance mdwd0_sx450 is 3.73108 over 641 frames.
mdwd0_sx90 sil dh ah s ih ng cl k er z ax f ey m ix s cl k ah l cl ch er sil 
LOG (latgen-faster-mapped[5.4.140~1-1ab3d]:DecodeUtteranceLatticeFaster():decoder-wrappers.cc:286) Log-like per frame for utterance mdwd0_sx90 is 3.8006 over 418 frames.
mdwh0_si1168 sil ih cl t ey cl k s ix vcl g r ey cl d iy l el f s ax f ih s cl t ix cl k ey dx ih vcl dh ao cl t vcl g ih cl dh iy ih m p ae cl t v dh ih s f ae cl t sil 
LOG (latgen-faster-mapped[5.4.140~1-1ab3d]:RebuildRepository():determinize-lattice-pruned.cc:283) Rebuilding repository.
LOG (latgen-faster-mapped[5.4.140~1-1ab3d]:DecodeUtteranceLatticeFaster():decoder-wrappers.cc:286) Log-like per frame for utterance mdwh0_si1168 is 3.64625 over 1000 frames.
mdwh0_si1925 sil s ow w ah cl s dh ih s ao l vcl b ae aw sil sil 
LOG (latgen-faster-mapped[5.4.140~1-1ab3d]:DecodeUtteranceLatticeFaster():decoder-wrappers.cc:286) Log-like per frame for utterance mdwh0_si1925 is 3.65412 over 447 frames.
mdwh0_si665 sil m iy n w ao l dh ih eh n ix m iy w uh el cl k ae cl p ax l ay z ow n aa r f iy y er z ix f iy cl k ae iy n sil 
LOG (latgen-faster-mapped[5.4.140~1-1ab3d]:RebuildRepository():determinize-lattice-pruned.cc:283) Rebuilding repository.
LOG (latgen-faster-mapped[5.4.140~1-1ab3d]:DecodeUtteranceLatticeFaster():decoder-wrappers.cc:286) Log-like per frame for utterance mdwh0_si665 is 3.6365 over 962 frames.
mdwh0_sx125 sil w eh s cl ch eh s cl t er ih z ix cl k ae ow n iy ix n y ao r cl sil 
LOG (latgen-faster-mapped[5.4.140~1-1ab3d]:DecodeUtteranceLatticeFaster():decoder-wrappers.cc:286) Log-like per frame for utterance mdwh0_sx125 is 3.79257 over 538 frames.
mdwh0_sx215 sil dh ax s er m ih n eh cl f ix s ay z dh ix n iy vcl f ao er f er m ix n ih v ae cl sh ix sil 
LOG (latgen-faster-mapped[5.4.140~1-1ab3d]:RebuildRepository():determinize-lattice-pruned.cc:283) Rebuilding repository.
LOG (latgen-faster-mapped[5.4.140~1-1ab3d]:DecodeUtteranceLatticeFaster():decoder-wrappers.cc:286) Log-like per frame for utterance mdwh0_sx215 is 3.7632 over 774 frames.
mdwh0_sx305 sil k aa dx ih vcl ch cl ch iy z w ih th cl ch ay v z cl ih z cl t ix l ih sh ix s sil 
LOG (latgen-faster-mapped[5.4.140~1-1ab3d]:RebuildRepository():determinize-lattice-pruned.cc:283) Rebuilding repository.
LOG (latgen-faster-mapped[5.4.140~1-1ab3d]:RebuildRepository():determinize-lattice-pruned.cc:283) Rebuilding repository.
LOG (latgen-faster-mapped[5.4.140~1-1ab3d]:DecodeUtteranceLatticeFaster():decoder-wrappers.cc:286) Log-like per frame for utterance mdwh0_sx305 is 3.6874 over 691 frames.
mdwh0_sx35 sil hh ow cl s eh l vcl b r ey cl y er vcl b r ah dh er s ix cl k s eh s sil 
LOG (latgen-faster-mapped[5.4.140~1-1ab3d]:DecodeUtteranceLatticeFaster():decoder-wrappers.cc:286) Log-like per frame for utterance mdwh0_sx35 is 3.68029 over 547 frames.
mdwh0_sx395 sil ay cl t uh cl k er w er vcl f ao r ih cl sil b ah dx iy sh iy r l iy vcl g ow ng w th iy sil 
LOG (latgen-faster-mapped[5.4.140~1-1ab3d]:DecodeUtteranceLatticeFaster():decoder-wrappers.cc:286) Log-like per frame for utterance mdwh0_sx395 is 3.79421 over 797 frames.
mdwm0_si1546 sil ix n ix cl p ih dx iy f r dh ae aw m hh ih z l ow l iy n ah s w ix z cl g ao n sil 
LOG (latgen-faster-mapped[5.4.140~1-1ab3d]:DecodeUtteranceLatticeFaster():decoder-wrappers.cc:286) Log-like per frame for utterance mdwm0_si1546 is 3.50699 over 536 frames.
mdwm0_si2176 sil w aa cl jh ix vcl b ey vcl sh aa cl ey hh ao r s f oy s y l vcl b ae cl k sil 
LOG (latgen-faster-mapped[5.4.140~1-1ab3d]:DecodeUtteranceLatticeFaster():decoder-wrappers.cc:286) Log-like per frame for utterance mdwm0_si2176 is 3.70014 over 527 frames.
mdwm0_si916 sil s ah m ey cl b y dx ax f el cl ch ih er z cl k ae vcl n ix cl s cl ch ae s vcl d aa hh aw z z ix cl s eh cl t er sil 
LOG (latgen-faster-mapped[5.4.140~1-1ab3d]:DecodeUtteranceLatticeFaster():decoder-wrappers.cc:286) Log-like per frame for utterance mdwm0_si916 is 3.77048 over 871 frames.
mdwm0_sx106 sil ey hh y uw vcl jh cl t ae vcl ix s cl t r iy hh ah ng ix n er hh ao w ey sil 
LOG (latgen-faster-mapped[5.4.140~1-1ab3d]:DecodeUtteranceLatticeFaster():decoder-wrappers.cc:286) Log-like per frame for utterance mdwm0_sx106 is 3.66645 over 499 frames.
mdwm0_sx16 sil ax r ow l v w ay er l iy n iy er dh w ao l sil 
LOG (latgen-faster-mapped[5.4.140~1-1ab3d]:DecodeUtteranceLatticeFaster():decoder-wrappers.cc:286) Log-like per frame for utterance mdwm0_sx16 is 3.83964 over 433 frames.
mdwm0_sx286 sil ih n eh v r iy m ey jh er cl k ow v er l iy f sil t r ae f ix cl k s ah m p ay m z cl g ix cl t vcl b ae cl d ah cl sil 
LOG (latgen-faster-mapped[5.4.140~1-1ab3d]:DecodeUtteranceLatticeFaster():decoder-wrappers.cc:286) Log-like per frame for utterance mdwm0_sx286 is 3.73805 over 726 frames.
mdwm0_sx376 sil w ih m ih m ey n eh v er r iy cl k ah m cl k ax cl p l iy l iy cl k el cl t ix m eh n sil 
LOG (latgen-faster-mapped[5.4.140~1-1ab3d]:RebuildRepository():determinize-lattice-pruned.cc:283) Rebuilding repository.
LOG (latgen-faster-mapped[5.4.140~1-1ab3d]:RebuildRepository():determinize-lattice-pruned.cc:283) Rebuilding repository.
LOG (latgen-faster-mapped[5.4.140~1-1ab3d]:DecodeUtteranceLatticeFaster():decoder-wrappers.cc:286) Log-like per frame for utterance mdwm0_sx376 is 3.60083 over 545 frames.
mdwm0_sx433 sil dh iy ow v w ey vcl ch aa m er cl k ix s ax cl p oy z en ih n cl t eh n iy w n s cl t iy sil 
LOG (latgen-faster-mapped[5.4.140~1-1ab3d]:DecodeUtteranceLatticeFaster():decoder-wrappers.cc:286) Log-like per frame for utterance mdwm0_sx433 is 3.6477 over 601 frames.
meal0_si1547 sil ix ih z iy s eh m el s ey m sil t ah m ih cl s n ey m sil 
LOG (latgen-faster-mapped[5.4.140~1-1ab3d]:DecodeUtteranceLatticeFaster():decoder-wrappers.cc:286) Log-like per frame for utterance meal0_si1547 is 3.64132 over 464 frames.
meal0_si2177 sil sh uw z hh l ix aa n ax hh ih z r aa cl k dh w n hh ae n sil 
LOG (latgen-faster-mapped[5.4.140~1-1ab3d]:RebuildRepository():determinize-lattice-pruned.cc:283) Rebuilding repository.
LOG (latgen-faster-mapped[5.4.140~1-1ab3d]:RebuildRepository():determinize-lattice-pruned.cc:283) Rebuilding repository.
LOG (latgen-faster-mapped[5.4.140~1-1ab3d]:RebuildRepository():determinize-lattice-pruned.cc:283) Rebuilding repository.
LOG (latgen-faster-mapped[5.4.140~1-1ab3d]:RebuildRepository():determinize-lattice-pruned.cc:283) Rebuilding repository.
LOG (latgen-faster-mapped[5.4.140~1-1ab3d]:DecodeUtteranceLatticeFaster():decoder-wrappers.cc:286) Log-like per frame for utterance meal0_si2177 is 3.64052 over 493 frames.
meal0_si917 sil s ax m w m vcl g dx r el th r l ah dx v aw s w er k sil 
LOG (latgen-faster-mapped[5.4.140~1-1ab3d]:RebuildRepository():determinize-lattice-pruned.cc:283) Rebuilding repository.
LOG (latgen-faster-mapped[5.4.140~1-1ab3d]:DecodeUtteranceLatticeFaster():decoder-wrappers.cc:286) Log-like per frame for utterance meal0_si917 is 3.53371 over 424 frames.
meal0_sx107 sil b r th t ix cl p aa r dx iy z ah v cl k ah cl k ey cl k s ix n ay sh cl k r ix sil 
LOG (latgen-faster-mapped[5.4.140~1-1ab3d]:DecodeUtteranceLatticeFaster():decoder-wrappers.cc:286) Log-like per frame for utterance meal0_sx107 is 3.5771 over 409 frames.
meal0_sx197 sil d r ao iy cl ch g r ae f ah n ih n uw ae cl s ix s sil 
LOG (latgen-faster-mapped[5.4.140~1-1ab3d]:DecodeUtteranceLatticeFaster():decoder-wrappers.cc:286) Log-like per frame for utterance meal0_sx197 is 3.73564 over 365 frames.
meal0_sx287 sil n l ao vcl r ah n ix cl p ey z cl t vcl b aa cl k ow l dx ix cl k ow ix ng sil 
LOG (latgen-faster-mapped[5.4.140~1-1ab3d]:RebuildRepository():determinize-lattice-pruned.cc:283) Rebuilding repository.
LOG (latgen-faster-mapped[5.4.140~1-1ab3d]:DecodeUtteranceLatticeFaster():decoder-wrappers.cc:286) Log-like per frame for utterance meal0_sx287 is 3.72472 over 520 frames.
meal0_sx347 sil dh ix cl p ey sh n d ax n ax s er vcl jh n er vcl b el th cl k uw cl p r dx iy f m ih l ng th iy ah cl er ey sh en sil 
LOG (latgen-faster-mapped[5.4.140~1-1ab3d]:RebuildRepository():determinize-lattice-pruned.cc:283) Rebuilding repository.
LOG (latgen-faster-mapped[5.4.140~1-1ab3d]:DecodeUtteranceLatticeFaster():decoder-wrappers.cc:286) Log-like per frame for utterance meal0_sx347 is 3.66412 over 682 frames.
meal0_sx377 sil sh iy ow zh jh ow k s ah cl t m cl ch vcl g r l cl k ix n ax s f uw d sil 
LOG (latgen-faster-mapped[5.4.140~1-1ab3d]:DecodeUtteranceLatticeFaster():decoder-wrappers.cc:286) Log-like per frame for utterance meal0_sx377 is 3.60038 over 476 frames.
medr0_si1374 sil dh ih z l iy s iy ao r dx r ih ng ah v eh n cl t iy z f eh r iy vcl b el sil 
LOG (latgen-faster-mapped[5.4.140~1-1ab3d]:DecodeUtteranceLatticeFaster():decoder-wrappers.cc:286) Log-like per frame for utterance medr0_si1374 is 3.57641 over 449 frames.
medr0_si2004 sil sh ih vcl jh ah m cl t w ey f r m ix sh ay cl t ah cl ch epi l cl k ix cl k aw cl t cl k f ah cl t vcl b ay s ay w ao n d er sil 
LOG (latgen-faster-mapped[5.4.140~1-1ab3d]:RebuildRepository():determinize-lattice-pruned.cc:283) Rebuilding repository.
LOG (latgen-faster-mapped[5.4.140~1-1ab3d]:DecodeUtteranceLatticeFaster():decoder-wrappers.cc:286) Log-like per frame for utterance medr0_si2004 is 3.65602 over 819 frames.
medr0_si744 sil g eh cl k aa cl p er ao r th en w er m ao vcl g s ix cl k iy cl p y er cl sh ih l t w r s uw cl p aa cl sil 
LOG (latgen-faster-mapped[5.4.140~1-1ab3d]:DecodeUtteranceLatticeFaster():decoder-wrappers.cc:286) Log-like per frame for utterance medr0_si744 is 3.61483 over 751 frames.
medr0_sx114 sil dh cl k aa cl t uw n f iy cl ch z m ah s cl k r ae cl ix n ax cl t ah vcl cl p el sil 
LOG (latgen-faster-mapped[5.4.140~1-1ab3d]:DecodeUtteranceLatticeFaster():decoder-wrappers.cc:286) Log-like per frame for utterance medr0_sx114 is 3.70855 over 501 frames.
medr0_sx204 sil iy v ix n ay cl k ey sh en l vcl g eh cl dh m ah n d ey vcl b l uw z sil 
LOG (latgen-faster-mapped[5.4.140~1-1ab3d]:DecodeUtteranceLatticeFaster():decoder-wrappers.cc:286) Log-like per frame for utterance medr0_sx204 is 3.66647 over 447 frames.
medr0_sx24 sil ao dh ow oy z l ow n w ix s er v ay f sil 
LOG (latgen-faster-mapped[5.4.140~1-1ab3d]:DecodeUtteranceLatticeFaster():decoder-wrappers.cc:286) Log-like per frame for utterance medr0_sx24 is 3.69839 over 452 frames.
medr0_sx294 sil sh ix vcl jh er r aa f s b ix cl k eh cl t en s epi m ao l z uw z sil 
LOG (latgen-faster-mapped[5.4.140~1-1ab3d]:DecodeUtteranceLatticeFaster():decoder-wrappers.cc:286) Log-like per frame for utterance medr0_sx294 is 3.60827 over 396 frames.
medr0_sx384 sil p th iy sh ao r en dh ix s cl g er cl f er vcl jh oy s sil 
LOG (latgen-faster-mapped[5.4.140~1-1ab3d]:DecodeUtteranceLatticeFaster():decoder-wrappers.cc:286) Log-like per frame for utterance medr0_sx384 is 3.59723 over 386 frames.
mefg0_si465 sil n ow b aa dx ih r l ey cl s cl p eh cl k s uw v ae cl k iy uw ey cl sil 
LOG (latgen-faster-mapped[5.4.140~1-1ab3d]:DecodeUtteranceLatticeFaster():decoder-wrappers.cc:286) Log-like per frame for utterance mefg0_si465 is 3.4614 over 551 frames.
mefg0_si491 sil hh ay er ng dh w ay f er w ah n z cl k ah cl p n iy m ey w ih n hh er cl t ae cl s ey dx ix vcl r cl t ay r m ix ix n cl k aw sil 
LOG (latgen-faster-mapped[5.4.140~1-1ab3d]:RebuildRepository():determinize-lattice-pruned.cc:283) Rebuilding repository.
LOG (latgen-faster-mapped[5.4.140~1-1ab3d]:RebuildRepository():determinize-lattice-pruned.cc:283) Rebuilding repository.
LOG (latgen-faster-mapped[5.4.140~1-1ab3d]:RebuildRepository():determinize-lattice-pruned.cc:283) Rebuilding repository.
LOG (latgen-faster-mapped[5.4.140~1-1ab3d]:RebuildRepository():determinize-lattice-pruned.cc:283) Rebuilding repository.
WARNING (latgen-faster-mapped[5.4.140~1-1ab3d]:CheckMemoryUsage():determinize-lattice-pruned.cc:316) Did not reach requested beam in determinize-lattice: size exceeds maximum 20000000 bytes; (repo,arcs,elems) = (12183680,460960,7398984), after rebuilding, repo size was 9096960, effective beam was 9.98545 vs. requested beam 10
WARNING (latgen-faster-mapped[5.4.140~1-1ab3d]:DecodeUtteranceLatticeFaster():decoder-wrappers.cc:274) Determinization finished earlier than the beam for utterance mefg0_si491
LOG (latgen-faster-mapped[5.4.140~1-1ab3d]:DecodeUtteranceLatticeFaster():decoder-wrappers.cc:286) Log-like per frame for utterance mefg0_si491 is 3.55344 over 906 frames.
mefg0_si598 sil n uw s eh l f t ix s iy v ih ng r ae vcl z er hh er l iy cl t ao s cl t ah m ax cl t uw n ey cl k ix vcl b ow n cl t sil 
LOG (latgen-faster-mapped[5.4.140~1-1ab3d]:RebuildRepository():determinize-lattice-pruned.cc:283) Rebuilding repository.
LOG (latgen-faster-mapped[5.4.140~1-1ab3d]:DecodeUtteranceLatticeFaster():decoder-wrappers.cc:286) Log-like per frame for utterance mefg0_si598 is 3.60979 over 913 frames.
mefg0_sx105 sil ix m ah s ix cl s cl p ah s ax l iy cl t ax l iy vcl d f ay l z sil 
LOG (latgen-faster-mapped[5.4.140~1-1ab3d]:RebuildRepository():determinize-lattice-pruned.cc:283) Rebuilding repository.
LOG (latgen-faster-mapped[5.4.140~1-1ab3d]:DecodeUtteranceLatticeFaster():decoder-wrappers.cc:286) Log-like per frame for utterance mefg0_sx105 is 3.57353 over 486 frames.
mefg0_sx15 sil dh m uw z iy eh m hh ay er zh epi uw zh ih sh ix n z eh v r iy ix v n ix sil 
LOG (latgen-faster-mapped[5.4.140~1-1ab3d]:RebuildRepository():determinize-lattice-pruned.cc:283) Rebuilding repository.
LOG (latgen-faster-mapped[5.4.140~1-1ab3d]:RebuildRepository():determinize-lattice-pruned.cc:283) Rebuilding repository.
LOG (latgen-faster-mapped[5.4.140~1-1ab3d]:RebuildRepository():determinize-lattice-pruned.cc:283) Rebuilding repository.
LOG (latgen-faster-mapped[5.4.140~1-1ab3d]:DecodeUtteranceLatticeFaster():decoder-wrappers.cc:286) Log-like per frame for utterance mefg0_sx15 is 3.51556 over 561 frames.
mefg0_sx195 sil w vcl jh uw l aw ae cl s ax v ay l ax n cl t s sil 
LOG (latgen-faster-mapped[5.4.140~1-1ab3d]:DecodeUtteranceLatticeFaster():decoder-wrappers.cc:286) Log-like per frame for utterance mefg0_sx195 is 3.60761 over 415 frames.
mefg0_sx285 sil r ih ch cl p er sh ix s eh v r el s ay n l ah th ix cl g r ae f s sil 
LOG (latgen-faster-mapped[5.4.140~1-1ab3d]:DecodeUtteranceLatticeFaster():decoder-wrappers.cc:286) Log-like per frame for utterance mefg0_sx285 is 3.53539 over 566 frames.
mefg0_sx375 sil g r ow ix ng w ow cl k eh cl k aa r d n z f ix z f eh r iy cl t ay m cl k ix n s uw m ix ng sil 
LOG (latgen-faster-mapped[5.4.140~1-1ab3d]:RebuildRepository():determinize-lattice-pruned.cc:283) Rebuilding repository.
LOG (latgen-faster-mapped[5.4.140~1-1ab3d]:RebuildRepository():determinize-lattice-pruned.cc:283) Rebuilding repository.
LOG (latgen-faster-mapped[5.4.140~1-1ab3d]:DecodeUtteranceLatticeFaster():decoder-wrappers.cc:286) Log-like per frame for utterance mefg0_sx375 is 3.53579 over 679 frames.
megj0_si1337 sil dh ix s uh s cl ch iy f l iy vcl b ix cl k ao z uh dh ax vcl b uw sh epi w ay cl t sil ao dx ow sil f ao r eh s ax n s sil f r ah m dh ax s eh ow el s sil 
LOG (latgen-faster-mapped[5.4.140~1-1ab3d]:RebuildRepository():determinize-lattice-pruned.cc:283) Rebuilding repository.
LOG (latgen-faster-mapped[5.4.140~1-1ab3d]:DecodeUtteranceLatticeFaster():decoder-wrappers.cc:286) Log-like per frame for utterance megj0_si1337 is 3.45604 over 1224 frames.
megj0_si1967 sil t uh eh l el cl k aa cl k l eh v el sil 
LOG (latgen-faster-mapped[5.4.140~1-1ab3d]:RebuildRepository():determinize-lattice-pruned.cc:283) Rebuilding repository.
LOG (latgen-faster-mapped[5.4.140~1-1ab3d]:RebuildRepository():determinize-lattice-pruned.cc:283) Rebuilding repository.
LOG (latgen-faster-mapped[5.4.140~1-1ab3d]:DecodeUtteranceLatticeFaster():decoder-wrappers.cc:286) Log-like per frame for utterance megj0_si1967 is 3.17765 over 266 frames.
megj0_si707 sil ih ae v ax cl k aa dx ix sh uh dx ae v ih vcl g ih cl t uw ih cl t sil eh zh uw hh ow vcl ih vcl sil w ax n ih dx ih z r ay cl sil 
LOG (latgen-faster-mapped[5.4.140~1-1ab3d]:RebuildRepository():determinize-lattice-pruned.cc:283) Rebuilding repository.
LOG (latgen-faster-mapped[5.4.140~1-1ab3d]:RebuildRepository():determinize-lattice-pruned.cc:283) Rebuilding repository.
LOG (latgen-faster-mapped[5.4.140~1-1ab3d]:DecodeUtteranceLatticeFaster():decoder-wrappers.cc:286) Log-like per frame for utterance megj0_si707 is 3.32337 over 829 frames.
megj0_sx167 sil ix m cl p oy ix l ey ao s cl k ow n s ah dx ix vcl w ih cl dh iy sil k ah m cl p iy z s epi r ah vcl n ax z ey sh en sil 
LOG (latgen-faster-mapped[5.4.140~1-1ab3d]:RebuildRepository():determinize-lattice-pruned.cc:283) Rebuilding repository.
LOG (latgen-faster-mapped[5.4.140~1-1ab3d]:DecodeUtteranceLatticeFaster():decoder-wrappers.cc:286) Log-like per frame for utterance megj0_sx167 is 3.57774 over 961 frames.
megj0_sx257 sil w iy ao r ow cl p ix n eh v r m ah n iy uw n ix vcl sil 
LOG (latgen-faster-mapped[5.4.140~1-1ab3d]:DecodeUtteranceLatticeFaster():decoder-wrappers.cc:286) Log-like per frame for utterance megj0_sx257 is 3.76335 over 386 frames.
megj0_sx3 sil dh ih s uh z iy z iy f ao r ah s sil 
LOG (latgen-faster-mapped[5.4.140~1-1ab3d]:DecodeUtteranceLatticeFaster():decoder-wrappers.cc:286) Log-like per frame for utterance megj0_sx3 is 3.6314 over 345 frames.
megj0_sx437 sil dh ey y uw z cl d ah n ix vcl g r eh s ix v cl p ow uw s epi ax n cl t uw f l ay cl dh ao n ax s epi m ow dx er s sil 
LOG (latgen-faster-mapped[5.4.140~1-1ab3d]:RebuildRepository():determinize-lattice-pruned.cc:283) Rebuilding repository.
LOG (latgen-faster-mapped[5.4.140~1-1ab3d]:DecodeUtteranceLatticeFaster():decoder-wrappers.cc:286) Log-like per frame for utterance megj0_sx437 is 3.47248 over 771 frames.
megj0_sx77 sil b ae cl p ay cl p s eh n b aa ng g ow z er m y z ix cl k el eh n s cl k r m ax n s sil 
LOG (latgen-faster-mapped[5.4.140~1-1ab3d]:RebuildRepository():determinize-lattice-pruned.cc:283) Rebuilding repository.
LOG (latgen-faster-mapped[5.4.140~1-1ab3d]:RebuildRepository():determinize-lattice-pruned.cc:283) Rebuilding repository.
LOG (latgen-faster-mapped[5.4.140~1-1ab3d]:RebuildRepository():determinize-lattice-pruned.cc:283) Rebuilding repository.
LOG (latgen-faster-mapped[5.4.140~1-1ab3d]:RebuildRepository():determinize-lattice-pruned.cc:283) Rebuilding repository.
LOG (latgen-faster-mapped[5.4.140~1-1ab3d]:RebuildRepository():determinize-lattice-pruned.cc:283) Rebuilding repository.
WARNING (latgen-faster-mapped[5.4.140~1-1ab3d]:CheckMemoryUsage():determinize-lattice-pruned.cc:316) Did not reach requested beam in determinize-lattice: size exceeds maximum 20000000 bytes; (repo,arcs,elems) = (12487456,388800,7131864), after rebuilding, repo size was 9132064, effective beam was 9.45748 vs. requested beam 10
WARNING (latgen-faster-mapped[5.4.140~1-1ab3d]:DecodeUtteranceLatticeFaster():decoder-wrappers.cc:274) Determinization finished earlier than the beam for utterance megj0_sx77
LOG (latgen-faster-mapped[5.4.140~1-1ab3d]:DecodeUtteranceLatticeFaster():decoder-wrappers.cc:286) Log-like per frame for utterance megj0_sx77 is 3.54252 over 653 frames.
mejl0_si1592 sil sh ix s f r ng ah cl p ix n w ix n cl s w ih f w ix cl t ih dh vcl b eh vcl d r m sil 
LOG (latgen-faster-mapped[5.4.140~1-1ab3d]:RebuildRepository():determinize-lattice-pruned.cc:283) Rebuilding repository.
LOG (latgen-faster-mapped[5.4.140~1-1ab3d]:RebuildRepository():determinize-lattice-pruned.cc:283) Rebuilding repository.
LOG (latgen-faster-mapped[5.4.140~1-1ab3d]:RebuildRepository():determinize-lattice-pruned.cc:283) Rebuilding repository.
LOG (latgen-faster-mapped[5.4.140~1-1ab3d]:DecodeUtteranceLatticeFaster():decoder-wrappers.cc:286) Log-like per frame for utterance mejl0_si1592 is 3.53843 over 496 frames.
mejl0_si1654 sil y dx ow n hh ae f cl t ix vcl g eh cl n ae s dh iy sil 
LOG (latgen-faster-mapped[5.4.140~1-1ab3d]:DecodeUtteranceLatticeFaster():decoder-wrappers.cc:286) Log-like per frame for utterance mejl0_si1654 is 3.48646 over 383 frames.
mejl0_si962 sil l cl dh ix f eh n ah m er vcl b uw l ay dx er z iy vcl d ih s l ay cl dh aa cl k ao l sil 
LOG (latgen-faster-mapped[5.4.140~1-1ab3d]:RebuildRepository():determinize-lattice-pruned.cc:283) Rebuilding repository.
LOG (latgen-faster-mapped[5.4.140~1-1ab3d]:RebuildRepository():determinize-lattice-pruned.cc:283) Rebuilding repository.
LOG (latgen-faster-mapped[5.4.140~1-1ab3d]:RebuildRepository():determinize-lattice-pruned.cc:283) Rebuilding repository.
LOG (latgen-faster-mapped[5.4.140~1-1ab3d]:DecodeUtteranceLatticeFaster():decoder-wrappers.cc:286) Log-like per frame for utterance mejl0_si962 is 3.52843 over 575 frames.
mejl0_sx152 sil m ix s k iy dx ow z ix vcl z ih z ix n w ax hh y m ix cl k ay m ix cl t s sil 
LOG (latgen-faster-mapped[5.4.140~1-1ab3d]:RebuildRepository():determinize-lattice-pruned.cc:283) Rebuilding repository.
LOG (latgen-faster-mapped[5.4.140~1-1ab3d]:DecodeUtteranceLatticeFaster():decoder-wrappers.cc:286) Log-like per frame for utterance mejl0_sx152 is 3.58833 over 499 frames.
mejl0_sx242 sil m ey ay ao r s cl t r r v er s ah n ey ae f r ey iy cl d ih n er sil 
LOG (latgen-faster-mapped[5.4.140~1-1ab3d]:DecodeUtteranceLatticeFaster():decoder-wrappers.cc:286) Log-like per frame for utterance mejl0_sx242 is 3.66856 over 541 frames.
mejl0_sx332 sil t aa vcl p l ey z cl t aa cl p r r dx iy ah ng vcl g eh dx ng ix z cl p ay cl f ix cl k s cl t sil 
LOG (latgen-faster-mapped[5.4.140~1-1ab3d]:DecodeUtteranceLatticeFaster():decoder-wrappers.cc:286) Log-like per frame for utterance mejl0_sx332 is 3.80381 over 589 frames.
mejl0_sx422 sil w n ch uw f ih n ih sh g r iy s ng er cl ch ey n vcl b iy sh r dx w ao sh th aa r l iy sil 
LOG (latgen-faster-mapped[5.4.140~1-1ab3d]:DecodeUtteranceLatticeFaster():decoder-wrappers.cc:286) Log-like per frame for utterance mejl0_sx422 is 3.63104 over 601 frames.
mejl0_sx62 sil ih n iy cl k ah n t ix vcl b y uw sh ix n z el b iy vcl g r ey cl l iy cl p iy sh iy ih dx ix vcl d sil 
LOG (latgen-faster-mapped[5.4.140~1-1ab3d]:RebuildRepository():determinize-lattice-pruned.cc:283) Rebuilding repository.
LOG (latgen-faster-mapped[5.4.140~1-1ab3d]:DecodeUtteranceLatticeFaster():decoder-wrappers.cc:286) Log-like per frame for utterance mejl0_sx62 is 3.60059 over 538 frames.
mejs0_si1240 sil hh iy z f ao r s cl t cl p l ey f er l ax m m ah n iy sil sil ix m ah s epi ao f en cl t ey cl g ix m ah ix vcl jh aa cl t l ih v sil 
LOG (latgen-faster-mapped[5.4.140~1-1ab3d]:RebuildRepository():determinize-lattice-pruned.cc:283) Rebuilding repository.
LOG (latgen-faster-mapped[5.4.140~1-1ab3d]:RebuildRepository():determinize-lattice-pruned.cc:283) Rebuilding repository.
LOG (latgen-faster-mapped[5.4.140~1-1ab3d]:RebuildRepository():determinize-lattice-pruned.cc:283) Rebuilding repository.
LOG (latgen-faster-mapped[5.4.140~1-1ab3d]:RebuildRepository():determinize-lattice-pruned.cc:283) Rebuilding repository.
WARNING (latgen-faster-mapped[5.4.140~1-1ab3d]:CheckMemoryUsage():determinize-lattice-pruned.cc:316) Did not reach requested beam in determinize-lattice: size exceeds maximum 20000000 bytes; (repo,arcs,elems) = (12589184,402880,7026912), after rebuilding, repo size was 9771392, effective beam was 9.45065 vs. requested beam 10
WARNING (latgen-faster-mapped[5.4.140~1-1ab3d]:DecodeUtteranceLatticeFaster():decoder-wrappers.cc:274) Determinization finished earlier than the beam for utterance mejs0_si1240
LOG (latgen-faster-mapped[5.4.140~1-1ab3d]:DecodeUtteranceLatticeFaster():decoder-wrappers.cc:286) Log-like per frame for utterance mejs0_si1240 is 3.67039 over 851 frames.
mejs0_si1870 sil vcl b ey n eh hh ah ng sil ix n ey vcl b eh l cl s cl g ae v er vcl sil 
LOG (latgen-faster-mapped[5.4.140~1-1ab3d]:DecodeUtteranceLatticeFaster():decoder-wrappers.cc:286) Log-like per frame for utterance mejs0_si1870 is 3.61868 over 458 frames.
mejs0_si610 sil b ah cl d ih cl t ae cl w z v ey f r m n eh v ae n s cl k aa cl p iy sil 
LOG (latgen-faster-mapped[5.4.140~1-1ab3d]:DecodeUtteranceLatticeFaster():decoder-wrappers.cc:286) Log-like per frame for utterance mejs0_si610 is 3.85161 over 575 frames.
mejs0_sx160 sil eh z cl k ow ao th er z epi w iy cl p r z eh n er dx aa r n uw vcl b uh cl sil sil t uw dh ah hh ao dx iy ao dx ix n s sil 
LOG (latgen-faster-mapped[5.4.140~1-1ab3d]:DecodeUtteranceLatticeFaster():decoder-wrappers.cc:286) Log-like per frame for utterance mejs0_sx160 is 3.71648 over 771 frames.
mejs0_sx250 sil dh vcl b ao s cl t m b ae l ey ow v er cl k ey n er f ah n ng sh ao r dx ix vcl jh sil 
LOG (latgen-faster-mapped[5.4.140~1-1ab3d]:DecodeUtteranceLatticeFaster():decoder-wrappers.cc:286) Log-like per frame for utterance mejs0_sx250 is 3.76245 over 556 frames.
mejs0_sx340 sil d ah cl k s hh ae v w eh vcl th iy cl t sil ix ng k l r f el f ae dh er z sil 
LOG (latgen-faster-mapped[5.4.140~1-1ab3d]:DecodeUtteranceLatticeFaster():decoder-wrappers.cc:286) Log-like per frame for utterance mejs0_sx340 is 3.68848 over 525 frames.
mejs0_sx430 sil dh uw z uw n aa cl p y er ih s sil y z cl k ae n v eh s epi el z w n m ey cl k ng s cl t uw sil 
LOG (latgen-faster-mapped[5.4.140~1-1ab3d]:DecodeUtteranceLatticeFaster():decoder-wrappers.cc:286) Log-like per frame for utterance mejs0_sx430 is 3.74317 over 757 frames.
mejs0_sx70 sil d iy vcl jh uw iy y ae cl 
LOG (latgen-faster-mapped[5.4.140~1-1ab3d]:DecodeUtteranceLatticeFaster():decoder-wrappers.cc:286) Log-like per frame for utterance mejs0_sx70 is 3.70589 over 179 frames.
mesg0_si1332 sil th ay r vcl f ah ng cl sh n cl t eh s y l vcl n ao r m ao r z l cl s sil 
LOG (latgen-faster-mapped[5.4.140~1-1ab3d]:DecodeUtteranceLatticeFaster():decoder-wrappers.cc:286) Log-like per frame for utterance mesg0_si1332 is 3.60578 over 596 frames.
mesg0_si1962 sil ax n ah dh er sh epi n aa r ow vcl k l ow s ow v er hh eh vcl d sil 
LOG (latgen-faster-mapped[5.4.140~1-1ab3d]:DecodeUtteranceLatticeFaster():decoder-wrappers.cc:286) Log-like per frame for utterance mesg0_si1962 is 3.50428 over 385 frames.
mesg0_si702 sil w iy ih v ao l s ow s iy n cl p aw r f ey th eh w er cl k ax m aa ng ix s sil 
LOG (latgen-faster-mapped[5.4.140~1-1ab3d]:DecodeUtteranceLatticeFaster():decoder-wrappers.cc:286) Log-like per frame for utterance mesg0_si702 is 3.81159 over 870 frames.
mesg0_sx162 sil hh er ao vcl b er n hh eh er r m ay n d ix vcl d hh ih m ax v ao dx m l iy v s sil 
LOG (latgen-faster-mapped[5.4.140~1-1ab3d]:DecodeUtteranceLatticeFaster():decoder-wrappers.cc:286) Log-like per frame for utterance mesg0_sx162 is 3.89281 over 643 frames.
mesg0_sx252 sil vcl g ao r vcl jh ix s vcl ah dx er f l ay sil ey cl d ax l aa dx v n eh cl t er sil 
LOG (latgen-faster-mapped[5.4.140~1-1ab3d]:DecodeUtteranceLatticeFaster():decoder-wrappers.cc:286) Log-like per frame for utterance mesg0_sx252 is 3.63436 over 505 frames.
mesg0_sx342 sil t ey cl ch aa r vcl jh vcl ch uw z ng hh er b r ay vcl s epi m ey vcl s cl g aw cl s sil 
LOG (latgen-faster-mapped[5.4.140~1-1ab3d]:DecodeUtteranceLatticeFaster():decoder-wrappers.cc:286) Log-like per frame for utterance mesg0_sx342 is 3.87834 over 674 frames.
mesg0_sx432 sil k ao f iy ix z vcl g r ow n aa n s cl t iy cl jh ah ng g l ay cl k s l ow cl p s ix n cl t ix m cl p r vcl z ow n s sil 
LOG (latgen-faster-mapped[5.4.140~1-1ab3d]:DecodeUtteranceLatticeFaster():decoder-wrappers.cc:286) Log-like per frame for utterance mesg0_sx432 is 3.61362 over 793 frames.
mesg0_sx72 sil s cl p r ng s cl t r iy ix s cl t r dx hh ih vcl sil 
LOG (latgen-faster-mapped[5.4.140~1-1ab3d]:DecodeUtteranceLatticeFaster():decoder-wrappers.cc:286) Log-like per frame for utterance mesg0_sx72 is 3.71783 over 331 frames.
mesj0_si2039 sil hh ih s ix cl p er ih z dx el s ax cl p r vcl s dh eh s sil s ey w ax z f w ey f ao r cl iy cl t er el aa n er sil 
LOG (latgen-faster-mapped[5.4.140~1-1ab3d]:RebuildRepository():determinize-lattice-pruned.cc:283) Rebuilding repository.
LOG (latgen-faster-mapped[5.4.140~1-1ab3d]:DecodeUtteranceLatticeFaster():decoder-wrappers.cc:286) Log-like per frame for utterance mesj0_si2039 is 3.75005 over 926 frames.
mesj0_si2257 sil b ah dx ix z r eh z l uw sh en hh aa r v ix s iy m d hh eh l cl sil 
LOG (latgen-faster-mapped[5.4.140~1-1ab3d]:DecodeUtteranceLatticeFaster():decoder-wrappers.cc:286) Log-like per frame for utterance mesj0_si2257 is 3.58042 over 447 frames.
mesj0_si997 sil b ow th l ah v dh iy aw ax v cl t uw uh z ix ng k uw dx ix ng m aw n k l ah m ng ix n hh el s cl p ae cl k r ay ix ng sil 
LOG (latgen-faster-mapped[5.4.140~1-1ab3d]:RebuildRepository():determinize-lattice-pruned.cc:283) Rebuilding repository.
LOG (latgen-faster-mapped[5.4.140~1-1ab3d]:DecodeUtteranceLatticeFaster():decoder-wrappers.cc:286) Log-like per frame for utterance mesj0_si997 is 3.57327 over 723 frames.
mesj0_sx187 sil dh eh ao th ix ng g uw aa ix n iy v m ey ng sil 
LOG (latgen-faster-mapped[5.4.140~1-1ab3d]:DecodeUtteranceLatticeFaster():decoder-wrappers.cc:286) Log-like per frame for utterance mesj0_sx187 is 3.69545 over 319 frames.
mesj0_sx277 sil dh r ow z cl k uh s aa n s cl p eh l s epi w iy cl sil 
LOG (latgen-faster-mapped[5.4.140~1-1ab3d]:DecodeUtteranceLatticeFaster():decoder-wrappers.cc:286) Log-like per frame for utterance mesj0_sx277 is 3.83316 over 447 frames.
mesj0_sx367 sil ix s er cl p l sh uw z epi ax s ow l eh dx ix vcl ih s cl k aw cl p r ay s sil 
LOG (latgen-faster-mapped[5.4.140~1-1ab3d]:DecodeUtteranceLatticeFaster():decoder-wrappers.cc:286) Log-like per frame for utterance mesj0_sx367 is 3.81127 over 522 frames.
mesj0_sx7 sil ah th ix ng ix z ix z ow f eh n s ax v eh z ih n ix s en s sil 
LOG (latgen-faster-mapped[5.4.140~1-1ab3d]:DecodeUtteranceLatticeFaster():decoder-wrappers.cc:286) Log-like per frame for utterance mesj0_sx7 is 3.78469 over 397 frames.
mesj0_sx97 sil p ey vcl g w ix z epi l ih v n ih dh iy ay s iy ae n aa ix cl k sil 
LOG (latgen-faster-mapped[5.4.140~1-1ab3d]:RebuildRepository():determinize-lattice-pruned.cc:283) Rebuilding repository.
LOG (latgen-faster-mapped[5.4.140~1-1ab3d]:DecodeUtteranceLatticeFaster():decoder-wrappers.cc:286) Log-like per frame for utterance mesj0_sx97 is 3.54384 over 406 frames.
mewm0_si1348 sil dh iy ih v er s ih z ey s ey f ix n cl p er m eh hh ow m sil 
LOG (latgen-faster-mapped[5.4.140~1-1ab3d]:DecodeUtteranceLatticeFaster():decoder-wrappers.cc:286) Log-like per frame for utterance mewm0_si1348 is 3.61041 over 460 frames.
mewm0_si1978 sil s ah m cl th iy ng cl p l vcl m ay l eh cl sil 
LOG (latgen-faster-mapped[5.4.140~1-1ab3d]:DecodeUtteranceLatticeFaster():decoder-wrappers.cc:286) Log-like per frame for utterance mewm0_si1978 is 3.66347 over 271 frames.
mewm0_si718 sil s cl t ey n ah m r ix l ao s cl t ih f er f m iy cl ch ah dh er ix m eh n iy w ey sil 
LOG (latgen-faster-mapped[5.4.140~1-1ab3d]:DecodeUtteranceLatticeFaster():decoder-wrappers.cc:286) Log-like per frame for utterance mewm0_si718 is 3.4946 over 591 frames.
mewm0_sx178 sil sh iy cl k er cl s er cl ch ow ix n t uw m ey cl dh eh er ow n hh aa l w iy ng cl k aa s dh en s sil 
LOG (latgen-faster-mapped[5.4.140~1-1ab3d]:RebuildRepository():determinize-lattice-pruned.cc:283) Rebuilding repository.
LOG (latgen-faster-mapped[5.4.140~1-1ab3d]:RebuildRepository():determinize-lattice-pruned.cc:283) Rebuilding repository.
LOG (latgen-faster-mapped[5.4.140~1-1ab3d]:RebuildRepository():determinize-lattice-pruned.cc:283) Rebuilding repository.
LOG (latgen-faster-mapped[5.4.140~1-1ab3d]:RebuildRepository():determinize-lattice-pruned.cc:283) Rebuilding repository.
WARNING (latgen-faster-mapped[5.4.140~1-1ab3d]:CheckMemoryUsage():determinize-lattice-pruned.cc:316) Did not reach requested beam in determinize-lattice: size exceeds maximum 20000000 bytes; (repo,arcs,elems) = (12482752,440928,7090992), after rebuilding, repo size was 8977792, effective beam was 9.84834 vs. requested beam 10
WARNING (latgen-faster-mapped[5.4.140~1-1ab3d]:DecodeUtteranceLatticeFaster():decoder-wrappers.cc:274) Determinization finished earlier than the beam for utterance mewm0_sx178
LOG (latgen-faster-mapped[5.4.140~1-1ab3d]:DecodeUtteranceLatticeFaster():decoder-wrappers.cc:286) Log-like per frame for utterance mewm0_sx178 is 3.62844 over 739 frames.
mewm0_sx268 sil dh ix vcl jh ao cl p r ey cl b ey y z ix n dh ae vcl ix n ih s dh ix cl m ah s el sil sil 
LOG (latgen-faster-mapped[5.4.140~1-1ab3d]:DecodeUtteranceLatticeFaster():decoder-wrappers.cc:286) Log-like per frame for utterance mewm0_sx268 is 3.62308 over 566 frames.
mewm0_sx358 sil jh ao r s eh l vcl m w aa th ix z cl t ey cl t ay m uw v iy z sil 
LOG (latgen-faster-mapped[5.4.140~1-1ab3d]:DecodeUtteranceLatticeFaster():decoder-wrappers.cc:286) Log-like per frame for utterance mewm0_sx358 is 3.71897 over 481 frames.
mewm0_sx448 sil s th ih er cl k uh vcl g ih s er vcl d ih v cl k el cl p r ae cl sil 
LOG (latgen-faster-mapped[5.4.140~1-1ab3d]:DecodeUtteranceLatticeFaster():decoder-wrappers.cc:286) Log-like per frame for utterance mewm0_sx448 is 3.65062 over 406 frames.
mewm0_sx88 sil f l ay z cl t ae m b ay cl k ix m iy cl p r ae cl t cl k uh f y uw cl sil w ah cl t ix s ey m ah n ng sil 
LOG (latgen-faster-mapped[5.4.140~1-1ab3d]:DecodeUtteranceLatticeFaster():decoder-wrappers.cc:286) Log-like per frame for utterance mewm0_sx88 is 3.70005 over 666 frames.
mfer0_si1492 sil dh eh r s cl t ay f oy dx ih m ax l eh r iy ax sil 
LOG (latgen-faster-mapped[5.4.140~1-1ab3d]:DecodeUtteranceLatticeFaster():decoder-wrappers.cc:286) Log-like per frame for utterance mfer0_si1492 is 3.50665 over 326 frames.
mfer0_si2122 sil n aw dh hh ow cl p w z vcl g ao n sil 
LOG (latgen-faster-mapped[5.4.140~1-1ab3d]:DecodeUtteranceLatticeFaster():decoder-wrappers.cc:286) Log-like per frame for utterance mfer0_si2122 is 3.62302 over 263 frames.
mfer0_si862 sil ix th ix cl k ix n s eh sh n eh r r ah n z dh ix cl k ae f cl t ih r iy ih cl k ix cl p ix n ay aw d f er cl k ao vcl d iy ix n cl p r ay s sil 
LOG (latgen-faster-mapped[5.4.140~1-1ab3d]:RebuildRepository():determinize-lattice-pruned.cc:283) Rebuilding repository.
LOG (latgen-faster-mapped[5.4.140~1-1ab3d]:DecodeUtteranceLatticeFaster():decoder-wrappers.cc:286) Log-like per frame for utterance mfer0_si862 is 3.58122 over 775 frames.
mfer0_sx142 sil w cl ch l ao ng aa r dx cl k w z ow cl p ey cl k ix n iy ix vcl cl k eh er f cl k ey sh ix sil 
LOG (latgen-faster-mapped[5.4.140~1-1ab3d]:DecodeUtteranceLatticeFaster():decoder-wrappers.cc:286) Log-like per frame for utterance mfer0_sx142 is 3.60767 over 568 frames.
mfer0_sx232 sil hh ih s f ih ah y er cl d ow cl p n dh ax s cl t ao r vcl b ay ey cl k ao s cl t ix m ih s cl jh aa vcl sil 
LOG (latgen-faster-mapped[5.4.140~1-1ab3d]:RebuildRepository():determinize-lattice-pruned.cc:283) Rebuilding repository.
LOG (latgen-faster-mapped[5.4.140~1-1ab3d]:RebuildRepository():determinize-lattice-pruned.cc:283) Rebuilding repository.
LOG (latgen-faster-mapped[5.4.140~1-1ab3d]:DecodeUtteranceLatticeFaster():decoder-wrappers.cc:286) Log-like per frame for utterance mfer0_sx232 is 3.50634 over 674 frames.
mfer0_sx322 sil ey l eh dh er hh ae vcl b ae vcl w vcl b iy ih s uw vcl b el vcl g ih f t sil 
LOG (latgen-faster-mapped[5.4.140~1-1ab3d]:DecodeUtteranceLatticeFaster():decoder-wrappers.cc:286) Log-like per frame for utterance mfer0_sx322 is 3.56373 over 422 frames.
mfer0_sx412 sil g w ih n cl p ae ih vcl g r iy ng vcl b iy n z ix er v ih sh cl t vcl b ax vcl g aa r vcl en sil 
LOG (latgen-faster-mapped[5.4.140~1-1ab3d]:RebuildRepository():determinize-lattice-pruned.cc:283) Rebuilding repository.
LOG (latgen-faster-mapped[5.4.140~1-1ab3d]:DecodeUtteranceLatticeFaster():decoder-wrappers.cc:286) Log-like per frame for utterance mfer0_sx412 is 3.62246 over 497 frames.
mfer0_sx52 sil er cl k ae s cl k ow cl p f w m ix s cl k ey n cl k dx ix cl k l cl k l ey m sil 
LOG (latgen-faster-mapped[5.4.140~1-1ab3d]:DecodeUtteranceLatticeFaster():decoder-wrappers.cc:286) Log-like per frame for utterance mfer0_sx52 is 3.48419 over 461 frames.
mfmc0_si1132 sil n ow ao m aw vcl d ah v vcl b ae l iy hh uw w uh cl k ah v er ah cl dh ix s ao r dx ix vcl f ae cl k s sil 
LOG (latgen-faster-mapped[5.4.140~1-1ab3d]:DecodeUtteranceLatticeFaster():decoder-wrappers.cc:286) Log-like per frame for utterance mfmc0_si1132 is 3.86348 over 715 frames.
mfmc0_si1762 sil ih sh iy m uw v vcl k r ey s f ax l iy sil sh uw ix z cl k ah m z iy ae dx ix cl sil 
LOG (latgen-faster-mapped[5.4.140~1-1ab3d]:DecodeUtteranceLatticeFaster():decoder-wrappers.cc:286) Log-like per frame for utterance mfmc0_si1762 is 3.7417 over 593 frames.
mfmc0_si502 sil ae n jh uw th ey cl k y uw hh ae v l ae ng r cl ch cl p r aa l m s sil 
LOG (latgen-faster-mapped[5.4.140~1-1ab3d]:DecodeUtteranceLatticeFaster():decoder-wrappers.cc:286) Log-like per frame for utterance mfmc0_si502 is 3.65533 over 575 frames.
mfmc0_sx142 sil hh w cl ch l ao ng aa r ix cl k ow w ih z ow cl p ey cl k ae n iy dx ix cl k l er f ix cl k ey sh en sil 
LOG (latgen-faster-mapped[5.4.140~1-1ab3d]:DecodeUtteranceLatticeFaster():decoder-wrappers.cc:286) Log-like per frame for utterance mfmc0_sx142 is 3.8364 over 738 frames.
mfmc0_sx232 sil hh ih s f eh l y er cl t ix ow cl p ax m ax s cl t ao r vcl b ay ey cl sil cl k aa s cl t ih n ix z jh aa vcl sil 
LOG (latgen-faster-mapped[5.4.140~1-1ab3d]:RebuildRepository():determinize-lattice-pruned.cc:283) Rebuilding repository.
LOG (latgen-faster-mapped[5.4.140~1-1ab3d]:RebuildRepository():determinize-lattice-pruned.cc:283) Rebuilding repository.
LOG (latgen-faster-mapped[5.4.140~1-1ab3d]:RebuildRepository():determinize-lattice-pruned.cc:283) Rebuilding repository.
LOG (latgen-faster-mapped[5.4.140~1-1ab3d]:DecodeUtteranceLatticeFaster():decoder-wrappers.cc:286) Log-like per frame for utterance mfmc0_sx232 is 3.70047 over 748 frames.
mfmc0_sx322 sil ah l eh dh eh hh ae m b ey vcl w vcl b iy ih s uw d vcl b el vcl g ih f cl t sil 
LOG (latgen-faster-mapped[5.4.140~1-1ab3d]:RebuildRepository():determinize-lattice-pruned.cc:283) Rebuilding repository.
LOG (latgen-faster-mapped[5.4.140~1-1ab3d]:DecodeUtteranceLatticeFaster():decoder-wrappers.cc:286) Log-like per frame for utterance mfmc0_sx322 is 3.6471 over 515 frames.
mfmc0_sx412 sil g w eh n cl p l ae d ih vcl g r iy n b iy n z ix n er v eh jh cl t ax vcl b el vcl g aa r vcl en 
LOG (latgen-faster-mapped[5.4.140~1-1ab3d]:DecodeUtteranceLatticeFaster():decoder-wrappers.cc:286) Log-like per frame for utterance mfmc0_sx412 is 3.85783 over 579 frames.
mfmc0_sx52 sil hh er cl k l ae s cl k el cl p er f ao r m ix n s cl g ey n cl k r dx ix cl k el uh cl k oy ey m sil 
LOG (latgen-faster-mapped[5.4.140~1-1ab3d]:DecodeUtteranceLatticeFaster():decoder-wrappers.cc:286) Log-like per frame for utterance mfmc0_sx52 is 3.78485 over 648 frames.
mfrm0_si1155 sil hh ih z cl p ao m cl k ix n s er n z l ao n jh ix cl t uw z l aa ah cl t uw vcl t en ey ng vcl g ix m ax v l aa s ix dh iy z sil 
LOG (latgen-faster-mapped[5.4.140~1-1ab3d]:RebuildRepository():determinize-lattice-pruned.cc:283) Rebuilding repository.
LOG (latgen-faster-mapped[5.4.140~1-1ab3d]:RebuildRepository():determinize-lattice-pruned.cc:283) Rebuilding repository.
LOG (latgen-faster-mapped[5.4.140~1-1ab3d]:RebuildRepository():determinize-lattice-pruned.cc:283) Rebuilding repository.
LOG (latgen-faster-mapped[5.4.140~1-1ab3d]:RebuildRepository():determinize-lattice-pruned.cc:283) Rebuilding repository.
WARNING (latgen-faster-mapped[5.4.140~1-1ab3d]:CheckMemoryUsage():determinize-lattice-pruned.cc:316) Did not reach requested beam in determinize-lattice: size exceeds maximum 20000000 bytes; (repo,arcs,elems) = (13116384,307520,6583584), after rebuilding, repo size was 9560672, effective beam was 8.41553 vs. requested beam 10
WARNING (latgen-faster-mapped[5.4.140~1-1ab3d]:DecodeUtteranceLatticeFaster():decoder-wrappers.cc:274) Determinization finished earlier than the beam for utterance mfrm0_si1155
LOG (latgen-faster-mapped[5.4.140~1-1ab3d]:DecodeUtteranceLatticeFaster():decoder-wrappers.cc:286) Log-like per frame for utterance mfrm0_si1155 is 3.37697 over 767 frames.
mfrm0_si1717 sil l l vcl b ay ng g uh vcl n ay cl hh ix z f oy sh uh cl k sil 
LOG (latgen-faster-mapped[5.4.140~1-1ab3d]:DecodeUtteranceLatticeFaster():decoder-wrappers.cc:286) Log-like per frame for utterance mfrm0_si1717 is 3.72512 over 510 frames.
mfrm0_si1785 sil ao n dh ax vcl b eh er f ao r vcl ao r vcl z ax m ey ih n l ey f ey s cl d aw n sil 
LOG (latgen-faster-mapped[5.4.140~1-1ab3d]:DecodeUtteranceLatticeFaster():decoder-wrappers.cc:286) Log-like per frame for utterance mfrm0_si1785 is 3.50794 over 554 frames.
mfrm0_sx165 sil dh iy z ix vcl g ow ix ng z uw l vcl jh ix z r ix l ae cl k s r ah cl dh v oy vcl jh sil 
LOG (latgen-faster-mapped[5.4.140~1-1ab3d]:RebuildRepository():determinize-lattice-pruned.cc:283) Rebuilding repository.
LOG (latgen-faster-mapped[5.4.140~1-1ab3d]:DecodeUtteranceLatticeFaster():decoder-wrappers.cc:286) Log-like per frame for utterance mfrm0_sx165 is 3.42799 over 559 frames.
mfrm0_sx255 sil m ay ay vcl d iy ow m ao r n ix n b ix vcl k ix n z ix th aa cl k ao f iy sil 
LOG (latgen-faster-mapped[5.4.140~1-1ab3d]:RebuildRepository():determinize-lattice-pruned.cc:283) Rebuilding repository.
LOG (latgen-faster-mapped[5.4.140~1-1ab3d]:RebuildRepository():determinize-lattice-pruned.cc:283) Rebuilding repository.
LOG (latgen-faster-mapped[5.4.140~1-1ab3d]:RebuildRepository():determinize-lattice-pruned.cc:283) Rebuilding repository.
LOG (latgen-faster-mapped[5.4.140~1-1ab3d]:RebuildRepository():determinize-lattice-pruned.cc:283) Rebuilding repository.
WARNING (latgen-faster-mapped[5.4.140~1-1ab3d]:CheckMemoryUsage():determinize-lattice-pruned.cc:316) Did not reach requested beam in determinize-lattice: size exceeds maximum 20000000 bytes; (repo,arcs,elems) = (13080928,238784,6690792), after rebuilding, repo size was 9631552, effective beam was 7.7011 vs. requested beam 10
WARNING (latgen-faster-mapped[5.4.140~1-1ab3d]:DecodeUtteranceLatticeFaster():decoder-wrappers.cc:274) Determinization finished earlier than the beam for utterance mfrm0_sx255
LOG (latgen-faster-mapped[5.4.140~1-1ab3d]:DecodeUtteranceLatticeFaster():decoder-wrappers.cc:286) Log-like per frame for utterance mfrm0_sx255 is 3.63286 over 506 frames.
mfrm0_sx345 sil t ih s ao aw r z en aw er z v m uw v iy s ae dx er vcl d ey sil 
LOG (latgen-faster-mapped[5.4.140~1-1ab3d]:RebuildRepository():determinize-lattice-pruned.cc:283) Rebuilding repository.
LOG (latgen-faster-mapped[5.4.140~1-1ab3d]:DecodeUtteranceLatticeFaster():decoder-wrappers.cc:286) Log-like per frame for utterance mfrm0_sx345 is 3.5675 over 509 frames.
mfrm0_sx435 sil dh r ih cl sh uw en dh eh s cl t ix n b l ay vcl g z er cl k aa n z en s dh eh dx v s cl t eh l ix sh uw z sil 
LOG (latgen-faster-mapped[5.4.140~1-1ab3d]:RebuildRepository():determinize-lattice-pruned.cc:283) Rebuilding repository.
LOG (latgen-faster-mapped[5.4.140~1-1ab3d]:DecodeUtteranceLatticeFaster():decoder-wrappers.cc:286) Log-like per frame for utterance mfrm0_sx435 is 3.5846 over 720 frames.
mfrm0_sx75 sil f ih l ih cl k ae n t iy m ix th f r eh sh cl p r ix ng w aa er sil 
LOG (latgen-faster-mapped[5.4.140~1-1ab3d]:DecodeUtteranceLatticeFaster():decoder-wrappers.cc:286) Log-like per frame for utterance mfrm0_sx75 is 3.68618 over 465 frames.
mfwk0_si1249 sil m ey vcl iy cl t w ix n iy sil th eh r dx iy sil f ih f cl d iy sil 
LOG (latgen-faster-mapped[5.4.140~1-1ab3d]:DecodeUtteranceLatticeFaster():decoder-wrappers.cc:286) Log-like per frame for utterance mfwk0_si1249 is 3.72402 over 484 frames.
mfwk0_si1879 sil dh eh cl t ah sh cl d ao f ey cl t ow el s cl t ae m cl p iy vcl sil 
LOG (latgen-faster-mapped[5.4.140~1-1ab3d]:DecodeUtteranceLatticeFaster():decoder-wrappers.cc:286) Log-like per frame for utterance mfwk0_si1879 is 3.88605 over 487 frames.
mfwk0_si619 sil hh iy cl p r ey z ix z epi m ih n iy n d v ey jh el vcl jh ih n er s l iy sil 
LOG (latgen-faster-mapped[5.4.140~1-1ab3d]:DecodeUtteranceLatticeFaster():decoder-wrappers.cc:286) Log-like per frame for utterance mfwk0_si619 is 3.58765 over 520 frames.
mfwk0_sx169 sil hh aw l ix jh uw v ae y uw ey cl dh ix s aw vcl jh ix vcl b r ey cl k ix cl sh epi r eh sh en sil 
LOG (latgen-faster-mapped[5.4.140~1-1ab3d]:DecodeUtteranceLatticeFaster():decoder-wrappers.cc:286) Log-like per frame for utterance mfwk0_sx169 is 3.62237 over 563 frames.
mfwk0_sx259 sil t ao r n ay dx ow z ao f en d ix s cl t r oy ae ey cl k er z ax f aa m l ae n vcl 
LOG (latgen-faster-mapped[5.4.140~1-1ab3d]:DecodeUtteranceLatticeFaster():decoder-wrappers.cc:286) Log-like per frame for utterance mfwk0_sx259 is 3.57066 over 541 frames.
mfwk0_sx349 sil dh cl p r iy s cl k uw er cl k ih en v aa r b l ay s er f iy l ih ng z ix vcl b ae cl dh iy m aa r vcl jh en s iy cl k ix n d ih sh ix n s sil 
LOG (latgen-faster-mapped[5.4.140~1-1ab3d]:DecodeUtteranceLatticeFaster():decoder-wrappers.cc:286) Log-like per frame for utterance mfwk0_sx349 is 3.67862 over 844 frames.
mfwk0_sx439 sil dh eh cl s cl t ih ng iy ng v ey cl p er w ax s cl k ao z vcl b aa cl p ao r ay vcl v ey cl p er z ey sh ix n sil 
LOG (latgen-faster-mapped[5.4.140~1-1ab3d]:DecodeUtteranceLatticeFaster():decoder-wrappers.cc:286) Log-like per frame for utterance mfwk0_sx439 is 3.77011 over 673 frames.
mfwk0_sx79 sil w y cl p l iy z ix s cl r ay vcl dh iy ey iy aa dx ih cl p er dx ih cl k m n cl sil 
LOG (latgen-faster-mapped[5.4.140~1-1ab3d]:DecodeUtteranceLatticeFaster():decoder-wrappers.cc:286) Log-like per frame for utterance mfwk0_sx79 is 3.80872 over 542 frames.
mfxs0_si1674 sil hh iy cl p l ih cl ix n ih z ow n cl p aa cl k ix cl f er s ey f iy cl p ix n sil 
LOG (latgen-faster-mapped[5.4.140~1-1ab3d]:DecodeUtteranceLatticeFaster():decoder-wrappers.cc:286) Log-like per frame for utterance mfxs0_si1674 is 3.60115 over 496 frames.
mfxs0_si2225 sil r aa n vcl d aw n ay er n cl p ao r sil 
LOG (latgen-faster-mapped[5.4.140~1-1ab3d]:DecodeUtteranceLatticeFaster():decoder-wrappers.cc:286) Log-like per frame for utterance mfxs0_si2225 is 3.90264 over 319 frames.
mfxs0_si2304 sil n aw hh iy z vcl b aa dx ix cl t s eh vcl m ay w ay f cl k ix n cl t eh n d ix vcl d l iy sil 
LOG (latgen-faster-mapped[5.4.140~1-1ab3d]:DecodeUtteranceLatticeFaster():decoder-wrappers.cc:286) Log-like per frame for utterance mfxs0_si2304 is 3.67846 over 505 frames.
mfxs0_sx144 sil dh w l uw w w n w ao er ey m ah s cl k r ae cl k ow cl t sil 
LOG (latgen-faster-mapped[5.4.140~1-1ab3d]:RebuildRepository():determinize-lattice-pruned.cc:283) Rebuilding repository.
LOG (latgen-faster-mapped[5.4.140~1-1ab3d]:RebuildRepository():determinize-lattice-pruned.cc:283) Rebuilding repository.
LOG (latgen-faster-mapped[5.4.140~1-1ab3d]:RebuildRepository():determinize-lattice-pruned.cc:283) Rebuilding repository.
WARNING (latgen-faster-mapped[5.4.140~1-1ab3d]:CheckMemoryUsage():determinize-lattice-pruned.cc:316) Did not reach requested beam in determinize-lattice: size exceeds maximum 20000000 bytes; (repo,arcs,elems) = (13097056,148032,6814752), after rebuilding, repo size was 9788832, effective beam was 8.2499 vs. requested beam 10
WARNING (latgen-faster-mapped[5.4.140~1-1ab3d]:DecodeUtteranceLatticeFaster():decoder-wrappers.cc:274) Determinization finished earlier than the beam for utterance mfxs0_sx144
LOG (latgen-faster-mapped[5.4.140~1-1ab3d]:DecodeUtteranceLatticeFaster():decoder-wrappers.cc:286) Log-like per frame for utterance mfxs0_sx144 is 3.72456 over 529 frames.
mfxs0_sx234 sil dh cl p ey cl p er vcl b oy vcl b ay cl t uw ae cl p el z ix n th r iy ay s ix z sil 
LOG (latgen-faster-mapped[5.4.140~1-1ab3d]:DecodeUtteranceLatticeFaster():decoder-wrappers.cc:286) Log-like per frame for utterance mfxs0_sx234 is 3.83849 over 638 frames.
mfxs0_sx324 sil dh ax l cl k el vcl d r ah vcl s cl t ao er w sh cl t aa r cl epi w ax th sil ih l iy l iy vcl d ix s cl p eh n cl t ix ng cl t r ng cl k l ay z er z sil 
LOG (latgen-faster-mapped[5.4.140~1-1ab3d]:RebuildRepository():determinize-lattice-pruned.cc:283) Rebuilding repository.
LOG (latgen-faster-mapped[5.4.140~1-1ab3d]:RebuildRepository():determinize-lattice-pruned.cc:283) Rebuilding repository.
LOG (latgen-faster-mapped[5.4.140~1-1ab3d]:RebuildRepository():determinize-lattice-pruned.cc:283) Rebuilding repository.
LOG (latgen-faster-mapped[5.4.140~1-1ab3d]:DecodeUtteranceLatticeFaster():decoder-wrappers.cc:286) Log-like per frame for utterance mfxs0_sx324 is 3.50066 over 838 frames.
mfxs0_sx414 sil ae er sh ih ng s cl t er z iy cl f r eh sh cl k ih cl p er z f er vcl b r eh cl f ix s cl t sil 
LOG (latgen-faster-mapped[5.4.140~1-1ab3d]:DecodeUtteranceLatticeFaster():decoder-wrappers.cc:286) Log-like per frame for utterance mfxs0_sx414 is 3.70298 over 611 frames.
mfxs0_sx54 sil dh iy s cl t er n cl k ow s z ix cl p l ey s f er cl p r er cl p l ey zh er ae n ix cl k s ay cl m ix cl 
LOG (latgen-faster-mapped[5.4.140~1-1ab3d]:DecodeUtteranceLatticeFaster():decoder-wrappers.cc:286) Log-like per frame for utterance mfxs0_sx54 is 3.69611 over 685 frames.
mfxv0_si1005 sil k eh s er oy l m ey vcl f r m cl k ae s cl t er vcl b iy n z hh eh z vcl g ay dx v s dh ay l ay z ix m eh ix s en sil 
LOG (latgen-faster-mapped[5.4.140~1-1ab3d]:DecodeUtteranceLatticeFaster():decoder-wrappers.cc:286) Log-like per frame for utterance mfxv0_si1005 is 3.73721 over 815 frames.
mfxv0_si1342 sil iy f ao r dx er r ay v ih ng ih s f ao r m y ah w iy ih cl s cl p l ey n w w iy m iy n b ay cl p r aw el m z v dh ix s cl k ay vcl d sil 
LOG (latgen-faster-mapped[5.4.140~1-1ab3d]:RebuildRepository():determinize-lattice-pruned.cc:283) Rebuilding repository.
LOG (latgen-faster-mapped[5.4.140~1-1ab3d]:DecodeUtteranceLatticeFaster():decoder-wrappers.cc:286) Log-like per frame for utterance mfxv0_si1342 is 3.58183 over 866 frames.
mfxv0_si1635 sil w iy v g ah cl p l eh n iy v cl t ay n d ix th ih cl k vcl b aw cl dh ae cl sil 
LOG (latgen-faster-mapped[5.4.140~1-1ab3d]:DecodeUtteranceLatticeFaster():decoder-wrappers.cc:286) Log-like per frame for utterance mfxv0_si1635 is 3.6495 over 409 frames.
mfxv0_sx105 sil y m ah s cl t ix cl s cl p ih s ix l iy vcl d ax l iy cl f ay l s sil 
LOG (latgen-faster-mapped[5.4.140~1-1ab3d]:DecodeUtteranceLatticeFaster():decoder-wrappers.cc:286) Log-like per frame for utterance mfxv0_sx105 is 3.72311 over 447 frames.
mfxv0_sx15 sil dh ih m y uw z iy m hh ay er z m ih z ih sh ix n z eh v r iy iy v n ng sil 
LOG (latgen-faster-mapped[5.4.140~1-1ab3d]:DecodeUtteranceLatticeFaster():decoder-wrappers.cc:286) Log-like per frame for utterance mfxv0_sx15 is 3.77895 over 486 frames.
mfxv0_sx195 sil w vcl y uw ax l aw ae cl s ax v ay l n cl s sil 
LOG (latgen-faster-mapped[5.4.140~1-1ab3d]:DecodeUtteranceLatticeFaster():decoder-wrappers.cc:286) Log-like per frame for utterance mfxv0_sx195 is 3.80388 over 373 frames.
mfxv0_sx285 sil r ih cl ch cl p er cl ch ih cl s eh v r l s ay n vcl l ix th ix vcl r ae f s sil 
LOG (latgen-faster-mapped[5.4.140~1-1ab3d]:DecodeUtteranceLatticeFaster():decoder-wrappers.cc:286) Log-like per frame for utterance mfxv0_sx285 is 3.7935 over 545 frames.
mfxv0_sx375 sil g r oy ng w l cl k eh cl t cl g aa r vcl en z ix z v eh ey cl t ay m k ix n s uw m ng sil 
LOG (latgen-faster-mapped[5.4.140~1-1ab3d]:DecodeUtteranceLatticeFaster():decoder-wrappers.cc:286) Log-like per frame for utterance mfxv0_sx375 is 3.72329 over 630 frames.
mgaf0_si1282 sil r iy r s eh cl jh ix n ix z cl k ah cl d aw n b ay dh sh ih l dx ix n eh s ix s eh r iy vcl d ix cl k iy cl p aw cl r ey dx iy ey sh ix n sil 
LOG (latgen-faster-mapped[5.4.140~1-1ab3d]:RebuildRepository():determinize-lattice-pruned.cc:283) Rebuilding repository.
LOG (latgen-faster-mapped[5.4.140~1-1ab3d]:DecodeUtteranceLatticeFaster():decoder-wrappers.cc:286) Log-like per frame for utterance mgaf0_si1282 is 3.60782 over 819 frames.
mgaf0_si1912 sil ix cl k aa s ah s ax hh ah n er th aw z n d ao l er z n th er dx iy vcl d ey z l ao s cl t ay m d ix f ih cl k s dh ah m sil 
LOG (latgen-faster-mapped[5.4.140~1-1ab3d]:RebuildRepository():determinize-lattice-pruned.cc:283) Rebuilding repository.
LOG (latgen-faster-mapped[5.4.140~1-1ab3d]:DecodeUtteranceLatticeFaster():decoder-wrappers.cc:286) Log-like per frame for utterance mgaf0_si1912 is 3.555 over 751 frames.
mgaf0_si652 sil jh ih s cl w ah dx ih z m eh n cl b ay s cl p ih er n ix n b ah m ae dx er sil 
LOG (latgen-faster-mapped[5.4.140~1-1ab3d]:RebuildRepository():determinize-lattice-pruned.cc:283) Rebuilding repository.
LOG (latgen-faster-mapped[5.4.140~1-1ab3d]:DecodeUtteranceLatticeFaster():decoder-wrappers.cc:286) Log-like per frame for utterance mgaf0_si652 is 3.53874 over 417 frames.
mgaf0_sx112 sil t ah vcl b ow cl s er cl k ey cl p el b el hh ao l ix n hh uw z l ow vcl z sil 
LOG (latgen-faster-mapped[5.4.140~1-1ab3d]:DecodeUtteranceLatticeFaster():decoder-wrappers.cc:286) Log-like per frame for utterance mgaf0_sx112 is 3.52621 over 478 frames.
mgaf0_sx202 sil ah m ah cl s l aw n s cl d uw y ih cl sil 
LOG (latgen-faster-mapped[5.4.140~1-1ab3d]:DecodeUtteranceLatticeFaster():decoder-wrappers.cc:286) Log-like per frame for utterance mgaf0_sx202 is 3.38362 over 273 frames.
mgaf0_sx22 sil w n ao l l s f ey l z jh uw z f ao r s sil 
LOG (latgen-faster-mapped[5.4.140~1-1ab3d]:DecodeUtteranceLatticeFaster():decoder-wrappers.cc:286) Log-like per frame for utterance mgaf0_sx22 is 3.69312 over 362 frames.
mgaf0_sx292 sil dh iy z ix cl s cl k l uw s ix vcl d aa cl k ix m ax n s epi ax z cl b iy l aa cl d ah cl p ax ao l cl t ay m z sil 
LOG (latgen-faster-mapped[5.4.140~1-1ab3d]:RebuildRepository():determinize-lattice-pruned.cc:283) Rebuilding repository.
LOG (latgen-faster-mapped[5.4.140~1-1ab3d]:DecodeUtteranceLatticeFaster():decoder-wrappers.cc:286) Log-like per frame for utterance mgaf0_sx292 is 3.52056 over 605 frames.
mgaf0_sx382 sil jh ao r jh ix z cl p er n oy dx vcl b aw dx ix th f uw cl ch er vcl g ae sh ao r dx ix vcl jh sil 
LOG (latgen-faster-mapped[5.4.140~1-1ab3d]:DecodeUtteranceLatticeFaster():decoder-wrappers.cc:286) Log-like per frame for utterance mgaf0_sx382 is 3.61611 over 531 frames.
mgag0_si1321 sil dh er hh aa cl t ax m el hh y m ix dx vcl d y er cl hh r r m er ch er v er iy ih s ey jh ix n z epi w n ih er vcl b ao r sil 
LOG (latgen-faster-mapped[5.4.140~1-1ab3d]:RebuildRepository():determinize-lattice-pruned.cc:283) Rebuilding repository.
LOG (latgen-faster-mapped[5.4.140~1-1ab3d]:RebuildRepository():determinize-lattice-pruned.cc:283) Rebuilding repository.
LOG (latgen-faster-mapped[5.4.140~1-1ab3d]:RebuildRepository():determinize-lattice-pruned.cc:283) Rebuilding repository.
LOG (latgen-faster-mapped[5.4.140~1-1ab3d]:RebuildRepository():determinize-lattice-pruned.cc:283) Rebuilding repository.
WARNING (latgen-faster-mapped[5.4.140~1-1ab3d]:CheckMemoryUsage():determinize-lattice-pruned.cc:316) Did not reach requested beam in determinize-lattice: size exceeds maximum 20000000 bytes; (repo,arcs,elems) = (12922112,354400,6785904), after rebuilding, repo size was 9746560, effective beam was 8.26377 vs. requested beam 10
WARNING (latgen-faster-mapped[5.4.140~1-1ab3d]:DecodeUtteranceLatticeFaster():decoder-wrappers.cc:274) Determinization finished earlier than the beam for utterance mgag0_si1321
LOG (latgen-faster-mapped[5.4.140~1-1ab3d]:DecodeUtteranceLatticeFaster():decoder-wrappers.cc:286) Log-like per frame for utterance mgag0_si1321 is 3.42 over 744 frames.
mgag0_si645 sil hh ih cl n ao er jh cl k aa vcl b uh cl k f ae cl k s sil 
LOG (latgen-faster-mapped[5.4.140~1-1ab3d]:DecodeUtteranceLatticeFaster():decoder-wrappers.cc:286) Log-like per frame for utterance mgag0_si645 is 3.662 over 378 frames.
mgag0_si691 sil ix th ih s eh s el cl t er vcl d aa cl t er n ax hh l ao s ax sh ah f el cl t ax cl k ao r s cl p ah sh el cl p aa er z sil 
LOG (latgen-faster-mapped[5.4.140~1-1ab3d]:RebuildRepository():determinize-lattice-pruned.cc:283) Rebuilding repository.
LOG (latgen-faster-mapped[5.4.140~1-1ab3d]:DecodeUtteranceLatticeFaster():decoder-wrappers.cc:286) Log-like per frame for utterance mgag0_si691 is 3.55889 over 802 frames.
mgag0_sx151 sil cl p r iy v iy ix sh cl p iy cl k er cl p er z ix n ix m b ih y w ix sh r zh ih l cl jh sil 
LOG (latgen-faster-mapped[5.4.140~1-1ab3d]:RebuildRepository():determinize-lattice-pruned.cc:283) Rebuilding repository.
LOG (latgen-faster-mapped[5.4.140~1-1ab3d]:RebuildRepository():determinize-lattice-pruned.cc:283) Rebuilding repository.
LOG (latgen-faster-mapped[5.4.140~1-1ab3d]:RebuildRepository():determinize-lattice-pruned.cc:283) Rebuilding repository.
LOG (latgen-faster-mapped[5.4.140~1-1ab3d]:RebuildRepository():determinize-lattice-pruned.cc:283) Rebuilding repository.
WARNING (latgen-faster-mapped[5.4.140~1-1ab3d]:CheckMemoryUsage():determinize-lattice-pruned.cc:316) Did not reach requested beam in determinize-lattice: size exceeds maximum 20000000 bytes; (repo,arcs,elems) = (13111008,281120,6625176), after rebuilding, repo size was 10234496, effective beam was 8.0995 vs. requested beam 10
WARNING (latgen-faster-mapped[5.4.140~1-1ab3d]:DecodeUtteranceLatticeFaster():decoder-wrappers.cc:274) Determinization finished earlier than the beam for utterance mgag0_sx151
LOG (latgen-faster-mapped[5.4.140~1-1ab3d]:DecodeUtteranceLatticeFaster():decoder-wrappers.cc:286) Log-like per frame for utterance mgag0_sx151 is 3.37924 over 550 frames.
mgag0_sx241 sil ax hh ao l oy ow cl p n z ix n t uh ey jh y iy jh ch ey ng b er sil 
LOG (latgen-faster-mapped[5.4.140~1-1ab3d]:RebuildRepository():determinize-lattice-pruned.cc:283) Rebuilding repository.
LOG (latgen-faster-mapped[5.4.140~1-1ab3d]:DecodeUtteranceLatticeFaster():decoder-wrappers.cc:286) Log-like per frame for utterance mgag0_sx241 is 3.48385 over 427 frames.
mgag0_sx331 sil dh vcl d ih vcl d aa vcl l ah v cl t ix cl ch ow n eh l d r ae vcl d aa l sil 
LOG (latgen-faster-mapped[5.4.140~1-1ab3d]:DecodeUtteranceLatticeFaster():decoder-wrappers.cc:286) Log-like per frame for utterance mgag0_sx331 is 3.5185 over 469 frames.
mgag0_sx421 sil dh ow s ix cl t iy ch f ay iy z f er cl t vcl b ao l sh ch iy sil 
LOG (latgen-faster-mapped[5.4.140~1-1ab3d]:DecodeUtteranceLatticeFaster():decoder-wrappers.cc:286) Log-like per frame for utterance mgag0_sx421 is 3.67896 over 454 frames.
mgag0_sx61 sil ch aa cl k ix n r ow z z n er f eh l z er m eh ix cl k ih f cl t sil 
LOG (latgen-faster-mapped[5.4.140~1-1ab3d]:RebuildRepository():determinize-lattice-pruned.cc:283) Rebuilding repository.
LOG (latgen-faster-mapped[5.4.140~1-1ab3d]:DecodeUtteranceLatticeFaster():decoder-wrappers.cc:286) Log-like per frame for utterance mgag0_sx61 is 3.34094 over 542 frames.
mgak0_si1036 sil dh iy ih n t ih th ix s ih s ax v iy eh cl k ix m ih n ix cl k el ix n dh l ow cl k el dh ih n n ow l ao ng g er vcl z ih s cl s sil 
LOG (latgen-faster-mapped[5.4.140~1-1ab3d]:DecodeUtteranceLatticeFaster():decoder-wrappers.cc:286) Log-like per frame for utterance mgak0_si1036 is 3.61515 over 908 frames.
mgak0_si1666 sil hh iy r m eh m b er dx ih s cl t ao r iy hh iy hh eh vcl r eh dx ih z ix y uw f sil 
LOG (latgen-faster-mapped[5.4.140~1-1ab3d]:DecodeUtteranceLatticeFaster():decoder-wrappers.cc:286) Log-like per frame for utterance mgak0_si1666 is 3.77431 over 580 frames.
mgak0_si2296 sil ih s epi m ae m dh cl ch ih l vcl r n cl k ao r s cl t hh aa r dx l iy sil 
LOG (latgen-faster-mapped[5.4.140~1-1ab3d]:DecodeUtteranceLatticeFaster():decoder-wrappers.cc:286) Log-like per frame for utterance mgak0_si2296 is 3.70576 over 477 frames.
mgak0_sx136 sil sil s ay n cl t ih f ih cl p r aa vcl g r eh s cl k ah m sh m dh vcl d ix v ae l m ix n ix v n uw cl t eh cl sil n iy cl k s sil 
LOG (latgen-faster-mapped[5.4.140~1-1ab3d]:DecodeUtteranceLatticeFaster():decoder-wrappers.cc:286) Log-like per frame for utterance mgak0_sx136 is 3.68968 over 941 frames.
mgak0_sx226 sil s cl t eh f cl k uh vcl b eh r l iy hh ae n el dh s ay cl k l ao vcl jh ix cl k el cl t r ao m ax sil 
LOG (latgen-faster-mapped[5.4.140~1-1ab3d]:DecodeUtteranceLatticeFaster():decoder-wrappers.cc:286) Log-like per frame for utterance mgak0_sx226 is 3.71572 over 666 frames.
LOG (copy-feats[5.4.140~1-1ab3d]:main():copy-feats.cc:143) Copied 184 feature matrices.
mgak0_sx316 sil ae vcl d ao vcl ch ey s ix z cl k ae cl s epi m er s el ax s l iy sil 
LOG (latgen-faster-mapped[5.4.140~1-1ab3d]:DecodeUtteranceLatticeFaster():decoder-wrappers.cc:286) Log-like per frame for utterance mgak0_sx316 is 3.683 over 568 frames.
mgak0_sx406 sil dh er w z ih vcl jh ay vcl g ae n ih cl k w aa s cl p n eh cl k s cl t er er v ih ng z cl b ih vcl t aa cl p ae sil 
LOG (latgen-faster-mapped[5.4.140~1-1ab3d]:DecodeUtteranceLatticeFaster():decoder-wrappers.cc:286) Log-like per frame for utterance mgak0_sx406 is 3.84336 over 796 frames.
LOG (nnet-forward[5.4.140~1-1ab3d]:main():nnet-forward.cc:192) Done 184 files in 8.5745min, (fps 204.994)
mgak0_sx46 sil dh eh cl p ey cl p aa cl k ix cl w z cl k aa cl r eh vcl hh ae n ix cl sil 
LOG (latgen-faster-mapped[5.4.140~1-1ab3d]:DecodeUtteranceLatticeFaster():decoder-wrappers.cc:286) Log-like per frame for utterance mgak0_sx46 is 3.68446 over 423 frames.
LOG (latgen-faster-mapped[5.4.140~1-1ab3d]:main():latgen-faster-mapped.cc:164) Time taken 514.051s: real-time factor assuming 100 frames/sec is 0.487423
LOG (latgen-faster-mapped[5.4.140~1-1ab3d]:main():latgen-faster-mapped.cc:167) Done 184 utterances, failed for 0
LOG (latgen-faster-mapped[5.4.140~1-1ab3d]:main():latgen-faster-mapped.cc:169) Overall log-likelihood per frame is 3.64191 over 105463 frames.
# Accounting: time=515 threads=1
# Ended (code 0) at Fri Jun 22 18:40:45 CST 2018, elapsed time 515 seconds
