# latgen-faster-mapped --beam=18.0 --lattice-beam=10.0 --acoustic-scale=0.2 --max-mem=20000000 --max-active=5000 --word-symbol-table=data/lang/words.txt exp_2/dnn4_pretrain-dbn_dnn/final.mdl exp_2/dnn4_pretrain-dbn_dnn_denlats/dengraph/HCLG.fst "ark,s,cs:copy-feats scp:data-deltas-tri1/train/split20/14/feats.scp ark:- | nnet-forward --no-softmax=true --prior-scale=1.0 --feature-transform=exp_2/dnn4_pretrain-dbn_dnn/final.feature_transform --class-frame-counts=exp_2/dnn4_pretrain-dbn_dnn/ali_train_pdf.counts --use-gpu=no exp_2/dnn4_pretrain-dbn_dnn/final.nnet ark:- ark:- |" scp:exp_2/dnn4_pretrain-dbn_dnn_denlats/lat.store_separately_as_gz.scp 
# Started at Fri Jun 22 18:32:10 CST 2018
#
latgen-faster-mapped --beam=18.0 --lattice-beam=10.0 --acoustic-scale=0.2 --max-mem=20000000 --max-active=5000 --word-symbol-table=data/lang/words.txt exp_2/dnn4_pretrain-dbn_dnn/final.mdl exp_2/dnn4_pretrain-dbn_dnn_denlats/dengraph/HCLG.fst 'ark,s,cs:copy-feats scp:data-deltas-tri1/train/split20/14/feats.scp ark:- | nnet-forward --no-softmax=true --prior-scale=1.0 --feature-transform=exp_2/dnn4_pretrain-dbn_dnn/final.feature_transform --class-frame-counts=exp_2/dnn4_pretrain-dbn_dnn/ali_train_pdf.counts --use-gpu=no exp_2/dnn4_pretrain-dbn_dnn/final.nnet ark:- ark:- |' scp:exp_2/dnn4_pretrain-dbn_dnn_denlats/lat.store_separately_as_gz.scp 
nnet-forward --no-softmax=true --prior-scale=1.0 --feature-transform=exp_2/dnn4_pretrain-dbn_dnn/final.feature_transform --class-frame-counts=exp_2/dnn4_pretrain-dbn_dnn/ali_train_pdf.counts --use-gpu=no exp_2/dnn4_pretrain-dbn_dnn/final.nnet ark:- ark:- 
LOG (nnet-forward[5.4.140~1-1ab3d]:SelectGpuId():cu-device.cc:123) Manually selected to compute on CPU.
copy-feats scp:data-deltas-tri1/train/split20/14/feats.scp ark:- 
LOG (nnet-forward[5.4.140~1-1ab3d]:main():nnet-forward.cc:93) Removing <Softmax> from the nnet exp_2/dnn4_pretrain-dbn_dnn/final.nnet
LOG (nnet-forward[5.4.140~1-1ab3d]:PdfPrior():nnet-pdf-prior.cc:34) Computing pdf-priors from : exp_2/dnn4_pretrain-dbn_dnn/ali_train_pdf.counts
LOG (nnet-forward[5.4.140~1-1ab3d]:PdfPrior():nnet-pdf-prior.cc:64) Floored 0 pdf-priors (hard-set to 1.84467e+19, which disables DNN output when decoding)
mklw0_si1571 sil ay s vcl b ae s epi l ah cl t er cl sh aa cl s epi w ay sh iy ng z w ay l vcl d ao vcl s cl t eh s cl t ix cl k el cl k r aa sh er s sil 
LOG (latgen-faster-mapped[5.4.140~1-1ab3d]:DecodeUtteranceLatticeFaster():decoder-wrappers.cc:286) Log-like per frame for utterance mklw0_si1571 is 3.84925 over 1025 frames.
mklw0_si1844 sil hh eh l ow oy n iy w ah n ae hh ow m sil 
LOG (latgen-faster-mapped[5.4.140~1-1ab3d]:DecodeUtteranceLatticeFaster():decoder-wrappers.cc:286) Log-like per frame for utterance mklw0_si1844 is 3.6584 over 303 frames.
mklw0_si2201 sil jh ah s l ah cl m iy vcl d ay ey n cl p iy s sil 
LOG (latgen-faster-mapped[5.4.140~1-1ab3d]:DecodeUtteranceLatticeFaster():decoder-wrappers.cc:286) Log-like per frame for utterance mklw0_si2201 is 3.94115 over 376 frames.
mklw0_sx131 sil cl p l ae n cl t ix vcl b ih l cl t en uw vcl b eh v r vcl jh cl p l ae cl sil 
LOG (latgen-faster-mapped[5.4.140~1-1ab3d]:DecodeUtteranceLatticeFaster():decoder-wrappers.cc:286) Log-like per frame for utterance mklw0_sx131 is 3.73729 over 509 frames.
mklw0_sx221 sil k ao r iy ih cl t ae cl dh cl p r aa vcl jh ix cl sil w ax f eh cl sh er ix cl t er m n ey sh en sil 
LOG (latgen-faster-mapped[5.4.140~1-1ab3d]:DecodeUtteranceLatticeFaster():decoder-wrappers.cc:286) Log-like per frame for utterance mklw0_sx221 is 3.68505 over 614 frames.
mklw0_sx311 sil m ay vcl d ih z ay er z ax s ih m cl p el sil g ih v epi m iy w n ix n f ao r m dx ix v cl p eh er vcl r ae f ao n s ao vcl jh ix cl t sil 
LOG (latgen-faster-mapped[5.4.140~1-1ab3d]:DecodeUtteranceLatticeFaster():decoder-wrappers.cc:286) Log-like per frame for utterance mklw0_sx311 is 3.73656 over 920 frames.
mklw0_sx401 sil dh ix cl t ae cl s iy cl k ae vcl b r cl d aw n ix n cl k ao z cl ix cl t r ae f ix cl jh ae m sil 
LOG (latgen-faster-mapped[5.4.140~1-1ab3d]:DecodeUtteranceLatticeFaster():decoder-wrappers.cc:286) Log-like per frame for utterance mklw0_sx401 is 3.64497 over 593 frames.
mklw0_sx41 sil eh dx ih cl k ih cl m ae n d ey cl s cl k m cl p ay n z epi ax th ix cl k s ix s cl t ng r y l ey sh ix n s sil 
LOG (latgen-faster-mapped[5.4.140~1-1ab3d]:RebuildRepository():determinize-lattice-pruned.cc:283) Rebuilding repository.
LOG (latgen-faster-mapped[5.4.140~1-1ab3d]:DecodeUtteranceLatticeFaster():decoder-wrappers.cc:286) Log-like per frame for utterance mklw0_sx41 is 3.60239 over 689 frames.
mkrg0_si1491 sil hh iy m er l iy s eh n sil ix n iy vcl g ih vcl d eh cl k r dx er dh iy z t ey z cl k ix n m ey cl k y ix cl t ey s f el hh ow sil 
LOG (latgen-faster-mapped[5.4.140~1-1ab3d]:DecodeUtteranceLatticeFaster():decoder-wrappers.cc:286) Log-like per frame for utterance mkrg0_si1491 is 3.63029 over 772 frames.
mkrg0_si2121 sil ax n ah dh er f iy l d hh ix vcl g ih v ix n hh ix m f ey m ix n ah f cl t ix s ae ix s f ay ix n iy g ix cl t ix s cl t sil 
LOG (latgen-faster-mapped[5.4.140~1-1ab3d]:RebuildRepository():determinize-lattice-pruned.cc:283) Rebuilding repository.
LOG (latgen-faster-mapped[5.4.140~1-1ab3d]:RebuildRepository():determinize-lattice-pruned.cc:283) Rebuilding repository.
LOG (latgen-faster-mapped[5.4.140~1-1ab3d]:RebuildRepository():determinize-lattice-pruned.cc:283) Rebuilding repository.
LOG (latgen-faster-mapped[5.4.140~1-1ab3d]:RebuildRepository():determinize-lattice-pruned.cc:283) Rebuilding repository.
WARNING (latgen-faster-mapped[5.4.140~1-1ab3d]:CheckMemoryUsage():determinize-lattice-pruned.cc:316) Did not reach requested beam in determinize-lattice: size exceeds maximum 20000000 bytes; (repo,arcs,elems) = (12397184,344960,7261032), after rebuilding, repo size was 9221632, effective beam was 8.85849 vs. requested beam 10
WARNING (latgen-faster-mapped[5.4.140~1-1ab3d]:DecodeUtteranceLatticeFaster():decoder-wrappers.cc:274) Determinization finished earlier than the beam for utterance mkrg0_si2121
LOG (latgen-faster-mapped[5.4.140~1-1ab3d]:DecodeUtteranceLatticeFaster():decoder-wrappers.cc:286) Log-like per frame for utterance mkrg0_si2121 is 3.42891 over 733 frames.
mkrg0_si861 sil p ey dx ix s epi m aa el s er hh aa cl m iy l z ix r iy z en b el cl p r ay s ix z sil ix n ix dx er p r aa f ix cl t y iy sil 
LOG (latgen-faster-mapped[5.4.140~1-1ab3d]:RebuildRepository():determinize-lattice-pruned.cc:283) Rebuilding repository.
LOG (latgen-faster-mapped[5.4.140~1-1ab3d]:RebuildRepository():determinize-lattice-pruned.cc:283) Rebuilding repository.
LOG (latgen-faster-mapped[5.4.140~1-1ab3d]:DecodeUtteranceLatticeFaster():decoder-wrappers.cc:286) Log-like per frame for utterance mkrg0_si861 is 3.63332 over 851 frames.
mkrg0_sx141 sil p l eh vcl jh cl t cl p er cl t ih s cl p ey cl en ax v aa ix z ax cl k ao dx ix cl k ah m p cl t ih sh en sil 
LOG (latgen-faster-mapped[5.4.140~1-1ab3d]:RebuildRepository():determinize-lattice-pruned.cc:283) Rebuilding repository.
LOG (latgen-faster-mapped[5.4.140~1-1ab3d]:DecodeUtteranceLatticeFaster():decoder-wrappers.cc:286) Log-like per frame for utterance mkrg0_sx141 is 3.64436 over 636 frames.
mkrg0_sx231 sil ay aa dx er m ah m aa m sil 
LOG (latgen-faster-mapped[5.4.140~1-1ab3d]:DecodeUtteranceLatticeFaster():decoder-wrappers.cc:286) Log-like per frame for utterance mkrg0_sx231 is 3.3508 over 213 frames.
mkrg0_sx31 sil ix vcl g uh dx ae dx ix cl t uw dx ix z ah n b iy dx ax vcl el sil 
LOG (latgen-faster-mapped[5.4.140~1-1ab3d]:RebuildRepository():determinize-lattice-pruned.cc:283) Rebuilding repository.
LOG (latgen-faster-mapped[5.4.140~1-1ab3d]:DecodeUtteranceLatticeFaster():decoder-wrappers.cc:286) Log-like per frame for utterance mkrg0_sx31 is 3.55355 over 344 frames.
mkrg0_sx411 sil b ah dx er s cl k aa cl ch f ah vcl jh g ix z w l th v ix n ih l ax ay s cl k ix sil 
LOG (latgen-faster-mapped[5.4.140~1-1ab3d]:RebuildRepository():determinize-lattice-pruned.cc:283) Rebuilding repository.
LOG (latgen-faster-mapped[5.4.140~1-1ab3d]:RebuildRepository():determinize-lattice-pruned.cc:283) Rebuilding repository.
LOG (latgen-faster-mapped[5.4.140~1-1ab3d]:DecodeUtteranceLatticeFaster():decoder-wrappers.cc:286) Log-like per frame for utterance mkrg0_sx411 is 3.48146 over 508 frames.
mkrg0_sx51 sil eh m ix vcl d eh cl s r ih s cl p ih cl p aa cl k ix s ax cl k ah cl p l sh epi m ao r sil 
LOG (latgen-faster-mapped[5.4.140~1-1ab3d]:DecodeUtteranceLatticeFaster():decoder-wrappers.cc:286) Log-like per frame for utterance mkrg0_sx51 is 3.51824 over 470 frames.
mkxl0_si1185 sil hh ih z cl t eh cl k n iy cl g ih z cl jh eh n y uw ix n l iy m ae s cl t er f el sil 
LOG (latgen-faster-mapped[5.4.140~1-1ab3d]:DecodeUtteranceLatticeFaster():decoder-wrappers.cc:286) Log-like per frame for utterance mkxl0_si1185 is 3.63878 over 492 frames.
mkxl0_si1815 sil m ay cl k w ah z ax v l iy vcl g l ey vcl jh ae n cl p r iy z uw n d ey vcl b el cl t ix vcl d iy f ae n ix m s eh l f ix n dh cl k l ih n ch ix z sil 
LOG (latgen-faster-mapped[5.4.140~1-1ab3d]:DecodeUtteranceLatticeFaster():decoder-wrappers.cc:286) Log-like per frame for utterance mkxl0_si1815 is 3.7659 over 884 frames.
mkxl0_si1958 sil hh ix z f er s cl k l ih n s ah v dh r ae n ch aw s ax cl k r ao s ax vcl b r ah sh iy s w l z cl t el vcl d ix n ah th ix ng sil 
LOG (latgen-faster-mapped[5.4.140~1-1ab3d]:DecodeUtteranceLatticeFaster():decoder-wrappers.cc:286) Log-like per frame for utterance mkxl0_si1958 is 3.74669 over 816 frames.
mkxl0_sx105 sil y m ah s cl t ix cl k s cl p l ih s ix l iy vcl d l iy cl f ay l z sil 
LOG (latgen-faster-mapped[5.4.140~1-1ab3d]:DecodeUtteranceLatticeFaster():decoder-wrappers.cc:286) Log-like per frame for utterance mkxl0_sx105 is 3.78902 over 461 frames.
mkxl0_sx15 sil dh m y uw z iy ih m hh ay er z m ix z ih sh en z eh v r iy v n ng sil 
LOG (latgen-faster-mapped[5.4.140~1-1ab3d]:DecodeUtteranceLatticeFaster():decoder-wrappers.cc:286) Log-like per frame for utterance mkxl0_sx15 is 3.76948 over 523 frames.
mkxl0_sx195 sil w vcl y uw l aw ae cl k s ax v ay l ax n s sil 
LOG (latgen-faster-mapped[5.4.140~1-1ab3d]:DecodeUtteranceLatticeFaster():decoder-wrappers.cc:286) Log-like per frame for utterance mkxl0_sx195 is 3.79164 over 396 frames.
mkxl0_sx285 sil r ih cl ch cl p er cl ch ix s eh v r el s ay n vcl l ih th uh cl g r ae f s sil 
LOG (latgen-faster-mapped[5.4.140~1-1ab3d]:DecodeUtteranceLatticeFaster():decoder-wrappers.cc:286) Log-like per frame for utterance mkxl0_sx285 is 3.69632 over 477 frames.
mkxl0_sx375 sil g r oy ng w l cl k eh cl g aa r vcl en z ix z epi er iy cl t ay m cl k en s uw m ng sil 
LOG (latgen-faster-mapped[5.4.140~1-1ab3d]:DecodeUtteranceLatticeFaster():decoder-wrappers.cc:286) Log-like per frame for utterance mkxl0_sx375 is 3.62228 over 580 frames.
mlbc0_si1239 sil dh ah s f ao r dh iy vcl v ae n t ix z m ey dx ix vcl b ix n aa l m ax z t ix n t ay er l iy l ao ng f ah cl sh epi ow l ay n s sil 
LOG (latgen-faster-mapped[5.4.140~1-1ab3d]:RebuildRepository():determinize-lattice-pruned.cc:283) Rebuilding repository.
LOG (latgen-faster-mapped[5.4.140~1-1ab3d]:RebuildRepository():determinize-lattice-pruned.cc:283) Rebuilding repository.
LOG (latgen-faster-mapped[5.4.140~1-1ab3d]:RebuildRepository():determinize-lattice-pruned.cc:283) Rebuilding repository.
WARNING (latgen-faster-mapped[5.4.140~1-1ab3d]:CheckMemoryUsage():determinize-lattice-pruned.cc:316) Did not reach requested beam in determinize-lattice: size exceeds maximum 20000000 bytes; (repo,arcs,elems) = (13068032,370784,6568032), after rebuilding, repo size was 9341088, effective beam was 8.82199 vs. requested beam 10
WARNING (latgen-faster-mapped[5.4.140~1-1ab3d]:DecodeUtteranceLatticeFaster():decoder-wrappers.cc:274) Determinization finished earlier than the beam for utterance mlbc0_si1239
LOG (latgen-faster-mapped[5.4.140~1-1ab3d]:DecodeUtteranceLatticeFaster():decoder-wrappers.cc:286) Log-like per frame for utterance mlbc0_si1239 is 3.72875 over 812 frames.
mlbc0_si1869 sil hh iy r ow vcl d l ow ao n ax m ey er z n eh cl k sil 
LOG (latgen-faster-mapped[5.4.140~1-1ab3d]:DecodeUtteranceLatticeFaster():decoder-wrappers.cc:286) Log-like per frame for utterance mlbc0_si1869 is 3.84775 over 415 frames.
mlbc0_si609 sil dh ax cl p ah b l ix cl k ix z n aw aa r m vcl w s f ix s cl t ix cl k ey sh ix n eh n uw m er s cl k m cl p iy dx iy ng m iy d iy ah sil 
LOG (latgen-faster-mapped[5.4.140~1-1ab3d]:DecodeUtteranceLatticeFaster():decoder-wrappers.cc:286) Log-like per frame for utterance mlbc0_si609 is 3.67881 over 771 frames.
mlbc0_sx159 sil dh vcl g ah v er n m ix n s ao ao th er z ey sh n ah v ix s ih dx ix z n sh ih cl p sil 
LOG (latgen-faster-mapped[5.4.140~1-1ab3d]:DecodeUtteranceLatticeFaster():decoder-wrappers.cc:286) Log-like per frame for utterance mlbc0_sx159 is 3.87548 over 551 frames.
mlbc0_sx249 sil ay ey cl eh v r oy s cl t r aa n ao r z cl p l ey cl t sil 
LOG (latgen-faster-mapped[5.4.140~1-1ab3d]:DecodeUtteranceLatticeFaster():decoder-wrappers.cc:286) Log-like per frame for utterance mlbc0_sx249 is 3.80292 over 474 frames.
mlbc0_sx339 sil cl d ix vcl sh ao n cl k eh cl ch dh eh cl b ih vcl g uw s w dh aw hh eh l cl p sil 
LOG (latgen-faster-mapped[5.4.140~1-1ab3d]:DecodeUtteranceLatticeFaster():decoder-wrappers.cc:286) Log-like per frame for utterance mlbc0_sx339 is 3.72224 over 490 frames.
mlbc0_sx429 sil ah cl t uw th p ey s cl t uw vcl sh ih vcl b iy s cl k w iy z cl t ax m ax vcl b aa ah m sil 
LOG (latgen-faster-mapped[5.4.140~1-1ab3d]:DecodeUtteranceLatticeFaster():decoder-wrappers.cc:286) Log-like per frame for utterance mlbc0_sx429 is 3.92938 over 588 frames.
mlbc0_sx69 sil iy y er v r ey z ix n z aw vcl d ao r z ax n ax cl p ao r cl s cl t eh cl p s sil 
LOG (latgen-faster-mapped[5.4.140~1-1ab3d]:DecodeUtteranceLatticeFaster():decoder-wrappers.cc:286) Log-like per frame for utterance mlbc0_sx69 is 3.82999 over 536 frames.
mlel0_si1246 sil hh iy w ah z dh ah s eh n er l iy ae s cl p cl t ae cl f l er v ih cl t ax m sil 
LOG (latgen-faster-mapped[5.4.140~1-1ab3d]:DecodeUtteranceLatticeFaster():decoder-wrappers.cc:286) Log-like per frame for utterance mlel0_si1246 is 3.67208 over 657 frames.
mlel0_si1876 sil sil ey v oy s cl p ow cl n ih r ih hh ae n sil 
LOG (latgen-faster-mapped[5.4.140~1-1ab3d]:DecodeUtteranceLatticeFaster():decoder-wrappers.cc:286) Log-like per frame for utterance mlel0_si1876 is 3.80916 over 455 frames.
mlel0_si616 sil hh iy ih n jh eh cl d ih vcl m ao r v ay cl t aw cl t iy ix cl t uw dh ix s cl k ao r dh eh n ih hh ae z r v iy l dx ix n m ih n iy y er s sil 
LOG (latgen-faster-mapped[5.4.140~1-1ab3d]:DecodeUtteranceLatticeFaster():decoder-wrappers.cc:286) Log-like per frame for utterance mlel0_si616 is 3.79345 over 941 frames.
mlel0_sx166 sil b ay aw ao vcl jh ih s y uw z r ey iy ow ae cl t ix v ay s ix cl t ow cl s cl t ix s cl t ah dx iy m aa cl k r ow ao r vcl g ix n ix z m z sil 
LOG (latgen-faster-mapped[5.4.140~1-1ab3d]:DecodeUtteranceLatticeFaster():decoder-wrappers.cc:286) Log-like per frame for utterance mlel0_sx166 is 3.78923 over 849 frames.
mlel0_sx256 sil sil dh y ay r ey ae cl t er s cl t aa cl t w ey ih dx iy aa ix cl k l iy sil 
LOG (latgen-faster-mapped[5.4.140~1-1ab3d]:DecodeUtteranceLatticeFaster():decoder-wrappers.cc:286) Log-like per frame for utterance mlel0_sx256 is 3.71008 over 693 frames.
mlel0_sx346 sil iy vcl b eh r cl k uw dx ix r iy cl k ow l vcl f ah m dh ax s er cl p ax cl s cl p oy z n ax s f ae ng s sil 
LOG (latgen-faster-mapped[5.4.140~1-1ab3d]:DecodeUtteranceLatticeFaster():decoder-wrappers.cc:286) Log-like per frame for utterance mlel0_sx346 is 3.77767 over 675 frames.
mlel0_sx436 sil sil p l iy s ey ng cl jh ah s dh cl k l ah vcl th iy n sil 
LOG (latgen-faster-mapped[5.4.140~1-1ab3d]:DecodeUtteranceLatticeFaster():decoder-wrappers.cc:286) Log-like per frame for utterance mlel0_sx436 is 3.83172 over 574 frames.
mlel0_sx76 sil jh eh w iy cl p l ey s cl jh ih m z f ow n s cl k ah l cl sh er n ax vcl b aa cl k s sil 
LOG (latgen-faster-mapped[5.4.140~1-1ab3d]:DecodeUtteranceLatticeFaster():decoder-wrappers.cc:286) Log-like per frame for utterance mlel0_sx76 is 3.67447 over 669 frames.
mljc0_si1225 sil dh cl t r eh cl jh ix cl k s cl t ey iy vcl jh sil ix z ey cl p ae cl p ao r m ix cl s cl t eh n ng cl p er cl k eh er ih s w iy sil cl t w ng hh ae v ix n hh ae l sil 
LOG (latgen-faster-mapped[5.4.140~1-1ab3d]:RebuildRepository():determinize-lattice-pruned.cc:283) Rebuilding repository.
LOG (latgen-faster-mapped[5.4.140~1-1ab3d]:RebuildRepository():determinize-lattice-pruned.cc:283) Rebuilding repository.
LOG (latgen-faster-mapped[5.4.140~1-1ab3d]:DecodeUtteranceLatticeFaster():decoder-wrappers.cc:286) Log-like per frame for utterance mljc0_si1225 is 3.51438 over 1080 frames.
mljc0_si1855 sil p ey cl p ao n ae v er dx eh v f er r eh v er sil 
LOG (latgen-faster-mapped[5.4.140~1-1ab3d]:RebuildRepository():determinize-lattice-pruned.cc:283) Rebuilding repository.
LOG (latgen-faster-mapped[5.4.140~1-1ab3d]:DecodeUtteranceLatticeFaster():decoder-wrappers.cc:286) Log-like per frame for utterance mljc0_si1855 is 3.84878 over 392 frames.
mljc0_si595 sil dh eh r cl p r ey v ey sh ix n z er ao m ow z t cl p iy aa n ix n d er n vcl s sil 
LOG (latgen-faster-mapped[5.4.140~1-1ab3d]:RebuildRepository():determinize-lattice-pruned.cc:283) Rebuilding repository.
LOG (latgen-faster-mapped[5.4.140~1-1ab3d]:DecodeUtteranceLatticeFaster():decoder-wrappers.cc:286) Log-like per frame for utterance mljc0_si595 is 3.61953 over 557 frames.
mljc0_sx145 sil t uw m ah cl jh cl k er iy aa s dh ix cl t iy cl k ng g ey y uw ix n t ix cl t r cl p ax sil 
LOG (latgen-faster-mapped[5.4.140~1-1ab3d]:RebuildRepository():determinize-lattice-pruned.cc:283) Rebuilding repository.
LOG (latgen-faster-mapped[5.4.140~1-1ab3d]:RebuildRepository():determinize-lattice-pruned.cc:283) Rebuilding repository.
LOG (latgen-faster-mapped[5.4.140~1-1ab3d]:DecodeUtteranceLatticeFaster():decoder-wrappers.cc:286) Log-like per frame for utterance mljc0_sx145 is 3.6742 over 588 frames.
mljc0_sx235 sil ay ey aw aa th ah m aa z ao l ah cl k aw n t s ix m ay ey cl k en s iy sil 
LOG (latgen-faster-mapped[5.4.140~1-1ab3d]:RebuildRepository():determinize-lattice-pruned.cc:283) Rebuilding repository.
LOG (latgen-faster-mapped[5.4.140~1-1ab3d]:DecodeUtteranceLatticeFaster():decoder-wrappers.cc:286) Log-like per frame for utterance mljc0_sx235 is 3.55882 over 589 frames.
mljc0_sx325 sil th ih f ao r m uw n sh aa l n b r ay cl ey v ae cl ay cl t sil 
LOG (latgen-faster-mapped[5.4.140~1-1ab3d]:RebuildRepository():determinize-lattice-pruned.cc:283) Rebuilding repository.
LOG (latgen-faster-mapped[5.4.140~1-1ab3d]:RebuildRepository():determinize-lattice-pruned.cc:283) Rebuilding repository.
LOG (latgen-faster-mapped[5.4.140~1-1ab3d]:RebuildRepository():determinize-lattice-pruned.cc:283) Rebuilding repository.
WARNING (latgen-faster-mapped[5.4.140~1-1ab3d]:CheckMemoryUsage():determinize-lattice-pruned.cc:316) Did not reach requested beam in determinize-lattice: size exceeds maximum 20000000 bytes; (repo,arcs,elems) = (14407328,227776,5425248), after rebuilding, repo size was 10816736, effective beam was 6.93686 vs. requested beam 10
WARNING (latgen-faster-mapped[5.4.140~1-1ab3d]:DecodeUtteranceLatticeFaster():decoder-wrappers.cc:274) Determinization finished earlier than the beam for utterance mljc0_sx325
LOG (latgen-faster-mapped[5.4.140~1-1ab3d]:DecodeUtteranceLatticeFaster():decoder-wrappers.cc:286) Log-like per frame for utterance mljc0_sx325 is 3.47572 over 524 frames.
mljc0_sx415 sil n ih f ix vcl g aa r vcl r vcl jh epi n ih er cl t ix dh ax l r vcl jh w eh n d ow sil 
LOG (latgen-faster-mapped[5.4.140~1-1ab3d]:DecodeUtteranceLatticeFaster():decoder-wrappers.cc:286) Log-like per frame for utterance mljc0_sx415 is 3.70301 over 540 frames.
mljc0_sx55 sil dh ah l ae cl k ah v hh ey iy vcl k ah m p ah n ix dh ix cl t ix n ix n s cl g r iy v ix n z ix s sil 
LOG (latgen-faster-mapped[5.4.140~1-1ab3d]:RebuildRepository():determinize-lattice-pruned.cc:283) Rebuilding repository.
LOG (latgen-faster-mapped[5.4.140~1-1ab3d]:RebuildRepository():determinize-lattice-pruned.cc:283) Rebuilding repository.
LOG (latgen-faster-mapped[5.4.140~1-1ab3d]:RebuildRepository():determinize-lattice-pruned.cc:283) Rebuilding repository.
LOG (latgen-faster-mapped[5.4.140~1-1ab3d]:RebuildRepository():determinize-lattice-pruned.cc:283) Rebuilding repository.
WARNING (latgen-faster-mapped[5.4.140~1-1ab3d]:CheckMemoryUsage():determinize-lattice-pruned.cc:316) Did not reach requested beam in determinize-lattice: size exceeds maximum 20000000 bytes; (repo,arcs,elems) = (12828960,290656,6906096), after rebuilding, repo size was 9912352, effective beam was 8.14254 vs. requested beam 10
WARNING (latgen-faster-mapped[5.4.140~1-1ab3d]:DecodeUtteranceLatticeFaster():decoder-wrappers.cc:274) Determinization finished earlier than the beam for utterance mljc0_sx55
LOG (latgen-faster-mapped[5.4.140~1-1ab3d]:DecodeUtteranceLatticeFaster():decoder-wrappers.cc:286) Log-like per frame for utterance mljc0_sx55 is 3.44832 over 540 frames.
mljh0_si1324 sil ih dx ih z s ey hh ae cl p iy sil b ah z ix n sil k r ae aw vcl d sil 
LOG (latgen-faster-mapped[5.4.140~1-1ab3d]:RebuildRepository():determinize-lattice-pruned.cc:283) Rebuilding repository.
LOG (latgen-faster-mapped[5.4.140~1-1ab3d]:DecodeUtteranceLatticeFaster():decoder-wrappers.cc:286) Log-like per frame for utterance mljh0_si1324 is 3.85282 over 678 frames.
mljh0_si1422 sil dh eh r aa r m ih n iy s ah cl sh sil k aa cl p ax n cl t ax l iy sil ah n aa n ax m ah s sil p ax f ao r m n s ih z s sil ax m ah n iy er l iy er cl p ow eh n s sil 
LOG (latgen-faster-mapped[5.4.140~1-1ab3d]:RebuildRepository():determinize-lattice-pruned.cc:283) Rebuilding repository.
LOG (latgen-faster-mapped[5.4.140~1-1ab3d]:DecodeUtteranceLatticeFaster():decoder-wrappers.cc:286) Log-like per frame for utterance mljh0_si1422 is 3.73088 over 1325 frames.
mljh0_si694 sil dh iy n uw b er th sil ih z epi m er ae cl k y l ax s sil eh n m ax s cl t ih r iy ax s sil 
LOG (latgen-faster-mapped[5.4.140~1-1ab3d]:DecodeUtteranceLatticeFaster():decoder-wrappers.cc:286) Log-like per frame for utterance mljh0_si694 is 3.92455 over 903 frames.
mljh0_sx154 sil ao r n jh cl jh iy s cl t ey s cl t f ah n iy cl ae f cl t er cl t uw th cl p ey s cl t sil 
LOG (latgen-faster-mapped[5.4.140~1-1ab3d]:DecodeUtteranceLatticeFaster():decoder-wrappers.cc:286) Log-like per frame for utterance mljh0_sx154 is 3.7584 over 661 frames.
mljh0_sx244 sil hh er vcl p s cl p er th sil d ey iy sil ax cl k er z f r cl k el k l iy sil ao n cl f ax ng s cl g ih v ix n sil 
LOG (latgen-faster-mapped[5.4.140~1-1ab3d]:RebuildRepository():determinize-lattice-pruned.cc:283) Rebuilding repository.
LOG (latgen-faster-mapped[5.4.140~1-1ab3d]:RebuildRepository():determinize-lattice-pruned.cc:283) Rebuilding repository.
LOG (latgen-faster-mapped[5.4.140~1-1ab3d]:DecodeUtteranceLatticeFaster():decoder-wrappers.cc:286) Log-like per frame for utterance mljh0_sx244 is 3.67779 over 825 frames.
mljh0_sx334 sil ao f cl t eh n y el vcl g ih cl b ae cl m ao r dh ih n y cl p uh dx ih n sil 
LOG (latgen-faster-mapped[5.4.140~1-1ab3d]:RebuildRepository():determinize-lattice-pruned.cc:283) Rebuilding repository.
LOG (latgen-faster-mapped[5.4.140~1-1ab3d]:DecodeUtteranceLatticeFaster():decoder-wrappers.cc:286) Log-like per frame for utterance mljh0_sx334 is 3.67573 over 610 frames.
mljh0_sx424 sil t aa dh z iy n ah z sil r r l iy hh ae v cl k r cl k ix vcl s cl t ih l m sil s sil 
LOG (latgen-faster-mapped[5.4.140~1-1ab3d]:DecodeUtteranceLatticeFaster():decoder-wrappers.cc:286) Log-like per frame for utterance mljh0_sx424 is 3.63067 over 719 frames.
mljh0_sx64 sil r eh y ix er ax cl t ih n d ih n s ix s eh l ax m r ix cl k w ay er vcl d sil 
LOG (latgen-faster-mapped[5.4.140~1-1ab3d]:RebuildRepository():determinize-lattice-pruned.cc:283) Rebuilding repository.
LOG (latgen-faster-mapped[5.4.140~1-1ab3d]:DecodeUtteranceLatticeFaster():decoder-wrappers.cc:286) Log-like per frame for utterance mljh0_sx64 is 3.68745 over 610 frames.
mlns0_si1407 sil w dh ah m ah v cl k aa l z r ah cl p s ah v n iy cl p er s eh ix sil 
LOG (latgen-faster-mapped[5.4.140~1-1ab3d]:DecodeUtteranceLatticeFaster():decoder-wrappers.cc:286) Log-like per frame for utterance mlns0_si1407 is 3.54552 over 445 frames.
mlns0_si2037 sil hh iy cl k ao s dh n eh cl s epi m ah dx ow n vcl k ay vcl d ix cl t r iy w dh vcl jh ah ng el cl t r ow er z uw ng d sil 
LOG (latgen-faster-mapped[5.4.140~1-1ab3d]:RebuildRepository():determinize-lattice-pruned.cc:283) Rebuilding repository.
LOG (latgen-faster-mapped[5.4.140~1-1ab3d]:DecodeUtteranceLatticeFaster():decoder-wrappers.cc:286) Log-like per frame for utterance mlns0_si2037 is 3.49824 over 712 frames.
mlns0_si777 sil iy z ih n ih n iy eh cl ch er f el n ax s iy v ax l iy er aw n cl sil 
LOG (latgen-faster-mapped[5.4.140~1-1ab3d]:RebuildRepository():determinize-lattice-pruned.cc:283) Rebuilding repository.
LOG (latgen-faster-mapped[5.4.140~1-1ab3d]:RebuildRepository():determinize-lattice-pruned.cc:283) Rebuilding repository.
LOG (latgen-faster-mapped[5.4.140~1-1ab3d]:DecodeUtteranceLatticeFaster():decoder-wrappers.cc:286) Log-like per frame for utterance mlns0_si777 is 3.47604 over 516 frames.
mlns0_sx147 sil k r eh cl t eh cl sh vcl k uw sh n m ay vcl jh cl t r r sh en z cl k r uw sh el sil 
LOG (latgen-faster-mapped[5.4.140~1-1ab3d]:DecodeUtteranceLatticeFaster():decoder-wrappers.cc:286) Log-like per frame for utterance mlns0_sx147 is 3.5917 over 495 frames.
mlns0_sx237 sil dh ix cl k er er w z vcl d w r f sil 
LOG (latgen-faster-mapped[5.4.140~1-1ab3d]:DecodeUtteranceLatticeFaster():decoder-wrappers.cc:286) Log-like per frame for utterance mlns0_sx237 is 3.67324 over 316 frames.
mlns0_sx327 sil aw r s iy vcl d ix jh oy n ax cl p ow m ix cl ix dh vcl b ay l vcl jh ih n iy ix vcl jh n ih er ng cl p aa r m en cl s sil 
LOG (latgen-faster-mapped[5.4.140~1-1ab3d]:RebuildRepository():determinize-lattice-pruned.cc:283) Rebuilding repository.
LOG (latgen-faster-mapped[5.4.140~1-1ab3d]:RebuildRepository():determinize-lattice-pruned.cc:283) Rebuilding repository.
LOG (latgen-faster-mapped[5.4.140~1-1ab3d]:RebuildRepository():determinize-lattice-pruned.cc:283) Rebuilding repository.
LOG (latgen-faster-mapped[5.4.140~1-1ab3d]:RebuildRepository():determinize-lattice-pruned.cc:283) Rebuilding repository.
WARNING (latgen-faster-mapped[5.4.140~1-1ab3d]:CheckMemoryUsage():determinize-lattice-pruned.cc:316) Did not reach requested beam in determinize-lattice: size exceeds maximum 20000000 bytes; (repo,arcs,elems) = (13007392,228256,6828000), after rebuilding, repo size was 9875296, effective beam was 7.76758 vs. requested beam 10
WARNING (latgen-faster-mapped[5.4.140~1-1ab3d]:DecodeUtteranceLatticeFaster():decoder-wrappers.cc:274) Determinization finished earlier than the beam for utterance mlns0_sx327
LOG (latgen-faster-mapped[5.4.140~1-1ab3d]:DecodeUtteranceLatticeFaster():decoder-wrappers.cc:286) Log-like per frame for utterance mlns0_sx327 is 3.58021 over 735 frames.
mlns0_sx417 sil dh aw ay l aa vcl jh ih l iy s ow vcl b r jh dh ax f er s cl k ae f b ao er n sil 
LOG (latgen-faster-mapped[5.4.140~1-1ab3d]:DecodeUtteranceLatticeFaster():decoder-wrappers.cc:286) Log-like per frame for utterance mlns0_sx417 is 3.82161 over 670 frames.
mlns0_sx57 sil dh cl p r aw l er w ao r s cl k iy m ae s cl k f er vcl s cl k ay z sil 
LOG (latgen-faster-mapped[5.4.140~1-1ab3d]:DecodeUtteranceLatticeFaster():decoder-wrappers.cc:286) Log-like per frame for utterance mlns0_sx57 is 3.75446 over 459 frames.
mlsh0_si1417 sil dh ih sh ix b iy n ow r iy z ih n cl ch ix m ih s ix n cl t er cl p er dx er vcl n ao r dh iy ix n cl t eh cl ax dh ih s l eh dx er sil 
LOG (latgen-faster-mapped[5.4.140~1-1ab3d]:DecodeUtteranceLatticeFaster():decoder-wrappers.cc:286) Log-like per frame for utterance mlsh0_si1417 is 3.74688 over 852 frames.
mlsh0_si2047 sil s cl d ey r ay vcl hh iy r y r cl k y eh vcl hh iy cl k ao l sil 
LOG (latgen-faster-mapped[5.4.140~1-1ab3d]:DecodeUtteranceLatticeFaster():decoder-wrappers.cc:286) Log-like per frame for utterance mlsh0_si2047 is 3.70732 over 554 frames.
mlsh0_si787 sil f iy vcl p r sh er ih z ao s ow m ey vcl jh er m p ao r cl t en s sil 
LOG (latgen-faster-mapped[5.4.140~1-1ab3d]:DecodeUtteranceLatticeFaster():decoder-wrappers.cc:286) Log-like per frame for utterance mlsh0_si787 is 3.8027 over 561 frames.
mlsh0_sx157 sil r m uw v ix s cl p l ah n cl t er w th ix cl p eh er v cl t w iy z er z sil 
LOG (latgen-faster-mapped[5.4.140~1-1ab3d]:DecodeUtteranceLatticeFaster():decoder-wrappers.cc:286) Log-like per frame for utterance mlsh0_sx157 is 3.65789 over 506 frames.
mlsh0_sx247 sil dh ix s ih er eh th s ix n ah cl k l ey ae sh cl t r ey ow v er f l ow dx ao n d ax dh ax ow cl t ey vcl b el sil 
LOG (latgen-faster-mapped[5.4.140~1-1ab3d]:RebuildRepository():determinize-lattice-pruned.cc:283) Rebuilding repository.
LOG (latgen-faster-mapped[5.4.140~1-1ab3d]:RebuildRepository():determinize-lattice-pruned.cc:283) Rebuilding repository.
LOG (latgen-faster-mapped[5.4.140~1-1ab3d]:RebuildRepository():determinize-lattice-pruned.cc:283) Rebuilding repository.
LOG (latgen-faster-mapped[5.4.140~1-1ab3d]:RebuildRepository():determinize-lattice-pruned.cc:283) Rebuilding repository.
WARNING (latgen-faster-mapped[5.4.140~1-1ab3d]:CheckMemoryUsage():determinize-lattice-pruned.cc:316) Did not reach requested beam in determinize-lattice: size exceeds maximum 20000000 bytes; (repo,arcs,elems) = (13062624,232160,6708072), after rebuilding, repo size was 9895712, effective beam was 8.93761 vs. requested beam 10
WARNING (latgen-faster-mapped[5.4.140~1-1ab3d]:DecodeUtteranceLatticeFaster():decoder-wrappers.cc:274) Determinization finished earlier than the beam for utterance mlsh0_sx247
LOG (latgen-faster-mapped[5.4.140~1-1ab3d]:DecodeUtteranceLatticeFaster():decoder-wrappers.cc:286) Log-like per frame for utterance mlsh0_sx247 is 3.63945 over 868 frames.
mlsh0_sx337 b aa vcl b ae n d iy z vcl b ow th epi uw n epi w th ix s cl k iy l v ax vcl d aa cl t er sil 
LOG (latgen-faster-mapped[5.4.140~1-1ab3d]:DecodeUtteranceLatticeFaster():decoder-wrappers.cc:286) Log-like per frame for utterance mlsh0_sx337 is 3.6105 over 578 frames.
mlsh0_sx427 sil eh v r iy cl k ae vcl n iy cl jh r ix cl p ey n cl t ix ng n ao f ix n sil 
LOG (latgen-faster-mapped[5.4.140~1-1ab3d]:RebuildRepository():determinize-lattice-pruned.cc:283) Rebuilding repository.
LOG (latgen-faster-mapped[5.4.140~1-1ab3d]:DecodeUtteranceLatticeFaster():decoder-wrappers.cc:286) Log-like per frame for utterance mlsh0_sx427 is 3.63064 over 484 frames.
mlsh0_sx67 sil l ae s cl jh y er zh vcl g eh sh ao r dx ix jh cl k ao s cl d iy cl p r ay s ix n k r iy sh ix s sil 
LOG (latgen-faster-mapped[5.4.140~1-1ab3d]:DecodeUtteranceLatticeFaster():decoder-wrappers.cc:286) Log-like per frame for utterance mlsh0_sx67 is 3.57228 over 682 frames.
mmaa0_si1588 sil t vcl b iy cl p ae s ih v cl t vcl b iy vcl g er l ix s l iy sh ay w ix s cl p ae cl p ax vcl b l iy ix vcl p s er vcl d sil 
LOG (latgen-faster-mapped[5.4.140~1-1ab3d]:RebuildRepository():determinize-lattice-pruned.cc:283) Rebuilding repository.
LOG (latgen-faster-mapped[5.4.140~1-1ab3d]:DecodeUtteranceLatticeFaster():decoder-wrappers.cc:286) Log-like per frame for utterance mmaa0_si1588 is 3.72025 over 938 frames.
mmaa0_si2105 sil ih vcl g iy v er l uw vcl w iy cl k iy n ix f ae cl t sil 
LOG (latgen-faster-mapped[5.4.140~1-1ab3d]:DecodeUtteranceLatticeFaster():decoder-wrappers.cc:286) Log-like per frame for utterance mmaa0_si2105 is 3.60921 over 486 frames.
mmaa0_si845 sil b ah cl t uw cl k ix n cl t ix n y iy cl t vcl d ix v ao r s ix v ae n s cl t ih z f er m r ae l vcl d iy ix z ix n ih s cl y uw z ix vcl b el sil 
LOG (latgen-faster-mapped[5.4.140~1-1ab3d]:RebuildRepository():determinize-lattice-pruned.cc:283) Rebuilding repository.
LOG (latgen-faster-mapped[5.4.140~1-1ab3d]:RebuildRepository():determinize-lattice-pruned.cc:283) Rebuilding repository.
LOG (latgen-faster-mapped[5.4.140~1-1ab3d]:RebuildRepository():determinize-lattice-pruned.cc:283) Rebuilding repository.
LOG (latgen-faster-mapped[5.4.140~1-1ab3d]:RebuildRepository():determinize-lattice-pruned.cc:283) Rebuilding repository.
WARNING (latgen-faster-mapped[5.4.140~1-1ab3d]:CheckMemoryUsage():determinize-lattice-pruned.cc:316) Did not reach requested beam in determinize-lattice: size exceeds maximum 20000000 bytes; (repo,arcs,elems) = (12594176,450720,6970440), after rebuilding, repo size was 9155264, effective beam was 9.11341 vs. requested beam 10
WARNING (latgen-faster-mapped[5.4.140~1-1ab3d]:DecodeUtteranceLatticeFaster():decoder-wrappers.cc:274) Determinization finished earlier than the beam for utterance mmaa0_si845
LOG (latgen-faster-mapped[5.4.140~1-1ab3d]:DecodeUtteranceLatticeFaster():decoder-wrappers.cc:286) Log-like per frame for utterance mmaa0_si845 is 3.60898 over 904 frames.
mmaa0_sx125 sil w eh s ch eh s cl t er sil ix z ix cl k aw n iy n iy ao r cl k sil 
LOG (latgen-faster-mapped[5.4.140~1-1ab3d]:DecodeUtteranceLatticeFaster():decoder-wrappers.cc:286) Log-like per frame for utterance mmaa0_sx125 is 3.61579 over 559 frames.
mmaa0_sx215 sil dh ix s er m n eh n dh ax s ay z dh ih n iy vcl f ao er f er m vcl d ih v ae cl sh ix n sil 
LOG (latgen-faster-mapped[5.4.140~1-1ab3d]:DecodeUtteranceLatticeFaster():decoder-wrappers.cc:286) Log-like per frame for utterance mmaa0_sx215 is 3.67113 over 636 frames.
mmaa0_sx305 sil k aa dx ey z ch iy zh ix th ch ay ey ix z ix z cl d ix l ih sh ix s sil 
LOG (latgen-faster-mapped[5.4.140~1-1ab3d]:DecodeUtteranceLatticeFaster():decoder-wrappers.cc:286) Log-like per frame for utterance mmaa0_sx305 is 3.53983 over 561 frames.
mmaa0_sx35 sil hh ah cl p s eh l vcl b r ih y er b r ah dh er s ix cl s eh s sil 
LOG (latgen-faster-mapped[5.4.140~1-1ab3d]:DecodeUtteranceLatticeFaster():decoder-wrappers.cc:286) Log-like per frame for utterance mmaa0_sx35 is 3.76716 over 484 frames.
mmaa0_sx395 sil ay cl t ax cl k er w er vcl f ao er sil b dx ih sh y r l ih vcl g oy n w ix th iy uw sil 
LOG (latgen-faster-mapped[5.4.140~1-1ab3d]:DecodeUtteranceLatticeFaster():decoder-wrappers.cc:286) Log-like per frame for utterance mmaa0_sx395 is 3.54787 over 593 frames.
mmab1_si1494 sil hh ow vcl t s iy y uw vcl g eh n sil 
LOG (latgen-faster-mapped[5.4.140~1-1ab3d]:DecodeUtteranceLatticeFaster():decoder-wrappers.cc:286) Log-like per frame for utterance mmab1_si1494 is 3.94427 over 303 frames.
mmab1_si2124 sil dh ih eh er s m eh l d w ao m ih sh ix n f aw l sil 
LOG (latgen-faster-mapped[5.4.140~1-1ab3d]:DecodeUtteranceLatticeFaster():decoder-wrappers.cc:286) Log-like per frame for utterance mmab1_si2124 is 3.80437 over 482 frames.
mmab1_si864 sil dh l ao ng ih n eh v er ix ng k r iy s ng k aa l m ax m p s cl p ao r s epi m ix n sil ix z n aw m uw v iy ng ix n cl t uw ix n uw ih r sil 
LOG (latgen-faster-mapped[5.4.140~1-1ab3d]:DecodeUtteranceLatticeFaster():decoder-wrappers.cc:286) Log-like per frame for utterance mmab1_si864 is 3.84808 over 1000 frames.
mmab1_sx144 sil dh w l w iy w m ix n w ao r sil ax m ah s cl k r ae cl k ow cl sil 
LOG (latgen-faster-mapped[5.4.140~1-1ab3d]:DecodeUtteranceLatticeFaster():decoder-wrappers.cc:286) Log-like per frame for utterance mmab1_sx144 is 3.85191 over 551 frames.
mmab1_sx234 sil dh ix cl p eh cl p er vcl b ao r vcl b ao cl t uw ae cl p el z ix n th r iy ay s ix z sil 
LOG (latgen-faster-mapped[5.4.140~1-1ab3d]:DecodeUtteranceLatticeFaster():decoder-wrappers.cc:286) Log-like per frame for utterance mmab1_sx234 is 3.89977 over 600 frames.
mmab1_sx324 sil l ah cl k el vcl d r ah vcl s cl t ao r w ix z cl ch aa r jh epi w ix dh ax l iy vcl g ax l iy vcl d ix s cl p ih n s ih ng cl t r cl w ow aa ay z er z sil 
LOG (latgen-faster-mapped[5.4.140~1-1ab3d]:RebuildRepository():determinize-lattice-pruned.cc:283) Rebuilding repository.
LOG (latgen-faster-mapped[5.4.140~1-1ab3d]:DecodeUtteranceLatticeFaster():decoder-wrappers.cc:286) Log-like per frame for utterance mmab1_sx324 is 3.66926 over 871 frames.
mmab1_sx414 sil aa r sh y ah ng s cl t er z iy vcl f r sh cl k ih cl p er z f er vcl b r eh cl f ix s cl t sil 
LOG (latgen-faster-mapped[5.4.140~1-1ab3d]:DecodeUtteranceLatticeFaster():decoder-wrappers.cc:286) Log-like per frame for utterance mmab1_sx414 is 3.88309 over 602 frames.
mmab1_sx54 sil dh iy z cl t er n cl k ow s ix z ix cl p l ey s f er cl p y er cl p l ay zh er n ix cl s ay m ix n sil 
LOG (latgen-faster-mapped[5.4.140~1-1ab3d]:DecodeUtteranceLatticeFaster():decoder-wrappers.cc:286) Log-like per frame for utterance mmab1_sx54 is 3.77744 over 730 frames.
mmag0_si1126 sil ix m dh l ah cl m iy ae aw vcl sil y cl t ow cl p iy ix n ih z ax m sil sil ao s el sil 
LOG (latgen-faster-mapped[5.4.140~1-1ab3d]:RebuildRepository():determinize-lattice-pruned.cc:283) Rebuilding repository.
LOG (latgen-faster-mapped[5.4.140~1-1ab3d]:DecodeUtteranceLatticeFaster():decoder-wrappers.cc:286) Log-like per frame for utterance mmag0_si1126 is 3.55233 over 656 frames.
mmag0_si1756 sil m iy ng w aa aw l sil sil f ih sh ix m ix n cl t cl g ix vcl v ae n ih vcl jh ih v dh aw m cl t ax cl p l l ah cl p w aa cl b er s sil 
LOG (latgen-faster-mapped[5.4.140~1-1ab3d]:RebuildRepository():determinize-lattice-pruned.cc:283) Rebuilding repository.
LOG (latgen-faster-mapped[5.4.140~1-1ab3d]:DecodeUtteranceLatticeFaster():decoder-wrappers.cc:286) Log-like per frame for utterance mmag0_si1756 is 3.74921 over 880 frames.
mmag0_si496 sil dh ey cl k ix dx w ao cl k ix sil r ay dx aa n ax vcl b aa s sil ao vcl b iy cl jh ih v ah n sil 
LOG (latgen-faster-mapped[5.4.140~1-1ab3d]:RebuildRepository():determinize-lattice-pruned.cc:283) Rebuilding repository.
LOG (latgen-faster-mapped[5.4.140~1-1ab3d]:DecodeUtteranceLatticeFaster():decoder-wrappers.cc:286) Log-like per frame for utterance mmag0_si496 is 3.55253 over 588 frames.
mmag0_sx136 sil s ay n cl t ix f ih cl p r aa cl g r eh s cl k ah m s f ah m dh vcl d v eh l cl m ah n ah v n uw cl t eh cl n iy cl k s sil 
LOG (latgen-faster-mapped[5.4.140~1-1ab3d]:RebuildRepository():determinize-lattice-pruned.cc:283) Rebuilding repository.
LOG (latgen-faster-mapped[5.4.140~1-1ab3d]:DecodeUtteranceLatticeFaster():decoder-wrappers.cc:286) Log-like per frame for utterance mmag0_sx136 is 3.64616 over 830 frames.
mmag0_sx226 sil s cl d eh f cl k ix vcl p eh er l iy hh ae m b el dh ax s ay cl k ow aa cl jh cl k el cl t r aa m el sil 
LOG (latgen-faster-mapped[5.4.140~1-1ab3d]:DecodeUtteranceLatticeFaster():decoder-wrappers.cc:286) Log-like per frame for utterance mmag0_sx226 is 3.57827 over 623 frames.
mmag0_sx316 sil dh ae cl vcl d aa vcl cl ch ey z ix z cl t ae cl s epi m er z el ah z l ey sil 
LOG (latgen-faster-mapped[5.4.140~1-1ab3d]:DecodeUtteranceLatticeFaster():decoder-wrappers.cc:286) Log-like per frame for utterance mmag0_sx316 is 3.68279 over 611 frames.
mmag0_sx406 sil dh eh w ax z ah vcl jh ay cl g ae n cl t ih cl k w aa s sil n ey cl k s cl t ix epi er v ih ng z cl p ey vcl t aa cl p ae aw sil 
LOG (latgen-faster-mapped[5.4.140~1-1ab3d]:DecodeUtteranceLatticeFaster():decoder-wrappers.cc:286) Log-like per frame for utterance mmag0_sx406 is 3.66493 over 775 frames.
mmag0_sx46 sil dh ae cl p ix cl p aa cl k ih cl ax z cl k aa cl r eh vcl d hh ae n d eh cl sil 
LOG (latgen-faster-mapped[5.4.140~1-1ab3d]:DecodeUtteranceLatticeFaster():decoder-wrappers.cc:286) Log-like per frame for utterance mmag0_sx46 is 3.50928 over 500 frames.
mmam0_si1597 sil dh ix f ih y er n ix cl k ao ax er b eh l cl ch l aw l iy sil eh vcl d iy cl p l ih cl k w vcl d er r aa cl p sh ix n sil 
LOG (latgen-faster-mapped[5.4.140~1-1ab3d]:DecodeUtteranceLatticeFaster():decoder-wrappers.cc:286) Log-like per frame for utterance mmam0_si1597 is 3.58411 over 740 frames.
mmam0_si1668 sil ow n ow n aa dx ix vcl g eh n hh iy s eh l aw vcl sil sil 
LOG (latgen-faster-mapped[5.4.140~1-1ab3d]:DecodeUtteranceLatticeFaster():decoder-wrappers.cc:286) Log-like per frame for utterance mmam0_si1668 is 3.61248 over 438 frames.
mmam0_si2227 sil y er ae v ix ng ax m ih z ax b el p ay m ah cl ch ix sil 
LOG (latgen-faster-mapped[5.4.140~1-1ab3d]:RebuildRepository():determinize-lattice-pruned.cc:283) Rebuilding repository.
LOG (latgen-faster-mapped[5.4.140~1-1ab3d]:RebuildRepository():determinize-lattice-pruned.cc:283) Rebuilding repository.
LOG (latgen-faster-mapped[5.4.140~1-1ab3d]:DecodeUtteranceLatticeFaster():decoder-wrappers.cc:286) Log-like per frame for utterance mmam0_si2227 is 3.5095 over 380 frames.
mmam0_sx157 sil r m uw dh s cl p l n er w th p er cl t w iy zh er z sil 
LOG (latgen-faster-mapped[5.4.140~1-1ab3d]:DecodeUtteranceLatticeFaster():decoder-wrappers.cc:286) Log-like per frame for utterance mmam0_sx157 is 3.51759 over 391 frames.
mmam0_sx247 sil dh s ih vcl er eh cl s ix n ix cl k l ey ae sh cl t r ey ow v er f l ow dh ah n cl t ix dh iy ow cl t ey vcl p el sil 
LOG (latgen-faster-mapped[5.4.140~1-1ab3d]:DecodeUtteranceLatticeFaster():decoder-wrappers.cc:286) Log-like per frame for utterance mmam0_sx247 is 3.5817 over 682 frames.
mmam0_sx337 sil b aa vcl b ae n d ih jh vcl b ow th uw n z ax th ax s cl k ih l v ax vcl d aa cl t er sil 
LOG (latgen-faster-mapped[5.4.140~1-1ab3d]:DecodeUtteranceLatticeFaster():decoder-wrappers.cc:286) Log-like per frame for utterance mmam0_sx337 is 3.56281 over 508 frames.
mmam0_sx427 sil eh r iy cl k ae vcl n iy vcl jh r iy cl p ey n ng ao f en sil 
LOG (latgen-faster-mapped[5.4.140~1-1ab3d]:DecodeUtteranceLatticeFaster():decoder-wrappers.cc:286) Log-like per frame for utterance mmam0_sx427 is 3.65574 over 390 frames.
mmam0_sx67 sil l eh sh er z vcl g ae sh r r iy v cl k aa s cl t iy cl p r ay s ng k r iy s ix z sil 
LOG (latgen-faster-mapped[5.4.140~1-1ab3d]:DecodeUtteranceLatticeFaster():decoder-wrappers.cc:286) Log-like per frame for utterance mmam0_sx67 is 3.67641 over 610 frames.
mmar0_si1336 sil dh iy z w er th aa cl t r eh cl p r z ix r iy vcl jh ih n ih r ey dx iy ng f ay vcl b er s sil 
LOG (latgen-faster-mapped[5.4.140~1-1ab3d]:DecodeUtteranceLatticeFaster():decoder-wrappers.cc:286) Log-like per frame for utterance mmar0_si1336 is 3.94879 over 726 frames.
mmar0_si1966 sil ao dh l ow sil dh ey vcl d r uw l ay cl g r aw n d f ay er dh ey s aa n ow s ay n z v ae cl t ix v ix d iy sil 
LOG (latgen-faster-mapped[5.4.140~1-1ab3d]:DecodeUtteranceLatticeFaster():decoder-wrappers.cc:286) Log-like per frame for utterance mmar0_si1966 is 3.8641 over 979 frames.
mmar0_si706 sil p ae n z iy z er vcl d l ah cl en s sil sil 
LOG (latgen-faster-mapped[5.4.140~1-1ab3d]:DecodeUtteranceLatticeFaster():decoder-wrappers.cc:286) Log-like per frame for utterance mmar0_si706 is 4.09149 over 449 frames.
mmar0_sx166 sil b ay aa l vcl jh ih s y uw z r ey dx iy ow ae cl t iy v ay s ix cl t ow cl p s cl t uw s cl t eh dx iy m ay cl k r ow ao r vcl ix n ih z m z sil 
LOG (latgen-faster-mapped[5.4.140~1-1ab3d]:DecodeUtteranceLatticeFaster():decoder-wrappers.cc:286) Log-like per frame for utterance mmar0_sx166 is 3.85039 over 1072 frames.
mmar0_sx256 sil sil dh iy ay r ey ae cl t er s cl t aa m cl d w ey iy aa dx ix cl k l iy sil 
LOG (latgen-faster-mapped[5.4.140~1-1ab3d]:DecodeUtteranceLatticeFaster():decoder-wrappers.cc:286) Log-like per frame for utterance mmar0_sx256 is 3.81024 over 700 frames.
mmar0_sx346 sil dh vcl b eh r eh cl k uw dx ih r iy cl k oy l vcl d sil f ah m ax s er cl p ix n s cl p oy z en ix s f ae ng z sil 
LOG (latgen-faster-mapped[5.4.140~1-1ab3d]:RebuildRepository():determinize-lattice-pruned.cc:283) Rebuilding repository.
LOG (latgen-faster-mapped[5.4.140~1-1ab3d]:DecodeUtteranceLatticeFaster():decoder-wrappers.cc:286) Log-like per frame for utterance mmar0_sx346 is 3.76828 over 904 frames.
mmar0_sx436 sil p l iy z s iy ng jh eh s th ix cl k l ah vcl th iy m sil 
LOG (latgen-faster-mapped[5.4.140~1-1ab3d]:DecodeUtteranceLatticeFaster():decoder-wrappers.cc:286) Log-like per frame for utterance mmar0_sx436 is 3.85986 over 515 frames.
mmar0_sx76 sil jh ih cl l iy cl p ey s vcl jh ih m z f ow m s cl k el cl sh er ix n dh vcl b aa cl k s sil 
LOG (latgen-faster-mapped[5.4.140~1-1ab3d]:DecodeUtteranceLatticeFaster():decoder-wrappers.cc:286) Log-like per frame for utterance mmar0_sx76 is 3.76362 over 716 frames.
mmbs0_si1151 sil f ao w ah vcl d uw dh y cl t ow cl p y ix n z l ey vcl er sil 
LOG (latgen-faster-mapped[5.4.140~1-1ab3d]:RebuildRepository():determinize-lattice-pruned.cc:283) Rebuilding repository.
LOG (latgen-faster-mapped[5.4.140~1-1ab3d]:DecodeUtteranceLatticeFaster():decoder-wrappers.cc:286) Log-like per frame for utterance mmbs0_si1151 is 3.49193 over 461 frames.
mmbs0_si1781 sil dh sh ae dx ow v ae n ix sh cl t sil 
LOG (latgen-faster-mapped[5.4.140~1-1ab3d]:DecodeUtteranceLatticeFaster():decoder-wrappers.cc:286) Log-like per frame for utterance mmbs0_si1781 is 3.82304 over 401 frames.
mmbs0_si521 sil t r ae f ih cl k f r cl k uh w iy ix z f ih l cl t m eh zh r ah cl t iy n jh vcl y er z r ow z iy ah s cl t vcl b ix cl s sil sil 
LOG (latgen-faster-mapped[5.4.140~1-1ab3d]:DecodeUtteranceLatticeFaster():decoder-wrappers.cc:286) Log-like per frame for utterance mmbs0_si521 is 3.55048 over 950 frames.
mmbs0_sx161 sil ae z ix cl p r cl k ao sh ix m iy aw l ao z b ao cl cl g ah n cl p aw vcl d er f r dh er s cl t r ao ng hh el cl t sil 
LOG (latgen-faster-mapped[5.4.140~1-1ab3d]:DecodeUtteranceLatticeFaster():decoder-wrappers.cc:286) Log-like per frame for utterance mmbs0_sx161 is 3.72542 over 852 frames.
mmbs0_sx251 sil w iy cl p l ay ao dx uh cl t ao r vcl m ao l oy ng cl t uw cl k m cl p uw dx er s cl p iy cl ch epi r cl k ix vcl ix sh ix cl sil 
LOG (latgen-faster-mapped[5.4.140~1-1ab3d]:RebuildRepository():determinize-lattice-pruned.cc:283) Rebuilding repository.
LOG (latgen-faster-mapped[5.4.140~1-1ab3d]:DecodeUtteranceLatticeFaster():decoder-wrappers.cc:286) Log-like per frame for utterance mmbs0_sx251 is 3.57797 over 779 frames.
mmbs0_sx341 sil th ao hh ay s ix cl k er dx iy cl p r z ix n w s r aw vcl ih vcl b ay vcl b aa r b d w ay er sil 
LOG (latgen-faster-mapped[5.4.140~1-1ab3d]:RebuildRepository():determinize-lattice-pruned.cc:283) Rebuilding repository.
LOG (latgen-faster-mapped[5.4.140~1-1ab3d]:DecodeUtteranceLatticeFaster():decoder-wrappers.cc:286) Log-like per frame for utterance mmbs0_sx341 is 3.7188 over 662 frames.
mmbs0_sx431 sil dh uh f ih th cl jh aa r cl k en cl t iy n s vcl b iy vcl vcl jh uw s iy cl p iy cl ch ix z sil 
LOG (latgen-faster-mapped[5.4.140~1-1ab3d]:DecodeUtteranceLatticeFaster():decoder-wrappers.cc:286) Log-like per frame for utterance mmbs0_sx431 is 3.66436 over 706 frames.
mmbs0_sx71 cl p ao r cl k y cl p ay n z r iy z ih m b el s iy er cl ch en cl s sil 
LOG (latgen-faster-mapped[5.4.140~1-1ab3d]:DecodeUtteranceLatticeFaster():decoder-wrappers.cc:286) Log-like per frame for utterance mmbs0_sx71 is 3.70883 over 592 frames.
mmcc0_si1338 sil n ow ae jh ih n w ah cl z cl t eh cl ax b el n s er en vcl d ao r cl s f y er cl k el eh r iy ah z m ow s ah l z sil 
LOG (latgen-faster-mapped[5.4.140~1-1ab3d]:RebuildRepository():determinize-lattice-pruned.cc:283) Rebuilding repository.
LOG (latgen-faster-mapped[5.4.140~1-1ab3d]:RebuildRepository():determinize-lattice-pruned.cc:283) Rebuilding repository.
LOG (latgen-faster-mapped[5.4.140~1-1ab3d]:RebuildRepository():determinize-lattice-pruned.cc:283) Rebuilding repository.
LOG (latgen-faster-mapped[5.4.140~1-1ab3d]:DecodeUtteranceLatticeFaster():decoder-wrappers.cc:286) Log-like per frame for utterance mmcc0_si1338 is 3.7377 over 895 frames.
mmcc0_si1968 sil dh ih cl p ow z ix ng eh r k r ae f cl k en cl t ix n uw vcl d cl k ah m ao n sil 
LOG (latgen-faster-mapped[5.4.140~1-1ab3d]:DecodeUtteranceLatticeFaster():decoder-wrappers.cc:286) Log-like per frame for utterance mmcc0_si1968 is 3.656 over 447 frames.
mmcc0_si708 sil sil dh er z ow vcl d ay ng r w ae cl k s ix ng ao r vcl g ae s ix ng n iy dx ix vcl 
LOG (latgen-faster-mapped[5.4.140~1-1ab3d]:DecodeUtteranceLatticeFaster():decoder-wrappers.cc:286) Log-like per frame for utterance mmcc0_si708 is 3.80197 over 638 frames.
mmcc0_sx168 sil ix cl t uh cl dh cl k ay ae cl d ae n vcl b ay y uw sil 
LOG (latgen-faster-mapped[5.4.140~1-1ab3d]:DecodeUtteranceLatticeFaster():decoder-wrappers.cc:286) Log-like per frame for utterance mmcc0_sx168 is 3.7049 over 337 frames.
mmcc0_sx258 sil dh iy eh s ey ah n n ay vcl b l er f l ah cl k s aa r v uw ey vcl w iy sil 
LOG (latgen-faster-mapped[5.4.140~1-1ab3d]:RebuildRepository():determinize-lattice-pruned.cc:283) Rebuilding repository.
LOG (latgen-faster-mapped[5.4.140~1-1ab3d]:RebuildRepository():determinize-lattice-pruned.cc:283) Rebuilding repository.
LOG (latgen-faster-mapped[5.4.140~1-1ab3d]:RebuildRepository():determinize-lattice-pruned.cc:283) Rebuilding repository.
LOG (latgen-faster-mapped[5.4.140~1-1ab3d]:RebuildRepository():determinize-lattice-pruned.cc:283) Rebuilding repository.
WARNING (latgen-faster-mapped[5.4.140~1-1ab3d]:CheckMemoryUsage():determinize-lattice-pruned.cc:316) Did not reach requested beam in determinize-lattice: size exceeds maximum 20000000 bytes; (repo,arcs,elems) = (12183488,436128,7398384), after rebuilding, repo size was 9173152, effective beam was 9.86511 vs. requested beam 10
WARNING (latgen-faster-mapped[5.4.140~1-1ab3d]:DecodeUtteranceLatticeFaster():decoder-wrappers.cc:274) Determinization finished earlier than the beam for utterance mmcc0_sx258
LOG (latgen-faster-mapped[5.4.140~1-1ab3d]:DecodeUtteranceLatticeFaster():decoder-wrappers.cc:286) Log-like per frame for utterance mmcc0_sx258 is 3.7071 over 554 frames.
mmcc0_sx348 sil ao dh ax s cl k uw cl p dh ah dx ih vcl g z aa dx ih cl p er cl p el n cl t er cl k oy sh er b r cl sil 
LOG (latgen-faster-mapped[5.4.140~1-1ab3d]:RebuildRepository():determinize-lattice-pruned.cc:283) Rebuilding repository.
LOG (latgen-faster-mapped[5.4.140~1-1ab3d]:DecodeUtteranceLatticeFaster():decoder-wrappers.cc:286) Log-like per frame for utterance mmcc0_sx348 is 3.7448 over 674 frames.
mmcc0_sx438 sil sh eh l sh ao cl k ao z b ah sh r ae cl n l ix s ah n t ah m z cl k y er cl dh uw vcl g r uw cl p dh eh r cl p iy sil 
LOG (latgen-faster-mapped[5.4.140~1-1ab3d]:DecodeUtteranceLatticeFaster():decoder-wrappers.cc:286) Log-like per frame for utterance mmcc0_sx438 is 3.76599 over 778 frames.
mmcc0_sx78 sil aa t er z cl s cl k r ay vcl d r ah vcl s cl t uw f r l ix sil 
LOG (latgen-faster-mapped[5.4.140~1-1ab3d]:DecodeUtteranceLatticeFaster():decoder-wrappers.cc:286) Log-like per frame for utterance mmcc0_sx78 is 3.65779 over 435 frames.
mmdb0_si1358 sil b ah dh iy f er m ey sh en ah n ah vcl d ay n ae m ix s ax cl p aa cl p iy l ey sh w z ao f en cl k w ay m ix s l iy dx ng sil 
LOG (latgen-faster-mapped[5.4.140~1-1ab3d]:DecodeUtteranceLatticeFaster():decoder-wrappers.cc:286) Log-like per frame for utterance mmdb0_si1358 is 3.65969 over 714 frames.
mmdb0_si1617 sil hh iy cl s cl p ae vcl f er f ao s vcl b ay cl d sil 
LOG (latgen-faster-mapped[5.4.140~1-1ab3d]:DecodeUtteranceLatticeFaster():decoder-wrappers.cc:286) Log-like per frame for utterance mmdb0_si1617 is 3.69468 over 316 frames.
mmdb0_si987 sil f ao r w aa s cl s cl d ey ng z sil ah n ih n jh uw z ax vcl t ey n b ay s cl k r ey vcl ix ng ix n ah n ix n cl g ey cl k w ix cl k r l iy th sil 
LOG (latgen-faster-mapped[5.4.140~1-1ab3d]:RebuildRepository():determinize-lattice-pruned.cc:283) Rebuilding repository.
LOG (latgen-faster-mapped[5.4.140~1-1ab3d]:RebuildRepository():determinize-lattice-pruned.cc:283) Rebuilding repository.
LOG (latgen-faster-mapped[5.4.140~1-1ab3d]:DecodeUtteranceLatticeFaster():decoder-wrappers.cc:286) Log-like per frame for utterance mmdb0_si987 is 3.63572 over 851 frames.
mmdb0_sx177 sil d ah z cl k r iy l cl k uh cl k ng y uw z cl k ah r iy sil 
LOG (latgen-faster-mapped[5.4.140~1-1ab3d]:DecodeUtteranceLatticeFaster():decoder-wrappers.cc:286) Log-like per frame for utterance mmdb0_sx177 is 3.83353 over 319 frames.
mmdb0_sx267 sil jh r ao eh v r iy aw r l ay f er s sil dh eh n f ih l n iy ix n t ih r iy sil 
LOG (latgen-faster-mapped[5.4.140~1-1ab3d]:DecodeUtteranceLatticeFaster():decoder-wrappers.cc:286) Log-like per frame for utterance mmdb0_sx267 is 3.77549 over 601 frames.
mmdb0_sx357 sil dh ax m oy cl ch er m ay z z f r m ay vcl d r aa cl p s sil n aa f m cl t y er z sil 
LOG (latgen-faster-mapped[5.4.140~1-1ab3d]:DecodeUtteranceLatticeFaster():decoder-wrappers.cc:286) Log-like per frame for utterance mmdb0_sx357 is 3.93923 over 628 frames.
mmdb0_sx447 sil f r cl t eh vcl m ih l cl t dx sh r dx vcl ch uw z sil 
LOG (latgen-faster-mapped[5.4.140~1-1ab3d]:DecodeUtteranceLatticeFaster():decoder-wrappers.cc:286) Log-like per frame for utterance mmdb0_sx447 is 3.61913 over 381 frames.
mmdb0_sx87 sil p r ih cl d ih cl t r ay vcl s ah v n ah cl p iy d ae cl t uw vcl d sil 
LOG (latgen-faster-mapped[5.4.140~1-1ab3d]:DecodeUtteranceLatticeFaster():decoder-wrappers.cc:286) Log-like per frame for utterance mmdb0_sx87 is 3.7016 over 395 frames.
mmdg0_si1780 sil ah m ao n s cl t r sh ae dx ow f eh l cl k ao s dh iy l uw m n ey ih w ao l vcl d ix s cl t ao r dx ih dx eh n ih n d ax f ay n ax m b el sil 
LOG (latgen-faster-mapped[5.4.140~1-1ab3d]:DecodeUtteranceLatticeFaster():decoder-wrappers.cc:286) Log-like per frame for utterance mmdg0_si1780 is 3.78154 over 967 frames.
mmdg0_si2035 sil hh iy f eh l cl t vcl g ih vcl d iy l eh sh ey cl k iy sil 
LOG (latgen-faster-mapped[5.4.140~1-1ab3d]:DecodeUtteranceLatticeFaster():decoder-wrappers.cc:286) Log-like per frame for utterance mmdg0_si2035 is 3.75016 over 414 frames.
mmdg0_si520 sil s ix cl k s eh s f er m eh n iy cl t er n cl p ay cl k s eh z cl k ah m hh aa er vcl d sil 
LOG (latgen-faster-mapped[5.4.140~1-1ab3d]:DecodeUtteranceLatticeFaster():decoder-wrappers.cc:286) Log-like per frame for utterance mmdg0_si520 is 3.92661 over 639 frames.
mmdg0_sx160 sil ae z cl k ow ao th er z epi w iy cl p r z eh n ah vcl d aa r n uw b uh cl t dh ah hh aa dx iy aa dx iy ix n cl s sil 
LOG (latgen-faster-mapped[5.4.140~1-1ab3d]:DecodeUtteranceLatticeFaster():decoder-wrappers.cc:286) Log-like per frame for utterance mmdg0_sx160 is 3.68526 over 797 frames.
mmdg0_sx250 sil dh vcl b ao s cl t ix n d ae l ey ow v er cl k ey m dh eh r f ah n d ih ng sh ao r dx uw vcl jh sil 
LOG (latgen-faster-mapped[5.4.140~1-1ab3d]:DecodeUtteranceLatticeFaster():decoder-wrappers.cc:286) Log-like per frame for utterance mmdg0_sx250 is 3.79601 over 696 frames.
mmdg0_sx340 sil d ah cl k s eh v w eh vcl t f iy cl ae n cl k l er f el f eh dh er z sil sil 
LOG (latgen-faster-mapped[5.4.140~1-1ab3d]:DecodeUtteranceLatticeFaster():decoder-wrappers.cc:286) Log-like per frame for utterance mmdg0_sx340 is 3.70936 over 679 frames.
mmdg0_sx430 sil dh ow z epi uw er n aa cl p y er ih s y z cl k ae n v eh vcl jh cl t b el z epi w n m ey cl k ng s cl t uw sil 
LOG (latgen-faster-mapped[5.4.140~1-1ab3d]:DecodeUtteranceLatticeFaster():decoder-wrappers.cc:286) Log-like per frame for utterance mmdg0_sx430 is 3.71258 over 790 frames.
mmdg0_sx70 sil d ix vcl jh uw y eh sil 
LOG (latgen-faster-mapped[5.4.140~1-1ab3d]:DecodeUtteranceLatticeFaster():decoder-wrappers.cc:286) Log-like per frame for utterance mmdg0_sx70 is 3.63323 over 205 frames.
mmdm0_si1311 sil s ow r ix dx ih cl p z ih sh ix n sil sil ix z v ae ey uw w ey dx uw vcl b ah w oy sh ng k l ng s epi oy cl ch ix z w dh ix vcl d er iy w n s sil 
LOG (latgen-faster-mapped[5.4.140~1-1ab3d]:RebuildRepository():determinize-lattice-pruned.cc:283) Rebuilding repository.
LOG (latgen-faster-mapped[5.4.140~1-1ab3d]:DecodeUtteranceLatticeFaster():decoder-wrappers.cc:286) Log-like per frame for utterance mmdm0_si1311 is 3.68784 over 1078 frames.
mmdm0_si1941 sil w uh th t ao cl g ow v r ix cl y er aa f ix s sil 
LOG (latgen-faster-mapped[5.4.140~1-1ab3d]:DecodeUtteranceLatticeFaster():decoder-wrappers.cc:286) Log-like per frame for utterance mmdm0_si1941 is 3.55096 over 368 frames.
mmdm0_si681 sil w ix cl s ah cl ch ix n ae cl sil t uw m ix f y zh uw vcl b iy y uw s f el sil 
LOG (latgen-faster-mapped[5.4.140~1-1ab3d]:RebuildRepository():determinize-lattice-pruned.cc:283) Rebuilding repository.
LOG (latgen-faster-mapped[5.4.140~1-1ab3d]:DecodeUtteranceLatticeFaster():decoder-wrappers.cc:286) Log-like per frame for utterance mmdm0_si681 is 3.54809 over 495 frames.
mmdm0_sx141 sil p l ih zh cl t cl p cl jh ih s cl p ey dx ih n ax v aa dx ax z ix cl k w ao dx cl k ax m cl t ih sh en sil 
LOG (latgen-faster-mapped[5.4.140~1-1ab3d]:RebuildRepository():determinize-lattice-pruned.cc:283) Rebuilding repository.
LOG (latgen-faster-mapped[5.4.140~1-1ab3d]:RebuildRepository():determinize-lattice-pruned.cc:283) Rebuilding repository.
LOG (latgen-faster-mapped[5.4.140~1-1ab3d]:RebuildRepository():determinize-lattice-pruned.cc:283) Rebuilding repository.
LOG (latgen-faster-mapped[5.4.140~1-1ab3d]:DecodeUtteranceLatticeFaster():decoder-wrappers.cc:286) Log-like per frame for utterance mmdm0_sx141 is 3.57151 over 628 frames.
mmdm0_sx231 sil aw ao n er m ah m ao l m sil 
LOG (latgen-faster-mapped[5.4.140~1-1ab3d]:RebuildRepository():determinize-lattice-pruned.cc:283) Rebuilding repository.
LOG (latgen-faster-mapped[5.4.140~1-1ab3d]:DecodeUtteranceLatticeFaster():decoder-wrappers.cc:286) Log-like per frame for utterance mmdm0_sx231 is 3.48857 over 319 frames.
mmdm0_sx321 sil vcl g r ah n ah n sil k ih l iy s ah l ey sh eh dx ow sil dh ix s cl t ey ae dx ow l iy m ow m cl sil 
LOG (latgen-faster-mapped[5.4.140~1-1ab3d]:RebuildRepository():determinize-lattice-pruned.cc:283) Rebuilding repository.
LOG (latgen-faster-mapped[5.4.140~1-1ab3d]:DecodeUtteranceLatticeFaster():decoder-wrappers.cc:286) Log-like per frame for utterance mmdm0_sx321 is 3.41327 over 711 frames.
mmdm0_sx411 sil b ah dx er s cl k ah cl ch f uh ey jh sil sil k uw z w ow v ix n eh l ay s cl k r iy ng sil 
LOG (latgen-faster-mapped[5.4.140~1-1ab3d]:DecodeUtteranceLatticeFaster():decoder-wrappers.cc:286) Log-like per frame for utterance mmdm0_sx411 is 3.65371 over 697 frames.
mmdm0_sx51 sil eh m ix vcl d eh cl k s cl t r ih s cl p ih cl p aa vcl g ix cl s ix cl k aw m cl p l sh epi m ao r sil 
LOG (latgen-faster-mapped[5.4.140~1-1ab3d]:DecodeUtteranceLatticeFaster():decoder-wrappers.cc:286) Log-like per frame for utterance mmdm0_sx51 is 3.58447 over 555 frames.
mmdm1_si1650 sil y iy s iy sh iy z aa n ah vcl d ay eh cl sil 
LOG (latgen-faster-mapped[5.4.140~1-1ab3d]:DecodeUtteranceLatticeFaster():decoder-wrappers.cc:286) Log-like per frame for utterance mmdm1_si1650 is 3.9656 over 362 frames.
mmdm1_si2043 sil aa r y uw ah th r ow ao er f l ey m er iy ng sil 
LOG (latgen-faster-mapped[5.4.140~1-1ab3d]:DecodeUtteranceLatticeFaster():decoder-wrappers.cc:286) Log-like per frame for utterance mmdm1_si2043 is 3.95778 over 433 frames.
mmdm1_si783 sil y cl k ix n vcl b ih l vcl dh ih s cl p ey cl k ey sh en cl k aa dx ix vcl jh er s eh l f sil 
LOG (latgen-faster-mapped[5.4.140~1-1ab3d]:DecodeUtteranceLatticeFaster():decoder-wrappers.cc:286) Log-like per frame for utterance mmdm1_si783 is 3.76625 over 520 frames.
mmdm1_sx153 sil s cl k l ae s cl t ix cl k ae cl t ix cl t uw dx ix z jh ah vcl jh cl t cl p ay s cl t eh n d er dx ay z cl t eh s cl sil 
LOG (latgen-faster-mapped[5.4.140~1-1ab3d]:DecodeUtteranceLatticeFaster():decoder-wrappers.cc:286) Log-like per frame for utterance mmdm1_sx153 is 3.90089 over 916 frames.
mmdm1_sx243 sil dh ey l vcl g r iy dh eh cl dh iy eh s ey ih z vcl b eh r l iy n cl t eh l vcl z vcl b el sil 
LOG (latgen-faster-mapped[5.4.140~1-1ab3d]:DecodeUtteranceLatticeFaster():decoder-wrappers.cc:286) Log-like per frame for utterance mmdm1_sx243 is 3.90338 over 595 frames.
mmdm1_sx333 sil ah n ah vcl d eh l m eh l b ae vcl b uw n s cl t iy th sil aa r n aa cl s uw vcl b el f er iy dx iy ng sh ow f ih s sil 
LOG (latgen-faster-mapped[5.4.140~1-1ab3d]:DecodeUtteranceLatticeFaster():decoder-wrappers.cc:286) Log-like per frame for utterance mmdm1_sx333 is 3.74618 over 810 frames.
mmdm1_sx423 sil s epi m ae sh l ay vcl b ao l vcl z eh n er cl k ae s epi eh l y w l vcl d ih m eh n ih sh cl t n ah th ix sil 
LOG (latgen-faster-mapped[5.4.140~1-1ab3d]:RebuildRepository():determinize-lattice-pruned.cc:283) Rebuilding repository.
LOG (latgen-faster-mapped[5.4.140~1-1ab3d]:DecodeUtteranceLatticeFaster():decoder-wrappers.cc:286) Log-like per frame for utterance mmdm1_sx423 is 3.80554 over 747 frames.
mmdm1_sx63 sil k aa n eh l vcl d r eh f cl d ih z ix vcl jh iy l aa vcl jh ix cl k el th ih er iy sil 
LOG (latgen-faster-mapped[5.4.140~1-1ab3d]:DecodeUtteranceLatticeFaster():decoder-wrappers.cc:286) Log-like per frame for utterance mmdm1_sx63 is 3.74261 over 548 frames.
mmds0_si1343 sil ix n aw vcl jh ih n er l ay z iy z eh vcl d iy ih z f er vcl jh er l vcl b ay n ow m ih el cl k s cl p er m ax cl s sil 
LOG (latgen-faster-mapped[5.4.140~1-1ab3d]:RebuildRepository():determinize-lattice-pruned.cc:283) Rebuilding repository.
LOG (latgen-faster-mapped[5.4.140~1-1ab3d]:RebuildRepository():determinize-lattice-pruned.cc:283) Rebuilding repository.
LOG (latgen-faster-mapped[5.4.140~1-1ab3d]:DecodeUtteranceLatticeFaster():decoder-wrappers.cc:286) Log-like per frame for utterance mmds0_si1343 is 3.64609 over 752 frames.
mmds0_si1973 sil dh eh m iy vcl d ih vcl n ah v ih er sil 
LOG (latgen-faster-mapped[5.4.140~1-1ab3d]:RebuildRepository():determinize-lattice-pruned.cc:283) Rebuilding repository.
LOG (latgen-faster-mapped[5.4.140~1-1ab3d]:DecodeUtteranceLatticeFaster():decoder-wrappers.cc:286) Log-like per frame for utterance mmds0_si1973 is 3.73546 over 269 frames.
mmds0_si713 sil w ix cl t aa r ix cl s ae w iy s ax cl s eh s l ih n aa cl b aw sil 
LOG (latgen-faster-mapped[5.4.140~1-1ab3d]:DecodeUtteranceLatticeFaster():decoder-wrappers.cc:286) Log-like per frame for utterance mmds0_si713 is 3.43209 over 390 frames.
mmds0_sx173 sil hh w ah v er cl k w aa cl p r ey vcl s en f ay n ng n ae n z cl k ae m ih w el uw w r dx ix vcl sil 
LOG (latgen-faster-mapped[5.4.140~1-1ab3d]:RebuildRepository():determinize-lattice-pruned.cc:283) Rebuilding repository.
LOG (latgen-faster-mapped[5.4.140~1-1ab3d]:RebuildRepository():determinize-lattice-pruned.cc:283) Rebuilding repository.
LOG (latgen-faster-mapped[5.4.140~1-1ab3d]:RebuildRepository():determinize-lattice-pruned.cc:283) Rebuilding repository.
WARNING (latgen-faster-mapped[5.4.140~1-1ab3d]:CheckMemoryUsage():determinize-lattice-pruned.cc:316) Did not reach requested beam in determinize-lattice: size exceeds maximum 20000000 bytes; (repo,arcs,elems) = (13102720,205760,6746664), after rebuilding, repo size was 9729344, effective beam was 7.91301 vs. requested beam 10
WARNING (latgen-faster-mapped[5.4.140~1-1ab3d]:DecodeUtteranceLatticeFaster():decoder-wrappers.cc:274) Determinization finished earlier than the beam for utterance mmds0_sx173
LOG (latgen-faster-mapped[5.4.140~1-1ab3d]:DecodeUtteranceLatticeFaster():decoder-wrappers.cc:286) Log-like per frame for utterance mmds0_sx173 is 3.58566 over 598 frames.
mmds0_sx263 sil hh aw oy l iy vcl d ix l ay cl er s eh l vcl d r eh s ng sil 
LOG (latgen-faster-mapped[5.4.140~1-1ab3d]:RebuildRepository():determinize-lattice-pruned.cc:283) Rebuilding repository.
LOG (latgen-faster-mapped[5.4.140~1-1ab3d]:RebuildRepository():determinize-lattice-pruned.cc:283) Rebuilding repository.
LOG (latgen-faster-mapped[5.4.140~1-1ab3d]:RebuildRepository():determinize-lattice-pruned.cc:283) Rebuilding repository.
LOG (latgen-faster-mapped[5.4.140~1-1ab3d]:RebuildRepository():determinize-lattice-pruned.cc:283) Rebuilding repository.
LOG (latgen-faster-mapped[5.4.140~1-1ab3d]:RebuildRepository():determinize-lattice-pruned.cc:283) Rebuilding repository.
WARNING (latgen-faster-mapped[5.4.140~1-1ab3d]:CheckMemoryUsage():determinize-lattice-pruned.cc:316) Did not reach requested beam in determinize-lattice: size exceeds maximum 20000000 bytes; (repo,arcs,elems) = (12193120,393760,7420704), after rebuilding, repo size was 8934624, effective beam was 9.57379 vs. requested beam 10
WARNING (latgen-faster-mapped[5.4.140~1-1ab3d]:DecodeUtteranceLatticeFaster():decoder-wrappers.cc:274) Determinization finished earlier than the beam for utterance mmds0_sx263
LOG (latgen-faster-mapped[5.4.140~1-1ab3d]:DecodeUtteranceLatticeFaster():decoder-wrappers.cc:286) Log-like per frame for utterance mmds0_sx263 is 3.33754 over 387 frames.
mmds0_sx353 sil ax cl k aa s er w l n jh oy dh ih s sh eh l f ih sh cl d ih sh sil 
LOG (latgen-faster-mapped[5.4.140~1-1ab3d]:DecodeUtteranceLatticeFaster():decoder-wrappers.cc:286) Log-like per frame for utterance mmds0_sx353 is 3.54744 over 508 frames.
mmds0_sx443 sil l ow n s cl t aa r sh ow ix n er l iy v ng s cl k ay sil 
LOG (latgen-faster-mapped[5.4.140~1-1ab3d]:RebuildRepository():determinize-lattice-pruned.cc:283) Rebuilding repository.
LOG (latgen-faster-mapped[5.4.140~1-1ab3d]:DecodeUtteranceLatticeFaster():decoder-wrappers.cc:286) Log-like per frame for utterance mmds0_sx443 is 3.44844 over 470 frames.
mmds0_sx83 sil m ay s cl t ah cl sh en z cl t eh s cl p ix l iy n iy vcl ah cl d ey ng sil 
LOG (latgen-faster-mapped[5.4.140~1-1ab3d]:DecodeUtteranceLatticeFaster():decoder-wrappers.cc:286) Log-like per frame for utterance mmds0_sx83 is 3.4634 over 458 frames.
mmea0_si1388 sil s ah s l vcl d ix s l ey sh w ax z cl k l eh er f ay n ix cl s cl t eh n ix f m cl t aa n d ix cl t aa m dh eh r ae f cl t er sil 
LOG (latgen-faster-mapped[5.4.140~1-1ab3d]:RebuildRepository():determinize-lattice-pruned.cc:283) Rebuilding repository.
LOG (latgen-faster-mapped[5.4.140~1-1ab3d]:DecodeUtteranceLatticeFaster():decoder-wrappers.cc:286) Log-like per frame for utterance mmea0_si1388 is 3.58623 over 711 frames.
mmea0_si2018 sil dh ey uw sh ae dx er vcl d sil 
LOG (latgen-faster-mapped[5.4.140~1-1ab3d]:DecodeUtteranceLatticeFaster():decoder-wrappers.cc:286) Log-like per frame for utterance mmea0_si2018 is 3.64521 over 198 frames.
mmea0_si758 sil w n m l d ah z m oy dh n w n ix z ay n cl k ae v dx iy m ey cl ix n ix v ih zh el cl p ey cl p cl p ae dx er en s sil 
LOG (latgen-faster-mapped[5.4.140~1-1ab3d]:RebuildRepository():determinize-lattice-pruned.cc:283) Rebuilding repository.
LOG (latgen-faster-mapped[5.4.140~1-1ab3d]:RebuildRepository():determinize-lattice-pruned.cc:283) Rebuilding repository.
LOG (latgen-faster-mapped[5.4.140~1-1ab3d]:RebuildRepository():determinize-lattice-pruned.cc:283) Rebuilding repository.
LOG (latgen-faster-mapped[5.4.140~1-1ab3d]:RebuildRepository():determinize-lattice-pruned.cc:283) Rebuilding repository.
WARNING (latgen-faster-mapped[5.4.140~1-1ab3d]:CheckMemoryUsage():determinize-lattice-pruned.cc:316) Did not reach requested beam in determinize-lattice: size exceeds maximum 20000000 bytes; (repo,arcs,elems) = (12165152,482016,7379448), after rebuilding, repo size was 8705952, effective beam was 9.89719 vs. requested beam 10
WARNING (latgen-faster-mapped[5.4.140~1-1ab3d]:DecodeUtteranceLatticeFaster():decoder-wrappers.cc:274) Determinization finished earlier than the beam for utterance mmea0_si758
LOG (latgen-faster-mapped[5.4.140~1-1ab3d]:DecodeUtteranceLatticeFaster():decoder-wrappers.cc:286) Log-like per frame for utterance mmea0_si758 is 3.56865 over 761 frames.
mmea0_sx128 sil aa s ax f ao r m uw v iy s eh v s ax vcl t aa el s sil 
LOG (latgen-faster-mapped[5.4.140~1-1ab3d]:DecodeUtteranceLatticeFaster():decoder-wrappers.cc:286) Log-like per frame for utterance mmea0_sx128 is 3.72348 over 433 frames.
mmea0_sx218 sil t r ay dx er cl k ao l iy ix v eh n s en cl k aa l aa jh cl k l ao er sil 
LOG (latgen-faster-mapped[5.4.140~1-1ab3d]:DecodeUtteranceLatticeFaster():decoder-wrappers.cc:286) Log-like per frame for utterance mmea0_sx218 is 3.61515 over 470 frames.
mmea0_sx308 sil sh ix cl dh ih l iy ix z m ow s f ae s ey dx ix ng cl p r aa s ah s sil 
LOG (latgen-faster-mapped[5.4.140~1-1ab3d]:DecodeUtteranceLatticeFaster():decoder-wrappers.cc:286) Log-like per frame for utterance mmea0_sx308 is 3.72993 over 483 frames.
mmea0_sx38 sil y ah ng cl p iy cl p el cl p cl t ix s cl p ey cl ix n ae th l dx ix cl k eh cl t ix v dx iy s sil 
LOG (latgen-faster-mapped[5.4.140~1-1ab3d]:DecodeUtteranceLatticeFaster():decoder-wrappers.cc:286) Log-like per frame for utterance mmea0_sx38 is 3.51055 over 520 frames.
mmea0_sx398 sil ch el n cl k en cl k en s uw m ih n iy f uw cl k ae n iy z en w n s ix dx ix ng sil 
LOG (latgen-faster-mapped[5.4.140~1-1ab3d]:DecodeUtteranceLatticeFaster():decoder-wrappers.cc:286) Log-like per frame for utterance mmea0_sx398 is 3.64418 over 554 frames.
mmeb0_si1357 sil sil dh cl p aa cl p ix l ey sh ix n cl k ix n dh eh vcl b ay r uw cl p ae n sh ix s eh l f ix n ae cl sh ix vcl r l aa vcl jh er sil 
LOG (latgen-faster-mapped[5.4.140~1-1ab3d]:RebuildRepository():determinize-lattice-pruned.cc:283) Rebuilding repository.
LOG (latgen-faster-mapped[5.4.140~1-1ab3d]:RebuildRepository():determinize-lattice-pruned.cc:283) Rebuilding repository.
LOG (latgen-faster-mapped[5.4.140~1-1ab3d]:DecodeUtteranceLatticeFaster():decoder-wrappers.cc:286) Log-like per frame for utterance mmeb0_si1357 is 3.62888 over 774 frames.
mmeb0_si1987 sil ae ey w ey iy w z eh v ae w dx iy ae dx m ay n sil 
LOG (latgen-faster-mapped[5.4.140~1-1ab3d]:DecodeUtteranceLatticeFaster():decoder-wrappers.cc:286) Log-like per frame for utterance mmeb0_si1987 is 3.56753 over 418 frames.
mmeb0_si727 sil dh eh n s eh m er f r ih f cl t iy m ix n ax s ao ng er sil 
LOG (latgen-faster-mapped[5.4.140~1-1ab3d]:DecodeUtteranceLatticeFaster():decoder-wrappers.cc:286) Log-like per frame for utterance mmeb0_si727 is 3.76781 over 426 frames.
mmeb0_sx187 sil dh ih ao f t n vcl g ow aw cl n iy v n ng sil 
LOG (latgen-faster-mapped[5.4.140~1-1ab3d]:DecodeUtteranceLatticeFaster():decoder-wrappers.cc:286) Log-like per frame for utterance mmeb0_sx187 is 3.55321 over 356 frames.
mmeb0_sx327 sil aw w iy s iy d ix vcl jh oy n ae cl p ao r m ix n ix n iy vcl b ay ae l vcl jh iy ae n iy ae n jh ae ng ix cl p aa r m ix n cl s sil 
LOG (latgen-faster-mapped[5.4.140~1-1ab3d]:RebuildRepository():determinize-lattice-pruned.cc:283) Rebuilding repository.
LOG (latgen-faster-mapped[5.4.140~1-1ab3d]:RebuildRepository():determinize-lattice-pruned.cc:283) Rebuilding repository.
LOG (latgen-faster-mapped[5.4.140~1-1ab3d]:RebuildRepository():determinize-lattice-pruned.cc:283) Rebuilding repository.
LOG (latgen-faster-mapped[5.4.140~1-1ab3d]:DecodeUtteranceLatticeFaster():decoder-wrappers.cc:286) Log-like per frame for utterance mmeb0_sx327 is 3.63964 over 884 frames.
mmeb0_sx367 sil dh ax s er cl p ah sh uw z ix s ow ao er ow vcl d ih s cl k aw cl p ay s sil 
LOG (latgen-faster-mapped[5.4.140~1-1ab3d]:DecodeUtteranceLatticeFaster():decoder-wrappers.cc:286) Log-like per frame for utterance mmeb0_sx367 is 3.61938 over 518 frames.
LOG (copy-feats[5.4.140~1-1ab3d]:main():copy-feats.cc:143) Copied 184 feature matrices.
mmeb0_sx7 sil n ah th ix ng ih z ae z ah f eh n z v eh z ih n ix s en s sil 
LOG (latgen-faster-mapped[5.4.140~1-1ab3d]:DecodeUtteranceLatticeFaster():decoder-wrappers.cc:286) Log-like per frame for utterance mmeb0_sx7 is 3.70409 over 460 frames.
LOG (nnet-forward[5.4.140~1-1ab3d]:main():nnet-forward.cc:192) Done 184 files in 8.90738min, (fps 210.587)
mmeb0_sx97 sil p eh ng w ih n z l ih v n ih er dh ah ay s iy ae n aa dx ix cl sil 
LOG (latgen-faster-mapped[5.4.140~1-1ab3d]:DecodeUtteranceLatticeFaster():decoder-wrappers.cc:286) Log-like per frame for utterance mmeb0_sx97 is 3.62746 over 542 frames.
LOG (latgen-faster-mapped[5.4.140~1-1ab3d]:main():latgen-faster-mapped.cc:164) Time taken 533.872s: real-time factor assuming 100 frames/sec is 0.474355
LOG (latgen-faster-mapped[5.4.140~1-1ab3d]:main():latgen-faster-mapped.cc:167) Done 184 utterances, failed for 0
LOG (latgen-faster-mapped[5.4.140~1-1ab3d]:main():latgen-faster-mapped.cc:169) Overall log-likelihood per frame is 3.69263 over 112547 frames.
# Accounting: time=535 threads=1
# Ended (code 0) at Fri Jun 22 18:41:05 CST 2018, elapsed time 535 seconds
