# latgen-faster-mapped --beam=18.0 --lattice-beam=10.0 --acoustic-scale=0.2 --max-mem=20000000 --max-active=5000 --word-symbol-table=data/lang/words.txt exp_2/dnn4_pretrain-dbn_dnn/final.mdl exp_2/dnn4_pretrain-dbn_dnn_denlats/dengraph/HCLG.fst "ark,s,cs:copy-feats scp:data-deltas-tri1/train/split20/19/feats.scp ark:- | nnet-forward --no-softmax=true --prior-scale=1.0 --feature-transform=exp_2/dnn4_pretrain-dbn_dnn/final.feature_transform --class-frame-counts=exp_2/dnn4_pretrain-dbn_dnn/ali_train_pdf.counts --use-gpu=no exp_2/dnn4_pretrain-dbn_dnn/final.nnet ark:- ark:- |" scp:exp_2/dnn4_pretrain-dbn_dnn_denlats/lat.store_separately_as_gz.scp 
# Started at Fri Jun 22 18:32:10 CST 2018
#
latgen-faster-mapped --beam=18.0 --lattice-beam=10.0 --acoustic-scale=0.2 --max-mem=20000000 --max-active=5000 --word-symbol-table=data/lang/words.txt exp_2/dnn4_pretrain-dbn_dnn/final.mdl exp_2/dnn4_pretrain-dbn_dnn_denlats/dengraph/HCLG.fst 'ark,s,cs:copy-feats scp:data-deltas-tri1/train/split20/19/feats.scp ark:- | nnet-forward --no-softmax=true --prior-scale=1.0 --feature-transform=exp_2/dnn4_pretrain-dbn_dnn/final.feature_transform --class-frame-counts=exp_2/dnn4_pretrain-dbn_dnn/ali_train_pdf.counts --use-gpu=no exp_2/dnn4_pretrain-dbn_dnn/final.nnet ark:- ark:- |' scp:exp_2/dnn4_pretrain-dbn_dnn_denlats/lat.store_separately_as_gz.scp 
copy-feats scp:data-deltas-tri1/train/split20/19/feats.scp ark:- 
nnet-forward --no-softmax=true --prior-scale=1.0 --feature-transform=exp_2/dnn4_pretrain-dbn_dnn/final.feature_transform --class-frame-counts=exp_2/dnn4_pretrain-dbn_dnn/ali_train_pdf.counts --use-gpu=no exp_2/dnn4_pretrain-dbn_dnn/final.nnet ark:- ark:- 
LOG (nnet-forward[5.4.140~1-1ab3d]:SelectGpuId():cu-device.cc:123) Manually selected to compute on CPU.
LOG (nnet-forward[5.4.140~1-1ab3d]:main():nnet-forward.cc:93) Removing <Softmax> from the nnet exp_2/dnn4_pretrain-dbn_dnn/final.nnet
LOG (nnet-forward[5.4.140~1-1ab3d]:PdfPrior():nnet-pdf-prior.cc:34) Computing pdf-priors from : exp_2/dnn4_pretrain-dbn_dnn/ali_train_pdf.counts
LOG (nnet-forward[5.4.140~1-1ab3d]:PdfPrior():nnet-pdf-prior.cc:64) Floored 0 pdf-priors (hard-set to 1.84467e+19, which disables DNN output when decoding)
msvs0_si1568 sil hh iy vcl b iy vcl g ae n cl t ix cl p ae cl dh ix s ae el vcl b ae vcl z sil 
LOG (latgen-faster-mapped[5.4.140~1-1ab3d]:DecodeUtteranceLatticeFaster():decoder-wrappers.cc:286) Log-like per frame for utterance msvs0_si1568 is 3.91416 over 516 frames.
msvs0_si2198 sil b uh dx ih sh iy w ah z ix n ih n cl t er s cl d ih vcl d sil sil sh iy vcl jh ih s cl g ow vcl b ae cl t dh s ey m l ay f sh iy vcl l ae f cl t sil 
LOG (latgen-faster-mapped[5.4.140~1-1ab3d]:DecodeUtteranceLatticeFaster():decoder-wrappers.cc:286) Log-like per frame for utterance msvs0_si2198 is 3.8396 over 1031 frames.
msvs0_si938 sil s ix cl p ih er n uw m ix cl t ih r ow f ao r th ix vcl d aa n ix cl k w er cl k ih z ix n ah dh r z ao l cl t er v r iy s er cl jh sil 
LOG (latgen-faster-mapped[5.4.140~1-1ab3d]:DecodeUtteranceLatticeFaster():decoder-wrappers.cc:286) Log-like per frame for utterance msvs0_si938 is 3.78617 over 953 frames.
msvs0_sx128 sil l aa cl s ax f ao r m uw v iy z hh ae v s ah vcl t ay el z sil 
LOG (latgen-faster-mapped[5.4.140~1-1ab3d]:DecodeUtteranceLatticeFaster():decoder-wrappers.cc:286) Log-like per frame for utterance msvs0_sx128 is 3.99367 over 614 frames.
msvs0_sx218 sil t r ay cl t r iy cl k ao dh iy v eh n s ih n cl k r aa l aa vcl jh ix cl k el ao r dx er sil 
LOG (latgen-faster-mapped[5.4.140~1-1ab3d]:DecodeUtteranceLatticeFaster():decoder-wrappers.cc:286) Log-like per frame for utterance msvs0_sx218 is 4.02669 over 698 frames.
msvs0_sx308 sil sh ih cl p ih l d iy n ix z ax m ow s f ae s ix n ey dx iy m cl p r aa s eh s sil 
LOG (latgen-faster-mapped[5.4.140~1-1ab3d]:DecodeUtteranceLatticeFaster():decoder-wrappers.cc:286) Log-like per frame for utterance msvs0_sx308 is 3.83733 over 661 frames.
msvs0_sx38 sil y ah ng cl p iy cl p el cl p aa r cl t ih s ix cl p ey ih n ae th l ah dx ih cl k ae cl t ih v dx iy z sil 
LOG (latgen-faster-mapped[5.4.140~1-1ab3d]:DecodeUtteranceLatticeFaster():decoder-wrappers.cc:286) Log-like per frame for utterance msvs0_sx38 is 3.78755 over 700 frames.
msvs0_sx398 sil ch ih l d r ng cl k ng cl k ix n s uw m eh n iy f uw cl k ae n iy z ix n w ah n s ih dx iy n sil 
LOG (latgen-faster-mapped[5.4.140~1-1ab3d]:DecodeUtteranceLatticeFaster():decoder-wrappers.cc:286) Log-like per frame for utterance msvs0_sx398 is 3.92739 over 842 frames.
mtab0_si1572 sil hh iy f aw n d eh n ae m cl t iy vcl b eh n ch sil ow cl p ix n ix n uw s cl p ey cl p er sil ae n s cl t ah cl s ix z l ey vcl s vcl b iy f ao r hh ae m sil 
LOG (latgen-faster-mapped[5.4.140~1-1ab3d]:DecodeUtteranceLatticeFaster():decoder-wrappers.cc:286) Log-like per frame for utterance mtab0_si1572 is 3.68791 over 1073 frames.
mtab0_si2202 sil ey l ao ng sil l ao ng w ey vcl d aw n sil 
LOG (latgen-faster-mapped[5.4.140~1-1ab3d]:DecodeUtteranceLatticeFaster():decoder-wrappers.cc:286) Log-like per frame for utterance mtab0_si2202 is 4.01408 over 482 frames.
mtab0_si942 sil l ay v s cl t aa cl m ah s cl p ix cl t eh n d ix vcl d eh v r iy vcl d ey sil r uw cl t iy n l iy sil 
LOG (latgen-faster-mapped[5.4.140~1-1ab3d]:DecodeUtteranceLatticeFaster():decoder-wrappers.cc:286) Log-like per frame for utterance mtab0_si942 is 3.6814 over 752 frames.
mtab0_sx132 sil sil p ah b l ih s iy eh n ow vcl er r ay vcl iy vcl g ow hh ae n d ix n hh ae n sil 
LOG (latgen-faster-mapped[5.4.140~1-1ab3d]:DecodeUtteranceLatticeFaster():decoder-wrappers.cc:286) Log-like per frame for utterance mtab0_sx132 is 3.84239 over 728 frames.
mtab0_sx222 sil y ow z cl k ax m ah cl p w ih th cl p ae f l ao vcl jh ix cl k el dh vcl z aw cl p el s sil 
LOG (latgen-faster-mapped[5.4.140~1-1ab3d]:RebuildRepository():determinize-lattice-pruned.cc:283) Rebuilding repository.
LOG (latgen-faster-mapped[5.4.140~1-1ab3d]:DecodeUtteranceLatticeFaster():decoder-wrappers.cc:286) Log-like per frame for utterance mtab0_sx222 is 3.77312 over 634 frames.
mtab0_sx312 sil dh ow z ae n s er z w ow w iy s cl t r ey cl f ao er vcl cl ih f uw th ih ng cl dh ix m cl t uw cl k eh r f el iy f er s cl t sil 
LOG (latgen-faster-mapped[5.4.140~1-1ab3d]:DecodeUtteranceLatticeFaster():decoder-wrappers.cc:286) Log-like per frame for utterance mtab0_sx312 is 3.75095 over 936 frames.
mtab0_sx402 sil w l s er v r uw vcl b aa r vcl p ay ae f t er r ey cl ch l z cl t ao cl k sil 
LOG (latgen-faster-mapped[5.4.140~1-1ab3d]:DecodeUtteranceLatticeFaster():decoder-wrappers.cc:286) Log-like per frame for utterance mtab0_sx402 is 3.97316 over 637 frames.
mtab0_sx42 sil b ih vcl l ix cl k el s cl k ao l er z aa r vcl g y uw hh ix s cl t r iy sil 
LOG (latgen-faster-mapped[5.4.140~1-1ab3d]:DecodeUtteranceLatticeFaster():decoder-wrappers.cc:286) Log-like per frame for utterance mtab0_sx42 is 3.78874 over 450 frames.
mtas0_si1385 sil aa r cl k ih sh vcl b ix cl k ah m ao r cl k m cl p eh dx ix v ix z k en s uw er z epi ix cl k ah m ao r s ax l ay cl d ix cl sil 
LOG (latgen-faster-mapped[5.4.140~1-1ab3d]:RebuildRepository():determinize-lattice-pruned.cc:283) Rebuilding repository.
LOG (latgen-faster-mapped[5.4.140~1-1ab3d]:DecodeUtteranceLatticeFaster():decoder-wrappers.cc:286) Log-like per frame for utterance mtas0_si1385 is 3.60302 over 705 frames.
mtas0_si2015 sil ax l ay f b ow cl epi r s cl t ah cl f ae s cl t sil 
LOG (latgen-faster-mapped[5.4.140~1-1ab3d]:DecodeUtteranceLatticeFaster():decoder-wrappers.cc:286) Log-like per frame for utterance mtas0_si2015 is 3.67963 over 350 frames.
mtas0_si755 sil cl k w ih m n cl dh ey s ix cl p aa dx er sh cl t uw dx iy ow cl k w ix dh ix sil 
LOG (latgen-faster-mapped[5.4.140~1-1ab3d]:RebuildRepository():determinize-lattice-pruned.cc:283) Rebuilding repository.
LOG (latgen-faster-mapped[5.4.140~1-1ab3d]:RebuildRepository():determinize-lattice-pruned.cc:283) Rebuilding repository.
LOG (latgen-faster-mapped[5.4.140~1-1ab3d]:RebuildRepository():determinize-lattice-pruned.cc:283) Rebuilding repository.
LOG (latgen-faster-mapped[5.4.140~1-1ab3d]:RebuildRepository():determinize-lattice-pruned.cc:283) Rebuilding repository.
WARNING (latgen-faster-mapped[5.4.140~1-1ab3d]:CheckMemoryUsage():determinize-lattice-pruned.cc:316) Did not reach requested beam in determinize-lattice: size exceeds maximum 20000000 bytes; (repo,arcs,elems) = (12800960,308000,6942624), after rebuilding, repo size was 9190432, effective beam was 8.75977 vs. requested beam 10
WARNING (latgen-faster-mapped[5.4.140~1-1ab3d]:DecodeUtteranceLatticeFaster():decoder-wrappers.cc:274) Determinization finished earlier than the beam for utterance mtas0_si755
LOG (latgen-faster-mapped[5.4.140~1-1ab3d]:DecodeUtteranceLatticeFaster():decoder-wrappers.cc:286) Log-like per frame for utterance mtas0_si755 is 3.50141 over 447 frames.
mtas0_sx125 sil w sh ch eh s cl t er z ix cl k aw n iy n uw y ao r cl k sil 
LOG (latgen-faster-mapped[5.4.140~1-1ab3d]:DecodeUtteranceLatticeFaster():decoder-wrappers.cc:286) Log-like per frame for utterance mtas0_sx125 is 3.69168 over 388 frames.
mtas0_sx215 sil ax s er m n eh m f ix s ah z ix n iy vcl f er f er m er n ix v ae cl sh en sil 
LOG (latgen-faster-mapped[5.4.140~1-1ab3d]:DecodeUtteranceLatticeFaster():decoder-wrappers.cc:286) Log-like per frame for utterance mtas0_sx215 is 3.88528 over 543 frames.
mtas0_sx305 sil k aa dx zh ch iy z w ix cl ch ay z ix z d l ih sh ix s sil 
LOG (latgen-faster-mapped[5.4.140~1-1ab3d]:DecodeUtteranceLatticeFaster():decoder-wrappers.cc:286) Log-like per frame for utterance mtas0_sx305 is 3.89449 over 437 frames.
mtas0_sx35 sil hh eh l s eh l b r y er vcl b r ah dh er s ix cl k s eh s sil 
LOG (latgen-faster-mapped[5.4.140~1-1ab3d]:DecodeUtteranceLatticeFaster():decoder-wrappers.cc:286) Log-like per frame for utterance mtas0_sx35 is 3.66031 over 385 frames.
mtas0_sx395 sil ax cl t uh cl k er w er vcl f ao er vcl b dx sh y r l ix vcl g oy w ix f uw sil 
LOG (latgen-faster-mapped[5.4.140~1-1ab3d]:DecodeUtteranceLatticeFaster():decoder-wrappers.cc:286) Log-like per frame for utterance mtas0_sx395 is 3.771 over 536 frames.
mtat0_si1110 sil dh s iy z ix n vcl b ix cl t w iy s cl p r ng ix n s ah m er sil b l ao ng s cl t l ay f ix n ix cl s cl k ih er f r iy ae s cl p eh cl t sil 
LOG (latgen-faster-mapped[5.4.140~1-1ab3d]:DecodeUtteranceLatticeFaster():decoder-wrappers.cc:286) Log-like per frame for utterance mtat0_si1110 is 3.77192 over 909 frames.
mtat0_si1740 sil p r r vcl b l iy r aw m ih vcl n ay cl sil sil g v er cl t ay cl k ix n aw r iy dh w ay sil 
LOG (latgen-faster-mapped[5.4.140~1-1ab3d]:RebuildRepository():determinize-lattice-pruned.cc:283) Rebuilding repository.
LOG (latgen-faster-mapped[5.4.140~1-1ab3d]:RebuildRepository():determinize-lattice-pruned.cc:283) Rebuilding repository.
LOG (latgen-faster-mapped[5.4.140~1-1ab3d]:DecodeUtteranceLatticeFaster():decoder-wrappers.cc:286) Log-like per frame for utterance mtat0_si1740 is 3.64882 over 623 frames.
mtat0_si811 sil m iy n w ay ow th r iy vcl g r ey cl t er vcl b el f ao r s ix z w er cl k w ae vcl g l ey dx ix ng ix n cl k ix s l ay z ng sil 
LOG (latgen-faster-mapped[5.4.140~1-1ab3d]:RebuildRepository():determinize-lattice-pruned.cc:283) Rebuilding repository.
LOG (latgen-faster-mapped[5.4.140~1-1ab3d]:RebuildRepository():determinize-lattice-pruned.cc:283) Rebuilding repository.
LOG (latgen-faster-mapped[5.4.140~1-1ab3d]:RebuildRepository():determinize-lattice-pruned.cc:283) Rebuilding repository.
LOG (latgen-faster-mapped[5.4.140~1-1ab3d]:DecodeUtteranceLatticeFaster():decoder-wrappers.cc:286) Log-like per frame for utterance mtat0_si811 is 3.61332 over 815 frames.
mtat0_sx120 sil dh cl k ay ow iy sil b aa cl k ae dx eh n ay iy n ah sil er w aa l dx ae n m el z sil 
LOG (latgen-faster-mapped[5.4.140~1-1ab3d]:RebuildRepository():determinize-lattice-pruned.cc:283) Rebuilding repository.
LOG (latgen-faster-mapped[5.4.140~1-1ab3d]:DecodeUtteranceLatticeFaster():decoder-wrappers.cc:286) Log-like per frame for utterance mtat0_sx120 is 3.57291 over 634 frames.
mtat0_sx210 sil jh eh s cl t oy vcl g ow cl k aa r cl n eh v er w er cl t sil 
LOG (latgen-faster-mapped[5.4.140~1-1ab3d]:DecodeUtteranceLatticeFaster():decoder-wrappers.cc:286) Log-like per frame for utterance mtat0_sx210 is 3.84115 over 429 frames.
mtat0_sx30 sil g eh ey cl k eh l cl k ow cl k ae cl t cl k iy cl p sil 
LOG (latgen-faster-mapped[5.4.140~1-1ab3d]:DecodeUtteranceLatticeFaster():decoder-wrappers.cc:286) Log-like per frame for utterance mtat0_sx30 is 3.73302 over 350 frames.
mtat0_sx300 sil hh ax m iy vcl b ah s cl ch ey n sh ey vcl cl k aa s t el iy sil 
LOG (latgen-faster-mapped[5.4.140~1-1ab3d]:DecodeUtteranceLatticeFaster():decoder-wrappers.cc:286) Log-like per frame for utterance mtat0_sx300 is 3.58762 over 451 frames.
mtat0_sx390 sil hh iy cl p ix cl t ah vcl n ay n cl p eh er s ax s aa cl s f er iy cl ch cl p r dh er sil 
LOG (latgen-faster-mapped[5.4.140~1-1ab3d]:DecodeUtteranceLatticeFaster():decoder-wrappers.cc:286) Log-like per frame for utterance mtat0_sx390 is 3.75319 over 546 frames.
mtat1_si1409 sil sh er l iy v eh er z n ah th ih n uw vcl b aw cl k aa m iy n ix z m sil 
LOG (latgen-faster-mapped[5.4.140~1-1ab3d]:DecodeUtteranceLatticeFaster():decoder-wrappers.cc:286) Log-like per frame for utterance mtat1_si1409 is 3.92166 over 577 frames.
mtat1_si1627 sil y uw l ah cl k iy cl k ih vcl s iy s ae vcl sil 
LOG (latgen-faster-mapped[5.4.140~1-1ab3d]:DecodeUtteranceLatticeFaster():decoder-wrappers.cc:286) Log-like per frame for utterance mtat1_si1627 is 3.90505 over 406 frames.
mtat1_si779 sil dh ix cl k iy l s ix n sil m ey vcl d ih v cl t uw th r iy eh n cl ch epi w ih vcl s cl sil uw z n eh cl k s cl t ix n s cl t ao l d sil 
LOG (latgen-faster-mapped[5.4.140~1-1ab3d]:DecodeUtteranceLatticeFaster():decoder-wrappers.cc:286) Log-like per frame for utterance mtat1_si779 is 3.85986 over 886 frames.
mtat1_sx149 sil w l w ey dx iy n f er cl ch ih cl p er sil sh ix cl k r ih s cl k r aa s dh ih s cl k w eh m eh n iy cl t ay m s sil 
LOG (latgen-faster-mapped[5.4.140~1-1ab3d]:DecodeUtteranceLatticeFaster():decoder-wrappers.cc:286) Log-like per frame for utterance mtat1_sx149 is 3.95789 over 849 frames.
mtat1_sx239 sil p y er ey s ax m f r uw cl b iy f ao r cl p er cl p eh r eh n ix s cl k y uw er s sil 
LOG (latgen-faster-mapped[5.4.140~1-1ab3d]:DecodeUtteranceLatticeFaster():decoder-wrappers.cc:286) Log-like per frame for utterance mtat1_sx239 is 4.03181 over 751 frames.
mtat1_sx329 sil ch ih cl p ow s cl p ow n d ae l m ow n iy cl p ey m ix n s ix n t eh l b l ey dx ih s cl p aa s b el vcl d ey cl 
LOG (latgen-faster-mapped[5.4.140~1-1ab3d]:DecodeUtteranceLatticeFaster():decoder-wrappers.cc:286) Log-like per frame for utterance mtat1_sx329 is 3.89585 over 879 frames.
mtat1_sx419 sil dh ix f uh cl b ao l cl t iy n cl k ow cl ch hh ae z ah w aa cl ch th eh n ih z ix vcl d ay m sil 
LOG (latgen-faster-mapped[5.4.140~1-1ab3d]:DecodeUtteranceLatticeFaster():decoder-wrappers.cc:286) Log-like per frame for utterance mtat1_sx419 is 4.05004 over 742 frames.
mtat1_sx59 sil dh ix s ih ng ih s f ih ng g er hh ae dx ih s cl p l eh n cl t er sil 
LOG (latgen-faster-mapped[5.4.140~1-1ab3d]:DecodeUtteranceLatticeFaster():decoder-wrappers.cc:286) Log-like per frame for utterance mtat1_sx59 is 3.98269 over 459 frames.
mtbc0_si1173 sil hh iy vcl b r aa hh er sh ow l z sil 
LOG (latgen-faster-mapped[5.4.140~1-1ab3d]:DecodeUtteranceLatticeFaster():decoder-wrappers.cc:286) Log-like per frame for utterance mtbc0_si1173 is 3.82722 over 280 frames.
mtbc0_si1803 sil ix n f ae cl t sil n ax vcl b dx iy s ao s sil k aa cl p ao r s ih ix s ix n sil 
LOG (latgen-faster-mapped[5.4.140~1-1ab3d]:DecodeUtteranceLatticeFaster():decoder-wrappers.cc:286) Log-like per frame for utterance mtbc0_si1803 is 3.78245 over 600 frames.
mtbc0_si543 sil jh ow cl s cl k aa r cl t uw n z ix s ih ix cl k s cl t ix dh ix cl k ah n cl t er iy sil m ah dh ix z ix n l ao m ey vcl g uh vcl f r eh n s sil 
LOG (latgen-faster-mapped[5.4.140~1-1ab3d]:RebuildRepository():determinize-lattice-pruned.cc:283) Rebuilding repository.
LOG (latgen-faster-mapped[5.4.140~1-1ab3d]:DecodeUtteranceLatticeFaster():decoder-wrappers.cc:286) Log-like per frame for utterance mtbc0_si543 is 3.77053 over 939 frames.
mtbc0_sx183 sil w ay ey l cl t s epi w vcl d ae n iy l aw ah dh er s cl t cl g ow sil 
LOG (latgen-faster-mapped[5.4.140~1-1ab3d]:DecodeUtteranceLatticeFaster():decoder-wrappers.cc:286) Log-like per frame for utterance mtbc0_sx183 is 3.64664 over 515 frames.
mtbc0_sx273 sil dh iy ae ng r iy vcl b oy ae n s er vcl p ix cl d ih dh l cl k ah cl p sil 
LOG (latgen-faster-mapped[5.4.140~1-1ab3d]:RebuildRepository():determinize-lattice-pruned.cc:283) Rebuilding repository.
LOG (latgen-faster-mapped[5.4.140~1-1ab3d]:DecodeUtteranceLatticeFaster():decoder-wrappers.cc:286) Log-like per frame for utterance mtbc0_sx273 is 3.62318 over 474 frames.
mtbc0_sx347 sil dh ix cl p ey sh ih n cl eh n s er jh ix n sil hh ax vcl b el th r iy cl k uw cl p r dx ng f r m ax l ng th iy ah cl p er ey sh ix sil 
LOG (latgen-faster-mapped[5.4.140~1-1ab3d]:RebuildRepository():determinize-lattice-pruned.cc:283) Rebuilding repository.
LOG (latgen-faster-mapped[5.4.140~1-1ab3d]:RebuildRepository():determinize-lattice-pruned.cc:283) Rebuilding repository.
LOG (latgen-faster-mapped[5.4.140~1-1ab3d]:RebuildRepository():determinize-lattice-pruned.cc:283) Rebuilding repository.
LOG (latgen-faster-mapped[5.4.140~1-1ab3d]:RebuildRepository():determinize-lattice-pruned.cc:283) Rebuilding repository.
WARNING (latgen-faster-mapped[5.4.140~1-1ab3d]:CheckMemoryUsage():determinize-lattice-pruned.cc:316) Did not reach requested beam in determinize-lattice: size exceeds maximum 20000000 bytes; (repo,arcs,elems) = (12725248,398240,6878616), after rebuilding, repo size was 9649888, effective beam was 9.23068 vs. requested beam 10
WARNING (latgen-faster-mapped[5.4.140~1-1ab3d]:DecodeUtteranceLatticeFaster():decoder-wrappers.cc:274) Determinization finished earlier than the beam for utterance mtbc0_sx347
LOG (latgen-faster-mapped[5.4.140~1-1ab3d]:DecodeUtteranceLatticeFaster():decoder-wrappers.cc:286) Log-like per frame for utterance mtbc0_sx347 is 3.67312 over 764 frames.
mtbc0_sx363 sil dh cl k aw w ah n er vcl f r m ax f aa r m l ae n d hh ix vcl b ix cl k ey m l ao s cl t sil 
LOG (latgen-faster-mapped[5.4.140~1-1ab3d]:DecodeUtteranceLatticeFaster():decoder-wrappers.cc:286) Log-like per frame for utterance mtbc0_sx363 is 3.76075 over 717 frames.
mtbc0_sx93 sil k eh dx ix s epi m ao l cl k ao r n er ao f iy cl ch eh vcl ch sil 
LOG (latgen-faster-mapped[5.4.140~1-1ab3d]:DecodeUtteranceLatticeFaster():decoder-wrappers.cc:286) Log-like per frame for utterance mtbc0_sx93 is 3.67079 over 447 frames.
mtcs0_si1972 sil p er f ix cl t sil hh iy s aa cl sil 
LOG (latgen-faster-mapped[5.4.140~1-1ab3d]:DecodeUtteranceLatticeFaster():decoder-wrappers.cc:286) Log-like per frame for utterance mtcs0_si1972 is 3.77041 over 318 frames.
mtcs0_si2265 sil m ae w er m ax m er dx er sil 
LOG (latgen-faster-mapped[5.4.140~1-1ab3d]:DecodeUtteranceLatticeFaster():decoder-wrappers.cc:286) Log-like per frame for utterance mtcs0_si2265 is 4.23075 over 309 frames.
mtcs0_si712 sil aw r f er sh ax sh eh sh ix dx iy sil ae cl dh v er iy aw cl s eh dx v w ao r sil vcl sil ih z cl p ow s ix cl t ae cl k er cl k aa n ix sh ix n ch s sil 
LOG (latgen-faster-mapped[5.4.140~1-1ab3d]:RebuildRepository():determinize-lattice-pruned.cc:283) Rebuilding repository.
LOG (latgen-faster-mapped[5.4.140~1-1ab3d]:RebuildRepository():determinize-lattice-pruned.cc:283) Rebuilding repository.
LOG (latgen-faster-mapped[5.4.140~1-1ab3d]:RebuildRepository():determinize-lattice-pruned.cc:283) Rebuilding repository.
LOG (latgen-faster-mapped[5.4.140~1-1ab3d]:RebuildRepository():determinize-lattice-pruned.cc:283) Rebuilding repository.
WARNING (latgen-faster-mapped[5.4.140~1-1ab3d]:CheckMemoryUsage():determinize-lattice-pruned.cc:316) Did not reach requested beam in determinize-lattice: size exceeds maximum 20000000 bytes; (repo,arcs,elems) = (12641152,352832,7037880), after rebuilding, repo size was 9225824, effective beam was 9.46805 vs. requested beam 10
WARNING (latgen-faster-mapped[5.4.140~1-1ab3d]:DecodeUtteranceLatticeFaster():decoder-wrappers.cc:274) Determinization finished earlier than the beam for utterance mtcs0_si712
LOG (latgen-faster-mapped[5.4.140~1-1ab3d]:DecodeUtteranceLatticeFaster():decoder-wrappers.cc:286) Log-like per frame for utterance mtcs0_si712 is 3.70353 over 1075 frames.
mtcs0_sx172 sil dh ix cl ch ay f ax m w oy er vcl g z ih v ix cl t ih vcl n ay iy v hh er ow ih z ax m sil 
LOG (latgen-faster-mapped[5.4.140~1-1ab3d]:DecodeUtteranceLatticeFaster():decoder-wrappers.cc:286) Log-like per frame for utterance mtcs0_sx172 is 3.72763 over 557 frames.
mtcs0_sx262 sil k ae n iy jh ix sh iy ow v er th r ow ey l iy n f ao r s ix sh z sil 
LOG (latgen-faster-mapped[5.4.140~1-1ab3d]:DecodeUtteranceLatticeFaster():decoder-wrappers.cc:286) Log-like per frame for utterance mtcs0_sx262 is 3.62298 over 473 frames.
mtcs0_sx352 sil ax cl k ao r dx ix n ax m ay n t er cl p er cl t ey sh ax vcl cl p r aa w m sil t uw l ay n z epi m ah s cl p iy cl p er cl p n d ih cl k ix l er sil 
LOG (latgen-faster-mapped[5.4.140~1-1ab3d]:RebuildRepository():determinize-lattice-pruned.cc:283) Rebuilding repository.
LOG (latgen-faster-mapped[5.4.140~1-1ab3d]:RebuildRepository():determinize-lattice-pruned.cc:283) Rebuilding repository.
LOG (latgen-faster-mapped[5.4.140~1-1ab3d]:DecodeUtteranceLatticeFaster():decoder-wrappers.cc:286) Log-like per frame for utterance mtcs0_sx352 is 3.74332 over 787 frames.
mtcs0_sx442 sil s ix vcl b er vcl r hh aw z w ay z ao f cl t ix n s ah f er f r m dh ix vcl g ae v hh ae cl b ix cl t sil 
LOG (latgen-faster-mapped[5.4.140~1-1ab3d]:RebuildRepository():determinize-lattice-pruned.cc:283) Rebuilding repository.
LOG (latgen-faster-mapped[5.4.140~1-1ab3d]:DecodeUtteranceLatticeFaster():decoder-wrappers.cc:286) Log-like per frame for utterance mtcs0_sx442 is 3.77523 over 705 frames.
mtcs0_sx82 sil g ih vcl sh er v ix sh ih vcl b iy r w ao r dx ix vcl b ay vcl b iy vcl t ih cl s sil 
LOG (latgen-faster-mapped[5.4.140~1-1ab3d]:DecodeUtteranceLatticeFaster():decoder-wrappers.cc:286) Log-like per frame for utterance mtcs0_sx82 is 3.82301 over 538 frames.
mtdb0_si1401 sil hh iy hh ow l s dh ih cl g uh vcl n ih s ih n vcl b ae n ix s cl l ay ey n f iy l iy n z ax v ax cl p uw v el ao r vcl d ih z cl p uw v el sil 
LOG (latgen-faster-mapped[5.4.140~1-1ab3d]:DecodeUtteranceLatticeFaster():decoder-wrappers.cc:286) Log-like per frame for utterance mtdb0_si1401 is 3.57774 over 875 frames.
mtdb0_si2031 sil w dx eh v r iy cl t eh l hh uw v hh uw l d aa ay f sil 
LOG (latgen-faster-mapped[5.4.140~1-1ab3d]:DecodeUtteranceLatticeFaster():decoder-wrappers.cc:286) Log-like per frame for utterance mtdb0_si2031 is 3.57021 over 359 frames.
mtdb0_si771 sil f ey s ix z sil m ey vcl b iy v m ey dx ix n d cl k ae n d el z vcl b ay f ih l n w ix th vcl m ow cl t ax vcl w r cl k s ix n d ix w ix cl k sil 
LOG (latgen-faster-mapped[5.4.140~1-1ab3d]:RebuildRepository():determinize-lattice-pruned.cc:283) Rebuilding repository.
LOG (latgen-faster-mapped[5.4.140~1-1ab3d]:RebuildRepository():determinize-lattice-pruned.cc:283) Rebuilding repository.
LOG (latgen-faster-mapped[5.4.140~1-1ab3d]:DecodeUtteranceLatticeFaster():decoder-wrappers.cc:286) Log-like per frame for utterance mtdb0_si771 is 3.58846 over 907 frames.
mtdb0_sx141 sil p l ah vcl jh cl t ix cl p er cl t ix s ix cl p ey vcl d ix n v aa dx ah z ax cl k aa dx cl k aa cl dh cl t ih sh en sil 
LOG (latgen-faster-mapped[5.4.140~1-1ab3d]:DecodeUtteranceLatticeFaster():decoder-wrappers.cc:286) Log-like per frame for utterance mtdb0_sx141 is 3.74731 over 664 frames.
mtdb0_sx231 sil ay aw n er m ay m aa l sil 
LOG (latgen-faster-mapped[5.4.140~1-1ab3d]:DecodeUtteranceLatticeFaster():decoder-wrappers.cc:286) Log-like per frame for utterance mtdb0_sx231 is 3.5835 over 244 frames.
mtdb0_sx321 sil dh vcl g r r n hh aa vcl k th ih l iy s aa sh aw dx ax n vcl b ix cl s cl t ey dx aw dx l iy m l m sil sil 
LOG (latgen-faster-mapped[5.4.140~1-1ab3d]:RebuildRepository():determinize-lattice-pruned.cc:283) Rebuilding repository.
LOG (latgen-faster-mapped[5.4.140~1-1ab3d]:RebuildRepository():determinize-lattice-pruned.cc:283) Rebuilding repository.
LOG (latgen-faster-mapped[5.4.140~1-1ab3d]:RebuildRepository():determinize-lattice-pruned.cc:283) Rebuilding repository.
LOG (latgen-faster-mapped[5.4.140~1-1ab3d]:RebuildRepository():determinize-lattice-pruned.cc:283) Rebuilding repository.
WARNING (latgen-faster-mapped[5.4.140~1-1ab3d]:CheckMemoryUsage():determinize-lattice-pruned.cc:316) Did not reach requested beam in determinize-lattice: size exceeds maximum 20000000 bytes; (repo,arcs,elems) = (12825664,324960,6852192), after rebuilding, repo size was 9822240, effective beam was 8.61716 vs. requested beam 10
WARNING (latgen-faster-mapped[5.4.140~1-1ab3d]:DecodeUtteranceLatticeFaster():decoder-wrappers.cc:274) Determinization finished earlier than the beam for utterance mtdb0_sx321
LOG (latgen-faster-mapped[5.4.140~1-1ab3d]:DecodeUtteranceLatticeFaster():decoder-wrappers.cc:286) Log-like per frame for utterance mtdb0_sx321 is 3.50971 over 680 frames.
mtdb0_sx411 sil b ah dx er s cl k aa cl ch f ow vcl jh cl k ow z epi w l vcl w ax th f ih l ay jh cl k ix v sil 
LOG (latgen-faster-mapped[5.4.140~1-1ab3d]:RebuildRepository():determinize-lattice-pruned.cc:283) Rebuilding repository.
LOG (latgen-faster-mapped[5.4.140~1-1ab3d]:RebuildRepository():determinize-lattice-pruned.cc:283) Rebuilding repository.
LOG (latgen-faster-mapped[5.4.140~1-1ab3d]:DecodeUtteranceLatticeFaster():decoder-wrappers.cc:286) Log-like per frame for utterance mtdb0_sx411 is 3.53604 over 634 frames.
mtdb0_sx51 sil ae n b ix vcl d eh cl s cl t er s cl p ix cl p aa cl k ix cl s ax cl k aw cl p ax sh epi m ao r sil 
LOG (latgen-faster-mapped[5.4.140~1-1ab3d]:DecodeUtteranceLatticeFaster():decoder-wrappers.cc:286) Log-like per frame for utterance mtdb0_sx51 is 3.50999 over 516 frames.
mtdp0_si1274 sil ah cl t aa m ih cl sil ih n er jh uw n ae v el z sil 
LOG (latgen-faster-mapped[5.4.140~1-1ab3d]:RebuildRepository():determinize-lattice-pruned.cc:283) Rebuilding repository.
LOG (latgen-faster-mapped[5.4.140~1-1ab3d]:RebuildRepository():determinize-lattice-pruned.cc:283) Rebuilding repository.
LOG (latgen-faster-mapped[5.4.140~1-1ab3d]:DecodeUtteranceLatticeFaster():decoder-wrappers.cc:286) Log-like per frame for utterance mtdp0_si1274 is 3.35925 over 346 frames.
mtdp0_si1521 sil hh iy l uh cl d ow v r eh cl hh ih m l ay ng dh eh er s l iy cl p sil ae n hh iy f eh l vcl d ey w ey v ax r v ao l sh ix n sil 
LOG (latgen-faster-mapped[5.4.140~1-1ab3d]:RebuildRepository():determinize-lattice-pruned.cc:283) Rebuilding repository.
LOG (latgen-faster-mapped[5.4.140~1-1ab3d]:DecodeUtteranceLatticeFaster():decoder-wrappers.cc:286) Log-like per frame for utterance mtdp0_si1521 is 3.59326 over 977 frames.
mtdp0_si2151 sil hh iy s ae ng cl b ae cl k s ay ey ng ae n w s ax n sil ax s l iy cl p ix vcl k n sil 
LOG (latgen-faster-mapped[5.4.140~1-1ab3d]:RebuildRepository():determinize-lattice-pruned.cc:283) Rebuilding repository.
LOG (latgen-faster-mapped[5.4.140~1-1ab3d]:DecodeUtteranceLatticeFaster():decoder-wrappers.cc:286) Log-like per frame for utterance mtdp0_si2151 is 3.55731 over 756 frames.
mtdp0_sx171 sil dh vcl d ay ix n ow s ix z w ix z ix s cl k er cl ch iy ng sil hh aa eh v er sil y w ax z n aa cl ow l iy w er iy vcl sil 
LOG (latgen-faster-mapped[5.4.140~1-1ab3d]:RebuildRepository():determinize-lattice-pruned.cc:283) Rebuilding repository.
LOG (latgen-faster-mapped[5.4.140~1-1ab3d]:DecodeUtteranceLatticeFaster():decoder-wrappers.cc:286) Log-like per frame for utterance mtdp0_sx171 is 3.54223 over 911 frames.
mtdp0_sx261 sil y uw m ae v iy y l ow w ix m ix n r ey dx iy sil 
LOG (latgen-faster-mapped[5.4.140~1-1ab3d]:RebuildRepository():determinize-lattice-pruned.cc:283) Rebuilding repository.
LOG (latgen-faster-mapped[5.4.140~1-1ab3d]:RebuildRepository():determinize-lattice-pruned.cc:283) Rebuilding repository.
LOG (latgen-faster-mapped[5.4.140~1-1ab3d]:RebuildRepository():determinize-lattice-pruned.cc:283) Rebuilding repository.
LOG (latgen-faster-mapped[5.4.140~1-1ab3d]:RebuildRepository():determinize-lattice-pruned.cc:283) Rebuilding repository.
WARNING (latgen-faster-mapped[5.4.140~1-1ab3d]:CheckMemoryUsage():determinize-lattice-pruned.cc:316) Did not reach requested beam in determinize-lattice: size exceeds maximum 20000000 bytes; (repo,arcs,elems) = (12389504,299296,7312896), after rebuilding, repo size was 9258656, effective beam was 8.95134 vs. requested beam 10
WARNING (latgen-faster-mapped[5.4.140~1-1ab3d]:DecodeUtteranceLatticeFaster():decoder-wrappers.cc:274) Determinization finished earlier than the beam for utterance mtdp0_sx261
LOG (latgen-faster-mapped[5.4.140~1-1ab3d]:DecodeUtteranceLatticeFaster():decoder-wrappers.cc:286) Log-like per frame for utterance mtdp0_sx261 is 3.42492 over 429 frames.
mtdp0_sx351 sil d ah n uw s eh vcl b er n ay cl s epi w er cl hh ao aa dx ao n r iy f er sh ih ng dh ih er ow vcl d er hh ow m sil 
LOG (latgen-faster-mapped[5.4.140~1-1ab3d]:RebuildRepository():determinize-lattice-pruned.cc:283) Rebuilding repository.
LOG (latgen-faster-mapped[5.4.140~1-1ab3d]:DecodeUtteranceLatticeFaster():decoder-wrappers.cc:286) Log-like per frame for utterance mtdp0_sx351 is 3.66583 over 1048 frames.
mtdp0_sx441 sil sil d ow l uh cl k f uh vcl g r uw cl v ay y vcl b el z sil ix n ey vcl ae ng cl sil p ao l d sil 
LOG (latgen-faster-mapped[5.4.140~1-1ab3d]:RebuildRepository():determinize-lattice-pruned.cc:283) Rebuilding repository.
LOG (latgen-faster-mapped[5.4.140~1-1ab3d]:DecodeUtteranceLatticeFaster():decoder-wrappers.cc:286) Log-like per frame for utterance mtdp0_sx441 is 3.44912 over 769 frames.
mtdp0_sx81 sil ih s ax m cl p aa s ax vcl b el cl t uw vcl d iy ow w ix v sil b ih r aa cl k er s iy sil 
LOG (latgen-faster-mapped[5.4.140~1-1ab3d]:DecodeUtteranceLatticeFaster():decoder-wrappers.cc:286) Log-like per frame for utterance mtdp0_sx81 is 3.57678 over 604 frames.
mter0_si1157 sil b ah cl k ix s ih dx er vcl r ix th ih cl t eh cl m ix cl k ow s cl t r aa ah m iy cl sil ax vcl d er f er n cl p ae dx er n cl k ae m b iy cl t r ey s cl z sil 
LOG (latgen-faster-mapped[5.4.140~1-1ab3d]:RebuildRepository():determinize-lattice-pruned.cc:283) Rebuilding repository.
LOG (latgen-faster-mapped[5.4.140~1-1ab3d]:DecodeUtteranceLatticeFaster():decoder-wrappers.cc:286) Log-like per frame for utterance mter0_si1157 is 3.67703 over 872 frames.
mter0_si1787 sil ix cl s cl p er hh ae cl s ax m ay aw l f m hh ih er w er w iy s eh cl sil 
LOG (latgen-faster-mapped[5.4.140~1-1ab3d]:DecodeUtteranceLatticeFaster():decoder-wrappers.cc:286) Log-like per frame for utterance mter0_si1787 is 3.66838 over 538 frames.
mter0_si527 sil dh vcl b uw ih s ix s hh eh l sil f el sil b ah dx ih aw dx cl k w cl sil 
LOG (latgen-faster-mapped[5.4.140~1-1ab3d]:DecodeUtteranceLatticeFaster():decoder-wrappers.cc:286) Log-like per frame for utterance mter0_si527 is 3.68639 over 596 frames.
mter0_sx167 sil ix m cl p l ey l ey aa s cl k ow ah n s ay dx iy vcl w ix th ih cl k ah cl p ix n iy zh r er vcl ix n ix z ey sh en sil 
LOG (latgen-faster-mapped[5.4.140~1-1ab3d]:RebuildRepository():determinize-lattice-pruned.cc:283) Rebuilding repository.
LOG (latgen-faster-mapped[5.4.140~1-1ab3d]:DecodeUtteranceLatticeFaster():decoder-wrappers.cc:286) Log-like per frame for utterance mter0_sx167 is 3.74909 over 762 frames.
mter0_sx17 sil k r r l ih v z ix ah l ay v l iy hh ow m sil 
LOG (latgen-faster-mapped[5.4.140~1-1ab3d]:RebuildRepository():determinize-lattice-pruned.cc:283) Rebuilding repository.
LOG (latgen-faster-mapped[5.4.140~1-1ab3d]:DecodeUtteranceLatticeFaster():decoder-wrappers.cc:286) Log-like per frame for utterance mter0_sx17 is 3.55413 over 387 frames.
mter0_sx257 sil w iy er ow cl p ah n eh v r iy m ah n iy iy v iy ng sil 
LOG (latgen-faster-mapped[5.4.140~1-1ab3d]:DecodeUtteranceLatticeFaster():decoder-wrappers.cc:286) Log-like per frame for utterance mter0_sx257 is 3.92774 over 482 frames.
mter0_sx437 sil dh iy ih z d eh n ih vcl g r eh s iy th cl p l iy s epi n ix n cl t uw f l ay vcl sil aa l ah s m ow dx er s sil 
LOG (latgen-faster-mapped[5.4.140~1-1ab3d]:RebuildRepository():determinize-lattice-pruned.cc:283) Rebuilding repository.
LOG (latgen-faster-mapped[5.4.140~1-1ab3d]:DecodeUtteranceLatticeFaster():decoder-wrappers.cc:286) Log-like per frame for utterance mter0_sx437 is 3.76395 over 816 frames.
mter0_sx77 sil b ae cl p ay vcl p s ih n vcl b ao ng g ow z er m y z ix cl k l ih n s cl t er m ix cl s sil 
LOG (latgen-faster-mapped[5.4.140~1-1ab3d]:DecodeUtteranceLatticeFaster():decoder-wrappers.cc:286) Log-like per frame for utterance mter0_sx77 is 3.74889 over 573 frames.
mtjg0_si1520 sil sil s ax m dx iy l hh ae f t ix s cl t er r cl th ih cl k ix n sil 
LOG (latgen-faster-mapped[5.4.140~1-1ab3d]:DecodeUtteranceLatticeFaster():decoder-wrappers.cc:286) Log-like per frame for utterance mtjg0_si1520 is 3.54116 over 380 frames.
mtjg0_si2157 sil hh uw w vcl t ey cl k ow v er sil 
LOG (latgen-faster-mapped[5.4.140~1-1ab3d]:DecodeUtteranceLatticeFaster():decoder-wrappers.cc:286) Log-like per frame for utterance mtjg0_si2157 is 3.85707 over 269 frames.
mtjg0_si890 sil b w ay z ix n eh s ix s er r cl p er dx uw s r eh cl n l sil ix m ih vcl jh epi w ix th ix m vcl b er ey n sil 
LOG (latgen-faster-mapped[5.4.140~1-1ab3d]:RebuildRepository():determinize-lattice-pruned.cc:283) Rebuilding repository.
LOG (latgen-faster-mapped[5.4.140~1-1ab3d]:DecodeUtteranceLatticeFaster():decoder-wrappers.cc:286) Log-like per frame for utterance mtjg0_si890 is 3.58349 over 740 frames.
mtjg0_sx170 sil dh m ay ae n iy ih cl k l ae s ix cl s cl k aa l r vcl ix s ix cl p ih er w l s er v ey ng ey sh en cl r uw ax n s sil 
LOG (latgen-faster-mapped[5.4.140~1-1ab3d]:RebuildRepository():determinize-lattice-pruned.cc:283) Rebuilding repository.
LOG (latgen-faster-mapped[5.4.140~1-1ab3d]:DecodeUtteranceLatticeFaster():decoder-wrappers.cc:286) Log-like per frame for utterance mtjg0_sx170 is 3.6443 over 871 frames.
mtjg0_sx260 sil r m eh m er cl t uh l ao dx eh n ix cl k el cl t w uw n z cl d ae n t er f r l iy sil 
LOG (latgen-faster-mapped[5.4.140~1-1ab3d]:DecodeUtteranceLatticeFaster():decoder-wrappers.cc:286) Log-like per frame for utterance mtjg0_sx260 is 3.53379 over 572 frames.
mtjg0_sx350 sil m ey n iy w l th iy cl t ay cl k n s cl p l er jh d eh n b ao cl b ow th ix y aa cl t ix n ix s cl k uw n er sil 
LOG (latgen-faster-mapped[5.4.140~1-1ab3d]:RebuildRepository():determinize-lattice-pruned.cc:283) Rebuilding repository.
LOG (latgen-faster-mapped[5.4.140~1-1ab3d]:DecodeUtteranceLatticeFaster():decoder-wrappers.cc:286) Log-like per frame for utterance mtjg0_sx350 is 3.69829 over 765 frames.
mtjg0_sx440 sil dh y ae dx er cl t ay z ng v er s ow cl p l ih m ix th r ay dx iy s cl t ao er n eh v er cl ch ey jh ix s sil 
LOG (latgen-faster-mapped[5.4.140~1-1ab3d]:DecodeUtteranceLatticeFaster():decoder-wrappers.cc:286) Log-like per frame for utterance mtjg0_sx440 is 3.59784 over 760 frames.
mtjg0_sx80 sil ix cl s ih l iy el vcl d cl p ow s cl d ey dx ix cl ch eh cl k sil 
LOG (latgen-faster-mapped[5.4.140~1-1ab3d]:DecodeUtteranceLatticeFaster():decoder-wrappers.cc:286) Log-like per frame for utterance mtjg0_sx80 is 3.5489 over 391 frames.
mtjm0_si1226 sil dh w iy l ow s ow sh l ay s cl p aa n er r aw n dh ax r oy l aa er ix s cl t cl k ae dx ix cl k s ae n er sil 
LOG (latgen-faster-mapped[5.4.140~1-1ab3d]:DecodeUtteranceLatticeFaster():decoder-wrappers.cc:286) Log-like per frame for utterance mtjm0_si1226 is 3.70072 over 762 frames.
mtjm0_si1856 sil hh er ay z f uh vcl k l ey z d ix z ix sh iy vcl d ih n hh ih er r iy v n s iy hh ax m sil 
LOG (latgen-faster-mapped[5.4.140~1-1ab3d]:RebuildRepository():determinize-lattice-pruned.cc:283) Rebuilding repository.
LOG (latgen-faster-mapped[5.4.140~1-1ab3d]:RebuildRepository():determinize-lattice-pruned.cc:283) Rebuilding repository.
LOG (latgen-faster-mapped[5.4.140~1-1ab3d]:RebuildRepository():determinize-lattice-pruned.cc:283) Rebuilding repository.
LOG (latgen-faster-mapped[5.4.140~1-1ab3d]:RebuildRepository():determinize-lattice-pruned.cc:283) Rebuilding repository.
LOG (latgen-faster-mapped[5.4.140~1-1ab3d]:RebuildRepository():determinize-lattice-pruned.cc:283) Rebuilding repository.
WARNING (latgen-faster-mapped[5.4.140~1-1ab3d]:CheckMemoryUsage():determinize-lattice-pruned.cc:316) Did not reach requested beam in determinize-lattice: size exceeds maximum 20000000 bytes; (repo,arcs,elems) = (12458304,300928,7267104), after rebuilding, repo size was 9247296, effective beam was 9.14217 vs. requested beam 10
WARNING (latgen-faster-mapped[5.4.140~1-1ab3d]:DecodeUtteranceLatticeFaster():decoder-wrappers.cc:274) Determinization finished earlier than the beam for utterance mtjm0_si1856
LOG (latgen-faster-mapped[5.4.140~1-1ab3d]:DecodeUtteranceLatticeFaster():decoder-wrappers.cc:286) Log-like per frame for utterance mtjm0_si1856 is 3.64383 over 694 frames.
mtjm0_si655 sil y ix cl t ix s cl p ih er w ix ch l ih z ix n k m y ih dx iy ih s epi n aw ay vcl d ae n ix cl k el w ix th ix cl k epi n y n n iy sil 
LOG (latgen-faster-mapped[5.4.140~1-1ab3d]:RebuildRepository():determinize-lattice-pruned.cc:283) Rebuilding repository.
LOG (latgen-faster-mapped[5.4.140~1-1ab3d]:RebuildRepository():determinize-lattice-pruned.cc:283) Rebuilding repository.
LOG (latgen-faster-mapped[5.4.140~1-1ab3d]:RebuildRepository():determinize-lattice-pruned.cc:283) Rebuilding repository.
LOG (latgen-faster-mapped[5.4.140~1-1ab3d]:RebuildRepository():determinize-lattice-pruned.cc:283) Rebuilding repository.
WARNING (latgen-faster-mapped[5.4.140~1-1ab3d]:CheckMemoryUsage():determinize-lattice-pruned.cc:316) Did not reach requested beam in determinize-lattice: size exceeds maximum 20000000 bytes; (repo,arcs,elems) = (13503168,211872,6311016), after rebuilding, repo size was 10535680, effective beam was 7.18402 vs. requested beam 10
WARNING (latgen-faster-mapped[5.4.140~1-1ab3d]:DecodeUtteranceLatticeFaster():decoder-wrappers.cc:274) Determinization finished earlier than the beam for utterance mtjm0_si655
LOG (latgen-faster-mapped[5.4.140~1-1ab3d]:DecodeUtteranceLatticeFaster():decoder-wrappers.cc:286) Log-like per frame for utterance mtjm0_si655 is 3.42325 over 770 frames.
mtjm0_sx146 sil s ix cl k ah cl k el cl p r ow r ae m z epi el n ah v er cl k m p ay aw l sil 
LOG (latgen-faster-mapped[5.4.140~1-1ab3d]:DecodeUtteranceLatticeFaster():decoder-wrappers.cc:286) Log-like per frame for utterance mtjm0_sx146 is 3.55436 over 474 frames.
mtjm0_sx236 sil k l eh r cl p ax n ae n s iy ey sh en z ix cl p iy sh ix en vcl sil 
LOG (latgen-faster-mapped[5.4.140~1-1ab3d]:DecodeUtteranceLatticeFaster():decoder-wrappers.cc:286) Log-like per frame for utterance mtjm0_sx236 is 3.59882 over 438 frames.
mtjm0_sx326 sil s cl d iy v cl k l eh cl s r r ae n aw el cl k ao ay n s sil 
LOG (latgen-faster-mapped[5.4.140~1-1ab3d]:DecodeUtteranceLatticeFaster():decoder-wrappers.cc:286) Log-like per frame for utterance mtjm0_sx326 is 3.7589 over 556 frames.
mtjm0_sx416 sil ax hh y uw jh cl p aw r aw dx ix vcl jh epi r l iy ih cl k er z sil 
LOG (latgen-faster-mapped[5.4.140~1-1ab3d]:DecodeUtteranceLatticeFaster():decoder-wrappers.cc:286) Log-like per frame for utterance mtjm0_sx416 is 3.7068 over 514 frames.
mtjm0_sx56 sil ae cl k ix vcl d eh m ix cl k ae cl t ix cl t uw vcl k y er n cl t iy zh er vcl d ix cl p l m l sil 
LOG (latgen-faster-mapped[5.4.140~1-1ab3d]:DecodeUtteranceLatticeFaster():decoder-wrappers.cc:286) Log-like per frame for utterance mtjm0_sx56 is 3.61627 over 547 frames.
mtjs0_si1192 sil s ow v cl k oy s t iy s dh ey vcl p oy cl sil 
LOG (latgen-faster-mapped[5.4.140~1-1ab3d]:DecodeUtteranceLatticeFaster():decoder-wrappers.cc:286) Log-like per frame for utterance mtjs0_si1192 is 3.72258 over 468 frames.
mtjs0_si1822 sil b ah cl t ih dh iy ix f y r iy ey sh ix n v s ay eh cl t ih s sil f uh n ow n ow n r iy z ix n ao cl ao l dh m vcl d ih vcl sil 
LOG (latgen-faster-mapped[5.4.140~1-1ab3d]:RebuildRepository():determinize-lattice-pruned.cc:283) Rebuilding repository.
LOG (latgen-faster-mapped[5.4.140~1-1ab3d]:RebuildRepository():determinize-lattice-pruned.cc:283) Rebuilding repository.
LOG (latgen-faster-mapped[5.4.140~1-1ab3d]:DecodeUtteranceLatticeFaster():decoder-wrappers.cc:286) Log-like per frame for utterance mtjs0_si1822 is 3.70829 over 1158 frames.
mtjs0_si562 sil f eh m l iy l oy l cl t iy z ng k w aa cl p cl t v f w er cl k eh v ix n ah n b r ow cl k ix n f vcl jh uh dx er ey sh en s sil 
LOG (latgen-faster-mapped[5.4.140~1-1ab3d]:DecodeUtteranceLatticeFaster():decoder-wrappers.cc:286) Log-like per frame for utterance mtjs0_si562 is 3.71792 over 971 frames.
mtjs0_sx112 sil sil t ah vcl b ow cl t ix cl k ey vcl b uw vcl b l v hh ao l iy ng hh uw jh l ow vcl s sil 
LOG (latgen-faster-mapped[5.4.140~1-1ab3d]:DecodeUtteranceLatticeFaster():decoder-wrappers.cc:286) Log-like per frame for utterance mtjs0_sx112 is 3.64893 over 666 frames.
mtjs0_sx202 sil hh ah m ah cl ch ax l aw ah s cl d y uw vcl g eh cl sil 
LOG (latgen-faster-mapped[5.4.140~1-1ab3d]:DecodeUtteranceLatticeFaster():decoder-wrappers.cc:286) Log-like per frame for utterance mtjs0_sx202 is 3.63298 over 432 frames.
mtjs0_sx22 sil w dx eh l l s f eh l f s y uw z f w ao s sil 
LOG (latgen-faster-mapped[5.4.140~1-1ab3d]:DecodeUtteranceLatticeFaster():decoder-wrappers.cc:286) Log-like per frame for utterance mtjs0_sx22 is 3.71383 over 424 frames.
mtjs0_sx292 sil dh iy z ix cl k s cl k l s ix v vcl d aa cl k m ix n s epi m ah s vcl b iy l ao cl ah cl p uh cl ao l cl t ay m z sil 
LOG (latgen-faster-mapped[5.4.140~1-1ab3d]:RebuildRepository():determinize-lattice-pruned.cc:283) Rebuilding repository.
LOG (latgen-faster-mapped[5.4.140~1-1ab3d]:DecodeUtteranceLatticeFaster():decoder-wrappers.cc:286) Log-like per frame for utterance mtjs0_sx292 is 3.53221 over 747 frames.
mtjs0_sx382 sil sil jh ao r vcl jh z cl p aw r n oy dx ix vcl b aw dx ax f uw cl ch er vcl g ae sh ao r dx ix vcl jh sil 
LOG (latgen-faster-mapped[5.4.140~1-1ab3d]:DecodeUtteranceLatticeFaster():decoder-wrappers.cc:286) Log-like per frame for utterance mtjs0_sx382 is 3.76413 over 808 frames.
mtju0_si2020 sil y l vcl w m ix n ah r ow s cl t ih f l iy ax n l eh vcl m iy cl t uw cl k l er ng w er s epi ao hh ah cl jh cl t uw vcl sil 
LOG (latgen-faster-mapped[5.4.140~1-1ab3d]:RebuildRepository():determinize-lattice-pruned.cc:283) Rebuilding repository.
LOG (latgen-faster-mapped[5.4.140~1-1ab3d]:RebuildRepository():determinize-lattice-pruned.cc:283) Rebuilding repository.
LOG (latgen-faster-mapped[5.4.140~1-1ab3d]:DecodeUtteranceLatticeFaster():decoder-wrappers.cc:286) Log-like per frame for utterance mtju0_si2020 is 3.33366 over 829 frames.
mtju0_si2269 sil k uh dx ih cl jh uw ah dh er w ay z sil 
LOG (latgen-faster-mapped[5.4.140~1-1ab3d]:DecodeUtteranceLatticeFaster():decoder-wrappers.cc:286) Log-like per frame for utterance mtju0_si2269 is 3.49689 over 299 frames.
mtju0_si760 sil ow cl p ey cl k eh n t l ow cl sil ix n cl t eh n s cl p er cl w vcl b r aw w y uw z cl sil 
LOG (latgen-faster-mapped[5.4.140~1-1ab3d]:RebuildRepository():determinize-lattice-pruned.cc:283) Rebuilding repository.
LOG (latgen-faster-mapped[5.4.140~1-1ab3d]:DecodeUtteranceLatticeFaster():decoder-wrappers.cc:286) Log-like per frame for utterance mtju0_si760 is 3.38643 over 628 frames.
mtju0_sx130 sil hh iy ey cl f oy ao eh cl sh t er ey vcl jh f ow b r cl k f ix s cl t sil 
LOG (latgen-faster-mapped[5.4.140~1-1ab3d]:DecodeUtteranceLatticeFaster():decoder-wrappers.cc:286) Log-like per frame for utterance mtju0_sx130 is 3.48375 over 492 frames.
mtju0_sx220 sil dh m ow s cl k r iy sh ix n cl jh iy l aa vcl jh vcl k el s er v ey f ah n s ay epi m ix cl d ae cl t ix dh ey sil 
LOG (latgen-faster-mapped[5.4.140~1-1ab3d]:RebuildRepository():determinize-lattice-pruned.cc:283) Rebuilding repository.
LOG (latgen-faster-mapped[5.4.140~1-1ab3d]:DecodeUtteranceLatticeFaster():decoder-wrappers.cc:286) Log-like per frame for utterance mtju0_sx220 is 3.34029 over 674 frames.
mtju0_sx310 sil d ax hh uh vcl d ax cl d vcl jh iy cl p sil w s cl t iy m ng ix n hh aa cl s ah n sil 
LOG (latgen-faster-mapped[5.4.140~1-1ab3d]:RebuildRepository():determinize-lattice-pruned.cc:283) Rebuilding repository.
LOG (latgen-faster-mapped[5.4.140~1-1ab3d]:RebuildRepository():determinize-lattice-pruned.cc:283) Rebuilding repository.
LOG (latgen-faster-mapped[5.4.140~1-1ab3d]:RebuildRepository():determinize-lattice-pruned.cc:283) Rebuilding repository.
LOG (latgen-faster-mapped[5.4.140~1-1ab3d]:RebuildRepository():determinize-lattice-pruned.cc:283) Rebuilding repository.
WARNING (latgen-faster-mapped[5.4.140~1-1ab3d]:CheckMemoryUsage():determinize-lattice-pruned.cc:316) Did not reach requested beam in determinize-lattice: size exceeds maximum 20000000 bytes; (repo,arcs,elems) = (13576800,232320,6192768), after rebuilding, repo size was 10494784, effective beam was 7.67326 vs. requested beam 10
WARNING (latgen-faster-mapped[5.4.140~1-1ab3d]:DecodeUtteranceLatticeFaster():decoder-wrappers.cc:274) Determinization finished earlier than the beam for utterance mtju0_sx310
LOG (latgen-faster-mapped[5.4.140~1-1ab3d]:DecodeUtteranceLatticeFaster():decoder-wrappers.cc:286) Log-like per frame for utterance mtju0_sx310 is 3.35038 over 528 frames.
mtju0_sx40 sil s cl t ih m y l eh dx ng t ix s cl k ah sh n jh cl k iy cl p s cl d uw vcl en s ix cl t eh n sh en sil 
LOG (latgen-faster-mapped[5.4.140~1-1ab3d]:DecodeUtteranceLatticeFaster():decoder-wrappers.cc:286) Log-like per frame for utterance mtju0_sx40 is 3.37265 over 528 frames.
mtju0_sx400 sil jh ah sh cl k r aa cl k n ow vcl s ix z sil ix n eh n iy z vcl ch ih sh cl t ix n b aa cl s sil 
LOG (latgen-faster-mapped[5.4.140~1-1ab3d]:RebuildRepository():determinize-lattice-pruned.cc:283) Rebuilding repository.
LOG (latgen-faster-mapped[5.4.140~1-1ab3d]:RebuildRepository():determinize-lattice-pruned.cc:283) Rebuilding repository.
LOG (latgen-faster-mapped[5.4.140~1-1ab3d]:RebuildRepository():determinize-lattice-pruned.cc:283) Rebuilding repository.
LOG (latgen-faster-mapped[5.4.140~1-1ab3d]:RebuildRepository():determinize-lattice-pruned.cc:283) Rebuilding repository.
WARNING (latgen-faster-mapped[5.4.140~1-1ab3d]:CheckMemoryUsage():determinize-lattice-pruned.cc:316) Did not reach requested beam in determinize-lattice: size exceeds maximum 20000000 bytes; (repo,arcs,elems) = (12672640,398688,6963096), after rebuilding, repo size was 9390880, effective beam was 9.51464 vs. requested beam 10
WARNING (latgen-faster-mapped[5.4.140~1-1ab3d]:DecodeUtteranceLatticeFaster():decoder-wrappers.cc:274) Determinization finished earlier than the beam for utterance mtju0_sx400
LOG (latgen-faster-mapped[5.4.140~1-1ab3d]:DecodeUtteranceLatticeFaster():decoder-wrappers.cc:286) Log-like per frame for utterance mtju0_sx400 is 3.30252 over 583 frames.
mtkd0_si1187 sil hh iy ih vcl v ay z t ix m ih dx ih hh aa s cl p ix dx el ah z ey sh en sil 
LOG (latgen-faster-mapped[5.4.140~1-1ab3d]:DecodeUtteranceLatticeFaster():decoder-wrappers.cc:286) Log-like per frame for utterance mtkd0_si1187 is 3.80341 over 529 frames.
mtkd0_si1817 sil m ay vcl b ah l aa l dx w ao r vcl m ay cl p er r eh n iy l vcl g ae f ay iy th s eh vcl d w ay n iy n oy s sil 
LOG (latgen-faster-mapped[5.4.140~1-1ab3d]:RebuildRepository():determinize-lattice-pruned.cc:283) Rebuilding repository.
LOG (latgen-faster-mapped[5.4.140~1-1ab3d]:DecodeUtteranceLatticeFaster():decoder-wrappers.cc:286) Log-like per frame for utterance mtkd0_si1817 is 3.66537 over 779 frames.
mtkd0_si630 sil w dx ih vcl d ih s cl k ah sh ix ng cl k ae n ih n s uw w ix n ix cl t ay dx ax l ow dh ih s cl t ay cl p ax v s ao ng ih z ih ng k w eh sh ix cl sil 
LOG (latgen-faster-mapped[5.4.140~1-1ab3d]:RebuildRepository():determinize-lattice-pruned.cc:283) Rebuilding repository.
LOG (latgen-faster-mapped[5.4.140~1-1ab3d]:DecodeUtteranceLatticeFaster():decoder-wrappers.cc:286) Log-like per frame for utterance mtkd0_si630 is 3.82548 over 975 frames.
mtkd0_sx107 sil p er cl dh ih cl p aa r iy s eh v cl k ah cl k ey cl s ae n ay s cl t r ix vcl sil 
LOG (latgen-faster-mapped[5.4.140~1-1ab3d]:DecodeUtteranceLatticeFaster():decoder-wrappers.cc:286) Log-like per frame for utterance mtkd0_sx107 is 3.79779 over 616 frames.
mtkd0_sx17 sil k aa r l ih s ix n ax l ay v l ey hh ow m sil 
LOG (latgen-faster-mapped[5.4.140~1-1ab3d]:DecodeUtteranceLatticeFaster():decoder-wrappers.cc:286) Log-like per frame for utterance mtkd0_sx17 is 3.78303 over 450 frames.
mtkd0_sx197 sil d r aa iy cl ch cl k r ae f aa n ih n uw ae cl k s ix s sil sil 
LOG (latgen-faster-mapped[5.4.140~1-1ab3d]:DecodeUtteranceLatticeFaster():decoder-wrappers.cc:286) Log-like per frame for utterance mtkd0_sx197 is 3.9021 over 525 frames.
mtkd0_sx287 sil ix n dh l ao ng r aa n sil ih cl p ey s cl t vcl b ay cl k ao dx ix cl k el ix ng sil 
LOG (latgen-faster-mapped[5.4.140~1-1ab3d]:DecodeUtteranceLatticeFaster():decoder-wrappers.cc:286) Log-like per frame for utterance mtkd0_sx287 is 3.83436 over 787 frames.
mtkd0_sx377 sil sh y l oy z jh ow cl s ix vcl b aa cl t ix m ah cl ch cl g aa r dx ix cl k ih n ix z f uw vcl sil 
LOG (latgen-faster-mapped[5.4.140~1-1ab3d]:DecodeUtteranceLatticeFaster():decoder-wrappers.cc:286) Log-like per frame for utterance mtkd0_sx377 is 3.76624 over 616 frames.
mtkp0_si1023 sil s ah cl ch ix n ae ax m ow s eh vcl d ix vcl b iy m iy l iy n ow s cl t sil 
LOG (latgen-faster-mapped[5.4.140~1-1ab3d]:DecodeUtteranceLatticeFaster():decoder-wrappers.cc:286) Log-like per frame for utterance mtkp0_si1023 is 3.73119 over 592 frames.
mtkp0_si2283 sil ix n uw z ay ax m z ax m ah n ax z l eh s aa f ix n sh aa dh ih n ax vcl b aa dx iy er hh eh vcl d sil dh n ih n ax s ah v er m s sil 
LOG (latgen-faster-mapped[5.4.140~1-1ab3d]:RebuildRepository():determinize-lattice-pruned.cc:283) Rebuilding repository.
LOG (latgen-faster-mapped[5.4.140~1-1ab3d]:RebuildRepository():determinize-lattice-pruned.cc:283) Rebuilding repository.
LOG (latgen-faster-mapped[5.4.140~1-1ab3d]:RebuildRepository():determinize-lattice-pruned.cc:283) Rebuilding repository.
LOG (latgen-faster-mapped[5.4.140~1-1ab3d]:DecodeUtteranceLatticeFaster():decoder-wrappers.cc:286) Log-like per frame for utterance mtkp0_si2283 is 3.68308 over 1046 frames.
mtkp0_si454 sil ix f y vcl d ih s r oy cl k aa f ax s ix n vcl ae ng k s sil y dx uw s ah th ix ng cl t ix dh iy cl k aa n ix m iy hh iy s eh vcl sil 
LOG (latgen-faster-mapped[5.4.140~1-1ab3d]:RebuildRepository():determinize-lattice-pruned.cc:283) Rebuilding repository.
LOG (latgen-faster-mapped[5.4.140~1-1ab3d]:RebuildRepository():determinize-lattice-pruned.cc:283) Rebuilding repository.
LOG (latgen-faster-mapped[5.4.140~1-1ab3d]:RebuildRepository():determinize-lattice-pruned.cc:283) Rebuilding repository.
LOG (latgen-faster-mapped[5.4.140~1-1ab3d]:DecodeUtteranceLatticeFaster():decoder-wrappers.cc:286) Log-like per frame for utterance mtkp0_si454 is 3.59546 over 874 frames.
mtkp0_sx123 sil s cl k r uw vcl d r ay v er z m ey vcl f m v aa vcl k ih n ao r n jh jh uw s sil 
LOG (latgen-faster-mapped[5.4.140~1-1ab3d]:DecodeUtteranceLatticeFaster():decoder-wrappers.cc:286) Log-like per frame for utterance mtkp0_sx123 is 3.60809 over 584 frames.
mtkp0_sx213 sil dh ix n uw z ey zh ix s iy aa r dx er vcl g r ey vcl jh er l ax s sil 
LOG (latgen-faster-mapped[5.4.140~1-1ab3d]:DecodeUtteranceLatticeFaster():decoder-wrappers.cc:286) Log-like per frame for utterance mtkp0_sx213 is 3.5709 over 522 frames.
mtkp0_sx303 sil th ix vcl b l uw jh ey f l uw ow v ax dh ay vcl b ih l d ng sil 
LOG (latgen-faster-mapped[5.4.140~1-1ab3d]:RebuildRepository():determinize-lattice-pruned.cc:283) Rebuilding repository.
LOG (latgen-faster-mapped[5.4.140~1-1ab3d]:RebuildRepository():determinize-lattice-pruned.cc:283) Rebuilding repository.
LOG (latgen-faster-mapped[5.4.140~1-1ab3d]:DecodeUtteranceLatticeFaster():decoder-wrappers.cc:286) Log-like per frame for utterance mtkp0_sx303 is 3.53628 over 472 frames.
mtkp0_sx33 sil k ow cl k ix m ay cl k r iy m cl p ay m ix cl k s ix n ay s cl t ix z er cl sil 
LOG (latgen-faster-mapped[5.4.140~1-1ab3d]:DecodeUtteranceLatticeFaster():decoder-wrappers.cc:286) Log-like per frame for utterance mtkp0_sx33 is 3.53726 over 504 frames.
mtkp0_sx393 sil sh iy uw z ix z vcl b ow th epi n ey m z ix n er cl ch ey jh vcl b l iy sil 
LOG (latgen-faster-mapped[5.4.140~1-1ab3d]:DecodeUtteranceLatticeFaster():decoder-wrappers.cc:286) Log-like per frame for utterance mtkp0_sx393 is 3.59353 over 482 frames.
mtlb0_si1134 sil ih n d uw ih jh uw l hh y uw ih s cl t r ey cl dh ix z n iy cl t ix cl p ih cl ey vcl g ae s cl t ae iy ng hh y m ix ng cl k ix n ih sh ix n sil 
LOG (latgen-faster-mapped[5.4.140~1-1ab3d]:RebuildRepository():determinize-lattice-pruned.cc:283) Rebuilding repository.
LOG (latgen-faster-mapped[5.4.140~1-1ab3d]:DecodeUtteranceLatticeFaster():decoder-wrappers.cc:286) Log-like per frame for utterance mtlb0_si1134 is 3.60814 over 879 frames.
mtlb0_si1764 sil s ow cl k cl ah cl p l ow cl k el cl k ah l er sil 
LOG (latgen-faster-mapped[5.4.140~1-1ab3d]:DecodeUtteranceLatticeFaster():decoder-wrappers.cc:286) Log-like per frame for utterance mtlb0_si1764 is 3.77876 over 364 frames.
mtlb0_si504 sil w dx y cl p uh cl dh l ay dx er f l dx hh aa hh aa sil 
LOG (latgen-faster-mapped[5.4.140~1-1ab3d]:DecodeUtteranceLatticeFaster():decoder-wrappers.cc:286) Log-like per frame for utterance mtlb0_si504 is 3.76875 over 499 frames.
mtlb0_sx144 sil dh w l w iy w uh m ih w ao r ah m ah s cl g r ae cl k ow cl sil 
LOG (latgen-faster-mapped[5.4.140~1-1ab3d]:DecodeUtteranceLatticeFaster():decoder-wrappers.cc:286) Log-like per frame for utterance mtlb0_sx144 is 3.70143 over 520 frames.
mtlb0_sx234 sil ax cl p ey cl b er b oy vcl b ao cl t uw ae cl p el z en cl th r iy ay s ix z sil 
LOG (latgen-faster-mapped[5.4.140~1-1ab3d]:DecodeUtteranceLatticeFaster():decoder-wrappers.cc:286) Log-like per frame for utterance mtlb0_sx234 is 3.74356 over 540 frames.
mtlb0_sx324 sil l ow cl k uh vcl d ah vcl s cl t ao r w ix s cl ch aa dx ix dh l iy l iy vcl d ix s cl p eh n s iy n cl t w ay ng cl k el ay z er z sil 
LOG (latgen-faster-mapped[5.4.140~1-1ab3d]:RebuildRepository():determinize-lattice-pruned.cc:283) Rebuilding repository.
LOG (latgen-faster-mapped[5.4.140~1-1ab3d]:RebuildRepository():determinize-lattice-pruned.cc:283) Rebuilding repository.
LOG (latgen-faster-mapped[5.4.140~1-1ab3d]:RebuildRepository():determinize-lattice-pruned.cc:283) Rebuilding repository.
LOG (latgen-faster-mapped[5.4.140~1-1ab3d]:RebuildRepository():determinize-lattice-pruned.cc:283) Rebuilding repository.
WARNING (latgen-faster-mapped[5.4.140~1-1ab3d]:CheckMemoryUsage():determinize-lattice-pruned.cc:316) Did not reach requested beam in determinize-lattice: size exceeds maximum 20000000 bytes; (repo,arcs,elems) = (12359104,386720,7290144), after rebuilding, repo size was 9124832, effective beam was 9.3627 vs. requested beam 10
WARNING (latgen-faster-mapped[5.4.140~1-1ab3d]:DecodeUtteranceLatticeFaster():decoder-wrappers.cc:274) Determinization finished earlier than the beam for utterance mtlb0_sx324
LOG (latgen-faster-mapped[5.4.140~1-1ab3d]:DecodeUtteranceLatticeFaster():decoder-wrappers.cc:286) Log-like per frame for utterance mtlb0_sx324 is 3.59631 over 842 frames.
mtlb0_sx414 sil ay r iy sh ah r s jh ix z iy vcl f r eh sh cl k ih cl p r z f er vcl b r eh cl k f ix s cl t sil 
LOG (latgen-faster-mapped[5.4.140~1-1ab3d]:DecodeUtteranceLatticeFaster():decoder-wrappers.cc:286) Log-like per frame for utterance mtlb0_sx414 is 3.65038 over 570 frames.
mtlb0_sx54 sil dh iy s cl t ix ng cl k ow s ix z ix cl p ey f er cl p ih er cl p l ey zh er ix cl k s ay vcl m ix n sil 
LOG (latgen-faster-mapped[5.4.140~1-1ab3d]:DecodeUtteranceLatticeFaster():decoder-wrappers.cc:286) Log-like per frame for utterance mtlb0_sx54 is 3.76222 over 673 frames.
mtlc0_si1313 sil k l iy n k ao th m ah s cl p iy cl p er cl t eh cl dh ix dx ix vcl g ih n s dh r iy vcl d ih cl dh ax z ih sh ix n ah v vcl t ix s cl p er s cl s oy l sil 
LOG (latgen-faster-mapped[5.4.140~1-1ab3d]:RebuildRepository():determinize-lattice-pruned.cc:283) Rebuilding repository.
LOG (latgen-faster-mapped[5.4.140~1-1ab3d]:RebuildRepository():determinize-lattice-pruned.cc:283) Rebuilding repository.
LOG (latgen-faster-mapped[5.4.140~1-1ab3d]:RebuildRepository():determinize-lattice-pruned.cc:283) Rebuilding repository.
LOG (latgen-faster-mapped[5.4.140~1-1ab3d]:RebuildRepository():determinize-lattice-pruned.cc:283) Rebuilding repository.
WARNING (latgen-faster-mapped[5.4.140~1-1ab3d]:CheckMemoryUsage():determinize-lattice-pruned.cc:316) Did not reach requested beam in determinize-lattice: size exceeds maximum 20000000 bytes; (repo,arcs,elems) = (11952736,509792,7538760), after rebuilding, repo size was 8601376, effective beam was 9.9779 vs. requested beam 10
WARNING (latgen-faster-mapped[5.4.140~1-1ab3d]:DecodeUtteranceLatticeFaster():decoder-wrappers.cc:274) Determinization finished earlier than the beam for utterance mtlc0_si1313
LOG (latgen-faster-mapped[5.4.140~1-1ab3d]:DecodeUtteranceLatticeFaster():decoder-wrappers.cc:286) Log-like per frame for utterance mtlc0_si1313 is 3.60524 over 842 frames.
mtlc0_si1477 sil ih dx r iy cl k w er d ih n ix n er vcl jh iy hh ix n ow l ao vcl er cl p z eh s sil t vcl b iy s ix cl t er cl k el ah vcl b aa dx ix z f ao dh er sil 
LOG (latgen-faster-mapped[5.4.140~1-1ab3d]:RebuildRepository():determinize-lattice-pruned.cc:283) Rebuilding repository.
LOG (latgen-faster-mapped[5.4.140~1-1ab3d]:DecodeUtteranceLatticeFaster():decoder-wrappers.cc:286) Log-like per frame for utterance mtlc0_si1477 is 3.70969 over 932 frames.
mtlc0_si847 sil ih z ix l aa r vcl jh er f ae n s iy er epi dh eh n y r ih l ih n iy vcl d sil 
LOG (latgen-faster-mapped[5.4.140~1-1ab3d]:DecodeUtteranceLatticeFaster():decoder-wrappers.cc:286) Log-like per frame for utterance mtlc0_si847 is 3.59914 over 523 frames.
mtlc0_sx127 sil dh iy m cl p er hh eh dx ix m iy n cl t eh m cl p er sil 
LOG (latgen-faster-mapped[5.4.140~1-1ab3d]:DecodeUtteranceLatticeFaster():decoder-wrappers.cc:286) Log-like per frame for utterance mtlc0_sx127 is 3.82566 over 318 frames.
mtlc0_sx217 sil hh aa cl p er m n ah cl t sil ah dh eh r eh cl k er cl t s sil 
LOG (latgen-faster-mapped[5.4.140~1-1ab3d]:DecodeUtteranceLatticeFaster():decoder-wrappers.cc:286) Log-like per frame for utterance mtlc0_sx217 is 3.52874 over 391 frames.
mtlc0_sx307 sil dh ix m iy vcl d iy ng ih z n aw vcl jh er n vcl d sil 
LOG (latgen-faster-mapped[5.4.140~1-1ab3d]:DecodeUtteranceLatticeFaster():decoder-wrappers.cc:286) Log-like per frame for utterance mtlc0_sx307 is 3.8284 over 307 frames.
mtlc0_sx37 sil k r dx cl k l ix cl k uh cl b ah n cl sil n iy cl s cl p aa cl p er m ey n ix cl s sil 
LOG (latgen-faster-mapped[5.4.140~1-1ab3d]:RebuildRepository():determinize-lattice-pruned.cc:283) Rebuilding repository.
LOG (latgen-faster-mapped[5.4.140~1-1ab3d]:DecodeUtteranceLatticeFaster():decoder-wrappers.cc:286) Log-like per frame for utterance mtlc0_sx37 is 3.43694 over 502 frames.
mtlc0_sx397 sil t ih m cl t ey sh iy ah cl t ix s iy m uw v iy z epi oy s w iy sil 
LOG (latgen-faster-mapped[5.4.140~1-1ab3d]:DecodeUtteranceLatticeFaster():decoder-wrappers.cc:286) Log-like per frame for utterance mtlc0_sx397 is 3.57755 over 497 frames.
mtml0_si1065 sil aa l th r ih m ah s cl k m p er n ow cl s eh n ix vcl g r iy dx ix vcl g ow sil 
LOG (latgen-faster-mapped[5.4.140~1-1ab3d]:RebuildRepository():determinize-lattice-pruned.cc:283) Rebuilding repository.
LOG (latgen-faster-mapped[5.4.140~1-1ab3d]:RebuildRepository():determinize-lattice-pruned.cc:283) Rebuilding repository.
LOG (latgen-faster-mapped[5.4.140~1-1ab3d]:DecodeUtteranceLatticeFaster():decoder-wrappers.cc:286) Log-like per frame for utterance mtml0_si1065 is 3.75763 over 615 frames.
mtml0_si1695 sil ix n ey th ey n ih vcl d uw dh ix n ey s cl p ey vcl b ae vcl l ah cl k sil 
LOG (latgen-faster-mapped[5.4.140~1-1ab3d]:DecodeUtteranceLatticeFaster():decoder-wrappers.cc:286) Log-like per frame for utterance mtml0_si1695 is 3.44614 over 733 frames.
mtml0_si2325 sil dh eh m ae s cl k r dh iy z m ah dx iy f uh cl p r n s cl k ey f r m sil 
LOG (latgen-faster-mapped[5.4.140~1-1ab3d]:DecodeUtteranceLatticeFaster():decoder-wrappers.cc:286) Log-like per frame for utterance mtml0_si2325 is 3.48831 over 700 frames.
mtml0_sx165 sil dh iy z iy vcl g oy ng z uw aa l vcl jh ix s cl f r l ay cl s r aw cl dh v ao er vcl jh sil 
LOG (latgen-faster-mapped[5.4.140~1-1ab3d]:DecodeUtteranceLatticeFaster():decoder-wrappers.cc:286) Log-like per frame for utterance mtml0_sx165 is 3.66061 over 678 frames.
mtml0_sx255 sil m ay ay vcl d iy l m ao r ix ng b ix vcl g ih z el hh aa cl k aa f iy sil 
LOG (latgen-faster-mapped[5.4.140~1-1ab3d]:DecodeUtteranceLatticeFaster():decoder-wrappers.cc:286) Log-like per frame for utterance mtml0_sx255 is 3.54214 over 449 frames.
mtml0_sx345 sil t r ih sh sil s ao aw r z n aw r z v m uw v iy s ae dx er dx er sil 
LOG (latgen-faster-mapped[5.4.140~1-1ab3d]:DecodeUtteranceLatticeFaster():decoder-wrappers.cc:286) Log-like per frame for utterance mtml0_sx345 is 3.75466 over 560 frames.
mtml0_sx435 dh ix r ih cl sh dx n v eh s cl t ix n b l ay cl k z er cl k aa n z epi en s cl d eh dx ah s ay l sh uw z sil 
LOG (latgen-faster-mapped[5.4.140~1-1ab3d]:RebuildRepository():determinize-lattice-pruned.cc:283) Rebuilding repository.
LOG (latgen-faster-mapped[5.4.140~1-1ab3d]:RebuildRepository():determinize-lattice-pruned.cc:283) Rebuilding repository.
LOG (latgen-faster-mapped[5.4.140~1-1ab3d]:RebuildRepository():determinize-lattice-pruned.cc:283) Rebuilding repository.
LOG (latgen-faster-mapped[5.4.140~1-1ab3d]:RebuildRepository():determinize-lattice-pruned.cc:283) Rebuilding repository.
WARNING (latgen-faster-mapped[5.4.140~1-1ab3d]:CheckMemoryUsage():determinize-lattice-pruned.cc:316) Did not reach requested beam in determinize-lattice: size exceeds maximum 20000000 bytes; (repo,arcs,elems) = (12414912,426368,7191048), after rebuilding, repo size was 9840256, effective beam was 9.7644 vs. requested beam 10
WARNING (latgen-faster-mapped[5.4.140~1-1ab3d]:DecodeUtteranceLatticeFaster():decoder-wrappers.cc:274) Determinization finished earlier than the beam for utterance mtml0_sx435
LOG (latgen-faster-mapped[5.4.140~1-1ab3d]:DecodeUtteranceLatticeFaster():decoder-wrappers.cc:286) Log-like per frame for utterance mtml0_sx435 is 3.68138 over 851 frames.
mtml0_sx75 sil f ih l dh ae cl k ae n cl t iy w ix th f r eh sh cl p r ix w dx er sil 
LOG (latgen-faster-mapped[5.4.140~1-1ab3d]:DecodeUtteranceLatticeFaster():decoder-wrappers.cc:286) Log-like per frame for utterance mtml0_sx75 is 3.72776 over 624 frames.
mtmn0_si1064 sil ax n l ah s epi w s ah n aw cl p el hh el l cl p aa ay sil dh er cl p iy z ix z n iy n ah th ix n sil 
LOG (latgen-faster-mapped[5.4.140~1-1ab3d]:DecodeUtteranceLatticeFaster():decoder-wrappers.cc:286) Log-like per frame for utterance mtmn0_si1064 is 3.64852 over 682 frames.
mtmn0_si2324 sil k iy cl p uw s iy cl s vcl b oy ih z ay vcl jh ih s epi w n d ax cl p uh cl s en f ih n ih sh en t ae cl ch ix z ah n ix s dh ix n sil 
LOG (latgen-faster-mapped[5.4.140~1-1ab3d]:RebuildRepository():determinize-lattice-pruned.cc:283) Rebuilding repository.
LOG (latgen-faster-mapped[5.4.140~1-1ab3d]:DecodeUtteranceLatticeFaster():decoder-wrappers.cc:286) Log-like per frame for utterance mtmn0_si2324 is 3.53462 over 799 frames.
mtmn0_si582 sil ix cl s iy n z ih dx ow cl n s iy z ih n ax cl p ao n v eh cl t r n z p aa s cl p dx ow z ey sh ix n sil ix z w n s epi ao r ax cl p ao n ax s sil 
LOG (latgen-faster-mapped[5.4.140~1-1ab3d]:RebuildRepository():determinize-lattice-pruned.cc:283) Rebuilding repository.
LOG (latgen-faster-mapped[5.4.140~1-1ab3d]:RebuildRepository():determinize-lattice-pruned.cc:283) Rebuilding repository.
LOG (latgen-faster-mapped[5.4.140~1-1ab3d]:RebuildRepository():determinize-lattice-pruned.cc:283) Rebuilding repository.
LOG (latgen-faster-mapped[5.4.140~1-1ab3d]:DecodeUtteranceLatticeFaster():decoder-wrappers.cc:286) Log-like per frame for utterance mtmn0_si582 is 3.60103 over 1057 frames.
mtmn0_sx164 sil k ih r iy aa s ix d iy ih n m y aa cl k r s iy s ow l ax ng cl k ow vcl z ix th sil 
LOG (latgen-faster-mapped[5.4.140~1-1ab3d]:RebuildRepository():determinize-lattice-pruned.cc:283) Rebuilding repository.
LOG (latgen-faster-mapped[5.4.140~1-1ab3d]:DecodeUtteranceLatticeFaster():decoder-wrappers.cc:286) Log-like per frame for utterance mtmn0_sx164 is 3.57932 over 705 frames.
mtmn0_sx254 sil vcl d uw dh ey l aw ey th iy ih s cl d ih ng sh er cl ch sil 
LOG (latgen-faster-mapped[5.4.140~1-1ab3d]:DecodeUtteranceLatticeFaster():decoder-wrappers.cc:286) Log-like per frame for utterance mtmn0_sx254 is 3.75753 over 440 frames.
mtmn0_sx344 sil ay n ow oy vcl d ih en m iy hh er l iy ih n ah f sil 
LOG (latgen-faster-mapped[5.4.140~1-1ab3d]:DecodeUtteranceLatticeFaster():decoder-wrappers.cc:286) Log-like per frame for utterance mtmn0_sx344 is 3.71147 over 431 frames.
mtmn0_sx434 sil iy cl ch cl d ae vcl sh er l iy f ay n z ix vcl ih vcl g f ao n sil 
LOG (latgen-faster-mapped[5.4.140~1-1ab3d]:DecodeUtteranceLatticeFaster():decoder-wrappers.cc:286) Log-like per frame for utterance mtmn0_sx434 is 3.64518 over 523 frames.
mtmn0_sx74 sil eh n ix f ih sh el vcl d eh dh l ay n cl k n aw b iy cl p ow s cl p ax n d sil 
LOG (latgen-faster-mapped[5.4.140~1-1ab3d]:RebuildRepository():determinize-lattice-pruned.cc:283) Rebuilding repository.
LOG (latgen-faster-mapped[5.4.140~1-1ab3d]:DecodeUtteranceLatticeFaster():decoder-wrappers.cc:286) Log-like per frame for utterance mtmn0_sx74 is 3.57202 over 546 frames.
mtmt0_si1118 sil eh z iy ih v l ao ng cl t ix vcl b iy hh iy cl p iy k ey n dh iy eh cl k ow v ax s aa ax sil 
LOG (latgen-faster-mapped[5.4.140~1-1ab3d]:RebuildRepository():determinize-lattice-pruned.cc:283) Rebuilding repository.
LOG (latgen-faster-mapped[5.4.140~1-1ab3d]:DecodeUtteranceLatticeFaster():decoder-wrappers.cc:286) Log-like per frame for utterance mtmt0_si1118 is 3.72444 over 573 frames.
mtmt0_si1748 sil ix cl s cl t ih l ah m b el iy v ax vcl b el sil dh eh dx ih w ax z epi m er dx er 
LOG (latgen-faster-mapped[5.4.140~1-1ab3d]:DecodeUtteranceLatticeFaster():decoder-wrappers.cc:286) Log-like per frame for utterance mtmt0_si1748 is 3.69017 over 488 frames.
mtmt0_si488 sil dh ey m ey vcl jh ih n s ao z ix n d iy l ih m cl p aa r cl s ax cl p l ay s ix z m y uw z cl jh ih n sh iy n er iy sil 
LOG (latgen-faster-mapped[5.4.140~1-1ab3d]:DecodeUtteranceLatticeFaster():decoder-wrappers.cc:286) Log-like per frame for utterance mtmt0_si488 is 3.81893 over 932 frames.
mtmt0_sx128 sil l ao s ax f ao r m uw v iy z hh eh v s ah cl t ay vcl el z sil 
LOG (latgen-faster-mapped[5.4.140~1-1ab3d]:DecodeUtteranceLatticeFaster():decoder-wrappers.cc:286) Log-like per frame for utterance mtmt0_sx128 is 3.73233 over 463 frames.
mtmt0_sx218 sil t r ay cl t r iy cl k ao dh iy v eh n cl s en cl k aa l aa vcl jh cl k el dx er sil 
LOG (latgen-faster-mapped[5.4.140~1-1ab3d]:DecodeUtteranceLatticeFaster():decoder-wrappers.cc:286) Log-like per frame for utterance mtmt0_sx218 is 3.67 over 579 frames.
mtmt0_sx308 sil sh ih cl p ih l dx ih ng ix z ey m ow s f ae s ix n ey dx ng cl p r aa s eh s sil 
LOG (latgen-faster-mapped[5.4.140~1-1ab3d]:DecodeUtteranceLatticeFaster():decoder-wrappers.cc:286) Log-like per frame for utterance mtmt0_sx308 is 3.68179 over 524 frames.
mtmt0_sx38 sil y ah ng cl p iy cl p el cl p er cl t ih s cl p ey cl ix n ae th l ah dx ix cl k eh cl t ih v ix dx iy z sil 
LOG (latgen-faster-mapped[5.4.140~1-1ab3d]:DecodeUtteranceLatticeFaster():decoder-wrappers.cc:286) Log-like per frame for utterance mtmt0_sx38 is 3.66164 over 569 frames.
mtmt0_sx398 sil ch ah l dx er n cl k ae n cl k en s uw m ey n iy f r uw cl k ae n d iy z ix m w n s ih dx ix ng sil 
LOG (latgen-faster-mapped[5.4.140~1-1ab3d]:DecodeUtteranceLatticeFaster():decoder-wrappers.cc:286) Log-like per frame for utterance mtmt0_sx398 is 3.8028 over 665 frames.
mtpf0_si1235 sil w eh ah f en s ey v ax cl p r z n eh dx iy l uh cl sh ah ng f er z ey jh r el d f er z ey jh sil 
LOG (latgen-faster-mapped[5.4.140~1-1ab3d]:RebuildRepository():determinize-lattice-pruned.cc:283) Rebuilding repository.
LOG (latgen-faster-mapped[5.4.140~1-1ab3d]:DecodeUtteranceLatticeFaster():decoder-wrappers.cc:286) Log-like per frame for utterance mtpf0_si1235 is 3.71752 over 653 frames.
mtpf0_si1865 sil aw dh ih z n ah th ax l eh f t v m iy sil 
LOG (latgen-faster-mapped[5.4.140~1-1ab3d]:DecodeUtteranceLatticeFaster():decoder-wrappers.cc:286) Log-like per frame for utterance mtpf0_si1865 is 3.78823 over 464 frames.
mtpf0_si605 sil w iy w ix dh uw z aa r eh cl s cl p ao r m aa cl k ix cl t s ix n d n ay r s ow z iy m p ao cl s epi w ix n iy cl sil 
LOG (latgen-faster-mapped[5.4.140~1-1ab3d]:RebuildRepository():determinize-lattice-pruned.cc:283) Rebuilding repository.
LOG (latgen-faster-mapped[5.4.140~1-1ab3d]:DecodeUtteranceLatticeFaster():decoder-wrappers.cc:286) Log-like per frame for utterance mtpf0_si605 is 3.62636 over 685 frames.
mtpf0_sx155 sil b w dx cl k en cl t ey cl t uw m ix cl ch cl k ao r iy n s cl t ah n ix z ay s sil 
LOG (latgen-faster-mapped[5.4.140~1-1ab3d]:DecodeUtteranceLatticeFaster():decoder-wrappers.cc:286) Log-like per frame for utterance mtpf0_sx155 is 3.63598 over 493 frames.
mtpf0_sx245 sil sil sil dh ix z ih n d uw ay vcl d iy aa jh iy aa n er cl k aw s sil 
LOG (latgen-faster-mapped[5.4.140~1-1ab3d]:DecodeUtteranceLatticeFaster():decoder-wrappers.cc:286) Log-like per frame for utterance mtpf0_sx245 is 3.73042 over 673 frames.
mtpf0_sx335 sil g ah s ow cl p ay n cl t r iy z ix n eh vcl w vcl z ah n ix z w ao cl k th uw z ix cl k oy er n ae sh epi n el f ao r s cl t sil 
LOG (latgen-faster-mapped[5.4.140~1-1ab3d]:DecodeUtteranceLatticeFaster():decoder-wrappers.cc:286) Log-like per frame for utterance mtpf0_sx335 is 3.70766 over 767 frames.
mtpf0_sx425 sil uw v iy z n eh v er hh ae dh n ah f ih l n s sil 
LOG (latgen-faster-mapped[5.4.140~1-1ab3d]:DecodeUtteranceLatticeFaster():decoder-wrappers.cc:286) Log-like per frame for utterance mtpf0_sx425 is 3.61616 over 331 frames.
mtpf0_sx65 sil ch ae l n jh iy ch cl jh eh n el z n cl t eh l vcl jh en s sil 
LOG (latgen-faster-mapped[5.4.140~1-1ab3d]:DecodeUtteranceLatticeFaster():decoder-wrappers.cc:286) Log-like per frame for utterance mtpf0_sx65 is 3.62128 over 382 frames.
mtpg0_si1383 sil aw m ah cl ch ix n hh aw m iy cl p aa f ax cl s cl k ax m vcl jh ao r dx ih cl t ey cl k ae l ah l ao s z ax f uw sil 
LOG (latgen-faster-mapped[5.4.140~1-1ab3d]:RebuildRepository():determinize-lattice-pruned.cc:283) Rebuilding repository.
LOG (latgen-faster-mapped[5.4.140~1-1ab3d]:RebuildRepository():determinize-lattice-pruned.cc:283) Rebuilding repository.
LOG (latgen-faster-mapped[5.4.140~1-1ab3d]:RebuildRepository():determinize-lattice-pruned.cc:283) Rebuilding repository.
WARNING (latgen-faster-mapped[5.4.140~1-1ab3d]:CheckMemoryUsage():determinize-lattice-pruned.cc:316) Did not reach requested beam in determinize-lattice: size exceeds maximum 20000000 bytes; (repo,arcs,elems) = (12899392,325152,6810240), after rebuilding, repo size was 8991296, effective beam was 9.53917 vs. requested beam 10
WARNING (latgen-faster-mapped[5.4.140~1-1ab3d]:DecodeUtteranceLatticeFaster():decoder-wrappers.cc:274) Determinization finished earlier than the beam for utterance mtpg0_si1383
LOG (latgen-faster-mapped[5.4.140~1-1ab3d]:DecodeUtteranceLatticeFaster():decoder-wrappers.cc:286) Log-like per frame for utterance mtpg0_si1383 is 3.60522 over 747 frames.
mtpg0_si2013 sil dh ao r ao ao r dx iy s f ao n cl t ix vcl b er cl t ix ng sil 
LOG (latgen-faster-mapped[5.4.140~1-1ab3d]:DecodeUtteranceLatticeFaster():decoder-wrappers.cc:286) Log-like per frame for utterance mtpg0_si2013 is 3.56908 over 394 frames.
mtpg0_si753 sil m ey cl k ih cl p ey s ax vcl b r aw n sh er vcl r eh m ah s cl t er dx ix n s cl p r eh dx l ay l uw ow v er sh cl k ao r vcl s er v ax s sil 
LOG (latgen-faster-mapped[5.4.140~1-1ab3d]:RebuildRepository():determinize-lattice-pruned.cc:283) Rebuilding repository.
LOG (latgen-faster-mapped[5.4.140~1-1ab3d]:DecodeUtteranceLatticeFaster():decoder-wrappers.cc:286) Log-like per frame for utterance mtpg0_si753 is 3.58641 over 781 frames.
mtpg0_sx123 sil ih sh cl g r dx ae v er z m ey f r m v aa cl g ih n ao r n jh uw z sil 
LOG (latgen-faster-mapped[5.4.140~1-1ab3d]:DecodeUtteranceLatticeFaster():decoder-wrappers.cc:286) Log-like per frame for utterance mtpg0_sx123 is 3.71414 over 514 frames.
mtpg0_sx213 sil dh ih n uw z l ey jh en s iy hh ay er dx ix vcl g r ey vcl d er el s cl sil 
LOG (latgen-faster-mapped[5.4.140~1-1ab3d]:DecodeUtteranceLatticeFaster():decoder-wrappers.cc:286) Log-like per frame for utterance mtpg0_sx213 is 3.57934 over 491 frames.
mtpg0_sx303 sil dh vcl b l uw vcl jh ey f uw ow v er dh iy hh ay vcl b ih l d ix ng sil 
LOG (latgen-faster-mapped[5.4.140~1-1ab3d]:DecodeUtteranceLatticeFaster():decoder-wrappers.cc:286) Log-like per frame for utterance mtpg0_sx303 is 3.71499 over 486 frames.
LOG (copy-feats[5.4.140~1-1ab3d]:main():copy-feats.cc:143) Copied 184 feature matrices.
mtpg0_sx33 sil k ow cl k ax n ah cl k iy m cl p ay m ey cl s ix n ay s vcl d ax z er cl sil 
LOG (latgen-faster-mapped[5.4.140~1-1ab3d]:DecodeUtteranceLatticeFaster():decoder-wrappers.cc:286) Log-like per frame for utterance mtpg0_sx33 is 3.64285 over 477 frames.
LOG (nnet-forward[5.4.140~1-1ab3d]:main():nnet-forward.cc:192) Done 184 files in 8.97155min, (fps 212.438)
mtpg0_sx393 sil sh y z z cl p ow th n iy m z ih n er cl ch ey n d vcl b w ix sil 
LOG (latgen-faster-mapped[5.4.140~1-1ab3d]:DecodeUtteranceLatticeFaster():decoder-wrappers.cc:286) Log-like per frame for utterance mtpg0_sx393 is 3.74175 over 493 frames.
LOG (latgen-faster-mapped[5.4.140~1-1ab3d]:main():latgen-faster-mapped.cc:164) Time taken 538.365s: real-time factor assuming 100 frames/sec is 0.470788
LOG (latgen-faster-mapped[5.4.140~1-1ab3d]:main():latgen-faster-mapped.cc:167) Done 184 utterances, failed for 0
LOG (latgen-faster-mapped[5.4.140~1-1ab3d]:main():latgen-faster-mapped.cc:169) Overall log-likelihood per frame is 3.68639 over 114354 frames.
# Accounting: time=539 threads=1
# Ended (code 0) at Fri Jun 22 18:41:09 CST 2018, elapsed time 539 seconds
