# gmm-acc-stats-ali exp/tri3/6.mdl "ark,s,cs:apply-cmvn  --utt2spk=ark:data/train/split20/6/utt2spk scp:data/train/split20/6/cmvn.scp scp:data/train/split20/6/feats.scp ark:- | splice-feats --left-context=3 --right-context=3 ark:- ark:- | transform-feats exp/tri2_ali/final.mat ark:- ark:- | transform-feats --utt2spk=ark:data/train/split20/6/utt2spk ark:exp/tri3/trans.6 ark:- ark:- |" "ark,s,cs:gunzip -c exp/tri3/ali.6.gz|" exp/tri3/6.6.acc 
# Started at Wed Jun 20 13:31:08 CST 2018
#
gmm-acc-stats-ali exp/tri3/6.mdl 'ark,s,cs:apply-cmvn  --utt2spk=ark:data/train/split20/6/utt2spk scp:data/train/split20/6/cmvn.scp scp:data/train/split20/6/feats.scp ark:- | splice-feats --left-context=3 --right-context=3 ark:- ark:- | transform-feats exp/tri2_ali/final.mat ark:- ark:- | transform-feats --utt2spk=ark:data/train/split20/6/utt2spk ark:exp/tri3/trans.6 ark:- ark:- |' 'ark,s,cs:gunzip -c exp/tri3/ali.6.gz|' exp/tri3/6.6.acc 
transform-feats exp/tri2_ali/final.mat ark:- ark:- 
splice-feats --left-context=3 --right-context=3 ark:- ark:- 
transform-feats --utt2spk=ark:data/train/split20/6/utt2spk ark:exp/tri3/trans.6 ark:- ark:- 
apply-cmvn --utt2spk=ark:data/train/split20/6/utt2spk scp:data/train/split20/6/cmvn.scp scp:data/train/split20/6/feats.scp ark:- 
LOG (gmm-acc-stats-ali[5.4.140~1-1ab3d]:main():gmm-acc-stats-ali.cc:105) Processed 50 utterances; for utterance fsma0_si2251 avg. like is -51.0254 over 641 frames.
LOG (gmm-acc-stats-ali[5.4.140~1-1ab3d]:main():gmm-acc-stats-ali.cc:105) Processed 100 utterances; for utterance ftaj0_sx159 avg. like is -50.6762 over 506 frames.
LOG (gmm-acc-stats-ali[5.4.140~1-1ab3d]:main():gmm-acc-stats-ali.cc:105) Processed 150 utterances; for utterance fvkb0_sx349 avg. like is -53.1413 over 967 frames.
LOG (apply-cmvn[5.4.140~1-1ab3d]:main():apply-cmvn.cc:162) Applied cepstral mean normalization to 184 utterances, errors on 0
LOG (transform-feats[5.4.140~1-1ab3d]:main():transform-feats.cc:158) Overall average [pseudo-]logdet is -74.7006 over 109866 frames.
LOG (transform-feats[5.4.140~1-1ab3d]:main():transform-feats.cc:161) Applied transform to 184 utterances; 0 had errors.
LOG (transform-feats[5.4.140~1-1ab3d]:main():transform-feats.cc:158) Overall average logdet is 2.62372 over 109866 frames.
LOG (transform-feats[5.4.140~1-1ab3d]:main():transform-feats.cc:161) Applied transform to 184 utterances; 0 had errors.
LOG (gmm-acc-stats-ali[5.4.140~1-1ab3d]:main():gmm-acc-stats-ali.cc:112) Done 184 files, 0 with errors.
LOG (gmm-acc-stats-ali[5.4.140~1-1ab3d]:main():gmm-acc-stats-ali.cc:115) Overall avg like per frame (Gaussian only) = -51.403 over 109866 frames.
LOG (gmm-acc-stats-ali[5.4.140~1-1ab3d]:main():gmm-acc-stats-ali.cc:123) Written accs.
# Accounting: time=2 threads=1
# Ended (code 0) at Wed Jun 20 13:31:10 CST 2018, elapsed time 2 seconds
