# gmm-acc-stats-ali exp/tri3/1.mdl "ark,s,cs:apply-cmvn  --utt2spk=ark:data/train/split20/15/utt2spk scp:data/train/split20/15/cmvn.scp scp:data/train/split20/15/feats.scp ark:- | splice-feats --left-context=3 --right-context=3 ark:- ark:- | transform-feats exp/tri2_ali/final.mat ark:- ark:- | transform-feats --utt2spk=ark:data/train/split20/15/utt2spk ark,s,cs:exp/tri3/trans.15 ark:- ark:- |" "ark,s,cs:gunzip -c exp/tri3/ali.15.gz|" exp/tri3/1.15.acc 
# Started at Tue Jun 19 23:24:29 CST 2018
#
gmm-acc-stats-ali exp/tri3/1.mdl 'ark,s,cs:apply-cmvn  --utt2spk=ark:data/train/split20/15/utt2spk scp:data/train/split20/15/cmvn.scp scp:data/train/split20/15/feats.scp ark:- | splice-feats --left-context=3 --right-context=3 ark:- ark:- | transform-feats exp/tri2_ali/final.mat ark:- ark:- | transform-feats --utt2spk=ark:data/train/split20/15/utt2spk ark,s,cs:exp/tri3/trans.15 ark:- ark:- |' 'ark,s,cs:gunzip -c exp/tri3/ali.15.gz|' exp/tri3/1.15.acc 
apply-cmvn --utt2spk=ark:data/train/split20/15/utt2spk scp:data/train/split20/15/cmvn.scp scp:data/train/split20/15/feats.scp ark:- 
transform-feats --utt2spk=ark:data/train/split20/15/utt2spk ark,s,cs:exp/tri3/trans.15 ark:- ark:- 
transform-feats exp/tri2_ali/final.mat ark:- ark:- 
splice-feats --left-context=3 --right-context=3 ark:- ark:- 
LOG (gmm-acc-stats-ali[5.4.140~1-1ab3d]:main():gmm-acc-stats-ali.cc:105) Processed 50 utterances; for utterance mmrp0_si717 avg. like is -50.2395 over 493 frames.
LOG (gmm-acc-stats-ali[5.4.140~1-1ab3d]:main():gmm-acc-stats-ali.cc:105) Processed 100 utterances; for utterance mmxs0_sx156 avg. like is -54.6299 over 559 frames.
LOG (gmm-acc-stats-ali[5.4.140~1-1ab3d]:main():gmm-acc-stats-ali.cc:105) Processed 150 utterances; for utterance mpgh0_sx24 avg. like is -47.479 over 380 frames.
LOG (apply-cmvn[5.4.140~1-1ab3d]:main():apply-cmvn.cc:162) Applied cepstral mean normalization to 184 utterances, errors on 0
LOG (transform-feats[5.4.140~1-1ab3d]:main():transform-feats.cc:158) Overall average [pseudo-]logdet is -74.7006 over 111460 frames.
LOG (transform-feats[5.4.140~1-1ab3d]:main():transform-feats.cc:161) Applied transform to 184 utterances; 0 had errors.
LOG (transform-feats[5.4.140~1-1ab3d]:main():transform-feats.cc:158) Overall average logdet is 1.87657 over 111460 frames.
LOG (transform-feats[5.4.140~1-1ab3d]:main():transform-feats.cc:161) Applied transform to 184 utterances; 0 had errors.
LOG (gmm-acc-stats-ali[5.4.140~1-1ab3d]:main():gmm-acc-stats-ali.cc:112) Done 184 files, 0 with errors.
LOG (gmm-acc-stats-ali[5.4.140~1-1ab3d]:main():gmm-acc-stats-ali.cc:115) Overall avg like per frame (Gaussian only) = -52.9147 over 111460 frames.
LOG (gmm-acc-stats-ali[5.4.140~1-1ab3d]:main():gmm-acc-stats-ali.cc:123) Written accs.
# Accounting: time=1 threads=1
# Ended (code 0) at Tue Jun 19 23:24:30 CST 2018, elapsed time 1 seconds
