# gmm-acc-stats-ali exp/tri3/33.mdl "ark,s,cs:apply-cmvn  --utt2spk=ark:data/train/split20/4/utt2spk scp:data/train/split20/4/cmvn.scp scp:data/train/split20/4/feats.scp ark:- | splice-feats --left-context=3 --right-context=3 ark:- ark:- | transform-feats exp/tri2_ali/final.mat ark:- ark:- | transform-feats --utt2spk=ark:data/train/split20/4/utt2spk ark:exp/tri3/trans.4 ark:- ark:- |" "ark,s,cs:gunzip -c exp/tri3/ali.4.gz|" exp/tri3/33.4.acc 
# Started at Wed Jun 20 18:05:17 CST 2018
#
gmm-acc-stats-ali exp/tri3/33.mdl 'ark,s,cs:apply-cmvn  --utt2spk=ark:data/train/split20/4/utt2spk scp:data/train/split20/4/cmvn.scp scp:data/train/split20/4/feats.scp ark:- | splice-feats --left-context=3 --right-context=3 ark:- ark:- | transform-feats exp/tri2_ali/final.mat ark:- ark:- | transform-feats --utt2spk=ark:data/train/split20/4/utt2spk ark:exp/tri3/trans.4 ark:- ark:- |' 'ark,s,cs:gunzip -c exp/tri3/ali.4.gz|' exp/tri3/33.4.acc 
transform-feats exp/tri2_ali/final.mat ark:- ark:- 
splice-feats --left-context=3 --right-context=3 ark:- ark:- 
transform-feats --utt2spk=ark:data/train/split20/4/utt2spk ark:exp/tri3/trans.4 ark:- ark:- 
apply-cmvn --utt2spk=ark:data/train/split20/4/utt2spk scp:data/train/split20/4/cmvn.scp scp:data/train/split20/4/feats.scp ark:- 
LOG (gmm-acc-stats-ali[5.4.140~1-1ab3d]:main():gmm-acc-stats-ali.cc:105) Processed 50 utterances; for utterance fljg0_si2241 avg. like is -48.4754 over 436 frames.
LOG (gmm-acc-stats-ali[5.4.140~1-1ab3d]:main():gmm-acc-stats-ali.cc:105) Processed 100 utterances; for utterance fltm0_sx170 avg. like is -46.4053 over 879 frames.
LOG (gmm-acc-stats-ali[5.4.140~1-1ab3d]:main():gmm-acc-stats-ali.cc:105) Processed 150 utterances; for utterance fmju0_sx309 avg. like is -46.5594 over 670 frames.
LOG (apply-cmvn[5.4.140~1-1ab3d]:main():apply-cmvn.cc:162) Applied cepstral mean normalization to 184 utterances, errors on 0
LOG (transform-feats[5.4.140~1-1ab3d]:main():transform-feats.cc:158) Overall average [pseudo-]logdet is -74.7006 over 114836 frames.
LOG (transform-feats[5.4.140~1-1ab3d]:main():transform-feats.cc:161) Applied transform to 184 utterances; 0 had errors.
LOG (transform-feats[5.4.140~1-1ab3d]:main():transform-feats.cc:158) Overall average logdet is 1.91247 over 114836 frames.
LOG (transform-feats[5.4.140~1-1ab3d]:main():transform-feats.cc:161) Applied transform to 184 utterances; 0 had errors.
LOG (gmm-acc-stats-ali[5.4.140~1-1ab3d]:main():gmm-acc-stats-ali.cc:112) Done 184 files, 0 with errors.
LOG (gmm-acc-stats-ali[5.4.140~1-1ab3d]:main():gmm-acc-stats-ali.cc:115) Overall avg like per frame (Gaussian only) = -47.1772 over 114836 frames.
LOG (gmm-acc-stats-ali[5.4.140~1-1ab3d]:main():gmm-acc-stats-ali.cc:123) Written accs.
# Accounting: time=2 threads=1
# Ended (code 0) at Wed Jun 20 18:05:19 CST 2018, elapsed time 2 seconds
