# gmm-acc-stats-ali exp/tri3/13.mdl "ark,s,cs:apply-cmvn  --utt2spk=ark:data/train/split20/7/utt2spk scp:data/train/split20/7/cmvn.scp scp:data/train/split20/7/feats.scp ark:- | splice-feats --left-context=3 --right-context=3 ark:- ark:- | transform-feats exp/tri2_ali/final.mat ark:- ark:- | transform-feats --utt2spk=ark:data/train/split20/7/utt2spk ark:exp/tri3/trans.7 ark:- ark:- |" "ark,s,cs:gunzip -c exp/tri3/ali.7.gz|" exp/tri3/13.7.acc 
# Started at Wed Jun 20 18:03:37 CST 2018
#
gmm-acc-stats-ali exp/tri3/13.mdl 'ark,s,cs:apply-cmvn  --utt2spk=ark:data/train/split20/7/utt2spk scp:data/train/split20/7/cmvn.scp scp:data/train/split20/7/feats.scp ark:- | splice-feats --left-context=3 --right-context=3 ark:- ark:- | transform-feats exp/tri2_ali/final.mat ark:- ark:- | transform-feats --utt2spk=ark:data/train/split20/7/utt2spk ark:exp/tri3/trans.7 ark:- ark:- |' 'ark,s,cs:gunzip -c exp/tri3/ali.7.gz|' exp/tri3/13.7.acc 
splice-feats --left-context=3 --right-context=3 ark:- ark:- 
apply-cmvn --utt2spk=ark:data/train/split20/7/utt2spk scp:data/train/split20/7/cmvn.scp scp:data/train/split20/7/feats.scp ark:- 
transform-feats --utt2spk=ark:data/train/split20/7/utt2spk ark:exp/tri3/trans.7 ark:- ark:- 
transform-feats exp/tri2_ali/final.mat ark:- ark:- 
LOG (gmm-acc-stats-ali[5.4.140~1-1ab3d]:main():gmm-acc-stats-ali.cc:105) Processed 50 utterances; for utterance mapv0_si1923 avg. like is -51.8454 over 543 frames.
LOG (gmm-acc-stats-ali[5.4.140~1-1ab3d]:main():gmm-acc-stats-ali.cc:105) Processed 100 utterances; for utterance mbef0_sx111 avg. like is -52.0426 over 418 frames.
LOG (gmm-acc-stats-ali[5.4.140~1-1ab3d]:main():gmm-acc-stats-ali.cc:105) Processed 150 utterances; for utterance mbom0_sx294 avg. like is -50.4252 over 536 frames.
LOG (apply-cmvn[5.4.140~1-1ab3d]:main():apply-cmvn.cc:162) Applied cepstral mean normalization to 184 utterances, errors on 0
LOG (transform-feats[5.4.140~1-1ab3d]:main():transform-feats.cc:158) Overall average [pseudo-]logdet is -74.7006 over 107478 frames.
LOG (transform-feats[5.4.140~1-1ab3d]:main():transform-feats.cc:161) Applied transform to 184 utterances; 0 had errors.
LOG (transform-feats[5.4.140~1-1ab3d]:main():transform-feats.cc:158) Overall average logdet is 3.99082 over 107478 frames.
LOG (transform-feats[5.4.140~1-1ab3d]:main():transform-feats.cc:161) Applied transform to 184 utterances; 0 had errors.
LOG (gmm-acc-stats-ali[5.4.140~1-1ab3d]:main():gmm-acc-stats-ali.cc:112) Done 184 files, 0 with errors.
LOG (gmm-acc-stats-ali[5.4.140~1-1ab3d]:main():gmm-acc-stats-ali.cc:115) Overall avg like per frame (Gaussian only) = -49.2544 over 107478 frames.
LOG (gmm-acc-stats-ali[5.4.140~1-1ab3d]:main():gmm-acc-stats-ali.cc:123) Written accs.
# Accounting: time=1 threads=1
# Ended (code 0) at Wed Jun 20 18:03:38 CST 2018, elapsed time 1 seconds
