# gmm-acc-stats-ali exp/tri3/24.mdl "ark,s,cs:apply-cmvn  --utt2spk=ark:data/train/split20/9/utt2spk scp:data/train/split20/9/cmvn.scp scp:data/train/split20/9/feats.scp ark:- | splice-feats --left-context=3 --right-context=3 ark:- ark:- | transform-feats exp/tri2_ali/final.mat ark:- ark:- | transform-feats --utt2spk=ark:data/train/split20/9/utt2spk ark:exp/tri3/trans.9 ark:- ark:- |" "ark,s,cs:gunzip -c exp/tri3/ali.9.gz|" exp/tri3/24.9.acc 
# Started at Wed Jun 20 18:04:23 CST 2018
#
gmm-acc-stats-ali exp/tri3/24.mdl 'ark,s,cs:apply-cmvn  --utt2spk=ark:data/train/split20/9/utt2spk scp:data/train/split20/9/cmvn.scp scp:data/train/split20/9/feats.scp ark:- | splice-feats --left-context=3 --right-context=3 ark:- ark:- | transform-feats exp/tri2_ali/final.mat ark:- ark:- | transform-feats --utt2spk=ark:data/train/split20/9/utt2spk ark:exp/tri3/trans.9 ark:- ark:- |' 'ark,s,cs:gunzip -c exp/tri3/ali.9.gz|' exp/tri3/24.9.acc 
transform-feats --utt2spk=ark:data/train/split20/9/utt2spk ark:exp/tri3/trans.9 ark:- ark:- 
transform-feats exp/tri2_ali/final.mat ark:- ark:- 
splice-feats --left-context=3 --right-context=3 ark:- ark:- 
apply-cmvn --utt2spk=ark:data/train/split20/9/utt2spk scp:data/train/split20/9/cmvn.scp scp:data/train/split20/9/feats.scp ark:- 
LOG (gmm-acc-stats-ali[5.4.140~1-1ab3d]:main():gmm-acc-stats-ali.cc:105) Processed 50 utterances; for utterance mdlb0_si1936 avg. like is -43.7574 over 584 frames.
LOG (gmm-acc-stats-ali[5.4.140~1-1ab3d]:main():gmm-acc-stats-ali.cc:105) Processed 100 utterances; for utterance mdlr0_sx153 avg. like is -50.2893 over 694 frames.
LOG (gmm-acc-stats-ali[5.4.140~1-1ab3d]:main():gmm-acc-stats-ali.cc:105) Processed 150 utterances; for utterance mdpk0_sx333 avg. like is -45.5375 over 692 frames.
LOG (apply-cmvn[5.4.140~1-1ab3d]:main():apply-cmvn.cc:162) Applied cepstral mean normalization to 184 utterances, errors on 0
LOG (transform-feats[5.4.140~1-1ab3d]:main():transform-feats.cc:158) Overall average [pseudo-]logdet is -74.7006 over 111125 frames.
LOG (transform-feats[5.4.140~1-1ab3d]:main():transform-feats.cc:161) Applied transform to 184 utterances; 0 had errors.
LOG (transform-feats[5.4.140~1-1ab3d]:main():transform-feats.cc:158) Overall average logdet is 3.15561 over 111125 frames.
LOG (transform-feats[5.4.140~1-1ab3d]:main():transform-feats.cc:161) Applied transform to 184 utterances; 0 had errors.
LOG (gmm-acc-stats-ali[5.4.140~1-1ab3d]:main():gmm-acc-stats-ali.cc:112) Done 184 files, 0 with errors.
LOG (gmm-acc-stats-ali[5.4.140~1-1ab3d]:main():gmm-acc-stats-ali.cc:115) Overall avg like per frame (Gaussian only) = -48.0711 over 111125 frames.
LOG (gmm-acc-stats-ali[5.4.140~1-1ab3d]:main():gmm-acc-stats-ali.cc:123) Written accs.
# Accounting: time=2 threads=1
# Ended (code 0) at Wed Jun 20 18:04:25 CST 2018, elapsed time 2 seconds
