# ali-to-post "ark:gunzip -c exp/tri3/ali.7.gz|" ark:- | gmm-acc-stats-twofeats exp/tri3/35.mdl "ark,s,cs:apply-cmvn  --utt2spk=ark:data/train/split20/7/utt2spk scp:data/train/split20/7/cmvn.scp scp:data/train/split20/7/feats.scp ark:- | splice-feats --left-context=3 --right-context=3 ark:- ark:- | transform-feats exp/tri2_ali/final.mat ark:- ark:- | transform-feats --utt2spk=ark:data/train/split20/7/utt2spk ark:exp/tri3/trans.7 ark:- ark:- |" "ark,s,cs:apply-cmvn  --utt2spk=ark:data/train/split20/7/utt2spk scp:data/train/split20/7/cmvn.scp scp:data/train/split20/7/feats.scp ark:- | splice-feats --left-context=3 --right-context=3 ark:- ark:- | transform-feats exp/tri2_ali/final.mat ark:- ark:- |" ark,s,cs:- exp/tri3/35.7.acc 
# Started at Wed Jun 20 18:05:26 CST 2018
#
gmm-acc-stats-twofeats exp/tri3/35.mdl 'ark,s,cs:apply-cmvn  --utt2spk=ark:data/train/split20/7/utt2spk scp:data/train/split20/7/cmvn.scp scp:data/train/split20/7/feats.scp ark:- | splice-feats --left-context=3 --right-context=3 ark:- ark:- | transform-feats exp/tri2_ali/final.mat ark:- ark:- | transform-feats --utt2spk=ark:data/train/split20/7/utt2spk ark:exp/tri3/trans.7 ark:- ark:- |' 'ark,s,cs:apply-cmvn  --utt2spk=ark:data/train/split20/7/utt2spk scp:data/train/split20/7/cmvn.scp scp:data/train/split20/7/feats.scp ark:- | splice-feats --left-context=3 --right-context=3 ark:- ark:- | transform-feats exp/tri2_ali/final.mat ark:- ark:- |' ark,s,cs:- exp/tri3/35.7.acc 
ali-to-post 'ark:gunzip -c exp/tri3/ali.7.gz|' ark:- 
splice-feats --left-context=3 --right-context=3 ark:- ark:- 
transform-feats --utt2spk=ark:data/train/split20/7/utt2spk ark:exp/tri3/trans.7 ark:- ark:- 
transform-feats exp/tri2_ali/final.mat ark:- ark:- 
apply-cmvn --utt2spk=ark:data/train/split20/7/utt2spk scp:data/train/split20/7/cmvn.scp scp:data/train/split20/7/feats.scp ark:- 
splice-feats --left-context=3 --right-context=3 ark:- ark:- 
apply-cmvn --utt2spk=ark:data/train/split20/7/utt2spk scp:data/train/split20/7/cmvn.scp scp:data/train/split20/7/feats.scp ark:- 
transform-feats exp/tri2_ali/final.mat ark:- ark:- 
LOG (gmm-acc-stats-twofeats[5.4.140~1-1ab3d]:main():gmm-acc-stats-twofeats.cc:140) Average like for this file is -45.1391 over 815 frames.
LOG (gmm-acc-stats-twofeats[5.4.140~1-1ab3d]:main():gmm-acc-stats-twofeats.cc:140) Average like for this file is -49.8075 over 505 frames.
LOG (gmm-acc-stats-twofeats[5.4.140~1-1ab3d]:main():gmm-acc-stats-twofeats.cc:140) Average like for this file is -48.7795 over 652 frames.
LOG (gmm-acc-stats-twofeats[5.4.140~1-1ab3d]:main():gmm-acc-stats-twofeats.cc:140) Average like for this file is -49.4213 over 548 frames.
LOG (gmm-acc-stats-twofeats[5.4.140~1-1ab3d]:main():gmm-acc-stats-twofeats.cc:140) Average like for this file is -51.0765 over 508 frames.
LOG (gmm-acc-stats-twofeats[5.4.140~1-1ab3d]:main():gmm-acc-stats-twofeats.cc:140) Average like for this file is -47.0756 over 575 frames.
LOG (gmm-acc-stats-twofeats[5.4.140~1-1ab3d]:main():gmm-acc-stats-twofeats.cc:140) Average like for this file is -47.804 over 616 frames.
LOG (gmm-acc-stats-twofeats[5.4.140~1-1ab3d]:main():gmm-acc-stats-twofeats.cc:140) Average like for this file is -49.8025 over 385 frames.
LOG (gmm-acc-stats-twofeats[5.4.140~1-1ab3d]:main():gmm-acc-stats-twofeats.cc:140) Average like for this file is -45.0433 over 828 frames.
LOG (gmm-acc-stats-twofeats[5.4.140~1-1ab3d]:main():gmm-acc-stats-twofeats.cc:140) Average like for this file is -49.2686 over 548 frames.
LOG (gmm-acc-stats-twofeats[5.4.140~1-1ab3d]:main():gmm-acc-stats-twofeats.cc:146) Avg like per frame so far is -47.9532
LOG (gmm-acc-stats-twofeats[5.4.140~1-1ab3d]:main():gmm-acc-stats-twofeats.cc:140) Average like for this file is -50.546 over 486 frames.
LOG (gmm-acc-stats-twofeats[5.4.140~1-1ab3d]:main():gmm-acc-stats-twofeats.cc:140) Average like for this file is -48.2589 over 540 frames.
LOG (gmm-acc-stats-twofeats[5.4.140~1-1ab3d]:main():gmm-acc-stats-twofeats.cc:140) Average like for this file is -47.6855 over 401 frames.
LOG (gmm-acc-stats-twofeats[5.4.140~1-1ab3d]:main():gmm-acc-stats-twofeats.cc:140) Average like for this file is -47.5391 over 755 frames.
LOG (gmm-acc-stats-twofeats[5.4.140~1-1ab3d]:main():gmm-acc-stats-twofeats.cc:140) Average like for this file is -47.6903 over 714 frames.
LOG (gmm-acc-stats-twofeats[5.4.140~1-1ab3d]:main():gmm-acc-stats-twofeats.cc:140) Average like for this file is -46.0413 over 441 frames.
LOG (gmm-acc-stats-twofeats[5.4.140~1-1ab3d]:main():gmm-acc-stats-twofeats.cc:140) Average like for this file is -45.3855 over 296 frames.
LOG (gmm-acc-stats-twofeats[5.4.140~1-1ab3d]:main():gmm-acc-stats-twofeats.cc:140) Average like for this file is -46.0126 over 217 frames.
LOG (gmm-acc-stats-twofeats[5.4.140~1-1ab3d]:main():gmm-acc-stats-twofeats.cc:140) Average like for this file is -47.7139 over 785 frames.
LOG (gmm-acc-stats-twofeats[5.4.140~1-1ab3d]:main():gmm-acc-stats-twofeats.cc:140) Average like for this file is -42.8014 over 551 frames.
LOG (gmm-acc-stats-twofeats[5.4.140~1-1ab3d]:main():gmm-acc-stats-twofeats.cc:146) Avg like per frame so far is -47.5741
LOG (gmm-acc-stats-twofeats[5.4.140~1-1ab3d]:main():gmm-acc-stats-twofeats.cc:140) Average like for this file is -48.2979 over 568 frames.
LOG (gmm-acc-stats-twofeats[5.4.140~1-1ab3d]:main():gmm-acc-stats-twofeats.cc:140) Average like for this file is -45.4809 over 600 frames.
LOG (gmm-acc-stats-twofeats[5.4.140~1-1ab3d]:main():gmm-acc-stats-twofeats.cc:140) Average like for this file is -49.5889 over 473 frames.
LOG (gmm-acc-stats-twofeats[5.4.140~1-1ab3d]:main():gmm-acc-stats-twofeats.cc:140) Average like for this file is -46.591 over 445 frames.
LOG (gmm-acc-stats-twofeats[5.4.140~1-1ab3d]:main():gmm-acc-stats-twofeats.cc:140) Average like for this file is -48.5522 over 459 frames.
LOG (gmm-acc-stats-twofeats[5.4.140~1-1ab3d]:main():gmm-acc-stats-twofeats.cc:140) Average like for this file is -51.3151 over 866 frames.
LOG (gmm-acc-stats-twofeats[5.4.140~1-1ab3d]:main():gmm-acc-stats-twofeats.cc:140) Average like for this file is -50.1402 over 643 frames.
LOG (gmm-acc-stats-twofeats[5.4.140~1-1ab3d]:main():gmm-acc-stats-twofeats.cc:140) Average like for this file is -51.8 over 851 frames.
LOG (gmm-acc-stats-twofeats[5.4.140~1-1ab3d]:main():gmm-acc-stats-twofeats.cc:140) Average like for this file is -51.9134 over 650 frames.
LOG (gmm-acc-stats-twofeats[5.4.140~1-1ab3d]:main():gmm-acc-stats-twofeats.cc:140) Average like for this file is -50.43 over 601 frames.
LOG (gmm-acc-stats-twofeats[5.4.140~1-1ab3d]:main():gmm-acc-stats-twofeats.cc:146) Avg like per frame so far is -48.3328
LOG (gmm-acc-stats-twofeats[5.4.140~1-1ab3d]:main():gmm-acc-stats-twofeats.cc:140) Average like for this file is -50.1507 over 639 frames.
LOG (gmm-acc-stats-twofeats[5.4.140~1-1ab3d]:main():gmm-acc-stats-twofeats.cc:140) Average like for this file is -51.5065 over 739 frames.
LOG (gmm-acc-stats-twofeats[5.4.140~1-1ab3d]:main():gmm-acc-stats-twofeats.cc:140) Average like for this file is -47.6805 over 1206 frames.
LOG (gmm-acc-stats-twofeats[5.4.140~1-1ab3d]:main():gmm-acc-stats-twofeats.cc:140) Average like for this file is -45.5822 over 606 frames.
LOG (gmm-acc-stats-twofeats[5.4.140~1-1ab3d]:main():gmm-acc-stats-twofeats.cc:140) Average like for this file is -45.3795 over 1021 frames.
LOG (gmm-acc-stats-twofeats[5.4.140~1-1ab3d]:main():gmm-acc-stats-twofeats.cc:140) Average like for this file is -47.1692 over 816 frames.
LOG (gmm-acc-stats-twofeats[5.4.140~1-1ab3d]:main():gmm-acc-stats-twofeats.cc:140) Average like for this file is -47.351 over 563 frames.
LOG (gmm-acc-stats-twofeats[5.4.140~1-1ab3d]:main():gmm-acc-stats-twofeats.cc:140) Average like for this file is -43.0143 over 497 frames.
LOG (gmm-acc-stats-twofeats[5.4.140~1-1ab3d]:main():gmm-acc-stats-twofeats.cc:140) Average like for this file is -51.052 over 520 frames.
LOG (gmm-acc-stats-twofeats[5.4.140~1-1ab3d]:main():gmm-acc-stats-twofeats.cc:140) Average like for this file is -49.0728 over 490 frames.
LOG (gmm-acc-stats-twofeats[5.4.140~1-1ab3d]:main():gmm-acc-stats-twofeats.cc:146) Avg like per frame so far is -48.1554
LOG (gmm-acc-stats-twofeats[5.4.140~1-1ab3d]:main():gmm-acc-stats-twofeats.cc:140) Average like for this file is -49.6885 over 427 frames.
LOG (gmm-acc-stats-twofeats[5.4.140~1-1ab3d]:main():gmm-acc-stats-twofeats.cc:140) Average like for this file is -49.9617 over 592 frames.
LOG (gmm-acc-stats-twofeats[5.4.140~1-1ab3d]:main():gmm-acc-stats-twofeats.cc:140) Average like for this file is -48.4928 over 406 frames.
LOG (gmm-acc-stats-twofeats[5.4.140~1-1ab3d]:main():gmm-acc-stats-twofeats.cc:140) Average like for this file is -48.2877 over 348 frames.
LOG (gmm-acc-stats-twofeats[5.4.140~1-1ab3d]:main():gmm-acc-stats-twofeats.cc:140) Average like for this file is -49.5422 over 323 frames.
LOG (gmm-acc-stats-twofeats[5.4.140~1-1ab3d]:main():gmm-acc-stats-twofeats.cc:140) Average like for this file is -47.4671 over 543 frames.
LOG (gmm-acc-stats-twofeats[5.4.140~1-1ab3d]:main():gmm-acc-stats-twofeats.cc:140) Average like for this file is -50.3468 over 524 frames.
LOG (gmm-acc-stats-twofeats[5.4.140~1-1ab3d]:main():gmm-acc-stats-twofeats.cc:140) Average like for this file is -52.2639 over 422 frames.
LOG (gmm-acc-stats-twofeats[5.4.140~1-1ab3d]:main():gmm-acc-stats-twofeats.cc:140) Average like for this file is -47.5275 over 970 frames.
LOG (gmm-acc-stats-twofeats[5.4.140~1-1ab3d]:main():gmm-acc-stats-twofeats.cc:140) Average like for this file is -50.4658 over 543 frames.
LOG (gmm-acc-stats-twofeats[5.4.140~1-1ab3d]:main():gmm-acc-stats-twofeats.cc:146) Avg like per frame so far is -48.3421
LOG (gmm-acc-stats-twofeats[5.4.140~1-1ab3d]:main():gmm-acc-stats-twofeats.cc:140) Average like for this file is -48.7831 over 897 frames.
LOG (gmm-acc-stats-twofeats[5.4.140~1-1ab3d]:main():gmm-acc-stats-twofeats.cc:140) Average like for this file is -47.4857 over 739 frames.
LOG (gmm-acc-stats-twofeats[5.4.140~1-1ab3d]:main():gmm-acc-stats-twofeats.cc:140) Average like for this file is -47.2889 over 612 frames.
LOG (gmm-acc-stats-twofeats[5.4.140~1-1ab3d]:main():gmm-acc-stats-twofeats.cc:140) Average like for this file is -45.057 over 473 frames.
LOG (gmm-acc-stats-twofeats[5.4.140~1-1ab3d]:main():gmm-acc-stats-twofeats.cc:140) Average like for this file is -48.2535 over 482 frames.
LOG (gmm-acc-stats-twofeats[5.4.140~1-1ab3d]:main():gmm-acc-stats-twofeats.cc:140) Average like for this file is -46.0095 over 524 frames.
LOG (gmm-acc-stats-twofeats[5.4.140~1-1ab3d]:main():gmm-acc-stats-twofeats.cc:140) Average like for this file is -43.8902 over 282 frames.
LOG (gmm-acc-stats-twofeats[5.4.140~1-1ab3d]:main():gmm-acc-stats-twofeats.cc:140) Average like for this file is -47.5543 over 433 frames.
LOG (gmm-acc-stats-twofeats[5.4.140~1-1ab3d]:main():gmm-acc-stats-twofeats.cc:140) Average like for this file is -48.9759 over 679 frames.
LOG (gmm-acc-stats-twofeats[5.4.140~1-1ab3d]:main():gmm-acc-stats-twofeats.cc:140) Average like for this file is -50.2015 over 459 frames.
LOG (gmm-acc-stats-twofeats[5.4.140~1-1ab3d]:main():gmm-acc-stats-twofeats.cc:146) Avg like per frame so far is -48.2277
LOG (gmm-acc-stats-twofeats[5.4.140~1-1ab3d]:main():gmm-acc-stats-twofeats.cc:140) Average like for this file is -45.2482 over 463 frames.
LOG (gmm-acc-stats-twofeats[5.4.140~1-1ab3d]:main():gmm-acc-stats-twofeats.cc:140) Average like for this file is -44.3414 over 431 frames.
LOG (gmm-acc-stats-twofeats[5.4.140~1-1ab3d]:main():gmm-acc-stats-twofeats.cc:140) Average like for this file is -45.4337 over 570 frames.
LOG (gmm-acc-stats-twofeats[5.4.140~1-1ab3d]:main():gmm-acc-stats-twofeats.cc:140) Average like for this file is -47.0471 over 519 frames.
LOG (gmm-acc-stats-twofeats[5.4.140~1-1ab3d]:main():gmm-acc-stats-twofeats.cc:140) Average like for this file is -45.2331 over 574 frames.
LOG (gmm-acc-stats-twofeats[5.4.140~1-1ab3d]:main():gmm-acc-stats-twofeats.cc:140) Average like for this file is -47.3187 over 418 frames.
LOG (gmm-acc-stats-twofeats[5.4.140~1-1ab3d]:main():gmm-acc-stats-twofeats.cc:140) Average like for this file is -45.6379 over 478 frames.
LOG (gmm-acc-stats-twofeats[5.4.140~1-1ab3d]:main():gmm-acc-stats-twofeats.cc:140) Average like for this file is -48.1714 over 583 frames.
LOG (gmm-acc-stats-twofeats[5.4.140~1-1ab3d]:main():gmm-acc-stats-twofeats.cc:140) Average like for this file is -39.0485 over 529 frames.
LOG (gmm-acc-stats-twofeats[5.4.140~1-1ab3d]:main():gmm-acc-stats-twofeats.cc:140) Average like for this file is -48.9935 over 866 frames.
LOG (gmm-acc-stats-twofeats[5.4.140~1-1ab3d]:main():gmm-acc-stats-twofeats.cc:146) Avg like per frame so far is -47.9113
LOG (gmm-acc-stats-twofeats[5.4.140~1-1ab3d]:main():gmm-acc-stats-twofeats.cc:140) Average like for this file is -49.1841 over 1022 frames.
LOG (gmm-acc-stats-twofeats[5.4.140~1-1ab3d]:main():gmm-acc-stats-twofeats.cc:140) Average like for this file is -43.8842 over 583 frames.
LOG (gmm-acc-stats-twofeats[5.4.140~1-1ab3d]:main():gmm-acc-stats-twofeats.cc:140) Average like for this file is -46.8464 over 766 frames.
LOG (gmm-acc-stats-twofeats[5.4.140~1-1ab3d]:main():gmm-acc-stats-twofeats.cc:140) Average like for this file is -50.4423 over 236 frames.
LOG (gmm-acc-stats-twofeats[5.4.140~1-1ab3d]:main():gmm-acc-stats-twofeats.cc:140) Average like for this file is -44.8331 over 712 frames.
LOG (gmm-acc-stats-twofeats[5.4.140~1-1ab3d]:main():gmm-acc-stats-twofeats.cc:140) Average like for this file is -49.3638 over 740 frames.
LOG (gmm-acc-stats-twofeats[5.4.140~1-1ab3d]:main():gmm-acc-stats-twofeats.cc:140) Average like for this file is -48.2684 over 600 frames.
LOG (gmm-acc-stats-twofeats[5.4.140~1-1ab3d]:main():gmm-acc-stats-twofeats.cc:140) Average like for this file is -48.8695 over 694 frames.
LOG (gmm-acc-stats-twofeats[5.4.140~1-1ab3d]:main():gmm-acc-stats-twofeats.cc:140) Average like for this file is -47.6689 over 582 frames.
LOG (gmm-acc-stats-twofeats[5.4.140~1-1ab3d]:main():gmm-acc-stats-twofeats.cc:140) Average like for this file is -48.5193 over 376 frames.
LOG (gmm-acc-stats-twofeats[5.4.140~1-1ab3d]:main():gmm-acc-stats-twofeats.cc:146) Avg like per frame so far is -47.8811
LOG (gmm-acc-stats-twofeats[5.4.140~1-1ab3d]:main():gmm-acc-stats-twofeats.cc:140) Average like for this file is -50.7201 over 892 frames.
LOG (gmm-acc-stats-twofeats[5.4.140~1-1ab3d]:main():gmm-acc-stats-twofeats.cc:140) Average like for this file is -49.2221 over 502 frames.
LOG (gmm-acc-stats-twofeats[5.4.140~1-1ab3d]:main():gmm-acc-stats-twofeats.cc:140) Average like for this file is -47.199 over 381 frames.
LOG (gmm-acc-stats-twofeats[5.4.140~1-1ab3d]:main():gmm-acc-stats-twofeats.cc:140) Average like for this file is -48.1459 over 618 frames.
LOG (gmm-acc-stats-twofeats[5.4.140~1-1ab3d]:main():gmm-acc-stats-twofeats.cc:140) Average like for this file is -44.7006 over 449 frames.
LOG (gmm-acc-stats-twofeats[5.4.140~1-1ab3d]:main():gmm-acc-stats-twofeats.cc:140) Average like for this file is -48.0691 over 858 frames.
LOG (gmm-acc-stats-twofeats[5.4.140~1-1ab3d]:main():gmm-acc-stats-twofeats.cc:140) Average like for this file is -44.5109 over 378 frames.
LOG (gmm-acc-stats-twofeats[5.4.140~1-1ab3d]:main():gmm-acc-stats-twofeats.cc:140) Average like for this file is -48.5997 over 432 frames.
LOG (gmm-acc-stats-twofeats[5.4.140~1-1ab3d]:main():gmm-acc-stats-twofeats.cc:140) Average like for this file is -47.5477 over 529 frames.
LOG (gmm-acc-stats-twofeats[5.4.140~1-1ab3d]:main():gmm-acc-stats-twofeats.cc:140) Average like for this file is -48.624 over 339 frames.
LOG (gmm-acc-stats-twofeats[5.4.140~1-1ab3d]:main():gmm-acc-stats-twofeats.cc:146) Avg like per frame so far is -47.8994
LOG (gmm-acc-stats-twofeats[5.4.140~1-1ab3d]:main():gmm-acc-stats-twofeats.cc:140) Average like for this file is -46.7163 over 802 frames.
LOG (gmm-acc-stats-twofeats[5.4.140~1-1ab3d]:main():gmm-acc-stats-twofeats.cc:140) Average like for this file is -52.8826 over 566 frames.
LOG (gmm-acc-stats-twofeats[5.4.140~1-1ab3d]:main():gmm-acc-stats-twofeats.cc:140) Average like for this file is -44.1394 over 331 frames.
LOG (gmm-acc-stats-twofeats[5.4.140~1-1ab3d]:main():gmm-acc-stats-twofeats.cc:140) Average like for this file is -48.7583 over 870 frames.
LOG (gmm-acc-stats-twofeats[5.4.140~1-1ab3d]:main():gmm-acc-stats-twofeats.cc:140) Average like for this file is -46.8025 over 542 frames.
LOG (gmm-acc-stats-twofeats[5.4.140~1-1ab3d]:main():gmm-acc-stats-twofeats.cc:140) Average like for this file is -45.6883 over 506 frames.
LOG (gmm-acc-stats-twofeats[5.4.140~1-1ab3d]:main():gmm-acc-stats-twofeats.cc:140) Average like for this file is -48.2186 over 650 frames.
LOG (gmm-acc-stats-twofeats[5.4.140~1-1ab3d]:main():gmm-acc-stats-twofeats.cc:140) Average like for this file is -46.9621 over 465 frames.
LOG (gmm-acc-stats-twofeats[5.4.140~1-1ab3d]:main():gmm-acc-stats-twofeats.cc:140) Average like for this file is -48.9841 over 770 frames.
LOG (gmm-acc-stats-twofeats[5.4.140~1-1ab3d]:main():gmm-acc-stats-twofeats.cc:140) Average like for this file is -50.9051 over 418 frames.
LOG (gmm-acc-stats-twofeats[5.4.140~1-1ab3d]:main():gmm-acc-stats-twofeats.cc:146) Avg like per frame so far is -47.9256
LOG (gmm-acc-stats-twofeats[5.4.140~1-1ab3d]:main():gmm-acc-stats-twofeats.cc:140) Average like for this file is -50.5194 over 464 frames.
LOG (gmm-acc-stats-twofeats[5.4.140~1-1ab3d]:main():gmm-acc-stats-twofeats.cc:140) Average like for this file is -49.1865 over 323 frames.
LOG (gmm-acc-stats-twofeats[5.4.140~1-1ab3d]:main():gmm-acc-stats-twofeats.cc:140) Average like for this file is -49.7967 over 424 frames.
LOG (gmm-acc-stats-twofeats[5.4.140~1-1ab3d]:main():gmm-acc-stats-twofeats.cc:140) Average like for this file is -47.8769 over 378 frames.
LOG (gmm-acc-stats-twofeats[5.4.140~1-1ab3d]:main():gmm-acc-stats-twofeats.cc:140) Average like for this file is -48.036 over 335 frames.
LOG (gmm-acc-stats-twofeats[5.4.140~1-1ab3d]:main():gmm-acc-stats-twofeats.cc:140) Average like for this file is -47.2519 over 948 frames.
LOG (gmm-acc-stats-twofeats[5.4.140~1-1ab3d]:main():gmm-acc-stats-twofeats.cc:140) Average like for this file is -45.0605 over 628 frames.
LOG (gmm-acc-stats-twofeats[5.4.140~1-1ab3d]:main():gmm-acc-stats-twofeats.cc:140) Average like for this file is -45.1489 over 906 frames.
LOG (gmm-acc-stats-twofeats[5.4.140~1-1ab3d]:main():gmm-acc-stats-twofeats.cc:140) Average like for this file is -47.0122 over 463 frames.
LOG (gmm-acc-stats-twofeats[5.4.140~1-1ab3d]:main():gmm-acc-stats-twofeats.cc:140) Average like for this file is -45.9018 over 799 frames.
LOG (gmm-acc-stats-twofeats[5.4.140~1-1ab3d]:main():gmm-acc-stats-twofeats.cc:146) Avg like per frame so far is -47.854
LOG (gmm-acc-stats-twofeats[5.4.140~1-1ab3d]:main():gmm-acc-stats-twofeats.cc:140) Average like for this file is -50.8156 over 537 frames.
LOG (gmm-acc-stats-twofeats[5.4.140~1-1ab3d]:main():gmm-acc-stats-twofeats.cc:140) Average like for this file is -49.3462 over 550 frames.
LOG (gmm-acc-stats-twofeats[5.4.140~1-1ab3d]:main():gmm-acc-stats-twofeats.cc:140) Average like for this file is -47.0336 over 568 frames.
LOG (gmm-acc-stats-twofeats[5.4.140~1-1ab3d]:main():gmm-acc-stats-twofeats.cc:140) Average like for this file is -45.8068 over 449 frames.
LOG (gmm-acc-stats-twofeats[5.4.140~1-1ab3d]:main():gmm-acc-stats-twofeats.cc:140) Average like for this file is -48.0488 over 637 frames.
LOG (gmm-acc-stats-twofeats[5.4.140~1-1ab3d]:main():gmm-acc-stats-twofeats.cc:140) Average like for this file is -46.0392 over 636 frames.
LOG (gmm-acc-stats-twofeats[5.4.140~1-1ab3d]:main():gmm-acc-stats-twofeats.cc:140) Average like for this file is -48.0691 over 336 frames.
LOG (gmm-acc-stats-twofeats[5.4.140~1-1ab3d]:main():gmm-acc-stats-twofeats.cc:140) Average like for this file is -49.939 over 719 frames.
LOG (gmm-acc-stats-twofeats[5.4.140~1-1ab3d]:main():gmm-acc-stats-twofeats.cc:140) Average like for this file is -48.0442 over 578 frames.
LOG (gmm-acc-stats-twofeats[5.4.140~1-1ab3d]:main():gmm-acc-stats-twofeats.cc:140) Average like for this file is -47.2393 over 478 frames.
LOG (gmm-acc-stats-twofeats[5.4.140~1-1ab3d]:main():gmm-acc-stats-twofeats.cc:146) Avg like per frame so far is -47.8739
LOG (gmm-acc-stats-twofeats[5.4.140~1-1ab3d]:main():gmm-acc-stats-twofeats.cc:140) Average like for this file is -48.4757 over 953 frames.
LOG (gmm-acc-stats-twofeats[5.4.140~1-1ab3d]:main():gmm-acc-stats-twofeats.cc:140) Average like for this file is -46.9161 over 332 frames.
LOG (gmm-acc-stats-twofeats[5.4.140~1-1ab3d]:main():gmm-acc-stats-twofeats.cc:140) Average like for this file is -47.3754 over 292 frames.
LOG (gmm-acc-stats-twofeats[5.4.140~1-1ab3d]:main():gmm-acc-stats-twofeats.cc:140) Average like for this file is -46.488 over 657 frames.
LOG (gmm-acc-stats-twofeats[5.4.140~1-1ab3d]:main():gmm-acc-stats-twofeats.cc:140) Average like for this file is -47.6562 over 664 frames.
LOG (gmm-acc-stats-twofeats[5.4.140~1-1ab3d]:main():gmm-acc-stats-twofeats.cc:140) Average like for this file is -49.2039 over 516 frames.
LOG (gmm-acc-stats-twofeats[5.4.140~1-1ab3d]:main():gmm-acc-stats-twofeats.cc:140) Average like for this file is -49.4913 over 588 frames.
LOG (gmm-acc-stats-twofeats[5.4.140~1-1ab3d]:main():gmm-acc-stats-twofeats.cc:140) Average like for this file is -51.4681 over 589 frames.
LOG (gmm-acc-stats-twofeats[5.4.140~1-1ab3d]:main():gmm-acc-stats-twofeats.cc:140) Average like for this file is -49.5609 over 368 frames.
LOG (gmm-acc-stats-twofeats[5.4.140~1-1ab3d]:main():gmm-acc-stats-twofeats.cc:140) Average like for this file is -46.7553 over 610 frames.
LOG (gmm-acc-stats-twofeats[5.4.140~1-1ab3d]:main():gmm-acc-stats-twofeats.cc:146) Avg like per frame so far is -47.9106
LOG (gmm-acc-stats-twofeats[5.4.140~1-1ab3d]:main():gmm-acc-stats-twofeats.cc:140) Average like for this file is -46.4511 over 801 frames.
LOG (gmm-acc-stats-twofeats[5.4.140~1-1ab3d]:main():gmm-acc-stats-twofeats.cc:140) Average like for this file is -47.4732 over 600 frames.
LOG (gmm-acc-stats-twofeats[5.4.140~1-1ab3d]:main():gmm-acc-stats-twofeats.cc:140) Average like for this file is -46.2851 over 552 frames.
LOG (gmm-acc-stats-twofeats[5.4.140~1-1ab3d]:main():gmm-acc-stats-twofeats.cc:140) Average like for this file is -49.7539 over 890 frames.
LOG (gmm-acc-stats-twofeats[5.4.140~1-1ab3d]:main():gmm-acc-stats-twofeats.cc:140) Average like for this file is -49.6755 over 584 frames.
LOG (gmm-acc-stats-twofeats[5.4.140~1-1ab3d]:main():gmm-acc-stats-twofeats.cc:140) Average like for this file is -51.5491 over 762 frames.
LOG (gmm-acc-stats-twofeats[5.4.140~1-1ab3d]:main():gmm-acc-stats-twofeats.cc:140) Average like for this file is -47.4983 over 415 frames.
LOG (gmm-acc-stats-twofeats[5.4.140~1-1ab3d]:main():gmm-acc-stats-twofeats.cc:140) Average like for this file is -42.8344 over 554 frames.
LOG (gmm-acc-stats-twofeats[5.4.140~1-1ab3d]:main():gmm-acc-stats-twofeats.cc:140) Average like for this file is -49.2688 over 509 frames.
LOG (gmm-acc-stats-twofeats[5.4.140~1-1ab3d]:main():gmm-acc-stats-twofeats.cc:140) Average like for this file is -48.2882 over 559 frames.
LOG (gmm-acc-stats-twofeats[5.4.140~1-1ab3d]:main():gmm-acc-stats-twofeats.cc:146) Avg like per frame so far is -47.9234
LOG (gmm-acc-stats-twofeats[5.4.140~1-1ab3d]:main():gmm-acc-stats-twofeats.cc:140) Average like for this file is -45.1695 over 468 frames.
LOG (gmm-acc-stats-twofeats[5.4.140~1-1ab3d]:main():gmm-acc-stats-twofeats.cc:140) Average like for this file is -48.8628 over 697 frames.
LOG (gmm-acc-stats-twofeats[5.4.140~1-1ab3d]:main():gmm-acc-stats-twofeats.cc:140) Average like for this file is -49.0163 over 624 frames.
LOG (gmm-acc-stats-twofeats[5.4.140~1-1ab3d]:main():gmm-acc-stats-twofeats.cc:140) Average like for this file is -48.123 over 514 frames.
LOG (gmm-acc-stats-twofeats[5.4.140~1-1ab3d]:main():gmm-acc-stats-twofeats.cc:140) Average like for this file is -48.3824 over 729 frames.
LOG (gmm-acc-stats-twofeats[5.4.140~1-1ab3d]:main():gmm-acc-stats-twofeats.cc:140) Average like for this file is -45.9034 over 380 frames.
LOG (gmm-acc-stats-twofeats[5.4.140~1-1ab3d]:main():gmm-acc-stats-twofeats.cc:140) Average like for this file is -46.5803 over 499 frames.
LOG (gmm-acc-stats-twofeats[5.4.140~1-1ab3d]:main():gmm-acc-stats-twofeats.cc:140) Average like for this file is -48.7678 over 474 frames.
LOG (gmm-acc-stats-twofeats[5.4.140~1-1ab3d]:main():gmm-acc-stats-twofeats.cc:140) Average like for this file is -44.7282 over 420 frames.
LOG (gmm-acc-stats-twofeats[5.4.140~1-1ab3d]:main():gmm-acc-stats-twofeats.cc:140) Average like for this file is -48.7679 over 536 frames.
LOG (gmm-acc-stats-twofeats[5.4.140~1-1ab3d]:main():gmm-acc-stats-twofeats.cc:146) Avg like per frame so far is -47.9067
LOG (gmm-acc-stats-twofeats[5.4.140~1-1ab3d]:main():gmm-acc-stats-twofeats.cc:140) Average like for this file is -46.3851 over 711 frames.
LOG (gmm-acc-stats-twofeats[5.4.140~1-1ab3d]:main():gmm-acc-stats-twofeats.cc:140) Average like for this file is -48.0924 over 369 frames.
LOG (gmm-acc-stats-twofeats[5.4.140~1-1ab3d]:main():gmm-acc-stats-twofeats.cc:140) Average like for this file is -51.1443 over 757 frames.
LOG (gmm-acc-stats-twofeats[5.4.140~1-1ab3d]:main():gmm-acc-stats-twofeats.cc:140) Average like for this file is -50.4611 over 287 frames.
LOG (gmm-acc-stats-twofeats[5.4.140~1-1ab3d]:main():gmm-acc-stats-twofeats.cc:140) Average like for this file is -52.6491 over 738 frames.
LOG (gmm-acc-stats-twofeats[5.4.140~1-1ab3d]:main():gmm-acc-stats-twofeats.cc:140) Average like for this file is -46.7153 over 354 frames.
LOG (gmm-acc-stats-twofeats[5.4.140~1-1ab3d]:main():gmm-acc-stats-twofeats.cc:140) Average like for this file is -49.7431 over 351 frames.
LOG (gmm-acc-stats-twofeats[5.4.140~1-1ab3d]:main():gmm-acc-stats-twofeats.cc:140) Average like for this file is -49.1521 over 254 frames.
LOG (gmm-acc-stats-twofeats[5.4.140~1-1ab3d]:main():gmm-acc-stats-twofeats.cc:140) Average like for this file is -47.3581 over 458 frames.
LOG (gmm-acc-stats-twofeats[5.4.140~1-1ab3d]:main():gmm-acc-stats-twofeats.cc:140) Average like for this file is -50.4574 over 339 frames.
LOG (gmm-acc-stats-twofeats[5.4.140~1-1ab3d]:main():gmm-acc-stats-twofeats.cc:146) Avg like per frame so far is -47.9816
LOG (gmm-acc-stats-twofeats[5.4.140~1-1ab3d]:main():gmm-acc-stats-twofeats.cc:140) Average like for this file is -48.3932 over 1030 frames.
LOG (gmm-acc-stats-twofeats[5.4.140~1-1ab3d]:main():gmm-acc-stats-twofeats.cc:140) Average like for this file is -46.8207 over 575 frames.
LOG (gmm-acc-stats-twofeats[5.4.140~1-1ab3d]:main():gmm-acc-stats-twofeats.cc:140) Average like for this file is -47.0871 over 417 frames.
LOG (gmm-acc-stats-twofeats[5.4.140~1-1ab3d]:main():gmm-acc-stats-twofeats.cc:140) Average like for this file is -50.0639 over 717 frames.
LOG (gmm-acc-stats-twofeats[5.4.140~1-1ab3d]:main():gmm-acc-stats-twofeats.cc:140) Average like for this file is -48.7192 over 675 frames.
LOG (gmm-acc-stats-twofeats[5.4.140~1-1ab3d]:main():gmm-acc-stats-twofeats.cc:140) Average like for this file is -44.8584 over 563 frames.
LOG (gmm-acc-stats-twofeats[5.4.140~1-1ab3d]:main():gmm-acc-stats-twofeats.cc:140) Average like for this file is -49.2722 over 555 frames.
LOG (gmm-acc-stats-twofeats[5.4.140~1-1ab3d]:main():gmm-acc-stats-twofeats.cc:140) Average like for this file is -46.5788 over 642 frames.
LOG (gmm-acc-stats-twofeats[5.4.140~1-1ab3d]:main():gmm-acc-stats-twofeats.cc:140) Average like for this file is -49.1048 over 312 frames.
LOG (gmm-acc-stats-twofeats[5.4.140~1-1ab3d]:main():gmm-acc-stats-twofeats.cc:140) Average like for this file is -50.2944 over 538 frames.
LOG (gmm-acc-stats-twofeats[5.4.140~1-1ab3d]:main():gmm-acc-stats-twofeats.cc:146) Avg like per frame so far is -47.9922
LOG (gmm-acc-stats-twofeats[5.4.140~1-1ab3d]:main():gmm-acc-stats-twofeats.cc:140) Average like for this file is -46.4148 over 647 frames.
LOG (gmm-acc-stats-twofeats[5.4.140~1-1ab3d]:main():gmm-acc-stats-twofeats.cc:140) Average like for this file is -45.0512 over 573 frames.
LOG (gmm-acc-stats-twofeats[5.4.140~1-1ab3d]:main():gmm-acc-stats-twofeats.cc:140) Average like for this file is -46.5153 over 738 frames.
LOG (gmm-acc-stats-twofeats[5.4.140~1-1ab3d]:main():gmm-acc-stats-twofeats.cc:140) Average like for this file is -49.6026 over 856 frames.
LOG (gmm-acc-stats-twofeats[5.4.140~1-1ab3d]:main():gmm-acc-stats-twofeats.cc:140) Average like for this file is -47.0608 over 683 frames.
LOG (gmm-acc-stats-twofeats[5.4.140~1-1ab3d]:main():gmm-acc-stats-twofeats.cc:140) Average like for this file is -47.4831 over 653 frames.
LOG (gmm-acc-stats-twofeats[5.4.140~1-1ab3d]:main():gmm-acc-stats-twofeats.cc:140) Average like for this file is -50.2585 over 1130 frames.
LOG (ali-to-post[5.4.140~1-1ab3d]:main():ali-to-post.cc:73) Converted 184 alignments.
LOG (gmm-acc-stats-twofeats[5.4.140~1-1ab3d]:main():gmm-acc-stats-twofeats.cc:140) Average like for this file is -47.7281 over 1082 frames.
LOG (apply-cmvn[5.4.140~1-1ab3d]:main():apply-cmvn.cc:162) Applied cepstral mean normalization to 184 utterances, errors on 0
LOG (gmm-acc-stats-twofeats[5.4.140~1-1ab3d]:main():gmm-acc-stats-twofeats.cc:140) Average like for this file is -50.2843 over 825 frames.
LOG (apply-cmvn[5.4.140~1-1ab3d]:main():apply-cmvn.cc:162) Applied cepstral mean normalization to 184 utterances, errors on 0
LOG (gmm-acc-stats-twofeats[5.4.140~1-1ab3d]:main():gmm-acc-stats-twofeats.cc:140) Average like for this file is -45.7376 over 451 frames.
LOG (gmm-acc-stats-twofeats[5.4.140~1-1ab3d]:main():gmm-acc-stats-twofeats.cc:146) Avg like per frame so far is -47.99
LOG (gmm-acc-stats-twofeats[5.4.140~1-1ab3d]:main():gmm-acc-stats-twofeats.cc:140) Average like for this file is -47.5731 over 684 frames.
LOG (gmm-acc-stats-twofeats[5.4.140~1-1ab3d]:main():gmm-acc-stats-twofeats.cc:140) Average like for this file is -47.7275 over 742 frames.
LOG (transform-feats[5.4.140~1-1ab3d]:main():transform-feats.cc:158) Overall average [pseudo-]logdet is -74.7006 over 107478 frames.
LOG (transform-feats[5.4.140~1-1ab3d]:main():transform-feats.cc:161) Applied transform to 184 utterances; 0 had errors.
LOG (gmm-acc-stats-twofeats[5.4.140~1-1ab3d]:main():gmm-acc-stats-twofeats.cc:140) Average like for this file is -49.4001 over 764 frames.
LOG (transform-feats[5.4.140~1-1ab3d]:main():transform-feats.cc:158) Overall average logdet is 3.99082 over 107478 frames.
LOG (transform-feats[5.4.140~1-1ab3d]:main():transform-feats.cc:161) Applied transform to 184 utterances; 0 had errors.
LOG (transform-feats[5.4.140~1-1ab3d]:main():transform-feats.cc:158) Overall average [pseudo-]logdet is -74.7006 over 107478 frames.
LOG (transform-feats[5.4.140~1-1ab3d]:main():transform-feats.cc:161) Applied transform to 184 utterances; 0 had errors.
LOG (gmm-acc-stats-twofeats[5.4.140~1-1ab3d]:main():gmm-acc-stats-twofeats.cc:140) Average like for this file is -49.3152 over 579 frames.
LOG (gmm-acc-stats-twofeats[5.4.140~1-1ab3d]:main():gmm-acc-stats-twofeats.cc:150) Done 184 files, 0 with no posteriors, 0 with no second features, 0 with other errors.
LOG (gmm-acc-stats-twofeats[5.4.140~1-1ab3d]:main():gmm-acc-stats-twofeats.cc:155) Overall avg like per frame (Gaussian only) = -48.0027 over 107478 frames.
LOG (gmm-acc-stats-twofeats[5.4.140~1-1ab3d]:main():gmm-acc-stats-twofeats.cc:163) Written accs.
# Accounting: time=3 threads=1
# Ended (code 0) at Wed Jun 20 18:05:29 CST 2018, elapsed time 3 seconds
