# ali-to-post "ark:gunzip -c exp/tri3/ali.5.gz|" ark:- | gmm-acc-stats-twofeats exp/tri3/35.mdl "ark,s,cs:apply-cmvn  --utt2spk=ark:data/train/split20/5/utt2spk scp:data/train/split20/5/cmvn.scp scp:data/train/split20/5/feats.scp ark:- | splice-feats --left-context=3 --right-context=3 ark:- ark:- | transform-feats exp/tri2_ali/final.mat ark:- ark:- | transform-feats --utt2spk=ark:data/train/split20/5/utt2spk ark:exp/tri3/trans.5 ark:- ark:- |" "ark,s,cs:apply-cmvn  --utt2spk=ark:data/train/split20/5/utt2spk scp:data/train/split20/5/cmvn.scp scp:data/train/split20/5/feats.scp ark:- | splice-feats --left-context=3 --right-context=3 ark:- ark:- | transform-feats exp/tri2_ali/final.mat ark:- ark:- |" ark,s,cs:- exp/tri3/35.5.acc 
# Started at Wed Jun 20 18:05:26 CST 2018
#
ali-to-post 'ark:gunzip -c exp/tri3/ali.5.gz|' ark:- 
gmm-acc-stats-twofeats exp/tri3/35.mdl 'ark,s,cs:apply-cmvn  --utt2spk=ark:data/train/split20/5/utt2spk scp:data/train/split20/5/cmvn.scp scp:data/train/split20/5/feats.scp ark:- | splice-feats --left-context=3 --right-context=3 ark:- ark:- | transform-feats exp/tri2_ali/final.mat ark:- ark:- | transform-feats --utt2spk=ark:data/train/split20/5/utt2spk ark:exp/tri3/trans.5 ark:- ark:- |' 'ark,s,cs:apply-cmvn  --utt2spk=ark:data/train/split20/5/utt2spk scp:data/train/split20/5/cmvn.scp scp:data/train/split20/5/feats.scp ark:- | splice-feats --left-context=3 --right-context=3 ark:- ark:- | transform-feats exp/tri2_ali/final.mat ark:- ark:- |' ark,s,cs:- exp/tri3/35.5.acc 
transform-feats exp/tri2_ali/final.mat ark:- ark:- 
apply-cmvn --utt2spk=ark:data/train/split20/5/utt2spk scp:data/train/split20/5/cmvn.scp scp:data/train/split20/5/feats.scp ark:- 
splice-feats --left-context=3 --right-context=3 ark:- ark:- 
transform-feats --utt2spk=ark:data/train/split20/5/utt2spk ark:exp/tri3/trans.5 ark:- ark:- 
apply-cmvn --utt2spk=ark:data/train/split20/5/utt2spk scp:data/train/split20/5/cmvn.scp scp:data/train/split20/5/feats.scp ark:- 
splice-feats --left-context=3 --right-context=3 ark:- ark:- 
transform-feats exp/tri2_ali/final.mat ark:- ark:- 
LOG (gmm-acc-stats-twofeats[5.4.140~1-1ab3d]:main():gmm-acc-stats-twofeats.cc:140) Average like for this file is -44.7631 over 505 frames.
LOG (gmm-acc-stats-twofeats[5.4.140~1-1ab3d]:main():gmm-acc-stats-twofeats.cc:140) Average like for this file is -49.4875 over 509 frames.
LOG (gmm-acc-stats-twofeats[5.4.140~1-1ab3d]:main():gmm-acc-stats-twofeats.cc:140) Average like for this file is -47.3062 over 934 frames.
LOG (gmm-acc-stats-twofeats[5.4.140~1-1ab3d]:main():gmm-acc-stats-twofeats.cc:140) Average like for this file is -43.7223 over 644 frames.
LOG (gmm-acc-stats-twofeats[5.4.140~1-1ab3d]:main():gmm-acc-stats-twofeats.cc:140) Average like for this file is -48.2381 over 359 frames.
LOG (gmm-acc-stats-twofeats[5.4.140~1-1ab3d]:main():gmm-acc-stats-twofeats.cc:140) Average like for this file is -45.9819 over 520 frames.
LOG (gmm-acc-stats-twofeats[5.4.140~1-1ab3d]:main():gmm-acc-stats-twofeats.cc:140) Average like for this file is -48.4014 over 629 frames.
LOG (gmm-acc-stats-twofeats[5.4.140~1-1ab3d]:main():gmm-acc-stats-twofeats.cc:140) Average like for this file is -47.9588 over 630 frames.
LOG (gmm-acc-stats-twofeats[5.4.140~1-1ab3d]:main():gmm-acc-stats-twofeats.cc:140) Average like for this file is -49.0959 over 482 frames.
LOG (gmm-acc-stats-twofeats[5.4.140~1-1ab3d]:main():gmm-acc-stats-twofeats.cc:140) Average like for this file is -52.6893 over 514 frames.
LOG (gmm-acc-stats-twofeats[5.4.140~1-1ab3d]:main():gmm-acc-stats-twofeats.cc:146) Avg like per frame so far is -47.6369
LOG (gmm-acc-stats-twofeats[5.4.140~1-1ab3d]:main():gmm-acc-stats-twofeats.cc:140) Average like for this file is -47.8712 over 991 frames.
LOG (gmm-acc-stats-twofeats[5.4.140~1-1ab3d]:main():gmm-acc-stats-twofeats.cc:140) Average like for this file is -46.1607 over 593 frames.
LOG (gmm-acc-stats-twofeats[5.4.140~1-1ab3d]:main():gmm-acc-stats-twofeats.cc:140) Average like for this file is -48.3182 over 505 frames.
LOG (gmm-acc-stats-twofeats[5.4.140~1-1ab3d]:main():gmm-acc-stats-twofeats.cc:140) Average like for this file is -44.303 over 426 frames.
LOG (gmm-acc-stats-twofeats[5.4.140~1-1ab3d]:main():gmm-acc-stats-twofeats.cc:140) Average like for this file is -46.6361 over 534 frames.
LOG (gmm-acc-stats-twofeats[5.4.140~1-1ab3d]:main():gmm-acc-stats-twofeats.cc:140) Average like for this file is -48.0347 over 479 frames.
LOG (gmm-acc-stats-twofeats[5.4.140~1-1ab3d]:main():gmm-acc-stats-twofeats.cc:140) Average like for this file is -45.9676 over 670 frames.
LOG (gmm-acc-stats-twofeats[5.4.140~1-1ab3d]:main():gmm-acc-stats-twofeats.cc:140) Average like for this file is -44.5737 over 968 frames.
LOG (gmm-acc-stats-twofeats[5.4.140~1-1ab3d]:main():gmm-acc-stats-twofeats.cc:140) Average like for this file is -48.7411 over 971 frames.
LOG (gmm-acc-stats-twofeats[5.4.140~1-1ab3d]:main():gmm-acc-stats-twofeats.cc:140) Average like for this file is -48.8967 over 702 frames.
LOG (gmm-acc-stats-twofeats[5.4.140~1-1ab3d]:main():gmm-acc-stats-twofeats.cc:146) Avg like per frame so far is -47.3034
LOG (gmm-acc-stats-twofeats[5.4.140~1-1ab3d]:main():gmm-acc-stats-twofeats.cc:140) Average like for this file is -44.4336 over 660 frames.
LOG (gmm-acc-stats-twofeats[5.4.140~1-1ab3d]:main():gmm-acc-stats-twofeats.cc:140) Average like for this file is -46.5152 over 707 frames.
LOG (gmm-acc-stats-twofeats[5.4.140~1-1ab3d]:main():gmm-acc-stats-twofeats.cc:140) Average like for this file is -45.5763 over 435 frames.
LOG (gmm-acc-stats-twofeats[5.4.140~1-1ab3d]:main():gmm-acc-stats-twofeats.cc:140) Average like for this file is -44.4537 over 469 frames.
LOG (gmm-acc-stats-twofeats[5.4.140~1-1ab3d]:main():gmm-acc-stats-twofeats.cc:140) Average like for this file is -47.5006 over 1007 frames.
LOG (gmm-acc-stats-twofeats[5.4.140~1-1ab3d]:main():gmm-acc-stats-twofeats.cc:140) Average like for this file is -55.2351 over 422 frames.
LOG (gmm-acc-stats-twofeats[5.4.140~1-1ab3d]:main():gmm-acc-stats-twofeats.cc:140) Average like for this file is -45.0958 over 935 frames.
LOG (gmm-acc-stats-twofeats[5.4.140~1-1ab3d]:main():gmm-acc-stats-twofeats.cc:140) Average like for this file is -49.8004 over 630 frames.
LOG (gmm-acc-stats-twofeats[5.4.140~1-1ab3d]:main():gmm-acc-stats-twofeats.cc:140) Average like for this file is -46.6484 over 573 frames.
LOG (gmm-acc-stats-twofeats[5.4.140~1-1ab3d]:main():gmm-acc-stats-twofeats.cc:140) Average like for this file is -48.5896 over 735 frames.
LOG (gmm-acc-stats-twofeats[5.4.140~1-1ab3d]:main():gmm-acc-stats-twofeats.cc:146) Avg like per frame so far is -47.2556
LOG (gmm-acc-stats-twofeats[5.4.140~1-1ab3d]:main():gmm-acc-stats-twofeats.cc:140) Average like for this file is -50.8964 over 420 frames.
LOG (gmm-acc-stats-twofeats[5.4.140~1-1ab3d]:main():gmm-acc-stats-twofeats.cc:140) Average like for this file is -43.0389 over 476 frames.
LOG (gmm-acc-stats-twofeats[5.4.140~1-1ab3d]:main():gmm-acc-stats-twofeats.cc:140) Average like for this file is -48.0806 over 687 frames.
LOG (gmm-acc-stats-twofeats[5.4.140~1-1ab3d]:main():gmm-acc-stats-twofeats.cc:140) Average like for this file is -45.3451 over 501 frames.
LOG (gmm-acc-stats-twofeats[5.4.140~1-1ab3d]:main():gmm-acc-stats-twofeats.cc:140) Average like for this file is -49.5669 over 938 frames.
LOG (gmm-acc-stats-twofeats[5.4.140~1-1ab3d]:main():gmm-acc-stats-twofeats.cc:140) Average like for this file is -46.4888 over 802 frames.
LOG (gmm-acc-stats-twofeats[5.4.140~1-1ab3d]:main():gmm-acc-stats-twofeats.cc:140) Average like for this file is -50.5309 over 587 frames.
LOG (gmm-acc-stats-twofeats[5.4.140~1-1ab3d]:main():gmm-acc-stats-twofeats.cc:140) Average like for this file is -46.1343 over 717 frames.
LOG (gmm-acc-stats-twofeats[5.4.140~1-1ab3d]:main():gmm-acc-stats-twofeats.cc:140) Average like for this file is -47.7264 over 560 frames.
LOG (gmm-acc-stats-twofeats[5.4.140~1-1ab3d]:main():gmm-acc-stats-twofeats.cc:140) Average like for this file is -50.3033 over 465 frames.
LOG (gmm-acc-stats-twofeats[5.4.140~1-1ab3d]:main():gmm-acc-stats-twofeats.cc:146) Avg like per frame so far is -47.3934
LOG (gmm-acc-stats-twofeats[5.4.140~1-1ab3d]:main():gmm-acc-stats-twofeats.cc:140) Average like for this file is -48.7428 over 1131 frames.
LOG (gmm-acc-stats-twofeats[5.4.140~1-1ab3d]:main():gmm-acc-stats-twofeats.cc:140) Average like for this file is -46.5618 over 569 frames.
LOG (gmm-acc-stats-twofeats[5.4.140~1-1ab3d]:main():gmm-acc-stats-twofeats.cc:140) Average like for this file is -45.9532 over 372 frames.
LOG (gmm-acc-stats-twofeats[5.4.140~1-1ab3d]:main():gmm-acc-stats-twofeats.cc:140) Average like for this file is -51.0197 over 542 frames.
LOG (gmm-acc-stats-twofeats[5.4.140~1-1ab3d]:main():gmm-acc-stats-twofeats.cc:140) Average like for this file is -50.1214 over 693 frames.
LOG (gmm-acc-stats-twofeats[5.4.140~1-1ab3d]:main():gmm-acc-stats-twofeats.cc:140) Average like for this file is -51.125 over 573 frames.
LOG (gmm-acc-stats-twofeats[5.4.140~1-1ab3d]:main():gmm-acc-stats-twofeats.cc:140) Average like for this file is -46.0915 over 527 frames.
LOG (gmm-acc-stats-twofeats[5.4.140~1-1ab3d]:main():gmm-acc-stats-twofeats.cc:140) Average like for this file is -45.5517 over 598 frames.
LOG (gmm-acc-stats-twofeats[5.4.140~1-1ab3d]:main():gmm-acc-stats-twofeats.cc:140) Average like for this file is -48.3437 over 349 frames.
LOG (gmm-acc-stats-twofeats[5.4.140~1-1ab3d]:main():gmm-acc-stats-twofeats.cc:140) Average like for this file is -47.4922 over 944 frames.
LOG (gmm-acc-stats-twofeats[5.4.140~1-1ab3d]:main():gmm-acc-stats-twofeats.cc:146) Avg like per frame so far is -47.5564
LOG (gmm-acc-stats-twofeats[5.4.140~1-1ab3d]:main():gmm-acc-stats-twofeats.cc:140) Average like for this file is -48.1003 over 819 frames.
LOG (gmm-acc-stats-twofeats[5.4.140~1-1ab3d]:main():gmm-acc-stats-twofeats.cc:140) Average like for this file is -49.8386 over 706 frames.
LOG (gmm-acc-stats-twofeats[5.4.140~1-1ab3d]:main():gmm-acc-stats-twofeats.cc:140) Average like for this file is -44.0825 over 587 frames.
LOG (gmm-acc-stats-twofeats[5.4.140~1-1ab3d]:main():gmm-acc-stats-twofeats.cc:140) Average like for this file is -47.1899 over 368 frames.
LOG (gmm-acc-stats-twofeats[5.4.140~1-1ab3d]:main():gmm-acc-stats-twofeats.cc:140) Average like for this file is -47.2885 over 680 frames.
LOG (gmm-acc-stats-twofeats[5.4.140~1-1ab3d]:main():gmm-acc-stats-twofeats.cc:140) Average like for this file is -51.0173 over 597 frames.
LOG (gmm-acc-stats-twofeats[5.4.140~1-1ab3d]:main():gmm-acc-stats-twofeats.cc:140) Average like for this file is -47.7152 over 520 frames.
LOG (gmm-acc-stats-twofeats[5.4.140~1-1ab3d]:main():gmm-acc-stats-twofeats.cc:140) Average like for this file is -45.7929 over 811 frames.
LOG (gmm-acc-stats-twofeats[5.4.140~1-1ab3d]:main():gmm-acc-stats-twofeats.cc:140) Average like for this file is -48.3642 over 563 frames.
LOG (gmm-acc-stats-twofeats[5.4.140~1-1ab3d]:main():gmm-acc-stats-twofeats.cc:140) Average like for this file is -49.2356 over 459 frames.
LOG (gmm-acc-stats-twofeats[5.4.140~1-1ab3d]:main():gmm-acc-stats-twofeats.cc:146) Avg like per frame so far is -47.6
LOG (gmm-acc-stats-twofeats[5.4.140~1-1ab3d]:main():gmm-acc-stats-twofeats.cc:140) Average like for this file is -46.8531 over 483 frames.
LOG (gmm-acc-stats-twofeats[5.4.140~1-1ab3d]:main():gmm-acc-stats-twofeats.cc:140) Average like for this file is -45.59 over 452 frames.
LOG (gmm-acc-stats-twofeats[5.4.140~1-1ab3d]:main():gmm-acc-stats-twofeats.cc:140) Average like for this file is -47.7818 over 843 frames.
LOG (gmm-acc-stats-twofeats[5.4.140~1-1ab3d]:main():gmm-acc-stats-twofeats.cc:140) Average like for this file is -50.526 over 516 frames.
LOG (gmm-acc-stats-twofeats[5.4.140~1-1ab3d]:main():gmm-acc-stats-twofeats.cc:140) Average like for this file is -49.5588 over 476 frames.
LOG (gmm-acc-stats-twofeats[5.4.140~1-1ab3d]:main():gmm-acc-stats-twofeats.cc:140) Average like for this file is -44.4118 over 580 frames.
LOG (gmm-acc-stats-twofeats[5.4.140~1-1ab3d]:main():gmm-acc-stats-twofeats.cc:140) Average like for this file is -47.9759 over 912 frames.
LOG (gmm-acc-stats-twofeats[5.4.140~1-1ab3d]:main():gmm-acc-stats-twofeats.cc:140) Average like for this file is -48.5019 over 410 frames.
LOG (gmm-acc-stats-twofeats[5.4.140~1-1ab3d]:main():gmm-acc-stats-twofeats.cc:140) Average like for this file is -46.3709 over 584 frames.
LOG (gmm-acc-stats-twofeats[5.4.140~1-1ab3d]:main():gmm-acc-stats-twofeats.cc:140) Average like for this file is -45.1691 over 312 frames.
LOG (gmm-acc-stats-twofeats[5.4.140~1-1ab3d]:main():gmm-acc-stats-twofeats.cc:146) Avg like per frame so far is -47.5703
LOG (gmm-acc-stats-twofeats[5.4.140~1-1ab3d]:main():gmm-acc-stats-twofeats.cc:140) Average like for this file is -47.4004 over 574 frames.
LOG (gmm-acc-stats-twofeats[5.4.140~1-1ab3d]:main():gmm-acc-stats-twofeats.cc:140) Average like for this file is -49.3003 over 660 frames.
LOG (gmm-acc-stats-twofeats[5.4.140~1-1ab3d]:main():gmm-acc-stats-twofeats.cc:140) Average like for this file is -49.0695 over 929 frames.
LOG (gmm-acc-stats-twofeats[5.4.140~1-1ab3d]:main():gmm-acc-stats-twofeats.cc:140) Average like for this file is -47.0599 over 500 frames.
LOG (gmm-acc-stats-twofeats[5.4.140~1-1ab3d]:main():gmm-acc-stats-twofeats.cc:140) Average like for this file is -49.8892 over 1213 frames.
LOG (gmm-acc-stats-twofeats[5.4.140~1-1ab3d]:main():gmm-acc-stats-twofeats.cc:140) Average like for this file is -46.2798 over 602 frames.
LOG (gmm-acc-stats-twofeats[5.4.140~1-1ab3d]:main():gmm-acc-stats-twofeats.cc:140) Average like for this file is -50.0709 over 437 frames.
LOG (gmm-acc-stats-twofeats[5.4.140~1-1ab3d]:main():gmm-acc-stats-twofeats.cc:140) Average like for this file is -46.5204 over 547 frames.
LOG (gmm-acc-stats-twofeats[5.4.140~1-1ab3d]:main():gmm-acc-stats-twofeats.cc:140) Average like for this file is -49.2729 over 703 frames.
LOG (gmm-acc-stats-twofeats[5.4.140~1-1ab3d]:main():gmm-acc-stats-twofeats.cc:140) Average like for this file is -47.8259 over 612 frames.
LOG (gmm-acc-stats-twofeats[5.4.140~1-1ab3d]:main():gmm-acc-stats-twofeats.cc:146) Avg like per frame so far is -47.692
LOG (gmm-acc-stats-twofeats[5.4.140~1-1ab3d]:main():gmm-acc-stats-twofeats.cc:140) Average like for this file is -46.8121 over 711 frames.
LOG (gmm-acc-stats-twofeats[5.4.140~1-1ab3d]:main():gmm-acc-stats-twofeats.cc:140) Average like for this file is -47.5577 over 804 frames.
LOG (gmm-acc-stats-twofeats[5.4.140~1-1ab3d]:main():gmm-acc-stats-twofeats.cc:140) Average like for this file is -46.1954 over 510 frames.
LOG (gmm-acc-stats-twofeats[5.4.140~1-1ab3d]:main():gmm-acc-stats-twofeats.cc:140) Average like for this file is -50.5097 over 441 frames.
LOG (gmm-acc-stats-twofeats[5.4.140~1-1ab3d]:main():gmm-acc-stats-twofeats.cc:140) Average like for this file is -47.2899 over 469 frames.
LOG (gmm-acc-stats-twofeats[5.4.140~1-1ab3d]:main():gmm-acc-stats-twofeats.cc:140) Average like for this file is -46.4567 over 381 frames.
LOG (gmm-acc-stats-twofeats[5.4.140~1-1ab3d]:main():gmm-acc-stats-twofeats.cc:140) Average like for this file is -51.3377 over 412 frames.
LOG (gmm-acc-stats-twofeats[5.4.140~1-1ab3d]:main():gmm-acc-stats-twofeats.cc:140) Average like for this file is -51.3633 over 556 frames.
LOG (gmm-acc-stats-twofeats[5.4.140~1-1ab3d]:main():gmm-acc-stats-twofeats.cc:140) Average like for this file is -51.333 over 536 frames.
LOG (gmm-acc-stats-twofeats[5.4.140~1-1ab3d]:main():gmm-acc-stats-twofeats.cc:140) Average like for this file is -46.5701 over 291 frames.
LOG (gmm-acc-stats-twofeats[5.4.140~1-1ab3d]:main():gmm-acc-stats-twofeats.cc:146) Avg like per frame so far is -47.7691
LOG (gmm-acc-stats-twofeats[5.4.140~1-1ab3d]:main():gmm-acc-stats-twofeats.cc:140) Average like for this file is -43.9088 over 356 frames.
LOG (gmm-acc-stats-twofeats[5.4.140~1-1ab3d]:main():gmm-acc-stats-twofeats.cc:140) Average like for this file is -46.806 over 719 frames.
LOG (gmm-acc-stats-twofeats[5.4.140~1-1ab3d]:main():gmm-acc-stats-twofeats.cc:140) Average like for this file is -44.9383 over 391 frames.
LOG (gmm-acc-stats-twofeats[5.4.140~1-1ab3d]:main():gmm-acc-stats-twofeats.cc:140) Average like for this file is -47.7459 over 772 frames.
LOG (gmm-acc-stats-twofeats[5.4.140~1-1ab3d]:main():gmm-acc-stats-twofeats.cc:140) Average like for this file is -50.625 over 753 frames.
LOG (gmm-acc-stats-twofeats[5.4.140~1-1ab3d]:main():gmm-acc-stats-twofeats.cc:140) Average like for this file is -47.5061 over 583 frames.
LOG (gmm-acc-stats-twofeats[5.4.140~1-1ab3d]:main():gmm-acc-stats-twofeats.cc:140) Average like for this file is -47.3223 over 482 frames.
LOG (gmm-acc-stats-twofeats[5.4.140~1-1ab3d]:main():gmm-acc-stats-twofeats.cc:140) Average like for this file is -47.4031 over 932 frames.
LOG (gmm-acc-stats-twofeats[5.4.140~1-1ab3d]:main():gmm-acc-stats-twofeats.cc:140) Average like for this file is -43.7642 over 710 frames.
LOG (gmm-acc-stats-twofeats[5.4.140~1-1ab3d]:main():gmm-acc-stats-twofeats.cc:140) Average like for this file is -47.0466 over 621 frames.
LOG (gmm-acc-stats-twofeats[5.4.140~1-1ab3d]:main():gmm-acc-stats-twofeats.cc:146) Avg like per frame so far is -47.6871
LOG (gmm-acc-stats-twofeats[5.4.140~1-1ab3d]:main():gmm-acc-stats-twofeats.cc:140) Average like for this file is -45.7117 over 499 frames.
LOG (gmm-acc-stats-twofeats[5.4.140~1-1ab3d]:main():gmm-acc-stats-twofeats.cc:140) Average like for this file is -45.5443 over 474 frames.
LOG (gmm-acc-stats-twofeats[5.4.140~1-1ab3d]:main():gmm-acc-stats-twofeats.cc:140) Average like for this file is -47.1294 over 468 frames.
LOG (gmm-acc-stats-twofeats[5.4.140~1-1ab3d]:main():gmm-acc-stats-twofeats.cc:140) Average like for this file is -48.1224 over 520 frames.
LOG (gmm-acc-stats-twofeats[5.4.140~1-1ab3d]:main():gmm-acc-stats-twofeats.cc:140) Average like for this file is -51.1884 over 811 frames.
LOG (gmm-acc-stats-twofeats[5.4.140~1-1ab3d]:main():gmm-acc-stats-twofeats.cc:140) Average like for this file is -54.7024 over 208 frames.
LOG (gmm-acc-stats-twofeats[5.4.140~1-1ab3d]:main():gmm-acc-stats-twofeats.cc:140) Average like for this file is -46.088 over 575 frames.
LOG (gmm-acc-stats-twofeats[5.4.140~1-1ab3d]:main():gmm-acc-stats-twofeats.cc:140) Average like for this file is -47.7716 over 929 frames.
LOG (gmm-acc-stats-twofeats[5.4.140~1-1ab3d]:main():gmm-acc-stats-twofeats.cc:140) Average like for this file is -47.0134 over 652 frames.
LOG (gmm-acc-stats-twofeats[5.4.140~1-1ab3d]:main():gmm-acc-stats-twofeats.cc:140) Average like for this file is -48.4588 over 995 frames.
LOG (gmm-acc-stats-twofeats[5.4.140~1-1ab3d]:main():gmm-acc-stats-twofeats.cc:146) Avg like per frame so far is -47.713
LOG (gmm-acc-stats-twofeats[5.4.140~1-1ab3d]:main():gmm-acc-stats-twofeats.cc:140) Average like for this file is -44.9328 over 870 frames.
LOG (gmm-acc-stats-twofeats[5.4.140~1-1ab3d]:main():gmm-acc-stats-twofeats.cc:140) Average like for this file is -49.6936 over 707 frames.
LOG (gmm-acc-stats-twofeats[5.4.140~1-1ab3d]:main():gmm-acc-stats-twofeats.cc:140) Average like for this file is -44.7546 over 703 frames.
LOG (gmm-acc-stats-twofeats[5.4.140~1-1ab3d]:main():gmm-acc-stats-twofeats.cc:140) Average like for this file is -48.4271 over 514 frames.
LOG (gmm-acc-stats-twofeats[5.4.140~1-1ab3d]:main():gmm-acc-stats-twofeats.cc:140) Average like for this file is -49.5467 over 932 frames.
LOG (gmm-acc-stats-twofeats[5.4.140~1-1ab3d]:main():gmm-acc-stats-twofeats.cc:140) Average like for this file is -46.8695 over 582 frames.
LOG (gmm-acc-stats-twofeats[5.4.140~1-1ab3d]:main():gmm-acc-stats-twofeats.cc:140) Average like for this file is -46.1509 over 995 frames.
LOG (gmm-acc-stats-twofeats[5.4.140~1-1ab3d]:main():gmm-acc-stats-twofeats.cc:140) Average like for this file is -48.7148 over 406 frames.
LOG (gmm-acc-stats-twofeats[5.4.140~1-1ab3d]:main():gmm-acc-stats-twofeats.cc:140) Average like for this file is -45.2922 over 523 frames.
LOG (gmm-acc-stats-twofeats[5.4.140~1-1ab3d]:main():gmm-acc-stats-twofeats.cc:140) Average like for this file is -49.8804 over 527 frames.
LOG (gmm-acc-stats-twofeats[5.4.140~1-1ab3d]:main():gmm-acc-stats-twofeats.cc:146) Avg like per frame so far is -47.6755
LOG (gmm-acc-stats-twofeats[5.4.140~1-1ab3d]:main():gmm-acc-stats-twofeats.cc:140) Average like for this file is -48.7831 over 924 frames.
LOG (gmm-acc-stats-twofeats[5.4.140~1-1ab3d]:main():gmm-acc-stats-twofeats.cc:140) Average like for this file is -48.9664 over 331 frames.
LOG (gmm-acc-stats-twofeats[5.4.140~1-1ab3d]:main():gmm-acc-stats-twofeats.cc:140) Average like for this file is -51.9873 over 593 frames.
LOG (gmm-acc-stats-twofeats[5.4.140~1-1ab3d]:main():gmm-acc-stats-twofeats.cc:140) Average like for this file is -50.616 over 397 frames.
LOG (gmm-acc-stats-twofeats[5.4.140~1-1ab3d]:main():gmm-acc-stats-twofeats.cc:140) Average like for this file is -48.7823 over 685 frames.
LOG (gmm-acc-stats-twofeats[5.4.140~1-1ab3d]:main():gmm-acc-stats-twofeats.cc:140) Average like for this file is -48.0321 over 653 frames.
LOG (gmm-acc-stats-twofeats[5.4.140~1-1ab3d]:main():gmm-acc-stats-twofeats.cc:140) Average like for this file is -49.3928 over 572 frames.
LOG (gmm-acc-stats-twofeats[5.4.140~1-1ab3d]:main():gmm-acc-stats-twofeats.cc:140) Average like for this file is -49.1871 over 546 frames.
LOG (gmm-acc-stats-twofeats[5.4.140~1-1ab3d]:main():gmm-acc-stats-twofeats.cc:140) Average like for this file is -48.2291 over 765 frames.
LOG (gmm-acc-stats-twofeats[5.4.140~1-1ab3d]:main():gmm-acc-stats-twofeats.cc:140) Average like for this file is -45.2911 over 326 frames.
LOG (gmm-acc-stats-twofeats[5.4.140~1-1ab3d]:main():gmm-acc-stats-twofeats.cc:146) Avg like per frame so far is -47.7706
LOG (gmm-acc-stats-twofeats[5.4.140~1-1ab3d]:main():gmm-acc-stats-twofeats.cc:140) Average like for this file is -48.0416 over 432 frames.
LOG (gmm-acc-stats-twofeats[5.4.140~1-1ab3d]:main():gmm-acc-stats-twofeats.cc:140) Average like for this file is -48.7698 over 621 frames.
LOG (gmm-acc-stats-twofeats[5.4.140~1-1ab3d]:main():gmm-acc-stats-twofeats.cc:140) Average like for this file is -46.0492 over 678 frames.
LOG (gmm-acc-stats-twofeats[5.4.140~1-1ab3d]:main():gmm-acc-stats-twofeats.cc:140) Average like for this file is -46.0773 over 1002 frames.
LOG (gmm-acc-stats-twofeats[5.4.140~1-1ab3d]:main():gmm-acc-stats-twofeats.cc:140) Average like for this file is -48.1102 over 749 frames.
LOG (gmm-acc-stats-twofeats[5.4.140~1-1ab3d]:main():gmm-acc-stats-twofeats.cc:140) Average like for this file is -48.7749 over 775 frames.
LOG (gmm-acc-stats-twofeats[5.4.140~1-1ab3d]:main():gmm-acc-stats-twofeats.cc:140) Average like for this file is -46.2891 over 545 frames.
LOG (gmm-acc-stats-twofeats[5.4.140~1-1ab3d]:main():gmm-acc-stats-twofeats.cc:140) Average like for this file is -47.8503 over 605 frames.
LOG (gmm-acc-stats-twofeats[5.4.140~1-1ab3d]:main():gmm-acc-stats-twofeats.cc:140) Average like for this file is -43.366 over 1078 frames.
LOG (gmm-acc-stats-twofeats[5.4.140~1-1ab3d]:main():gmm-acc-stats-twofeats.cc:140) Average like for this file is -44.2225 over 967 frames.
LOG (gmm-acc-stats-twofeats[5.4.140~1-1ab3d]:main():gmm-acc-stats-twofeats.cc:146) Avg like per frame so far is -47.6561
LOG (gmm-acc-stats-twofeats[5.4.140~1-1ab3d]:main():gmm-acc-stats-twofeats.cc:140) Average like for this file is -42.9522 over 670 frames.
LOG (gmm-acc-stats-twofeats[5.4.140~1-1ab3d]:main():gmm-acc-stats-twofeats.cc:140) Average like for this file is -42.956 over 636 frames.
LOG (gmm-acc-stats-twofeats[5.4.140~1-1ab3d]:main():gmm-acc-stats-twofeats.cc:140) Average like for this file is -48.2689 over 742 frames.
LOG (gmm-acc-stats-twofeats[5.4.140~1-1ab3d]:main():gmm-acc-stats-twofeats.cc:140) Average like for this file is -48.6252 over 542 frames.
LOG (gmm-acc-stats-twofeats[5.4.140~1-1ab3d]:main():gmm-acc-stats-twofeats.cc:140) Average like for this file is -48.5922 over 819 frames.
LOG (gmm-acc-stats-twofeats[5.4.140~1-1ab3d]:main():gmm-acc-stats-twofeats.cc:140) Average like for this file is -50.7754 over 519 frames.
LOG (gmm-acc-stats-twofeats[5.4.140~1-1ab3d]:main():gmm-acc-stats-twofeats.cc:140) Average like for this file is -45.4912 over 285 frames.
LOG (gmm-acc-stats-twofeats[5.4.140~1-1ab3d]:main():gmm-acc-stats-twofeats.cc:140) Average like for this file is -47.3179 over 614 frames.
LOG (gmm-acc-stats-twofeats[5.4.140~1-1ab3d]:main():gmm-acc-stats-twofeats.cc:140) Average like for this file is -49.5829 over 616 frames.
LOG (gmm-acc-stats-twofeats[5.4.140~1-1ab3d]:main():gmm-acc-stats-twofeats.cc:140) Average like for this file is -47.1598 over 492 frames.
LOG (gmm-acc-stats-twofeats[5.4.140~1-1ab3d]:main():gmm-acc-stats-twofeats.cc:146) Avg like per frame so far is -47.6277
LOG (gmm-acc-stats-twofeats[5.4.140~1-1ab3d]:main():gmm-acc-stats-twofeats.cc:140) Average like for this file is -47.6985 over 476 frames.
LOG (gmm-acc-stats-twofeats[5.4.140~1-1ab3d]:main():gmm-acc-stats-twofeats.cc:140) Average like for this file is -51.959 over 588 frames.
LOG (gmm-acc-stats-twofeats[5.4.140~1-1ab3d]:main():gmm-acc-stats-twofeats.cc:140) Average like for this file is -47.7046 over 872 frames.
LOG (gmm-acc-stats-twofeats[5.4.140~1-1ab3d]:main():gmm-acc-stats-twofeats.cc:140) Average like for this file is -46.5585 over 515 frames.
LOG (gmm-acc-stats-twofeats[5.4.140~1-1ab3d]:main():gmm-acc-stats-twofeats.cc:140) Average like for this file is -51.5075 over 406 frames.
LOG (gmm-acc-stats-twofeats[5.4.140~1-1ab3d]:main():gmm-acc-stats-twofeats.cc:140) Average like for this file is -48.2269 over 414 frames.
LOG (gmm-acc-stats-twofeats[5.4.140~1-1ab3d]:main():gmm-acc-stats-twofeats.cc:140) Average like for this file is -44.859 over 560 frames.
LOG (gmm-acc-stats-twofeats[5.4.140~1-1ab3d]:main():gmm-acc-stats-twofeats.cc:140) Average like for this file is -48.7242 over 467 frames.
LOG (gmm-acc-stats-twofeats[5.4.140~1-1ab3d]:main():gmm-acc-stats-twofeats.cc:140) Average like for this file is -47.3147 over 433 frames.
LOG (gmm-acc-stats-twofeats[5.4.140~1-1ab3d]:main():gmm-acc-stats-twofeats.cc:140) Average like for this file is -50.5937 over 515 frames.
LOG (gmm-acc-stats-twofeats[5.4.140~1-1ab3d]:main():gmm-acc-stats-twofeats.cc:146) Avg like per frame so far is -47.6709
LOG (gmm-acc-stats-twofeats[5.4.140~1-1ab3d]:main():gmm-acc-stats-twofeats.cc:140) Average like for this file is -47.8949 over 570 frames.
LOG (gmm-acc-stats-twofeats[5.4.140~1-1ab3d]:main():gmm-acc-stats-twofeats.cc:140) Average like for this file is -48.1852 over 801 frames.
LOG (gmm-acc-stats-twofeats[5.4.140~1-1ab3d]:main():gmm-acc-stats-twofeats.cc:140) Average like for this file is -46.7148 over 1055 frames.
LOG (gmm-acc-stats-twofeats[5.4.140~1-1ab3d]:main():gmm-acc-stats-twofeats.cc:140) Average like for this file is -43.8349 over 524 frames.
LOG (gmm-acc-stats-twofeats[5.4.140~1-1ab3d]:main():gmm-acc-stats-twofeats.cc:140) Average like for this file is -43.4966 over 428 frames.
LOG (gmm-acc-stats-twofeats[5.4.140~1-1ab3d]:main():gmm-acc-stats-twofeats.cc:140) Average like for this file is -47.0671 over 408 frames.
LOG (gmm-acc-stats-twofeats[5.4.140~1-1ab3d]:main():gmm-acc-stats-twofeats.cc:140) Average like for this file is -49.1353 over 447 frames.
LOG (gmm-acc-stats-twofeats[5.4.140~1-1ab3d]:main():gmm-acc-stats-twofeats.cc:140) Average like for this file is -48.3854 over 568 frames.
LOG (gmm-acc-stats-twofeats[5.4.140~1-1ab3d]:main():gmm-acc-stats-twofeats.cc:140) Average like for this file is -45.7117 over 712 frames.
LOG (gmm-acc-stats-twofeats[5.4.140~1-1ab3d]:main():gmm-acc-stats-twofeats.cc:140) Average like for this file is -45.4013 over 662 frames.
LOG (gmm-acc-stats-twofeats[5.4.140~1-1ab3d]:main():gmm-acc-stats-twofeats.cc:146) Avg like per frame so far is -47.6104
LOG (gmm-acc-stats-twofeats[5.4.140~1-1ab3d]:main():gmm-acc-stats-twofeats.cc:140) Average like for this file is -45.1054 over 1059 frames.
LOG (gmm-acc-stats-twofeats[5.4.140~1-1ab3d]:main():gmm-acc-stats-twofeats.cc:140) Average like for this file is -48.1876 over 657 frames.
LOG (gmm-acc-stats-twofeats[5.4.140~1-1ab3d]:main():gmm-acc-stats-twofeats.cc:140) Average like for this file is -44.901 over 1053 frames.
LOG (gmm-acc-stats-twofeats[5.4.140~1-1ab3d]:main():gmm-acc-stats-twofeats.cc:140) Average like for this file is -47.9881 over 760 frames.
LOG (gmm-acc-stats-twofeats[5.4.140~1-1ab3d]:main():gmm-acc-stats-twofeats.cc:140) Average like for this file is -47.8468 over 824 frames.
LOG (ali-to-post[5.4.140~1-1ab3d]:main():ali-to-post.cc:73) Converted 184 alignments.
LOG (gmm-acc-stats-twofeats[5.4.140~1-1ab3d]:main():gmm-acc-stats-twofeats.cc:140) Average like for this file is -47.9226 over 868 frames.
LOG (gmm-acc-stats-twofeats[5.4.140~1-1ab3d]:main():gmm-acc-stats-twofeats.cc:140) Average like for this file is -43.2252 over 620 frames.
LOG (gmm-acc-stats-twofeats[5.4.140~1-1ab3d]:main():gmm-acc-stats-twofeats.cc:140) Average like for this file is -45.3052 over 394 frames.
LOG (apply-cmvn[5.4.140~1-1ab3d]:main():apply-cmvn.cc:162) Applied cepstral mean normalization to 184 utterances, errors on 0
LOG (gmm-acc-stats-twofeats[5.4.140~1-1ab3d]:main():gmm-acc-stats-twofeats.cc:140) Average like for this file is -44.4363 over 702 frames.
LOG (apply-cmvn[5.4.140~1-1ab3d]:main():apply-cmvn.cc:162) Applied cepstral mean normalization to 184 utterances, errors on 0
LOG (gmm-acc-stats-twofeats[5.4.140~1-1ab3d]:main():gmm-acc-stats-twofeats.cc:140) Average like for this file is -44.7174 over 449 frames.
LOG (gmm-acc-stats-twofeats[5.4.140~1-1ab3d]:main():gmm-acc-stats-twofeats.cc:146) Avg like per frame so far is -47.5078
LOG (gmm-acc-stats-twofeats[5.4.140~1-1ab3d]:main():gmm-acc-stats-twofeats.cc:140) Average like for this file is -45.1359 over 596 frames.
LOG (gmm-acc-stats-twofeats[5.4.140~1-1ab3d]:main():gmm-acc-stats-twofeats.cc:140) Average like for this file is -48.5161 over 491 frames.
LOG (transform-feats[5.4.140~1-1ab3d]:main():transform-feats.cc:158) Overall average [pseudo-]logdet is -74.7006 over 114437 frames.
LOG (transform-feats[5.4.140~1-1ab3d]:main():transform-feats.cc:161) Applied transform to 184 utterances; 0 had errors.
LOG (gmm-acc-stats-twofeats[5.4.140~1-1ab3d]:main():gmm-acc-stats-twofeats.cc:140) Average like for this file is -48.1772 over 464 frames.
LOG (transform-feats[5.4.140~1-1ab3d]:main():transform-feats.cc:158) Overall average logdet is 2.4097 over 114437 frames.
LOG (transform-feats[5.4.140~1-1ab3d]:main():transform-feats.cc:161) Applied transform to 184 utterances; 0 had errors.
LOG (transform-feats[5.4.140~1-1ab3d]:main():transform-feats.cc:158) Overall average [pseudo-]logdet is -74.7006 over 114437 frames.
LOG (transform-feats[5.4.140~1-1ab3d]:main():transform-feats.cc:161) Applied transform to 184 utterances; 0 had errors.
LOG (gmm-acc-stats-twofeats[5.4.140~1-1ab3d]:main():gmm-acc-stats-twofeats.cc:140) Average like for this file is -47.3898 over 536 frames.
LOG (gmm-acc-stats-twofeats[5.4.140~1-1ab3d]:main():gmm-acc-stats-twofeats.cc:150) Done 184 files, 0 with no posteriors, 0 with no second features, 0 with other errors.
LOG (gmm-acc-stats-twofeats[5.4.140~1-1ab3d]:main():gmm-acc-stats-twofeats.cc:155) Overall avg like per frame (Gaussian only) = -47.502 over 114437 frames.
LOG (gmm-acc-stats-twofeats[5.4.140~1-1ab3d]:main():gmm-acc-stats-twofeats.cc:163) Written accs.
# Accounting: time=3 threads=1
# Ended (code 0) at Wed Jun 20 18:05:29 CST 2018, elapsed time 3 seconds
