# ali-to-post "ark:gunzip -c exp/tri3/ali.1.gz|" ark:- | gmm-acc-stats-twofeats exp/tri3/35.mdl "ark,s,cs:apply-cmvn  --utt2spk=ark:data/train/split20/1/utt2spk scp:data/train/split20/1/cmvn.scp scp:data/train/split20/1/feats.scp ark:- | splice-feats --left-context=3 --right-context=3 ark:- ark:- | transform-feats exp/tri2_ali/final.mat ark:- ark:- | transform-feats --utt2spk=ark:data/train/split20/1/utt2spk ark:exp/tri3/trans.1 ark:- ark:- |" "ark,s,cs:apply-cmvn  --utt2spk=ark:data/train/split20/1/utt2spk scp:data/train/split20/1/cmvn.scp scp:data/train/split20/1/feats.scp ark:- | splice-feats --left-context=3 --right-context=3 ark:- ark:- | transform-feats exp/tri2_ali/final.mat ark:- ark:- |" ark,s,cs:- exp/tri3/35.1.acc 
# Started at Wed Jun 20 18:05:26 CST 2018
#
ali-to-post 'ark:gunzip -c exp/tri3/ali.1.gz|' ark:- 
gmm-acc-stats-twofeats exp/tri3/35.mdl 'ark,s,cs:apply-cmvn  --utt2spk=ark:data/train/split20/1/utt2spk scp:data/train/split20/1/cmvn.scp scp:data/train/split20/1/feats.scp ark:- | splice-feats --left-context=3 --right-context=3 ark:- ark:- | transform-feats exp/tri2_ali/final.mat ark:- ark:- | transform-feats --utt2spk=ark:data/train/split20/1/utt2spk ark:exp/tri3/trans.1 ark:- ark:- |' 'ark,s,cs:apply-cmvn  --utt2spk=ark:data/train/split20/1/utt2spk scp:data/train/split20/1/cmvn.scp scp:data/train/split20/1/feats.scp ark:- | splice-feats --left-context=3 --right-context=3 ark:- ark:- | transform-feats exp/tri2_ali/final.mat ark:- ark:- |' ark,s,cs:- exp/tri3/35.1.acc 
transform-feats --utt2spk=ark:data/train/split20/1/utt2spk ark:exp/tri3/trans.1 ark:- ark:- 
splice-feats --left-context=3 --right-context=3 ark:- ark:- 
apply-cmvn --utt2spk=ark:data/train/split20/1/utt2spk scp:data/train/split20/1/cmvn.scp scp:data/train/split20/1/feats.scp ark:- 
transform-feats exp/tri2_ali/final.mat ark:- ark:- 
apply-cmvn --utt2spk=ark:data/train/split20/1/utt2spk scp:data/train/split20/1/cmvn.scp scp:data/train/split20/1/feats.scp ark:- 
transform-feats exp/tri2_ali/final.mat ark:- ark:- 
splice-feats --left-context=3 --right-context=3 ark:- ark:- 
LOG (gmm-acc-stats-twofeats[5.4.140~1-1ab3d]:main():gmm-acc-stats-twofeats.cc:140) Average like for this file is -47.7297 over 948 frames.
LOG (gmm-acc-stats-twofeats[5.4.140~1-1ab3d]:main():gmm-acc-stats-twofeats.cc:140) Average like for this file is -49.4948 over 446 frames.
LOG (gmm-acc-stats-twofeats[5.4.140~1-1ab3d]:main():gmm-acc-stats-twofeats.cc:140) Average like for this file is -44.3055 over 547 frames.
LOG (gmm-acc-stats-twofeats[5.4.140~1-1ab3d]:main():gmm-acc-stats-twofeats.cc:140) Average like for this file is -44.6674 over 574 frames.
LOG (gmm-acc-stats-twofeats[5.4.140~1-1ab3d]:main():gmm-acc-stats-twofeats.cc:140) Average like for this file is -49.3258 over 536 frames.
LOG (gmm-acc-stats-twofeats[5.4.140~1-1ab3d]:main():gmm-acc-stats-twofeats.cc:140) Average like for this file is -49.1776 over 749 frames.
LOG (gmm-acc-stats-twofeats[5.4.140~1-1ab3d]:main():gmm-acc-stats-twofeats.cc:140) Average like for this file is -46.6289 over 628 frames.
LOG (gmm-acc-stats-twofeats[5.4.140~1-1ab3d]:main():gmm-acc-stats-twofeats.cc:140) Average like for this file is -52.0199 over 445 frames.
LOG (gmm-acc-stats-twofeats[5.4.140~1-1ab3d]:main():gmm-acc-stats-twofeats.cc:140) Average like for this file is -51.7609 over 993 frames.
LOG (gmm-acc-stats-twofeats[5.4.140~1-1ab3d]:main():gmm-acc-stats-twofeats.cc:140) Average like for this file is -52.4573 over 531 frames.
LOG (gmm-acc-stats-twofeats[5.4.140~1-1ab3d]:main():gmm-acc-stats-twofeats.cc:146) Avg like per frame so far is -48.797
LOG (gmm-acc-stats-twofeats[5.4.140~1-1ab3d]:main():gmm-acc-stats-twofeats.cc:140) Average like for this file is -49.1606 over 981 frames.
LOG (gmm-acc-stats-twofeats[5.4.140~1-1ab3d]:main():gmm-acc-stats-twofeats.cc:140) Average like for this file is -46.35 over 587 frames.
LOG (gmm-acc-stats-twofeats[5.4.140~1-1ab3d]:main():gmm-acc-stats-twofeats.cc:140) Average like for this file is -50.3241 over 561 frames.
LOG (gmm-acc-stats-twofeats[5.4.140~1-1ab3d]:main():gmm-acc-stats-twofeats.cc:140) Average like for this file is -47.3292 over 342 frames.
LOG (gmm-acc-stats-twofeats[5.4.140~1-1ab3d]:main():gmm-acc-stats-twofeats.cc:140) Average like for this file is -45.2201 over 669 frames.
LOG (gmm-acc-stats-twofeats[5.4.140~1-1ab3d]:main():gmm-acc-stats-twofeats.cc:140) Average like for this file is -51.6958 over 634 frames.
LOG (gmm-acc-stats-twofeats[5.4.140~1-1ab3d]:main():gmm-acc-stats-twofeats.cc:140) Average like for this file is -47.9807 over 566 frames.
LOG (gmm-acc-stats-twofeats[5.4.140~1-1ab3d]:main():gmm-acc-stats-twofeats.cc:140) Average like for this file is -45.5409 over 569 frames.
LOG (gmm-acc-stats-twofeats[5.4.140~1-1ab3d]:main():gmm-acc-stats-twofeats.cc:140) Average like for this file is -47.9316 over 979 frames.
LOG (gmm-acc-stats-twofeats[5.4.140~1-1ab3d]:main():gmm-acc-stats-twofeats.cc:140) Average like for this file is -44.0332 over 477 frames.
LOG (gmm-acc-stats-twofeats[5.4.140~1-1ab3d]:main():gmm-acc-stats-twofeats.cc:146) Avg like per frame so far is -48.2709
LOG (gmm-acc-stats-twofeats[5.4.140~1-1ab3d]:main():gmm-acc-stats-twofeats.cc:140) Average like for this file is -42.5642 over 527 frames.
LOG (gmm-acc-stats-twofeats[5.4.140~1-1ab3d]:main():gmm-acc-stats-twofeats.cc:140) Average like for this file is -47.5078 over 707 frames.
LOG (gmm-acc-stats-twofeats[5.4.140~1-1ab3d]:main():gmm-acc-stats-twofeats.cc:140) Average like for this file is -44.5084 over 484 frames.
LOG (gmm-acc-stats-twofeats[5.4.140~1-1ab3d]:main():gmm-acc-stats-twofeats.cc:140) Average like for this file is -44.4321 over 627 frames.
LOG (gmm-acc-stats-twofeats[5.4.140~1-1ab3d]:main():gmm-acc-stats-twofeats.cc:140) Average like for this file is -50.8438 over 647 frames.
LOG (gmm-acc-stats-twofeats[5.4.140~1-1ab3d]:main():gmm-acc-stats-twofeats.cc:140) Average like for this file is -48.179 over 508 frames.
LOG (gmm-acc-stats-twofeats[5.4.140~1-1ab3d]:main():gmm-acc-stats-twofeats.cc:140) Average like for this file is -47.7006 over 565 frames.
LOG (gmm-acc-stats-twofeats[5.4.140~1-1ab3d]:main():gmm-acc-stats-twofeats.cc:140) Average like for this file is -45.1516 over 600 frames.
LOG (gmm-acc-stats-twofeats[5.4.140~1-1ab3d]:main():gmm-acc-stats-twofeats.cc:140) Average like for this file is -46.2868 over 495 frames.
LOG (gmm-acc-stats-twofeats[5.4.140~1-1ab3d]:main():gmm-acc-stats-twofeats.cc:140) Average like for this file is -47.8862 over 804 frames.
LOG (gmm-acc-stats-twofeats[5.4.140~1-1ab3d]:main():gmm-acc-stats-twofeats.cc:146) Avg like per frame so far is -47.756
LOG (gmm-acc-stats-twofeats[5.4.140~1-1ab3d]:main():gmm-acc-stats-twofeats.cc:140) Average like for this file is -45.5259 over 385 frames.
LOG (gmm-acc-stats-twofeats[5.4.140~1-1ab3d]:main():gmm-acc-stats-twofeats.cc:140) Average like for this file is -50.6171 over 467 frames.
LOG (gmm-acc-stats-twofeats[5.4.140~1-1ab3d]:main():gmm-acc-stats-twofeats.cc:140) Average like for this file is -48.9867 over 857 frames.
LOG (gmm-acc-stats-twofeats[5.4.140~1-1ab3d]:main():gmm-acc-stats-twofeats.cc:140) Average like for this file is -50.4725 over 529 frames.
LOG (gmm-acc-stats-twofeats[5.4.140~1-1ab3d]:main():gmm-acc-stats-twofeats.cc:140) Average like for this file is -47.0382 over 1100 frames.
LOG (gmm-acc-stats-twofeats[5.4.140~1-1ab3d]:main():gmm-acc-stats-twofeats.cc:140) Average like for this file is -46.1963 over 628 frames.
LOG (gmm-acc-stats-twofeats[5.4.140~1-1ab3d]:main():gmm-acc-stats-twofeats.cc:140) Average like for this file is -46.368 over 593 frames.
LOG (gmm-acc-stats-twofeats[5.4.140~1-1ab3d]:main():gmm-acc-stats-twofeats.cc:140) Average like for this file is -48.9324 over 784 frames.
LOG (gmm-acc-stats-twofeats[5.4.140~1-1ab3d]:main():gmm-acc-stats-twofeats.cc:140) Average like for this file is -46.1278 over 860 frames.
LOG (gmm-acc-stats-twofeats[5.4.140~1-1ab3d]:main():gmm-acc-stats-twofeats.cc:140) Average like for this file is -48.0762 over 701 frames.
LOG (gmm-acc-stats-twofeats[5.4.140~1-1ab3d]:main():gmm-acc-stats-twofeats.cc:146) Avg like per frame so far is -47.7608
LOG (gmm-acc-stats-twofeats[5.4.140~1-1ab3d]:main():gmm-acc-stats-twofeats.cc:140) Average like for this file is -51.4369 over 712 frames.
LOG (gmm-acc-stats-twofeats[5.4.140~1-1ab3d]:main():gmm-acc-stats-twofeats.cc:140) Average like for this file is -51.1666 over 883 frames.
LOG (gmm-acc-stats-twofeats[5.4.140~1-1ab3d]:main():gmm-acc-stats-twofeats.cc:140) Average like for this file is -44.2699 over 1228 frames.
LOG (gmm-acc-stats-twofeats[5.4.140~1-1ab3d]:main():gmm-acc-stats-twofeats.cc:140) Average like for this file is -48.9413 over 396 frames.
LOG (gmm-acc-stats-twofeats[5.4.140~1-1ab3d]:main():gmm-acc-stats-twofeats.cc:140) Average like for this file is -48.3146 over 463 frames.
LOG (gmm-acc-stats-twofeats[5.4.140~1-1ab3d]:main():gmm-acc-stats-twofeats.cc:140) Average like for this file is -45.0352 over 310 frames.
LOG (gmm-acc-stats-twofeats[5.4.140~1-1ab3d]:main():gmm-acc-stats-twofeats.cc:140) Average like for this file is -53.6189 over 540 frames.
LOG (gmm-acc-stats-twofeats[5.4.140~1-1ab3d]:main():gmm-acc-stats-twofeats.cc:140) Average like for this file is -49.2818 over 661 frames.
LOG (gmm-acc-stats-twofeats[5.4.140~1-1ab3d]:main():gmm-acc-stats-twofeats.cc:140) Average like for this file is -44.58 over 295 frames.
LOG (gmm-acc-stats-twofeats[5.4.140~1-1ab3d]:main():gmm-acc-stats-twofeats.cc:140) Average like for this file is -47.9506 over 412 frames.
LOG (gmm-acc-stats-twofeats[5.4.140~1-1ab3d]:main():gmm-acc-stats-twofeats.cc:146) Avg like per frame so far is -47.9043
LOG (gmm-acc-stats-twofeats[5.4.140~1-1ab3d]:main():gmm-acc-stats-twofeats.cc:140) Average like for this file is -45.9044 over 794 frames.
LOG (gmm-acc-stats-twofeats[5.4.140~1-1ab3d]:main():gmm-acc-stats-twofeats.cc:140) Average like for this file is -45.0014 over 638 frames.
LOG (gmm-acc-stats-twofeats[5.4.140~1-1ab3d]:main():gmm-acc-stats-twofeats.cc:140) Average like for this file is -48.0197 over 516 frames.
LOG (gmm-acc-stats-twofeats[5.4.140~1-1ab3d]:main():gmm-acc-stats-twofeats.cc:140) Average like for this file is -49.9517 over 861 frames.
LOG (gmm-acc-stats-twofeats[5.4.140~1-1ab3d]:main():gmm-acc-stats-twofeats.cc:140) Average like for this file is -45.2027 over 715 frames.
LOG (gmm-acc-stats-twofeats[5.4.140~1-1ab3d]:main():gmm-acc-stats-twofeats.cc:140) Average like for this file is -45.0413 over 510 frames.
LOG (gmm-acc-stats-twofeats[5.4.140~1-1ab3d]:main():gmm-acc-stats-twofeats.cc:140) Average like for this file is -46.7323 over 751 frames.
LOG (gmm-acc-stats-twofeats[5.4.140~1-1ab3d]:main():gmm-acc-stats-twofeats.cc:140) Average like for this file is -49.1246 over 582 frames.
LOG (gmm-acc-stats-twofeats[5.4.140~1-1ab3d]:main():gmm-acc-stats-twofeats.cc:140) Average like for this file is -46.1873 over 930 frames.
LOG (gmm-acc-stats-twofeats[5.4.140~1-1ab3d]:main():gmm-acc-stats-twofeats.cc:140) Average like for this file is -48.2565 over 579 frames.
LOG (gmm-acc-stats-twofeats[5.4.140~1-1ab3d]:main():gmm-acc-stats-twofeats.cc:146) Avg like per frame so far is -47.7332
LOG (gmm-acc-stats-twofeats[5.4.140~1-1ab3d]:main():gmm-acc-stats-twofeats.cc:140) Average like for this file is -46.8359 over 487 frames.
LOG (gmm-acc-stats-twofeats[5.4.140~1-1ab3d]:main():gmm-acc-stats-twofeats.cc:140) Average like for this file is -44.2358 over 643 frames.
LOG (gmm-acc-stats-twofeats[5.4.140~1-1ab3d]:main():gmm-acc-stats-twofeats.cc:140) Average like for this file is -46.1936 over 760 frames.
LOG (gmm-acc-stats-twofeats[5.4.140~1-1ab3d]:main():gmm-acc-stats-twofeats.cc:140) Average like for this file is -49.1166 over 604 frames.
LOG (gmm-acc-stats-twofeats[5.4.140~1-1ab3d]:main():gmm-acc-stats-twofeats.cc:140) Average like for this file is -46.3297 over 609 frames.
LOG (gmm-acc-stats-twofeats[5.4.140~1-1ab3d]:main():gmm-acc-stats-twofeats.cc:140) Average like for this file is -46.3372 over 491 frames.
LOG (gmm-acc-stats-twofeats[5.4.140~1-1ab3d]:main():gmm-acc-stats-twofeats.cc:140) Average like for this file is -46.649 over 886 frames.
LOG (gmm-acc-stats-twofeats[5.4.140~1-1ab3d]:main():gmm-acc-stats-twofeats.cc:140) Average like for this file is -48.3858 over 606 frames.
LOG (gmm-acc-stats-twofeats[5.4.140~1-1ab3d]:main():gmm-acc-stats-twofeats.cc:140) Average like for this file is -48.3365 over 317 frames.
LOG (gmm-acc-stats-twofeats[5.4.140~1-1ab3d]:main():gmm-acc-stats-twofeats.cc:140) Average like for this file is -44.4003 over 584 frames.
LOG (gmm-acc-stats-twofeats[5.4.140~1-1ab3d]:main():gmm-acc-stats-twofeats.cc:146) Avg like per frame so far is -47.5782
LOG (gmm-acc-stats-twofeats[5.4.140~1-1ab3d]:main():gmm-acc-stats-twofeats.cc:140) Average like for this file is -49.9294 over 723 frames.
LOG (gmm-acc-stats-twofeats[5.4.140~1-1ab3d]:main():gmm-acc-stats-twofeats.cc:140) Average like for this file is -48.9168 over 625 frames.
LOG (gmm-acc-stats-twofeats[5.4.140~1-1ab3d]:main():gmm-acc-stats-twofeats.cc:140) Average like for this file is -49.7192 over 655 frames.
LOG (gmm-acc-stats-twofeats[5.4.140~1-1ab3d]:main():gmm-acc-stats-twofeats.cc:140) Average like for this file is -48.8708 over 1035 frames.
LOG (gmm-acc-stats-twofeats[5.4.140~1-1ab3d]:main():gmm-acc-stats-twofeats.cc:140) Average like for this file is -43.8876 over 716 frames.
LOG (gmm-acc-stats-twofeats[5.4.140~1-1ab3d]:main():gmm-acc-stats-twofeats.cc:140) Average like for this file is -51.5858 over 447 frames.
LOG (gmm-acc-stats-twofeats[5.4.140~1-1ab3d]:main():gmm-acc-stats-twofeats.cc:140) Average like for this file is -45.9505 over 472 frames.
LOG (gmm-acc-stats-twofeats[5.4.140~1-1ab3d]:main():gmm-acc-stats-twofeats.cc:140) Average like for this file is -43.4875 over 683 frames.
LOG (gmm-acc-stats-twofeats[5.4.140~1-1ab3d]:main():gmm-acc-stats-twofeats.cc:140) Average like for this file is -49.1991 over 675 frames.
LOG (gmm-acc-stats-twofeats[5.4.140~1-1ab3d]:main():gmm-acc-stats-twofeats.cc:140) Average like for this file is -49.8874 over 537 frames.
LOG (gmm-acc-stats-twofeats[5.4.140~1-1ab3d]:main():gmm-acc-stats-twofeats.cc:146) Avg like per frame so far is -47.641
LOG (gmm-acc-stats-twofeats[5.4.140~1-1ab3d]:main():gmm-acc-stats-twofeats.cc:140) Average like for this file is -46.654 over 889 frames.
LOG (gmm-acc-stats-twofeats[5.4.140~1-1ab3d]:main():gmm-acc-stats-twofeats.cc:140) Average like for this file is -48.1815 over 461 frames.
LOG (gmm-acc-stats-twofeats[5.4.140~1-1ab3d]:main():gmm-acc-stats-twofeats.cc:140) Average like for this file is -46.4902 over 888 frames.
LOG (gmm-acc-stats-twofeats[5.4.140~1-1ab3d]:main():gmm-acc-stats-twofeats.cc:140) Average like for this file is -47.554 over 511 frames.
LOG (gmm-acc-stats-twofeats[5.4.140~1-1ab3d]:main():gmm-acc-stats-twofeats.cc:140) Average like for this file is -47.8824 over 435 frames.
LOG (gmm-acc-stats-twofeats[5.4.140~1-1ab3d]:main():gmm-acc-stats-twofeats.cc:140) Average like for this file is -47.7987 over 482 frames.
LOG (gmm-acc-stats-twofeats[5.4.140~1-1ab3d]:main():gmm-acc-stats-twofeats.cc:140) Average like for this file is -47.5427 over 497 frames.
LOG (gmm-acc-stats-twofeats[5.4.140~1-1ab3d]:main():gmm-acc-stats-twofeats.cc:140) Average like for this file is -50.1755 over 550 frames.
LOG (gmm-acc-stats-twofeats[5.4.140~1-1ab3d]:main():gmm-acc-stats-twofeats.cc:140) Average like for this file is -49.2753 over 834 frames.
LOG (gmm-acc-stats-twofeats[5.4.140~1-1ab3d]:main():gmm-acc-stats-twofeats.cc:140) Average like for this file is -46.2878 over 867 frames.
LOG (gmm-acc-stats-twofeats[5.4.140~1-1ab3d]:main():gmm-acc-stats-twofeats.cc:146) Avg like per frame so far is -47.6413
LOG (gmm-acc-stats-twofeats[5.4.140~1-1ab3d]:main():gmm-acc-stats-twofeats.cc:140) Average like for this file is -51.3424 over 422 frames.
LOG (gmm-acc-stats-twofeats[5.4.140~1-1ab3d]:main():gmm-acc-stats-twofeats.cc:140) Average like for this file is -50.5846 over 662 frames.
LOG (gmm-acc-stats-twofeats[5.4.140~1-1ab3d]:main():gmm-acc-stats-twofeats.cc:140) Average like for this file is -48.9689 over 505 frames.
LOG (gmm-acc-stats-twofeats[5.4.140~1-1ab3d]:main():gmm-acc-stats-twofeats.cc:140) Average like for this file is -45.769 over 949 frames.
LOG (gmm-acc-stats-twofeats[5.4.140~1-1ab3d]:main():gmm-acc-stats-twofeats.cc:140) Average like for this file is -49.6328 over 636 frames.
LOG (gmm-acc-stats-twofeats[5.4.140~1-1ab3d]:main():gmm-acc-stats-twofeats.cc:140) Average like for this file is -51.4446 over 557 frames.
LOG (gmm-acc-stats-twofeats[5.4.140~1-1ab3d]:main():gmm-acc-stats-twofeats.cc:140) Average like for this file is -45.6515 over 454 frames.
LOG (gmm-acc-stats-twofeats[5.4.140~1-1ab3d]:main():gmm-acc-stats-twofeats.cc:140) Average like for this file is -51.0458 over 294 frames.
LOG (gmm-acc-stats-twofeats[5.4.140~1-1ab3d]:main():gmm-acc-stats-twofeats.cc:140) Average like for this file is -44.1295 over 413 frames.
LOG (gmm-acc-stats-twofeats[5.4.140~1-1ab3d]:main():gmm-acc-stats-twofeats.cc:140) Average like for this file is -48.5183 over 644 frames.
LOG (gmm-acc-stats-twofeats[5.4.140~1-1ab3d]:main():gmm-acc-stats-twofeats.cc:146) Avg like per frame so far is -47.7208
LOG (gmm-acc-stats-twofeats[5.4.140~1-1ab3d]:main():gmm-acc-stats-twofeats.cc:140) Average like for this file is -42.8784 over 556 frames.
LOG (gmm-acc-stats-twofeats[5.4.140~1-1ab3d]:main():gmm-acc-stats-twofeats.cc:140) Average like for this file is -48.6099 over 774 frames.
LOG (gmm-acc-stats-twofeats[5.4.140~1-1ab3d]:main():gmm-acc-stats-twofeats.cc:140) Average like for this file is -46.9729 over 689 frames.
LOG (gmm-acc-stats-twofeats[5.4.140~1-1ab3d]:main():gmm-acc-stats-twofeats.cc:140) Average like for this file is -48.7715 over 514 frames.
LOG (gmm-acc-stats-twofeats[5.4.140~1-1ab3d]:main():gmm-acc-stats-twofeats.cc:140) Average like for this file is -50.0496 over 269 frames.
LOG (gmm-acc-stats-twofeats[5.4.140~1-1ab3d]:main():gmm-acc-stats-twofeats.cc:140) Average like for this file is -48.1872 over 355 frames.
LOG (gmm-acc-stats-twofeats[5.4.140~1-1ab3d]:main():gmm-acc-stats-twofeats.cc:140) Average like for this file is -51.0453 over 694 frames.
LOG (gmm-acc-stats-twofeats[5.4.140~1-1ab3d]:main():gmm-acc-stats-twofeats.cc:140) Average like for this file is -44.7751 over 573 frames.
LOG (gmm-acc-stats-twofeats[5.4.140~1-1ab3d]:main():gmm-acc-stats-twofeats.cc:140) Average like for this file is -48.6643 over 641 frames.
LOG (gmm-acc-stats-twofeats[5.4.140~1-1ab3d]:main():gmm-acc-stats-twofeats.cc:140) Average like for this file is -50.2736 over 634 frames.
LOG (gmm-acc-stats-twofeats[5.4.140~1-1ab3d]:main():gmm-acc-stats-twofeats.cc:146) Avg like per frame so far is -47.7449
LOG (gmm-acc-stats-twofeats[5.4.140~1-1ab3d]:main():gmm-acc-stats-twofeats.cc:140) Average like for this file is -47.2247 over 508 frames.
LOG (gmm-acc-stats-twofeats[5.4.140~1-1ab3d]:main():gmm-acc-stats-twofeats.cc:140) Average like for this file is -46.5215 over 506 frames.
LOG (gmm-acc-stats-twofeats[5.4.140~1-1ab3d]:main():gmm-acc-stats-twofeats.cc:140) Average like for this file is -47.2045 over 1123 frames.
LOG (gmm-acc-stats-twofeats[5.4.140~1-1ab3d]:main():gmm-acc-stats-twofeats.cc:140) Average like for this file is -48.1746 over 959 frames.
LOG (gmm-acc-stats-twofeats[5.4.140~1-1ab3d]:main():gmm-acc-stats-twofeats.cc:140) Average like for this file is -48.0075 over 1011 frames.
LOG (gmm-acc-stats-twofeats[5.4.140~1-1ab3d]:main():gmm-acc-stats-twofeats.cc:140) Average like for this file is -45.9624 over 625 frames.
LOG (gmm-acc-stats-twofeats[5.4.140~1-1ab3d]:main():gmm-acc-stats-twofeats.cc:140) Average like for this file is -40.5198 over 518 frames.
LOG (gmm-acc-stats-twofeats[5.4.140~1-1ab3d]:main():gmm-acc-stats-twofeats.cc:140) Average like for this file is -48.3376 over 473 frames.
LOG (gmm-acc-stats-twofeats[5.4.140~1-1ab3d]:main():gmm-acc-stats-twofeats.cc:140) Average like for this file is -48.9486 over 867 frames.
LOG (gmm-acc-stats-twofeats[5.4.140~1-1ab3d]:main():gmm-acc-stats-twofeats.cc:140) Average like for this file is -49.0249 over 637 frames.
LOG (gmm-acc-stats-twofeats[5.4.140~1-1ab3d]:main():gmm-acc-stats-twofeats.cc:146) Avg like per frame so far is -47.6984
LOG (gmm-acc-stats-twofeats[5.4.140~1-1ab3d]:main():gmm-acc-stats-twofeats.cc:140) Average like for this file is -46.808 over 714 frames.
LOG (gmm-acc-stats-twofeats[5.4.140~1-1ab3d]:main():gmm-acc-stats-twofeats.cc:140) Average like for this file is -45.9294 over 252 frames.
LOG (gmm-acc-stats-twofeats[5.4.140~1-1ab3d]:main():gmm-acc-stats-twofeats.cc:140) Average like for this file is -52.6563 over 487 frames.
LOG (gmm-acc-stats-twofeats[5.4.140~1-1ab3d]:main():gmm-acc-stats-twofeats.cc:140) Average like for this file is -45.0459 over 364 frames.
LOG (gmm-acc-stats-twofeats[5.4.140~1-1ab3d]:main():gmm-acc-stats-twofeats.cc:140) Average like for this file is -48.1368 over 511 frames.
LOG (gmm-acc-stats-twofeats[5.4.140~1-1ab3d]:main():gmm-acc-stats-twofeats.cc:140) Average like for this file is -51.2294 over 621 frames.
LOG (gmm-acc-stats-twofeats[5.4.140~1-1ab3d]:main():gmm-acc-stats-twofeats.cc:140) Average like for this file is -48.6704 over 696 frames.
LOG (gmm-acc-stats-twofeats[5.4.140~1-1ab3d]:main():gmm-acc-stats-twofeats.cc:140) Average like for this file is -49.4676 over 390 frames.
LOG (gmm-acc-stats-twofeats[5.4.140~1-1ab3d]:main():gmm-acc-stats-twofeats.cc:140) Average like for this file is -51.4195 over 614 frames.
LOG (gmm-acc-stats-twofeats[5.4.140~1-1ab3d]:main():gmm-acc-stats-twofeats.cc:140) Average like for this file is -47.3554 over 564 frames.
LOG (gmm-acc-stats-twofeats[5.4.140~1-1ab3d]:main():gmm-acc-stats-twofeats.cc:146) Avg like per frame so far is -47.7754
LOG (gmm-acc-stats-twofeats[5.4.140~1-1ab3d]:main():gmm-acc-stats-twofeats.cc:140) Average like for this file is -44.537 over 719 frames.
LOG (gmm-acc-stats-twofeats[5.4.140~1-1ab3d]:main():gmm-acc-stats-twofeats.cc:140) Average like for this file is -47.9333 over 304 frames.
LOG (gmm-acc-stats-twofeats[5.4.140~1-1ab3d]:main():gmm-acc-stats-twofeats.cc:140) Average like for this file is -49.8456 over 342 frames.
LOG (gmm-acc-stats-twofeats[5.4.140~1-1ab3d]:main():gmm-acc-stats-twofeats.cc:140) Average like for this file is -46.4815 over 285 frames.
LOG (gmm-acc-stats-twofeats[5.4.140~1-1ab3d]:main():gmm-acc-stats-twofeats.cc:140) Average like for this file is -53.7391 over 449 frames.
LOG (gmm-acc-stats-twofeats[5.4.140~1-1ab3d]:main():gmm-acc-stats-twofeats.cc:140) Average like for this file is -49.6294 over 486 frames.
LOG (gmm-acc-stats-twofeats[5.4.140~1-1ab3d]:main():gmm-acc-stats-twofeats.cc:140) Average like for this file is -44.2729 over 348 frames.
LOG (gmm-acc-stats-twofeats[5.4.140~1-1ab3d]:main():gmm-acc-stats-twofeats.cc:140) Average like for this file is -44.0909 over 318 frames.
LOG (gmm-acc-stats-twofeats[5.4.140~1-1ab3d]:main():gmm-acc-stats-twofeats.cc:140) Average like for this file is -44.2283 over 574 frames.
LOG (gmm-acc-stats-twofeats[5.4.140~1-1ab3d]:main():gmm-acc-stats-twofeats.cc:140) Average like for this file is -46.2659 over 743 frames.
LOG (gmm-acc-stats-twofeats[5.4.140~1-1ab3d]:main():gmm-acc-stats-twofeats.cc:146) Avg like per frame so far is -47.7297
LOG (gmm-acc-stats-twofeats[5.4.140~1-1ab3d]:main():gmm-acc-stats-twofeats.cc:140) Average like for this file is -46.0165 over 351 frames.
LOG (gmm-acc-stats-twofeats[5.4.140~1-1ab3d]:main():gmm-acc-stats-twofeats.cc:140) Average like for this file is -48.4755 over 792 frames.
LOG (gmm-acc-stats-twofeats[5.4.140~1-1ab3d]:main():gmm-acc-stats-twofeats.cc:140) Average like for this file is -46.7284 over 774 frames.
LOG (gmm-acc-stats-twofeats[5.4.140~1-1ab3d]:main():gmm-acc-stats-twofeats.cc:140) Average like for this file is -45.8532 over 587 frames.
LOG (gmm-acc-stats-twofeats[5.4.140~1-1ab3d]:main():gmm-acc-stats-twofeats.cc:140) Average like for this file is -47.4876 over 225 frames.
LOG (gmm-acc-stats-twofeats[5.4.140~1-1ab3d]:main():gmm-acc-stats-twofeats.cc:140) Average like for this file is -47.0486 over 889 frames.
LOG (gmm-acc-stats-twofeats[5.4.140~1-1ab3d]:main():gmm-acc-stats-twofeats.cc:140) Average like for this file is -46.9936 over 941 frames.
LOG (gmm-acc-stats-twofeats[5.4.140~1-1ab3d]:main():gmm-acc-stats-twofeats.cc:140) Average like for this file is -50.4388 over 501 frames.
LOG (gmm-acc-stats-twofeats[5.4.140~1-1ab3d]:main():gmm-acc-stats-twofeats.cc:140) Average like for this file is -43.8062 over 518 frames.
LOG (gmm-acc-stats-twofeats[5.4.140~1-1ab3d]:main():gmm-acc-stats-twofeats.cc:140) Average like for this file is -51.5027 over 531 frames.
LOG (gmm-acc-stats-twofeats[5.4.140~1-1ab3d]:main():gmm-acc-stats-twofeats.cc:146) Avg like per frame so far is -47.7089
LOG (gmm-acc-stats-twofeats[5.4.140~1-1ab3d]:main():gmm-acc-stats-twofeats.cc:140) Average like for this file is -46.673 over 314 frames.
LOG (gmm-acc-stats-twofeats[5.4.140~1-1ab3d]:main():gmm-acc-stats-twofeats.cc:140) Average like for this file is -40.7155 over 377 frames.
LOG (gmm-acc-stats-twofeats[5.4.140~1-1ab3d]:main():gmm-acc-stats-twofeats.cc:140) Average like for this file is -48.8582 over 566 frames.
LOG (gmm-acc-stats-twofeats[5.4.140~1-1ab3d]:main():gmm-acc-stats-twofeats.cc:140) Average like for this file is -49.0904 over 259 frames.
LOG (gmm-acc-stats-twofeats[5.4.140~1-1ab3d]:main():gmm-acc-stats-twofeats.cc:140) Average like for this file is -47.4474 over 881 frames.
LOG (gmm-acc-stats-twofeats[5.4.140~1-1ab3d]:main():gmm-acc-stats-twofeats.cc:140) Average like for this file is -50.4466 over 652 frames.
LOG (gmm-acc-stats-twofeats[5.4.140~1-1ab3d]:main():gmm-acc-stats-twofeats.cc:140) Average like for this file is -45.2394 over 638 frames.
LOG (gmm-acc-stats-twofeats[5.4.140~1-1ab3d]:main():gmm-acc-stats-twofeats.cc:140) Average like for this file is -48.4141 over 508 frames.
LOG (gmm-acc-stats-twofeats[5.4.140~1-1ab3d]:main():gmm-acc-stats-twofeats.cc:140) Average like for this file is -48.1585 over 502 frames.
LOG (gmm-acc-stats-twofeats[5.4.140~1-1ab3d]:main():gmm-acc-stats-twofeats.cc:140) Average like for this file is -48.4773 over 679 frames.
LOG (gmm-acc-stats-twofeats[5.4.140~1-1ab3d]:main():gmm-acc-stats-twofeats.cc:146) Avg like per frame so far is -47.6999
LOG (gmm-acc-stats-twofeats[5.4.140~1-1ab3d]:main():gmm-acc-stats-twofeats.cc:140) Average like for this file is -49.1793 over 985 frames.
LOG (gmm-acc-stats-twofeats[5.4.140~1-1ab3d]:main():gmm-acc-stats-twofeats.cc:140) Average like for this file is -50.6631 over 546 frames.
LOG (gmm-acc-stats-twofeats[5.4.140~1-1ab3d]:main():gmm-acc-stats-twofeats.cc:140) Average like for this file is -48.127 over 529 frames.
LOG (gmm-acc-stats-twofeats[5.4.140~1-1ab3d]:main():gmm-acc-stats-twofeats.cc:140) Average like for this file is -44.0571 over 676 frames.
LOG (gmm-acc-stats-twofeats[5.4.140~1-1ab3d]:main():gmm-acc-stats-twofeats.cc:140) Average like for this file is -46.8857 over 479 frames.
LOG (gmm-acc-stats-twofeats[5.4.140~1-1ab3d]:main():gmm-acc-stats-twofeats.cc:140) Average like for this file is -48.7119 over 625 frames.
LOG (gmm-acc-stats-twofeats[5.4.140~1-1ab3d]:main():gmm-acc-stats-twofeats.cc:140) Average like for this file is -48.1534 over 915 frames.
LOG (gmm-acc-stats-twofeats[5.4.140~1-1ab3d]:main():gmm-acc-stats-twofeats.cc:140) Average like for this file is -47.4394 over 442 frames.
LOG (gmm-acc-stats-twofeats[5.4.140~1-1ab3d]:main():gmm-acc-stats-twofeats.cc:140) Average like for this file is -48.6496 over 502 frames.
LOG (gmm-acc-stats-twofeats[5.4.140~1-1ab3d]:main():gmm-acc-stats-twofeats.cc:140) Average like for this file is -47.0712 over 879 frames.
LOG (gmm-acc-stats-twofeats[5.4.140~1-1ab3d]:main():gmm-acc-stats-twofeats.cc:146) Avg like per frame so far is -47.7125
LOG (gmm-acc-stats-twofeats[5.4.140~1-1ab3d]:main():gmm-acc-stats-twofeats.cc:140) Average like for this file is -46.9027 over 470 frames.
LOG (gmm-acc-stats-twofeats[5.4.140~1-1ab3d]:main():gmm-acc-stats-twofeats.cc:140) Average like for this file is -44.1836 over 410 frames.
LOG (gmm-acc-stats-twofeats[5.4.140~1-1ab3d]:main():gmm-acc-stats-twofeats.cc:140) Average like for this file is -50.1591 over 493 frames.
LOG (gmm-acc-stats-twofeats[5.4.140~1-1ab3d]:main():gmm-acc-stats-twofeats.cc:140) Average like for this file is -45.2641 over 580 frames.
LOG (gmm-acc-stats-twofeats[5.4.140~1-1ab3d]:main():gmm-acc-stats-twofeats.cc:140) Average like for this file is -46.7669 over 825 frames.
LOG (gmm-acc-stats-twofeats[5.4.140~1-1ab3d]:main():gmm-acc-stats-twofeats.cc:140) Average like for this file is -49.2946 over 432 frames.
LOG (gmm-acc-stats-twofeats[5.4.140~1-1ab3d]:main():gmm-acc-stats-twofeats.cc:140) Average like for this file is -48.501 over 775 frames.
LOG (gmm-acc-stats-twofeats[5.4.140~1-1ab3d]:main():gmm-acc-stats-twofeats.cc:140) Average like for this file is -49.083 over 502 frames.
LOG (gmm-acc-stats-twofeats[5.4.140~1-1ab3d]:main():gmm-acc-stats-twofeats.cc:140) Average like for this file is -50.1859 over 556 frames.
LOG (gmm-acc-stats-twofeats[5.4.140~1-1ab3d]:main():gmm-acc-stats-twofeats.cc:140) Average like for this file is -46.2445 over 548 frames.
LOG (gmm-acc-stats-twofeats[5.4.140~1-1ab3d]:main():gmm-acc-stats-twofeats.cc:146) Avg like per frame so far is -47.7101
LOG (gmm-acc-stats-twofeats[5.4.140~1-1ab3d]:main():gmm-acc-stats-twofeats.cc:140) Average like for this file is -46.1369 over 408 frames.
LOG (gmm-acc-stats-twofeats[5.4.140~1-1ab3d]:main():gmm-acc-stats-twofeats.cc:140) Average like for this file is -48.4848 over 582 frames.
LOG (gmm-acc-stats-twofeats[5.4.140~1-1ab3d]:main():gmm-acc-stats-twofeats.cc:140) Average like for this file is -49.02 over 630 frames.
LOG (gmm-acc-stats-twofeats[5.4.140~1-1ab3d]:main():gmm-acc-stats-twofeats.cc:140) Average like for this file is -47.4057 over 528 frames.
LOG (ali-to-post[5.4.140~1-1ab3d]:main():ali-to-post.cc:73) Converted 192 alignments.
LOG (gmm-acc-stats-twofeats[5.4.140~1-1ab3d]:main():gmm-acc-stats-twofeats.cc:140) Average like for this file is -49.0985 over 612 frames.
LOG (apply-cmvn[5.4.140~1-1ab3d]:main():apply-cmvn.cc:162) Applied cepstral mean normalization to 192 utterances, errors on 0
LOG (gmm-acc-stats-twofeats[5.4.140~1-1ab3d]:main():gmm-acc-stats-twofeats.cc:140) Average like for this file is -50.6916 over 601 frames.
LOG (apply-cmvn[5.4.140~1-1ab3d]:main():apply-cmvn.cc:162) Applied cepstral mean normalization to 192 utterances, errors on 0
LOG (gmm-acc-stats-twofeats[5.4.140~1-1ab3d]:main():gmm-acc-stats-twofeats.cc:140) Average like for this file is -48.0738 over 993 frames.
LOG (gmm-acc-stats-twofeats[5.4.140~1-1ab3d]:main():gmm-acc-stats-twofeats.cc:140) Average like for this file is -49.0894 over 408 frames.
LOG (gmm-acc-stats-twofeats[5.4.140~1-1ab3d]:main():gmm-acc-stats-twofeats.cc:140) Average like for this file is -51.5877 over 414 frames.
LOG (gmm-acc-stats-twofeats[5.4.140~1-1ab3d]:main():gmm-acc-stats-twofeats.cc:140) Average like for this file is -47.2242 over 852 frames.
LOG (gmm-acc-stats-twofeats[5.4.140~1-1ab3d]:main():gmm-acc-stats-twofeats.cc:146) Avg like per frame so far is -47.7554
LOG (transform-feats[5.4.140~1-1ab3d]:main():transform-feats.cc:158) Overall average [pseudo-]logdet is -74.7006 over 116453 frames.
LOG (transform-feats[5.4.140~1-1ab3d]:main():transform-feats.cc:161) Applied transform to 192 utterances; 0 had errors.
LOG (gmm-acc-stats-twofeats[5.4.140~1-1ab3d]:main():gmm-acc-stats-twofeats.cc:140) Average like for this file is -53.0666 over 524 frames.
LOG (transform-feats[5.4.140~1-1ab3d]:main():transform-feats.cc:158) Overall average logdet is 3.13518 over 116453 frames.
LOG (transform-feats[5.4.140~1-1ab3d]:main():transform-feats.cc:161) Applied transform to 192 utterances; 0 had errors.
LOG (transform-feats[5.4.140~1-1ab3d]:main():transform-feats.cc:158) Overall average [pseudo-]logdet is -74.7006 over 116453 frames.
LOG (transform-feats[5.4.140~1-1ab3d]:main():transform-feats.cc:161) Applied transform to 192 utterances; 0 had errors.
LOG (gmm-acc-stats-twofeats[5.4.140~1-1ab3d]:main():gmm-acc-stats-twofeats.cc:140) Average like for this file is -46.6568 over 629 frames.
LOG (gmm-acc-stats-twofeats[5.4.140~1-1ab3d]:main():gmm-acc-stats-twofeats.cc:150) Done 192 files, 0 with no posteriors, 0 with no second features, 0 with other errors.
LOG (gmm-acc-stats-twofeats[5.4.140~1-1ab3d]:main():gmm-acc-stats-twofeats.cc:155) Overall avg like per frame (Gaussian only) = -47.7734 over 116453 frames.
LOG (gmm-acc-stats-twofeats[5.4.140~1-1ab3d]:main():gmm-acc-stats-twofeats.cc:163) Written accs.
# Accounting: time=3 threads=1
# Ended (code 0) at Wed Jun 20 18:05:29 CST 2018, elapsed time 3 seconds
