# ali-to-post "ark:gunzip -c exp/tri3/ali.13.gz|" ark:- | gmm-acc-stats-twofeats exp/tri3/35.mdl "ark,s,cs:apply-cmvn  --utt2spk=ark:data/train/split20/13/utt2spk scp:data/train/split20/13/cmvn.scp scp:data/train/split20/13/feats.scp ark:- | splice-feats --left-context=3 --right-context=3 ark:- ark:- | transform-feats exp/tri2_ali/final.mat ark:- ark:- | transform-feats --utt2spk=ark:data/train/split20/13/utt2spk ark:exp/tri3/trans.13 ark:- ark:- |" "ark,s,cs:apply-cmvn  --utt2spk=ark:data/train/split20/13/utt2spk scp:data/train/split20/13/cmvn.scp scp:data/train/split20/13/feats.scp ark:- | splice-feats --left-context=3 --right-context=3 ark:- ark:- | transform-feats exp/tri2_ali/final.mat ark:- ark:- |" ark,s,cs:- exp/tri3/35.13.acc 
# Started at Wed Jun 20 18:05:26 CST 2018
#
gmm-acc-stats-twofeats exp/tri3/35.mdl 'ark,s,cs:apply-cmvn  --utt2spk=ark:data/train/split20/13/utt2spk scp:data/train/split20/13/cmvn.scp scp:data/train/split20/13/feats.scp ark:- | splice-feats --left-context=3 --right-context=3 ark:- ark:- | transform-feats exp/tri2_ali/final.mat ark:- ark:- | transform-feats --utt2spk=ark:data/train/split20/13/utt2spk ark:exp/tri3/trans.13 ark:- ark:- |' 'ark,s,cs:apply-cmvn  --utt2spk=ark:data/train/split20/13/utt2spk scp:data/train/split20/13/cmvn.scp scp:data/train/split20/13/feats.scp ark:- | splice-feats --left-context=3 --right-context=3 ark:- ark:- | transform-feats exp/tri2_ali/final.mat ark:- ark:- |' ark,s,cs:- exp/tri3/35.13.acc 
ali-to-post 'ark:gunzip -c exp/tri3/ali.13.gz|' ark:- 
transform-feats --utt2spk=ark:data/train/split20/13/utt2spk ark:exp/tri3/trans.13 ark:- ark:- 
transform-feats exp/tri2_ali/final.mat ark:- ark:- 
apply-cmvn --utt2spk=ark:data/train/split20/13/utt2spk scp:data/train/split20/13/cmvn.scp scp:data/train/split20/13/feats.scp ark:- 
splice-feats --left-context=3 --right-context=3 ark:- ark:- 
transform-feats exp/tri2_ali/final.mat ark:- ark:- 
splice-feats --left-context=3 --right-context=3 ark:- ark:- 
apply-cmvn --utt2spk=ark:data/train/split20/13/utt2spk scp:data/train/split20/13/cmvn.scp scp:data/train/split20/13/feats.scp ark:- 
LOG (gmm-acc-stats-twofeats[5.4.140~1-1ab3d]:main():gmm-acc-stats-twofeats.cc:140) Average like for this file is -47.7228 over 505 frames.
LOG (gmm-acc-stats-twofeats[5.4.140~1-1ab3d]:main():gmm-acc-stats-twofeats.cc:140) Average like for this file is -47.6204 over 605 frames.
LOG (gmm-acc-stats-twofeats[5.4.140~1-1ab3d]:main():gmm-acc-stats-twofeats.cc:140) Average like for this file is -49.6303 over 945 frames.
LOG (gmm-acc-stats-twofeats[5.4.140~1-1ab3d]:main():gmm-acc-stats-twofeats.cc:140) Average like for this file is -48.4552 over 660 frames.
LOG (gmm-acc-stats-twofeats[5.4.140~1-1ab3d]:main():gmm-acc-stats-twofeats.cc:140) Average like for this file is -47.2591 over 403 frames.
LOG (gmm-acc-stats-twofeats[5.4.140~1-1ab3d]:main():gmm-acc-stats-twofeats.cc:140) Average like for this file is -49.0731 over 589 frames.
LOG (gmm-acc-stats-twofeats[5.4.140~1-1ab3d]:main():gmm-acc-stats-twofeats.cc:140) Average like for this file is -48.9522 over 537 frames.
LOG (gmm-acc-stats-twofeats[5.4.140~1-1ab3d]:main():gmm-acc-stats-twofeats.cc:140) Average like for this file is -47.3413 over 561 frames.
LOG (gmm-acc-stats-twofeats[5.4.140~1-1ab3d]:main():gmm-acc-stats-twofeats.cc:140) Average like for this file is -45.2751 over 950 frames.
LOG (gmm-acc-stats-twofeats[5.4.140~1-1ab3d]:main():gmm-acc-stats-twofeats.cc:140) Average like for this file is -47.8835 over 525 frames.
LOG (gmm-acc-stats-twofeats[5.4.140~1-1ab3d]:main():gmm-acc-stats-twofeats.cc:146) Avg like per frame so far is -47.888
LOG (gmm-acc-stats-twofeats[5.4.140~1-1ab3d]:main():gmm-acc-stats-twofeats.cc:140) Average like for this file is -44.1535 over 556 frames.
LOG (gmm-acc-stats-twofeats[5.4.140~1-1ab3d]:main():gmm-acc-stats-twofeats.cc:140) Average like for this file is -48.3749 over 582 frames.
LOG (gmm-acc-stats-twofeats[5.4.140~1-1ab3d]:main():gmm-acc-stats-twofeats.cc:140) Average like for this file is -48.0739 over 647 frames.
LOG (gmm-acc-stats-twofeats[5.4.140~1-1ab3d]:main():gmm-acc-stats-twofeats.cc:140) Average like for this file is -48.4053 over 446 frames.
LOG (gmm-acc-stats-twofeats[5.4.140~1-1ab3d]:main():gmm-acc-stats-twofeats.cc:140) Average like for this file is -47.8106 over 554 frames.
LOG (gmm-acc-stats-twofeats[5.4.140~1-1ab3d]:main():gmm-acc-stats-twofeats.cc:140) Average like for this file is -47.8242 over 493 frames.
LOG (gmm-acc-stats-twofeats[5.4.140~1-1ab3d]:main():gmm-acc-stats-twofeats.cc:140) Average like for this file is -44.3755 over 330 frames.
LOG (gmm-acc-stats-twofeats[5.4.140~1-1ab3d]:main():gmm-acc-stats-twofeats.cc:140) Average like for this file is -43.913 over 331 frames.
LOG (gmm-acc-stats-twofeats[5.4.140~1-1ab3d]:main():gmm-acc-stats-twofeats.cc:140) Average like for this file is -46.1591 over 860 frames.
LOG (gmm-acc-stats-twofeats[5.4.140~1-1ab3d]:main():gmm-acc-stats-twofeats.cc:140) Average like for this file is -52.6206 over 747 frames.
LOG (gmm-acc-stats-twofeats[5.4.140~1-1ab3d]:main():gmm-acc-stats-twofeats.cc:146) Avg like per frame so far is -47.7237
LOG (gmm-acc-stats-twofeats[5.4.140~1-1ab3d]:main():gmm-acc-stats-twofeats.cc:140) Average like for this file is -46.0879 over 610 frames.
LOG (gmm-acc-stats-twofeats[5.4.140~1-1ab3d]:main():gmm-acc-stats-twofeats.cc:140) Average like for this file is -51.1992 over 561 frames.
LOG (gmm-acc-stats-twofeats[5.4.140~1-1ab3d]:main():gmm-acc-stats-twofeats.cc:140) Average like for this file is -48.2685 over 765 frames.
LOG (gmm-acc-stats-twofeats[5.4.140~1-1ab3d]:main():gmm-acc-stats-twofeats.cc:140) Average like for this file is -52.2458 over 228 frames.
LOG (gmm-acc-stats-twofeats[5.4.140~1-1ab3d]:main():gmm-acc-stats-twofeats.cc:140) Average like for this file is -46.094 over 255 frames.
LOG (gmm-acc-stats-twofeats[5.4.140~1-1ab3d]:main():gmm-acc-stats-twofeats.cc:140) Average like for this file is -48.9088 over 838 frames.
LOG (gmm-acc-stats-twofeats[5.4.140~1-1ab3d]:main():gmm-acc-stats-twofeats.cc:140) Average like for this file is -47.2371 over 586 frames.
LOG (gmm-acc-stats-twofeats[5.4.140~1-1ab3d]:main():gmm-acc-stats-twofeats.cc:140) Average like for this file is -46.7571 over 676 frames.
LOG (gmm-acc-stats-twofeats[5.4.140~1-1ab3d]:main():gmm-acc-stats-twofeats.cc:140) Average like for this file is -47.3522 over 410 frames.
LOG (gmm-acc-stats-twofeats[5.4.140~1-1ab3d]:main():gmm-acc-stats-twofeats.cc:140) Average like for this file is -46.0668 over 531 frames.
LOG (gmm-acc-stats-twofeats[5.4.140~1-1ab3d]:main():gmm-acc-stats-twofeats.cc:146) Avg like per frame so far is -47.782
LOG (gmm-acc-stats-twofeats[5.4.140~1-1ab3d]:main():gmm-acc-stats-twofeats.cc:140) Average like for this file is -51.5722 over 509 frames.
LOG (gmm-acc-stats-twofeats[5.4.140~1-1ab3d]:main():gmm-acc-stats-twofeats.cc:140) Average like for this file is -47.7595 over 508 frames.
LOG (gmm-acc-stats-twofeats[5.4.140~1-1ab3d]:main():gmm-acc-stats-twofeats.cc:140) Average like for this file is -45.8272 over 738 frames.
LOG (gmm-acc-stats-twofeats[5.4.140~1-1ab3d]:main():gmm-acc-stats-twofeats.cc:140) Average like for this file is -44.6721 over 1008 frames.
LOG (gmm-acc-stats-twofeats[5.4.140~1-1ab3d]:main():gmm-acc-stats-twofeats.cc:140) Average like for this file is -46.7804 over 1032 frames.
LOG (gmm-acc-stats-twofeats[5.4.140~1-1ab3d]:main():gmm-acc-stats-twofeats.cc:140) Average like for this file is -45.6463 over 691 frames.
LOG (gmm-acc-stats-twofeats[5.4.140~1-1ab3d]:main():gmm-acc-stats-twofeats.cc:140) Average like for this file is -46.2295 over 606 frames.
LOG (gmm-acc-stats-twofeats[5.4.140~1-1ab3d]:main():gmm-acc-stats-twofeats.cc:140) Average like for this file is -45.0134 over 606 frames.
LOG (gmm-acc-stats-twofeats[5.4.140~1-1ab3d]:main():gmm-acc-stats-twofeats.cc:140) Average like for this file is -42.7875 over 651 frames.
LOG (gmm-acc-stats-twofeats[5.4.140~1-1ab3d]:main():gmm-acc-stats-twofeats.cc:140) Average like for this file is -46.3893 over 729 frames.
LOG (gmm-acc-stats-twofeats[5.4.140~1-1ab3d]:main():gmm-acc-stats-twofeats.cc:146) Avg like per frame so far is -47.2872
LOG (gmm-acc-stats-twofeats[5.4.140~1-1ab3d]:main():gmm-acc-stats-twofeats.cc:140) Average like for this file is -46.1688 over 483 frames.
LOG (gmm-acc-stats-twofeats[5.4.140~1-1ab3d]:main():gmm-acc-stats-twofeats.cc:140) Average like for this file is -50.1796 over 984 frames.
LOG (gmm-acc-stats-twofeats[5.4.140~1-1ab3d]:main():gmm-acc-stats-twofeats.cc:140) Average like for this file is -52.0605 over 1168 frames.
LOG (gmm-acc-stats-twofeats[5.4.140~1-1ab3d]:main():gmm-acc-stats-twofeats.cc:140) Average like for this file is -44.7835 over 851 frames.
LOG (gmm-acc-stats-twofeats[5.4.140~1-1ab3d]:main():gmm-acc-stats-twofeats.cc:140) Average like for this file is -48.1422 over 618 frames.
LOG (gmm-acc-stats-twofeats[5.4.140~1-1ab3d]:main():gmm-acc-stats-twofeats.cc:140) Average like for this file is -45.9174 over 525 frames.
LOG (gmm-acc-stats-twofeats[5.4.140~1-1ab3d]:main():gmm-acc-stats-twofeats.cc:140) Average like for this file is -48.3489 over 487 frames.
LOG (gmm-acc-stats-twofeats[5.4.140~1-1ab3d]:main():gmm-acc-stats-twofeats.cc:140) Average like for this file is -48.4863 over 528 frames.
LOG (gmm-acc-stats-twofeats[5.4.140~1-1ab3d]:main():gmm-acc-stats-twofeats.cc:140) Average like for this file is -46.5753 over 502 frames.
LOG (gmm-acc-stats-twofeats[5.4.140~1-1ab3d]:main():gmm-acc-stats-twofeats.cc:140) Average like for this file is -51.7365 over 540 frames.
LOG (gmm-acc-stats-twofeats[5.4.140~1-1ab3d]:main():gmm-acc-stats-twofeats.cc:146) Avg like per frame so far is -47.5692
LOG (gmm-acc-stats-twofeats[5.4.140~1-1ab3d]:main():gmm-acc-stats-twofeats.cc:140) Average like for this file is -45.7213 over 555 frames.
LOG (gmm-acc-stats-twofeats[5.4.140~1-1ab3d]:main():gmm-acc-stats-twofeats.cc:140) Average like for this file is -47.0712 over 764 frames.
LOG (gmm-acc-stats-twofeats[5.4.140~1-1ab3d]:main():gmm-acc-stats-twofeats.cc:140) Average like for this file is -43.8461 over 643 frames.
LOG (gmm-acc-stats-twofeats[5.4.140~1-1ab3d]:main():gmm-acc-stats-twofeats.cc:140) Average like for this file is -47.1542 over 857 frames.
LOG (gmm-acc-stats-twofeats[5.4.140~1-1ab3d]:main():gmm-acc-stats-twofeats.cc:140) Average like for this file is -44.1714 over 771 frames.
LOG (gmm-acc-stats-twofeats[5.4.140~1-1ab3d]:main():gmm-acc-stats-twofeats.cc:140) Average like for this file is -48.1985 over 532 frames.
LOG (gmm-acc-stats-twofeats[5.4.140~1-1ab3d]:main():gmm-acc-stats-twofeats.cc:140) Average like for this file is -50.3301 over 941 frames.
LOG (gmm-acc-stats-twofeats[5.4.140~1-1ab3d]:main():gmm-acc-stats-twofeats.cc:140) Average like for this file is -50.1415 over 924 frames.
LOG (gmm-acc-stats-twofeats[5.4.140~1-1ab3d]:main():gmm-acc-stats-twofeats.cc:140) Average like for this file is -50.023 over 611 frames.
LOG (gmm-acc-stats-twofeats[5.4.140~1-1ab3d]:main():gmm-acc-stats-twofeats.cc:140) Average like for this file is -51.6253 over 621 frames.
LOG (gmm-acc-stats-twofeats[5.4.140~1-1ab3d]:main():gmm-acc-stats-twofeats.cc:146) Avg like per frame so far is -47.6359
LOG (gmm-acc-stats-twofeats[5.4.140~1-1ab3d]:main():gmm-acc-stats-twofeats.cc:140) Average like for this file is -48.596 over 628 frames.
LOG (gmm-acc-stats-twofeats[5.4.140~1-1ab3d]:main():gmm-acc-stats-twofeats.cc:140) Average like for this file is -47.9781 over 712 frames.
LOG (gmm-acc-stats-twofeats[5.4.140~1-1ab3d]:main():gmm-acc-stats-twofeats.cc:140) Average like for this file is -54.2396 over 463 frames.
LOG (gmm-acc-stats-twofeats[5.4.140~1-1ab3d]:main():gmm-acc-stats-twofeats.cc:140) Average like for this file is -46.4833 over 458 frames.
LOG (gmm-acc-stats-twofeats[5.4.140~1-1ab3d]:main():gmm-acc-stats-twofeats.cc:140) Average like for this file is -46.633 over 785 frames.
LOG (gmm-acc-stats-twofeats[5.4.140~1-1ab3d]:main():gmm-acc-stats-twofeats.cc:140) Average like for this file is -45.4746 over 515 frames.
LOG (gmm-acc-stats-twofeats[5.4.140~1-1ab3d]:main():gmm-acc-stats-twofeats.cc:140) Average like for this file is -46.5142 over 513 frames.
LOG (gmm-acc-stats-twofeats[5.4.140~1-1ab3d]:main():gmm-acc-stats-twofeats.cc:140) Average like for this file is -48.3583 over 424 frames.
LOG (gmm-acc-stats-twofeats[5.4.140~1-1ab3d]:main():gmm-acc-stats-twofeats.cc:140) Average like for this file is -47.0329 over 732 frames.
LOG (gmm-acc-stats-twofeats[5.4.140~1-1ab3d]:main():gmm-acc-stats-twofeats.cc:140) Average like for this file is -49.8737 over 522 frames.
LOG (gmm-acc-stats-twofeats[5.4.140~1-1ab3d]:main():gmm-acc-stats-twofeats.cc:146) Avg like per frame so far is -47.6798
LOG (gmm-acc-stats-twofeats[5.4.140~1-1ab3d]:main():gmm-acc-stats-twofeats.cc:140) Average like for this file is -47.4133 over 436 frames.
LOG (gmm-acc-stats-twofeats[5.4.140~1-1ab3d]:main():gmm-acc-stats-twofeats.cc:140) Average like for this file is -48.6284 over 609 frames.
LOG (gmm-acc-stats-twofeats[5.4.140~1-1ab3d]:main():gmm-acc-stats-twofeats.cc:140) Average like for this file is -44.8014 over 962 frames.
LOG (gmm-acc-stats-twofeats[5.4.140~1-1ab3d]:main():gmm-acc-stats-twofeats.cc:140) Average like for this file is -48.3059 over 341 frames.
LOG (gmm-acc-stats-twofeats[5.4.140~1-1ab3d]:main():gmm-acc-stats-twofeats.cc:140) Average like for this file is -41.6868 over 568 frames.
LOG (gmm-acc-stats-twofeats[5.4.140~1-1ab3d]:main():gmm-acc-stats-twofeats.cc:140) Average like for this file is -46.5081 over 472 frames.
LOG (gmm-acc-stats-twofeats[5.4.140~1-1ab3d]:main():gmm-acc-stats-twofeats.cc:140) Average like for this file is -44.5069 over 560 frames.
LOG (gmm-acc-stats-twofeats[5.4.140~1-1ab3d]:main():gmm-acc-stats-twofeats.cc:140) Average like for this file is -44.2713 over 755 frames.
LOG (gmm-acc-stats-twofeats[5.4.140~1-1ab3d]:main():gmm-acc-stats-twofeats.cc:140) Average like for this file is -45.6898 over 770 frames.
LOG (gmm-acc-stats-twofeats[5.4.140~1-1ab3d]:main():gmm-acc-stats-twofeats.cc:140) Average like for this file is -44.8185 over 587 frames.
LOG (gmm-acc-stats-twofeats[5.4.140~1-1ab3d]:main():gmm-acc-stats-twofeats.cc:146) Avg like per frame so far is -47.408
LOG (gmm-acc-stats-twofeats[5.4.140~1-1ab3d]:main():gmm-acc-stats-twofeats.cc:140) Average like for this file is -47.1489 over 798 frames.
LOG (gmm-acc-stats-twofeats[5.4.140~1-1ab3d]:main():gmm-acc-stats-twofeats.cc:140) Average like for this file is -50.3709 over 481 frames.
LOG (gmm-acc-stats-twofeats[5.4.140~1-1ab3d]:main():gmm-acc-stats-twofeats.cc:140) Average like for this file is -48.9 over 938 frames.
LOG (gmm-acc-stats-twofeats[5.4.140~1-1ab3d]:main():gmm-acc-stats-twofeats.cc:140) Average like for this file is -47.8406 over 588 frames.
LOG (gmm-acc-stats-twofeats[5.4.140~1-1ab3d]:main():gmm-acc-stats-twofeats.cc:140) Average like for this file is -48.9598 over 641 frames.
LOG (gmm-acc-stats-twofeats[5.4.140~1-1ab3d]:main():gmm-acc-stats-twofeats.cc:140) Average like for this file is -53.0479 over 369 frames.
LOG (gmm-acc-stats-twofeats[5.4.140~1-1ab3d]:main():gmm-acc-stats-twofeats.cc:140) Average like for this file is -46.3443 over 726 frames.
LOG (gmm-acc-stats-twofeats[5.4.140~1-1ab3d]:main():gmm-acc-stats-twofeats.cc:140) Average like for this file is -49.0106 over 600 frames.
LOG (gmm-acc-stats-twofeats[5.4.140~1-1ab3d]:main():gmm-acc-stats-twofeats.cc:140) Average like for this file is -47.8956 over 577 frames.
LOG (gmm-acc-stats-twofeats[5.4.140~1-1ab3d]:main():gmm-acc-stats-twofeats.cc:140) Average like for this file is -49.6887 over 515 frames.
LOG (gmm-acc-stats-twofeats[5.4.140~1-1ab3d]:main():gmm-acc-stats-twofeats.cc:146) Avg like per frame so far is -47.5428
LOG (gmm-acc-stats-twofeats[5.4.140~1-1ab3d]:main():gmm-acc-stats-twofeats.cc:140) Average like for this file is -49.293 over 537 frames.
LOG (gmm-acc-stats-twofeats[5.4.140~1-1ab3d]:main():gmm-acc-stats-twofeats.cc:140) Average like for this file is -50.2973 over 822 frames.
LOG (gmm-acc-stats-twofeats[5.4.140~1-1ab3d]:main():gmm-acc-stats-twofeats.cc:140) Average like for this file is -50.1418 over 643 frames.
LOG (gmm-acc-stats-twofeats[5.4.140~1-1ab3d]:main():gmm-acc-stats-twofeats.cc:140) Average like for this file is -46.9173 over 528 frames.
LOG (gmm-acc-stats-twofeats[5.4.140~1-1ab3d]:main():gmm-acc-stats-twofeats.cc:140) Average like for this file is -52.1393 over 552 frames.
LOG (gmm-acc-stats-twofeats[5.4.140~1-1ab3d]:main():gmm-acc-stats-twofeats.cc:140) Average like for this file is -49.1761 over 719 frames.
LOG (gmm-acc-stats-twofeats[5.4.140~1-1ab3d]:main():gmm-acc-stats-twofeats.cc:140) Average like for this file is -48.6408 over 388 frames.
LOG (gmm-acc-stats-twofeats[5.4.140~1-1ab3d]:main():gmm-acc-stats-twofeats.cc:140) Average like for this file is -46.1582 over 784 frames.
LOG (gmm-acc-stats-twofeats[5.4.140~1-1ab3d]:main():gmm-acc-stats-twofeats.cc:140) Average like for this file is -50.957 over 542 frames.
LOG (gmm-acc-stats-twofeats[5.4.140~1-1ab3d]:main():gmm-acc-stats-twofeats.cc:140) Average like for this file is -50.3781 over 424 frames.
LOG (gmm-acc-stats-twofeats[5.4.140~1-1ab3d]:main():gmm-acc-stats-twofeats.cc:146) Avg like per frame so far is -47.7139
LOG (gmm-acc-stats-twofeats[5.4.140~1-1ab3d]:main():gmm-acc-stats-twofeats.cc:140) Average like for this file is -49.3626 over 609 frames.
LOG (gmm-acc-stats-twofeats[5.4.140~1-1ab3d]:main():gmm-acc-stats-twofeats.cc:140) Average like for this file is -48.7292 over 395 frames.
LOG (gmm-acc-stats-twofeats[5.4.140~1-1ab3d]:main():gmm-acc-stats-twofeats.cc:140) Average like for this file is -47.2302 over 490 frames.
LOG (gmm-acc-stats-twofeats[5.4.140~1-1ab3d]:main():gmm-acc-stats-twofeats.cc:140) Average like for this file is -49.7196 over 418 frames.
LOG (gmm-acc-stats-twofeats[5.4.140~1-1ab3d]:main():gmm-acc-stats-twofeats.cc:140) Average like for this file is -49.2192 over 877 frames.
LOG (gmm-acc-stats-twofeats[5.4.140~1-1ab3d]:main():gmm-acc-stats-twofeats.cc:140) Average like for this file is -49.1929 over 574 frames.
LOG (gmm-acc-stats-twofeats[5.4.140~1-1ab3d]:main():gmm-acc-stats-twofeats.cc:140) Average like for this file is -49.1811 over 1012 frames.
LOG (gmm-acc-stats-twofeats[5.4.140~1-1ab3d]:main():gmm-acc-stats-twofeats.cc:140) Average like for this file is -51.3927 over 495 frames.
LOG (gmm-acc-stats-twofeats[5.4.140~1-1ab3d]:main():gmm-acc-stats-twofeats.cc:140) Average like for this file is -46.2023 over 495 frames.
LOG (gmm-acc-stats-twofeats[5.4.140~1-1ab3d]:main():gmm-acc-stats-twofeats.cc:140) Average like for this file is -45.7364 over 619 frames.
LOG (gmm-acc-stats-twofeats[5.4.140~1-1ab3d]:main():gmm-acc-stats-twofeats.cc:146) Avg like per frame so far is -47.7946
LOG (gmm-acc-stats-twofeats[5.4.140~1-1ab3d]:main():gmm-acc-stats-twofeats.cc:140) Average like for this file is -45.0672 over 509 frames.
LOG (gmm-acc-stats-twofeats[5.4.140~1-1ab3d]:main():gmm-acc-stats-twofeats.cc:140) Average like for this file is -47.6914 over 565 frames.
LOG (gmm-acc-stats-twofeats[5.4.140~1-1ab3d]:main():gmm-acc-stats-twofeats.cc:140) Average like for this file is -48.8598 over 650 frames.
LOG (gmm-acc-stats-twofeats[5.4.140~1-1ab3d]:main():gmm-acc-stats-twofeats.cc:140) Average like for this file is -42.9754 over 456 frames.
LOG (gmm-acc-stats-twofeats[5.4.140~1-1ab3d]:main():gmm-acc-stats-twofeats.cc:140) Average like for this file is -49.4073 over 595 frames.
LOG (gmm-acc-stats-twofeats[5.4.140~1-1ab3d]:main():gmm-acc-stats-twofeats.cc:140) Average like for this file is -49.374 over 583 frames.
LOG (gmm-acc-stats-twofeats[5.4.140~1-1ab3d]:main():gmm-acc-stats-twofeats.cc:140) Average like for this file is -43.7865 over 628 frames.
LOG (gmm-acc-stats-twofeats[5.4.140~1-1ab3d]:main():gmm-acc-stats-twofeats.cc:140) Average like for this file is -46.3737 over 638 frames.
LOG (gmm-acc-stats-twofeats[5.4.140~1-1ab3d]:main():gmm-acc-stats-twofeats.cc:140) Average like for this file is -46.8113 over 746 frames.
LOG (gmm-acc-stats-twofeats[5.4.140~1-1ab3d]:main():gmm-acc-stats-twofeats.cc:140) Average like for this file is -47.8361 over 545 frames.
LOG (gmm-acc-stats-twofeats[5.4.140~1-1ab3d]:main():gmm-acc-stats-twofeats.cc:146) Avg like per frame so far is -47.7244
LOG (gmm-acc-stats-twofeats[5.4.140~1-1ab3d]:main():gmm-acc-stats-twofeats.cc:140) Average like for this file is -45.5812 over 834 frames.
LOG (gmm-acc-stats-twofeats[5.4.140~1-1ab3d]:main():gmm-acc-stats-twofeats.cc:140) Average like for this file is -45.8584 over 890 frames.
LOG (gmm-acc-stats-twofeats[5.4.140~1-1ab3d]:main():gmm-acc-stats-twofeats.cc:140) Average like for this file is -50.0012 over 824 frames.
LOG (gmm-acc-stats-twofeats[5.4.140~1-1ab3d]:main():gmm-acc-stats-twofeats.cc:140) Average like for this file is -46.946 over 368 frames.
LOG (gmm-acc-stats-twofeats[5.4.140~1-1ab3d]:main():gmm-acc-stats-twofeats.cc:140) Average like for this file is -46.6903 over 367 frames.
LOG (gmm-acc-stats-twofeats[5.4.140~1-1ab3d]:main():gmm-acc-stats-twofeats.cc:140) Average like for this file is -44.6405 over 342 frames.
LOG (gmm-acc-stats-twofeats[5.4.140~1-1ab3d]:main():gmm-acc-stats-twofeats.cc:140) Average like for this file is -47.2352 over 540 frames.
LOG (gmm-acc-stats-twofeats[5.4.140~1-1ab3d]:main():gmm-acc-stats-twofeats.cc:140) Average like for this file is -47.0059 over 609 frames.
LOG (gmm-acc-stats-twofeats[5.4.140~1-1ab3d]:main():gmm-acc-stats-twofeats.cc:140) Average like for this file is -51.8401 over 499 frames.
LOG (gmm-acc-stats-twofeats[5.4.140~1-1ab3d]:main():gmm-acc-stats-twofeats.cc:140) Average like for this file is -45.7486 over 888 frames.
LOG (gmm-acc-stats-twofeats[5.4.140~1-1ab3d]:main():gmm-acc-stats-twofeats.cc:146) Avg like per frame so far is -47.6784
LOG (gmm-acc-stats-twofeats[5.4.140~1-1ab3d]:main():gmm-acc-stats-twofeats.cc:140) Average like for this file is -44.6283 over 582 frames.
LOG (gmm-acc-stats-twofeats[5.4.140~1-1ab3d]:main():gmm-acc-stats-twofeats.cc:140) Average like for this file is -42.4793 over 762 frames.
LOG (gmm-acc-stats-twofeats[5.4.140~1-1ab3d]:main():gmm-acc-stats-twofeats.cc:140) Average like for this file is -44.6435 over 468 frames.
LOG (gmm-acc-stats-twofeats[5.4.140~1-1ab3d]:main():gmm-acc-stats-twofeats.cc:140) Average like for this file is -43.8225 over 696 frames.
LOG (gmm-acc-stats-twofeats[5.4.140~1-1ab3d]:main():gmm-acc-stats-twofeats.cc:140) Average like for this file is -45.8405 over 624 frames.
LOG (gmm-acc-stats-twofeats[5.4.140~1-1ab3d]:main():gmm-acc-stats-twofeats.cc:140) Average like for this file is -51.6729 over 522 frames.
LOG (gmm-acc-stats-twofeats[5.4.140~1-1ab3d]:main():gmm-acc-stats-twofeats.cc:140) Average like for this file is -45.6853 over 639 frames.
LOG (gmm-acc-stats-twofeats[5.4.140~1-1ab3d]:main():gmm-acc-stats-twofeats.cc:140) Average like for this file is -45.6079 over 761 frames.
LOG (gmm-acc-stats-twofeats[5.4.140~1-1ab3d]:main():gmm-acc-stats-twofeats.cc:140) Average like for this file is -47.3752 over 830 frames.
LOG (gmm-acc-stats-twofeats[5.4.140~1-1ab3d]:main():gmm-acc-stats-twofeats.cc:140) Average like for this file is -42.2004 over 737 frames.
LOG (gmm-acc-stats-twofeats[5.4.140~1-1ab3d]:main():gmm-acc-stats-twofeats.cc:146) Avg like per frame so far is -47.4939
LOG (gmm-acc-stats-twofeats[5.4.140~1-1ab3d]:main():gmm-acc-stats-twofeats.cc:140) Average like for this file is -44.9807 over 487 frames.
LOG (gmm-acc-stats-twofeats[5.4.140~1-1ab3d]:main():gmm-acc-stats-twofeats.cc:140) Average like for this file is -47.3215 over 730 frames.
LOG (gmm-acc-stats-twofeats[5.4.140~1-1ab3d]:main():gmm-acc-stats-twofeats.cc:140) Average like for this file is -42.9595 over 552 frames.
LOG (gmm-acc-stats-twofeats[5.4.140~1-1ab3d]:main():gmm-acc-stats-twofeats.cc:140) Average like for this file is -48.9076 over 522 frames.
LOG (gmm-acc-stats-twofeats[5.4.140~1-1ab3d]:main():gmm-acc-stats-twofeats.cc:140) Average like for this file is -46.9082 over 616 frames.
LOG (gmm-acc-stats-twofeats[5.4.140~1-1ab3d]:main():gmm-acc-stats-twofeats.cc:140) Average like for this file is -49.271 over 420 frames.
LOG (gmm-acc-stats-twofeats[5.4.140~1-1ab3d]:main():gmm-acc-stats-twofeats.cc:140) Average like for this file is -50.1161 over 525 frames.
LOG (gmm-acc-stats-twofeats[5.4.140~1-1ab3d]:main():gmm-acc-stats-twofeats.cc:140) Average like for this file is -49.4436 over 624 frames.
LOG (gmm-acc-stats-twofeats[5.4.140~1-1ab3d]:main():gmm-acc-stats-twofeats.cc:140) Average like for this file is -51.0269 over 344 frames.
LOG (gmm-acc-stats-twofeats[5.4.140~1-1ab3d]:main():gmm-acc-stats-twofeats.cc:140) Average like for this file is -48.9398 over 629 frames.
LOG (gmm-acc-stats-twofeats[5.4.140~1-1ab3d]:main():gmm-acc-stats-twofeats.cc:146) Avg like per frame so far is -47.5154
LOG (gmm-acc-stats-twofeats[5.4.140~1-1ab3d]:main():gmm-acc-stats-twofeats.cc:140) Average like for this file is -49.5915 over 687 frames.
LOG (gmm-acc-stats-twofeats[5.4.140~1-1ab3d]:main():gmm-acc-stats-twofeats.cc:140) Average like for this file is -50.0199 over 468 frames.
LOG (gmm-acc-stats-twofeats[5.4.140~1-1ab3d]:main():gmm-acc-stats-twofeats.cc:140) Average like for this file is -49.0243 over 678 frames.
LOG (gmm-acc-stats-twofeats[5.4.140~1-1ab3d]:main():gmm-acc-stats-twofeats.cc:140) Average like for this file is -44.8203 over 454 frames.
LOG (gmm-acc-stats-twofeats[5.4.140~1-1ab3d]:main():gmm-acc-stats-twofeats.cc:140) Average like for this file is -45.416 over 756 frames.
LOG (gmm-acc-stats-twofeats[5.4.140~1-1ab3d]:main():gmm-acc-stats-twofeats.cc:140) Average like for this file is -49.439 over 419 frames.
LOG (gmm-acc-stats-twofeats[5.4.140~1-1ab3d]:main():gmm-acc-stats-twofeats.cc:140) Average like for this file is -46.1817 over 450 frames.
LOG (gmm-acc-stats-twofeats[5.4.140~1-1ab3d]:main():gmm-acc-stats-twofeats.cc:140) Average like for this file is -45.5935 over 668 frames.
LOG (gmm-acc-stats-twofeats[5.4.140~1-1ab3d]:main():gmm-acc-stats-twofeats.cc:140) Average like for this file is -47.0701 over 675 frames.
LOG (gmm-acc-stats-twofeats[5.4.140~1-1ab3d]:main():gmm-acc-stats-twofeats.cc:140) Average like for this file is -46.0118 over 515 frames.
LOG (gmm-acc-stats-twofeats[5.4.140~1-1ab3d]:main():gmm-acc-stats-twofeats.cc:146) Avg like per frame so far is -47.5017
LOG (gmm-acc-stats-twofeats[5.4.140~1-1ab3d]:main():gmm-acc-stats-twofeats.cc:140) Average like for this file is -47.7891 over 785 frames.
LOG (gmm-acc-stats-twofeats[5.4.140~1-1ab3d]:main():gmm-acc-stats-twofeats.cc:140) Average like for this file is -48.827 over 419 frames.
LOG (gmm-acc-stats-twofeats[5.4.140~1-1ab3d]:main():gmm-acc-stats-twofeats.cc:140) Average like for this file is -46.3844 over 340 frames.
LOG (gmm-acc-stats-twofeats[5.4.140~1-1ab3d]:main():gmm-acc-stats-twofeats.cc:140) Average like for this file is -49.0342 over 584 frames.
LOG (gmm-acc-stats-twofeats[5.4.140~1-1ab3d]:main():gmm-acc-stats-twofeats.cc:140) Average like for this file is -49.0656 over 523 frames.
LOG (gmm-acc-stats-twofeats[5.4.140~1-1ab3d]:main():gmm-acc-stats-twofeats.cc:140) Average like for this file is -51.619 over 513 frames.
LOG (gmm-acc-stats-twofeats[5.4.140~1-1ab3d]:main():gmm-acc-stats-twofeats.cc:140) Average like for this file is -49.2419 over 501 frames.
LOG (gmm-acc-stats-twofeats[5.4.140~1-1ab3d]:main():gmm-acc-stats-twofeats.cc:140) Average like for this file is -48.5247 over 513 frames.
LOG (gmm-acc-stats-twofeats[5.4.140~1-1ab3d]:main():gmm-acc-stats-twofeats.cc:140) Average like for this file is -49.0483 over 1121 frames.
LOG (gmm-acc-stats-twofeats[5.4.140~1-1ab3d]:main():gmm-acc-stats-twofeats.cc:140) Average like for this file is -45.8499 over 382 frames.
LOG (gmm-acc-stats-twofeats[5.4.140~1-1ab3d]:main():gmm-acc-stats-twofeats.cc:146) Avg like per frame so far is -47.5665
LOG (gmm-acc-stats-twofeats[5.4.140~1-1ab3d]:main():gmm-acc-stats-twofeats.cc:140) Average like for this file is -47.1919 over 848 frames.
LOG (gmm-acc-stats-twofeats[5.4.140~1-1ab3d]:main():gmm-acc-stats-twofeats.cc:140) Average like for this file is -46.1724 over 406 frames.
LOG (gmm-acc-stats-twofeats[5.4.140~1-1ab3d]:main():gmm-acc-stats-twofeats.cc:140) Average like for this file is -45.1426 over 748 frames.
LOG (gmm-acc-stats-twofeats[5.4.140~1-1ab3d]:main():gmm-acc-stats-twofeats.cc:140) Average like for this file is -47.2092 over 730 frames.
LOG (gmm-acc-stats-twofeats[5.4.140~1-1ab3d]:main():gmm-acc-stats-twofeats.cc:140) Average like for this file is -47.4082 over 537 frames.
LOG (ali-to-post[5.4.140~1-1ab3d]:main():ali-to-post.cc:73) Converted 184 alignments.
LOG (gmm-acc-stats-twofeats[5.4.140~1-1ab3d]:main():gmm-acc-stats-twofeats.cc:140) Average like for this file is -50.8271 over 529 frames.
LOG (gmm-acc-stats-twofeats[5.4.140~1-1ab3d]:main():gmm-acc-stats-twofeats.cc:140) Average like for this file is -42.9574 over 641 frames.
LOG (gmm-acc-stats-twofeats[5.4.140~1-1ab3d]:main():gmm-acc-stats-twofeats.cc:140) Average like for this file is -47.4182 over 452 frames.
LOG (apply-cmvn[5.4.140~1-1ab3d]:main():apply-cmvn.cc:162) Applied cepstral mean normalization to 184 utterances, errors on 0
LOG (gmm-acc-stats-twofeats[5.4.140~1-1ab3d]:main():gmm-acc-stats-twofeats.cc:140) Average like for this file is -45.8238 over 886 frames.
LOG (apply-cmvn[5.4.140~1-1ab3d]:main():apply-cmvn.cc:162) Applied cepstral mean normalization to 184 utterances, errors on 0
LOG (gmm-acc-stats-twofeats[5.4.140~1-1ab3d]:main():gmm-acc-stats-twofeats.cc:140) Average like for this file is -48.8291 over 524 frames.
LOG (gmm-acc-stats-twofeats[5.4.140~1-1ab3d]:main():gmm-acc-stats-twofeats.cc:146) Avg like per frame so far is -47.5191
LOG (gmm-acc-stats-twofeats[5.4.140~1-1ab3d]:main():gmm-acc-stats-twofeats.cc:140) Average like for this file is -44.6723 over 577 frames.
LOG (gmm-acc-stats-twofeats[5.4.140~1-1ab3d]:main():gmm-acc-stats-twofeats.cc:140) Average like for this file is -44.7902 over 391 frames.
LOG (transform-feats[5.4.140~1-1ab3d]:main():transform-feats.cc:158) Overall average [pseudo-]logdet is -74.7006 over 112233 frames.
LOG (transform-feats[5.4.140~1-1ab3d]:main():transform-feats.cc:161) Applied transform to 184 utterances; 0 had errors.
LOG (gmm-acc-stats-twofeats[5.4.140~1-1ab3d]:main():gmm-acc-stats-twofeats.cc:140) Average like for this file is -45.9788 over 493 frames.
LOG (transform-feats[5.4.140~1-1ab3d]:main():transform-feats.cc:158) Overall average logdet is 3.70563 over 112233 frames.
LOG (transform-feats[5.4.140~1-1ab3d]:main():transform-feats.cc:158) Overall average [pseudo-]logdet is -74.7006 over 112233 frames.
LOG (transform-feats[5.4.140~1-1ab3d]:main():transform-feats.cc:161) Applied transform to 184 utterances; 0 had errors.
LOG (transform-feats[5.4.140~1-1ab3d]:main():transform-feats.cc:161) Applied transform to 184 utterances; 0 had errors.
LOG (gmm-acc-stats-twofeats[5.4.140~1-1ab3d]:main():gmm-acc-stats-twofeats.cc:140) Average like for this file is -46.3822 over 637 frames.
LOG (gmm-acc-stats-twofeats[5.4.140~1-1ab3d]:main():gmm-acc-stats-twofeats.cc:150) Done 184 files, 0 with no posteriors, 0 with no second features, 0 with other errors.
LOG (gmm-acc-stats-twofeats[5.4.140~1-1ab3d]:main():gmm-acc-stats-twofeats.cc:155) Overall avg like per frame (Gaussian only) = -47.4817 over 112233 frames.
LOG (gmm-acc-stats-twofeats[5.4.140~1-1ab3d]:main():gmm-acc-stats-twofeats.cc:163) Written accs.
# Accounting: time=3 threads=1
# Ended (code 0) at Wed Jun 20 18:05:29 CST 2018, elapsed time 3 seconds
