# ali-to-post "ark:gunzip -c exp/tri3/ali.8.gz|" ark:- | gmm-acc-stats-twofeats exp/tri3/35.mdl "ark,s,cs:apply-cmvn  --utt2spk=ark:data/train/split20/8/utt2spk scp:data/train/split20/8/cmvn.scp scp:data/train/split20/8/feats.scp ark:- | splice-feats --left-context=3 --right-context=3 ark:- ark:- | transform-feats exp/tri2_ali/final.mat ark:- ark:- | transform-feats --utt2spk=ark:data/train/split20/8/utt2spk ark:exp/tri3/trans.8 ark:- ark:- |" "ark,s,cs:apply-cmvn  --utt2spk=ark:data/train/split20/8/utt2spk scp:data/train/split20/8/cmvn.scp scp:data/train/split20/8/feats.scp ark:- | splice-feats --left-context=3 --right-context=3 ark:- ark:- | transform-feats exp/tri2_ali/final.mat ark:- ark:- |" ark,s,cs:- exp/tri3/35.8.acc 
# Started at Wed Jun 20 18:05:26 CST 2018
#
gmm-acc-stats-twofeats exp/tri3/35.mdl 'ark,s,cs:apply-cmvn  --utt2spk=ark:data/train/split20/8/utt2spk scp:data/train/split20/8/cmvn.scp scp:data/train/split20/8/feats.scp ark:- | splice-feats --left-context=3 --right-context=3 ark:- ark:- | transform-feats exp/tri2_ali/final.mat ark:- ark:- | transform-feats --utt2spk=ark:data/train/split20/8/utt2spk ark:exp/tri3/trans.8 ark:- ark:- |' 'ark,s,cs:apply-cmvn  --utt2spk=ark:data/train/split20/8/utt2spk scp:data/train/split20/8/cmvn.scp scp:data/train/split20/8/feats.scp ark:- | splice-feats --left-context=3 --right-context=3 ark:- ark:- | transform-feats exp/tri2_ali/final.mat ark:- ark:- |' ark,s,cs:- exp/tri3/35.8.acc 
ali-to-post 'ark:gunzip -c exp/tri3/ali.8.gz|' ark:- 
splice-feats --left-context=3 --right-context=3 ark:- ark:- 
apply-cmvn --utt2spk=ark:data/train/split20/8/utt2spk scp:data/train/split20/8/cmvn.scp scp:data/train/split20/8/feats.scp ark:- 
transform-feats exp/tri2_ali/final.mat ark:- ark:- 
transform-feats --utt2spk=ark:data/train/split20/8/utt2spk ark:exp/tri3/trans.8 ark:- ark:- 
splice-feats --left-context=3 --right-context=3 ark:- ark:- 
apply-cmvn --utt2spk=ark:data/train/split20/8/utt2spk scp:data/train/split20/8/cmvn.scp scp:data/train/split20/8/feats.scp ark:- 
transform-feats exp/tri2_ali/final.mat ark:- ark:- 
LOG (gmm-acc-stats-twofeats[5.4.140~1-1ab3d]:main():gmm-acc-stats-twofeats.cc:140) Average like for this file is -52.8727 over 815 frames.
LOG (gmm-acc-stats-twofeats[5.4.140~1-1ab3d]:main():gmm-acc-stats-twofeats.cc:140) Average like for this file is -52.6274 over 316 frames.
LOG (gmm-acc-stats-twofeats[5.4.140~1-1ab3d]:main():gmm-acc-stats-twofeats.cc:140) Average like for this file is -50.3283 over 349 frames.
LOG (gmm-acc-stats-twofeats[5.4.140~1-1ab3d]:main():gmm-acc-stats-twofeats.cc:140) Average like for this file is -50.8253 over 516 frames.
LOG (gmm-acc-stats-twofeats[5.4.140~1-1ab3d]:main():gmm-acc-stats-twofeats.cc:140) Average like for this file is -50.5467 over 491 frames.
LOG (gmm-acc-stats-twofeats[5.4.140~1-1ab3d]:main():gmm-acc-stats-twofeats.cc:140) Average like for this file is -46.1598 over 691 frames.
LOG (gmm-acc-stats-twofeats[5.4.140~1-1ab3d]:main():gmm-acc-stats-twofeats.cc:140) Average like for this file is -49.1125 over 756 frames.
LOG (gmm-acc-stats-twofeats[5.4.140~1-1ab3d]:main():gmm-acc-stats-twofeats.cc:140) Average like for this file is -47.5237 over 769 frames.
LOG (gmm-acc-stats-twofeats[5.4.140~1-1ab3d]:main():gmm-acc-stats-twofeats.cc:140) Average like for this file is -47.2942 over 536 frames.
LOG (gmm-acc-stats-twofeats[5.4.140~1-1ab3d]:main():gmm-acc-stats-twofeats.cc:140) Average like for this file is -45.8583 over 474 frames.
LOG (gmm-acc-stats-twofeats[5.4.140~1-1ab3d]:main():gmm-acc-stats-twofeats.cc:146) Avg like per frame so far is -49.184
LOG (gmm-acc-stats-twofeats[5.4.140~1-1ab3d]:main():gmm-acc-stats-twofeats.cc:140) Average like for this file is -46.2097 over 519 frames.
LOG (gmm-acc-stats-twofeats[5.4.140~1-1ab3d]:main():gmm-acc-stats-twofeats.cc:140) Average like for this file is -49.9327 over 650 frames.
LOG (gmm-acc-stats-twofeats[5.4.140~1-1ab3d]:main():gmm-acc-stats-twofeats.cc:140) Average like for this file is -47.1773 over 656 frames.
LOG (gmm-acc-stats-twofeats[5.4.140~1-1ab3d]:main():gmm-acc-stats-twofeats.cc:140) Average like for this file is -46.2748 over 531 frames.
LOG (gmm-acc-stats-twofeats[5.4.140~1-1ab3d]:main():gmm-acc-stats-twofeats.cc:140) Average like for this file is -48.1157 over 546 frames.
LOG (gmm-acc-stats-twofeats[5.4.140~1-1ab3d]:main():gmm-acc-stats-twofeats.cc:140) Average like for this file is -47.7623 over 611 frames.
LOG (gmm-acc-stats-twofeats[5.4.140~1-1ab3d]:main():gmm-acc-stats-twofeats.cc:140) Average like for this file is -48.3347 over 408 frames.
LOG (gmm-acc-stats-twofeats[5.4.140~1-1ab3d]:main():gmm-acc-stats-twofeats.cc:140) Average like for this file is -46.9863 over 546 frames.
LOG (gmm-acc-stats-twofeats[5.4.140~1-1ab3d]:main():gmm-acc-stats-twofeats.cc:140) Average like for this file is -47.1488 over 619 frames.
LOG (gmm-acc-stats-twofeats[5.4.140~1-1ab3d]:main():gmm-acc-stats-twofeats.cc:140) Average like for this file is -47.6469 over 534 frames.
LOG (gmm-acc-stats-twofeats[5.4.140~1-1ab3d]:main():gmm-acc-stats-twofeats.cc:146) Avg like per frame so far is -48.3901
LOG (gmm-acc-stats-twofeats[5.4.140~1-1ab3d]:main():gmm-acc-stats-twofeats.cc:140) Average like for this file is -47.2484 over 414 frames.
LOG (gmm-acc-stats-twofeats[5.4.140~1-1ab3d]:main():gmm-acc-stats-twofeats.cc:140) Average like for this file is -50.378 over 600 frames.
LOG (gmm-acc-stats-twofeats[5.4.140~1-1ab3d]:main():gmm-acc-stats-twofeats.cc:140) Average like for this file is -48.4264 over 606 frames.
LOG (gmm-acc-stats-twofeats[5.4.140~1-1ab3d]:main():gmm-acc-stats-twofeats.cc:140) Average like for this file is -49.1017 over 537 frames.
LOG (gmm-acc-stats-twofeats[5.4.140~1-1ab3d]:main():gmm-acc-stats-twofeats.cc:140) Average like for this file is -52.1573 over 789 frames.
LOG (gmm-acc-stats-twofeats[5.4.140~1-1ab3d]:main():gmm-acc-stats-twofeats.cc:140) Average like for this file is -51.1123 over 972 frames.
LOG (gmm-acc-stats-twofeats[5.4.140~1-1ab3d]:main():gmm-acc-stats-twofeats.cc:140) Average like for this file is -44.8794 over 950 frames.
LOG (gmm-acc-stats-twofeats[5.4.140~1-1ab3d]:main():gmm-acc-stats-twofeats.cc:140) Average like for this file is -45.2797 over 762 frames.
LOG (gmm-acc-stats-twofeats[5.4.140~1-1ab3d]:main():gmm-acc-stats-twofeats.cc:140) Average like for this file is -46.6141 over 408 frames.
LOG (gmm-acc-stats-twofeats[5.4.140~1-1ab3d]:main():gmm-acc-stats-twofeats.cc:140) Average like for this file is -45.9482 over 501 frames.
LOG (gmm-acc-stats-twofeats[5.4.140~1-1ab3d]:main():gmm-acc-stats-twofeats.cc:146) Avg like per frame so far is -48.3391
LOG (gmm-acc-stats-twofeats[5.4.140~1-1ab3d]:main():gmm-acc-stats-twofeats.cc:140) Average like for this file is -44.1321 over 509 frames.
LOG (gmm-acc-stats-twofeats[5.4.140~1-1ab3d]:main():gmm-acc-stats-twofeats.cc:140) Average like for this file is -49.1815 over 524 frames.
LOG (gmm-acc-stats-twofeats[5.4.140~1-1ab3d]:main():gmm-acc-stats-twofeats.cc:140) Average like for this file is -45.993 over 572 frames.
LOG (gmm-acc-stats-twofeats[5.4.140~1-1ab3d]:main():gmm-acc-stats-twofeats.cc:140) Average like for this file is -46.3998 over 525 frames.
LOG (gmm-acc-stats-twofeats[5.4.140~1-1ab3d]:main():gmm-acc-stats-twofeats.cc:140) Average like for this file is -48.6092 over 831 frames.
LOG (gmm-acc-stats-twofeats[5.4.140~1-1ab3d]:main():gmm-acc-stats-twofeats.cc:140) Average like for this file is -47.3609 over 508 frames.
LOG (gmm-acc-stats-twofeats[5.4.140~1-1ab3d]:main():gmm-acc-stats-twofeats.cc:140) Average like for this file is -46.3344 over 528 frames.
LOG (gmm-acc-stats-twofeats[5.4.140~1-1ab3d]:main():gmm-acc-stats-twofeats.cc:140) Average like for this file is -46.9845 over 474 frames.
LOG (gmm-acc-stats-twofeats[5.4.140~1-1ab3d]:main():gmm-acc-stats-twofeats.cc:140) Average like for this file is -44.8375 over 506 frames.
LOG (gmm-acc-stats-twofeats[5.4.140~1-1ab3d]:main():gmm-acc-stats-twofeats.cc:140) Average like for this file is -48.2129 over 574 frames.
LOG (gmm-acc-stats-twofeats[5.4.140~1-1ab3d]:main():gmm-acc-stats-twofeats.cc:146) Avg like per frame so far is -48.0028
LOG (gmm-acc-stats-twofeats[5.4.140~1-1ab3d]:main():gmm-acc-stats-twofeats.cc:140) Average like for this file is -47.2445 over 651 frames.
LOG (gmm-acc-stats-twofeats[5.4.140~1-1ab3d]:main():gmm-acc-stats-twofeats.cc:140) Average like for this file is -49.7686 over 836 frames.
LOG (gmm-acc-stats-twofeats[5.4.140~1-1ab3d]:main():gmm-acc-stats-twofeats.cc:140) Average like for this file is -47.1684 over 1048 frames.
LOG (gmm-acc-stats-twofeats[5.4.140~1-1ab3d]:main():gmm-acc-stats-twofeats.cc:140) Average like for this file is -47.8779 over 568 frames.
LOG (gmm-acc-stats-twofeats[5.4.140~1-1ab3d]:main():gmm-acc-stats-twofeats.cc:140) Average like for this file is -46.8693 over 630 frames.
LOG (gmm-acc-stats-twofeats[5.4.140~1-1ab3d]:main():gmm-acc-stats-twofeats.cc:140) Average like for this file is -46.9248 over 915 frames.
LOG (gmm-acc-stats-twofeats[5.4.140~1-1ab3d]:main():gmm-acc-stats-twofeats.cc:140) Average like for this file is -50.1366 over 808 frames.
LOG (gmm-acc-stats-twofeats[5.4.140~1-1ab3d]:main():gmm-acc-stats-twofeats.cc:140) Average like for this file is -46.7182 over 673 frames.
LOG (gmm-acc-stats-twofeats[5.4.140~1-1ab3d]:main():gmm-acc-stats-twofeats.cc:140) Average like for this file is -46.2864 over 1002 frames.
LOG (gmm-acc-stats-twofeats[5.4.140~1-1ab3d]:main():gmm-acc-stats-twofeats.cc:140) Average like for this file is -47.8285 over 811 frames.
LOG (gmm-acc-stats-twofeats[5.4.140~1-1ab3d]:main():gmm-acc-stats-twofeats.cc:146) Avg like per frame so far is -47.9178
LOG (gmm-acc-stats-twofeats[5.4.140~1-1ab3d]:main():gmm-acc-stats-twofeats.cc:140) Average like for this file is -49.9424 over 378 frames.
LOG (gmm-acc-stats-twofeats[5.4.140~1-1ab3d]:main():gmm-acc-stats-twofeats.cc:140) Average like for this file is -49.3726 over 382 frames.
LOG (gmm-acc-stats-twofeats[5.4.140~1-1ab3d]:main():gmm-acc-stats-twofeats.cc:140) Average like for this file is -45.6833 over 678 frames.
LOG (gmm-acc-stats-twofeats[5.4.140~1-1ab3d]:main():gmm-acc-stats-twofeats.cc:140) Average like for this file is -47.2203 over 660 frames.
LOG (gmm-acc-stats-twofeats[5.4.140~1-1ab3d]:main():gmm-acc-stats-twofeats.cc:140) Average like for this file is -49.7749 over 478 frames.
LOG (gmm-acc-stats-twofeats[5.4.140~1-1ab3d]:main():gmm-acc-stats-twofeats.cc:140) Average like for this file is -47.8689 over 472 frames.
LOG (gmm-acc-stats-twofeats[5.4.140~1-1ab3d]:main():gmm-acc-stats-twofeats.cc:140) Average like for this file is -48.7489 over 331 frames.
LOG (gmm-acc-stats-twofeats[5.4.140~1-1ab3d]:main():gmm-acc-stats-twofeats.cc:140) Average like for this file is -46.4005 over 819 frames.
LOG (gmm-acc-stats-twofeats[5.4.140~1-1ab3d]:main():gmm-acc-stats-twofeats.cc:140) Average like for this file is -47.6567 over 1140 frames.
LOG (gmm-acc-stats-twofeats[5.4.140~1-1ab3d]:main():gmm-acc-stats-twofeats.cc:140) Average like for this file is -47.4194 over 496 frames.
LOG (gmm-acc-stats-twofeats[5.4.140~1-1ab3d]:main():gmm-acc-stats-twofeats.cc:146) Avg like per frame so far is -47.8828
LOG (gmm-acc-stats-twofeats[5.4.140~1-1ab3d]:main():gmm-acc-stats-twofeats.cc:140) Average like for this file is -45.66 over 687 frames.
LOG (gmm-acc-stats-twofeats[5.4.140~1-1ab3d]:main():gmm-acc-stats-twofeats.cc:140) Average like for this file is -47.9866 over 458 frames.
LOG (gmm-acc-stats-twofeats[5.4.140~1-1ab3d]:main():gmm-acc-stats-twofeats.cc:140) Average like for this file is -51.5342 over 559 frames.
LOG (gmm-acc-stats-twofeats[5.4.140~1-1ab3d]:main():gmm-acc-stats-twofeats.cc:140) Average like for this file is -48.0631 over 525 frames.
LOG (gmm-acc-stats-twofeats[5.4.140~1-1ab3d]:main():gmm-acc-stats-twofeats.cc:140) Average like for this file is -50.5772 over 609 frames.
LOG (gmm-acc-stats-twofeats[5.4.140~1-1ab3d]:main():gmm-acc-stats-twofeats.cc:140) Average like for this file is -53.1961 over 545 frames.
LOG (gmm-acc-stats-twofeats[5.4.140~1-1ab3d]:main():gmm-acc-stats-twofeats.cc:140) Average like for this file is -50.572 over 715 frames.
LOG (gmm-acc-stats-twofeats[5.4.140~1-1ab3d]:main():gmm-acc-stats-twofeats.cc:140) Average like for this file is -49.6936 over 438 frames.
LOG (gmm-acc-stats-twofeats[5.4.140~1-1ab3d]:main():gmm-acc-stats-twofeats.cc:140) Average like for this file is -45.3334 over 381 frames.
LOG (gmm-acc-stats-twofeats[5.4.140~1-1ab3d]:main():gmm-acc-stats-twofeats.cc:140) Average like for this file is -50.7951 over 344 frames.
LOG (gmm-acc-stats-twofeats[5.4.140~1-1ab3d]:main():gmm-acc-stats-twofeats.cc:146) Avg like per frame so far is -48.0698
LOG (gmm-acc-stats-twofeats[5.4.140~1-1ab3d]:main():gmm-acc-stats-twofeats.cc:140) Average like for this file is -51.9464 over 652 frames.
LOG (gmm-acc-stats-twofeats[5.4.140~1-1ab3d]:main():gmm-acc-stats-twofeats.cc:140) Average like for this file is -50.6718 over 488 frames.
LOG (gmm-acc-stats-twofeats[5.4.140~1-1ab3d]:main():gmm-acc-stats-twofeats.cc:140) Average like for this file is -48.3663 over 555 frames.
LOG (gmm-acc-stats-twofeats[5.4.140~1-1ab3d]:main():gmm-acc-stats-twofeats.cc:140) Average like for this file is -49.2052 over 835 frames.
LOG (gmm-acc-stats-twofeats[5.4.140~1-1ab3d]:main():gmm-acc-stats-twofeats.cc:140) Average like for this file is -47.5597 over 762 frames.
LOG (gmm-acc-stats-twofeats[5.4.140~1-1ab3d]:main():gmm-acc-stats-twofeats.cc:140) Average like for this file is -50.7728 over 532 frames.
LOG (gmm-acc-stats-twofeats[5.4.140~1-1ab3d]:main():gmm-acc-stats-twofeats.cc:140) Average like for this file is -48.8043 over 481 frames.
LOG (gmm-acc-stats-twofeats[5.4.140~1-1ab3d]:main():gmm-acc-stats-twofeats.cc:140) Average like for this file is -47.0693 over 427 frames.
LOG (gmm-acc-stats-twofeats[5.4.140~1-1ab3d]:main():gmm-acc-stats-twofeats.cc:140) Average like for this file is -50.4835 over 423 frames.
LOG (gmm-acc-stats-twofeats[5.4.140~1-1ab3d]:main():gmm-acc-stats-twofeats.cc:140) Average like for this file is -50.1315 over 388 frames.
LOG (gmm-acc-stats-twofeats[5.4.140~1-1ab3d]:main():gmm-acc-stats-twofeats.cc:146) Avg like per frame so far is -48.2303
LOG (gmm-acc-stats-twofeats[5.4.140~1-1ab3d]:main():gmm-acc-stats-twofeats.cc:140) Average like for this file is -45.9417 over 732 frames.
LOG (gmm-acc-stats-twofeats[5.4.140~1-1ab3d]:main():gmm-acc-stats-twofeats.cc:140) Average like for this file is -43.097 over 314 frames.
LOG (gmm-acc-stats-twofeats[5.4.140~1-1ab3d]:main():gmm-acc-stats-twofeats.cc:140) Average like for this file is -46.8351 over 770 frames.
LOG (gmm-acc-stats-twofeats[5.4.140~1-1ab3d]:main():gmm-acc-stats-twofeats.cc:140) Average like for this file is -49.2217 over 501 frames.
LOG (gmm-acc-stats-twofeats[5.4.140~1-1ab3d]:main():gmm-acc-stats-twofeats.cc:140) Average like for this file is -51.467 over 657 frames.
LOG (gmm-acc-stats-twofeats[5.4.140~1-1ab3d]:main():gmm-acc-stats-twofeats.cc:140) Average like for this file is -44.0065 over 452 frames.
LOG (gmm-acc-stats-twofeats[5.4.140~1-1ab3d]:main():gmm-acc-stats-twofeats.cc:140) Average like for this file is -47.2364 over 602 frames.
LOG (gmm-acc-stats-twofeats[5.4.140~1-1ab3d]:main():gmm-acc-stats-twofeats.cc:140) Average like for this file is -48.3049 over 692 frames.
LOG (gmm-acc-stats-twofeats[5.4.140~1-1ab3d]:main():gmm-acc-stats-twofeats.cc:140) Average like for this file is -46.5296 over 853 frames.
LOG (gmm-acc-stats-twofeats[5.4.140~1-1ab3d]:main():gmm-acc-stats-twofeats.cc:140) Average like for this file is -45.386 over 956 frames.
LOG (gmm-acc-stats-twofeats[5.4.140~1-1ab3d]:main():gmm-acc-stats-twofeats.cc:146) Avg like per frame so far is -48.077
LOG (gmm-acc-stats-twofeats[5.4.140~1-1ab3d]:main():gmm-acc-stats-twofeats.cc:140) Average like for this file is -46.0707 over 548 frames.
LOG (gmm-acc-stats-twofeats[5.4.140~1-1ab3d]:main():gmm-acc-stats-twofeats.cc:140) Average like for this file is -41.3303 over 723 frames.
LOG (gmm-acc-stats-twofeats[5.4.140~1-1ab3d]:main():gmm-acc-stats-twofeats.cc:140) Average like for this file is -46.5075 over 464 frames.
LOG (gmm-acc-stats-twofeats[5.4.140~1-1ab3d]:main():gmm-acc-stats-twofeats.cc:140) Average like for this file is -49.1512 over 400 frames.
LOG (gmm-acc-stats-twofeats[5.4.140~1-1ab3d]:main():gmm-acc-stats-twofeats.cc:140) Average like for this file is -47.3436 over 470 frames.
LOG (gmm-acc-stats-twofeats[5.4.140~1-1ab3d]:main():gmm-acc-stats-twofeats.cc:140) Average like for this file is -48.4045 over 595 frames.
LOG (gmm-acc-stats-twofeats[5.4.140~1-1ab3d]:main():gmm-acc-stats-twofeats.cc:140) Average like for this file is -46.25 over 697 frames.
LOG (gmm-acc-stats-twofeats[5.4.140~1-1ab3d]:main():gmm-acc-stats-twofeats.cc:140) Average like for this file is -47.3203 over 417 frames.
LOG (gmm-acc-stats-twofeats[5.4.140~1-1ab3d]:main():gmm-acc-stats-twofeats.cc:140) Average like for this file is -46.4024 over 703 frames.
LOG (gmm-acc-stats-twofeats[5.4.140~1-1ab3d]:main():gmm-acc-stats-twofeats.cc:140) Average like for this file is -46.0901 over 548 frames.
LOG (gmm-acc-stats-twofeats[5.4.140~1-1ab3d]:main():gmm-acc-stats-twofeats.cc:146) Avg like per frame so far is -47.9059
LOG (gmm-acc-stats-twofeats[5.4.140~1-1ab3d]:main():gmm-acc-stats-twofeats.cc:140) Average like for this file is -52.6304 over 616 frames.
LOG (gmm-acc-stats-twofeats[5.4.140~1-1ab3d]:main():gmm-acc-stats-twofeats.cc:140) Average like for this file is -48.9191 over 630 frames.
LOG (gmm-acc-stats-twofeats[5.4.140~1-1ab3d]:main():gmm-acc-stats-twofeats.cc:140) Average like for this file is -48.9706 over 598 frames.
LOG (gmm-acc-stats-twofeats[5.4.140~1-1ab3d]:main():gmm-acc-stats-twofeats.cc:140) Average like for this file is -44.3699 over 477 frames.
LOG (gmm-acc-stats-twofeats[5.4.140~1-1ab3d]:main():gmm-acc-stats-twofeats.cc:140) Average like for this file is -51.2259 over 833 frames.
LOG (gmm-acc-stats-twofeats[5.4.140~1-1ab3d]:main():gmm-acc-stats-twofeats.cc:140) Average like for this file is -45.1891 over 833 frames.
LOG (gmm-acc-stats-twofeats[5.4.140~1-1ab3d]:main():gmm-acc-stats-twofeats.cc:140) Average like for this file is -47.7038 over 423 frames.
LOG (gmm-acc-stats-twofeats[5.4.140~1-1ab3d]:main():gmm-acc-stats-twofeats.cc:140) Average like for this file is -49.4116 over 564 frames.
LOG (gmm-acc-stats-twofeats[5.4.140~1-1ab3d]:main():gmm-acc-stats-twofeats.cc:140) Average like for this file is -47.7787 over 447 frames.
LOG (gmm-acc-stats-twofeats[5.4.140~1-1ab3d]:main():gmm-acc-stats-twofeats.cc:140) Average like for this file is -47.4449 over 589 frames.
LOG (gmm-acc-stats-twofeats[5.4.140~1-1ab3d]:main():gmm-acc-stats-twofeats.cc:146) Avg like per frame so far is -47.9579
LOG (gmm-acc-stats-twofeats[5.4.140~1-1ab3d]:main():gmm-acc-stats-twofeats.cc:140) Average like for this file is -46.0602 over 643 frames.
LOG (gmm-acc-stats-twofeats[5.4.140~1-1ab3d]:main():gmm-acc-stats-twofeats.cc:140) Average like for this file is -51.4911 over 378 frames.
LOG (gmm-acc-stats-twofeats[5.4.140~1-1ab3d]:main():gmm-acc-stats-twofeats.cc:140) Average like for this file is -47.432 over 554 frames.
LOG (gmm-acc-stats-twofeats[5.4.140~1-1ab3d]:main():gmm-acc-stats-twofeats.cc:140) Average like for this file is -48.356 over 781 frames.
LOG (gmm-acc-stats-twofeats[5.4.140~1-1ab3d]:main():gmm-acc-stats-twofeats.cc:140) Average like for this file is -47.1358 over 433 frames.
LOG (gmm-acc-stats-twofeats[5.4.140~1-1ab3d]:main():gmm-acc-stats-twofeats.cc:140) Average like for this file is -49.082 over 767 frames.
LOG (gmm-acc-stats-twofeats[5.4.140~1-1ab3d]:main():gmm-acc-stats-twofeats.cc:140) Average like for this file is -48.2743 over 496 frames.
LOG (gmm-acc-stats-twofeats[5.4.140~1-1ab3d]:main():gmm-acc-stats-twofeats.cc:140) Average like for this file is -46.7455 over 458 frames.
LOG (gmm-acc-stats-twofeats[5.4.140~1-1ab3d]:main():gmm-acc-stats-twofeats.cc:140) Average like for this file is -48.985 over 728 frames.
LOG (gmm-acc-stats-twofeats[5.4.140~1-1ab3d]:main():gmm-acc-stats-twofeats.cc:140) Average like for this file is -50.2647 over 510 frames.
LOG (gmm-acc-stats-twofeats[5.4.140~1-1ab3d]:main():gmm-acc-stats-twofeats.cc:146) Avg like per frame so far is -47.988
LOG (gmm-acc-stats-twofeats[5.4.140~1-1ab3d]:main():gmm-acc-stats-twofeats.cc:140) Average like for this file is -49.4858 over 542 frames.
LOG (gmm-acc-stats-twofeats[5.4.140~1-1ab3d]:main():gmm-acc-stats-twofeats.cc:140) Average like for this file is -47.9739 over 441 frames.
LOG (gmm-acc-stats-twofeats[5.4.140~1-1ab3d]:main():gmm-acc-stats-twofeats.cc:140) Average like for this file is -52.2991 over 1023 frames.
LOG (gmm-acc-stats-twofeats[5.4.140~1-1ab3d]:main():gmm-acc-stats-twofeats.cc:140) Average like for this file is -49.2013 over 790 frames.
LOG (gmm-acc-stats-twofeats[5.4.140~1-1ab3d]:main():gmm-acc-stats-twofeats.cc:140) Average like for this file is -48.6833 over 479 frames.
LOG (gmm-acc-stats-twofeats[5.4.140~1-1ab3d]:main():gmm-acc-stats-twofeats.cc:140) Average like for this file is -47.7437 over 514 frames.
LOG (gmm-acc-stats-twofeats[5.4.140~1-1ab3d]:main():gmm-acc-stats-twofeats.cc:140) Average like for this file is -46.8081 over 757 frames.
LOG (gmm-acc-stats-twofeats[5.4.140~1-1ab3d]:main():gmm-acc-stats-twofeats.cc:140) Average like for this file is -49.6934 over 458 frames.
LOG (gmm-acc-stats-twofeats[5.4.140~1-1ab3d]:main():gmm-acc-stats-twofeats.cc:140) Average like for this file is -48.563 over 477 frames.
LOG (gmm-acc-stats-twofeats[5.4.140~1-1ab3d]:main():gmm-acc-stats-twofeats.cc:140) Average like for this file is -48.8791 over 836 frames.
LOG (gmm-acc-stats-twofeats[5.4.140~1-1ab3d]:main():gmm-acc-stats-twofeats.cc:146) Avg like per frame so far is -48.0813
LOG (gmm-acc-stats-twofeats[5.4.140~1-1ab3d]:main():gmm-acc-stats-twofeats.cc:140) Average like for this file is -48.7176 over 813 frames.
LOG (gmm-acc-stats-twofeats[5.4.140~1-1ab3d]:main():gmm-acc-stats-twofeats.cc:140) Average like for this file is -48.2852 over 424 frames.
LOG (gmm-acc-stats-twofeats[5.4.140~1-1ab3d]:main():gmm-acc-stats-twofeats.cc:140) Average like for this file is -53.0732 over 355 frames.
LOG (gmm-acc-stats-twofeats[5.4.140~1-1ab3d]:main():gmm-acc-stats-twofeats.cc:140) Average like for this file is -47.3034 over 440 frames.
LOG (gmm-acc-stats-twofeats[5.4.140~1-1ab3d]:main():gmm-acc-stats-twofeats.cc:140) Average like for this file is -49.8885 over 522 frames.
LOG (gmm-acc-stats-twofeats[5.4.140~1-1ab3d]:main():gmm-acc-stats-twofeats.cc:140) Average like for this file is -47.6706 over 528 frames.
LOG (gmm-acc-stats-twofeats[5.4.140~1-1ab3d]:main():gmm-acc-stats-twofeats.cc:140) Average like for this file is -46.6416 over 762 frames.
LOG (gmm-acc-stats-twofeats[5.4.140~1-1ab3d]:main():gmm-acc-stats-twofeats.cc:140) Average like for this file is -51.0963 over 360 frames.
LOG (gmm-acc-stats-twofeats[5.4.140~1-1ab3d]:main():gmm-acc-stats-twofeats.cc:140) Average like for this file is -45.5296 over 766 frames.
LOG (gmm-acc-stats-twofeats[5.4.140~1-1ab3d]:main():gmm-acc-stats-twofeats.cc:140) Average like for this file is -46.0399 over 446 frames.
LOG (gmm-acc-stats-twofeats[5.4.140~1-1ab3d]:main():gmm-acc-stats-twofeats.cc:146) Avg like per frame so far is -48.0799
LOG (gmm-acc-stats-twofeats[5.4.140~1-1ab3d]:main():gmm-acc-stats-twofeats.cc:140) Average like for this file is -43.3561 over 415 frames.
LOG (gmm-acc-stats-twofeats[5.4.140~1-1ab3d]:main():gmm-acc-stats-twofeats.cc:140) Average like for this file is -49.6152 over 382 frames.
LOG (gmm-acc-stats-twofeats[5.4.140~1-1ab3d]:main():gmm-acc-stats-twofeats.cc:140) Average like for this file is -49.3155 over 746 frames.
LOG (gmm-acc-stats-twofeats[5.4.140~1-1ab3d]:main():gmm-acc-stats-twofeats.cc:140) Average like for this file is -49.5795 over 569 frames.
LOG (gmm-acc-stats-twofeats[5.4.140~1-1ab3d]:main():gmm-acc-stats-twofeats.cc:140) Average like for this file is -46.0204 over 355 frames.
LOG (gmm-acc-stats-twofeats[5.4.140~1-1ab3d]:main():gmm-acc-stats-twofeats.cc:140) Average like for this file is -49.2855 over 661 frames.
LOG (gmm-acc-stats-twofeats[5.4.140~1-1ab3d]:main():gmm-acc-stats-twofeats.cc:140) Average like for this file is -44.9476 over 1053 frames.
LOG (gmm-acc-stats-twofeats[5.4.140~1-1ab3d]:main():gmm-acc-stats-twofeats.cc:140) Average like for this file is -47.7544 over 432 frames.
LOG (gmm-acc-stats-twofeats[5.4.140~1-1ab3d]:main():gmm-acc-stats-twofeats.cc:140) Average like for this file is -45.5425 over 611 frames.
LOG (gmm-acc-stats-twofeats[5.4.140~1-1ab3d]:main():gmm-acc-stats-twofeats.cc:140) Average like for this file is -50.2227 over 721 frames.
LOG (gmm-acc-stats-twofeats[5.4.140~1-1ab3d]:main():gmm-acc-stats-twofeats.cc:146) Avg like per frame so far is -48.0466
LOG (gmm-acc-stats-twofeats[5.4.140~1-1ab3d]:main():gmm-acc-stats-twofeats.cc:140) Average like for this file is -49.1445 over 879 frames.
LOG (gmm-acc-stats-twofeats[5.4.140~1-1ab3d]:main():gmm-acc-stats-twofeats.cc:140) Average like for this file is -49.0324 over 460 frames.
LOG (gmm-acc-stats-twofeats[5.4.140~1-1ab3d]:main():gmm-acc-stats-twofeats.cc:140) Average like for this file is -52.6403 over 547 frames.
LOG (gmm-acc-stats-twofeats[5.4.140~1-1ab3d]:main():gmm-acc-stats-twofeats.cc:140) Average like for this file is -47.4367 over 459 frames.
LOG (gmm-acc-stats-twofeats[5.4.140~1-1ab3d]:main():gmm-acc-stats-twofeats.cc:140) Average like for this file is -48.4589 over 915 frames.
LOG (gmm-acc-stats-twofeats[5.4.140~1-1ab3d]:main():gmm-acc-stats-twofeats.cc:140) Average like for this file is -49.1516 over 596 frames.
LOG (gmm-acc-stats-twofeats[5.4.140~1-1ab3d]:main():gmm-acc-stats-twofeats.cc:140) Average like for this file is -47.9951 over 490 frames.
LOG (gmm-acc-stats-twofeats[5.4.140~1-1ab3d]:main():gmm-acc-stats-twofeats.cc:140) Average like for this file is -49.1841 over 871 frames.
LOG (gmm-acc-stats-twofeats[5.4.140~1-1ab3d]:main():gmm-acc-stats-twofeats.cc:140) Average like for this file is -48.3836 over 403 frames.
LOG (gmm-acc-stats-twofeats[5.4.140~1-1ab3d]:main():gmm-acc-stats-twofeats.cc:140) Average like for this file is -51.2294 over 408 frames.
LOG (gmm-acc-stats-twofeats[5.4.140~1-1ab3d]:main():gmm-acc-stats-twofeats.cc:146) Avg like per frame so far is -48.1208
LOG (gmm-acc-stats-twofeats[5.4.140~1-1ab3d]:main():gmm-acc-stats-twofeats.cc:140) Average like for this file is -46.6603 over 872 frames.
LOG (gmm-acc-stats-twofeats[5.4.140~1-1ab3d]:main():gmm-acc-stats-twofeats.cc:140) Average like for this file is -47.8238 over 598 frames.
LOG (gmm-acc-stats-twofeats[5.4.140~1-1ab3d]:main():gmm-acc-stats-twofeats.cc:140) Average like for this file is -48.3235 over 538 frames.
LOG (gmm-acc-stats-twofeats[5.4.140~1-1ab3d]:main():gmm-acc-stats-twofeats.cc:140) Average like for this file is -50.2727 over 515 frames.
LOG (gmm-acc-stats-twofeats[5.4.140~1-1ab3d]:main():gmm-acc-stats-twofeats.cc:140) Average like for this file is -46.4519 over 700 frames.
LOG (gmm-acc-stats-twofeats[5.4.140~1-1ab3d]:main():gmm-acc-stats-twofeats.cc:140) Average like for this file is -48.0338 over 496 frames.
LOG (gmm-acc-stats-twofeats[5.4.140~1-1ab3d]:main():gmm-acc-stats-twofeats.cc:140) Average like for this file is -47.304 over 552 frames.
LOG (gmm-acc-stats-twofeats[5.4.140~1-1ab3d]:main():gmm-acc-stats-twofeats.cc:140) Average like for this file is -50.1308 over 541 frames.
LOG (gmm-acc-stats-twofeats[5.4.140~1-1ab3d]:main():gmm-acc-stats-twofeats.cc:140) Average like for this file is -46.7383 over 821 frames.
LOG (gmm-acc-stats-twofeats[5.4.140~1-1ab3d]:main():gmm-acc-stats-twofeats.cc:140) Average like for this file is -46.8841 over 278 frames.
LOG (gmm-acc-stats-twofeats[5.4.140~1-1ab3d]:main():gmm-acc-stats-twofeats.cc:146) Avg like per frame so far is -48.0983
LOG (gmm-acc-stats-twofeats[5.4.140~1-1ab3d]:main():gmm-acc-stats-twofeats.cc:140) Average like for this file is -47.7926 over 692 frames.
LOG (gmm-acc-stats-twofeats[5.4.140~1-1ab3d]:main():gmm-acc-stats-twofeats.cc:140) Average like for this file is -46.4481 over 588 frames.
LOG (gmm-acc-stats-twofeats[5.4.140~1-1ab3d]:main():gmm-acc-stats-twofeats.cc:140) Average like for this file is -42.7037 over 486 frames.
LOG (gmm-acc-stats-twofeats[5.4.140~1-1ab3d]:main():gmm-acc-stats-twofeats.cc:140) Average like for this file is -46.8638 over 437 frames.
LOG (gmm-acc-stats-twofeats[5.4.140~1-1ab3d]:main():gmm-acc-stats-twofeats.cc:140) Average like for this file is -48.594 over 528 frames.
LOG (gmm-acc-stats-twofeats[5.4.140~1-1ab3d]:main():gmm-acc-stats-twofeats.cc:140) Average like for this file is -47.1537 over 505 frames.
LOG (gmm-acc-stats-twofeats[5.4.140~1-1ab3d]:main():gmm-acc-stats-twofeats.cc:140) Average like for this file is -49.4557 over 628 frames.
LOG (gmm-acc-stats-twofeats[5.4.140~1-1ab3d]:main():gmm-acc-stats-twofeats.cc:140) Average like for this file is -48.1324 over 638 frames.
LOG (apply-cmvn[5.4.140~1-1ab3d]:main():apply-cmvn.cc:162) Applied cepstral mean normalization to 184 utterances, errors on 0
LOG (gmm-acc-stats-twofeats[5.4.140~1-1ab3d]:main():gmm-acc-stats-twofeats.cc:140) Average like for this file is -49.0987 over 950 frames.
LOG (apply-cmvn[5.4.140~1-1ab3d]:main():apply-cmvn.cc:162) Applied cepstral mean normalization to 184 utterances, errors on 0
LOG (gmm-acc-stats-twofeats[5.4.140~1-1ab3d]:main():gmm-acc-stats-twofeats.cc:140) Average like for this file is -50.6006 over 598 frames.
LOG (gmm-acc-stats-twofeats[5.4.140~1-1ab3d]:main():gmm-acc-stats-twofeats.cc:146) Avg like per frame so far is -48.0867
LOG (ali-to-post[5.4.140~1-1ab3d]:main():ali-to-post.cc:73) Converted 184 alignments.
LOG (gmm-acc-stats-twofeats[5.4.140~1-1ab3d]:main():gmm-acc-stats-twofeats.cc:140) Average like for this file is -49.656 over 516 frames.
LOG (gmm-acc-stats-twofeats[5.4.140~1-1ab3d]:main():gmm-acc-stats-twofeats.cc:140) Average like for this file is -44.9296 over 621 frames.
LOG (transform-feats[5.4.140~1-1ab3d]:main():transform-feats.cc:158) Overall average [pseudo-]logdet is -74.7006 over 109880 frames.
LOG (transform-feats[5.4.140~1-1ab3d]:main():transform-feats.cc:161) Applied transform to 184 utterances; 0 had errors.
LOG (gmm-acc-stats-twofeats[5.4.140~1-1ab3d]:main():gmm-acc-stats-twofeats.cc:140) Average like for this file is -48.8527 over 698 frames.
LOG (transform-feats[5.4.140~1-1ab3d]:main():transform-feats.cc:158) Overall average logdet is 3.59188 over 109880 frames.
LOG (transform-feats[5.4.140~1-1ab3d]:main():transform-feats.cc:161) Applied transform to 184 utterances; 0 had errors.
LOG (transform-feats[5.4.140~1-1ab3d]:main():transform-feats.cc:158) Overall average [pseudo-]logdet is -74.7006 over 109880 frames.
LOG (transform-feats[5.4.140~1-1ab3d]:main():transform-feats.cc:161) Applied transform to 184 utterances; 0 had errors.
LOG (gmm-acc-stats-twofeats[5.4.140~1-1ab3d]:main():gmm-acc-stats-twofeats.cc:140) Average like for this file is -48.6257 over 523 frames.
LOG (gmm-acc-stats-twofeats[5.4.140~1-1ab3d]:main():gmm-acc-stats-twofeats.cc:150) Done 184 files, 0 with no posteriors, 0 with no second features, 0 with other errors.
LOG (gmm-acc-stats-twofeats[5.4.140~1-1ab3d]:main():gmm-acc-stats-twofeats.cc:155) Overall avg like per frame (Gaussian only) = -48.0837 over 109880 frames.
LOG (gmm-acc-stats-twofeats[5.4.140~1-1ab3d]:main():gmm-acc-stats-twofeats.cc:163) Written accs.
# Accounting: time=3 threads=1
# Ended (code 0) at Wed Jun 20 18:05:29 CST 2018, elapsed time 3 seconds
