# gmm-align-compiled --transition-scale=1.0 --acoustic-scale=0.1 --self-loop-scale=0.1 --beam=10 --retry-beam=40 --careful=false "gmm-boost-silence --boost=1.0 1 exp/tri3/10.mdl - |" "ark:gunzip -c exp/tri3/fsts.12.gz|" "ark,s,cs:apply-cmvn  --utt2spk=ark:data/train/split20/12/utt2spk scp:data/train/split20/12/cmvn.scp scp:data/train/split20/12/feats.scp ark:- | splice-feats --left-context=3 --right-context=3 ark:- ark:- | transform-feats exp/tri2_ali/final.mat ark:- ark:- | transform-feats --utt2spk=ark:data/train/split20/12/utt2spk ark:exp/tri3/trans.12 ark:- ark:- |" "ark:|gzip -c >exp/tri3/ali.12.gz" 
# Started at Wed Jun 20 13:31:16 CST 2018
#
gmm-align-compiled --transition-scale=1.0 --acoustic-scale=0.1 --self-loop-scale=0.1 --beam=10 --retry-beam=40 --careful=false 'gmm-boost-silence --boost=1.0 1 exp/tri3/10.mdl - |' 'ark:gunzip -c exp/tri3/fsts.12.gz|' 'ark,s,cs:apply-cmvn  --utt2spk=ark:data/train/split20/12/utt2spk scp:data/train/split20/12/cmvn.scp scp:data/train/split20/12/feats.scp ark:- | splice-feats --left-context=3 --right-context=3 ark:- ark:- | transform-feats exp/tri2_ali/final.mat ark:- ark:- | transform-feats --utt2spk=ark:data/train/split20/12/utt2spk ark:exp/tri3/trans.12 ark:- ark:- |' 'ark:|gzip -c >exp/tri3/ali.12.gz' 
gmm-boost-silence --boost=1.0 1 exp/tri3/10.mdl - 
LOG (gmm-boost-silence[5.4.140~1-1ab3d]:main():gmm-boost-silence.cc:93) Boosted weights for 3 pdfs, by factor of 1
LOG (gmm-boost-silence[5.4.140~1-1ab3d]:main():gmm-boost-silence.cc:103) Wrote model to -
apply-cmvn --utt2spk=ark:data/train/split20/12/utt2spk scp:data/train/split20/12/cmvn.scp scp:data/train/split20/12/feats.scp ark:- 
splice-feats --left-context=3 --right-context=3 ark:- ark:- 
transform-feats --utt2spk=ark:data/train/split20/12/utt2spk ark:exp/tri3/trans.12 ark:- ark:- 
transform-feats exp/tri2_ali/final.mat ark:- ark:- 
LOG (gmm-align-compiled[5.4.140~1-1ab3d]:main():gmm-align-compiled.cc:127) mjdg0_si1042
LOG (gmm-align-compiled[5.4.140~1-1ab3d]:main():gmm-align-compiled.cc:127) mjdg0_si1672
LOG (gmm-align-compiled[5.4.140~1-1ab3d]:main():gmm-align-compiled.cc:127) mjdg0_si1705
LOG (gmm-align-compiled[5.4.140~1-1ab3d]:main():gmm-align-compiled.cc:127) mjdg0_sx142
LOG (gmm-align-compiled[5.4.140~1-1ab3d]:main():gmm-align-compiled.cc:127) mjdg0_sx232
LOG (gmm-align-compiled[5.4.140~1-1ab3d]:main():gmm-align-compiled.cc:127) mjdg0_sx322
LOG (gmm-align-compiled[5.4.140~1-1ab3d]:main():gmm-align-compiled.cc:127) mjdg0_sx412
LOG (gmm-align-compiled[5.4.140~1-1ab3d]:main():gmm-align-compiled.cc:127) mjdg0_sx52
LOG (gmm-align-compiled[5.4.140~1-1ab3d]:main():gmm-align-compiled.cc:127) mjdm0_si1340
LOG (gmm-align-compiled[5.4.140~1-1ab3d]:main():gmm-align-compiled.cc:127) mjdm0_si1937
LOG (gmm-align-compiled[5.4.140~1-1ab3d]:main():gmm-align-compiled.cc:127) mjdm0_si974
LOG (gmm-align-compiled[5.4.140~1-1ab3d]:main():gmm-align-compiled.cc:127) mjdm0_sx170
LOG (gmm-align-compiled[5.4.140~1-1ab3d]:main():gmm-align-compiled.cc:127) mjdm0_sx260
LOG (gmm-align-compiled[5.4.140~1-1ab3d]:main():gmm-align-compiled.cc:127) mjdm0_sx350
LOG (gmm-align-compiled[5.4.140~1-1ab3d]:main():gmm-align-compiled.cc:127) mjdm0_sx440
LOG (gmm-align-compiled[5.4.140~1-1ab3d]:main():gmm-align-compiled.cc:127) mjdm0_sx80
LOG (gmm-align-compiled[5.4.140~1-1ab3d]:main():gmm-align-compiled.cc:127) mjeb0_si1286
LOG (gmm-align-compiled[5.4.140~1-1ab3d]:main():gmm-align-compiled.cc:127) mjeb0_si1916
LOG (gmm-align-compiled[5.4.140~1-1ab3d]:main():gmm-align-compiled.cc:127) mjeb0_si656
LOG (gmm-align-compiled[5.4.140~1-1ab3d]:main():gmm-align-compiled.cc:127) mjeb0_sx170
LOG (gmm-align-compiled[5.4.140~1-1ab3d]:main():gmm-align-compiled.cc:127) mjeb0_sx206
LOG (gmm-align-compiled[5.4.140~1-1ab3d]:main():gmm-align-compiled.cc:127) mjeb0_sx26
LOG (gmm-align-compiled[5.4.140~1-1ab3d]:main():gmm-align-compiled.cc:127) mjeb0_sx296
LOG (gmm-align-compiled[5.4.140~1-1ab3d]:main():gmm-align-compiled.cc:127) mjeb0_sx386
LOG (gmm-align-compiled[5.4.140~1-1ab3d]:main():gmm-align-compiled.cc:127) mjeb1_si1467
LOG (gmm-align-compiled[5.4.140~1-1ab3d]:main():gmm-align-compiled.cc:127) mjeb1_si2097
LOG (gmm-align-compiled[5.4.140~1-1ab3d]:main():gmm-align-compiled.cc:127) mjeb1_si837
LOG (gmm-align-compiled[5.4.140~1-1ab3d]:main():gmm-align-compiled.cc:127) mjeb1_sx117
LOG (gmm-align-compiled[5.4.140~1-1ab3d]:main():gmm-align-compiled.cc:127) mjeb1_sx207
LOG (gmm-align-compiled[5.4.140~1-1ab3d]:main():gmm-align-compiled.cc:127) mjeb1_sx27
LOG (gmm-align-compiled[5.4.140~1-1ab3d]:main():gmm-align-compiled.cc:127) mjeb1_sx297
LOG (gmm-align-compiled[5.4.140~1-1ab3d]:main():gmm-align-compiled.cc:127) mjeb1_sx387
LOG (gmm-align-compiled[5.4.140~1-1ab3d]:main():gmm-align-compiled.cc:127) mjee0_si1237
LOG (gmm-align-compiled[5.4.140~1-1ab3d]:main():gmm-align-compiled.cc:127) mjee0_si1867
LOG (gmm-align-compiled[5.4.140~1-1ab3d]:main():gmm-align-compiled.cc:127) mjee0_si607
LOG (gmm-align-compiled[5.4.140~1-1ab3d]:main():gmm-align-compiled.cc:127) mjee0_sx157
LOG (gmm-align-compiled[5.4.140~1-1ab3d]:main():gmm-align-compiled.cc:127) mjee0_sx247
LOG (gmm-align-compiled[5.4.140~1-1ab3d]:main():gmm-align-compiled.cc:127) mjee0_sx337
LOG (gmm-align-compiled[5.4.140~1-1ab3d]:main():gmm-align-compiled.cc:127) mjee0_sx427
LOG (gmm-align-compiled[5.4.140~1-1ab3d]:main():gmm-align-compiled.cc:127) mjee0_sx67
LOG (gmm-align-compiled[5.4.140~1-1ab3d]:main():gmm-align-compiled.cc:127) mjfh0_si1107
LOG (gmm-align-compiled[5.4.140~1-1ab3d]:main():gmm-align-compiled.cc:127) mjfh0_si1737
LOG (gmm-align-compiled[5.4.140~1-1ab3d]:main():gmm-align-compiled.cc:127) mjfh0_si477
LOG (gmm-align-compiled[5.4.140~1-1ab3d]:main():gmm-align-compiled.cc:127) mjfh0_sx117
LOG (gmm-align-compiled[5.4.140~1-1ab3d]:main():gmm-align-compiled.cc:127) mjfh0_sx207
LOG (gmm-align-compiled[5.4.140~1-1ab3d]:main():gmm-align-compiled.cc:127) mjfh0_sx27
LOG (gmm-align-compiled[5.4.140~1-1ab3d]:main():gmm-align-compiled.cc:127) mjfh0_sx297
LOG (gmm-align-compiled[5.4.140~1-1ab3d]:main():gmm-align-compiled.cc:127) mjfh0_sx387
LOG (gmm-align-compiled[5.4.140~1-1ab3d]:main():gmm-align-compiled.cc:127) mjfr0_si1605
LOG (gmm-align-compiled[5.4.140~1-1ab3d]:main():gmm-align-compiled.cc:127) mjfr0_si2235
LOG (gmm-align-compiled[5.4.140~1-1ab3d]:main():gmm-align-compiled.cc:127) mjfr0_si975
LOG (gmm-align-compiled[5.4.140~1-1ab3d]:main():gmm-align-compiled.cc:127) mjfr0_sx165
LOG (gmm-align-compiled[5.4.140~1-1ab3d]:main():gmm-align-compiled.cc:127) mjfr0_sx255
LOG (gmm-align-compiled[5.4.140~1-1ab3d]:main():gmm-align-compiled.cc:127) mjfr0_sx345
LOG (gmm-align-compiled[5.4.140~1-1ab3d]:main():gmm-align-compiled.cc:127) mjfr0_sx435
LOG (gmm-align-compiled[5.4.140~1-1ab3d]:main():gmm-align-compiled.cc:127) mjfr0_sx75
LOG (gmm-align-compiled[5.4.140~1-1ab3d]:main():gmm-align-compiled.cc:127) mjhi0_si1328
LOG (gmm-align-compiled[5.4.140~1-1ab3d]:main():gmm-align-compiled.cc:127) mjhi0_si555
LOG (gmm-align-compiled[5.4.140~1-1ab3d]:main():gmm-align-compiled.cc:127) mjhi0_si698
LOG (gmm-align-compiled[5.4.140~1-1ab3d]:main():gmm-align-compiled.cc:127) mjhi0_sx158
LOG (gmm-align-compiled[5.4.140~1-1ab3d]:main():gmm-align-compiled.cc:127) mjhi0_sx248
LOG (gmm-align-compiled[5.4.140~1-1ab3d]:main():gmm-align-compiled.cc:127) mjhi0_sx338
LOG (gmm-align-compiled[5.4.140~1-1ab3d]:main():gmm-align-compiled.cc:127) mjhi0_sx428
LOG (gmm-align-compiled[5.4.140~1-1ab3d]:main():gmm-align-compiled.cc:127) mjhi0_sx68
LOG (gmm-align-compiled[5.4.140~1-1ab3d]:main():gmm-align-compiled.cc:127) mjjb0_si1139
LOG (gmm-align-compiled[5.4.140~1-1ab3d]:main():gmm-align-compiled.cc:127) mjjb0_si1277
LOG (gmm-align-compiled[5.4.140~1-1ab3d]:main():gmm-align-compiled.cc:127) mjjb0_si1769
LOG (gmm-align-compiled[5.4.140~1-1ab3d]:main():gmm-align-compiled.cc:127) mjjb0_sx149
LOG (gmm-align-compiled[5.4.140~1-1ab3d]:main():gmm-align-compiled.cc:127) mjjb0_sx239
LOG (gmm-align-compiled[5.4.140~1-1ab3d]:main():gmm-align-compiled.cc:127) mjjb0_sx329
LOG (gmm-align-compiled[5.4.140~1-1ab3d]:main():gmm-align-compiled.cc:127) mjjb0_sx419
LOG (gmm-align-compiled[5.4.140~1-1ab3d]:main():gmm-align-compiled.cc:127) mjjb0_sx59
LOG (gmm-align-compiled[5.4.140~1-1ab3d]:main():gmm-align-compiled.cc:127) mjjj0_si1163
LOG (gmm-align-compiled[5.4.140~1-1ab3d]:main():gmm-align-compiled.cc:127) mjjj0_si1793
LOG (gmm-align-compiled[5.4.140~1-1ab3d]:main():gmm-align-compiled.cc:127) mjjj0_si533
LOG (gmm-align-compiled[5.4.140~1-1ab3d]:main():gmm-align-compiled.cc:127) mjjj0_sx173
LOG (gmm-align-compiled[5.4.140~1-1ab3d]:main():gmm-align-compiled.cc:127) mjjj0_sx263
LOG (gmm-align-compiled[5.4.140~1-1ab3d]:main():gmm-align-compiled.cc:127) mjjj0_sx353
LOG (gmm-align-compiled[5.4.140~1-1ab3d]:main():gmm-align-compiled.cc:127) mjjj0_sx443
LOG (gmm-align-compiled[5.4.140~1-1ab3d]:main():gmm-align-compiled.cc:127) mjjj0_sx83
LOG (gmm-align-compiled[5.4.140~1-1ab3d]:main():gmm-align-compiled.cc:127) mjjm0_si1251
LOG (gmm-align-compiled[5.4.140~1-1ab3d]:main():gmm-align-compiled.cc:127) mjjm0_si1457
LOG (gmm-align-compiled[5.4.140~1-1ab3d]:main():gmm-align-compiled.cc:127) mjjm0_si827
LOG (gmm-align-compiled[5.4.140~1-1ab3d]:main():gmm-align-compiled.cc:127) mjjm0_sx107
LOG (gmm-align-compiled[5.4.140~1-1ab3d]:main():gmm-align-compiled.cc:127) mjjm0_sx17
LOG (gmm-align-compiled[5.4.140~1-1ab3d]:main():gmm-align-compiled.cc:127) mjjm0_sx197
LOG (gmm-align-compiled[5.4.140~1-1ab3d]:main():gmm-align-compiled.cc:127) mjjm0_sx287
LOG (gmm-align-compiled[5.4.140~1-1ab3d]:main():gmm-align-compiled.cc:127) mjjm0_sx377
LOG (gmm-align-compiled[5.4.140~1-1ab3d]:main():gmm-align-compiled.cc:127) mjkr0_si1201
LOG (gmm-align-compiled[5.4.140~1-1ab3d]:main():gmm-align-compiled.cc:127) mjkr0_si1831
LOG (gmm-align-compiled[5.4.140~1-1ab3d]:main():gmm-align-compiled.cc:127) mjkr0_si571
LOG (gmm-align-compiled[5.4.140~1-1ab3d]:main():gmm-align-compiled.cc:127) mjkr0_sx121
LOG (gmm-align-compiled[5.4.140~1-1ab3d]:main():gmm-align-compiled.cc:127) mjkr0_sx211
LOG (gmm-align-compiled[5.4.140~1-1ab3d]:main():gmm-align-compiled.cc:127) mjkr0_sx301
LOG (gmm-align-compiled[5.4.140~1-1ab3d]:main():gmm-align-compiled.cc:127) mjkr0_sx31
LOG (gmm-align-compiled[5.4.140~1-1ab3d]:main():gmm-align-compiled.cc:127) mjkr0_sx391
LOG (gmm-align-compiled[5.4.140~1-1ab3d]:main():gmm-align-compiled.cc:127) mjlb0_si1616
LOG (gmm-align-compiled[5.4.140~1-1ab3d]:main():gmm-align-compiled.cc:127) mjlb0_si2246
LOG (gmm-align-compiled[5.4.140~1-1ab3d]:main():gmm-align-compiled.cc:127) mjlb0_si986
LOG (gmm-align-compiled[5.4.140~1-1ab3d]:main():gmm-align-compiled.cc:127) mjlb0_sx176
LOG (gmm-align-compiled[5.4.140~1-1ab3d]:main():gmm-align-compiled.cc:127) mjlb0_sx266
LOG (gmm-align-compiled[5.4.140~1-1ab3d]:main():gmm-align-compiled.cc:127) mjlb0_sx356
LOG (gmm-align-compiled[5.4.140~1-1ab3d]:main():gmm-align-compiled.cc:127) mjlb0_sx446
LOG (gmm-align-compiled[5.4.140~1-1ab3d]:main():gmm-align-compiled.cc:127) mjlb0_sx86
LOG (gmm-align-compiled[5.4.140~1-1ab3d]:main():gmm-align-compiled.cc:127) mjlg1_si1012
LOG (gmm-align-compiled[5.4.140~1-1ab3d]:main():gmm-align-compiled.cc:127) mjlg1_si1642
LOG (gmm-align-compiled[5.4.140~1-1ab3d]:main():gmm-align-compiled.cc:127) mjlg1_si2272
LOG (gmm-align-compiled[5.4.140~1-1ab3d]:main():gmm-align-compiled.cc:127) mjlg1_sx112
LOG (gmm-align-compiled[5.4.140~1-1ab3d]:main():gmm-align-compiled.cc:127) mjlg1_sx202
LOG (gmm-align-compiled[5.4.140~1-1ab3d]:main():gmm-align-compiled.cc:127) mjlg1_sx22
LOG (gmm-align-compiled[5.4.140~1-1ab3d]:main():gmm-align-compiled.cc:127) mjlg1_sx292
LOG (gmm-align-compiled[5.4.140~1-1ab3d]:main():gmm-align-compiled.cc:127) mjlg1_sx382
LOG (gmm-align-compiled[5.4.140~1-1ab3d]:main():gmm-align-compiled.cc:127) mjls0_si1096
LOG (gmm-align-compiled[5.4.140~1-1ab3d]:main():gmm-align-compiled.cc:127) mjls0_si1726
LOG (gmm-align-compiled[5.4.140~1-1ab3d]:main():gmm-align-compiled.cc:127) mjls0_si466
LOG (gmm-align-compiled[5.4.140~1-1ab3d]:main():gmm-align-compiled.cc:127) mjls0_sx106
LOG (gmm-align-compiled[5.4.140~1-1ab3d]:main():gmm-align-compiled.cc:127) mjls0_sx16
LOG (gmm-align-compiled[5.4.140~1-1ab3d]:main():gmm-align-compiled.cc:127) mjls0_sx196
LOG (gmm-align-compiled[5.4.140~1-1ab3d]:main():gmm-align-compiled.cc:127) mjls0_sx286
LOG (gmm-align-compiled[5.4.140~1-1ab3d]:main():gmm-align-compiled.cc:127) mjls0_sx376
LOG (gmm-align-compiled[5.4.140~1-1ab3d]:main():gmm-align-compiled.cc:127) mjma0_si1495
LOG (gmm-align-compiled[5.4.140~1-1ab3d]:main():gmm-align-compiled.cc:127) mjma0_si2125
LOG (gmm-align-compiled[5.4.140~1-1ab3d]:main():gmm-align-compiled.cc:127) mjma0_si865
LOG (gmm-align-compiled[5.4.140~1-1ab3d]:main():gmm-align-compiled.cc:127) mjma0_sx145
LOG (gmm-align-compiled[5.4.140~1-1ab3d]:main():gmm-align-compiled.cc:127) mjma0_sx235
LOG (gmm-align-compiled[5.4.140~1-1ab3d]:main():gmm-align-compiled.cc:127) mjma0_sx325
LOG (gmm-align-compiled[5.4.140~1-1ab3d]:main():gmm-align-compiled.cc:127) mjma0_sx415
LOG (gmm-align-compiled[5.4.140~1-1ab3d]:main():gmm-align-compiled.cc:127) mjma0_sx55
LOG (gmm-align-compiled[5.4.140~1-1ab3d]:main():gmm-align-compiled.cc:127) mjmd0_si1028
LOG (gmm-align-compiled[5.4.140~1-1ab3d]:main():gmm-align-compiled.cc:127) mjmd0_si1658
LOG (gmm-align-compiled[5.4.140~1-1ab3d]:main():gmm-align-compiled.cc:127) mjmd0_si2288
LOG (gmm-align-compiled[5.4.140~1-1ab3d]:main():gmm-align-compiled.cc:127) mjmd0_sx128
LOG (gmm-align-compiled[5.4.140~1-1ab3d]:main():gmm-align-compiled.cc:127) mjmd0_sx218
LOG (gmm-align-compiled[5.4.140~1-1ab3d]:main():gmm-align-compiled.cc:127) mjmd0_sx308
LOG (gmm-align-compiled[5.4.140~1-1ab3d]:main():gmm-align-compiled.cc:127) mjmd0_sx38
LOG (gmm-align-compiled[5.4.140~1-1ab3d]:main():gmm-align-compiled.cc:127) mjmd0_sx398
LOG (gmm-align-compiled[5.4.140~1-1ab3d]:main():gmm-align-compiled.cc:127) mjmm0_si1255
LOG (gmm-align-compiled[5.4.140~1-1ab3d]:main():gmm-align-compiled.cc:127) mjmm0_si1885
LOG (gmm-align-compiled[5.4.140~1-1ab3d]:main():gmm-align-compiled.cc:127) mjmm0_si625
LOG (gmm-align-compiled[5.4.140~1-1ab3d]:main():gmm-align-compiled.cc:127) mjmm0_sx175
LOG (gmm-align-compiled[5.4.140~1-1ab3d]:main():gmm-align-compiled.cc:127) mjmm0_sx265
LOG (gmm-align-compiled[5.4.140~1-1ab3d]:main():gmm-align-compiled.cc:127) mjmm0_sx355
LOG (gmm-align-compiled[5.4.140~1-1ab3d]:main():gmm-align-compiled.cc:127) mjmm0_sx445
LOG (gmm-align-compiled[5.4.140~1-1ab3d]:main():gmm-align-compiled.cc:127) mjmm0_sx85
LOG (gmm-align-compiled[5.4.140~1-1ab3d]:main():gmm-align-compiled.cc:127) mjpg0_si1191
LOG (gmm-align-compiled[5.4.140~1-1ab3d]:main():gmm-align-compiled.cc:127) mjpg0_si1821
LOG (gmm-align-compiled[5.4.140~1-1ab3d]:main():gmm-align-compiled.cc:127) mjpg0_si561
LOG (gmm-align-compiled[5.4.140~1-1ab3d]:main():gmm-align-compiled.cc:127) mjpg0_sx111
LOG (gmm-align-compiled[5.4.140~1-1ab3d]:main():gmm-align-compiled.cc:127) mjpg0_sx201
LOG (gmm-align-compiled[5.4.140~1-1ab3d]:main():gmm-align-compiled.cc:127) mjpg0_sx21
LOG (gmm-align-compiled[5.4.140~1-1ab3d]:main():gmm-align-compiled.cc:127) mjpg0_sx291
LOG (gmm-align-compiled[5.4.140~1-1ab3d]:main():gmm-align-compiled.cc:127) mjpg0_sx381
LOG (gmm-align-compiled[5.4.140~1-1ab3d]:main():gmm-align-compiled.cc:127) mjpm0_si1368
LOG (gmm-align-compiled[5.4.140~1-1ab3d]:main():gmm-align-compiled.cc:127) mjpm0_si1998
LOG (gmm-align-compiled[5.4.140~1-1ab3d]:main():gmm-align-compiled.cc:127) mjpm0_si738
LOG (gmm-align-compiled[5.4.140~1-1ab3d]:main():gmm-align-compiled.cc:127) mjpm0_sx108
LOG (gmm-align-compiled[5.4.140~1-1ab3d]:main():gmm-align-compiled.cc:127) mjpm0_sx18
LOG (gmm-align-compiled[5.4.140~1-1ab3d]:main():gmm-align-compiled.cc:127) mjpm0_sx198
LOG (gmm-align-compiled[5.4.140~1-1ab3d]:main():gmm-align-compiled.cc:127) mjpm0_sx288
LOG (gmm-align-compiled[5.4.140~1-1ab3d]:main():gmm-align-compiled.cc:127) mjpm0_sx378
LOG (gmm-align-compiled[5.4.140~1-1ab3d]:main():gmm-align-compiled.cc:127) mjpm1_si1897
LOG (gmm-align-compiled[5.4.140~1-1ab3d]:main():gmm-align-compiled.cc:127) mjpm1_si2280
LOG (gmm-align-compiled[5.4.140~1-1ab3d]:main():gmm-align-compiled.cc:127) mjpm1_si761
LOG (gmm-align-compiled[5.4.140~1-1ab3d]:main():gmm-align-compiled.cc:127) mjpm1_sx131
LOG (gmm-align-compiled[5.4.140~1-1ab3d]:main():gmm-align-compiled.cc:127) mjpm1_sx221
LOG (gmm-align-compiled[5.4.140~1-1ab3d]:main():gmm-align-compiled.cc:127) mjpm1_sx311
LOG (gmm-align-compiled[5.4.140~1-1ab3d]:main():gmm-align-compiled.cc:127) mjpm1_sx401
LOG (gmm-align-compiled[5.4.140~1-1ab3d]:main():gmm-align-compiled.cc:127) mjpm1_sx41
LOG (gmm-align-compiled[5.4.140~1-1ab3d]:main():gmm-align-compiled.cc:127) mjra0_si1236
LOG (gmm-align-compiled[5.4.140~1-1ab3d]:main():gmm-align-compiled.cc:127) mjra0_si1866
LOG (gmm-align-compiled[5.4.140~1-1ab3d]:main():gmm-align-compiled.cc:127) mjra0_si606
LOG (gmm-align-compiled[5.4.140~1-1ab3d]:main():gmm-align-compiled.cc:127) mjra0_sx156
LOG (gmm-align-compiled[5.4.140~1-1ab3d]:main():gmm-align-compiled.cc:127) mjra0_sx246
LOG (gmm-align-compiled[5.4.140~1-1ab3d]:main():gmm-align-compiled.cc:127) mjra0_sx336
LOG (gmm-align-compiled[5.4.140~1-1ab3d]:main():gmm-align-compiled.cc:127) mjra0_sx426
LOG (gmm-align-compiled[5.4.140~1-1ab3d]:main():gmm-align-compiled.cc:127) mjra0_sx66
LOG (gmm-align-compiled[5.4.140~1-1ab3d]:main():gmm-align-compiled.cc:127) mjrg0_si1366
LOG (gmm-align-compiled[5.4.140~1-1ab3d]:main():gmm-align-compiled.cc:127) mjrg0_si1996
LOG (gmm-align-compiled[5.4.140~1-1ab3d]:main():gmm-align-compiled.cc:127) mjrg0_si736
LOG (apply-cmvn[5.4.140~1-1ab3d]:main():apply-cmvn.cc:162) Applied cepstral mean normalization to 184 utterances, errors on 0
LOG (gmm-align-compiled[5.4.140~1-1ab3d]:main():gmm-align-compiled.cc:127) mjrg0_sx106
LOG (gmm-align-compiled[5.4.140~1-1ab3d]:main():gmm-align-compiled.cc:127) mjrg0_sx16
LOG (gmm-align-compiled[5.4.140~1-1ab3d]:main():gmm-align-compiled.cc:127) mjrg0_sx286
LOG (gmm-align-compiled[5.4.140~1-1ab3d]:main():gmm-align-compiled.cc:127) mjrg0_sx352
LOG (transform-feats[5.4.140~1-1ab3d]:main():transform-feats.cc:158) Overall average [pseudo-]logdet is -74.7006 over 109216 frames.
LOG (transform-feats[5.4.140~1-1ab3d]:main():transform-feats.cc:161) Applied transform to 184 utterances; 0 had errors.
LOG (gmm-align-compiled[5.4.140~1-1ab3d]:main():gmm-align-compiled.cc:127) mjrg0_sx376
LOG (transform-feats[5.4.140~1-1ab3d]:main():transform-feats.cc:158) Overall average logdet is 2.86579 over 109216 frames.
LOG (transform-feats[5.4.140~1-1ab3d]:main():transform-feats.cc:161) Applied transform to 184 utterances; 0 had errors.
LOG (gmm-align-compiled[5.4.140~1-1ab3d]:main():gmm-align-compiled.cc:135) Overall log-likelihood per frame is -50.2254 over 109216 frames.
LOG (gmm-align-compiled[5.4.140~1-1ab3d]:main():gmm-align-compiled.cc:137) Retried 0 out of 184 utterances.
LOG (gmm-align-compiled[5.4.140~1-1ab3d]:main():gmm-align-compiled.cc:139) Done 184, errors on 0
# Accounting: time=5 threads=1
# Ended (code 0) at Wed Jun 20 13:31:21 CST 2018, elapsed time 5 seconds
