# ali-to-post "ark:gunzip -c exp/tri3/ali.14.gz|" ark:- | weight-silence-post 0.0 1 exp/tri3/4.mdl ark:- ark:- | gmm-est-fmllr --fmllr-update-type=full --spk2utt=ark:data/train/split20/14/spk2utt exp/tri3/4.mdl "ark,s,cs:apply-cmvn  --utt2spk=ark:data/train/split20/14/utt2spk scp:data/train/split20/14/cmvn.scp scp:data/train/split20/14/feats.scp ark:- | splice-feats --left-context=3 --right-context=3 ark:- ark:- | transform-feats exp/tri2_ali/final.mat ark:- ark:- | transform-feats --utt2spk=ark:data/train/split20/14/utt2spk ark:exp/tri3/trans.14 ark:- ark:- |" ark:- ark:exp/tri3/tmp_trans.14 
# Started at Wed Jun 20 04:29:17 CST 2018
#
ali-to-post 'ark:gunzip -c exp/tri3/ali.14.gz|' ark:- 
gmm-est-fmllr --fmllr-update-type=full --spk2utt=ark:data/train/split20/14/spk2utt exp/tri3/4.mdl 'ark,s,cs:apply-cmvn  --utt2spk=ark:data/train/split20/14/utt2spk scp:data/train/split20/14/cmvn.scp scp:data/train/split20/14/feats.scp ark:- | splice-feats --left-context=3 --right-context=3 ark:- ark:- | transform-feats exp/tri2_ali/final.mat ark:- ark:- | transform-feats --utt2spk=ark:data/train/split20/14/utt2spk ark:exp/tri3/trans.14 ark:- ark:- |' ark:- ark:exp/tri3/tmp_trans.14 
weight-silence-post 0.0 1 exp/tri3/4.mdl ark:- ark:- 
transform-feats --utt2spk=ark:data/train/split20/14/utt2spk ark:exp/tri3/trans.14 ark:- ark:- 
splice-feats --left-context=3 --right-context=3 ark:- ark:- 
transform-feats exp/tri2_ali/final.mat ark:- ark:- 
apply-cmvn --utt2spk=ark:data/train/split20/14/utt2spk scp:data/train/split20/14/cmvn.scp scp:data/train/split20/14/feats.scp ark:- 
LOG (gmm-est-fmllr[5.4.140~1-1ab3d]:ComputeFmllrMatrixDiagGmmFull():fmllr-diag-gmm.cc:262) fMLLR objf improvement is 0.0313229 per frame over 4475 frames.
LOG (gmm-est-fmllr[5.4.140~1-1ab3d]:main():gmm-est-fmllr.cc:143) For speaker mklw0, auxf-impr from fMLLR is 0.0313229, over 4475 frames.
LOG (gmm-est-fmllr[5.4.140~1-1ab3d]:ComputeFmllrMatrixDiagGmmFull():fmllr-diag-gmm.cc:262) fMLLR objf improvement is 0.0275864 per frame over 4065 frames.
LOG (gmm-est-fmllr[5.4.140~1-1ab3d]:main():gmm-est-fmllr.cc:143) For speaker mkrg0, auxf-impr from fMLLR is 0.0275864, over 4065 frames.
LOG (gmm-est-fmllr[5.4.140~1-1ab3d]:ComputeFmllrMatrixDiagGmmFull():fmllr-diag-gmm.cc:262) fMLLR objf improvement is 0.0328686 per frame over 4256 frames.
LOG (gmm-est-fmllr[5.4.140~1-1ab3d]:main():gmm-est-fmllr.cc:143) For speaker mkxl0, auxf-impr from fMLLR is 0.0328686, over 4256 frames.
LOG (gmm-est-fmllr[5.4.140~1-1ab3d]:ComputeFmllrMatrixDiagGmmFull():fmllr-diag-gmm.cc:262) fMLLR objf improvement is 0.0242523 per frame over 4274 frames.
LOG (gmm-est-fmllr[5.4.140~1-1ab3d]:main():gmm-est-fmllr.cc:143) For speaker mlbc0, auxf-impr from fMLLR is 0.0242523, over 4274 frames.
LOG (gmm-est-fmllr[5.4.140~1-1ab3d]:ComputeFmllrMatrixDiagGmmFull():fmllr-diag-gmm.cc:262) fMLLR objf improvement is 0.0316963 per frame over 4586 frames.
LOG (gmm-est-fmllr[5.4.140~1-1ab3d]:main():gmm-est-fmllr.cc:143) For speaker mlel0, auxf-impr from fMLLR is 0.0316963, over 4586 frames.
LOG (gmm-est-fmllr[5.4.140~1-1ab3d]:ComputeFmllrMatrixDiagGmmFull():fmllr-diag-gmm.cc:262) fMLLR objf improvement is 0.032448 per frame over 4177 frames.
LOG (gmm-est-fmllr[5.4.140~1-1ab3d]:main():gmm-est-fmllr.cc:143) For speaker mljc0, auxf-impr from fMLLR is 0.032448, over 4177 frames.
LOG (gmm-est-fmllr[5.4.140~1-1ab3d]:ComputeFmllrMatrixDiagGmmFull():fmllr-diag-gmm.cc:262) fMLLR objf improvement is 0.0259199 per frame over 5388 frames.
LOG (gmm-est-fmllr[5.4.140~1-1ab3d]:main():gmm-est-fmllr.cc:143) For speaker mljh0, auxf-impr from fMLLR is 0.0259199, over 5388 frames.
LOG (gmm-est-fmllr[5.4.140~1-1ab3d]:ComputeFmllrMatrixDiagGmmFull():fmllr-diag-gmm.cc:262) fMLLR objf improvement is 0.0325165 per frame over 3877 frames.
LOG (gmm-est-fmllr[5.4.140~1-1ab3d]:main():gmm-est-fmllr.cc:143) For speaker mlns0, auxf-impr from fMLLR is 0.0325165, over 3877 frames.
LOG (gmm-est-fmllr[5.4.140~1-1ab3d]:ComputeFmllrMatrixDiagGmmFull():fmllr-diag-gmm.cc:262) fMLLR objf improvement is 0.029079 per frame over 4670 frames.
LOG (gmm-est-fmllr[5.4.140~1-1ab3d]:main():gmm-est-fmllr.cc:143) For speaker mlsh0, auxf-impr from fMLLR is 0.029079, over 4670 frames.
LOG (gmm-est-fmllr[5.4.140~1-1ab3d]:ComputeFmllrMatrixDiagGmmFull():fmllr-diag-gmm.cc:262) fMLLR objf improvement is 0.0277338 per frame over 4417 frames.
LOG (gmm-est-fmllr[5.4.140~1-1ab3d]:main():gmm-est-fmllr.cc:143) For speaker mmaa0, auxf-impr from fMLLR is 0.0277338, over 4417 frames.
LOG (gmm-est-fmllr[5.4.140~1-1ab3d]:ComputeFmllrMatrixDiagGmmFull():fmllr-diag-gmm.cc:262) fMLLR objf improvement is 0.0277993 per frame over 4678 frames.
LOG (gmm-est-fmllr[5.4.140~1-1ab3d]:main():gmm-est-fmllr.cc:143) For speaker mmab1, auxf-impr from fMLLR is 0.0277993, over 4678 frames.
LOG (gmm-est-fmllr[5.4.140~1-1ab3d]:ComputeFmllrMatrixDiagGmmFull():fmllr-diag-gmm.cc:262) fMLLR objf improvement is 0.029692 per frame over 4859 frames.
LOG (gmm-est-fmllr[5.4.140~1-1ab3d]:main():gmm-est-fmllr.cc:143) For speaker mmag0, auxf-impr from fMLLR is 0.029692, over 4859 frames.
LOG (gmm-est-fmllr[5.4.140~1-1ab3d]:ComputeFmllrMatrixDiagGmmFull():fmllr-diag-gmm.cc:262) fMLLR objf improvement is 0.0293335 per frame over 3622 frames.
LOG (gmm-est-fmllr[5.4.140~1-1ab3d]:main():gmm-est-fmllr.cc:143) For speaker mmam0, auxf-impr from fMLLR is 0.0293335, over 3622 frames.
LOG (gmm-est-fmllr[5.4.140~1-1ab3d]:ComputeFmllrMatrixDiagGmmFull():fmllr-diag-gmm.cc:262) fMLLR objf improvement is 0.0257655 per frame over 5335 frames.
LOG (gmm-est-fmllr[5.4.140~1-1ab3d]:main():gmm-est-fmllr.cc:143) For speaker mmar0, auxf-impr from fMLLR is 0.0257655, over 5335 frames.
LOG (gmm-est-fmllr[5.4.140~1-1ab3d]:ComputeFmllrMatrixDiagGmmFull():fmllr-diag-gmm.cc:262) fMLLR objf improvement is 0.0330889 per frame over 4601 frames.
LOG (gmm-est-fmllr[5.4.140~1-1ab3d]:main():gmm-est-fmllr.cc:143) For speaker mmbs0, auxf-impr from fMLLR is 0.0330889, over 4601 frames.
LOG (gmm-est-fmllr[5.4.140~1-1ab3d]:ComputeFmllrMatrixDiagGmmFull():fmllr-diag-gmm.cc:262) fMLLR objf improvement is 0.0330082 per frame over 4039 frames.
LOG (gmm-est-fmllr[5.4.140~1-1ab3d]:main():gmm-est-fmllr.cc:143) For speaker mmcc0, auxf-impr from fMLLR is 0.0330082, over 4039 frames.
LOG (gmm-est-fmllr[5.4.140~1-1ab3d]:ComputeFmllrMatrixDiagGmmFull():fmllr-diag-gmm.cc:262) fMLLR objf improvement is 0.0337039 per frame over 3678 frames.
LOG (gmm-est-fmllr[5.4.140~1-1ab3d]:main():gmm-est-fmllr.cc:143) For speaker mmdb0, auxf-impr from fMLLR is 0.0337039, over 3678 frames.
LOG (gmm-est-fmllr[5.4.140~1-1ab3d]:ComputeFmllrMatrixDiagGmmFull():fmllr-diag-gmm.cc:262) fMLLR objf improvement is 0.0284599 per frame over 4688 frames.
LOG (gmm-est-fmllr[5.4.140~1-1ab3d]:main():gmm-est-fmllr.cc:143) For speaker mmdg0, auxf-impr from fMLLR is 0.0284599, over 4688 frames.
LOG (gmm-est-fmllr[5.4.140~1-1ab3d]:ComputeFmllrMatrixDiagGmmFull():fmllr-diag-gmm.cc:262) fMLLR objf improvement is 0.0298719 per frame over 4246 frames.
LOG (gmm-est-fmllr[5.4.140~1-1ab3d]:main():gmm-est-fmllr.cc:143) For speaker mmdm0, auxf-impr from fMLLR is 0.0298719, over 4246 frames.
LOG (gmm-est-fmllr[5.4.140~1-1ab3d]:ComputeFmllrMatrixDiagGmmFull():fmllr-diag-gmm.cc:262) fMLLR objf improvement is 0.03298 per frame over 4263 frames.
LOG (gmm-est-fmllr[5.4.140~1-1ab3d]:main():gmm-est-fmllr.cc:143) For speaker mmdm1, auxf-impr from fMLLR is 0.03298, over 4263 frames.
LOG (ali-to-post[5.4.140~1-1ab3d]:main():ali-to-post.cc:73) Converted 184 alignments.
LOG (gmm-est-fmllr[5.4.140~1-1ab3d]:ComputeFmllrMatrixDiagGmmFull():fmllr-diag-gmm.cc:262) fMLLR objf improvement is 0.0252821 per frame over 3383 frames.
LOG (gmm-est-fmllr[5.4.140~1-1ab3d]:main():gmm-est-fmllr.cc:143) For speaker mmds0, auxf-impr from fMLLR is 0.0252821, over 3383 frames.
LOG (gmm-est-fmllr[5.4.140~1-1ab3d]:ComputeFmllrMatrixDiagGmmFull():fmllr-diag-gmm.cc:262) fMLLR objf improvement is 0.0338646 per frame over 3732 frames.
LOG (gmm-est-fmllr[5.4.140~1-1ab3d]:main():gmm-est-fmllr.cc:143) For speaker mmea0, auxf-impr from fMLLR is 0.0338646, over 3732 frames.
LOG (weight-silence-post[5.4.140~1-1ab3d]:main():weight-silence-post.cc:95) Done 184 posteriors.
LOG (apply-cmvn[5.4.140~1-1ab3d]:main():apply-cmvn.cc:162) Applied cepstral mean normalization to 184 utterances, errors on 0
LOG (transform-feats[5.4.140~1-1ab3d]:main():transform-feats.cc:158) Overall average [pseudo-]logdet is -74.7006 over 112547 frames.
LOG (transform-feats[5.4.140~1-1ab3d]:main():transform-feats.cc:161) Applied transform to 184 utterances; 0 had errors.
LOG (transform-feats[5.4.140~1-1ab3d]:main():transform-feats.cc:158) Overall average logdet is 2.9831 over 112547 frames.
LOG (transform-feats[5.4.140~1-1ab3d]:main():transform-feats.cc:161) Applied transform to 184 utterances; 0 had errors.
LOG (gmm-est-fmllr[5.4.140~1-1ab3d]:ComputeFmllrMatrixDiagGmmFull():fmllr-diag-gmm.cc:262) fMLLR objf improvement is 0.0296547 per frame over 3854 frames.
LOG (gmm-est-fmllr[5.4.140~1-1ab3d]:main():gmm-est-fmllr.cc:143) For speaker mmeb0, auxf-impr from fMLLR is 0.0296547, over 3854 frames.
LOG (gmm-est-fmllr[5.4.140~1-1ab3d]:main():gmm-est-fmllr.cc:188) Done 184 files, 0 with no posts, 0 with other errors.
LOG (gmm-est-fmllr[5.4.140~1-1ab3d]:main():gmm-est-fmllr.cc:190) Overall fMLLR auxf impr per frame is 0.0298031 over 99163 frames.
# Accounting: time=15420 threads=1
# Ended (code 0) at Wed Jun 20 08:46:17 CST 2018, elapsed time 15420 seconds
