# ali-to-post "ark:gunzip -c exp/tri2_ali/ali.11.gz|" ark:- | weight-silence-post 0.0 1 exp/tri2_ali/final.mdl ark:- ark:- | gmm-est-fmllr --fmllr-update-type=full --spk2utt=ark:data/train/split20/11/spk2utt exp/tri2_ali/final.mdl "ark,s,cs:apply-cmvn  --utt2spk=ark:data/train/split20/11/utt2spk scp:data/train/split20/11/cmvn.scp scp:data/train/split20/11/feats.scp ark:- | splice-feats --left-context=3 --right-context=3 ark:- ark:- | transform-feats exp/tri2_ali/final.mat ark:- ark:- |" ark:- ark:exp/tri3/trans.11 
# Started at Tue Jun 19 18:53:01 CST 2018
#
weight-silence-post 0.0 1 exp/tri2_ali/final.mdl ark:- ark:- 
ali-to-post 'ark:gunzip -c exp/tri2_ali/ali.11.gz|' ark:- 
gmm-est-fmllr --fmllr-update-type=full --spk2utt=ark:data/train/split20/11/spk2utt exp/tri2_ali/final.mdl 'ark,s,cs:apply-cmvn  --utt2spk=ark:data/train/split20/11/utt2spk scp:data/train/split20/11/cmvn.scp scp:data/train/split20/11/feats.scp ark:- | splice-feats --left-context=3 --right-context=3 ark:- ark:- | transform-feats exp/tri2_ali/final.mat ark:- ark:- |' ark:- ark:exp/tri3/trans.11 
splice-feats --left-context=3 --right-context=3 ark:- ark:- 
transform-feats exp/tri2_ali/final.mat ark:- ark:- 
apply-cmvn --utt2spk=ark:data/train/split20/11/utt2spk scp:data/train/split20/11/cmvn.scp scp:data/train/split20/11/feats.scp ark:- 
LOG (gmm-est-fmllr[5.4.140~1-1ab3d]:ComputeFmllrMatrixDiagGmmFull():fmllr-diag-gmm.cc:262) fMLLR objf improvement is 1.95879 per frame over 4232 frames.
LOG (gmm-est-fmllr[5.4.140~1-1ab3d]:main():gmm-est-fmllr.cc:143) For speaker mgar0, auxf-impr from fMLLR is 1.95879, over 4232 frames.
LOG (gmm-est-fmllr[5.4.140~1-1ab3d]:ComputeFmllrMatrixDiagGmmFull():fmllr-diag-gmm.cc:262) fMLLR objf improvement is 3.45807 per frame over 4076 frames.
LOG (gmm-est-fmllr[5.4.140~1-1ab3d]:main():gmm-est-fmllr.cc:143) For speaker mgaw0, auxf-impr from fMLLR is 3.45807, over 4076 frames.
LOG (gmm-est-fmllr[5.4.140~1-1ab3d]:ComputeFmllrMatrixDiagGmmFull():fmllr-diag-gmm.cc:262) fMLLR objf improvement is 3.31925 per frame over 3491 frames.
LOG (gmm-est-fmllr[5.4.140~1-1ab3d]:main():gmm-est-fmllr.cc:143) For speaker mges0, auxf-impr from fMLLR is 3.31925, over 3491 frames.
LOG (gmm-est-fmllr[5.4.140~1-1ab3d]:ComputeFmllrMatrixDiagGmmFull():fmllr-diag-gmm.cc:262) fMLLR objf improvement is 3.27912 per frame over 4933 frames.
LOG (gmm-est-fmllr[5.4.140~1-1ab3d]:main():gmm-est-fmllr.cc:143) For speaker mgjc0, auxf-impr from fMLLR is 3.27912, over 4933 frames.
LOG (gmm-est-fmllr[5.4.140~1-1ab3d]:ComputeFmllrMatrixDiagGmmFull():fmllr-diag-gmm.cc:262) fMLLR objf improvement is 2.20699 per frame over 3772 frames.
LOG (gmm-est-fmllr[5.4.140~1-1ab3d]:main():gmm-est-fmllr.cc:143) For speaker mgrl0, auxf-impr from fMLLR is 2.20699, over 3772 frames.
LOG (gmm-est-fmllr[5.4.140~1-1ab3d]:ComputeFmllrMatrixDiagGmmFull():fmllr-diag-gmm.cc:262) fMLLR objf improvement is 2.75583 per frame over 4737 frames.
LOG (gmm-est-fmllr[5.4.140~1-1ab3d]:main():gmm-est-fmllr.cc:143) For speaker mgrp0, auxf-impr from fMLLR is 2.75583, over 4737 frames.
LOG (gmm-est-fmllr[5.4.140~1-1ab3d]:ComputeFmllrMatrixDiagGmmFull():fmllr-diag-gmm.cc:262) fMLLR objf improvement is 2.38633 per frame over 4484 frames.
LOG (gmm-est-fmllr[5.4.140~1-1ab3d]:main():gmm-est-fmllr.cc:143) For speaker mgsh0, auxf-impr from fMLLR is 2.38633, over 4484 frames.
LOG (gmm-est-fmllr[5.4.140~1-1ab3d]:ComputeFmllrMatrixDiagGmmFull():fmllr-diag-gmm.cc:262) fMLLR objf improvement is 2.3586 per frame over 4407 frames.
LOG (gmm-est-fmllr[5.4.140~1-1ab3d]:main():gmm-est-fmllr.cc:143) For speaker mgsl0, auxf-impr from fMLLR is 2.3586, over 4407 frames.
LOG (gmm-est-fmllr[5.4.140~1-1ab3d]:ComputeFmllrMatrixDiagGmmFull():fmllr-diag-gmm.cc:262) fMLLR objf improvement is 2.60881 per frame over 4619 frames.
LOG (gmm-est-fmllr[5.4.140~1-1ab3d]:main():gmm-est-fmllr.cc:143) For speaker mgxp0, auxf-impr from fMLLR is 2.60881, over 4619 frames.
LOG (gmm-est-fmllr[5.4.140~1-1ab3d]:ComputeFmllrMatrixDiagGmmFull():fmllr-diag-gmm.cc:262) fMLLR objf improvement is 1.63254 per frame over 3915 frames.
LOG (gmm-est-fmllr[5.4.140~1-1ab3d]:main():gmm-est-fmllr.cc:143) For speaker mhbs0, auxf-impr from fMLLR is 1.63254, over 3915 frames.
LOG (gmm-est-fmllr[5.4.140~1-1ab3d]:ComputeFmllrMatrixDiagGmmFull():fmllr-diag-gmm.cc:262) fMLLR objf improvement is 2.95663 per frame over 4332 frames.
LOG (gmm-est-fmllr[5.4.140~1-1ab3d]:main():gmm-est-fmllr.cc:143) For speaker mhit0, auxf-impr from fMLLR is 2.95663, over 4332 frames.
LOG (gmm-est-fmllr[5.4.140~1-1ab3d]:ComputeFmllrMatrixDiagGmmFull():fmllr-diag-gmm.cc:262) fMLLR objf improvement is 2.54034 per frame over 3276 frames.
LOG (gmm-est-fmllr[5.4.140~1-1ab3d]:main():gmm-est-fmllr.cc:143) For speaker mhjb0, auxf-impr from fMLLR is 2.54034, over 3276 frames.
LOG (gmm-est-fmllr[5.4.140~1-1ab3d]:ComputeFmllrMatrixDiagGmmFull():fmllr-diag-gmm.cc:262) fMLLR objf improvement is 2.55183 per frame over 3987 frames.
LOG (gmm-est-fmllr[5.4.140~1-1ab3d]:main():gmm-est-fmllr.cc:143) For speaker mhmg0, auxf-impr from fMLLR is 2.55183, over 3987 frames.
LOG (gmm-est-fmllr[5.4.140~1-1ab3d]:ComputeFmllrMatrixDiagGmmFull():fmllr-diag-gmm.cc:262) fMLLR objf improvement is 1.78872 per frame over 4417 frames.
LOG (gmm-est-fmllr[5.4.140~1-1ab3d]:main():gmm-est-fmllr.cc:143) For speaker mhmr0, auxf-impr from fMLLR is 1.78872, over 4417 frames.
LOG (gmm-est-fmllr[5.4.140~1-1ab3d]:ComputeFmllrMatrixDiagGmmFull():fmllr-diag-gmm.cc:262) fMLLR objf improvement is 2.90705 per frame over 3892 frames.
LOG (gmm-est-fmllr[5.4.140~1-1ab3d]:main():gmm-est-fmllr.cc:143) For speaker mhrm0, auxf-impr from fMLLR is 2.90705, over 3892 frames.
LOG (gmm-est-fmllr[5.4.140~1-1ab3d]:ComputeFmllrMatrixDiagGmmFull():fmllr-diag-gmm.cc:262) fMLLR objf improvement is 2.46351 per frame over 4253 frames.
LOG (gmm-est-fmllr[5.4.140~1-1ab3d]:main():gmm-est-fmllr.cc:143) For speaker mhxl0, auxf-impr from fMLLR is 2.46351, over 4253 frames.
LOG (gmm-est-fmllr[5.4.140~1-1ab3d]:ComputeFmllrMatrixDiagGmmFull():fmllr-diag-gmm.cc:262) fMLLR objf improvement is 2.34458 per frame over 3630 frames.
LOG (gmm-est-fmllr[5.4.140~1-1ab3d]:main():gmm-est-fmllr.cc:143) For speaker milb0, auxf-impr from fMLLR is 2.34458, over 3630 frames.
LOG (gmm-est-fmllr[5.4.140~1-1ab3d]:ComputeFmllrMatrixDiagGmmFull():fmllr-diag-gmm.cc:262) fMLLR objf improvement is 2.26865 per frame over 4201 frames.
LOG (gmm-est-fmllr[5.4.140~1-1ab3d]:main():gmm-est-fmllr.cc:143) For speaker mjac0, auxf-impr from fMLLR is 2.26865, over 4201 frames.
LOG (gmm-est-fmllr[5.4.140~1-1ab3d]:ComputeFmllrMatrixDiagGmmFull():fmllr-diag-gmm.cc:262) fMLLR objf improvement is 2.45264 per frame over 4542 frames.
LOG (gmm-est-fmllr[5.4.140~1-1ab3d]:main():gmm-est-fmllr.cc:143) For speaker mjae0, auxf-impr from fMLLR is 2.45264, over 4542 frames.
LOG (gmm-est-fmllr[5.4.140~1-1ab3d]:ComputeFmllrMatrixDiagGmmFull():fmllr-diag-gmm.cc:262) fMLLR objf improvement is 2.43795 per frame over 4078 frames.
LOG (gmm-est-fmllr[5.4.140~1-1ab3d]:main():gmm-est-fmllr.cc:143) For speaker mjai0, auxf-impr from fMLLR is 2.43795, over 4078 frames.
LOG (gmm-est-fmllr[5.4.140~1-1ab3d]:ComputeFmllrMatrixDiagGmmFull():fmllr-diag-gmm.cc:262) fMLLR objf improvement is 1.45383 per frame over 4345 frames.
LOG (gmm-est-fmllr[5.4.140~1-1ab3d]:main():gmm-est-fmllr.cc:143) For speaker mjbg0, auxf-impr from fMLLR is 1.45383, over 4345 frames.
LOG (gmm-est-fmllr[5.4.140~1-1ab3d]:ComputeFmllrMatrixDiagGmmFull():fmllr-diag-gmm.cc:262) fMLLR objf improvement is 3.40627 per frame over 3234 frames.
LOG (gmm-est-fmllr[5.4.140~1-1ab3d]:main():gmm-est-fmllr.cc:143) For speaker mjda0, auxf-impr from fMLLR is 3.40627, over 3234 frames.
LOG (ali-to-post[5.4.140~1-1ab3d]:main():ali-to-post.cc:73) Converted 192 alignments.
LOG (gmm-est-fmllr[5.4.140~1-1ab3d]:ComputeFmllrMatrixDiagGmmFull():fmllr-diag-gmm.cc:262) fMLLR objf improvement is 2.40819 per frame over 3596 frames.
LOG (gmm-est-fmllr[5.4.140~1-1ab3d]:main():gmm-est-fmllr.cc:143) For speaker mjdc0, auxf-impr from fMLLR is 2.40819, over 3596 frames.
LOG (weight-silence-post[5.4.140~1-1ab3d]:main():weight-silence-post.cc:95) Done 192 posteriors.
LOG (apply-cmvn[5.4.140~1-1ab3d]:main():apply-cmvn.cc:162) Applied cepstral mean normalization to 192 utterances, errors on 0
LOG (transform-feats[5.4.140~1-1ab3d]:main():transform-feats.cc:158) Overall average [pseudo-]logdet is -74.7006 over 115427 frames.
LOG (transform-feats[5.4.140~1-1ab3d]:main():transform-feats.cc:161) Applied transform to 192 utterances; 0 had errors.
LOG (gmm-est-fmllr[5.4.140~1-1ab3d]:ComputeFmllrMatrixDiagGmmFull():fmllr-diag-gmm.cc:262) fMLLR objf improvement is 2.78344 per frame over 5895 frames.
LOG (gmm-est-fmllr[5.4.140~1-1ab3d]:main():gmm-est-fmllr.cc:143) For speaker mjde0, auxf-impr from fMLLR is 2.78344, over 5895 frames.
LOG (gmm-est-fmllr[5.4.140~1-1ab3d]:main():gmm-est-fmllr.cc:188) Done 192 files, 0 with no posts, 0 with other errors.
LOG (gmm-est-fmllr[5.4.140~1-1ab3d]:main():gmm-est-fmllr.cc:190) Overall fMLLR auxf impr per frame is 2.52715 over 100344 frames.
# Accounting: time=13467 threads=1
# Ended (code 0) at Tue Jun 19 22:37:28 CST 2018, elapsed time 13467 seconds
