# ali-to-post "ark:gunzip -c exp/tri3/ali.3.gz|" ark:- | weight-silence-post 0.0 1 exp/tri3/2.mdl ark:- ark:- | gmm-est-fmllr --fmllr-update-type=full --spk2utt=ark:data/train/split20/3/spk2utt exp/tri3/2.mdl "ark,s,cs:apply-cmvn  --utt2spk=ark:data/train/split20/3/utt2spk scp:data/train/split20/3/cmvn.scp scp:data/train/split20/3/feats.scp ark:- | splice-feats --left-context=3 --right-context=3 ark:- ark:- | transform-feats exp/tri2_ali/final.mat ark:- ark:- | transform-feats --utt2spk=ark:data/train/split20/3/utt2spk ark,s,cs:exp/tri3/trans.3 ark:- ark:- |" ark:- ark:exp/tri3/tmp_trans.3 
# Started at Tue Jun 19 23:24:31 CST 2018
#
ali-to-post 'ark:gunzip -c exp/tri3/ali.3.gz|' ark:- 
weight-silence-post 0.0 1 exp/tri3/2.mdl ark:- ark:- 
gmm-est-fmllr --fmllr-update-type=full --spk2utt=ark:data/train/split20/3/spk2utt exp/tri3/2.mdl 'ark,s,cs:apply-cmvn  --utt2spk=ark:data/train/split20/3/utt2spk scp:data/train/split20/3/cmvn.scp scp:data/train/split20/3/feats.scp ark:- | splice-feats --left-context=3 --right-context=3 ark:- ark:- | transform-feats exp/tri2_ali/final.mat ark:- ark:- | transform-feats --utt2spk=ark:data/train/split20/3/utt2spk ark,s,cs:exp/tri3/trans.3 ark:- ark:- |' ark:- ark:exp/tri3/tmp_trans.3 
transform-feats exp/tri2_ali/final.mat ark:- ark:- 
splice-feats --left-context=3 --right-context=3 ark:- ark:- 
apply-cmvn --utt2spk=ark:data/train/split20/3/utt2spk scp:data/train/split20/3/cmvn.scp scp:data/train/split20/3/feats.scp ark:- 
transform-feats --utt2spk=ark:data/train/split20/3/utt2spk ark,s,cs:exp/tri3/trans.3 ark:- ark:- 
LOG (gmm-est-fmllr[5.4.140~1-1ab3d]:ComputeFmllrMatrixDiagGmmFull():fmllr-diag-gmm.cc:262) fMLLR objf improvement is 2.20186 per frame over 4294 frames.
LOG (gmm-est-fmllr[5.4.140~1-1ab3d]:main():gmm-est-fmllr.cc:143) For speaker fjdm2, auxf-impr from fMLLR is 2.20186, over 4294 frames.
LOG (gmm-est-fmllr[5.4.140~1-1ab3d]:ComputeFmllrMatrixDiagGmmFull():fmllr-diag-gmm.cc:262) fMLLR objf improvement is 2.02361 per frame over 5025 frames.
LOG (gmm-est-fmllr[5.4.140~1-1ab3d]:main():gmm-est-fmllr.cc:143) For speaker fjen0, auxf-impr from fMLLR is 2.02361, over 5025 frames.
LOG (gmm-est-fmllr[5.4.140~1-1ab3d]:ComputeFmllrMatrixDiagGmmFull():fmllr-diag-gmm.cc:262) fMLLR objf improvement is 1.27612 per frame over 4284 frames.
LOG (gmm-est-fmllr[5.4.140~1-1ab3d]:main():gmm-est-fmllr.cc:143) For speaker fjhk0, auxf-impr from fMLLR is 1.27612, over 4284 frames.
LOG (gmm-est-fmllr[5.4.140~1-1ab3d]:ComputeFmllrMatrixDiagGmmFull():fmllr-diag-gmm.cc:262) fMLLR objf improvement is 2.0551 per frame over 4159 frames.
LOG (gmm-est-fmllr[5.4.140~1-1ab3d]:main():gmm-est-fmllr.cc:143) For speaker fjkl0, auxf-impr from fMLLR is 2.0551, over 4159 frames.
LOG (gmm-est-fmllr[5.4.140~1-1ab3d]:ComputeFmllrMatrixDiagGmmFull():fmllr-diag-gmm.cc:262) fMLLR objf improvement is 1.59508 per frame over 4383 frames.
LOG (gmm-est-fmllr[5.4.140~1-1ab3d]:main():gmm-est-fmllr.cc:143) For speaker fjlg0, auxf-impr from fMLLR is 1.59508, over 4383 frames.
LOG (gmm-est-fmllr[5.4.140~1-1ab3d]:ComputeFmllrMatrixDiagGmmFull():fmllr-diag-gmm.cc:262) fMLLR objf improvement is 1.66314 per frame over 4534 frames.
LOG (gmm-est-fmllr[5.4.140~1-1ab3d]:main():gmm-est-fmllr.cc:143) For speaker fjlr0, auxf-impr from fMLLR is 1.66314, over 4534 frames.
LOG (gmm-est-fmllr[5.4.140~1-1ab3d]:ComputeFmllrMatrixDiagGmmFull():fmllr-diag-gmm.cc:262) fMLLR objf improvement is 1.61364 per frame over 3684 frames.
LOG (gmm-est-fmllr[5.4.140~1-1ab3d]:main():gmm-est-fmllr.cc:143) For speaker fjrb0, auxf-impr from fMLLR is 1.61364, over 3684 frames.
LOG (gmm-est-fmllr[5.4.140~1-1ab3d]:ComputeFmllrMatrixDiagGmmFull():fmllr-diag-gmm.cc:262) fMLLR objf improvement is 1.32048 per frame over 5011 frames.
LOG (gmm-est-fmllr[5.4.140~1-1ab3d]:main():gmm-est-fmllr.cc:143) For speaker fjrp1, auxf-impr from fMLLR is 1.32048, over 5011 frames.
LOG (gmm-est-fmllr[5.4.140~1-1ab3d]:ComputeFmllrMatrixDiagGmmFull():fmllr-diag-gmm.cc:262) fMLLR objf improvement is 1.65814 per frame over 4547 frames.
LOG (gmm-est-fmllr[5.4.140~1-1ab3d]:main():gmm-est-fmllr.cc:143) For speaker fjsk0, auxf-impr from fMLLR is 1.65814, over 4547 frames.
LOG (gmm-est-fmllr[5.4.140~1-1ab3d]:ComputeFmllrMatrixDiagGmmFull():fmllr-diag-gmm.cc:262) fMLLR objf improvement is 1.64125 per frame over 4232 frames.
LOG (gmm-est-fmllr[5.4.140~1-1ab3d]:main():gmm-est-fmllr.cc:143) For speaker fjsp0, auxf-impr from fMLLR is 1.64125, over 4232 frames.
LOG (gmm-est-fmllr[5.4.140~1-1ab3d]:ComputeFmllrMatrixDiagGmmFull():fmllr-diag-gmm.cc:262) fMLLR objf improvement is 1.00808 per frame over 3941 frames.
LOG (gmm-est-fmllr[5.4.140~1-1ab3d]:main():gmm-est-fmllr.cc:143) For speaker fjwb1, auxf-impr from fMLLR is 1.00808, over 3941 frames.
LOG (gmm-est-fmllr[5.4.140~1-1ab3d]:ComputeFmllrMatrixDiagGmmFull():fmllr-diag-gmm.cc:262) fMLLR objf improvement is 1.82713 per frame over 4802 frames.
LOG (gmm-est-fmllr[5.4.140~1-1ab3d]:main():gmm-est-fmllr.cc:143) For speaker fjxm0, auxf-impr from fMLLR is 1.82713, over 4802 frames.
LOG (gmm-est-fmllr[5.4.140~1-1ab3d]:ComputeFmllrMatrixDiagGmmFull():fmllr-diag-gmm.cc:262) fMLLR objf improvement is 1.9965 per frame over 3877 frames.
LOG (gmm-est-fmllr[5.4.140~1-1ab3d]:main():gmm-est-fmllr.cc:143) For speaker fjxp0, auxf-impr from fMLLR is 1.9965, over 3877 frames.
LOG (gmm-est-fmllr[5.4.140~1-1ab3d]:ComputeFmllrMatrixDiagGmmFull():fmllr-diag-gmm.cc:262) fMLLR objf improvement is 1.69432 per frame over 4458 frames.
LOG (gmm-est-fmllr[5.4.140~1-1ab3d]:main():gmm-est-fmllr.cc:143) For speaker fkaa0, auxf-impr from fMLLR is 1.69432, over 4458 frames.
LOG (gmm-est-fmllr[5.4.140~1-1ab3d]:ComputeFmllrMatrixDiagGmmFull():fmllr-diag-gmm.cc:262) fMLLR objf improvement is 1.80985 per frame over 4603 frames.
LOG (gmm-est-fmllr[5.4.140~1-1ab3d]:main():gmm-est-fmllr.cc:143) For speaker fkde0, auxf-impr from fMLLR is 1.80985, over 4603 frames.
LOG (gmm-est-fmllr[5.4.140~1-1ab3d]:ComputeFmllrMatrixDiagGmmFull():fmllr-diag-gmm.cc:262) fMLLR objf improvement is 2.58519 per frame over 3983 frames.
LOG (gmm-est-fmllr[5.4.140~1-1ab3d]:main():gmm-est-fmllr.cc:143) For speaker fkdw0, auxf-impr from fMLLR is 2.58519, over 3983 frames.
LOG (gmm-est-fmllr[5.4.140~1-1ab3d]:ComputeFmllrMatrixDiagGmmFull():fmllr-diag-gmm.cc:262) fMLLR objf improvement is 1.89038 per frame over 4959 frames.
LOG (gmm-est-fmllr[5.4.140~1-1ab3d]:main():gmm-est-fmllr.cc:143) For speaker fkfb0, auxf-impr from fMLLR is 1.89038, over 4959 frames.
LOG (gmm-est-fmllr[5.4.140~1-1ab3d]:ComputeFmllrMatrixDiagGmmFull():fmllr-diag-gmm.cc:262) fMLLR objf improvement is 1.657 per frame over 4522 frames.
LOG (gmm-est-fmllr[5.4.140~1-1ab3d]:main():gmm-est-fmllr.cc:143) For speaker fkkh0, auxf-impr from fMLLR is 1.657, over 4522 frames.
LOG (gmm-est-fmllr[5.4.140~1-1ab3d]:ComputeFmllrMatrixDiagGmmFull():fmllr-diag-gmm.cc:262) fMLLR objf improvement is 0.915108 per frame over 4655 frames.
LOG (gmm-est-fmllr[5.4.140~1-1ab3d]:main():gmm-est-fmllr.cc:143) For speaker fklc0, auxf-impr from fMLLR is 0.915108, over 4655 frames.
LOG (gmm-est-fmllr[5.4.140~1-1ab3d]:ComputeFmllrMatrixDiagGmmFull():fmllr-diag-gmm.cc:262) fMLLR objf improvement is 1.11294 per frame over 4164 frames.
LOG (gmm-est-fmllr[5.4.140~1-1ab3d]:main():gmm-est-fmllr.cc:143) For speaker fklc1, auxf-impr from fMLLR is 1.11294, over 4164 frames.
LOG (gmm-est-fmllr[5.4.140~1-1ab3d]:ComputeFmllrMatrixDiagGmmFull():fmllr-diag-gmm.cc:262) fMLLR objf improvement is 2.05993 per frame over 4281 frames.
LOG (gmm-est-fmllr[5.4.140~1-1ab3d]:main():gmm-est-fmllr.cc:143) For speaker fklh0, auxf-impr from fMLLR is 2.05993, over 4281 frames.
LOG (ali-to-post[5.4.140~1-1ab3d]:main():ali-to-post.cc:73) Converted 184 alignments.
LOG (gmm-est-fmllr[5.4.140~1-1ab3d]:ComputeFmllrMatrixDiagGmmFull():fmllr-diag-gmm.cc:262) fMLLR objf improvement is 2.46851 per frame over 4320 frames.
LOG (gmm-est-fmllr[5.4.140~1-1ab3d]:main():gmm-est-fmllr.cc:143) For speaker fksr0, auxf-impr from fMLLR is 2.46851, over 4320 frames.
LOG (weight-silence-post[5.4.140~1-1ab3d]:main():weight-silence-post.cc:95) Done 184 posteriors.
LOG (apply-cmvn[5.4.140~1-1ab3d]:main():apply-cmvn.cc:162) Applied cepstral mean normalization to 184 utterances, errors on 0
LOG (transform-feats[5.4.140~1-1ab3d]:main():transform-feats.cc:158) Overall average [pseudo-]logdet is -74.7006 over 115110 frames.
LOG (transform-feats[5.4.140~1-1ab3d]:main():transform-feats.cc:161) Applied transform to 184 utterances; 0 had errors.
LOG (transform-feats[5.4.140~1-1ab3d]:main():transform-feats.cc:158) Overall average logdet is 1.68128 over 115110 frames.
LOG (transform-feats[5.4.140~1-1ab3d]:main():transform-feats.cc:161) Applied transform to 184 utterances; 0 had errors.
LOG (gmm-est-fmllr[5.4.140~1-1ab3d]:ComputeFmllrMatrixDiagGmmFull():fmllr-diag-gmm.cc:262) fMLLR objf improvement is 1.3626 per frame over 4003 frames.
LOG (gmm-est-fmllr[5.4.140~1-1ab3d]:main():gmm-est-fmllr.cc:143) For speaker flac0, auxf-impr from fMLLR is 1.3626, over 4003 frames.
LOG (gmm-est-fmllr[5.4.140~1-1ab3d]:main():gmm-est-fmllr.cc:188) Done 184 files, 0 with no posts, 0 with other errors.
LOG (gmm-est-fmllr[5.4.140~1-1ab3d]:main():gmm-est-fmllr.cc:190) Overall fMLLR auxf impr per frame is 1.71347 over 100721 frames.
# Accounting: time=12598 threads=1
# Ended (code 0) at Wed Jun 20 02:54:29 CST 2018, elapsed time 12598 seconds
