# ali-to-post "ark:gunzip -c exp/tri3/ali.11.gz|" ark:- | weight-silence-post 0.0 1 exp/tri3/2.mdl ark:- ark:- | gmm-est-fmllr --fmllr-update-type=full --spk2utt=ark:data/train/split20/11/spk2utt exp/tri3/2.mdl "ark,s,cs:apply-cmvn  --utt2spk=ark:data/train/split20/11/utt2spk scp:data/train/split20/11/cmvn.scp scp:data/train/split20/11/feats.scp ark:- | splice-feats --left-context=3 --right-context=3 ark:- ark:- | transform-feats exp/tri2_ali/final.mat ark:- ark:- | transform-feats --utt2spk=ark:data/train/split20/11/utt2spk ark,s,cs:exp/tri3/trans.11 ark:- ark:- |" ark:- ark:exp/tri3/tmp_trans.11 
# Started at Tue Jun 19 23:24:31 CST 2018
#
ali-to-post 'ark:gunzip -c exp/tri3/ali.11.gz|' ark:- 
weight-silence-post 0.0 1 exp/tri3/2.mdl ark:- ark:- 
gmm-est-fmllr --fmllr-update-type=full --spk2utt=ark:data/train/split20/11/spk2utt exp/tri3/2.mdl 'ark,s,cs:apply-cmvn  --utt2spk=ark:data/train/split20/11/utt2spk scp:data/train/split20/11/cmvn.scp scp:data/train/split20/11/feats.scp ark:- | splice-feats --left-context=3 --right-context=3 ark:- ark:- | transform-feats exp/tri2_ali/final.mat ark:- ark:- | transform-feats --utt2spk=ark:data/train/split20/11/utt2spk ark,s,cs:exp/tri3/trans.11 ark:- ark:- |' ark:- ark:exp/tri3/tmp_trans.11 
splice-feats --left-context=3 --right-context=3 ark:- ark:- 
transform-feats --utt2spk=ark:data/train/split20/11/utt2spk ark,s,cs:exp/tri3/trans.11 ark:- ark:- 
transform-feats exp/tri2_ali/final.mat ark:- ark:- 
apply-cmvn --utt2spk=ark:data/train/split20/11/utt2spk scp:data/train/split20/11/cmvn.scp scp:data/train/split20/11/feats.scp ark:- 
LOG (gmm-est-fmllr[5.4.140~1-1ab3d]:ComputeFmllrMatrixDiagGmmFull():fmllr-diag-gmm.cc:262) fMLLR objf improvement is 0.659626 per frame over 4232 frames.
LOG (gmm-est-fmllr[5.4.140~1-1ab3d]:main():gmm-est-fmllr.cc:143) For speaker mgar0, auxf-impr from fMLLR is 0.659626, over 4232 frames.
LOG (gmm-est-fmllr[5.4.140~1-1ab3d]:ComputeFmllrMatrixDiagGmmFull():fmllr-diag-gmm.cc:262) fMLLR objf improvement is 0.762923 per frame over 4076 frames.
LOG (gmm-est-fmllr[5.4.140~1-1ab3d]:main():gmm-est-fmllr.cc:143) For speaker mgaw0, auxf-impr from fMLLR is 0.762923, over 4076 frames.
LOG (gmm-est-fmllr[5.4.140~1-1ab3d]:ComputeFmllrMatrixDiagGmmFull():fmllr-diag-gmm.cc:262) fMLLR objf improvement is 0.879706 per frame over 3491 frames.
LOG (gmm-est-fmllr[5.4.140~1-1ab3d]:main():gmm-est-fmllr.cc:143) For speaker mges0, auxf-impr from fMLLR is 0.879706, over 3491 frames.
LOG (gmm-est-fmllr[5.4.140~1-1ab3d]:ComputeFmllrMatrixDiagGmmFull():fmllr-diag-gmm.cc:262) fMLLR objf improvement is 0.787007 per frame over 4933 frames.
LOG (gmm-est-fmllr[5.4.140~1-1ab3d]:main():gmm-est-fmllr.cc:143) For speaker mgjc0, auxf-impr from fMLLR is 0.787007, over 4933 frames.
LOG (gmm-est-fmllr[5.4.140~1-1ab3d]:ComputeFmllrMatrixDiagGmmFull():fmllr-diag-gmm.cc:262) fMLLR objf improvement is 0.696695 per frame over 3772 frames.
LOG (gmm-est-fmllr[5.4.140~1-1ab3d]:main():gmm-est-fmllr.cc:143) For speaker mgrl0, auxf-impr from fMLLR is 0.696695, over 3772 frames.
LOG (gmm-est-fmllr[5.4.140~1-1ab3d]:ComputeFmllrMatrixDiagGmmFull():fmllr-diag-gmm.cc:262) fMLLR objf improvement is 1.34057 per frame over 4737 frames.
LOG (gmm-est-fmllr[5.4.140~1-1ab3d]:main():gmm-est-fmllr.cc:143) For speaker mgrp0, auxf-impr from fMLLR is 1.34057, over 4737 frames.
LOG (gmm-est-fmllr[5.4.140~1-1ab3d]:ComputeFmllrMatrixDiagGmmFull():fmllr-diag-gmm.cc:262) fMLLR objf improvement is 0.848195 per frame over 4484 frames.
LOG (gmm-est-fmllr[5.4.140~1-1ab3d]:main():gmm-est-fmllr.cc:143) For speaker mgsh0, auxf-impr from fMLLR is 0.848195, over 4484 frames.
LOG (gmm-est-fmllr[5.4.140~1-1ab3d]:ComputeFmllrMatrixDiagGmmFull():fmllr-diag-gmm.cc:262) fMLLR objf improvement is 0.705439 per frame over 4407 frames.
LOG (gmm-est-fmllr[5.4.140~1-1ab3d]:main():gmm-est-fmllr.cc:143) For speaker mgsl0, auxf-impr from fMLLR is 0.705439, over 4407 frames.
LOG (gmm-est-fmllr[5.4.140~1-1ab3d]:ComputeFmllrMatrixDiagGmmFull():fmllr-diag-gmm.cc:262) fMLLR objf improvement is 0.695417 per frame over 4619 frames.
LOG (gmm-est-fmllr[5.4.140~1-1ab3d]:main():gmm-est-fmllr.cc:143) For speaker mgxp0, auxf-impr from fMLLR is 0.695417, over 4619 frames.
LOG (gmm-est-fmllr[5.4.140~1-1ab3d]:ComputeFmllrMatrixDiagGmmFull():fmllr-diag-gmm.cc:262) fMLLR objf improvement is 0.691621 per frame over 3915 frames.
LOG (gmm-est-fmllr[5.4.140~1-1ab3d]:main():gmm-est-fmllr.cc:143) For speaker mhbs0, auxf-impr from fMLLR is 0.691621, over 3915 frames.
LOG (gmm-est-fmllr[5.4.140~1-1ab3d]:ComputeFmllrMatrixDiagGmmFull():fmllr-diag-gmm.cc:262) fMLLR objf improvement is 0.791773 per frame over 4332 frames.
LOG (gmm-est-fmllr[5.4.140~1-1ab3d]:main():gmm-est-fmllr.cc:143) For speaker mhit0, auxf-impr from fMLLR is 0.791773, over 4332 frames.
LOG (gmm-est-fmllr[5.4.140~1-1ab3d]:ComputeFmllrMatrixDiagGmmFull():fmllr-diag-gmm.cc:262) fMLLR objf improvement is 0.737779 per frame over 3276 frames.
LOG (gmm-est-fmllr[5.4.140~1-1ab3d]:main():gmm-est-fmllr.cc:143) For speaker mhjb0, auxf-impr from fMLLR is 0.737779, over 3276 frames.
LOG (gmm-est-fmllr[5.4.140~1-1ab3d]:ComputeFmllrMatrixDiagGmmFull():fmllr-diag-gmm.cc:262) fMLLR objf improvement is 0.717457 per frame over 3987 frames.
LOG (gmm-est-fmllr[5.4.140~1-1ab3d]:main():gmm-est-fmllr.cc:143) For speaker mhmg0, auxf-impr from fMLLR is 0.717457, over 3987 frames.
LOG (gmm-est-fmllr[5.4.140~1-1ab3d]:ComputeFmllrMatrixDiagGmmFull():fmllr-diag-gmm.cc:262) fMLLR objf improvement is 0.766074 per frame over 4417 frames.
LOG (gmm-est-fmllr[5.4.140~1-1ab3d]:main():gmm-est-fmllr.cc:143) For speaker mhmr0, auxf-impr from fMLLR is 0.766074, over 4417 frames.
LOG (gmm-est-fmllr[5.4.140~1-1ab3d]:ComputeFmllrMatrixDiagGmmFull():fmllr-diag-gmm.cc:262) fMLLR objf improvement is 0.688078 per frame over 3892 frames.
LOG (gmm-est-fmllr[5.4.140~1-1ab3d]:main():gmm-est-fmllr.cc:143) For speaker mhrm0, auxf-impr from fMLLR is 0.688078, over 3892 frames.
LOG (gmm-est-fmllr[5.4.140~1-1ab3d]:ComputeFmllrMatrixDiagGmmFull():fmllr-diag-gmm.cc:262) fMLLR objf improvement is 0.865323 per frame over 4253 frames.
LOG (gmm-est-fmllr[5.4.140~1-1ab3d]:main():gmm-est-fmllr.cc:143) For speaker mhxl0, auxf-impr from fMLLR is 0.865323, over 4253 frames.
LOG (gmm-est-fmllr[5.4.140~1-1ab3d]:ComputeFmllrMatrixDiagGmmFull():fmllr-diag-gmm.cc:262) fMLLR objf improvement is 0.774275 per frame over 3630 frames.
LOG (gmm-est-fmllr[5.4.140~1-1ab3d]:main():gmm-est-fmllr.cc:143) For speaker milb0, auxf-impr from fMLLR is 0.774275, over 3630 frames.
LOG (gmm-est-fmllr[5.4.140~1-1ab3d]:ComputeFmllrMatrixDiagGmmFull():fmllr-diag-gmm.cc:262) fMLLR objf improvement is 0.80104 per frame over 4201 frames.
LOG (gmm-est-fmllr[5.4.140~1-1ab3d]:main():gmm-est-fmllr.cc:143) For speaker mjac0, auxf-impr from fMLLR is 0.80104, over 4201 frames.
LOG (gmm-est-fmllr[5.4.140~1-1ab3d]:ComputeFmllrMatrixDiagGmmFull():fmllr-diag-gmm.cc:262) fMLLR objf improvement is 0.873577 per frame over 4542 frames.
LOG (gmm-est-fmllr[5.4.140~1-1ab3d]:main():gmm-est-fmllr.cc:143) For speaker mjae0, auxf-impr from fMLLR is 0.873577, over 4542 frames.
LOG (gmm-est-fmllr[5.4.140~1-1ab3d]:ComputeFmllrMatrixDiagGmmFull():fmllr-diag-gmm.cc:262) fMLLR objf improvement is 0.747157 per frame over 4078 frames.
LOG (gmm-est-fmllr[5.4.140~1-1ab3d]:main():gmm-est-fmllr.cc:143) For speaker mjai0, auxf-impr from fMLLR is 0.747157, over 4078 frames.
LOG (gmm-est-fmllr[5.4.140~1-1ab3d]:ComputeFmllrMatrixDiagGmmFull():fmllr-diag-gmm.cc:262) fMLLR objf improvement is 0.747776 per frame over 4345 frames.
LOG (gmm-est-fmllr[5.4.140~1-1ab3d]:main():gmm-est-fmllr.cc:143) For speaker mjbg0, auxf-impr from fMLLR is 0.747776, over 4345 frames.
LOG (gmm-est-fmllr[5.4.140~1-1ab3d]:ComputeFmllrMatrixDiagGmmFull():fmllr-diag-gmm.cc:262) fMLLR objf improvement is 0.814109 per frame over 3234 frames.
LOG (gmm-est-fmllr[5.4.140~1-1ab3d]:main():gmm-est-fmllr.cc:143) For speaker mjda0, auxf-impr from fMLLR is 0.81411, over 3234 frames.
LOG (ali-to-post[5.4.140~1-1ab3d]:main():ali-to-post.cc:73) Converted 192 alignments.
LOG (gmm-est-fmllr[5.4.140~1-1ab3d]:ComputeFmllrMatrixDiagGmmFull():fmllr-diag-gmm.cc:262) fMLLR objf improvement is 0.996075 per frame over 3596 frames.
LOG (gmm-est-fmllr[5.4.140~1-1ab3d]:main():gmm-est-fmllr.cc:143) For speaker mjdc0, auxf-impr from fMLLR is 0.996075, over 3596 frames.
LOG (weight-silence-post[5.4.140~1-1ab3d]:main():weight-silence-post.cc:95) Done 192 posteriors.
LOG (apply-cmvn[5.4.140~1-1ab3d]:main():apply-cmvn.cc:162) Applied cepstral mean normalization to 192 utterances, errors on 0
LOG (transform-feats[5.4.140~1-1ab3d]:main():transform-feats.cc:158) Overall average [pseudo-]logdet is -74.7006 over 115427 frames.
LOG (transform-feats[5.4.140~1-1ab3d]:main():transform-feats.cc:161) Applied transform to 192 utterances; 0 had errors.
LOG (transform-feats[5.4.140~1-1ab3d]:main():transform-feats.cc:158) Overall average logdet is 2.01582 over 115427 frames.
LOG (transform-feats[5.4.140~1-1ab3d]:main():transform-feats.cc:161) Applied transform to 192 utterances; 0 had errors.
LOG (gmm-est-fmllr[5.4.140~1-1ab3d]:ComputeFmllrMatrixDiagGmmFull():fmllr-diag-gmm.cc:262) fMLLR objf improvement is 0.899447 per frame over 5895 frames.
LOG (gmm-est-fmllr[5.4.140~1-1ab3d]:main():gmm-est-fmllr.cc:143) For speaker mjde0, auxf-impr from fMLLR is 0.899447, over 5895 frames.
LOG (gmm-est-fmllr[5.4.140~1-1ab3d]:main():gmm-est-fmllr.cc:188) Done 192 files, 0 with no posts, 0 with other errors.
LOG (gmm-est-fmllr[5.4.140~1-1ab3d]:main():gmm-est-fmllr.cc:190) Overall fMLLR auxf impr per frame is 0.807928 over 100344 frames.
# Accounting: time=15856 threads=1
# Ended (code 0) at Wed Jun 20 03:48:48 CST 2018, elapsed time 15856 seconds
