analyze-counts --verbose=1 --binary=false --counts-dim=128 'ark:ali-to-pdf exp/tri1_ali/final.mdl "ark:gunzip -c exp/tri1_ali/ali.*.gz |" ark:- |' exp_2/dnn4_pretrain-dbn_dnn/ali_train_pdf.counts 
ali-to-pdf exp/tri1_ali/final.mdl 'ark:gunzip -c exp/tri1_ali/ali.*.gz |' ark:- 
LOG (ali-to-pdf[5.4.140~1-1ab3d]:main():ali-to-pdf.cc:68) Converted 3696 alignments to pdf sequences.
LOG (analyze-counts[5.4.140~1-1ab3d]:main():analyze-counts.cc:191) Printing...
### The sorted count table,
count	(norm),	id	(symbol):
3027	(0.00134661),	47	
3863	(0.00171851),	120	
4398	(0.00195652),	116	
4702	(0.00209176),	40	
4777	(0.00212512),	33	
4829	(0.00214825),	126	
5117	(0.00227637),	125	
5154	(0.00229283),	115	
5199	(0.00231285),	83	
5246	(0.00233376),	26	
5573	(0.00247923),	11	
5583	(0.00248368),	72	
5626	(0.00250281),	96	
5645	(0.00251126),	117	
5805	(0.00258244),	21	
5879	(0.00261536),	109	
6355	(0.00282712),	75	
6529	(0.00290452),	17	
6669	(0.0029668),	122	
6784	(0.00301796),	5	
6911	(0.00307446),	8	
6975	(0.00310293),	114	
7002	(0.00311494),	108	
7104	(0.00316032),	85	
7109	(0.00316255),	113	
7373	(0.00327999),	99	
7510	(0.00334094),	94	
7683	(0.0034179),	57	
7898	(0.00351354),	124	
8511	(0.00378625),	28	
8821	(0.00392415),	37	
8895	(0.00395707),	73	
8984	(0.00399667),	3	
9231	(0.00410655),	92	
9687	(0.00430941),	12	
10031	(0.00446244),	63	
10057	(0.00447401),	100	
10227	(0.00454963),	45	
10360	(0.0046088),	16	
10441	(0.00464484),	66	
10562	(0.00469866),	107	
10668	(0.00474582),	34	
10939	(0.00486638),	42	
10989	(0.00488862),	50	
11051	(0.0049162),	60	
11234	(0.00499761),	4	
11321	(0.00503632),	35	
11338	(0.00504388),	2	
11599	(0.00515999),	1	
11649	(0.00518223),	103	
11678	(0.00519513),	62	
11720	(0.00521382),	106	
11746	(0.00522538),	121	
11980	(0.00532948),	9	
12153	(0.00540644),	71	
12408	(0.00551988),	61	
12536	(0.00557683),	13	
12575	(0.00559418),	104	
12903	(0.00574009),	31	
12915	(0.00574543),	82	
12926	(0.00575032),	25	
13040	(0.00580104),	105	
13345	(0.00593672),	58	
13399	(0.00596075),	110	
13419	(0.00596964),	118	
13672	(0.00608219),	27	
13704	(0.00609643),	127	
13735	(0.00611022),	91	
13967	(0.00621343),	39	
13980	(0.00621921),	54	
14013	(0.00623389),	15	
14427	(0.00641807),	79	
14585	(0.00648836),	119	
14756	(0.00656443),	38	
14962	(0.00665607),	111	
15044	(0.00669255),	7	
15067	(0.00670278),	101	
15079	(0.00670812),	78	
15131	(0.00673125),	74	
15449	(0.00687272),	22	
15767	(0.00701419),	76	
15775	(0.00701775),	86	
15998	(0.00711695),	44	
16041	(0.00713608),	19	
16138	(0.00717923),	68	
16889	(0.00751332),	88	
17302	(0.00769705),	41	
17595	(0.0078274),	32	
17852	(0.00794173),	93	
18448	(0.00820687),	52	
18845	(0.00838348),	70	
19354	(0.00860992),	56	
19369	(0.00861659),	67	
19661	(0.00874649),	53	
19866	(0.00883769),	43	
20656	(0.00918913),	89	
20898	(0.00929679),	81	
21090	(0.0093822),	64	
21331	(0.00948942),	102	
21906	(0.00974521),	77	
22846	(0.0101634),	87	
22910	(0.0101919),	55	
23477	(0.0104441),	6	
23674	(0.0105317),	95	
23702	(0.0105442),	59	
23747	(0.0105642),	84	
24502	(0.0109001),	97	
24576	(0.010933),	90	
24630	(0.010957),	65	
26336	(0.011716),	18	
26558	(0.0118147),	23	
27683	(0.0123152),	123	
28406	(0.0126368),	24	
30263	(0.0134629),	98	
30797	(0.0137005),	20	
31765	(0.0141311),	29	
33338	(0.0148309),	14	
33891	(0.0150769),	46	
33970	(0.0151121),	69	
37235	(0.0165645),	30	
38393	(0.0170797),	10	
38400	(0.0170828),	80	
40626	(0.0180731),	112	
45555	(0.0202658),	51	
60453	(0.0268934),	48	
77704	(0.0345678),	36	
108750	(0.0483791),	0	
117671	(0.0523477),	49	

#total 2.24787e+06 (6.24409h)
LOG (analyze-counts[5.4.140~1-1ab3d]:main():analyze-counts.cc:194) Summed 3696 int32 vectors to counts, skipped 0 vectors.
LOG (analyze-counts[5.4.140~1-1ab3d]:main():analyze-counts.cc:196) Counts written to exp_2/dnn4_pretrain-dbn_dnn/ali_train_pdf.counts
