analyze-counts --verbose=1 --symbol-table=data/lang/phones.txt --counts-dim=128 'ark:ali-to-phones --per-frame=true exp/tri1_ali/final.mdl "ark:gunzip -c exp/tri1_ali/ali.*.gz |" ark:- |' /dev/null 
ali-to-phones --per-frame=true exp/tri1_ali/final.mdl 'ark:gunzip -c exp/tri1_ali/ali.*.gz |' ark:- 
LOG (ali-to-phones[5.4.140~1-1ab3d]:main():ali-to-phones.cc:134) Done 3696 utterances.
WARNING (analyze-counts[5.4.140~1-1ab3d]:main():analyze-counts.cc:144) Zero count for label 0, this is suspicious.
WARNING (analyze-counts[5.4.140~1-1ab3d]:main():analyze-counts.cc:144) Zero count for label 49, this is suspicious.
WARNING (analyze-counts[5.4.140~1-1ab3d]:main():analyze-counts.cc:144) Zero count for label 50, this is suspicious.
WARNING (analyze-counts[5.4.140~1-1ab3d]:main():analyze-counts.cc:144) Zero count for label 51, this is suspicious.
WARNING (analyze-counts[5.4.140~1-1ab3d]:main():analyze-counts.cc:144) Zero count for label 52, this is suspicious.
WARNING (analyze-counts[5.4.140~1-1ab3d]:main():analyze-counts.cc:144) Zero count for label 53, this is suspicious.
WARNING (analyze-counts[5.4.140~1-1ab3d]:main():analyze-counts.cc:144) Zero count for label 54, this is suspicious.
WARNING (analyze-counts[5.4.140~1-1ab3d]:main():analyze-counts.cc:144) Zero count for label 55, this is suspicious.
WARNING (analyze-counts[5.4.140~1-1ab3d]:main():analyze-counts.cc:144) Zero count for label 56, this is suspicious.
WARNING (analyze-counts[5.4.140~1-1ab3d]:main():analyze-counts.cc:144) Zero count for label 57, this is suspicious.
WARNING (analyze-counts[5.4.140~1-1ab3d]:main():analyze-counts.cc:144) Zero count for label 58, this is suspicious.
WARNING (analyze-counts[5.4.140~1-1ab3d]:main():analyze-counts.cc:144) Zero count for label 59, this is suspicious.
WARNING (analyze-counts[5.4.140~1-1ab3d]:main():analyze-counts.cc:144) Zero count for label 60, this is suspicious.
WARNING (analyze-counts[5.4.140~1-1ab3d]:main():analyze-counts.cc:144) Zero count for label 61, this is suspicious.
WARNING (analyze-counts[5.4.140~1-1ab3d]:main():analyze-counts.cc:144) Zero count for label 62, this is suspicious.
WARNING (analyze-counts[5.4.140~1-1ab3d]:main():analyze-counts.cc:144) Zero count for label 63, this is suspicious.
WARNING (analyze-counts[5.4.140~1-1ab3d]:main():analyze-counts.cc:144) Zero count for label 64, this is suspicious.
WARNING (analyze-counts[5.4.140~1-1ab3d]:main():analyze-counts.cc:144) Zero count for label 65, this is suspicious.
WARNING (analyze-counts[5.4.140~1-1ab3d]:main():analyze-counts.cc:144) Zero count for label 66, this is suspicious.
WARNING (analyze-counts[5.4.140~1-1ab3d]:main():analyze-counts.cc:144) Zero count for label 67, this is suspicious.
WARNING (analyze-counts[5.4.140~1-1ab3d]:main():analyze-counts.cc:144) Zero count for label 68, this is suspicious.
WARNING (analyze-counts[5.4.140~1-1ab3d]:main():analyze-counts.cc:144) Zero count for label 69, this is suspicious.
WARNING (analyze-counts[5.4.140~1-1ab3d]:main():analyze-counts.cc:144) Zero count for label 70, this is suspicious.
WARNING (analyze-counts[5.4.140~1-1ab3d]:main():analyze-counts.cc:144) Zero count for label 71, this is suspicious.
WARNING (analyze-counts[5.4.140~1-1ab3d]:main():analyze-counts.cc:144) Zero count for label 72, this is suspicious.
WARNING (analyze-counts[5.4.140~1-1ab3d]:main():analyze-counts.cc:144) Zero count for label 73, this is suspicious.
WARNING (analyze-counts[5.4.140~1-1ab3d]:main():analyze-counts.cc:144) Zero count for label 74, this is suspicious.
WARNING (analyze-counts[5.4.140~1-1ab3d]:main():analyze-counts.cc:144) Zero count for label 75, this is suspicious.
WARNING (analyze-counts[5.4.140~1-1ab3d]:main():analyze-counts.cc:144) Zero count for label 76, this is suspicious.
WARNING (analyze-counts[5.4.140~1-1ab3d]:main():analyze-counts.cc:144) Zero count for label 77, this is suspicious.
WARNING (analyze-counts[5.4.140~1-1ab3d]:main():analyze-counts.cc:144) Zero count for label 78, this is suspicious.
WARNING (analyze-counts[5.4.140~1-1ab3d]:main():analyze-counts.cc:144) Zero count for label 79, this is suspicious.
WARNING (analyze-counts[5.4.140~1-1ab3d]:main():analyze-counts.cc:144) Zero count for label 80, this is suspicious.
WARNING (analyze-counts[5.4.140~1-1ab3d]:main():analyze-counts.cc:144) Zero count for label 81, this is suspicious.
WARNING (analyze-counts[5.4.140~1-1ab3d]:main():analyze-counts.cc:144) Zero count for label 82, this is suspicious.
WARNING (analyze-counts[5.4.140~1-1ab3d]:main():analyze-counts.cc:144) Zero count for label 83, this is suspicious.
WARNING (analyze-counts[5.4.140~1-1ab3d]:main():analyze-counts.cc:144) Zero count for label 84, this is suspicious.
WARNING (analyze-counts[5.4.140~1-1ab3d]:main():analyze-counts.cc:144) Zero count for label 85, this is suspicious.
WARNING (analyze-counts[5.4.140~1-1ab3d]:main():analyze-counts.cc:144) Zero count for label 86, this is suspicious.
WARNING (analyze-counts[5.4.140~1-1ab3d]:main():analyze-counts.cc:144) Zero count for label 87, this is suspicious.
WARNING (analyze-counts[5.4.140~1-1ab3d]:main():analyze-counts.cc:144) Zero count for label 88, this is suspicious.
WARNING (analyze-counts[5.4.140~1-1ab3d]:main():analyze-counts.cc:144) Zero count for label 89, this is suspicious.
WARNING (analyze-counts[5.4.140~1-1ab3d]:main():analyze-counts.cc:144) Zero count for label 90, this is suspicious.
WARNING (analyze-counts[5.4.140~1-1ab3d]:main():analyze-counts.cc:144) Zero count for label 91, this is suspicious.
WARNING (analyze-counts[5.4.140~1-1ab3d]:main():analyze-counts.cc:144) Zero count for label 92, this is suspicious.
WARNING (analyze-counts[5.4.140~1-1ab3d]:main():analyze-counts.cc:144) Zero count for label 93, this is suspicious.
WARNING (analyze-counts[5.4.140~1-1ab3d]:main():analyze-counts.cc:144) Zero count for label 94, this is suspicious.
WARNING (analyze-counts[5.4.140~1-1ab3d]:main():analyze-counts.cc:144) Zero count for label 95, this is suspicious.
WARNING (analyze-counts[5.4.140~1-1ab3d]:main():analyze-counts.cc:144) Zero count for label 96, this is suspicious.
WARNING (analyze-counts[5.4.140~1-1ab3d]:main():analyze-counts.cc:144) Zero count for label 97, this is suspicious.
WARNING (analyze-counts[5.4.140~1-1ab3d]:main():analyze-counts.cc:144) Zero count for label 98, this is suspicious.
WARNING (analyze-counts[5.4.140~1-1ab3d]:main():analyze-counts.cc:144) Zero count for label 99, this is suspicious.
WARNING (analyze-counts[5.4.140~1-1ab3d]:main():analyze-counts.cc:144) Zero count for label 100, this is suspicious.
WARNING (analyze-counts[5.4.140~1-1ab3d]:main():analyze-counts.cc:144) Zero count for label 101, this is suspicious.
WARNING (analyze-counts[5.4.140~1-1ab3d]:main():analyze-counts.cc:144) Zero count for label 102, this is suspicious.
WARNING (analyze-counts[5.4.140~1-1ab3d]:main():analyze-counts.cc:144) Zero count for label 103, this is suspicious.
WARNING (analyze-counts[5.4.140~1-1ab3d]:main():analyze-counts.cc:144) Zero count for label 104, this is suspicious.
WARNING (analyze-counts[5.4.140~1-1ab3d]:main():analyze-counts.cc:144) Zero count for label 105, this is suspicious.
WARNING (analyze-counts[5.4.140~1-1ab3d]:main():analyze-counts.cc:144) Zero count for label 106, this is suspicious.
WARNING (analyze-counts[5.4.140~1-1ab3d]:main():analyze-counts.cc:144) Zero count for label 107, this is suspicious.
WARNING (analyze-counts[5.4.140~1-1ab3d]:main():analyze-counts.cc:144) Zero count for label 108, this is suspicious.
WARNING (analyze-counts[5.4.140~1-1ab3d]:main():analyze-counts.cc:144) Zero count for label 109, this is suspicious.
WARNING (analyze-counts[5.4.140~1-1ab3d]:main():analyze-counts.cc:144) Zero count for label 110, this is suspicious.
WARNING (analyze-counts[5.4.140~1-1ab3d]:main():analyze-counts.cc:144) Zero count for label 111, this is suspicious.
WARNING (analyze-counts[5.4.140~1-1ab3d]:main():analyze-counts.cc:144) Zero count for label 112, this is suspicious.
WARNING (analyze-counts[5.4.140~1-1ab3d]:main():analyze-counts.cc:144) Zero count for label 113, this is suspicious.
WARNING (analyze-counts[5.4.140~1-1ab3d]:main():analyze-counts.cc:144) Zero count for label 114, this is suspicious.
WARNING (analyze-counts[5.4.140~1-1ab3d]:main():analyze-counts.cc:144) Zero count for label 115, this is suspicious.
WARNING (analyze-counts[5.4.140~1-1ab3d]:main():analyze-counts.cc:144) Zero count for label 116, this is suspicious.
WARNING (analyze-counts[5.4.140~1-1ab3d]:main():analyze-counts.cc:144) Zero count for label 117, this is suspicious.
WARNING (analyze-counts[5.4.140~1-1ab3d]:main():analyze-counts.cc:144) Zero count for label 118, this is suspicious.
WARNING (analyze-counts[5.4.140~1-1ab3d]:main():analyze-counts.cc:144) Zero count for label 119, this is suspicious.
WARNING (analyze-counts[5.4.140~1-1ab3d]:main():analyze-counts.cc:144) Zero count for label 120, this is suspicious.
WARNING (analyze-counts[5.4.140~1-1ab3d]:main():analyze-counts.cc:144) Zero count for label 121, this is suspicious.
WARNING (analyze-counts[5.4.140~1-1ab3d]:main():analyze-counts.cc:144) Zero count for label 122, this is suspicious.
WARNING (analyze-counts[5.4.140~1-1ab3d]:main():analyze-counts.cc:144) Zero count for label 123, this is suspicious.
WARNING (analyze-counts[5.4.140~1-1ab3d]:main():analyze-counts.cc:144) Zero count for label 124, this is suspicious.
WARNING (analyze-counts[5.4.140~1-1ab3d]:main():analyze-counts.cc:144) Zero count for label 125, this is suspicious.
WARNING (analyze-counts[5.4.140~1-1ab3d]:main():analyze-counts.cc:144) Zero count for label 126, this is suspicious.
WARNING (analyze-counts[5.4.140~1-1ab3d]:main():analyze-counts.cc:144) Zero count for label 127, this is suspicious.
LOG (analyze-counts[5.4.140~1-1ab3d]:main():analyze-counts.cc:191) Printing...
### The sorted count table,
count	(norm),	id	(symbol):
0	(0),	0	(<eps>)
0	(0),	49	(#0)
0	(0),	50	(#1)
0	(0),	51	()
0	(0),	52	()
0	(0),	53	()
0	(0),	54	()
0	(0),	55	()
0	(0),	56	()
0	(0),	57	()
0	(0),	58	()
0	(0),	59	()
0	(0),	60	()
0	(0),	61	()
0	(0),	62	()
0	(0),	63	()
0	(0),	64	()
0	(0),	65	()
0	(0),	66	()
0	(0),	67	()
0	(0),	68	()
0	(0),	69	()
0	(0),	70	()
0	(0),	71	()
0	(0),	72	()
0	(0),	73	()
0	(0),	74	()
0	(0),	75	()
0	(0),	76	()
0	(0),	77	()
0	(0),	78	()
0	(0),	79	()
0	(0),	80	()
0	(0),	81	()
0	(0),	82	()
0	(0),	83	()
0	(0),	84	()
0	(0),	85	()
0	(0),	86	()
0	(0),	87	()
0	(0),	88	()
0	(0),	89	()
0	(0),	90	()
0	(0),	91	()
0	(0),	92	()
0	(0),	93	()
0	(0),	94	()
0	(0),	95	()
0	(0),	96	()
0	(0),	97	()
0	(0),	98	()
0	(0),	99	()
0	(0),	100	()
0	(0),	101	()
0	(0),	102	()
0	(0),	103	()
0	(0),	104	()
0	(0),	105	()
0	(0),	106	()
0	(0),	107	()
0	(0),	108	()
0	(0),	109	()
0	(0),	110	()
0	(0),	111	()
0	(0),	112	()
0	(0),	113	()
0	(0),	114	()
0	(0),	115	()
0	(0),	116	()
0	(0),	117	()
0	(0),	118	()
0	(0),	119	()
0	(0),	120	()
0	(0),	121	()
0	(0),	122	()
0	(0),	123	()
0	(0),	124	()
0	(0),	125	()
0	(0),	126	()
0	(0),	127	()
3027	(0.00134661),	48	(zh)
4702	(0.00209176),	41	(uh)
6529	(0.00290452),	18	(epi)
9175	(0.00408164),	34	(oy)
10360	(0.0046088),	17	(en)
10959	(0.00487528),	22	(g)
12536	(0.00557683),	14	(dx)
13967	(0.00621343),	40	(th)
15843	(0.007048),	10	(ch)
15872	(0.0070609),	46	(y)
17050	(0.00758495),	27	(jh)
17227	(0.00766369),	9	(b)
18121	(0.0080614),	12	(d)
19639	(0.0087367),	16	(el)
19905	(0.00885504),	32	(ng)
22558	(0.0100353),	23	(hh)
23196	(0.0103191),	6	(aw)
23477	(0.0104441),	7	(ax)
23979	(0.0106674),	43	(v)
25095	(0.0111639),	13	(dh)
32381	(0.0144052),	42	(uw)
32468	(0.0144439),	35	(p)
32946	(0.0146565),	4	(ah)
35904	(0.0159724),	38	(sh)
38697	(0.0172149),	33	(ow)
38713	(0.0172221),	45	(w)
42596	(0.0189495),	5	(ao)
45746	(0.0203508),	15	(eh)
46252	(0.0205759),	28	(k)
47040	(0.0209264),	39	(t)
48029	(0.0213664),	21	(f)
48646	(0.0216409),	2	(aa)
51927	(0.0231005),	20	(ey)
52194	(0.0232193),	24	(ih)
55163	(0.0245401),	30	(m)
55488	(0.0246847),	8	(ay)
56570	(0.025166),	3	(ae)
58499	(0.0260242),	25	(ix)
65394	(0.0290915),	44	(vcl)
70920	(0.0315498),	36	(r)
73776	(0.0328204),	47	(z)
81032	(0.0360483),	19	(er)
82216	(0.036575),	29	(l)
83819	(0.0372881),	31	(n)
90533	(0.040275),	26	(iy)
128408	(0.0571242),	11	(cl)
152425	(0.0678085),	37	(s)
286874	(0.12762),	1	(sil)

#total 2.24787e+06 (6.24409h)
LOG (analyze-counts[5.4.140~1-1ab3d]:main():analyze-counts.cc:194) Summed 3696 int32 vectors to counts, skipped 0 vectors.
LOG (analyze-counts[5.4.140~1-1ab3d]:main():analyze-counts.cc:196) Counts written to /dev/null
