mjrc-server10
nnet-train-frmshuff --cross-validate=false --randomize=true --verbose=0 --minibatch-size=256 --randomizer-size=32768 --randomizer-seed=777 --learn-rate=0.00025 --momentum=0 --l1-penalty=0 --l2-penalty=0 --feature-transform=exp_2/dnn4_pretrain-dbn_dnn/final.feature_transform 'ark:copy-feats scp:exp_2/dnn4_pretrain-dbn_dnn/train.scp ark:- |' 'ark:ali-to-pdf exp/tri1_ali/final.mdl "ark:gunzip -c exp/tri1_ali/ali.*.gz |" ark:- | ali-to-post ark:- ark:- |' exp_2/dnn4_pretrain-dbn_dnn/nnet/nnet_dbn_dnn_iter07_learnrate0.0005_tr0.7310_cv1.1448 exp_2/dnn4_pretrain-dbn_dnn/nnet/nnet_dbn_dnn_iter08 
WARNING (nnet-train-frmshuff[5.4.140~1-1ab3d]:SelectGpuId():cu-device.cc:196) Not in compute-exclusive mode.  Suggestion: use 'nvidia-smi -c 3' to set compute exclusive mode
LOG (nnet-train-frmshuff[5.4.140~1-1ab3d]:SelectGpuIdAuto():cu-device.cc:315) Selecting from 4 GPUs
LOG (nnet-train-frmshuff[5.4.140~1-1ab3d]:SelectGpuIdAuto():cu-device.cc:330) cudaSetDevice(0): GeForce GTX 1080	free:7998M, used:121M, total:8119M, free/total:0.985098
LOG (nnet-train-frmshuff[5.4.140~1-1ab3d]:SelectGpuIdAuto():cu-device.cc:330) cudaSetDevice(1): GeForce GTX 1080	free:7998M, used:121M, total:8119M, free/total:0.985098
LOG (nnet-train-frmshuff[5.4.140~1-1ab3d]:SelectGpuIdAuto():cu-device.cc:330) cudaSetDevice(2): GeForce GTX 1080	free:7998M, used:121M, total:8119M, free/total:0.985098
LOG (nnet-train-frmshuff[5.4.140~1-1ab3d]:SelectGpuIdAuto():cu-device.cc:330) cudaSetDevice(3): GeForce GTX 1080	free:7998M, used:121M, total:8119M, free/total:0.985098
LOG (nnet-train-frmshuff[5.4.140~1-1ab3d]:SelectGpuIdAuto():cu-device.cc:379) Trying to select device: 0 (automatically), mem_ratio: 0.985098
LOG (nnet-train-frmshuff[5.4.140~1-1ab3d]:SelectGpuIdAuto():cu-device.cc:398) Success selecting device 0 free mem ratio: 0.985098
LOG (nnet-train-frmshuff[5.4.140~1-1ab3d]:FinalizeActiveGpu():cu-device.cc:247) The active GPU is [0]: GeForce GTX 1080	free:7934M, used:185M, total:8119M, free/total:0.977216 version 6.1
copy-feats scp:exp_2/dnn4_pretrain-dbn_dnn/train.scp ark:- 
LOG (nnet-train-frmshuff[5.4.140~1-1ab3d]:Init():nnet-randomizer.cc:32) Seeding by srand with : 777
LOG (nnet-train-frmshuff[5.4.140~1-1ab3d]:main():nnet-train-frmshuff.cc:163) TRAINING STARTED
ali-to-pdf exp/tri1_ali/final.mdl 'ark:gunzip -c exp/tri1_ali/ali.*.gz |' ark:- 
ali-to-post ark:- ark:- 
LOG (nnet-train-frmshuff[5.4.140~1-1ab3d]:main():nnet-train-frmshuff.cc:354) ### After 0 frames,
LOG (nnet-train-frmshuff[5.4.140~1-1ab3d]:main():nnet-train-frmshuff.cc:355) 
### FORWARD PROPAGATION BUFFER CONTENT :
[0] output of <Input>  ( min -6.38268, max 6.24739, mean 0.00257367, stddev 0.992805, skewness -0.0418423, kurtosis 1.41002 ) 
[1] output of <AffineTransform> ( min -41.8355, max 33.492, mean -3.56334, stddev 5.26422, skewness 0.0582405, kurtosis 1.27779 ) 
[2] output of <Sigmoid> ( min 6.77749e-19, max 1, mean 0.239932, stddev 0.35252, skewness 1.24079, kurtosis -0.102857 ) 
[3] output of <AffineTransform> ( min -28.0719, max 25.3688, mean -3.06916, stddev 3.40069, skewness -0.0900194, kurtosis 1.71201 ) 
[4] output of <Sigmoid> ( min 6.43484e-13, max 1, mean 0.19448, stddev 0.285451, skewness 1.60052, kurtosis 1.30773 ) 
[5] output of <AffineTransform> ( min -20.0614, max 15.1275, mean -3.7621, stddev 3.07914, skewness 0.263593, kurtosis 1.23222 ) 
[6] output of <Sigmoid> ( min 1.93834e-09, max 1, mean 0.133857, stddev 0.242793, skewness 2.2671, kurtosis 4.19377 ) 
[7] output of <AffineTransform> ( min -22.7693, max 12.1133, mean -4.21998, stddev 2.73614, skewness -0.0145224, kurtosis 1.13656 ) 
[8] output of <Sigmoid> ( min 1.29241e-10, max 0.999995, mean 0.0917514, stddev 0.188388, skewness 2.99856, kurtosis 8.91651 ) 
[9] output of <AffineTransform> ( min -14.5047, max 21.9842, mean 0.0336069, stddev 4.66685, skewness 0.705621, kurtosis 0.857238 ) 
[10] output of <Softmax> ( min 4.57726e-16, max 0.999, mean 0.0078125, stddev 0.0703614, skewness 11.3074, kurtosis 135.07 ) 
### END FORWARD
LOG (nnet-train-frmshuff[5.4.140~1-1ab3d]:main():nnet-train-frmshuff.cc:357) 
### BACKWARD PROPAGATION BUFFER CONTENT :
[0] diff of <Input>  ( min -2.57733, max 2.37909, mean 0.000761892, stddev 0.0808966, skewness -0.553024, kurtosis 96.5814 ) 
[1] diff-output of <AffineTransform> ( min -0.243743, max 0.259874, mean 5.15748e-06, stddev 0.00892356, skewness 0.274709, kurtosis 71.2901 ) 
[2] diff-output of <Sigmoid> ( min -1.54616, max 1.75811, mean 0.000142287, stddev 0.0873109, skewness 0.191189, kurtosis 18.0724 ) 
[3] diff-output of <AffineTransform> ( min -0.328729, max 0.303519, mean 4.67555e-05, stddev 0.0101678, skewness 0.0362903, kurtosis 71.3286 ) 
[4] diff-output of <Sigmoid> ( min -1.8112, max 1.67491, mean 0.000185077, stddev 0.0844789, skewness 0.0411779, kurtosis 20.1765 ) 
[5] diff-output of <AffineTransform> ( min -0.505577, max 0.464377, mean 4.63096e-05, stddev 0.0111054, skewness 0.00276623, kurtosis 121.021 ) 
[6] diff-output of <Sigmoid> ( min -2.20837, max 2.41609, mean -0.000479503, stddev 0.101742, skewness -0.172731, kurtosis 24.6818 ) 
[7] diff-output of <AffineTransform> ( min -0.46381, max 0.524277, mean 4.14851e-05, stddev 0.0166071, skewness 1.00386, kurtosis 84.0631 ) 
[8] diff-output of <Sigmoid> ( min -2.26029, max 2.72888, mean -4.44832e-05, stddev 0.172757, skewness -0.0902839, kurtosis 11.922 ) 
[9] diff-output of <AffineTransform> ( min -0.998959, max 0.943739, mean 7.3777e-12, stddev 0.0557405, skewness -5.80433, kurtosis 185.82 ) 
[10] diff-output of <Softmax> ( min -0.998959, max 0.943739, mean 7.3777e-12, stddev 0.0557405, skewness -5.80433, kurtosis 185.82 ) 
### END BACKWARD
LOG (nnet-train-frmshuff[5.4.140~1-1ab3d]:main():nnet-train-frmshuff.cc:358) 
### GRADIENT STATS :
Component 1 : <AffineTransform>, 
  linearity_grad ( min -1.25312, max 1.05729, mean -0.000955309, stddev 0.134207, skewness -0.0291558, kurtosis 1.67278 ) , lr-coef 1, max-norm 0
  bias_grad ( min -0.481139, max 0.438269, mean 0.00132031, stddev 0.141059, skewness -0.182965, kurtosis 0.194927 ) , lr-coef 1
Component 2 : <Sigmoid>, 
Component 3 : <AffineTransform>, 
  linearity_grad ( min -0.700121, max 0.597723, mean 0.00326643, stddev 0.0679314, skewness 0.0183996, kurtosis 3.65738 ) , lr-coef 1, max-norm 0
  bias_grad ( min -0.787108, max 0.722574, mean 0.0119694, stddev 0.15808, skewness -0.163746, kurtosis 1.58124 ) , lr-coef 1
Component 4 : <Sigmoid>, 
Component 5 : <AffineTransform>, 
  linearity_grad ( min -0.743506, max 0.735891, mean 0.00270098, stddev 0.0618235, skewness 0.0957854, kurtosis 6.12381 ) , lr-coef 1, max-norm 0
  bias_grad ( min -0.7475, max 0.802195, mean 0.0118553, stddev 0.182557, skewness -0.0439458, kurtosis 1.29921 ) , lr-coef 1
Component 6 : <Sigmoid>, 
Component 7 : <AffineTransform>, 
  linearity_grad ( min -0.88476, max 1.06784, mean 0.00139847, stddev 0.0761085, skewness 0.321191, kurtosis 8.35326 ) , lr-coef 1, max-norm 0
  bias_grad ( min -0.942947, max 1.21215, mean 0.0106202, stddev 0.281872, skewness 0.138135, kurtosis 1.23006 ) , lr-coef 1
Component 8 : <Sigmoid>, 
Component 9 : <AffineTransform>, 
  linearity_grad ( min -3.63575, max 2.69761, mean -3.03717e-09, stddev 0.199341, skewness -1.53323, kurtosis 26.8626 ) , lr-coef 1, max-norm 0
  bias_grad ( min -3.67752, max 2.75024, mean -4.13274e-09, stddev 0.981012, skewness -0.557048, kurtosis 1.82149 ) , lr-coef 1
Component 10 : <Softmax>, 
### END GRADIENT
LOG (ali-to-pdf[5.4.140~1-1ab3d]:main():ali-to-pdf.cc:68) Converted 3696 alignments to pdf sequences.
LOG (ali-to-post[5.4.140~1-1ab3d]:main():ali-to-post.cc:73) Converted 3696 alignments.
LOG (nnet-train-frmshuff[5.4.140~1-1ab3d]:Eval():nnet-loss.cc:148) ProgressLoss[last 5h of 5h]: 0.736877 (Xent), fps=103139, elapsed 0.00485h
LOG (copy-feats[5.4.140~1-1ab3d]:main():copy-feats.cc:143) Copied 3328 feature matrices.
LOG (nnet-train-frmshuff[5.4.140~1-1ab3d]:main():nnet-train-frmshuff.cc:384) ### After 2024448 frames,
LOG (nnet-train-frmshuff[5.4.140~1-1ab3d]:main():nnet-train-frmshuff.cc:385) 
### FORWARD PROPAGATION BUFFER CONTENT :
[0] output of <Input>  ( min -6.80962, max 6.34581, mean 0.00435732, stddev 0.975965, skewness -0.0328166, kurtosis 1.64018 ) 
[1] output of <AffineTransform> ( min -44.7788, max 35.0384, mean -3.53876, stddev 5.19294, skewness 0.0366963, kurtosis 1.47557 ) 
[2] output of <Sigmoid> ( min 3.57135e-20, max 1, mean 0.237399, stddev 0.349889, skewness 1.25975, kurtosis -0.0443745 ) 
[3] output of <AffineTransform> ( min -29.5178, max 23.4911, mean -3.05741, stddev 3.36283, skewness -0.119415, kurtosis 1.7481 ) 
[4] output of <Sigmoid> ( min 1.51557e-13, max 1, mean 0.193492, stddev 0.283135, skewness 1.60715, kurtosis 1.34652 ) 
[5] output of <AffineTransform> ( min -21.4231, max 15.1996, mean -3.76905, stddev 3.05086, skewness 0.269616, kurtosis 1.25354 ) 
[6] output of <Sigmoid> ( min 4.96675e-10, max 1, mean 0.132135, stddev 0.240656, skewness 2.28991, kurtosis 4.32231 ) 
[7] output of <AffineTransform> ( min -23.1185, max 11.069, mean -4.18952, stddev 2.69739, skewness -0.0292901, kurtosis 1.11022 ) 
[8] output of <Sigmoid> ( min 9.11531e-11, max 0.999984, mean 0.0915937, stddev 0.186418, skewness 2.99566, kurtosis 8.96518 ) 
[9] output of <AffineTransform> ( min -14.8032, max 22.9273, mean 0.0291656, stddev 4.66167, skewness 0.695656, kurtosis 0.820065 ) 
[10] output of <Softmax> ( min 4.87709e-16, max 0.999846, mean 0.0078125, stddev 0.0711235, skewness 11.341, kurtosis 135.202 ) 
### END FORWARD
LOG (nnet-train-frmshuff[5.4.140~1-1ab3d]:main():nnet-train-frmshuff.cc:387) 
### BACKWARD PROPAGATION BUFFER CONTENT :
[0] diff of <Input>  ( min -2.41143, max 6.19358, mean 0.000649791, stddev 0.0689149, skewness 7.2984, kurtosis 693.197 ) 
[1] diff-output of <AffineTransform> ( min -0.373394, max 0.353223, mean -3.9102e-05, stddev 0.00748471, skewness -1.76483, kurtosis 143.069 ) 
[2] diff-output of <Sigmoid> ( min -1.67161, max 1.46874, mean -0.000176249, stddev 0.0707886, skewness -0.403749, kurtosis 21.9697 ) 
[3] diff-output of <AffineTransform> ( min -0.301024, max 0.207484, mean -4.84837e-05, stddev 0.00819743, skewness -0.697775, kurtosis 72.7264 ) 
[4] diff-output of <Sigmoid> ( min -1.29696, max 1.19244, mean 6.38726e-05, stddev 0.0684347, skewness -0.171094, kurtosis 20.7909 ) 
[5] diff-output of <AffineTransform> ( min -0.269022, max 0.358011, mean -4.58215e-05, stddev 0.00900839, skewness -0.646429, kurtosis 105.625 ) 
[6] diff-output of <Sigmoid> ( min -1.54514, max 1.47438, mean 0.000433092, stddev 0.0827328, skewness -0.199851, kurtosis 20.0852 ) 
[7] diff-output of <AffineTransform> ( min -0.500722, max 0.414753, mean -5.42611e-05, stddev 0.0138273, skewness -0.350024, kurtosis 92.9712 ) 
[8] diff-output of <Sigmoid> ( min -2.34945, max 2.42889, mean -0.00118944, stddev 0.148311, skewness -0.196891, kurtosis 13.3998 ) 
[9] diff-output of <AffineTransform> ( min -0.998587, max 0.951825, mean 8.02665e-11, stddev 0.0488473, skewness -6.80623, kurtosis 221.817 ) 
[10] diff-output of <Softmax> ( min -0.998587, max 0.951825, mean 8.02665e-11, stddev 0.0488473, skewness -6.80623, kurtosis 221.817 ) 
### END BACKWARD
LOG (nnet-train-frmshuff[5.4.140~1-1ab3d]:main():nnet-train-frmshuff.cc:388) 
### GRADIENT STATS :
Component 1 : <AffineTransform>, 
  linearity_grad ( min -1.44622, max 1.30553, mean 0.000131098, stddev 0.110732, skewness 0.0706014, kurtosis 2.88949 ) , lr-coef 1, max-norm 0
  bias_grad ( min -0.671544, max 0.495152, mean -0.0100101, stddev 0.12404, skewness -0.388522, kurtosis 2.05797 ) , lr-coef 1
Component 2 : <Sigmoid>, 
Component 3 : <AffineTransform>, 
  linearity_grad ( min -0.619515, max 0.457898, mean -0.00293797, stddev 0.0569503, skewness -0.358575, kurtosis 3.96526 ) , lr-coef 1, max-norm 0
  bias_grad ( min -0.556977, max 0.454226, mean -0.0124118, stddev 0.135782, skewness -0.383021, kurtosis 1.28962 ) , lr-coef 1
Component 4 : <Sigmoid>, 
Component 5 : <AffineTransform>, 
  linearity_grad ( min -0.889186, max 0.676357, mean -0.00253902, stddev 0.0517227, skewness -0.44662, kurtosis 9.13614 ) , lr-coef 1, max-norm 0
  bias_grad ( min -0.82158, max 0.638777, mean -0.0117303, stddev 0.148652, skewness -0.229138, kurtosis 3.08563 ) , lr-coef 1
Component 6 : <Sigmoid>, 
Component 7 : <AffineTransform>, 
  linearity_grad ( min -0.900918, max 0.80733, mean -0.00194976, stddev 0.0633872, skewness -0.213592, kurtosis 8.6553 ) , lr-coef 1, max-norm 0
  bias_grad ( min -0.949216, max 0.780673, mean -0.0138908, stddev 0.22493, skewness -0.112767, kurtosis 0.978669 ) , lr-coef 1
Component 8 : <Sigmoid>, 
Component 9 : <AffineTransform>, 
  linearity_grad ( min -4.28675, max 2.63427, mean -8.99067e-10, stddev 0.166366, skewness -2.40105, kurtosis 40.4845 ) , lr-coef 1, max-norm 0
  bias_grad ( min -5.08213, max 1.6234, mean 1.05065e-08, stddev 0.816369, skewness -2.05463, kurtosis 10.5179 ) , lr-coef 1
Component 10 : <Softmax>, 
### END GRADIENT
LOG (nnet-train-frmshuff[5.4.140~1-1ab3d]:main():nnet-train-frmshuff.cc:395) Done 3328 files, 0 with no tgt_mats, 0 with other errors. [TRAINING, RANDOMIZED, 0.324658 min, processing 103927 frames per sec; i/o time 13.7136%]
LOG (nnet-train-frmshuff[5.4.140~1-1ab3d]:main():nnet-train-frmshuff.cc:405) PER-CLASS PERFORMANCE:
@@@ Frames per-class: [ 99453 10452 10379 8042 9913 6311 21145 13132 6304 10617 34193 5043 8744 11356 30510 12550 9219 5945 23687 14400 27661 5203 13875 24168 25646 11671 4780 12149 7657 28420 33600 11770 15662 4281 9536 10129 69800 8001 13316 12687 4321 15616 9828 17902 14264 9294 30776 2746 55463 106039 9748 40816 16498 17750 12702 20726 17182 6839 12103 21298 10011 11231 10409 9023 18662 22278 9397 17500 14561 30285 16712 10865 5027 7962 13576 5946 14023 19572 13884 12794 34427 18866 11688 4612 21321 6467 13984 20613 15110 18544 22229 12177 8379 16240 6766 21378 5063 21791 27140 6545 9361 13341 19170 10499 11260 11635 10516 9517 6346 5297 12134 13459 36531 6435 6345 4679 3952 5142 12060 13109 3423 10431 6022 24910 7055 4575 4395 12473 ]
@@@ Loss per-class: [ 0.274372 1.14138 1.08556 1.48593 0.602985 1.4949 1.42366 1.01715 0.645304 0.736314 0.648339 0.978086 1.04909 0.659228 1.00612 0.913631 1.43945 1.67632 0.543745 0.847442 0.324503 0.7374 0.470711 1.13498 1.27141 0.732011 0.741551 0.32552 1.19701 0.429309 0.545199 0.616784 0.816111 0.957016 0.447035 0.652755 0.286445 0.455959 0.495493 1.27858 2.03247 0.731125 0.643806 0.833224 0.464836 0.695333 0.575185 1.53473 0.614104 0.256054 0.834014 0.426486 0.832127 0.822159 0.980845 0.914214 0.687968 1.30659 1.10719 0.829716 1.62388 1.42764 0.703847 1.47279 0.567028 0.617999 0.687295 0.461416 0.960666 0.614689 0.263635 0.644104 0.866735 1.54835 1.33016 1.40153 0.689521 0.546551 0.813479 0.323666 0.519982 1.38826 0.870258 0.652576 0.951971 1.27612 0.699067 0.702605 0.713065 0.747065 0.712819 0.536807 0.675317 0.325127 0.896272 0.746258 1.34478 0.68303 0.57084 0.831842 0.817464 1.1909 0.912011 0.570572 0.898654 0.946373 0.80607 0.48036 1.20768 1.02883 0.723049 1.57737 0.910765 0.811627 0.909867 0.744351 1.08453 0.983213 0.866926 1.36384 1.39912 1.00088 1.16414 0.547416 0.799262 0.693164 0.946485 0.893629 ]
@@@ Frame-accuracy per-class: [ 91.0124 60.0622 62.3055 50.7678 81.8379 49.4019 54.7256 64.4051 78.2616 73.9157 79.4859 65.5894 67.3452 81.1782 66.0428 68.4515 49.7532 54.7473 82.1953 72.1086 90.4072 74.5844 86.2527 60.1775 57.0838 74.9861 73.5488 90.0202 56.9899 86.3215 82.2547 80.4554 74.3623 69.4383 86.3105 77.3187 90.8074 85.7964 84.384 56.1734 36.7234 76.8546 81.5486 73.2132 85.6392 77.0778 76.9223 51.4109 78.5075 92.2005 72.5855 86.0608 73.8916 74.0092 69.0179 71.7777 79.2492 60.7208 63.8658 70.6247 45.6575 51.9966 76.1708 49.4819 80.8198 80.1131 76.6161 86.4661 63.5923 79.7808 92.1526 79.711 75.5246 49.1052 55.4119 53.6786 77.1633 82.1765 75.3718 89.7261 83.2997 50.799 72.2762 78.2005 59.3485 55.4619 77.9434 77.3765 78.1973 74.7391 76.0251 82.8824 79.7303 89.9541 71.6619 75.6321 55.8309 77.1723 81.2034 71.8509 73.5139 61.7922 68.9184 81.1086 69.6861 70.792 74.9584 84.6546 60.427 64.0491 77.3579 45.3137 69.206 74.462 67.4967 76.0765 67.6281 66.2518 72.4597 53.6634 47.1447 63.8355 62.582 82.411 74.3959 77.8276 69.7077 68.6736 ]
LOG (nnet-train-frmshuff[5.4.140~1-1ab3d]:main():nnet-train-frmshuff.cc:406) AvgLoss: 0.729042 (Xent), [AvgXent: 0.729042, AvgTargetEnt: 0]
progress: [0.736877 ]
FRAME_ACCURACY >> 75.8794% <<
