mjrc-server10
nnet-train-frmshuff --cross-validate=false --randomize=true --verbose=0 --minibatch-size=256 --randomizer-size=32768 --randomizer-seed=777 --learn-rate=0.001 --momentum=0 --l1-penalty=0 --l2-penalty=0 --feature-transform=exp_2/dnn4_pretrain-dbn_dnn/final.feature_transform 'ark:copy-feats scp:exp_2/dnn4_pretrain-dbn_dnn/train.scp ark:- |' 'ark:ali-to-pdf exp/tri1_ali/final.mdl "ark:gunzip -c exp/tri1_ali/ali.*.gz |" ark:- | ali-to-post ark:- ark:- |' exp_2/dnn4_pretrain-dbn_dnn/nnet/nnet_dbn_dnn_iter05_learnrate0.002_tr0.7568_cv1.2218 exp_2/dnn4_pretrain-dbn_dnn/nnet/nnet_dbn_dnn_iter06 
WARNING (nnet-train-frmshuff[5.4.140~1-1ab3d]:SelectGpuId():cu-device.cc:196) Not in compute-exclusive mode.  Suggestion: use 'nvidia-smi -c 3' to set compute exclusive mode
LOG (nnet-train-frmshuff[5.4.140~1-1ab3d]:SelectGpuIdAuto():cu-device.cc:315) Selecting from 4 GPUs
LOG (nnet-train-frmshuff[5.4.140~1-1ab3d]:SelectGpuIdAuto():cu-device.cc:330) cudaSetDevice(0): GeForce GTX 1080	free:7998M, used:121M, total:8119M, free/total:0.985098
LOG (nnet-train-frmshuff[5.4.140~1-1ab3d]:SelectGpuIdAuto():cu-device.cc:330) cudaSetDevice(1): GeForce GTX 1080	free:7998M, used:121M, total:8119M, free/total:0.985098
LOG (nnet-train-frmshuff[5.4.140~1-1ab3d]:SelectGpuIdAuto():cu-device.cc:330) cudaSetDevice(2): GeForce GTX 1080	free:7998M, used:121M, total:8119M, free/total:0.985098
LOG (nnet-train-frmshuff[5.4.140~1-1ab3d]:SelectGpuIdAuto():cu-device.cc:330) cudaSetDevice(3): GeForce GTX 1080	free:7998M, used:121M, total:8119M, free/total:0.985098
LOG (nnet-train-frmshuff[5.4.140~1-1ab3d]:SelectGpuIdAuto():cu-device.cc:379) Trying to select device: 0 (automatically), mem_ratio: 0.985098
LOG (nnet-train-frmshuff[5.4.140~1-1ab3d]:SelectGpuIdAuto():cu-device.cc:398) Success selecting device 0 free mem ratio: 0.985098
LOG (nnet-train-frmshuff[5.4.140~1-1ab3d]:FinalizeActiveGpu():cu-device.cc:247) The active GPU is [0]: GeForce GTX 1080	free:7934M, used:185M, total:8119M, free/total:0.977216 version 6.1
copy-feats scp:exp_2/dnn4_pretrain-dbn_dnn/train.scp ark:- 
LOG (nnet-train-frmshuff[5.4.140~1-1ab3d]:Init():nnet-randomizer.cc:32) Seeding by srand with : 777
LOG (nnet-train-frmshuff[5.4.140~1-1ab3d]:main():nnet-train-frmshuff.cc:163) TRAINING STARTED
ali-to-post ark:- ark:- 
ali-to-pdf exp/tri1_ali/final.mdl 'ark:gunzip -c exp/tri1_ali/ali.*.gz |' ark:- 
LOG (nnet-train-frmshuff[5.4.140~1-1ab3d]:main():nnet-train-frmshuff.cc:354) ### After 0 frames,
LOG (nnet-train-frmshuff[5.4.140~1-1ab3d]:main():nnet-train-frmshuff.cc:355) 
### FORWARD PROPAGATION BUFFER CONTENT :
[0] output of <Input>  ( min -6.38268, max 6.24739, mean 0.00257367, stddev 0.992805, skewness -0.0418423, kurtosis 1.41002 ) 
[1] output of <AffineTransform> ( min -41.9543, max 33.6024, mean -3.5565, stddev 5.25996, skewness 0.0618096, kurtosis 1.30864 ) 
[2] output of <Sigmoid> ( min 6.01807e-19, max 1, mean 0.23962, stddev 0.352225, skewness 1.24375, kurtosis -0.0942073 ) 
[3] output of <AffineTransform> ( min -29.3409, max 24.822, mean -3.15408, stddev 3.45095, skewness -0.0747377, kurtosis 1.7274 ) 
[4] output of <Sigmoid> ( min 1.80887e-13, max 1, mean 0.190148, stddev 0.284584, skewness 1.63812, kurtosis 1.43024 ) 
[5] output of <AffineTransform> ( min -20.6911, max 14.9749, mean -3.77613, stddev 3.06072, skewness 0.282509, kurtosis 1.30013 ) 
[6] output of <Sigmoid> ( min 1.03267e-09, max 1, mean 0.131718, stddev 0.241046, skewness 2.30127, kurtosis 4.36687 ) 
[7] output of <AffineTransform> ( min -23.0781, max 12.693, mean -4.28352, stddev 2.72794, skewness 0.00898116, kurtosis 1.23819 ) 
[8] output of <Sigmoid> ( min 9.49125e-11, max 0.999997, mean 0.0881957, stddev 0.185543, skewness 3.09078, kurtosis 9.53678 ) 
[9] output of <AffineTransform> ( min -13.6632, max 21.1838, mean 0.0331638, stddev 4.61152, skewness 0.723739, kurtosis 0.893024 ) 
[10] output of <Softmax> ( min 2.11132e-15, max 0.998904, mean 0.0078125, stddev 0.0700295, skewness 11.3267, kurtosis 135.857 ) 
### END FORWARD
LOG (nnet-train-frmshuff[5.4.140~1-1ab3d]:main():nnet-train-frmshuff.cc:357) 
### BACKWARD PROPAGATION BUFFER CONTENT :
[0] diff of <Input>  ( min -1.9806, max 3.20916, mean 0.000782796, stddev 0.0831671, skewness 0.474469, kurtosis 84.6329 ) 
[1] diff-output of <AffineTransform> ( min -0.250056, max 0.263013, mean 2.08485e-05, stddev 0.00903821, skewness 0.190106, kurtosis 71.318 ) 
[2] diff-output of <Sigmoid> ( min -1.52918, max 1.66339, mean 0.000254967, stddev 0.0880627, skewness 0.0898291, kurtosis 15.8518 ) 
[3] diff-output of <AffineTransform> ( min -0.295302, max 0.271423, mean 5.84507e-05, stddev 0.0102421, skewness 0.328216, kurtosis 70.0723 ) 
[4] diff-output of <Sigmoid> ( min -1.74495, max 1.55833, mean 0.000144297, stddev 0.0859995, skewness 0.0431717, kurtosis 19.2944 ) 
[5] diff-output of <AffineTransform> ( min -0.373493, max 0.345886, mean 7.15093e-05, stddev 0.0111512, skewness 0.203975, kurtosis 100.897 ) 
[6] diff-output of <Sigmoid> ( min -2.09675, max 2.11215, mean -0.000425263, stddev 0.101499, skewness -0.207339, kurtosis 21.3235 ) 
[7] diff-output of <AffineTransform> ( min -0.388724, max 0.452828, mean 6.33052e-05, stddev 0.0165125, skewness 0.8094, kurtosis 76.8919 ) 
[8] diff-output of <Sigmoid> ( min -2.19828, max 2.85944, mean 6.95257e-05, stddev 0.17455, skewness -0.0827065, kurtosis 11.3718 ) 
[9] diff-output of <AffineTransform> ( min -0.999615, max 0.985573, mean 5.81908e-11, stddev 0.0571547, skewness -5.84281, kurtosis 180.459 ) 
[10] diff-output of <Softmax> ( min -0.999615, max 0.985573, mean 5.81908e-11, stddev 0.0571547, skewness -5.84281, kurtosis 180.459 ) 
### END BACKWARD
LOG (nnet-train-frmshuff[5.4.140~1-1ab3d]:main():nnet-train-frmshuff.cc:358) 
### GRADIENT STATS :
Component 1 : <AffineTransform>, 
  linearity_grad ( min -1.17472, max 1.00674, mean -0.0010583, stddev 0.136073, skewness -0.0293526, kurtosis 2.00452 ) , lr-coef 1, max-norm 0
  bias_grad ( min -0.579339, max 0.517555, mean 0.00533721, stddev 0.143484, skewness -0.0862035, kurtosis 0.429705 ) , lr-coef 1
Component 2 : <Sigmoid>, 
Component 3 : <AffineTransform>, 
  linearity_grad ( min -0.696454, max 0.756588, mean 0.00402652, stddev 0.069911, skewness 0.160128, kurtosis 4.19822 ) , lr-coef 1, max-norm 0
  bias_grad ( min -0.827576, max 0.849944, mean 0.0149634, stddev 0.165799, skewness 0.0655158, kurtosis 2.02795 ) , lr-coef 1
Component 4 : <Sigmoid>, 
Component 5 : <AffineTransform>, 
  linearity_grad ( min -0.748563, max 0.746324, mean 0.003729, stddev 0.0627821, skewness 0.0866644, kurtosis 7.1181 ) , lr-coef 1, max-norm 0
  bias_grad ( min -0.825576, max 0.835804, mean 0.0183064, stddev 0.188758, skewness -0.0563668, kurtosis 1.70929 ) , lr-coef 1
Component 6 : <Sigmoid>, 
Component 7 : <AffineTransform>, 
  linearity_grad ( min -0.98885, max 0.984878, mean 0.002192, stddev 0.0753599, skewness 0.305318, kurtosis 9.09886 ) , lr-coef 1, max-norm 0
  bias_grad ( min -1.03638, max 1.2611, mean 0.0162061, stddev 0.279813, skewness 0.200901, kurtosis 1.77359 ) , lr-coef 1
Component 8 : <Sigmoid>, 
Component 9 : <AffineTransform>, 
  linearity_grad ( min -3.69978, max 3.04047, mean -2.09942e-09, stddev 0.199038, skewness -1.66452, kurtosis 30.3896 ) , lr-coef 1, max-norm 0
  bias_grad ( min -3.71739, max 3.10274, mean 2.32831e-09, stddev 0.976468, skewness -0.441496, kurtosis 1.69227 ) , lr-coef 1
Component 10 : <Softmax>, 
### END GRADIENT
LOG (ali-to-pdf[5.4.140~1-1ab3d]:main():ali-to-pdf.cc:68) Converted 3696 alignments to pdf sequences.
LOG (ali-to-post[5.4.140~1-1ab3d]:main():ali-to-post.cc:73) Converted 3696 alignments.
LOG (nnet-train-frmshuff[5.4.140~1-1ab3d]:Eval():nnet-loss.cc:148) ProgressLoss[last 5h of 5h]: 0.745573 (Xent), fps=103882, elapsed 0.00481h
LOG (copy-feats[5.4.140~1-1ab3d]:main():copy-feats.cc:143) Copied 3328 feature matrices.
LOG (nnet-train-frmshuff[5.4.140~1-1ab3d]:main():nnet-train-frmshuff.cc:384) ### After 2024448 frames,
LOG (nnet-train-frmshuff[5.4.140~1-1ab3d]:main():nnet-train-frmshuff.cc:385) 
### FORWARD PROPAGATION BUFFER CONTENT :
[0] output of <Input>  ( min -6.80962, max 6.34581, mean 0.00435732, stddev 0.975965, skewness -0.0328166, kurtosis 1.64018 ) 
[1] output of <AffineTransform> ( min -44.3834, max 34.992, mean -3.53663, stddev 5.19343, skewness 0.0372293, kurtosis 1.49157 ) 
[2] output of <Sigmoid> ( min 5.3033e-20, max 1, mean 0.237295, stddev 0.349806, skewness 1.26067, kurtosis -0.0415499 ) 
[3] output of <AffineTransform> ( min -29.9088, max 23.4409, mean -3.0898, stddev 3.39642, skewness -0.106789, kurtosis 1.77192 ) 
[4] output of <Sigmoid> ( min 1.02511e-13, max 1, mean 0.19233, stddev 0.283721, skewness 1.61895, kurtosis 1.37761 ) 
[5] output of <AffineTransform> ( min -21.6556, max 15.3594, mean -3.77827, stddev 3.05363, skewness 0.276071, kurtosis 1.2749 ) 
[6] output of <Sigmoid> ( min 3.9365e-10, max 1, mean 0.131605, stddev 0.240736, skewness 2.29945, kurtosis 4.36072 ) 
[7] output of <AffineTransform> ( min -23.6127, max 10.7955, mean -4.22092, stddev 2.70577, skewness -0.0163163, kurtosis 1.15793 ) 
[8] output of <Sigmoid> ( min 5.56063e-11, max 0.999979, mean 0.0904424, stddev 0.18617, skewness 3.0278, kurtosis 9.15713 ) 
[9] output of <AffineTransform> ( min -14.6415, max 23.8736, mean 0.0311096, stddev 4.6719, skewness 0.713398, kurtosis 0.845853 ) 
[10] output of <Softmax> ( min 3.73879e-16, max 0.999866, mean 0.0078125, stddev 0.0713797, skewness 11.3388, kurtosis 135.069 ) 
### END FORWARD
LOG (nnet-train-frmshuff[5.4.140~1-1ab3d]:main():nnet-train-frmshuff.cc:387) 
### BACKWARD PROPAGATION BUFFER CONTENT :
[0] diff of <Input>  ( min -1.76308, max 3.94957, mean 0.000567146, stddev 0.059924, skewness 3.50354, kurtosis 255.294 ) 
[1] diff-output of <AffineTransform> ( min -0.294708, max 0.274387, mean -2.87478e-05, stddev 0.00676574, skewness -1.3022, kurtosis 106.747 ) 
[2] diff-output of <Sigmoid> ( min -1.39079, max 1.26159, mean -7.09167e-05, stddev 0.0645113, skewness -0.278688, kurtosis 17.8038 ) 
[3] diff-output of <AffineTransform> ( min -0.262661, max 0.210229, mean -4.8034e-05, stddev 0.00748285, skewness -0.490905, kurtosis 69.8805 ) 
[4] diff-output of <Sigmoid> ( min -1.30132, max 0.997747, mean 1.00454e-05, stddev 0.0629374, skewness -0.222308, kurtosis 19.8352 ) 
[5] diff-output of <AffineTransform> ( min -0.287748, max 0.240633, mean -4.46266e-05, stddev 0.00825392, skewness -0.64983, kurtosis 97.6825 ) 
[6] diff-output of <Sigmoid> ( min -1.59459, max 1.40003, mean 0.000309283, stddev 0.0767827, skewness -0.246446, kurtosis 19.8733 ) 
[7] diff-output of <AffineTransform> ( min -0.462086, max 0.435231, mean -5.28381e-05, stddev 0.0129252, skewness -0.171838, kurtosis 94.1245 ) 
[8] diff-output of <Sigmoid> ( min -2.26346, max 2.35162, mean -0.00109543, stddev 0.141534, skewness -0.187055, kurtosis 13.9032 ) 
[9] diff-output of <AffineTransform> ( min -0.998811, max 0.912651, mean 3.71619e-11, stddev 0.0473309, skewness -7.0556, kurtosis 232.229 ) 
[10] diff-output of <Softmax> ( min -0.998811, max 0.912651, mean 3.71619e-11, stddev 0.0473309, skewness -7.0556, kurtosis 232.229 ) 
### END BACKWARD
LOG (nnet-train-frmshuff[5.4.140~1-1ab3d]:main():nnet-train-frmshuff.cc:388) 
### GRADIENT STATS :
Component 1 : <AffineTransform>, 
  linearity_grad ( min -1.13798, max 1.06798, mean 5.25458e-05, stddev 0.101872, skewness 0.0346549, kurtosis 2.22063 ) , lr-coef 1, max-norm 0
  bias_grad ( min -0.644352, max 0.405955, mean -0.00735944, stddev 0.108129, skewness -0.261703, kurtosis 1.84753 ) , lr-coef 1
Component 2 : <Sigmoid>, 
Component 3 : <AffineTransform>, 
  linearity_grad ( min -0.536071, max 0.388742, mean -0.00292111, stddev 0.0507687, skewness -0.280946, kurtosis 3.22339 ) , lr-coef 1, max-norm 0
  bias_grad ( min -0.508152, max 0.397534, mean -0.0122967, stddev 0.118222, skewness -0.268786, kurtosis 0.92947 ) , lr-coef 1
Component 4 : <Sigmoid>, 
Component 5 : <AffineTransform>, 
  linearity_grad ( min -0.639771, max 0.589149, mean -0.00250005, stddev 0.0456574, skewness -0.290853, kurtosis 6.89268 ) , lr-coef 1, max-norm 0
  bias_grad ( min -0.571486, max 0.599198, mean -0.0114244, stddev 0.128008, skewness 0.0706374, kurtosis 2.67347 ) , lr-coef 1
Component 6 : <Sigmoid>, 
Component 7 : <AffineTransform>, 
  linearity_grad ( min -0.8689, max 0.661504, mean -0.00192368, stddev 0.0576066, skewness -0.186895, kurtosis 8.5191 ) , lr-coef 1, max-norm 0
  bias_grad ( min -0.934968, max 0.728057, mean -0.0135265, stddev 0.202312, skewness -0.165695, kurtosis 1.17069 ) , lr-coef 1
Component 8 : <Sigmoid>, 
Component 9 : <AffineTransform>, 
  linearity_grad ( min -3.79248, max 2.15796, mean -1.3725e-09, stddev 0.155758, skewness -2.30746, kurtosis 35.0208 ) , lr-coef 1, max-norm 0
  bias_grad ( min -4.68069, max 1.48879, mean 6.62112e-09, stddev 0.758146, skewness -2.02374, kurtosis 10.1231 ) , lr-coef 1
Component 10 : <Softmax>, 
### END GRADIENT
LOG (nnet-train-frmshuff[5.4.140~1-1ab3d]:main():nnet-train-frmshuff.cc:395) Done 3328 files, 0 with no tgt_mats, 0 with other errors. [TRAINING, RANDOMIZED, 0.322277 min, processing 104695 frames per sec; i/o time 13.7687%]
LOG (nnet-train-frmshuff[5.4.140~1-1ab3d]:main():nnet-train-frmshuff.cc:405) PER-CLASS PERFORMANCE:
@@@ Frames per-class: [ 99453 10452 10379 8042 9913 6311 21145 13132 6304 10617 34193 5043 8744 11356 30510 12550 9219 5945 23687 14400 27661 5203 13875 24168 25646 11671 4780 12149 7657 28420 33600 11770 15662 4281 9536 10129 69800 8001 13316 12687 4321 15616 9828 17902 14264 9294 30776 2746 55463 106039 9748 40816 16498 17750 12702 20726 17182 6839 12103 21298 10011 11231 10409 9023 18662 22278 9397 17500 14561 30285 16712 10865 5027 7962 13576 5946 14023 19572 13884 12794 34427 18866 11688 4612 21321 6467 13984 20613 15110 18544 22229 12177 8379 16240 6766 21378 5063 21791 27140 6545 9361 13341 19170 10499 11260 11635 10516 9517 6346 5297 12134 13459 36531 6435 6345 4679 3952 5142 12060 13109 3423 10431 6022 24910 7055 4575 4395 12473 ]
@@@ Loss per-class: [ 0.279216 1.14449 1.10169 1.50701 0.596008 1.46447 1.4444 1.01248 0.66293 0.730215 0.670385 1.00725 1.08464 0.678075 0.993042 0.897009 1.4558 1.69486 0.543723 0.853722 0.329236 0.767469 0.487702 1.12651 1.28457 0.718896 0.76329 0.340015 1.20921 0.44194 0.559641 0.62691 0.803457 0.937577 0.464301 0.659067 0.291284 0.464441 0.511212 1.30354 2.0424 0.73318 0.670709 0.859138 0.475272 0.684288 0.58449 1.51962 0.624197 0.2628 0.858032 0.433868 0.849624 0.839079 0.987528 0.942056 0.692484 1.32095 1.10711 0.794122 1.65492 1.43939 0.730204 1.47606 0.548047 0.636517 0.700615 0.472754 0.983551 0.623042 0.278198 0.658382 0.897059 1.57666 1.35934 1.4112 0.702571 0.533277 0.824504 0.341228 0.536641 1.41914 0.900999 0.675786 0.962207 1.29151 0.707394 0.696615 0.723144 0.744574 0.69387 0.565833 0.68668 0.318368 0.935577 0.770692 1.35772 0.68961 0.574685 0.873706 0.784416 1.17206 0.869752 0.588164 0.90067 0.974187 0.834195 0.49241 1.24147 1.05907 0.743956 1.61397 0.933016 0.840022 0.913063 0.771903 1.09048 0.985908 0.847769 1.37595 1.41536 0.974555 1.1984 0.54334 0.829629 0.720266 0.969368 0.882506 ]
@@@ Frame-accuracy per-class: [ 90.7791 60.9041 61.9779 50.0715 82.2414 50.606 54.4939 65.2123 77.754 74.7257 78.7226 64.5187 66.3846 80.6058 66.8491 69.296 49.8183 54.1418 82.5752 71.9836 90.3566 73.7196 85.9861 61.3609 57.037 75.9371 73.0886 89.6333 56.8854 86.0752 81.8262 80.0136 75.0455 70.6995 85.9015 77.2694 90.6555 85.459 83.8434 55.4167 36.7234 77.0659 80.582 72.2972 85.2045 77.5297 76.6201 51.4837 78.2551 91.9818 71.7444 85.6247 73.0733 73.2655 69.2856 70.9671 79.6566 60.3407 64.1137 72.6718 45.198 51.498 75.1621 50.036 82.1273 79.3321 76.0521 85.7633 62.8232 79.8501 91.5363 79.2048 74.2715 48.8414 54.8963 53.7291 76.764 82.994 75.0117 89.1242 82.6723 50.1206 71.5661 77.5718 59.6253 55.1991 77.7075 77.9295 77.9789 75.2406 77.3657 81.9626 78.5846 90.2805 70.184 74.8556 54.646 77.2916 81.3876 70.4912 74.6355 62.9315 71.1719 80.5753 69.9969 70.199 74.1882 83.9611 59.3556 63.4073 76.6987 44.593 68.3465 73.0013 67.5439 75.1362 66.7426 66.6018 73.7034 53.5871 47.7874 65.8678 61.4861 82.403 73.1628 77.1282 69.0024 69.4272 ]
LOG (nnet-train-frmshuff[5.4.140~1-1ab3d]:main():nnet-train-frmshuff.cc:406) AvgLoss: 0.73746 (Xent), [AvgXent: 0.73746, AvgTargetEnt: 0]
progress: [0.745573 ]
FRAME_ACCURACY >> 75.7622% <<
