mjrc-server10
nnet-train-frmshuff --cross-validate=false --randomize=true --verbose=0 --minibatch-size=256 --randomizer-size=32768 --randomizer-seed=777 --learn-rate=6.25e-05 --momentum=0 --l1-penalty=0 --l2-penalty=0 --feature-transform=exp_2/dnn4_pretrain-dbn_dnn/final.feature_transform 'ark:copy-feats scp:exp_2/dnn4_pretrain-dbn_dnn/train.scp ark:- |' 'ark:ali-to-pdf exp/tri1_ali/final.mdl "ark:gunzip -c exp/tri1_ali/ali.*.gz |" ark:- | ali-to-post ark:- ark:- |' exp_2/dnn4_pretrain-dbn_dnn/nnet/nnet_dbn_dnn_iter09_learnrate0.000125_tr0.7283_cv1.1084 exp_2/dnn4_pretrain-dbn_dnn/nnet/nnet_dbn_dnn_iter10 
WARNING (nnet-train-frmshuff[5.4.140~1-1ab3d]:SelectGpuId():cu-device.cc:196) Not in compute-exclusive mode.  Suggestion: use 'nvidia-smi -c 3' to set compute exclusive mode
LOG (nnet-train-frmshuff[5.4.140~1-1ab3d]:SelectGpuIdAuto():cu-device.cc:315) Selecting from 4 GPUs
LOG (nnet-train-frmshuff[5.4.140~1-1ab3d]:SelectGpuIdAuto():cu-device.cc:330) cudaSetDevice(0): GeForce GTX 1080	free:7998M, used:121M, total:8119M, free/total:0.985098
LOG (nnet-train-frmshuff[5.4.140~1-1ab3d]:SelectGpuIdAuto():cu-device.cc:330) cudaSetDevice(1): GeForce GTX 1080	free:7998M, used:121M, total:8119M, free/total:0.985098
LOG (nnet-train-frmshuff[5.4.140~1-1ab3d]:SelectGpuIdAuto():cu-device.cc:330) cudaSetDevice(2): GeForce GTX 1080	free:7998M, used:121M, total:8119M, free/total:0.985098
LOG (nnet-train-frmshuff[5.4.140~1-1ab3d]:SelectGpuIdAuto():cu-device.cc:330) cudaSetDevice(3): GeForce GTX 1080	free:7998M, used:121M, total:8119M, free/total:0.985098
LOG (nnet-train-frmshuff[5.4.140~1-1ab3d]:SelectGpuIdAuto():cu-device.cc:379) Trying to select device: 0 (automatically), mem_ratio: 0.985098
LOG (nnet-train-frmshuff[5.4.140~1-1ab3d]:SelectGpuIdAuto():cu-device.cc:398) Success selecting device 0 free mem ratio: 0.985098
LOG (nnet-train-frmshuff[5.4.140~1-1ab3d]:FinalizeActiveGpu():cu-device.cc:247) The active GPU is [0]: GeForce GTX 1080	free:7934M, used:185M, total:8119M, free/total:0.977216 version 6.1
copy-feats scp:exp_2/dnn4_pretrain-dbn_dnn/train.scp ark:- 
LOG (nnet-train-frmshuff[5.4.140~1-1ab3d]:Init():nnet-randomizer.cc:32) Seeding by srand with : 777
LOG (nnet-train-frmshuff[5.4.140~1-1ab3d]:main():nnet-train-frmshuff.cc:163) TRAINING STARTED
ali-to-post ark:- ark:- 
ali-to-pdf exp/tri1_ali/final.mdl 'ark:gunzip -c exp/tri1_ali/ali.*.gz |' ark:- 
LOG (nnet-train-frmshuff[5.4.140~1-1ab3d]:main():nnet-train-frmshuff.cc:354) ### After 0 frames,
LOG (nnet-train-frmshuff[5.4.140~1-1ab3d]:main():nnet-train-frmshuff.cc:355) 
### FORWARD PROPAGATION BUFFER CONTENT :
[0] output of <Input>  ( min -6.38268, max 6.24739, mean 0.00257367, stddev 0.992805, skewness -0.0418423, kurtosis 1.41002 ) 
[1] output of <AffineTransform> ( min -41.7571, max 33.4306, mean -3.56471, stddev 5.26316, skewness 0.0578104, kurtosis 1.26805 ) 
[2] output of <Sigmoid> ( min 7.33e-19, max 1, mean 0.239964, stddev 0.352537, skewness 1.24036, kurtosis -0.104024 ) 
[3] output of <AffineTransform> ( min -27.8902, max 24.9849, mean -3.06588, stddev 3.38332, skewness -0.0996545, kurtosis 1.69174 ) 
[4] output of <Sigmoid> ( min 7.71647e-13, max 1, mean 0.194165, stddev 0.284528, skewness 1.60187, kurtosis 1.31917 ) 
[5] output of <AffineTransform> ( min -19.6841, max 15.176, mean -3.76252, stddev 3.06747, skewness 0.258603, kurtosis 1.21537 ) 
[6] output of <Sigmoid> ( min 2.82689e-09, max 1, mean 0.133364, stddev 0.241953, skewness 2.27332, kurtosis 4.23148 ) 
[7] output of <AffineTransform> ( min -22.9878, max 11.9154, mean -4.19766, stddev 2.72279, skewness -0.0225724, kurtosis 1.12527 ) 
[8] output of <Sigmoid> ( min 1.03878e-10, max 0.999993, mean 0.0921791, stddev 0.188151, skewness 2.98712, kurtosis 8.85458 ) 
[9] output of <AffineTransform> ( min -14.6255, max 22.0088, mean 0.0312788, stddev 4.65438, skewness 0.700255, kurtosis 0.874407 ) 
[10] output of <Softmax> ( min 5.27011e-16, max 0.998996, mean 0.0078125, stddev 0.0703569, skewness 11.3221, kurtosis 135.646 ) 
### END FORWARD
LOG (nnet-train-frmshuff[5.4.140~1-1ab3d]:main():nnet-train-frmshuff.cc:357) 
### BACKWARD PROPAGATION BUFFER CONTENT :
[0] diff of <Input>  ( min -2.20125, max 2.7052, mean 0.00126, stddev 0.0807156, skewness 0.190348, kurtosis 97.5377 ) 
[1] diff-output of <AffineTransform> ( min -0.206181, max 0.262295, mean -1.52563e-05, stddev 0.00889203, skewness 0.274375, kurtosis 69.9588 ) 
[2] diff-output of <Sigmoid> ( min -1.48372, max 1.84633, mean -8.19513e-05, stddev 0.0868831, skewness 0.20813, kurtosis 18.4069 ) 
[3] diff-output of <AffineTransform> ( min -0.330557, max 0.370832, mean 3.15318e-05, stddev 0.0101565, skewness 0.00719122, kurtosis 79.1863 ) 
[4] diff-output of <Sigmoid> ( min -1.78325, max 1.78562, mean 0.000176222, stddev 0.0840575, skewness 0.0321491, kurtosis 19.5351 ) 
[5] diff-output of <AffineTransform> ( min -0.505432, max 0.508104, mean 2.962e-05, stddev 0.0110583, skewness -0.0214786, kurtosis 125.466 ) 
[6] diff-output of <Sigmoid> ( min -2.14078, max 2.5801, mean -0.000357767, stddev 0.101673, skewness -0.105239, kurtosis 25.0152 ) 
[7] diff-output of <AffineTransform> ( min -0.435681, max 0.582481, mean 2.05042e-05, stddev 0.0165714, skewness 0.917957, kurtosis 84.6918 ) 
[8] diff-output of <Sigmoid> ( min -2.27897, max 2.61475, mean -0.00011961, stddev 0.171914, skewness -0.101384, kurtosis 11.5574 ) 
[9] diff-output of <AffineTransform> ( min -0.998907, max 0.934434, mean 1.04604e-10, stddev 0.0554712, skewness -5.7027, kurtosis 183.347 ) 
[10] diff-output of <Softmax> ( min -0.998907, max 0.934434, mean 1.04604e-10, stddev 0.0554712, skewness -5.7027, kurtosis 183.347 ) 
### END BACKWARD
LOG (nnet-train-frmshuff[5.4.140~1-1ab3d]:main():nnet-train-frmshuff.cc:358) 
### GRADIENT STATS :
Component 1 : <AffineTransform>, 
  linearity_grad ( min -1.13484, max 1.08659, mean -0.000953091, stddev 0.133744, skewness -0.0221108, kurtosis 1.67941 ) , lr-coef 1, max-norm 0
  bias_grad ( min -0.546655, max 0.390871, mean -0.0039056, stddev 0.144161, skewness -0.249132, kurtosis 0.290823 ) , lr-coef 1
Component 2 : <Sigmoid>, 
Component 3 : <AffineTransform>, 
  linearity_grad ( min -0.709295, max 0.683024, mean 0.00242944, stddev 0.067979, skewness -0.0614451, kurtosis 3.76825 ) , lr-coef 1, max-norm 0
  bias_grad ( min -0.755825, max 0.806444, mean 0.00807215, stddev 0.159093, skewness -0.195213, kurtosis 1.43881 ) , lr-coef 1
Component 4 : <Sigmoid>, 
Component 5 : <AffineTransform>, 
  linearity_grad ( min -0.734845, max 0.718449, mean 0.00200085, stddev 0.0607329, skewness 0.0612412, kurtosis 6.26574 ) , lr-coef 1, max-norm 0
  bias_grad ( min -0.789412, max 0.729291, mean 0.00758272, stddev 0.178437, skewness -0.0807803, kurtosis 1.29795 ) , lr-coef 1
Component 6 : <Sigmoid>, 
Component 7 : <AffineTransform>, 
  linearity_grad ( min -1.03195, max 1.37334, mean 0.000635018, stddev 0.0752025, skewness 0.303834, kurtosis 9.48593 ) , lr-coef 1, max-norm 0
  bias_grad ( min -1.12598, max 1.37188, mean 0.00524907, stddev 0.278076, skewness 0.117409, kurtosis 1.5967 ) , lr-coef 1
Component 8 : <Sigmoid>, 
Component 9 : <AffineTransform>, 
  linearity_grad ( min -3.59286, max 2.71962, mean -8.99348e-10, stddev 0.198167, skewness -1.26895, kurtosis 26.1187 ) , lr-coef 1, max-norm 0
  bias_grad ( min -3.816, max 2.77437, mean 5.60249e-09, stddev 0.970666, skewness -0.491471, kurtosis 2.0929 ) , lr-coef 1
Component 10 : <Softmax>, 
### END GRADIENT
LOG (ali-to-pdf[5.4.140~1-1ab3d]:main():ali-to-pdf.cc:68) Converted 3696 alignments to pdf sequences.
LOG (ali-to-post[5.4.140~1-1ab3d]:main():ali-to-post.cc:73) Converted 3696 alignments.
LOG (nnet-train-frmshuff[5.4.140~1-1ab3d]:Eval():nnet-loss.cc:148) ProgressLoss[last 5h of 5h]: 0.735487 (Xent), fps=103328, elapsed 0.00484h
LOG (copy-feats[5.4.140~1-1ab3d]:main():copy-feats.cc:143) Copied 3328 feature matrices.
LOG (nnet-train-frmshuff[5.4.140~1-1ab3d]:main():nnet-train-frmshuff.cc:384) ### After 2024448 frames,
LOG (nnet-train-frmshuff[5.4.140~1-1ab3d]:main():nnet-train-frmshuff.cc:385) 
### FORWARD PROPAGATION BUFFER CONTENT :
[0] output of <Input>  ( min -6.80962, max 6.34581, mean 0.00435732, stddev 0.975965, skewness -0.0328166, kurtosis 1.64018 ) 
[1] output of <AffineTransform> ( min -44.7841, max 35.1473, mean -3.53929, stddev 5.1921, skewness 0.0372238, kurtosis 1.47029 ) 
[2] output of <Sigmoid> ( min 3.55226e-20, max 1, mean 0.237389, stddev 0.349886, skewness 1.25979, kurtosis -0.0443227 ) 
[3] output of <AffineTransform> ( min -29.2241, max 23.5366, mean -3.06223, stddev 3.35556, skewness -0.123166, kurtosis 1.73864 ) 
[4] output of <Sigmoid> ( min 2.03291e-13, max 1, mean 0.192847, stddev 0.282391, skewness 1.61225, kurtosis 1.36833 ) 
[5] output of <AffineTransform> ( min -21.2941, max 15.1015, mean -3.77413, stddev 3.04024, skewness 0.265706, kurtosis 1.24534 ) 
[6] output of <Sigmoid> ( min 5.6507e-10, max 1, mean 0.131344, stddev 0.239556, skewness 2.30114, kurtosis 4.38776 ) 
[7] output of <AffineTransform> ( min -23.0264, max 10.9162, mean -4.17326, stddev 2.68221, skewness -0.0327211, kurtosis 1.11054 ) 
[8] output of <Sigmoid> ( min 9.9948e-11, max 0.999982, mean 0.091592, stddev 0.18581, skewness 2.99649, kurtosis 8.98733 ) 
[9] output of <AffineTransform> ( min -14.871, max 22.6849, mean 0.0280048, stddev 4.64768, skewness 0.690835, kurtosis 0.818103 ) 
[10] output of <Softmax> ( min 1.11421e-15, max 0.999647, mean 0.0078125, stddev 0.0708935, skewness 11.352, kurtosis 135.623 ) 
### END FORWARD
LOG (nnet-train-frmshuff[5.4.140~1-1ab3d]:main():nnet-train-frmshuff.cc:387) 
### BACKWARD PROPAGATION BUFFER CONTENT :
[0] diff of <Input>  ( min -2.98935, max 6.6178, mean 0.000795438, stddev 0.0740091, skewness 7.09504, kurtosis 694.679 ) 
[1] diff-output of <AffineTransform> ( min -0.375691, max 0.315696, mean -5.43109e-05, stddev 0.00793545, skewness -2.03256, kurtosis 133.717 ) 
[2] diff-output of <Sigmoid> ( min -1.74089, max 1.51592, mean -0.000312562, stddev 0.0748203, skewness -0.487223, kurtosis 23.3426 ) 
[3] diff-output of <AffineTransform> ( min -0.326939, max 0.207524, mean -6.29371e-05, stddev 0.00866432, skewness -1.07644, kurtosis 84.9044 ) 
[4] diff-output of <Sigmoid> ( min -1.39939, max 1.28167, mean -1.49465e-05, stddev 0.0722374, skewness -0.221523, kurtosis 23.5208 ) 
[5] diff-output of <AffineTransform> ( min -0.334243, max 0.367394, mean -5.21696e-05, stddev 0.00947233, skewness -0.663796, kurtosis 125.699 ) 
[6] diff-output of <Sigmoid> ( min -1.5782, max 1.52741, mean 0.000450374, stddev 0.0864061, skewness -0.2165, kurtosis 21.3537 ) 
[7] diff-output of <AffineTransform> ( min -0.513836, max 0.43152, mean -5.13451e-05, stddev 0.0143608, skewness -0.344944, kurtosis 90.9038 ) 
[8] diff-output of <Sigmoid> ( min -2.47708, max 2.25709, mean -0.00123018, stddev 0.153069, skewness -0.214522, kurtosis 12.8301 ) 
[9] diff-output of <AffineTransform> ( min -0.998494, max 0.96819, mean 2.43023e-11, stddev 0.0501373, skewness -6.648, kurtosis 214.138 ) 
[10] diff-output of <Softmax> ( min -0.998494, max 0.96819, mean 2.43023e-11, stddev 0.0501373, skewness -6.648, kurtosis 214.138 ) 
### END BACKWARD
LOG (nnet-train-frmshuff[5.4.140~1-1ab3d]:main():nnet-train-frmshuff.cc:388) 
### GRADIENT STATS :
Component 1 : <AffineTransform>, 
  linearity_grad ( min -1.34578, max 1.40786, mean 5.07761e-05, stddev 0.117723, skewness 0.0889942, kurtosis 2.94305 ) , lr-coef 1, max-norm 0
  bias_grad ( min -0.911535, max 0.493561, mean -0.0139036, stddev 0.137418, skewness -0.539459, kurtosis 2.83329 ) , lr-coef 1
Component 2 : <Sigmoid>, 
Component 3 : <AffineTransform>, 
  linearity_grad ( min -0.688528, max 0.538232, mean -0.00373444, stddev 0.0623406, skewness -0.462653, kurtosis 4.87831 ) , lr-coef 1, max-norm 0
  bias_grad ( min -0.67787, max 0.523584, mean -0.0161119, stddev 0.154581, skewness -0.456321, kurtosis 1.60044 ) , lr-coef 1
Component 4 : <Sigmoid>, 
Component 5 : <AffineTransform>, 
  linearity_grad ( min -1.06627, max 0.789214, mean -0.00272755, stddev 0.0566241, skewness -0.43169, kurtosis 12.2588 ) , lr-coef 1, max-norm 0
  bias_grad ( min -1.03846, max 0.791275, mean -0.0133554, stddev 0.171396, skewness -0.267263, kurtosis 3.87072 ) , lr-coef 1
Component 6 : <Sigmoid>, 
Component 7 : <AffineTransform>, 
  linearity_grad ( min -1.1489, max 1.0076, mean -0.00184586, stddev 0.0675881, skewness -0.214156, kurtosis 9.90372 ) , lr-coef 1, max-norm 0
  bias_grad ( min -1.20158, max 1.03579, mean -0.0131443, stddev 0.250577, skewness -0.123802, kurtosis 1.43025 ) , lr-coef 1
Component 8 : <Sigmoid>, 
Component 9 : <AffineTransform>, 
  linearity_grad ( min -5.06907, max 2.52373, mean -2.09518e-09, stddev 0.176523, skewness -2.87571, kurtosis 50.7751 ) , lr-coef 1, max-norm 0
  bias_grad ( min -5.9183, max 1.75721, mean -4.01633e-09, stddev 0.909486, skewness -2.35287, kurtosis 12.6818 ) , lr-coef 1
Component 10 : <Softmax>, 
### END GRADIENT
LOG (nnet-train-frmshuff[5.4.140~1-1ab3d]:main():nnet-train-frmshuff.cc:395) Done 3328 files, 0 with no tgt_mats, 0 with other errors. [TRAINING, RANDOMIZED, 0.324041 min, processing 104125 frames per sec; i/o time 13.6972%]
LOG (nnet-train-frmshuff[5.4.140~1-1ab3d]:main():nnet-train-frmshuff.cc:405) PER-CLASS PERFORMANCE:
@@@ Frames per-class: [ 99453 10452 10379 8042 9913 6311 21145 13132 6304 10617 34193 5043 8744 11356 30510 12550 9219 5945 23687 14400 27661 5203 13875 24168 25646 11671 4780 12149 7657 28420 33600 11770 15662 4281 9536 10129 69800 8001 13316 12687 4321 15616 9828 17902 14264 9294 30776 2746 55463 106039 9748 40816 16498 17750 12702 20726 17182 6839 12103 21298 10011 11231 10409 9023 18662 22278 9397 17500 14561 30285 16712 10865 5027 7962 13576 5946 14023 19572 13884 12794 34427 18866 11688 4612 21321 6467 13984 20613 15110 18544 22229 12177 8379 16240 6766 21378 5063 21791 27140 6545 9361 13341 19170 10499 11260 11635 10516 9517 6346 5297 12134 13459 36531 6435 6345 4679 3952 5142 12060 13109 3423 10431 6022 24910 7055 4575 4395 12473 ]
@@@ Loss per-class: [ 0.274954 1.14483 1.07897 1.47475 0.606302 1.49694 1.41419 1.01891 0.637993 0.740976 0.641556 0.968161 1.03124 0.654239 1.01558 0.925726 1.43743 1.66361 0.542018 0.843426 0.324269 0.726358 0.4628 1.13598 1.26555 0.736897 0.732517 0.320184 1.19384 0.424868 0.541339 0.610714 0.821101 0.973413 0.443235 0.651528 0.286788 0.454711 0.491175 1.2769 2.02965 0.730824 0.637318 0.827421 0.465323 0.70733 0.573069 1.53577 0.613956 0.254843 0.830426 0.424162 0.825991 0.818556 0.975176 0.905398 0.687268 1.29689 1.10984 0.849516 1.61131 1.42463 0.699207 1.47121 0.578731 0.614203 0.681536 0.458167 0.955016 0.613255 0.258944 0.637591 0.855443 1.54331 1.3202 1.39409 0.685632 0.553951 0.814319 0.317444 0.513919 1.38056 0.858701 0.649062 0.95242 1.2728 0.700657 0.706074 0.713105 0.751037 0.719078 0.527471 0.671707 0.329257 0.884074 0.738295 1.33265 0.682375 0.572 0.81398 0.834021 1.20478 0.937894 0.567567 0.89828 0.937733 0.796896 0.478956 1.19987 1.01744 0.71949 1.56697 0.905201 0.803556 0.909859 0.734379 1.08358 0.982204 0.878929 1.36223 1.39017 1.01302 1.15012 0.551084 0.791175 0.688257 0.940671 0.903001 ]
@@@ Frame-accuracy per-class: [ 90.9229 60.1005 62.6234 51.9117 81.6059 49.0058 54.7161 64.2604 78.5947 73.9157 79.7228 65.8273 67.9513 81.3191 65.2923 67.6945 50.1979 54.865 82.343 72.1017 90.4542 74.6229 86.714 60.1279 57.3957 74.2064 74.1345 90.2753 56.8985 86.4517 82.2637 80.5233 73.8452 68.9244 86.3419 76.9041 90.7802 86.0964 84.4216 56.3862 36.5382 76.9122 81.3145 73.4143 85.6672 76.2386 76.9256 51.9206 78.4534 92.2647 72.5958 86.2641 74.0249 73.9866 69.38 72.0865 79.2492 61.0717 63.4775 69.5213 46.077 52.0055 76.3341 49.3489 80.1447 80.1356 76.6161 86.5004 63.7297 79.6817 92.3919 79.9227 75.7235 49.2182 55.7286 53.9982 77.3345 81.87 75.343 89.7808 83.3404 51.1966 72.8066 78.3306 59.3204 55.3846 77.7647 77.2261 78.2635 74.8039 75.8946 83.2273 79.8019 89.8187 71.9574 75.9782 55.8309 77.0897 80.9602 72.1564 72.6272 61.155 67.2387 81.3563 69.8548 71.1186 75.6811 84.539 60.5688 64.5021 77.2591 45.975 69.54 74.493 67.6858 75.9697 68.0835 66.3685 71.9124 53.1981 47.9334 62.7906 62.9639 82.134 74.8069 77.762 70.3447 67.6153 ]
LOG (nnet-train-frmshuff[5.4.140~1-1ab3d]:main():nnet-train-frmshuff.cc:406) AvgLoss: 0.727684 (Xent), [AvgXent: 0.727684, AvgTargetEnt: 0]
progress: [0.735487 ]
FRAME_ACCURACY >> 75.8633% <<
