mjrc-server10
nnet-train-frmshuff --cross-validate=false --randomize=true --verbose=0 --minibatch-size=256 --randomizer-size=32768 --randomizer-seed=777 --learn-rate=0.004 --momentum=0 --l1-penalty=0 --l2-penalty=0 --feature-transform=exp_2/dnn4_pretrain-dbn_dnn/final.feature_transform 'ark:copy-feats scp:exp_2/dnn4_pretrain-dbn_dnn/train.scp ark:- |' 'ark:ali-to-pdf exp/tri1_ali/final.mdl "ark:gunzip -c exp/tri1_ali/ali.*.gz |" ark:- | ali-to-post ark:- ark:- |' exp_2/dnn4_pretrain-dbn_dnn/nnet/nnet_dbn_dnn_iter02_learnrate0.008_tr0.9107_cv1.3600 exp_2/dnn4_pretrain-dbn_dnn/nnet/nnet_dbn_dnn_iter04 
WARNING (nnet-train-frmshuff[5.4.140~1-1ab3d]:SelectGpuId():cu-device.cc:196) Not in compute-exclusive mode.  Suggestion: use 'nvidia-smi -c 3' to set compute exclusive mode
LOG (nnet-train-frmshuff[5.4.140~1-1ab3d]:SelectGpuIdAuto():cu-device.cc:315) Selecting from 4 GPUs
LOG (nnet-train-frmshuff[5.4.140~1-1ab3d]:SelectGpuIdAuto():cu-device.cc:330) cudaSetDevice(0): GeForce GTX 1080	free:7998M, used:121M, total:8119M, free/total:0.985098
LOG (nnet-train-frmshuff[5.4.140~1-1ab3d]:SelectGpuIdAuto():cu-device.cc:330) cudaSetDevice(1): GeForce GTX 1080	free:7998M, used:121M, total:8119M, free/total:0.985098
LOG (nnet-train-frmshuff[5.4.140~1-1ab3d]:SelectGpuIdAuto():cu-device.cc:330) cudaSetDevice(2): GeForce GTX 1080	free:7998M, used:121M, total:8119M, free/total:0.985098
LOG (nnet-train-frmshuff[5.4.140~1-1ab3d]:SelectGpuIdAuto():cu-device.cc:330) cudaSetDevice(3): GeForce GTX 1080	free:7998M, used:121M, total:8119M, free/total:0.985098
LOG (nnet-train-frmshuff[5.4.140~1-1ab3d]:SelectGpuIdAuto():cu-device.cc:379) Trying to select device: 0 (automatically), mem_ratio: 0.985098
LOG (nnet-train-frmshuff[5.4.140~1-1ab3d]:SelectGpuIdAuto():cu-device.cc:398) Success selecting device 0 free mem ratio: 0.985098
LOG (nnet-train-frmshuff[5.4.140~1-1ab3d]:FinalizeActiveGpu():cu-device.cc:247) The active GPU is [0]: GeForce GTX 1080	free:7934M, used:185M, total:8119M, free/total:0.977216 version 6.1
copy-feats scp:exp_2/dnn4_pretrain-dbn_dnn/train.scp ark:- 
LOG (nnet-train-frmshuff[5.4.140~1-1ab3d]:Init():nnet-randomizer.cc:32) Seeding by srand with : 777
LOG (nnet-train-frmshuff[5.4.140~1-1ab3d]:main():nnet-train-frmshuff.cc:163) TRAINING STARTED
ali-to-post ark:- ark:- 
ali-to-pdf exp/tri1_ali/final.mdl 'ark:gunzip -c exp/tri1_ali/ali.*.gz |' ark:- 
LOG (nnet-train-frmshuff[5.4.140~1-1ab3d]:main():nnet-train-frmshuff.cc:354) ### After 0 frames,
LOG (nnet-train-frmshuff[5.4.140~1-1ab3d]:main():nnet-train-frmshuff.cc:355) 
### FORWARD PROPAGATION BUFFER CONTENT :
[0] output of <Input>  ( min -6.38268, max 6.24739, mean 0.00257367, stddev 0.992805, skewness -0.0418423, kurtosis 1.41002 ) 
[1] output of <AffineTransform> ( min -39.6529, max 31.8679, mean -3.51113, stddev 5.1705, skewness 0.0783666, kurtosis 1.38743 ) 
[2] output of <Sigmoid> ( min 6.01145e-18, max 1, mean 0.237319, stddev 0.349627, skewness 1.26202, kurtosis -0.0365915 ) 
[3] output of <AffineTransform> ( min -31.3279, max 24.5101, mean -3.29269, stddev 3.41474, skewness -0.0316218, kurtosis 1.8249 ) 
[4] output of <Sigmoid> ( min 2.48014e-14, max 1, mean 0.177447, stddev 0.277399, skewness 1.76267, kurtosis 1.89033 ) 
[5] output of <AffineTransform> ( min -20.9358, max 15.1689, mean -3.7958, stddev 2.94506, skewness 0.355155, kurtosis 1.60574 ) 
[6] output of <Sigmoid> ( min 8.08546e-10, max 1, mean 0.123343, stddev 0.23261, skewness 2.44394, kurtosis 5.13279 ) 
[7] output of <AffineTransform> ( min -22.4839, max 12.6813, mean -4.50423, stddev 2.62763, skewness 0.0889804, kurtosis 1.59722 ) 
[8] output of <Sigmoid> ( min 1.71943e-10, max 0.999997, mean 0.0733812, stddev 0.170007, skewness 3.55056, kurtosis 13.0021 ) 
[9] output of <AffineTransform> ( min -11.464, max 20.5785, mean 0.0179307, stddev 4.14195, skewness 0.816316, kurtosis 1.13516 ) 
[10] output of <Softmax> ( min 2.659e-14, max 0.999093, mean 0.0078125, stddev 0.0680535, skewness 11.2719, kurtosis 135.959 ) 
### END FORWARD
LOG (nnet-train-frmshuff[5.4.140~1-1ab3d]:main():nnet-train-frmshuff.cc:357) 
### BACKWARD PROPAGATION BUFFER CONTENT :
[0] diff of <Input>  ( min -3.52116, max 2.57483, mean 0.00098323, stddev 0.082736, skewness 0.0420882, kurtosis 83.1649 ) 
[1] diff-output of <AffineTransform> ( min -0.282193, max 0.29726, mean 9.22055e-06, stddev 0.00873416, skewness -0.366165, kurtosis 80.2982 ) 
[2] diff-output of <Sigmoid> ( min -1.14885, max 1.24464, mean 9.98474e-05, stddev 0.0822674, skewness 0.0186044, kurtosis 13.2737 ) 
[3] diff-output of <AffineTransform> ( min -0.282724, max 0.233823, mean 6.57244e-05, stddev 0.00943927, skewness 0.274949, kurtosis 70.328 ) 
[4] diff-output of <Sigmoid> ( min -1.27477, max 1.20146, mean 3.04587e-05, stddev 0.0803862, skewness 0.087277, kurtosis 15.5613 ) 
[5] diff-output of <AffineTransform> ( min -0.270206, max 0.265942, mean 9.78171e-05, stddev 0.0101831, skewness 0.295124, kurtosis 77.4266 ) 
[6] diff-output of <Sigmoid> ( min -1.6655, max 1.78024, mean -0.000716891, stddev 0.0937071, skewness -0.192905, kurtosis 17.1693 ) 
[7] diff-output of <AffineTransform> ( min -0.38668, max 0.476118, mean 0.00010989, stddev 0.0153818, skewness 0.871774, kurtosis 79.1336 ) 
[8] diff-output of <Sigmoid> ( min -2.45608, max 2.49513, mean 0.000602022, stddev 0.176024, skewness -0.0909493, kurtosis 8.67903 ) 
[9] diff-output of <AffineTransform> ( min -0.999785, max 0.988645, mean 3.77787e-11, stddev 0.062907, skewness -5.55394, kurtosis 154.577 ) 
[10] diff-output of <Softmax> ( min -0.999785, max 0.988645, mean 3.77787e-11, stddev 0.062907, skewness -5.55394, kurtosis 154.577 ) 
### END BACKWARD
LOG (nnet-train-frmshuff[5.4.140~1-1ab3d]:main():nnet-train-frmshuff.cc:358) 
### GRADIENT STATS :
Component 1 : <AffineTransform>, 
  linearity_grad ( min -1.14317, max 1.33279, mean -0.00116943, stddev 0.132934, skewness -0.0225953, kurtosis 2.28373 ) , lr-coef 1, max-norm 0
  bias_grad ( min -0.711253, max 0.608415, mean 0.00236046, stddev 0.145131, skewness 0.0893872, kurtosis 1.48299 ) , lr-coef 1
Component 2 : <Sigmoid>, 
Component 3 : <AffineTransform>, 
  linearity_grad ( min -0.615392, max 0.735688, mean 0.00464766, stddev 0.0667631, skewness 0.16351, kurtosis 4.64861 ) , lr-coef 1, max-norm 0
  bias_grad ( min -0.661759, max 0.736542, mean 0.0168255, stddev 0.166847, skewness 0.149541, kurtosis 2.20455 ) , lr-coef 1
Component 4 : <Sigmoid>, 
Component 5 : <AffineTransform>, 
  linearity_grad ( min -0.976013, max 0.811561, mean 0.00477784, stddev 0.058004, skewness 0.143141, kurtosis 9.62776 ) , lr-coef 1, max-norm 0
  bias_grad ( min -0.968539, max 1.03321, mean 0.0250412, stddev 0.190112, skewness 0.0520133, kurtosis 3.48813 ) , lr-coef 1
Component 6 : <Sigmoid>, 
Component 7 : <AffineTransform>, 
  linearity_grad ( min -1.10138, max 1.11801, mean 0.00355906, stddev 0.0699403, skewness 0.343535, kurtosis 13.0094 ) , lr-coef 1, max-norm 0
  bias_grad ( min -1.37088, max 1.32841, mean 0.0281317, stddev 0.277075, skewness 0.188518, kurtosis 2.88785 ) , lr-coef 1
Component 8 : <Sigmoid>, 
Component 9 : <AffineTransform>, 
  linearity_grad ( min -4.03771, max 3.00767, mean -2.51763e-09, stddev 0.204594, skewness -1.77987, kurtosis 43.3565 ) , lr-coef 1, max-norm 0
  bias_grad ( min -4.04938, max 3.13869, mean 1.92085e-08, stddev 1.13419, skewness -0.402696, kurtosis 1.90776 ) , lr-coef 1
Component 10 : <Softmax>, 
### END GRADIENT
LOG (ali-to-pdf[5.4.140~1-1ab3d]:main():ali-to-pdf.cc:68) Converted 3696 alignments to pdf sequences.
LOG (ali-to-post[5.4.140~1-1ab3d]:main():ali-to-post.cc:73) Converted 3696 alignments.
LOG (nnet-train-frmshuff[5.4.140~1-1ab3d]:Eval():nnet-loss.cc:148) ProgressLoss[last 5h of 5h]: 0.81458 (Xent), fps=104184, elapsed 0.0048h
LOG (copy-feats[5.4.140~1-1ab3d]:main():copy-feats.cc:143) Copied 3328 feature matrices.
LOG (nnet-train-frmshuff[5.4.140~1-1ab3d]:main():nnet-train-frmshuff.cc:384) ### After 2024448 frames,
LOG (nnet-train-frmshuff[5.4.140~1-1ab3d]:main():nnet-train-frmshuff.cc:385) 
### FORWARD PROPAGATION BUFFER CONTENT :
[0] output of <Input>  ( min -6.80962, max 6.34581, mean 0.00435732, stddev 0.975965, skewness -0.0328166, kurtosis 1.64018 ) 
[1] output of <AffineTransform> ( min -43.2108, max 35.4336, mean -3.52432, stddev 5.17611, skewness 0.0422947, kurtosis 1.53952 ) 
[2] output of <Sigmoid> ( min 1.71317e-19, max 1, mean 0.236455, stddev 0.349047, skewness 1.26735, kurtosis -0.0219479 ) 
[3] output of <AffineTransform> ( min -30.1918, max 23.4471, mean -3.23297, stddev 3.44128, skewness -0.0908283, kurtosis 1.81735 ) 
[4] output of <Sigmoid> ( min 7.72479e-14, max 1, mean 0.183636, stddev 0.280344, skewness 1.69795, kurtosis 1.65267 ) 
[5] output of <AffineTransform> ( min -21.8552, max 15.4773, mean -3.80082, stddev 3.00239, skewness 0.309159, kurtosis 1.40152 ) 
[6] output of <Sigmoid> ( min 3.22395e-10, max 1, mean 0.127147, stddev 0.236803, skewness 2.3733, kurtosis 4.74114 ) 
[7] output of <AffineTransform> ( min -23.252, max 11.4675, mean -4.3556, stddev 2.67087, skewness 0.0273741, kurtosis 1.33432 ) 
[8] output of <Sigmoid> ( min 7.97615e-11, max 0.99999, mean 0.0822254, stddev 0.178872, skewness 3.25988, kurtosis 10.775 ) 
[9] output of <AffineTransform> ( min -14.0363, max 24.4773, mean 0.0235405, stddev 4.47749, skewness 0.76323, kurtosis 0.983961 ) 
[10] output of <Softmax> ( min 3.88136e-16, max 0.999564, mean 0.0078125, stddev 0.070704, skewness 11.34, kurtosis 135.965 ) 
### END FORWARD
LOG (nnet-train-frmshuff[5.4.140~1-1ab3d]:main():nnet-train-frmshuff.cc:387) 
### BACKWARD PROPAGATION BUFFER CONTENT :
[0] diff of <Input>  ( min -1.45315, max 1.48971, mean 0.000450162, stddev 0.0520986, skewness 0.250058, kurtosis 59.814 ) 
[1] diff-output of <AffineTransform> ( min -0.157768, max 0.186085, mean -2.54467e-05, stddev 0.00593258, skewness -0.514254, kurtosis 64.7276 ) 
[2] diff-output of <Sigmoid> ( min -1.2068, max 0.839896, mean -0.000154853, stddev 0.0573614, skewness -0.240646, kurtosis 14.5412 ) 
[3] diff-output of <AffineTransform> ( min -0.235101, max 0.238949, mean -5.99387e-05, stddev 0.00668659, skewness -0.442969, kurtosis 74.0008 ) 
[4] diff-output of <Sigmoid> ( min -1.2698, max 1.00488, mean -6.07087e-05, stddev 0.0572646, skewness -0.179285, kurtosis 20.0974 ) 
[5] diff-output of <AffineTransform> ( min -0.264777, max 0.199205, mean -4.63838e-05, stddev 0.00736312, skewness -0.536676, kurtosis 99.7085 ) 
[6] diff-output of <Sigmoid> ( min -1.2359, max 1.1832, mean 0.000260361, stddev 0.0684327, skewness -0.206833, kurtosis 18.0903 ) 
[7] diff-output of <AffineTransform> ( min -0.368758, max 0.377179, mean -6.36417e-05, stddev 0.0115634, skewness 0.301049, kurtosis 89.4904 ) 
[8] diff-output of <Sigmoid> ( min -2.06378, max 2.265, mean -0.00108529, stddev 0.133851, skewness -0.164385, kurtosis 12.8462 ) 
[9] diff-output of <AffineTransform> ( min -0.99882, max 0.921976, mean 2.88783e-11, stddev 0.0470567, skewness -7.0593, kurtosis 224.858 ) 
[10] diff-output of <Softmax> ( min -0.99882, max 0.921976, mean 2.88783e-11, stddev 0.0470567, skewness -7.0593, kurtosis 224.858 ) 
### END BACKWARD
LOG (nnet-train-frmshuff[5.4.140~1-1ab3d]:main():nnet-train-frmshuff.cc:388) 
### GRADIENT STATS :
Component 1 : <AffineTransform>, 
  linearity_grad ( min -0.759331, max 0.976193, mean -6.87038e-06, stddev 0.0899428, skewness -0.0151193, kurtosis 1.40655 ) , lr-coef 1, max-norm 0
  bias_grad ( min -0.292764, max 0.333232, mean -0.00651435, stddev 0.0908305, skewness 0.0603603, kurtosis 0.371927 ) , lr-coef 1
Component 2 : <Sigmoid>, 
Component 3 : <AffineTransform>, 
  linearity_grad ( min -0.477564, max 0.434083, mean -0.00379093, stddev 0.0447833, skewness -0.32244, kurtosis 3.52176 ) , lr-coef 1, max-norm 0
  bias_grad ( min -0.509497, max 0.34588, mean -0.0153443, stddev 0.104266, skewness -0.297025, kurtosis 1.27968 ) , lr-coef 1
Component 4 : <Sigmoid>, 
Component 5 : <AffineTransform>, 
  linearity_grad ( min -0.546785, max 0.54823, mean -0.00249558, stddev 0.0394857, skewness -0.194792, kurtosis 7.55999 ) , lr-coef 1, max-norm 0
  bias_grad ( min -0.506162, max 0.58195, mean -0.0118743, stddev 0.113921, skewness 0.132692, kurtosis 2.926 ) , lr-coef 1
Component 6 : <Sigmoid>, 
Component 7 : <AffineTransform>, 
  linearity_grad ( min -0.704243, max 0.672932, mean -0.00223963, stddev 0.0506196, skewness -0.238309, kurtosis 9.23037 ) , lr-coef 1, max-norm 0
  bias_grad ( min -0.694708, max 0.72454, mean -0.0162923, stddev 0.184181, skewness -0.252502, kurtosis 1.06771 ) , lr-coef 1
Component 8 : <Sigmoid>, 
Component 9 : <AffineTransform>, 
  linearity_grad ( min -3.95721, max 1.82009, mean -1.87711e-09, stddev 0.148944, skewness -2.65912, kurtosis 42.0631 ) , lr-coef 1, max-norm 0
  bias_grad ( min -4.74421, max 2.30713, mean -9.24047e-09, stddev 0.787405, skewness -1.68627, kurtosis 9.48478 ) , lr-coef 1
Component 10 : <Softmax>, 
### END GRADIENT
LOG (nnet-train-frmshuff[5.4.140~1-1ab3d]:main():nnet-train-frmshuff.cc:395) Done 3328 files, 0 with no tgt_mats, 0 with other errors. [TRAINING, RANDOMIZED, 0.321375 min, processing 104989 frames per sec; i/o time 13.7172%]
LOG (nnet-train-frmshuff[5.4.140~1-1ab3d]:main():nnet-train-frmshuff.cc:405) PER-CLASS PERFORMANCE:
@@@ Frames per-class: [ 99453 10452 10379 8042 9913 6311 21145 13132 6304 10617 34193 5043 8744 11356 30510 12550 9219 5945 23687 14400 27661 5203 13875 24168 25646 11671 4780 12149 7657 28420 33600 11770 15662 4281 9536 10129 69800 8001 13316 12687 4321 15616 9828 17902 14264 9294 30776 2746 55463 106039 9748 40816 16498 17750 12702 20726 17182 6839 12103 21298 10011 11231 10409 9023 18662 22278 9397 17500 14561 30285 16712 10865 5027 7962 13576 5946 14023 19572 13884 12794 34427 18866 11688 4612 21321 6467 13984 20613 15110 18544 22229 12177 8379 16240 6766 21378 5063 21791 27140 6545 9361 13341 19170 10499 11260 11635 10516 9517 6346 5297 12134 13459 36531 6435 6345 4679 3952 5142 12060 13109 3423 10431 6022 24910 7055 4575 4395 12473 ]
@@@ Loss per-class: [ 0.318237 1.22884 1.1971 1.6377 0.640283 1.53325 1.54519 1.08085 0.740765 0.781369 0.749077 1.12912 1.23887 0.76956 1.04921 0.934126 1.58097 1.80536 0.59457 0.920082 0.371991 0.885197 0.559426 1.18741 1.36224 0.759942 0.8459 0.390564 1.30025 0.5046 0.623353 0.70644 0.868598 1.03062 0.534197 0.728901 0.318775 0.51884 0.579484 1.46048 2.16964 0.797032 0.773989 0.953712 0.546422 0.738682 0.639421 1.61106 0.697586 0.292397 0.964732 0.476558 0.939019 0.923308 1.07034 1.05613 0.756281 1.44606 1.17788 0.813026 1.78381 1.55129 0.837015 1.57454 0.571579 0.701578 0.773729 0.53718 1.0785 0.678509 0.333865 0.730759 1.0389 1.70717 1.46439 1.54296 0.767157 0.557867 0.91117 0.406783 0.602075 1.53188 1.01839 0.774046 1.04019 1.39504 0.763493 0.737453 0.790757 0.815281 0.722398 0.674573 0.755194 0.345607 1.06009 0.868038 1.46037 0.751043 0.624149 1.02258 0.828309 1.23299 0.896521 0.676536 0.964038 1.10812 0.948104 0.552778 1.42079 1.18141 0.82556 1.74563 1.01867 0.950297 1.0052 0.88921 1.20026 1.06976 0.909561 1.4699 1.5479 1.01465 1.32551 0.578999 0.955787 0.824559 1.07317 0.938219 ]
@@@ Frame-accuracy per-class: [ 89.3563 59.0863 60.5135 46.7516 81.1822 50.511 52.2617 63.3847 75.3747 73.2847 76.1987 61.4653 62.6908 78.2371 65.5283 69.4713 47.7249 52.2244 81.5325 70.4489 89.1528 69.8953 84.1267 60.3844 55.7035 75.3631 70.411 87.7402 55.018 84.0731 79.8827 77.8557 73.7366 68.504 83.4059 74.8606 89.6698 84.0717 81.568 51.7833 34.9184 75.9261 78.2724 69.5657 83.6973 76.3139 74.8233 50.3914 75.4082 91.2632 68.2156 84.0322 70.5519 71.0459 66.9238 67.5078 78.062 56.5538 62.4447 73.1648 41.772 49.0228 71.6557 48.4845 81.7575 77.7656 73.7111 84.1633 60.1106 78.5524 89.7173 77.3917 70.4724 45.7268 51.9869 52.3501 74.3466 82.5904 73.0095 87.3422 80.4212 46.7654 68.1182 73.7344 57.163 52.6015 75.9984 76.872 76.1921 73.4342 76.6864 78.0866 76.2695 89.3507 66.2972 71.31 51.6244 75.2908 79.678 65.3273 74.048 62.4967 71.4014 78.0228 68.9934 66.3401 71.5352 81.6916 53.8722 59.764 74.0204 41.3686 65.4996 69.9091 64.6758 71.5247 65.3004 64.4045 71.8793 50.6655 44.1653 65.9061 57.7833 81.5038 69.8746 74.0684 67.0686 68.6335 ]
LOG (nnet-train-frmshuff[5.4.140~1-1ab3d]:main():nnet-train-frmshuff.cc:406) AvgLoss: 0.806289 (Xent), [AvgXent: 0.806289, AvgTargetEnt: 0]
progress: [0.81458 ]
FRAME_ACCURACY >> 73.894% <<
