mjrc-server10
nnet-train-frmshuff --cross-validate=true --randomize=false --verbose=0 --minibatch-size=256 --randomizer-size=32768 --randomizer-seed=777 --feature-transform=exp_2/dnn4_pretrain-dbn_dnn/final.feature_transform 'ark:copy-feats scp:exp_2/dnn4_pretrain-dbn_dnn/cv.scp ark:- |' 'ark:ali-to-pdf exp/tri1_ali/final.mdl "ark:gunzip -c exp/tri1_ali/ali.*.gz |" ark:- | ali-to-post ark:- ark:- |' exp_2/dnn4_pretrain-dbn_dnn/nnet/nnet_dbn_dnn_iter02 
WARNING (nnet-train-frmshuff[5.4.140~1-1ab3d]:SelectGpuId():cu-device.cc:196) Not in compute-exclusive mode.  Suggestion: use 'nvidia-smi -c 3' to set compute exclusive mode
LOG (nnet-train-frmshuff[5.4.140~1-1ab3d]:SelectGpuIdAuto():cu-device.cc:315) Selecting from 4 GPUs
LOG (nnet-train-frmshuff[5.4.140~1-1ab3d]:SelectGpuIdAuto():cu-device.cc:330) cudaSetDevice(0): GeForce GTX 1080	free:7998M, used:121M, total:8119M, free/total:0.985098
LOG (nnet-train-frmshuff[5.4.140~1-1ab3d]:SelectGpuIdAuto():cu-device.cc:330) cudaSetDevice(1): GeForce GTX 1080	free:7998M, used:121M, total:8119M, free/total:0.985098
LOG (nnet-train-frmshuff[5.4.140~1-1ab3d]:SelectGpuIdAuto():cu-device.cc:330) cudaSetDevice(2): GeForce GTX 1080	free:7998M, used:121M, total:8119M, free/total:0.985098
LOG (nnet-train-frmshuff[5.4.140~1-1ab3d]:SelectGpuIdAuto():cu-device.cc:330) cudaSetDevice(3): GeForce GTX 1080	free:7998M, used:121M, total:8119M, free/total:0.985098
LOG (nnet-train-frmshuff[5.4.140~1-1ab3d]:SelectGpuIdAuto():cu-device.cc:379) Trying to select device: 0 (automatically), mem_ratio: 0.985098
LOG (nnet-train-frmshuff[5.4.140~1-1ab3d]:SelectGpuIdAuto():cu-device.cc:398) Success selecting device 0 free mem ratio: 0.985098
LOG (nnet-train-frmshuff[5.4.140~1-1ab3d]:FinalizeActiveGpu():cu-device.cc:247) The active GPU is [0]: GeForce GTX 1080	free:7934M, used:185M, total:8119M, free/total:0.977216 version 6.1
copy-feats scp:exp_2/dnn4_pretrain-dbn_dnn/cv.scp ark:- 
LOG (nnet-train-frmshuff[5.4.140~1-1ab3d]:Init():nnet-randomizer.cc:32) Seeding by srand with : 777
LOG (nnet-train-frmshuff[5.4.140~1-1ab3d]:main():nnet-train-frmshuff.cc:163) CROSS-VALIDATION STARTED
ali-to-post ark:- ark:- 
ali-to-pdf exp/tri1_ali/final.mdl 'ark:gunzip -c exp/tri1_ali/ali.*.gz |' ark:- 
LOG (nnet-train-frmshuff[5.4.140~1-1ab3d]:main():nnet-train-frmshuff.cc:354) ### After 0 frames,
LOG (nnet-train-frmshuff[5.4.140~1-1ab3d]:main():nnet-train-frmshuff.cc:355) 
### FORWARD PROPAGATION BUFFER CONTENT :
[0] output of <Input>  ( min -6.85147, max 5.68925, mean 0.0224977, stddev 1.01266, skewness -0.00604617, kurtosis 2.13783 ) 
[1] output of <AffineTransform> ( min -53.9215, max 41.5739, mean -3.51338, stddev 5.23687, skewness 0.0523838, kurtosis 1.55306 ) 
[2] output of <Sigmoid> ( min 3.82098e-24, max 1, mean 0.239765, stddev 0.351657, skewness 1.245, kurtosis -0.086417 ) 
[3] output of <AffineTransform> ( min -28.6851, max 22.4781, mean -3.25022, stddev 3.47081, skewness -0.0304479, kurtosis 2.05912 ) 
[4] output of <Sigmoid> ( min 3.48498e-13, max 1, mean 0.182101, stddev 0.281664, skewness 1.71954, kurtosis 1.7081 ) 
[5] output of <AffineTransform> ( min -18.6236, max 15.395, mean -3.81605, stddev 3.0026, skewness 0.346809, kurtosis 1.47044 ) 
[6] output of <Sigmoid> ( min 8.16316e-09, max 1, mean 0.126058, stddev 0.235802, skewness 2.38667, kurtosis 4.81712 ) 
[7] output of <AffineTransform> ( min -21.379, max 12.5785, mean -4.471, stddev 2.6691, skewness 0.0580258, kurtosis 1.6676 ) 
[8] output of <Sigmoid> ( min 5.1906e-10, max 0.999997, mean 0.0764479, stddev 0.173473, skewness 3.44214, kurtosis 12.1503 ) 
[9] output of <AffineTransform> ( min -11.7889, max 19.7636, mean 0.0312688, stddev 4.17527, skewness 0.745853, kurtosis 0.750657 ) 
[10] output of <Softmax> ( min 3.9806e-14, max 0.995835, mean 0.0078125, stddev 0.0649024, skewness 11.158, kurtosis 135.207 ) 
### END FORWARD
LOG (ali-to-pdf[5.4.140~1-1ab3d]:main():ali-to-pdf.cc:68) Converted 3696 alignments to pdf sequences.
LOG (copy-feats[5.4.140~1-1ab3d]:main():copy-feats.cc:143) Copied 368 feature matrices.
LOG (nnet-train-frmshuff[5.4.140~1-1ab3d]:main():nnet-train-frmshuff.cc:384) ### After 223232 frames,
LOG (nnet-train-frmshuff[5.4.140~1-1ab3d]:main():nnet-train-frmshuff.cc:385) 
### FORWARD PROPAGATION BUFFER CONTENT :
[0] output of <Input>  ( min -6.06411, max 5.88238, mean 0.00257535, stddev 1.02826, skewness 0.062347, kurtosis 2.08171 ) 
[1] output of <AffineTransform> ( min -42.2306, max 43.6038, mean -3.43199, stddev 5.40647, skewness 0.0516379, kurtosis 1.85859 ) 
[2] output of <Sigmoid> ( min 4.56528e-19, max 1, mean 0.249906, stddev 0.358107, skewness 1.17829, kurtosis -0.266108 ) 
[3] output of <AffineTransform> ( min -29.5088, max 27.4413, mean -3.2761, stddev 3.56421, skewness -0.0560901, kurtosis 2.19831 ) 
[4] output of <Sigmoid> ( min 1.5293e-13, max 1, mean 0.184924, stddev 0.284871, skewness 1.68829, kurtosis 1.58412 ) 
[5] output of <AffineTransform> ( min -20.1755, max 15.8606, mean -3.77942, stddev 3.05205, skewness 0.350609, kurtosis 1.45066 ) 
[6] output of <Sigmoid> ( min 1.72933e-09, max 1, mean 0.1303, stddev 0.241993, skewness 2.3321, kurtosis 4.48354 ) 
[7] output of <AffineTransform> ( min -22.848, max 12.5017, mean -4.57434, stddev 2.74835, skewness 0.0502587, kurtosis 1.56245 ) 
[8] output of <Sigmoid> ( min 1.19459e-10, max 0.999996, mean 0.076067, stddev 0.175496, skewness 3.43454, kurtosis 12.0059 ) 
[9] output of <AffineTransform> ( min -12.5527, max 17.9834, mean 0.0127651, stddev 4.21598, skewness 0.718118, kurtosis 0.724457 ) 
[10] output of <Softmax> ( min 1.12361e-13, max 0.999153, mean 0.0078125, stddev 0.0663508, skewness 11.3224, kurtosis 139.436 ) 
### END FORWARD
LOG (nnet-train-frmshuff[5.4.140~1-1ab3d]:main():nnet-train-frmshuff.cc:395) Done 368 files, 0 with no tgt_mats, 0 with other errors. [CROSS-VALIDATION, NOT-RANDOMIZED, 0.0461558 min, processing 80608.1 frames per sec; i/o time 64.8013%]
LOG (nnet-train-frmshuff[5.4.140~1-1ab3d]:main():nnet-train-frmshuff.cc:405) PER-CLASS PERFORMANCE:
@@@ Frames per-class: [ 9266 1146 959 940 1321 473 2332 1912 607 1363 4199 530 942 1180 2827 1449 1141 584 2649 1641 3120 602 1573 2390 2760 1255 466 1519 854 3345 3635 1133 1933 496 1131 1192 7902 820 1440 1280 381 1686 1110 1964 1734 933 3114 281 4989 11618 1241 4737 1945 1911 1278 2184 2172 844 1242 2404 1040 1177 1269 1008 2428 2352 1044 1869 1577 3680 2127 1288 553 931 1553 409 1744 2334 1195 1633 3968 2032 1226 587 2426 637 1788 2222 1774 2110 2346 1554 851 1611 744 2296 555 2705 3123 828 695 1724 2161 1143 1315 1405 1204 1045 656 582 1264 1503 4086 674 630 474 445 503 1359 1475 440 1312 647 2771 843 542 434 1231 ]
@@@ Loss per-class: [ 0.640849 2.78922 1.8204 2.40405 1.63792 2.70952 2.38007 1.99162 1.06093 1.25987 1.17308 1.82613 2.38943 0.973506 1.79221 1.86664 2.72032 2.12587 0.855177 1.94868 0.765671 1.52649 1.44889 1.53383 2.51639 1.85328 0.589023 0.554028 2.37744 0.612772 1.16023 2.63921 1.71233 1.50837 0.899767 1.09289 1.01602 0.838645 0.800945 3.23851 2.80741 1.62238 1.35074 1.57784 0.88107 2.0743 0.568237 3.22665 1.12749 0.456684 2.04697 1.02122 1.22004 1.25283 2.15258 1.42455 1.55147 2.1831 2.11002 2.35338 2.05847 1.75584 1.16024 2.08671 1.12189 0.8183 1.27676 1.05447 1.29392 1.37854 0.722499 1.17593 1.044 2.47319 1.92216 2.35613 0.834075 1.11071 2.05124 1.29847 0.884193 1.78924 1.5706 1.16188 1.37383 1.88347 1.11621 1.74368 1.30429 1.56488 1.36927 0.790184 0.989014 0.418004 1.36785 1.27374 2.21494 1.0652 1.02839 2.35161 1.45601 2.81283 2.2185 0.833132 1.80829 2.05089 1.42591 0.547937 3.86737 1.962 1.96543 1.99069 0.877806 1.34467 1.41431 1.43978 2.54183 2.46014 1.77993 1.86477 2.12366 1.84168 1.92819 0.945571 1.5215 0.770026 1.59764 1.79356 ]
@@@ Frame-accuracy per-class: [ 78.7892 20.0611 45.3361 34.0245 55.9213 34.8469 38.1565 43.1373 65.679 55.0788 61.3406 45.6173 34.4828 74.7988 40.6012 53.1218 23.3903 52.8657 74.014 47.3348 78.9297 49.1286 64.7601 53.5871 28.5456 48.4269 78.2422 83.5801 27.0334 81.0342 62.5223 32.3776 53.5816 52.1652 73.2656 65.2411 64.7517 71.7855 75.7376 18.7427 25.6881 57.5749 65.0158 52.1761 73.5082 40.3856 78.7927 8.52575 61.0682 85.6049 33.4273 62.7546 62.092 61.4177 37.7004 55.848 56.847 40.6157 36.1368 29.3616 43.4407 42.293 64.4348 36.6882 66.5431 74.6015 57.1565 71.4095 57.8764 57.2205 78.5429 60.3803 71.1834 26.9458 38.4937 42.4908 69.1889 69.5652 51.6939 62.9324 73.3779 43.9852 54.2193 62.1277 49.9897 43.6078 65.4179 52.4184 62.5528 58.7065 58.257 75.1367 64.4745 87.4341 58.6971 57.8707 39.784 62.9089 68.0006 29.2094 56.9375 29.2259 35.5309 76.9567 42.0372 48.0256 58.5305 83.1181 8.68241 42.5751 36.6153 36.5148 72.3357 59.0067 52.1808 52.8978 32.7722 35.7498 51.7102 42.9685 33.3712 41.0667 44.3243 71.4054 57.1429 77.788 52.7043 40.7633 ]
LOG (nnet-train-frmshuff[5.4.140~1-1ab3d]:main():nnet-train-frmshuff.cc:406) AvgLoss: 1.35999 (Xent), [AvgXent: 1.35999, AvgTargetEnt: 0]
progress: []
FRAME_ACCURACY >> 59.2572% <<
WARNING (nnet-train-frmshuff[5.4.140~1-1ab3d]:Close():kaldi-io.cc:515) Pipe ali-to-pdf exp/tri1_ali/final.mdl "ark:gunzip -c exp/tri1_ali/ali.*.gz |" ark:- | ali-to-post ark:- ark:- | had nonzero return status 36096
