mjrc-server10
nnet-train-frmshuff --cross-validate=false --randomize=true --verbose=0 --minibatch-size=256 --randomizer-size=32768 --randomizer-seed=777 --learn-rate=0.008 --momentum=0 --l1-penalty=0 --l2-penalty=0 --feature-transform=exp_2/dnn4_pretrain-dbn_dnn/final.feature_transform 'ark:copy-feats scp:exp_2/dnn4_pretrain-dbn_dnn/train.scp ark:- |' 'ark:ali-to-pdf exp/tri1_ali/final.mdl "ark:gunzip -c exp/tri1_ali/ali.*.gz |" ark:- | ali-to-post ark:- ark:- |' exp_2/dnn4_pretrain-dbn_dnn/nnet/nnet_dbn_dnn_iter01_learnrate0.008_tr1.1543_cv1.3811 exp_2/dnn4_pretrain-dbn_dnn/nnet/nnet_dbn_dnn_iter02 
WARNING (nnet-train-frmshuff[5.4.140~1-1ab3d]:SelectGpuId():cu-device.cc:196) Not in compute-exclusive mode.  Suggestion: use 'nvidia-smi -c 3' to set compute exclusive mode
LOG (nnet-train-frmshuff[5.4.140~1-1ab3d]:SelectGpuIdAuto():cu-device.cc:315) Selecting from 4 GPUs
LOG (nnet-train-frmshuff[5.4.140~1-1ab3d]:SelectGpuIdAuto():cu-device.cc:330) cudaSetDevice(0): GeForce GTX 1080	free:7998M, used:121M, total:8119M, free/total:0.985098
LOG (nnet-train-frmshuff[5.4.140~1-1ab3d]:SelectGpuIdAuto():cu-device.cc:330) cudaSetDevice(1): GeForce GTX 1080	free:7998M, used:121M, total:8119M, free/total:0.985098
LOG (nnet-train-frmshuff[5.4.140~1-1ab3d]:SelectGpuIdAuto():cu-device.cc:330) cudaSetDevice(2): GeForce GTX 1080	free:7998M, used:121M, total:8119M, free/total:0.985098
LOG (nnet-train-frmshuff[5.4.140~1-1ab3d]:SelectGpuIdAuto():cu-device.cc:330) cudaSetDevice(3): GeForce GTX 1080	free:7998M, used:121M, total:8119M, free/total:0.985098
LOG (nnet-train-frmshuff[5.4.140~1-1ab3d]:SelectGpuIdAuto():cu-device.cc:379) Trying to select device: 0 (automatically), mem_ratio: 0.985098
LOG (nnet-train-frmshuff[5.4.140~1-1ab3d]:SelectGpuIdAuto():cu-device.cc:398) Success selecting device 0 free mem ratio: 0.985098
LOG (nnet-train-frmshuff[5.4.140~1-1ab3d]:FinalizeActiveGpu():cu-device.cc:247) The active GPU is [0]: GeForce GTX 1080	free:7934M, used:185M, total:8119M, free/total:0.977216 version 6.1
copy-feats scp:exp_2/dnn4_pretrain-dbn_dnn/train.scp ark:- 
LOG (nnet-train-frmshuff[5.4.140~1-1ab3d]:Init():nnet-randomizer.cc:32) Seeding by srand with : 777
LOG (nnet-train-frmshuff[5.4.140~1-1ab3d]:main():nnet-train-frmshuff.cc:163) TRAINING STARTED
ali-to-pdf exp/tri1_ali/final.mdl 'ark:gunzip -c exp/tri1_ali/ali.*.gz |' ark:- 
ali-to-post ark:- ark:- 
LOG (nnet-train-frmshuff[5.4.140~1-1ab3d]:main():nnet-train-frmshuff.cc:354) ### After 0 frames,
LOG (nnet-train-frmshuff[5.4.140~1-1ab3d]:main():nnet-train-frmshuff.cc:355) 
### FORWARD PROPAGATION BUFFER CONTENT :
[0] output of <Input>  ( min -6.38268, max 6.24739, mean 0.00257367, stddev 0.992805, skewness -0.0418423, kurtosis 1.41002 ) 
[1] output of <AffineTransform> ( min -35.2501, max 27.666, mean -3.40476, stddev 4.47403, skewness 0.100538, kurtosis 1.53419 ) 
[2] output of <Sigmoid> ( min 4.91013e-16, max 1, mean 0.215915, stddev 0.326924, skewness 1.42353, kurtosis 0.49613 ) 
[3] output of <AffineTransform> ( min -28.065, max 21.2885, mean -2.97939, stddev 2.92133, skewness 0.0330439, kurtosis 2.02283 ) 
[4] output of <Sigmoid> ( min 6.47947e-13, max 1, mean 0.174421, stddev 0.262656, skewness 1.81605, kurtosis 2.21974 ) 
[5] output of <AffineTransform> ( min -18.1844, max 13.0526, mean -3.50374, stddev 2.66955, skewness 0.452706, kurtosis 1.82195 ) 
[6] output of <Sigmoid> ( min 1.2665e-08, max 0.999998, mean 0.125653, stddev 0.228364, skewness 2.44869, kurtosis 5.23042 ) 
[7] output of <AffineTransform> ( min -20.7497, max 13.5199, mean -4.22825, stddev 2.47233, skewness 0.0978463, kurtosis 1.96097 ) 
[8] output of <Sigmoid> ( min 9.73873e-10, max 0.999999, mean 0.0767455, stddev 0.170086, skewness 3.50977, kurtosis 12.7451 ) 
[9] output of <AffineTransform> ( min -10.0091, max 18.8111, mean 0.0193552, stddev 3.80365, skewness 0.811455, kurtosis 1.09557 ) 
[10] output of <Softmax> ( min 8.12914e-13, max 0.997577, mean 0.0078125, stddev 0.0654907, skewness 11.247, kurtosis 137.143 ) 
### END FORWARD
LOG (nnet-train-frmshuff[5.4.140~1-1ab3d]:main():nnet-train-frmshuff.cc:357) 
### BACKWARD PROPAGATION BUFFER CONTENT :
[0] diff of <Input>  ( min -1.5738, max 1.27184, mean 0.000667346, stddev 0.0677298, skewness 0.382662, kurtosis 33.3651 ) 
[1] diff-output of <AffineTransform> ( min -0.296287, max 0.268887, mean -2.01368e-05, stddev 0.00838915, skewness 0.171571, kurtosis 76.446 ) 
[2] diff-output of <Sigmoid> ( min -1.5462, max 1.6972, mean -0.000308079, stddev 0.0765728, skewness 0.067137, kurtosis 17.7995 ) 
[3] diff-output of <AffineTransform> ( min -0.27861, max 0.274314, mean 6.24566e-05, stddev 0.00886934, skewness 0.457185, kurtosis 72.6288 ) 
[4] diff-output of <Sigmoid> ( min -1.88135, max 1.44889, mean -5.84022e-06, stddev 0.07156, skewness -0.0169448, kurtosis 19.4781 ) 
[5] diff-output of <AffineTransform> ( min -0.320473, max 0.295268, mean 8.21672e-05, stddev 0.00909683, skewness 0.71427, kurtosis 86.3347 ) 
[6] diff-output of <Sigmoid> ( min -1.44803, max 1.50235, mean -0.000817601, stddev 0.0793947, skewness -0.181868, kurtosis 18.1084 ) 
[7] diff-output of <AffineTransform> ( min -0.387463, max 0.489607, mean 0.000106412, stddev 0.0138766, skewness 0.854772, kurtosis 74.4882 ) 
[8] diff-output of <Sigmoid> ( min -2.10505, max 2.15482, mean 0.00069549, stddev 0.156678, skewness -0.0969369, kurtosis 7.4043 ) 
[9] diff-output of <AffineTransform> ( min -0.999941, max 0.972721, mean -2.12499e-11, stddev 0.0652927, skewness -5.68432, kurtosis 143.494 ) 
[10] diff-output of <Softmax> ( min -0.999941, max 0.972721, mean -2.12499e-11, stddev 0.0652927, skewness -5.68432, kurtosis 143.494 ) 
### END BACKWARD
LOG (nnet-train-frmshuff[5.4.140~1-1ab3d]:main():nnet-train-frmshuff.cc:358) 
### GRADIENT STATS :
Component 1 : <AffineTransform>, 
  linearity_grad ( min -1.28496, max 1.50467, mean -0.000394971, stddev 0.130304, skewness 0.0119619, kurtosis 3.07718 ) , lr-coef 1, max-norm 0
  bias_grad ( min -0.631404, max 0.708977, mean -0.00515503, stddev 0.141406, skewness 0.340487, kurtosis 2.3976 ) , lr-coef 1
Component 2 : <Sigmoid>, 
Component 3 : <AffineTransform>, 
  linearity_grad ( min -0.580268, max 0.651797, mean 0.0040986, stddev 0.0587906, skewness 0.30723, kurtosis 6.49613 ) , lr-coef 1, max-norm 0
  bias_grad ( min -0.654394, max 0.844449, mean 0.0159889, stddev 0.154361, skewness 0.167502, kurtosis 3.40606 ) , lr-coef 1
Component 4 : <Sigmoid>, 
Component 5 : <AffineTransform>, 
  linearity_grad ( min -1.03363, max 0.778356, mean 0.00420203, stddev 0.0507024, skewness 0.49858, kurtosis 14.1292 ) , lr-coef 1, max-norm 0
  bias_grad ( min -0.935084, max 1.20622, mean 0.0210348, stddev 0.17024, skewness 0.45593, kurtosis 5.69827 ) , lr-coef 1
Component 6 : <Sigmoid>, 
Component 7 : <AffineTransform>, 
  linearity_grad ( min -1.05332, max 1.08257, mean 0.003549, stddev 0.0631787, skewness 0.431422, kurtosis 12.1796 ) , lr-coef 1, max-norm 0
  bias_grad ( min -0.900243, max 1.10865, mean 0.0272415, stddev 0.250656, skewness 0.319521, kurtosis 2.21128 ) , lr-coef 1
Component 8 : <Sigmoid>, 
Component 9 : <AffineTransform>, 
  linearity_grad ( min -4.08748, max 4.10313, mean -4.01021e-09, stddev 0.217184, skewness -1.11011, kurtosis 48.181 ) , lr-coef 1, max-norm 0
  bias_grad ( min -4.12495, max 4.16353, mean -1.32131e-08, stddev 1.20808, skewness -0.265366, kurtosis 2.39565 ) , lr-coef 1
Component 10 : <Softmax>, 
### END GRADIENT
LOG (ali-to-pdf[5.4.140~1-1ab3d]:main():ali-to-pdf.cc:68) Converted 3696 alignments to pdf sequences.
LOG (ali-to-post[5.4.140~1-1ab3d]:main():ali-to-post.cc:73) Converted 3696 alignments.
LOG (nnet-train-frmshuff[5.4.140~1-1ab3d]:Eval():nnet-loss.cc:148) ProgressLoss[last 5h of 5h]: 0.917009 (Xent), fps=104132, elapsed 0.0048h
LOG (copy-feats[5.4.140~1-1ab3d]:main():copy-feats.cc:143) Copied 3328 feature matrices.
LOG (nnet-train-frmshuff[5.4.140~1-1ab3d]:main():nnet-train-frmshuff.cc:384) ### After 2024448 frames,
LOG (nnet-train-frmshuff[5.4.140~1-1ab3d]:main():nnet-train-frmshuff.cc:385) 
### FORWARD PROPAGATION BUFFER CONTENT :
[0] output of <Input>  ( min -6.80962, max 6.34581, mean 0.00435732, stddev 0.975965, skewness -0.0328166, kurtosis 1.64018 ) 
[1] output of <AffineTransform> ( min -41.8196, max 34.9462, mean -3.49712, stddev 5.09766, skewness 0.0495159, kurtosis 1.60168 ) 
[2] output of <Sigmoid> ( min 6.88629e-19, max 1, mean 0.234027, stddev 0.346378, skewness 1.28599, kurtosis 0.0377295 ) 
[3] output of <AffineTransform> ( min -30.2544, max 23.1241, mean -3.2938, stddev 3.38181, skewness -0.0610102, kurtosis 1.87003 ) 
[4] output of <Sigmoid> ( min 7.25546e-14, max 1, mean 0.175729, stddev 0.274871, skewness 1.77777, kurtosis 1.96473 ) 
[5] output of <AffineTransform> ( min -21.707, max 16.0035, mean -3.81222, stddev 2.91414, skewness 0.355996, kurtosis 1.60355 ) 
[6] output of <Sigmoid> ( min 3.73921e-10, max 1, mean 0.121057, stddev 0.230258, skewness 2.48321, kurtosis 5.35243 ) 
[7] output of <AffineTransform> ( min -22.0076, max 11.4204, mean -4.48006, stddev 2.58377, skewness 0.0822302, kurtosis 1.57101 ) 
[8] output of <Sigmoid> ( min 2.76837e-10, max 0.999989, mean 0.0726039, stddev 0.168036, skewness 3.58456, kurtosis 13.3092 ) 
[9] output of <AffineTransform> ( min -12.5736, max 22.8572, mean 0.0151898, stddev 4.1386, skewness 0.830591, kurtosis 1.15271 ) 
[10] output of <Softmax> ( min 4.22137e-15, max 0.999191, mean 0.0078125, stddev 0.0697918, skewness 11.3471, kurtosis 136.582 ) 
### END FORWARD
LOG (nnet-train-frmshuff[5.4.140~1-1ab3d]:main():nnet-train-frmshuff.cc:387) 
### BACKWARD PROPAGATION BUFFER CONTENT :
[0] diff of <Input>  ( min -1.55677, max 2.28342, mean 0.000483217, stddev 0.0488136, skewness 1.15481, kurtosis 116.388 ) 
[1] diff-output of <AffineTransform> ( min -0.20244, max 0.246484, mean -3.38163e-05, stddev 0.00545069, skewness -0.642359, kurtosis 88.2649 ) 
[2] diff-output of <Sigmoid> ( min -1.14384, max 1.02877, mean -0.00037317, stddev 0.0525153, skewness -0.27262, kurtosis 17.3439 ) 
[3] diff-output of <AffineTransform> ( min -0.210825, max 0.220029, mean -6.26361e-05, stddev 0.00606608, skewness -0.323877, kurtosis 75.4881 ) 
[4] diff-output of <Sigmoid> ( min -0.978167, max 0.975221, mean -0.000114364, stddev 0.0521526, skewness -0.0145875, kurtosis 17.8671 ) 
[5] diff-output of <AffineTransform> ( min -0.207729, max 0.248496, mean -4.78069e-05, stddev 0.00666516, skewness -0.118015, kurtosis 97.1272 ) 
[6] diff-output of <Sigmoid> ( min -0.996328, max 1.09812, mean 0.000316102, stddev 0.0619519, skewness -0.171839, kurtosis 16.6581 ) 
[7] diff-output of <AffineTransform> ( min -0.382067, max 0.384671, mean -6.97011e-05, stddev 0.0105403, skewness 0.541213, kurtosis 99.9056 ) 
[8] diff-output of <Sigmoid> ( min -1.83032, max 2.31998, mean -0.00108362, stddev 0.129047, skewness -0.135325, kurtosis 11.7916 ) 
[9] diff-output of <AffineTransform> ( min -0.998893, max 0.936066, mean 3.21087e-11, stddev 0.0483208, skewness -7.20016, kurtosis 214.883 ) 
[10] diff-output of <Softmax> ( min -0.998893, max 0.936066, mean 3.21087e-11, stddev 0.0483208, skewness -7.20016, kurtosis 214.883 ) 
### END BACKWARD
LOG (nnet-train-frmshuff[5.4.140~1-1ab3d]:main():nnet-train-frmshuff.cc:388) 
### GRADIENT STATS :
Component 1 : <AffineTransform>, 
  linearity_grad ( min -0.66002, max 0.588197, mean 8.94752e-05, stddev 0.0810404, skewness 0.00907719, kurtosis 1.35123 ) , lr-coef 1, max-norm 0
  bias_grad ( min -0.368845, max 0.339015, mean -0.00865698, stddev 0.0873312, skewness 0.108772, kurtosis 0.749247 ) , lr-coef 1
Component 2 : <Sigmoid>, 
Component 3 : <AffineTransform>, 
  linearity_grad ( min -0.43855, max 0.42032, mean -0.00386194, stddev 0.0406372, skewness -0.269958, kurtosis 4.21816 ) , lr-coef 1, max-norm 0
  bias_grad ( min -0.516693, max 0.383715, mean -0.0160348, stddev 0.0977368, skewness -0.203566, kurtosis 1.82371 ) , lr-coef 1
Component 4 : <Sigmoid>, 
Component 5 : <AffineTransform>, 
  linearity_grad ( min -0.474726, max 0.435916, mean -0.00244351, stddev 0.0354287, skewness -0.0931603, kurtosis 7.97167 ) , lr-coef 1, max-norm 0
  bias_grad ( min -0.441544, max 0.510161, mean -0.0122386, stddev 0.107169, skewness 0.241163, kurtosis 2.47035 ) , lr-coef 1
Component 6 : <Sigmoid>, 
Component 7 : <AffineTransform>, 
  linearity_grad ( min -0.664933, max 0.725039, mean -0.00228912, stddev 0.0455498, skewness -0.253624, kurtosis 11.161 ) , lr-coef 1, max-norm 0
  bias_grad ( min -0.718494, max 0.705587, mean -0.0178435, stddev 0.171924, skewness -0.292943, kurtosis 1.11441 ) , lr-coef 1
Component 8 : <Sigmoid>, 
Component 9 : <AffineTransform>, 
  linearity_grad ( min -4.30256, max 2.47509, mean -1.80245e-09, stddev 0.148086, skewness -2.78215, kurtosis 54.1483 ) , lr-coef 1, max-norm 0
  bias_grad ( min -5.02, max 2.78637, mean -6.69388e-10, stddev 0.873474, skewness -1.27218, kurtosis 8.32808 ) , lr-coef 1
Component 10 : <Softmax>, 
### END GRADIENT
LOG (nnet-train-frmshuff[5.4.140~1-1ab3d]:main():nnet-train-frmshuff.cc:395) Done 3328 files, 0 with no tgt_mats, 0 with other errors. [TRAINING, RANDOMIZED, 0.321515 min, processing 104943 frames per sec; i/o time 13.8371%]
LOG (nnet-train-frmshuff[5.4.140~1-1ab3d]:main():nnet-train-frmshuff.cc:405) PER-CLASS PERFORMANCE:
@@@ Frames per-class: [ 99453 10452 10379 8042 9913 6311 21145 13132 6304 10617 34193 5043 8744 11356 30510 12550 9219 5945 23687 14400 27661 5203 13875 24168 25646 11671 4780 12149 7657 28420 33600 11770 15662 4281 9536 10129 69800 8001 13316 12687 4321 15616 9828 17902 14264 9294 30776 2746 55463 106039 9748 40816 16498 17750 12702 20726 17182 6839 12103 21298 10011 11231 10409 9023 18662 22278 9397 17500 14561 30285 16712 10865 5027 7962 13576 5946 14023 19572 13884 12794 34427 18866 11688 4612 21321 6467 13984 20613 15110 18544 22229 12177 8379 16240 6766 21378 5063 21791 27140 6545 9361 13341 19170 10499 11260 11635 10516 9517 6346 5297 12134 13459 36531 6435 6345 4679 3952 5142 12060 13109 3423 10431 6022 24910 7055 4575 4395 12473 ]
@@@ Loss per-class: [ 0.375656 1.36186 1.33416 1.82533 0.737478 1.69378 1.66995 1.20627 0.856456 0.882157 0.843569 1.27667 1.45493 0.890904 1.1602 1.04337 1.7519 1.97062 0.686392 1.03015 0.432298 1.05553 0.671709 1.31036 1.47025 0.849194 0.96858 0.469395 1.43446 0.589865 0.70968 0.817087 0.997017 1.21162 0.630284 0.830026 0.357843 0.603161 0.668722 1.68233 2.40542 0.906744 0.905755 1.07605 0.647778 0.868993 0.717572 1.78557 0.827124 0.328098 1.11522 0.539403 1.05728 1.04122 1.20847 1.19398 0.867248 1.64696 1.29083 0.890601 1.93284 1.70257 0.976683 1.71852 0.651342 0.786556 0.878442 0.635814 1.19919 0.764213 0.417709 0.828484 1.25874 1.89057 1.59128 1.74622 0.854367 0.629057 1.03843 0.505587 0.682171 1.67547 1.17671 0.914819 1.15695 1.5348 0.841749 0.829825 0.895542 0.926123 0.804535 0.811897 0.85441 0.39186 1.22343 0.990438 1.6011 0.84576 0.70629 1.23082 0.949598 1.36467 0.999227 0.80395 1.08225 1.28645 1.08735 0.639658 1.63488 1.35481 0.935924 1.89993 1.12645 1.11002 1.14227 1.05624 1.3836 1.19872 1.04955 1.615 1.72761 1.12068 1.49578 0.656426 1.11777 0.965547 1.22767 1.05379 ]
@@@ Frame-accuracy per-class: [ 87.8461 55.2404 56.6501 42.064 78.5495 46.1697 49.6985 59.7373 71.5521 69.9788 73.0577 57.2222 57.1445 75.2697 62.172 66.4515 44.5794 48.995 78.5689 67.2268 87.62 65.552 80.7899 56.9584 53.3484 72.3814 67.4406 85.4027 51.3092 81.6418 77.1983 74.7547 70.4804 63.5525 80.8997 71.9285 88.1842 81.3597 78.9847 45.265 29.8507 72.9805 74.518 65.8009 81.0053 72.6989 72.6496 46.7868 70.2246 90.4993 63.4251 81.8958 67.5092 66.7361 62.6255 63.8265 74.9949 51.6412 59.7348 70.559 37.9663 45.2566 67.8707 45.7029 79.1052 75.4943 70.0612 81.0663 56.8279 75.9737 87.1384 74.7688 65.4998 40.6907 48.908 46.3466 71.6583 80.3219 70.287 84.3097 77.8738 43.3467 63.7208 69.1816 53.4906 47.9784 74.0534 74.1795 73.4655 70.8728 74.689 73.6933 73.0831 87.682 62.0262 67.32 48.0893 72.2392 76.9993 59.369 70.3306 58.704 68.6263 74.575 64.8195 61.6475 67.4844 79.296 48.6252 55.0826 71.169 37.1708 62.6364 66.1021 60.6414 66.8875 60.3163 60.632 67.4184 46.9202 38.7031 62.4551 54.3462 78.9868 65.2399 70.4404 62.9507 65.2503 ]
LOG (nnet-train-frmshuff[5.4.140~1-1ab3d]:main():nnet-train-frmshuff.cc:406) AvgLoss: 0.910658 (Xent), [AvgXent: 0.910658, AvgTargetEnt: 0]
progress: [0.917009 ]
FRAME_ACCURACY >> 70.9131% <<
