mjrc-server10
nnet-train-frmshuff --cross-validate=false --randomize=true --verbose=0 --minibatch-size=256 --randomizer-size=32768 --randomizer-seed=777 --learn-rate=1.5625e-05 --momentum=0 --l1-penalty=0 --l2-penalty=0 --feature-transform=exp_2/dnn4_pretrain-dbn_dnn/final.feature_transform 'ark:copy-feats scp:exp_2/dnn4_pretrain-dbn_dnn/train.scp ark:- |' 'ark:ali-to-pdf exp/tri1_ali/final.mdl "ark:gunzip -c exp/tri1_ali/ali.*.gz |" ark:- | ali-to-post ark:- ark:- |' exp_2/dnn4_pretrain-dbn_dnn/nnet/nnet_dbn_dnn_iter11_learnrate3.125e-05_tr0.7272_cv1.0989 exp_2/dnn4_pretrain-dbn_dnn/nnet/nnet_dbn_dnn_iter12 
WARNING (nnet-train-frmshuff[5.4.140~1-1ab3d]:SelectGpuId():cu-device.cc:196) Not in compute-exclusive mode.  Suggestion: use 'nvidia-smi -c 3' to set compute exclusive mode
LOG (nnet-train-frmshuff[5.4.140~1-1ab3d]:SelectGpuIdAuto():cu-device.cc:315) Selecting from 4 GPUs
LOG (nnet-train-frmshuff[5.4.140~1-1ab3d]:SelectGpuIdAuto():cu-device.cc:330) cudaSetDevice(0): GeForce GTX 1080	free:7998M, used:121M, total:8119M, free/total:0.985098
LOG (nnet-train-frmshuff[5.4.140~1-1ab3d]:SelectGpuIdAuto():cu-device.cc:330) cudaSetDevice(1): GeForce GTX 1080	free:7998M, used:121M, total:8119M, free/total:0.985098
LOG (nnet-train-frmshuff[5.4.140~1-1ab3d]:SelectGpuIdAuto():cu-device.cc:330) cudaSetDevice(2): GeForce GTX 1080	free:7998M, used:121M, total:8119M, free/total:0.985098
LOG (nnet-train-frmshuff[5.4.140~1-1ab3d]:SelectGpuIdAuto():cu-device.cc:330) cudaSetDevice(3): GeForce GTX 1080	free:7998M, used:121M, total:8119M, free/total:0.985098
LOG (nnet-train-frmshuff[5.4.140~1-1ab3d]:SelectGpuIdAuto():cu-device.cc:379) Trying to select device: 0 (automatically), mem_ratio: 0.985098
LOG (nnet-train-frmshuff[5.4.140~1-1ab3d]:SelectGpuIdAuto():cu-device.cc:398) Success selecting device 0 free mem ratio: 0.985098
LOG (nnet-train-frmshuff[5.4.140~1-1ab3d]:FinalizeActiveGpu():cu-device.cc:247) The active GPU is [0]: GeForce GTX 1080	free:7934M, used:185M, total:8119M, free/total:0.977216 version 6.1
copy-feats scp:exp_2/dnn4_pretrain-dbn_dnn/train.scp ark:- 
LOG (nnet-train-frmshuff[5.4.140~1-1ab3d]:Init():nnet-randomizer.cc:32) Seeding by srand with : 777
LOG (nnet-train-frmshuff[5.4.140~1-1ab3d]:main():nnet-train-frmshuff.cc:163) TRAINING STARTED
ali-to-pdf exp/tri1_ali/final.mdl 'ark:gunzip -c exp/tri1_ali/ali.*.gz |' ark:- 
ali-to-post ark:- ark:- 
LOG (nnet-train-frmshuff[5.4.140~1-1ab3d]:main():nnet-train-frmshuff.cc:354) ### After 0 frames,
LOG (nnet-train-frmshuff[5.4.140~1-1ab3d]:main():nnet-train-frmshuff.cc:355) 
### FORWARD PROPAGATION BUFFER CONTENT :
[0] output of <Input>  ( min -6.38268, max 6.24739, mean 0.00257367, stddev 0.992805, skewness -0.0418423, kurtosis 1.41002 ) 
[1] output of <AffineTransform> ( min -41.7483, max 33.3942, mean -3.56496, stddev 5.26268, skewness 0.0579792, kurtosis 1.26596 ) 
[2] output of <Sigmoid> ( min 7.39516e-19, max 1, mean 0.239964, stddev 0.352542, skewness 1.24032, kurtosis -0.104177 ) 
[3] output of <AffineTransform> ( min -27.8652, max 24.8427, mean -3.07071, stddev 3.38003, skewness -0.101016, kurtosis 1.68563 ) 
[4] output of <Sigmoid> ( min 7.91232e-13, max 1, mean 0.19368, stddev 0.284072, skewness 1.60577, kurtosis 1.33492 ) 
[5] output of <AffineTransform> ( min -19.6155, max 15.1519, mean -3.76768, stddev 3.06068, skewness 0.257139, kurtosis 1.20979 ) 
[6] output of <Sigmoid> ( min 3.02762e-09, max 1, mean 0.132756, stddev 0.241236, skewness 2.28191, kurtosis 4.27867 ) 
[7] output of <AffineTransform> ( min -23.0662, max 11.9514, mean -4.18811, stddev 2.7129, skewness -0.0224499, kurtosis 1.12722 ) 
[8] output of <Sigmoid> ( min 9.60439e-11, max 0.999994, mean 0.0921524, stddev 0.187807, skewness 2.98842, kurtosis 8.87145 ) 
[9] output of <AffineTransform> ( min -14.6196, max 22.4187, mean 0.0308915, stddev 4.64664, skewness 0.701389, kurtosis 0.885996 ) 
[10] output of <Softmax> ( min 6.27383e-16, max 0.99902, mean 0.0078125, stddev 0.0703939, skewness 11.334, kurtosis 135.997 ) 
### END FORWARD
LOG (nnet-train-frmshuff[5.4.140~1-1ab3d]:main():nnet-train-frmshuff.cc:357) 
### BACKWARD PROPAGATION BUFFER CONTENT :
[0] diff of <Input>  ( min -2.18674, max 2.69527, mean 0.0014374, stddev 0.0804934, skewness 0.466691, kurtosis 92.6651 ) 
[1] diff-output of <AffineTransform> ( min -0.196333, max 0.26418, mean -3.04486e-05, stddev 0.00887538, skewness 0.213131, kurtosis 70.5288 ) 
[2] diff-output of <Sigmoid> ( min -1.38852, max 1.84749, mean -0.000252561, stddev 0.0866528, skewness 0.198337, kurtosis 18.5519 ) 
[3] diff-output of <AffineTransform> ( min -0.329892, max 0.375103, mean 2.0186e-05, stddev 0.0101502, skewness 0.0207048, kurtosis 80.2726 ) 
[4] diff-output of <Sigmoid> ( min -1.77672, max 1.78075, mean 0.000154913, stddev 0.0839938, skewness 0.0249499, kurtosis 19.3158 ) 
[5] diff-output of <AffineTransform> ( min -0.50219, max 0.506411, mean 1.73547e-05, stddev 0.0110498, skewness -0.0611678, kurtosis 126.543 ) 
[6] diff-output of <Sigmoid> ( min -2.13933, max 2.62671, mean -0.000378207, stddev 0.101648, skewness -0.0992838, kurtosis 25.1806 ) 
[7] diff-output of <AffineTransform> ( min -0.397382, max 0.599817, mean 1.54531e-05, stddev 0.016561, skewness 0.925452, kurtosis 87.8441 ) 
[8] diff-output of <Sigmoid> ( min -2.28644, max 2.60694, mean -7.30743e-05, stddev 0.171619, skewness -0.0976065, kurtosis 11.7064 ) 
[9] diff-output of <AffineTransform> ( min -0.998862, max 0.933056, mean 3.3154e-11, stddev 0.0553624, skewness -5.6755, kurtosis 182.981 ) 
[10] diff-output of <Softmax> ( min -0.998862, max 0.933056, mean 3.3154e-11, stddev 0.0553624, skewness -5.6755, kurtosis 182.981 ) 
### END BACKWARD
LOG (nnet-train-frmshuff[5.4.140~1-1ab3d]:main():nnet-train-frmshuff.cc:358) 
### GRADIENT STATS :
Component 1 : <AffineTransform>, 
  linearity_grad ( min -1.11064, max 1.07814, mean -0.000995249, stddev 0.133387, skewness -0.0195965, kurtosis 1.69585 ) , lr-coef 1, max-norm 0
  bias_grad ( min -0.578258, max 0.404504, mean -0.00779484, stddev 0.14642, skewness -0.285477, kurtosis 0.353567 ) , lr-coef 1
Component 2 : <Sigmoid>, 
Component 3 : <AffineTransform>, 
  linearity_grad ( min -0.685585, max 0.735233, mean 0.00179925, stddev 0.0683859, skewness -0.0478133, kurtosis 3.96289 ) , lr-coef 1, max-norm 0
  bias_grad ( min -0.702054, max 0.864264, mean 0.00516761, stddev 0.162179, skewness -0.103061, kurtosis 1.51124 ) , lr-coef 1
Component 4 : <Sigmoid>, 
Component 5 : <AffineTransform>, 
  linearity_grad ( min -0.781045, max 0.717226, mean 0.0014319, stddev 0.0605433, skewness 0.0271834, kurtosis 6.68648 ) , lr-coef 1, max-norm 0
  bias_grad ( min -0.766998, max 0.748455, mean 0.0044428, stddev 0.178422, skewness -0.117994, kurtosis 1.43987 ) , lr-coef 1
Component 6 : <Sigmoid>, 
Component 7 : <AffineTransform>, 
  linearity_grad ( min -1.00764, max 1.55761, mean 0.000437627, stddev 0.0746737, skewness 0.353336, kurtosis 10.8596 ) , lr-coef 1, max-norm 0
  bias_grad ( min -1.12988, max 1.56154, mean 0.00395601, stddev 0.276226, skewness 0.193094, kurtosis 2.02674 ) , lr-coef 1
Component 8 : <Sigmoid>, 
Component 9 : <AffineTransform>, 
  linearity_grad ( min -3.6363, max 2.80062, mean -2.82616e-09, stddev 0.196755, skewness -1.23776, kurtosis 26.1579 ) , lr-coef 1, max-norm 0
  bias_grad ( min -3.9975, max 2.86232, mean -5.50062e-09, stddev 0.962122, skewness -0.552993, kurtosis 2.44437 ) , lr-coef 1
Component 10 : <Softmax>, 
### END GRADIENT
LOG (ali-to-pdf[5.4.140~1-1ab3d]:main():ali-to-pdf.cc:68) Converted 3696 alignments to pdf sequences.
LOG (ali-to-post[5.4.140~1-1ab3d]:main():ali-to-post.cc:73) Converted 3696 alignments.
LOG (nnet-train-frmshuff[5.4.140~1-1ab3d]:Eval():nnet-loss.cc:148) ProgressLoss[last 5h of 5h]: 0.734671 (Xent), fps=104103, elapsed 0.0048h
LOG (copy-feats[5.4.140~1-1ab3d]:main():copy-feats.cc:143) Copied 3328 feature matrices.
LOG (nnet-train-frmshuff[5.4.140~1-1ab3d]:main():nnet-train-frmshuff.cc:384) ### After 2024448 frames,
LOG (nnet-train-frmshuff[5.4.140~1-1ab3d]:main():nnet-train-frmshuff.cc:385) 
### FORWARD PROPAGATION BUFFER CONTENT :
[0] output of <Input>  ( min -6.80962, max 6.34581, mean 0.00435732, stddev 0.975965, skewness -0.0328166, kurtosis 1.64018 ) 
[1] output of <AffineTransform> ( min -44.7821, max 35.1913, mean -3.53947, stddev 5.19184, skewness 0.0373961, kurtosis 1.46893 ) 
[2] output of <Sigmoid> ( min 3.55927e-20, max 1, mean 0.237382, stddev 0.349884, skewness 1.25982, kurtosis -0.0442591 ) 
[3] output of <AffineTransform> ( min -29.1028, max 23.493, mean -3.06545, stddev 3.35422, skewness -0.123363, kurtosis 1.73513 ) 
[4] output of <Sigmoid> ( min 2.29507e-13, max 1, mean 0.192546, stddev 0.282149, skewness 1.61478, kurtosis 1.37809 ) 
[5] output of <AffineTransform> ( min -21.2023, max 15.0532, mean -3.77778, stddev 3.03638, skewness 0.264754, kurtosis 1.24046 ) 
[6] output of <Sigmoid> ( min 6.19395e-10, max 1, mean 0.13096, stddev 0.239111, skewness 2.30658, kurtosis 4.41803 ) 
[7] output of <AffineTransform> ( min -22.9596, max 10.8435, mean -4.16895, stddev 2.67571, skewness -0.031488, kurtosis 1.10913 ) 
[8] output of <Sigmoid> ( min 1.06844e-10, max 0.99998, mean 0.0914783, stddev 0.185491, skewness 2.99985, kurtosis 9.01601 ) 
[9] output of <AffineTransform> ( min -14.8697, max 22.4601, mean 0.0275698, stddev 4.64, skewness 0.69154, kurtosis 0.821089 ) 
[10] output of <Softmax> ( min 1.35308e-15, max 0.999542, mean 0.0078125, stddev 0.0707995, skewness 11.3512, kurtosis 135.697 ) 
### END FORWARD
LOG (nnet-train-frmshuff[5.4.140~1-1ab3d]:main():nnet-train-frmshuff.cc:387) 
### BACKWARD PROPAGATION BUFFER CONTENT :
[0] diff of <Input>  ( min -2.76733, max 6.54332, mean 0.000798725, stddev 0.0744195, skewness 6.95074, kurtosis 653.301 ) 
[1] diff-output of <AffineTransform> ( min -0.370245, max 0.296663, mean -6.59256e-05, stddev 0.0079798, skewness -2.13625, kurtosis 127.768 ) 
[2] diff-output of <Sigmoid> ( min -1.71277, max 1.51488, mean -0.000443077, stddev 0.0751751, skewness -0.513524, kurtosis 22.9429 ) 
[3] diff-output of <AffineTransform> ( min -0.376881, max 0.235501, mean -7.30939e-05, stddev 0.0087075, skewness -1.25601, kurtosis 94.0361 ) 
[4] diff-output of <Sigmoid> ( min -1.59569, max 1.26461, mean -7.09373e-05, stddev 0.0725537, skewness -0.245414, kurtosis 23.916 ) 
[5] diff-output of <AffineTransform> ( min -0.397411, max 0.350539, mean -6.10207e-05, stddev 0.00950515, skewness -0.77068, kurtosis 130.295 ) 
[6] diff-output of <Sigmoid> ( min -1.72307, max 1.50143, mean 0.000366505, stddev 0.086749, skewness -0.225698, kurtosis 21.4963 ) 
[7] diff-output of <AffineTransform> ( min -0.509565, max 0.432855, mean -4.99956e-05, stddev 0.0144095, skewness -0.325268, kurtosis 90.9701 ) 
[8] diff-output of <Sigmoid> ( min -2.44847, max 2.25962, mean -0.00120034, stddev 0.153506, skewness -0.212794, kurtosis 12.6726 ) 
[9] diff-output of <AffineTransform> ( min -0.998567, max 0.966759, mean -6.70217e-11, stddev 0.0502889, skewness -6.6732, kurtosis 212.829 ) 
[10] diff-output of <Softmax> ( min -0.998567, max 0.966759, mean -6.70217e-11, stddev 0.0502889, skewness -6.6732, kurtosis 212.829 ) 
### END BACKWARD
LOG (nnet-train-frmshuff[5.4.140~1-1ab3d]:main():nnet-train-frmshuff.cc:388) 
### GRADIENT STATS :
Component 1 : <AffineTransform>, 
  linearity_grad ( min -1.29972, max 1.44165, mean -1.10072e-05, stddev 0.118857, skewness 0.0867179, kurtosis 2.87747 ) , lr-coef 1, max-norm 0
  bias_grad ( min -0.915935, max 0.472676, mean -0.0168769, stddev 0.139166, skewness -0.495532, kurtosis 2.64356 ) , lr-coef 1
Component 2 : <Sigmoid>, 
Component 3 : <AffineTransform>, 
  linearity_grad ( min -0.81147, max 0.54154, mean -0.00426037, stddev 0.0633821, skewness -0.518288, kurtosis 5.45899 ) , lr-coef 1, max-norm 0
  bias_grad ( min -0.720845, max 0.551548, mean -0.018712, stddev 0.158313, skewness -0.483854, kurtosis 1.80784 ) , lr-coef 1
Component 4 : <Sigmoid>, 
Component 5 : <AffineTransform>, 
  linearity_grad ( min -1.10936, max 0.847391, mean -0.0031011, stddev 0.0574775, skewness -0.476422, kurtosis 13.5028 ) , lr-coef 1, max-norm 0
  bias_grad ( min -1.08513, max 0.773028, mean -0.0156213, stddev 0.175983, skewness -0.342158, kurtosis 4.18683 ) , lr-coef 1
Component 6 : <Sigmoid>, 
Component 7 : <AffineTransform>, 
  linearity_grad ( min -1.32064, max 1.07442, mean -0.00179938, stddev 0.0681177, skewness -0.214669, kurtosis 10.8179 ) , lr-coef 1, max-norm 0
  bias_grad ( min -1.37386, max 1.12567, mean -0.0127989, stddev 0.2553, skewness -0.146791, kurtosis 1.99702 ) , lr-coef 1
Component 8 : <Sigmoid>, 
Component 9 : <AffineTransform>, 
  linearity_grad ( min -5.09669, max 2.26287, mean -4.649e-09, stddev 0.177941, skewness -2.88226, kurtosis 49.5809 ) , lr-coef 1, max-norm 0
  bias_grad ( min -5.96238, max 1.74949, mean -1.84809e-08, stddev 0.925152, skewness -2.28191, kurtosis 12.1753 ) , lr-coef 1
Component 10 : <Softmax>, 
### END GRADIENT
LOG (nnet-train-frmshuff[5.4.140~1-1ab3d]:main():nnet-train-frmshuff.cc:395) Done 3328 files, 0 with no tgt_mats, 0 with other errors. [TRAINING, RANDOMIZED, 0.321789 min, processing 104854 frames per sec; i/o time 13.7897%]
LOG (nnet-train-frmshuff[5.4.140~1-1ab3d]:main():nnet-train-frmshuff.cc:405) PER-CLASS PERFORMANCE:
@@@ Frames per-class: [ 99453 10452 10379 8042 9913 6311 21145 13132 6304 10617 34193 5043 8744 11356 30510 12550 9219 5945 23687 14400 27661 5203 13875 24168 25646 11671 4780 12149 7657 28420 33600 11770 15662 4281 9536 10129 69800 8001 13316 12687 4321 15616 9828 17902 14264 9294 30776 2746 55463 106039 9748 40816 16498 17750 12702 20726 17182 6839 12103 21298 10011 11231 10409 9023 18662 22278 9397 17500 14561 30285 16712 10865 5027 7962 13576 5946 14023 19572 13884 12794 34427 18866 11688 4612 21321 6467 13984 20613 15110 18544 22229 12177 8379 16240 6766 21378 5063 21791 27140 6545 9361 13341 19170 10499 11260 11635 10516 9517 6346 5297 12134 13459 36531 6435 6345 4679 3952 5142 12060 13109 3423 10431 6022 24910 7055 4575 4395 12473 ]
@@@ Loss per-class: [ 0.275512 1.14798 1.07413 1.47271 0.601419 1.5057 1.40571 1.01332 0.637115 0.739528 0.640197 0.961302 1.02371 0.650811 1.01929 0.930574 1.4439 1.65994 0.538166 0.844954 0.326149 0.72453 0.460777 1.136 1.26501 0.735097 0.729468 0.318697 1.17902 0.422863 0.539873 0.611347 0.825646 0.96635 0.439603 0.647588 0.286619 0.455546 0.491153 1.26854 2.04716 0.725293 0.635353 0.828791 0.469348 0.711596 0.572501 1.52442 0.613747 0.253953 0.826601 0.423666 0.823859 0.816333 0.971104 0.903666 0.690519 1.28874 1.11056 0.853858 1.6046 1.42365 0.698454 1.47347 0.579508 0.614152 0.67747 0.45777 0.950415 0.61081 0.257006 0.642595 0.851643 1.53675 1.31924 1.39816 0.683683 0.555502 0.809371 0.316631 0.511702 1.37821 0.860355 0.645948 0.951847 1.27393 0.697984 0.710637 0.713728 0.749255 0.722301 0.524955 0.671582 0.330094 0.884494 0.733585 1.3338 0.681044 0.572562 0.805451 0.842275 1.20259 0.945814 0.566212 0.894008 0.935881 0.79175 0.478864 1.19652 1.00896 0.71963 1.56338 0.904913 0.799582 0.908217 0.735149 1.08467 0.982917 0.877793 1.35873 1.38617 1.01218 1.14059 0.551792 0.78882 0.682755 0.938357 0.904374 ]
@@@ Frame-accuracy per-class: [ 90.9229 60.1005 62.7487 51.7376 81.7269 48.5463 54.9195 64.5879 78.5629 74.1323 79.8046 66.1644 68.0999 81.3543 64.958 67.2563 50.0461 54.6632 82.4148 71.8864 90.3277 74.8919 86.8005 60.0989 57.3685 74.1721 74.2809 90.1766 57.4731 86.5009 82.341 80.3449 73.5132 69.2047 86.4783 76.9831 90.8203 86.0089 84.5117 56.8591 36.3068 77.2132 81.4163 73.2747 85.555 76.3247 76.8866 52.2483 78.3813 92.2703 72.6778 86.2372 74.0855 74.1331 69.6792 72.3325 79.2492 61.1741 63.4775 69.1598 46.4066 52.1124 76.1708 49.2824 80.0214 80.167 76.68 86.4261 63.8808 79.7444 92.4278 79.711 75.9622 49.6578 55.8833 53.7123 77.3273 81.87 75.4726 89.9371 83.474 51.3556 72.8579 78.4607 59.1047 55.1527 77.7075 76.9544 78.1576 74.9009 75.7777 83.2683 79.778 89.794 71.7062 76.3056 55.2385 77.2044 80.9086 72.6606 71.9329 61.0651 66.8892 81.3086 70.1035 71.2389 75.6906 84.8332 60.947 64.9363 77.2343 46.0418 69.529 74.6329 67.8118 75.8414 68.0076 66.4268 71.6471 53.5032 48.021 62.8769 63.0967 82.1059 75.1187 78.1117 70.3219 67.5352 ]
LOG (nnet-train-frmshuff[5.4.140~1-1ab3d]:main():nnet-train-frmshuff.cc:406) AvgLoss: 0.726858 (Xent), [AvgXent: 0.726858, AvgTargetEnt: 0]
progress: [0.734671 ]
FRAME_ACCURACY >> 75.8749% <<
