mjrc-server10
nnet-train-frmshuff --cross-validate=false --randomize=true --verbose=0 --minibatch-size=256 --randomizer-size=32768 --randomizer-seed=777 --learn-rate=0.0005 --momentum=0 --l1-penalty=0 --l2-penalty=0 --feature-transform=exp_2/dnn4_pretrain-dbn_dnn/final.feature_transform 'ark:copy-feats scp:exp_2/dnn4_pretrain-dbn_dnn/train.scp ark:- |' 'ark:ali-to-pdf exp/tri1_ali/final.mdl "ark:gunzip -c exp/tri1_ali/ali.*.gz |" ark:- | ali-to-post ark:- ark:- |' exp_2/dnn4_pretrain-dbn_dnn/nnet/nnet_dbn_dnn_iter06_learnrate0.001_tr0.7375_cv1.1764 exp_2/dnn4_pretrain-dbn_dnn/nnet/nnet_dbn_dnn_iter07 
WARNING (nnet-train-frmshuff[5.4.140~1-1ab3d]:SelectGpuId():cu-device.cc:196) Not in compute-exclusive mode.  Suggestion: use 'nvidia-smi -c 3' to set compute exclusive mode
LOG (nnet-train-frmshuff[5.4.140~1-1ab3d]:SelectGpuIdAuto():cu-device.cc:315) Selecting from 4 GPUs
LOG (nnet-train-frmshuff[5.4.140~1-1ab3d]:SelectGpuIdAuto():cu-device.cc:330) cudaSetDevice(0): GeForce GTX 1080	free:7998M, used:121M, total:8119M, free/total:0.985098
LOG (nnet-train-frmshuff[5.4.140~1-1ab3d]:SelectGpuIdAuto():cu-device.cc:330) cudaSetDevice(1): GeForce GTX 1080	free:7998M, used:121M, total:8119M, free/total:0.985098
LOG (nnet-train-frmshuff[5.4.140~1-1ab3d]:SelectGpuIdAuto():cu-device.cc:330) cudaSetDevice(2): GeForce GTX 1080	free:7998M, used:121M, total:8119M, free/total:0.985098
LOG (nnet-train-frmshuff[5.4.140~1-1ab3d]:SelectGpuIdAuto():cu-device.cc:330) cudaSetDevice(3): GeForce GTX 1080	free:7998M, used:121M, total:8119M, free/total:0.985098
LOG (nnet-train-frmshuff[5.4.140~1-1ab3d]:SelectGpuIdAuto():cu-device.cc:379) Trying to select device: 0 (automatically), mem_ratio: 0.985098
LOG (nnet-train-frmshuff[5.4.140~1-1ab3d]:SelectGpuIdAuto():cu-device.cc:398) Success selecting device 0 free mem ratio: 0.985098
LOG (nnet-train-frmshuff[5.4.140~1-1ab3d]:FinalizeActiveGpu():cu-device.cc:247) The active GPU is [0]: GeForce GTX 1080	free:7934M, used:185M, total:8119M, free/total:0.977216 version 6.1
copy-feats scp:exp_2/dnn4_pretrain-dbn_dnn/train.scp ark:- 
LOG (nnet-train-frmshuff[5.4.140~1-1ab3d]:Init():nnet-randomizer.cc:32) Seeding by srand with : 777
LOG (nnet-train-frmshuff[5.4.140~1-1ab3d]:main():nnet-train-frmshuff.cc:163) TRAINING STARTED
ali-to-post ark:- ark:- 
ali-to-pdf exp/tri1_ali/final.mdl 'ark:gunzip -c exp/tri1_ali/ali.*.gz |' ark:- 
LOG (nnet-train-frmshuff[5.4.140~1-1ab3d]:main():nnet-train-frmshuff.cc:354) ### After 0 frames,
LOG (nnet-train-frmshuff[5.4.140~1-1ab3d]:main():nnet-train-frmshuff.cc:355) 
### FORWARD PROPAGATION BUFFER CONTENT :
[0] output of <Input>  ( min -6.38268, max 6.24739, mean 0.00257367, stddev 0.992805, skewness -0.0418423, kurtosis 1.41002 ) 
[1] output of <AffineTransform> ( min -41.9481, max 33.5617, mean -3.56131, stddev 5.26368, skewness 0.0593257, kurtosis 1.28937 ) 
[2] output of <Sigmoid> ( min 6.05589e-19, max 1, mean 0.239838, stddev 0.35244, skewness 1.2417, kurtosis -0.100267 ) 
[3] output of <AffineTransform> ( min -28.483, max 25.2733, mean -3.09596, stddev 3.42243, skewness -0.0818936, kurtosis 1.71902 ) 
[4] output of <Sigmoid> ( min 4.26573e-13, max 1, mean 0.193276, stddev 0.285497, skewness 1.61136, kurtosis 1.34092 ) 
[5] output of <AffineTransform> ( min -20.3753, max 15.122, mean -3.76806, stddev 3.0765, skewness 0.269941, kurtosis 1.25473 ) 
[6] output of <Sigmoid> ( min 1.41614e-09, max 1, mean 0.133239, stddev 0.24239, skewness 2.27705, kurtosis 4.24246 ) 
[7] output of <AffineTransform> ( min -22.8664, max 12.3779, mean -4.23933, stddev 2.73602, skewness -0.00651561, kurtosis 1.17239 ) 
[8] output of <Sigmoid> ( min 1.1729e-10, max 0.999996, mean 0.0907654, stddev 0.187723, skewness 3.02413, kurtosis 9.08422 ) 
[9] output of <AffineTransform> ( min -14.212, max 21.5973, mean 0.0344639, stddev 4.65947, skewness 0.711608, kurtosis 0.861304 ) 
[10] output of <Softmax> ( min 6.62607e-16, max 0.998994, mean 0.0078125, stddev 0.0702581, skewness 11.3247, kurtosis 135.607 ) 
### END FORWARD
LOG (nnet-train-frmshuff[5.4.140~1-1ab3d]:main():nnet-train-frmshuff.cc:357) 
### BACKWARD PROPAGATION BUFFER CONTENT :
[0] diff of <Input>  ( min -2.36287, max 1.95708, mean 0.00056794, stddev 0.0807184, skewness -0.636316, kurtosis 79.1413 ) 
[1] diff-output of <AffineTransform> ( min -0.226819, max 0.249001, mean 1.58196e-05, stddev 0.00891769, skewness 0.252132, kurtosis 70.7522 ) 
[2] diff-output of <Sigmoid> ( min -1.44197, max 1.68913, mean 0.000232777, stddev 0.0874291, skewness 0.16185, kurtosis 17.3539 ) 
[3] diff-output of <AffineTransform> ( min -0.302312, max 0.270152, mean 5.44644e-05, stddev 0.0101767, skewness 0.125072, kurtosis 69.8467 ) 
[4] diff-output of <Sigmoid> ( min -1.719, max 1.67243, mean 0.000192326, stddev 0.0849214, skewness 0.0362535, kurtosis 19.6227 ) 
[5] diff-output of <AffineTransform> ( min -0.472569, max 0.414303, mean 5.5686e-05, stddev 0.0111236, skewness 0.0425885, kurtosis 114.785 ) 
[6] diff-output of <Sigmoid> ( min -2.19953, max 2.27486, mean -0.000455479, stddev 0.101536, skewness -0.207728, kurtosis 23.5052 ) 
[7] diff-output of <AffineTransform> ( min -0.427562, max 0.500841, mean 5.04565e-05, stddev 0.0165752, skewness 0.928189, kurtosis 81.3974 ) 
[8] diff-output of <Sigmoid> ( min -2.23489, max 2.69168, mean 6.73839e-06, stddev 0.173267, skewness -0.0830078, kurtosis 11.8631 ) 
[9] diff-output of <AffineTransform> ( min -0.999387, max 0.976887, mean 5.88967e-11, stddev 0.0561136, skewness -5.85229, kurtosis 184.794 ) 
[10] diff-output of <Softmax> ( min -0.999387, max 0.976887, mean 5.88967e-11, stddev 0.0561136, skewness -5.85229, kurtosis 184.794 ) 
### END BACKWARD
LOG (nnet-train-frmshuff[5.4.140~1-1ab3d]:main():nnet-train-frmshuff.cc:358) 
### GRADIENT STATS :
Component 1 : <AffineTransform>, 
  linearity_grad ( min -1.18618, max 0.984181, mean -0.00098318, stddev 0.13439, skewness -0.0298599, kurtosis 1.7151 ) , lr-coef 1, max-norm 0
  bias_grad ( min -0.497485, max 0.45629, mean 0.00404982, stddev 0.140422, skewness -0.160058, kurtosis 0.220931 ) , lr-coef 1
Component 2 : <Sigmoid>, 
Component 3 : <AffineTransform>, 
  linearity_grad ( min -0.708761, max 0.633895, mean 0.00373391, stddev 0.0681044, skewness 0.100229, kurtosis 3.82791 ) , lr-coef 1, max-norm 0
  bias_grad ( min -0.800126, max 0.703965, mean 0.0139429, stddev 0.158735, skewness -0.0288893, kurtosis 1.88476 ) , lr-coef 1
Component 4 : <Sigmoid>, 
Component 5 : <AffineTransform>, 
  linearity_grad ( min -0.706495, max 0.75419, mean 0.00306926, stddev 0.0621335, skewness 0.0895983, kurtosis 6.48172 ) , lr-coef 1, max-norm 0
  bias_grad ( min -0.718687, max 0.814661, mean 0.0142556, stddev 0.184452, skewness -0.0453003, kurtosis 1.4851 ) , lr-coef 1
Component 6 : <Sigmoid>, 
Component 7 : <AffineTransform>, 
  linearity_grad ( min -0.901927, max 1.05426, mean 0.00173534, stddev 0.0756991, skewness 0.321207, kurtosis 8.20896 ) , lr-coef 1, max-norm 0
  bias_grad ( min -0.91849, max 1.20003, mean 0.0129169, stddev 0.279871, skewness 0.175657, kurtosis 1.30521 ) , lr-coef 1
Component 8 : <Sigmoid>, 
Component 9 : <AffineTransform>, 
  linearity_grad ( min -3.39264, max 2.83756, mean -1.66845e-09, stddev 0.198491, skewness -1.61501, kurtosis 27.5134 ) , lr-coef 1, max-norm 0
  bias_grad ( min -3.39979, max 2.89724, mean 1.89757e-08, stddev 0.96985, skewness -0.48406, kurtosis 1.52679 ) , lr-coef 1
Component 10 : <Softmax>, 
### END GRADIENT
LOG (ali-to-pdf[5.4.140~1-1ab3d]:main():ali-to-pdf.cc:68) Converted 3696 alignments to pdf sequences.
LOG (ali-to-post[5.4.140~1-1ab3d]:main():ali-to-post.cc:73) Converted 3696 alignments.
LOG (nnet-train-frmshuff[5.4.140~1-1ab3d]:Eval():nnet-loss.cc:148) ProgressLoss[last 5h of 5h]: 0.738907 (Xent), fps=103625, elapsed 0.00483h
LOG (copy-feats[5.4.140~1-1ab3d]:main():copy-feats.cc:143) Copied 3328 feature matrices.
LOG (nnet-train-frmshuff[5.4.140~1-1ab3d]:main():nnet-train-frmshuff.cc:384) ### After 2024448 frames,
LOG (nnet-train-frmshuff[5.4.140~1-1ab3d]:main():nnet-train-frmshuff.cc:385) 
### FORWARD PROPAGATION BUFFER CONTENT :
[0] output of <Input>  ( min -6.80962, max 6.34581, mean 0.00435732, stddev 0.975965, skewness -0.0328166, kurtosis 1.64018 ) 
[1] output of <AffineTransform> ( min -44.6866, max 35.02, mean -3.53813, stddev 5.19372, skewness 0.0365919, kurtosis 1.48203 ) 
[2] output of <Sigmoid> ( min 3.91617e-20, max 1, mean 0.237384, stddev 0.349879, skewness 1.25991, kurtosis -0.043864 ) 
[3] output of <AffineTransform> ( min -29.7097, max 23.4274, mean -3.06289, stddev 3.37468, skewness -0.114005, kurtosis 1.75935 ) 
[4] output of <Sigmoid> ( min 1.251e-13, max 1, mean 0.193509, stddev 0.283626, skewness 1.60772, kurtosis 1.34416 ) 
[5] output of <AffineTransform> ( min -21.5751, max 15.2728, mean -3.77119, stddev 3.05641, skewness 0.271906, kurtosis 1.26098 ) 
[6] output of <Sigmoid> ( min 4.26652e-10, max 1, mean 0.132246, stddev 0.241055, skewness 2.28862, kurtosis 4.31024 ) 
[7] output of <AffineTransform> ( min -23.2962, max 10.9754, mean -4.20204, stddev 2.70484, skewness -0.0242702, kurtosis 1.1221 ) 
[8] output of <Sigmoid> ( min 7.63104e-11, max 0.999983, mean 0.0913629, stddev 0.18663, skewness 3.00206, kurtosis 8.99596 ) 
[9] output of <AffineTransform> ( min -14.736, max 23.1582, mean 0.0304497, stddev 4.67202, skewness 0.702646, kurtosis 0.825125 ) 
[10] output of <Softmax> ( min 3.87971e-16, max 0.999879, mean 0.0078125, stddev 0.0713409, skewness 11.334, kurtosis 134.787 ) 
### END FORWARD
LOG (nnet-train-frmshuff[5.4.140~1-1ab3d]:main():nnet-train-frmshuff.cc:387) 
### BACKWARD PROPAGATION BUFFER CONTENT :
[0] diff of <Input>  ( min -2.12678, max 5.42732, mean 0.000581419, stddev 0.0640315, skewness 6.53579, kurtosis 560.389 ) 
[1] diff-output of <AffineTransform> ( min -0.360326, max 0.341399, mean -3.30142e-05, stddev 0.00709518, skewness -1.61693, kurtosis 139.161 ) 
[2] diff-output of <Sigmoid> ( min -1.52363, max 1.43213, mean -0.000117062, stddev 0.0673621, skewness -0.345771, kurtosis 20.8348 ) 
[3] diff-output of <AffineTransform> ( min -0.294507, max 0.224663, mean -4.59046e-05, stddev 0.0078017, skewness -0.537271, kurtosis 72.5817 ) 
[4] diff-output of <Sigmoid> ( min -1.24296, max 1.06928, mean 5.10196e-05, stddev 0.0651814, skewness -0.169819, kurtosis 20.0117 ) 
[5] diff-output of <AffineTransform> ( min -0.269138, max 0.298676, mean -4.4948e-05, stddev 0.00859612, skewness -0.628067, kurtosis 97.6604 ) 
[6] diff-output of <Sigmoid> ( min -1.56396, max 1.39048, mean 0.000343353, stddev 0.0796127, skewness -0.213683, kurtosis 20.1341 ) 
[7] diff-output of <AffineTransform> ( min -0.484556, max 0.417698, mean -5.21007e-05, stddev 0.0133653, skewness -0.26513, kurtosis 94.9732 ) 
[8] diff-output of <Sigmoid> ( min -2.27554, max 2.46466, mean -0.00111566, stddev 0.144598, skewness -0.188834, kurtosis 13.9446 ) 
[9] diff-output of <AffineTransform> ( min -0.998691, max 0.929365, mean -2.45859e-12, stddev 0.0479035, skewness -6.95553, kurtosis 229.986 ) 
[10] diff-output of <Softmax> ( min -0.998691, max 0.929365, mean -2.45859e-12, stddev 0.0479035, skewness -6.95553, kurtosis 229.986 ) 
### END BACKWARD
LOG (nnet-train-frmshuff[5.4.140~1-1ab3d]:main():nnet-train-frmshuff.cc:388) 
### GRADIENT STATS :
Component 1 : <AffineTransform>, 
  linearity_grad ( min -1.38613, max 1.238, mean 0.000120301, stddev 0.105835, skewness 0.0591988, kurtosis 2.80466 ) , lr-coef 1, max-norm 0
  bias_grad ( min -0.66416, max 0.462878, mean -0.00845164, stddev 0.114956, skewness -0.326719, kurtosis 2.02521 ) , lr-coef 1
Component 2 : <Sigmoid>, 
Component 3 : <AffineTransform>, 
  linearity_grad ( min -0.519216, max 0.461137, mean -0.00279554, stddev 0.0533209, skewness -0.28747, kurtosis 3.51724 ) , lr-coef 1, max-norm 0
  bias_grad ( min -0.510374, max 0.426824, mean -0.0117516, stddev 0.124351, skewness -0.289485, kurtosis 1.06991 ) , lr-coef 1
Component 4 : <Sigmoid>, 
Component 5 : <AffineTransform>, 
  linearity_grad ( min -0.70673, max 0.585796, mean -0.00253794, stddev 0.048255, skewness -0.393828, kurtosis 7.04824 ) , lr-coef 1, max-norm 0
  bias_grad ( min -0.630189, max 0.565514, mean -0.0115067, stddev 0.135352, skewness -0.128849, kurtosis 2.40101 ) , lr-coef 1
Component 6 : <Sigmoid>, 
Component 7 : <AffineTransform>, 
  linearity_grad ( min -0.810791, max 0.702931, mean -0.00188611, stddev 0.0602414, skewness -0.168068, kurtosis 8.29392 ) , lr-coef 1, max-norm 0
  bias_grad ( min -0.863462, max 0.763829, mean -0.0133378, stddev 0.210379, skewness -0.104076, kurtosis 0.974072 ) , lr-coef 1
Component 8 : <Sigmoid>, 
Component 9 : <AffineTransform>, 
  linearity_grad ( min -3.85085, max 2.46584, mean -2.50682e-09, stddev 0.159989, skewness -2.17636, kurtosis 35.2458 ) , lr-coef 1, max-norm 0
  bias_grad ( min -4.65684, max 1.44249, mean -9.38599e-09, stddev 0.77115, skewness -1.91335, kurtosis 9.26729 ) , lr-coef 1
Component 10 : <Softmax>, 
### END GRADIENT
LOG (nnet-train-frmshuff[5.4.140~1-1ab3d]:main():nnet-train-frmshuff.cc:395) Done 3328 files, 0 with no tgt_mats, 0 with other errors. [TRAINING, RANDOMIZED, 0.323086 min, processing 104433 frames per sec; i/o time 13.734%]
LOG (nnet-train-frmshuff[5.4.140~1-1ab3d]:main():nnet-train-frmshuff.cc:405) PER-CLASS PERFORMANCE:
@@@ Frames per-class: [ 99453 10452 10379 8042 9913 6311 21145 13132 6304 10617 34193 5043 8744 11356 30510 12550 9219 5945 23687 14400 27661 5203 13875 24168 25646 11671 4780 12149 7657 28420 33600 11770 15662 4281 9536 10129 69800 8001 13316 12687 4321 15616 9828 17902 14264 9294 30776 2746 55463 106039 9748 40816 16498 17750 12702 20726 17182 6839 12103 21298 10011 11231 10409 9023 18662 22278 9397 17500 14561 30285 16712 10865 5027 7962 13576 5946 14023 19572 13884 12794 34427 18866 11688 4612 21321 6467 13984 20613 15110 18544 22229 12177 8379 16240 6766 21378 5063 21791 27140 6545 9361 13341 19170 10499 11260 11635 10516 9517 6346 5297 12134 13459 36531 6435 6345 4679 3952 5142 12060 13109 3423 10431 6022 24910 7055 4575 4395 12473 ]
@@@ Loss per-class: [ 0.275181 1.13878 1.09155 1.49223 0.598415 1.48129 1.43076 1.01328 0.652007 0.731782 0.656051 0.986547 1.06069 0.665781 0.998631 0.905799 1.443 1.68382 0.542637 0.849619 0.325409 0.748596 0.477324 1.13025 1.27566 0.724985 0.74999 0.330884 1.19922 0.433414 0.549887 0.618928 0.808356 0.944152 0.452421 0.654163 0.287756 0.458768 0.50074 1.28463 2.03879 0.730831 0.653386 0.84207 0.467233 0.688472 0.577864 1.52363 0.616417 0.258025 0.841061 0.428454 0.837917 0.827138 0.982368 0.923809 0.689305 1.31056 1.10493 0.812617 1.63489 1.42906 0.712773 1.47047 0.557839 0.624525 0.691136 0.465165 0.967463 0.617303 0.268999 0.649785 0.877153 1.55752 1.34084 1.40424 0.693641 0.539751 0.8159 0.329922 0.525482 1.39856 0.881194 0.660465 0.953915 1.2819 0.700886 0.699453 0.716134 0.743976 0.704095 0.547065 0.679246 0.32087 0.910757 0.754819 1.3487 0.683782 0.571112 0.847556 0.801538 1.18045 0.891527 0.575987 0.898053 0.955155 0.815837 0.48454 1.21697 1.03983 0.731321 1.59013 0.918212 0.822242 0.908227 0.754783 1.0843 0.982628 0.8561 1.36647 1.40511 0.988325 1.17704 0.544252 0.809341 0.702212 0.954786 0.886792 ]
@@@ Frame-accuracy per-class: [ 90.938 60.4257 62.2381 50.3948 82.1506 50.1782 54.8107 64.7782 78.0078 74.6786 79.1203 65.1333 66.8763 80.9492 66.3116 68.6985 49.7858 54.5623 82.4654 71.8586 90.4181 74.2961 86.0149 60.8643 57.1189 75.5601 73.2769 89.9625 56.7679 86.2828 82.1059 80.2515 74.4389 70.0689 86.1217 77.4964 90.73 85.534 84.3465 55.9527 35.9597 77.0723 81.2331 72.7664 85.6111 77.3683 76.8833 51.6658 78.5093 92.1213 72.3086 85.9873 73.637 73.7388 69.2462 71.4737 79.5053 60.6477 63.9484 71.7046 45.7574 51.9966 75.7385 50.1136 81.5325 80.0009 76.2224 86.1347 63.3657 79.7973 91.8953 79.3797 75.3257 48.9922 55.1394 53.7459 77.0635 82.6057 75.2926 89.3665 83.0702 50.4492 71.934 77.832 59.6346 55.0135 78.1365 77.6045 78.0914 75.0411 76.7134 82.5539 79.0143 90.0034 71.1003 75.3187 55.5347 77.2595 81.406 71.3009 74.3043 61.9945 69.9043 81.042 69.695 70.5599 74.5876 84.4024 59.8283 64.3511 76.9871 44.9422 68.9022 73.8715 67.7173 75.6491 67.0462 66.2907 73.1147 53.6176 47.6997 64.8612 62.2665 82.4552 73.9707 77.8931 69.0479 68.9542 ]
LOG (nnet-train-frmshuff[5.4.140~1-1ab3d]:main():nnet-train-frmshuff.cc:406) AvgLoss: 0.730984 (Xent), [AvgXent: 0.730984, AvgTargetEnt: 0]
progress: [0.738907 ]
FRAME_ACCURACY >> 75.873% <<
