mjrc-server10
nnet-train-frmshuff --cross-validate=false --randomize=true --verbose=0 --minibatch-size=256 --randomizer-size=32768 --randomizer-seed=777 --learn-rate=0.008 --momentum=0 --l1-penalty=0 --l2-penalty=0 --feature-transform=exp_2/dnn4_pretrain-dbn_dnn/final.feature_transform 'ark:copy-feats scp:exp_2/dnn4_pretrain-dbn_dnn/train.scp ark:- |' 'ark:ali-to-pdf exp/tri1_ali/final.mdl "ark:gunzip -c exp/tri1_ali/ali.*.gz |" ark:- | ali-to-post ark:- ark:- |' exp_2/dnn4_pretrain-dbn_dnn/nnet_dbn_dnn.init exp_2/dnn4_pretrain-dbn_dnn/nnet/nnet_dbn_dnn_iter01 
WARNING (nnet-train-frmshuff[5.4.140~1-1ab3d]:SelectGpuId():cu-device.cc:196) Not in compute-exclusive mode.  Suggestion: use 'nvidia-smi -c 3' to set compute exclusive mode
LOG (nnet-train-frmshuff[5.4.140~1-1ab3d]:SelectGpuIdAuto():cu-device.cc:315) Selecting from 4 GPUs
LOG (nnet-train-frmshuff[5.4.140~1-1ab3d]:SelectGpuIdAuto():cu-device.cc:330) cudaSetDevice(0): GeForce GTX 1080	free:7998M, used:121M, total:8119M, free/total:0.985098
LOG (nnet-train-frmshuff[5.4.140~1-1ab3d]:SelectGpuIdAuto():cu-device.cc:330) cudaSetDevice(1): GeForce GTX 1080	free:7998M, used:121M, total:8119M, free/total:0.985098
LOG (nnet-train-frmshuff[5.4.140~1-1ab3d]:SelectGpuIdAuto():cu-device.cc:330) cudaSetDevice(2): GeForce GTX 1080	free:7998M, used:121M, total:8119M, free/total:0.985098
LOG (nnet-train-frmshuff[5.4.140~1-1ab3d]:SelectGpuIdAuto():cu-device.cc:330) cudaSetDevice(3): GeForce GTX 1080	free:7998M, used:121M, total:8119M, free/total:0.985098
LOG (nnet-train-frmshuff[5.4.140~1-1ab3d]:SelectGpuIdAuto():cu-device.cc:379) Trying to select device: 0 (automatically), mem_ratio: 0.985098
LOG (nnet-train-frmshuff[5.4.140~1-1ab3d]:SelectGpuIdAuto():cu-device.cc:398) Success selecting device 0 free mem ratio: 0.985098
LOG (nnet-train-frmshuff[5.4.140~1-1ab3d]:FinalizeActiveGpu():cu-device.cc:247) The active GPU is [0]: GeForce GTX 1080	free:7934M, used:185M, total:8119M, free/total:0.977216 version 6.1
copy-feats scp:exp_2/dnn4_pretrain-dbn_dnn/train.scp ark:- 
LOG (nnet-train-frmshuff[5.4.140~1-1ab3d]:Init():nnet-randomizer.cc:32) Seeding by srand with : 777
LOG (nnet-train-frmshuff[5.4.140~1-1ab3d]:main():nnet-train-frmshuff.cc:163) TRAINING STARTED
ali-to-pdf exp/tri1_ali/final.mdl 'ark:gunzip -c exp/tri1_ali/ali.*.gz |' ark:- 
ali-to-post ark:- ark:- 
LOG (nnet-train-frmshuff[5.4.140~1-1ab3d]:main():nnet-train-frmshuff.cc:354) ### After 0 frames,
LOG (nnet-train-frmshuff[5.4.140~1-1ab3d]:main():nnet-train-frmshuff.cc:355) 
### FORWARD PROPAGATION BUFFER CONTENT :
[0] output of <Input>  ( min -6.38268, max 6.24739, mean 0.00257367, stddev 0.992805, skewness -0.0418423, kurtosis 1.41002 ) 
[1] output of <AffineTransform> ( min -20.7926, max 11.575, mean -3.31996, stddev 2.42874, skewness 0.0661778, kurtosis 1.54047 ) 
[2] output of <Sigmoid> ( min 9.32991e-10, max 0.999991, mean 0.12776, stddev 0.218808, skewness 2.37188, kurtosis 4.95653 ) 
[3] output of <AffineTransform> ( min -23.0493, max 15.7056, mean -2.77821, stddev 2.05369, skewness -0.0215618, kurtosis 2.11472 ) 
[4] output of <Sigmoid> ( min 9.768e-11, max 1, mean 0.14046, stddev 0.205001, skewness 2.32721, kurtosis 5.0655 ) 
[5] output of <AffineTransform> ( min -15.2365, max 9.34333, mean -3.16744, stddev 2.00488, skewness 0.464163, kurtosis 1.66966 ) 
[6] output of <Sigmoid> ( min 2.41478e-07, max 0.999912, mean 0.113801, stddev 0.19681, skewness 2.71855, kurtosis 7.10633 ) 
[7] output of <AffineTransform> ( min -25.9884, max 14.3439, mean -2.78717, stddev 1.81988, skewness 0.247603, kurtosis 2.9363 ) 
[8] output of <Sigmoid> ( min 5.16872e-12, max 0.999999, mean 0.125906, stddev 0.190416, skewness 2.64126, kurtosis 6.8819 ) 
[9] output of <AffineTransform> ( min -5.75378, max 5.52449, mean 0.0242106, stddev 1.10372, skewness 0.133864, kurtosis 0.810767 ) 
[10] output of <Softmax> ( min 6.51349e-06, max 0.464317, mean 0.0078125, stddev 0.0141777, skewness 9.21581, kurtosis 151.366 ) 
### END FORWARD
LOG (nnet-train-frmshuff[5.4.140~1-1ab3d]:main():nnet-train-frmshuff.cc:357) 
### BACKWARD PROPAGATION BUFFER CONTENT :
[0] diff of <Input>  ( min -0.0898066, max 0.0868757, mean -2.91278e-05, stddev 0.0147535, skewness 0.0304306, kurtosis 1.48348 ) 
[1] diff-output of <AffineTransform> ( min -0.0561433, max 0.0567609, mean 0.000286295, stddev 0.00399836, skewness 0.958657, kurtosis 14.9113 ) 
[2] diff-output of <Sigmoid> ( min -0.299323, max 0.233651, mean 0.000259016, stddev 0.0348054, skewness 0.0580043, kurtosis 1.3236 ) 
[3] diff-output of <AffineTransform> ( min -0.0520507, max 0.0489014, mean 0.000307577, stddev 0.00422693, skewness 0.778771, kurtosis 11.3536 ) 
[4] diff-output of <Sigmoid> ( min -0.234115, max 0.212497, mean -5.05542e-05, stddev 0.0346343, skewness 0.0212581, kurtosis 1.15676 ) 
[5] diff-output of <AffineTransform> ( min -0.062941, max 0.0681201, mean 0.000262733, stddev 0.00459609, skewness 0.830861, kurtosis 13.4751 ) 
[6] diff-output of <Sigmoid> ( min -0.265397, max 0.286435, mean -0.00121196, stddev 0.0458518, skewness 0.035593, kurtosis 0.511556 ) 
[7] diff-output of <AffineTransform> ( min -0.139269, max 0.14524, mean 0.000496097, stddev 0.014932, skewness 0.225824, kurtosis 7.59249 ) 
[8] diff-output of <Sigmoid> ( min -0.659324, max 0.623616, mean 0.00393159, stddev 0.148239, skewness -0.00422891, kurtosis 0.00705433 ) 
[9] diff-output of <AffineTransform> ( min -0.999874, max 0.464317, mean 7.34603e-11, stddev 0.0892517, skewness -10.7206, kurtosis 116.927 ) 
[10] diff-output of <Softmax> ( min -0.999874, max 0.464317, mean 7.34603e-11, stddev 0.0892517, skewness -10.7206, kurtosis 116.927 ) 
### END BACKWARD
LOG (nnet-train-frmshuff[5.4.140~1-1ab3d]:main():nnet-train-frmshuff.cc:358) 
### GRADIENT STATS :
Component 1 : <AffineTransform>, 
  linearity_grad ( min -0.491825, max 0.463521, mean -0.000779007, stddev 0.0747227, skewness -0.102464, kurtosis 1.52563 ) , lr-coef 1, max-norm 0
  bias_grad ( min -0.191108, max 0.482401, mean 0.0732916, stddev 0.105469, skewness 0.411646, kurtosis 0.454932 ) , lr-coef 1
Component 2 : <Sigmoid>, 
Component 3 : <AffineTransform>, 
  linearity_grad ( min -0.289934, max 0.48048, mean 0.0106229, stddev 0.0247665, skewness 1.12373, kurtosis 7.64169 ) , lr-coef 1, max-norm 0
  bias_grad ( min -0.392208, max 0.652324, mean 0.0787398, stddev 0.118548, skewness 0.257419, kurtosis 0.78764 ) , lr-coef 1
Component 4 : <Sigmoid>, 
Component 5 : <AffineTransform>, 
  linearity_grad ( min -0.315254, max 0.508989, mean 0.010124, stddev 0.0260641, skewness 0.699966, kurtosis 5.04353 ) , lr-coef 1, max-norm 0
  bias_grad ( min -0.474874, max 0.509404, mean 0.0672595, stddev 0.127117, skewness 0.183631, kurtosis 0.613519 ) , lr-coef 1
Component 6 : <Sigmoid>, 
Component 7 : <AffineTransform>, 
  linearity_grad ( min -1.13932, max 1.62688, mean 0.015214, stddev 0.0834313, skewness 0.627693, kurtosis 7.47832 ) , lr-coef 1, max-norm 0
  bias_grad ( min -2.03136, max 2.19228, mean 0.127001, stddev 0.483834, skewness 0.326264, kurtosis 0.709576 ) , lr-coef 1
Component 8 : <Sigmoid>, 
Component 9 : <AffineTransform>, 
  linearity_grad ( min -13.864, max 6.62895, mean 1.73159e-09, stddev 0.568898, skewness -2.45693, kurtosis 38.8789 ) , lr-coef 1, max-norm 0
  bias_grad ( min -13.0744, max 13.9145, mean 4.88944e-08, stddev 3.40987, skewness -0.17781, kurtosis 6.45115 ) , lr-coef 1
Component 10 : <Softmax>, 
### END GRADIENT
LOG (ali-to-pdf[5.4.140~1-1ab3d]:main():ali-to-pdf.cc:68) Converted 3696 alignments to pdf sequences.
LOG (ali-to-post[5.4.140~1-1ab3d]:main():ali-to-post.cc:73) Converted 3696 alignments.
LOG (nnet-train-frmshuff[5.4.140~1-1ab3d]:Eval():nnet-loss.cc:148) ProgressLoss[last 5h of 5h]: 1.17192 (Xent), fps=102866, elapsed 0.00486h
LOG (copy-feats[5.4.140~1-1ab3d]:main():copy-feats.cc:143) Copied 3328 feature matrices.
LOG (nnet-train-frmshuff[5.4.140~1-1ab3d]:main():nnet-train-frmshuff.cc:384) ### After 2024448 frames,
LOG (nnet-train-frmshuff[5.4.140~1-1ab3d]:main():nnet-train-frmshuff.cc:385) 
### FORWARD PROPAGATION BUFFER CONTENT :
[0] output of <Input>  ( min -6.80962, max 6.34581, mean 0.00435732, stddev 0.975965, skewness -0.0328166, kurtosis 1.64018 ) 
[1] output of <AffineTransform> ( min -35.6615, max 28.3742, mean -3.40078, stddev 4.41011, skewness 0.0755349, kurtosis 1.71949 ) 
[2] output of <Sigmoid> ( min 3.25379e-16, max 1, mean 0.212632, stddev 0.323762, skewness 1.45007, kurtosis 0.584603 ) 
[3] output of <AffineTransform> ( min -27.8062, max 21.2986, mean -2.98159, stddev 2.88435, skewness 0.00914662, kurtosis 2.03649 ) 
[4] output of <Sigmoid> ( min 8.39345e-13, max 1, mean 0.172205, stddev 0.25977, skewness 1.84266, kurtosis 2.34781 ) 
[5] output of <AffineTransform> ( min -18.1122, max 13.6902, mean -3.51301, stddev 2.63184, skewness 0.454251, kurtosis 1.82173 ) 
[6] output of <Sigmoid> ( min 1.36141e-08, max 0.999999, mean 0.123209, stddev 0.225468, skewness 2.4912, kurtosis 5.48023 ) 
[7] output of <AffineTransform> ( min -21.5897, max 12.4519, mean -4.21235, stddev 2.42699, skewness 0.0875939, kurtosis 1.99656 ) 
[8] output of <Sigmoid> ( min 4.20444e-10, max 0.999996, mean 0.07529, stddev 0.167232, skewness 3.57964, kurtosis 13.3604 ) 
[9] output of <AffineTransform> ( min -11.2555, max 19.4514, mean 0.0222253, stddev 3.77323, skewness 0.829742, kurtosis 1.10895 ) 
[10] output of <Softmax> ( min 3.46577e-13, max 0.998455, mean 0.0078125, stddev 0.0660906, skewness 11.3306, kurtosis 138.876 ) 
### END FORWARD
LOG (nnet-train-frmshuff[5.4.140~1-1ab3d]:main():nnet-train-frmshuff.cc:387) 
### BACKWARD PROPAGATION BUFFER CONTENT :
[0] diff of <Input>  ( min -1.2755, max 2.75151, mean 0.000929701, stddev 0.0474936, skewness 1.95022, kurtosis 140.48 ) 
[1] diff-output of <AffineTransform> ( min -0.250757, max 0.258391, mean -4.48415e-05, stddev 0.00599829, skewness -0.399358, kurtosis 104.687 ) 
[2] diff-output of <Sigmoid> ( min -1.00313, max 1.05284, mean -0.000450206, stddev 0.054812, skewness -0.179979, kurtosis 16.4788 ) 
[3] diff-output of <AffineTransform> ( min -0.154099, max 0.179553, mean -6.56348e-05, stddev 0.00635991, skewness -0.173279, kurtosis 59.4093 ) 
[4] diff-output of <Sigmoid> ( min -0.779005, max 0.830209, mean -8.37212e-05, stddev 0.0516377, skewness 0.0494604, kurtosis 15.5478 ) 
[5] diff-output of <AffineTransform> ( min -0.202374, max 0.217014, mean -5.18821e-05, stddev 0.00664635, skewness -0.148621, kurtosis 79.4725 ) 
[6] diff-output of <Sigmoid> ( min -0.903377, max 1.2302, mean 0.000153918, stddev 0.0588546, skewness -0.205684, kurtosis 15.8932 ) 
[7] diff-output of <AffineTransform> ( min -0.227252, max 0.361957, mean -5.44323e-05, stddev 0.0106914, skewness 0.88329, kurtosis 81.4994 ) 
[8] diff-output of <Sigmoid> ( min -1.75278, max 1.703, mean -0.000806069, stddev 0.126365, skewness -0.100642, kurtosis 8.30325 ) 
[9] diff-output of <AffineTransform> ( min -0.999173, max 0.948451, mean -3.41368e-11, stddev 0.0545676, skewness -7.09957, kurtosis 174.952 ) 
[10] diff-output of <Softmax> ( min -0.999173, max 0.948451, mean -3.41368e-11, stddev 0.0545676, skewness -7.09957, kurtosis 174.952 ) 
### END BACKWARD
LOG (nnet-train-frmshuff[5.4.140~1-1ab3d]:main():nnet-train-frmshuff.cc:388) 
### GRADIENT STATS :
Component 1 : <AffineTransform>, 
  linearity_grad ( min -0.736321, max 0.890937, mean -0.000370096, stddev 0.0931254, skewness 0.0271663, kurtosis 2.68284 ) , lr-coef 1, max-norm 0
  bias_grad ( min -0.634447, max 0.44936, mean -0.0114794, stddev 0.111389, skewness -0.0956561, kurtosis 2.07996 ) , lr-coef 1
Component 2 : <Sigmoid>, 
Component 3 : <AffineTransform>, 
  linearity_grad ( min -0.601281, max 0.563187, mean -0.00372318, stddev 0.0429646, skewness -0.373723, kurtosis 6.76305 ) , lr-coef 1, max-norm 0
  bias_grad ( min -0.717483, max 0.546393, mean -0.0168025, stddev 0.117966, skewness -0.414933, kurtosis 3.04358 ) , lr-coef 1
Component 4 : <Sigmoid>, 
Component 5 : <AffineTransform>, 
  linearity_grad ( min -0.503252, max 0.563499, mean -0.0024237, stddev 0.0362573, skewness -0.029987, kurtosis 9.92191 ) , lr-coef 1, max-norm 0
  bias_grad ( min -0.54806, max 0.706468, mean -0.0132818, stddev 0.12066, skewness 0.274439, kurtosis 3.26957 ) , lr-coef 1
Component 6 : <Sigmoid>, 
Component 7 : <AffineTransform>, 
  linearity_grad ( min -0.610006, max 0.546698, mean -0.00174453, stddev 0.0469738, skewness -0.20727, kurtosis 9.66916 ) , lr-coef 1, max-norm 0
  bias_grad ( min -0.716517, max 0.535376, mean -0.0139347, stddev 0.181587, skewness -0.277446, kurtosis 0.739701 ) , lr-coef 1
Component 8 : <Sigmoid>, 
Component 9 : <AffineTransform>, 
  linearity_grad ( min -4.67933, max 2.17388, mean -3.86541e-09, stddev 0.174588, skewness -2.70555, kurtosis 48.911 ) , lr-coef 1, max-norm 0
  bias_grad ( min -5.55241, max 3.01555, mean -1.80444e-08, stddev 1.02502, skewness -1.21579, kurtosis 6.16822 ) , lr-coef 1
Component 10 : <Softmax>, 
### END GRADIENT
LOG (nnet-train-frmshuff[5.4.140~1-1ab3d]:main():nnet-train-frmshuff.cc:395) Done 3328 files, 0 with no tgt_mats, 0 with other errors. [TRAINING, RANDOMIZED, 0.325659 min, processing 103608 frames per sec; i/o time 13.6135%]
LOG (nnet-train-frmshuff[5.4.140~1-1ab3d]:main():nnet-train-frmshuff.cc:405) PER-CLASS PERFORMANCE:
@@@ Frames per-class: [ 99453 10452 10379 8042 9913 6311 21145 13132 6304 10617 34193 5043 8744 11356 30510 12550 9219 5945 23687 14400 27661 5203 13875 24168 25646 11671 4780 12149 7657 28420 33600 11770 15662 4281 9536 10129 69800 8001 13316 12687 4321 15616 9828 17902 14264 9294 30776 2746 55463 106039 9748 40816 16498 17750 12702 20726 17182 6839 12103 21298 10011 11231 10409 9023 18662 22278 9397 17500 14561 30285 16712 10865 5027 7962 13576 5946 14023 19572 13884 12794 34427 18866 11688 4612 21321 6467 13984 20613 15110 18544 22229 12177 8379 16240 6766 21378 5063 21791 27140 6545 9361 13341 19170 10499 11260 11635 10516 9517 6346 5297 12134 13459 36531 6435 6345 4679 3952 5142 12060 13109 3423 10431 6022 24910 7055 4575 4395 12473 ]
@@@ Loss per-class: [ 0.471984 1.63929 1.68626 2.21222 1.01732 2.13179 1.92601 1.5019 1.16536 1.20453 1.0204 1.5971 1.98556 1.18829 1.42251 1.33713 2.1943 2.39945 0.904938 1.32834 0.609868 1.49559 1.02551 1.55579 1.69912 1.10647 1.29835 0.670378 1.72788 0.804027 0.903733 1.14973 1.33219 1.75958 0.877013 1.07421 0.436965 0.81837 0.855315 2.23805 3.04187 1.22951 1.29307 1.28802 0.886115 1.18292 0.877252 2.40306 1.0886 0.379636 1.46774 0.666115 1.32858 1.2783 1.53668 1.46592 1.1537 2.11591 1.54848 1.12256 2.25661 2.039 1.28248 2.0726 0.886218 0.94932 1.08888 0.895038 1.46552 0.9769 0.669369 1.0825 1.80124 2.24503 1.81509 2.27135 1.02933 0.838151 1.41103 0.822164 0.812166 1.94093 1.54267 1.26297 1.39792 1.90261 1.01106 1.05805 1.16296 1.21973 1.05003 1.16004 1.12697 0.522109 1.56794 1.25986 1.96115 1.04619 0.897953 1.70109 1.32159 1.7114 1.28008 1.18573 1.36751 1.76598 1.41891 0.863187 2.10307 1.71469 1.18842 2.18411 1.32763 1.51997 1.51645 1.54137 1.95259 1.52319 1.4204 1.92987 2.13819 1.40548 1.85687 0.831432 1.5239 1.2677 1.57789 1.33622 ]
@@@ Frame-accuracy per-class: [ 85.5294 47.4241 45.8982 31.6941 70.0963 32.5438 44.1323 49.9219 61.7178 58.6767 68.0597 49.6084 44.1077 68.0227 54.4829 57.3045 33.0061 40.3667 72.2533 58.3452 83.5313 53.8099 71.6226 49.73 47.9364 64.1306 58.1529 79.8551 43.8263 75.618 71.8858 65.044 60.9162 46.6659 74.5137 64.8502 86.2587 75.6233 74.0885 30.5261 17.3551 64.4639 64.4147 60.2262 74.4996 63.8012 67.3176 33.8613 61.8659 89.6232 52.7568 78.1522 60.2297 60.8772 52.9896 57.3758 67.8423 39.345 53.4308 62.8025 30.9844 37.3147 58.8693 36.9147 72.3912 71.459 63.6233 74.575 49.9742 70.0731 80.1556 67.2772 51.3973 31.3344 43.4206 32.0525 66.8663 74.6047 60.6072 76.1108 74.3504 36.8961 54.2927 60.5962 44.434 38.0827 69.2552 67.6789 66.8608 61.9591 66.5512 63.642 65.9467 84.4925 53.3363 58.7834 39.3601 65.6999 71.012 45.7566 58.9008 47.9032 59.7376 65.1745 56.3296 50.4233 59.2022 73.16 36.0199 46.286 65.425 30.9521 57.1616 56.064 50.3034 55.0486 43.9975 51.7258 56.6229 37.7436 27.0483 52.8304 47.4388 73.4269 54.9784 63.1406 54.26 55.8624 ]
LOG (nnet-train-frmshuff[5.4.140~1-1ab3d]:main():nnet-train-frmshuff.cc:406) AvgLoss: 1.1543 (Xent), [AvgXent: 1.1543, AvgTargetEnt: 0]
progress: [1.17192 ]
FRAME_ACCURACY >> 64.2138% <<
