mjrc-server10
nnet-train-frmshuff --cross-validate=false --randomize=true --verbose=0 --minibatch-size=256 --randomizer-size=32768 --randomizer-seed=777 --learn-rate=7.8125e-06 --momentum=0 --l1-penalty=0 --l2-penalty=0 --feature-transform=exp_2/dnn4_pretrain-dbn_dnn/final.feature_transform 'ark:copy-feats scp:exp_2/dnn4_pretrain-dbn_dnn/train.scp ark:- |' 'ark:ali-to-pdf exp/tri1_ali/final.mdl "ark:gunzip -c exp/tri1_ali/ali.*.gz |" ark:- | ali-to-post ark:- ark:- |' exp_2/dnn4_pretrain-dbn_dnn/nnet/nnet_dbn_dnn_iter12_learnrate1.5625e-05_tr0.7269_cv1.0977 exp_2/dnn4_pretrain-dbn_dnn/nnet/nnet_dbn_dnn_iter13 
WARNING (nnet-train-frmshuff[5.4.140~1-1ab3d]:SelectGpuId():cu-device.cc:196) Not in compute-exclusive mode.  Suggestion: use 'nvidia-smi -c 3' to set compute exclusive mode
LOG (nnet-train-frmshuff[5.4.140~1-1ab3d]:SelectGpuIdAuto():cu-device.cc:315) Selecting from 4 GPUs
LOG (nnet-train-frmshuff[5.4.140~1-1ab3d]:SelectGpuIdAuto():cu-device.cc:330) cudaSetDevice(0): GeForce GTX 1080	free:7998M, used:121M, total:8119M, free/total:0.985098
LOG (nnet-train-frmshuff[5.4.140~1-1ab3d]:SelectGpuIdAuto():cu-device.cc:330) cudaSetDevice(1): GeForce GTX 1080	free:7998M, used:121M, total:8119M, free/total:0.985098
LOG (nnet-train-frmshuff[5.4.140~1-1ab3d]:SelectGpuIdAuto():cu-device.cc:330) cudaSetDevice(2): GeForce GTX 1080	free:7998M, used:121M, total:8119M, free/total:0.985098
LOG (nnet-train-frmshuff[5.4.140~1-1ab3d]:SelectGpuIdAuto():cu-device.cc:330) cudaSetDevice(3): GeForce GTX 1080	free:7998M, used:121M, total:8119M, free/total:0.985098
LOG (nnet-train-frmshuff[5.4.140~1-1ab3d]:SelectGpuIdAuto():cu-device.cc:379) Trying to select device: 0 (automatically), mem_ratio: 0.985098
LOG (nnet-train-frmshuff[5.4.140~1-1ab3d]:SelectGpuIdAuto():cu-device.cc:398) Success selecting device 0 free mem ratio: 0.985098
LOG (nnet-train-frmshuff[5.4.140~1-1ab3d]:FinalizeActiveGpu():cu-device.cc:247) The active GPU is [0]: GeForce GTX 1080	free:7934M, used:185M, total:8119M, free/total:0.977216 version 6.1
copy-feats scp:exp_2/dnn4_pretrain-dbn_dnn/train.scp ark:- 
LOG (nnet-train-frmshuff[5.4.140~1-1ab3d]:Init():nnet-randomizer.cc:32) Seeding by srand with : 777
LOG (nnet-train-frmshuff[5.4.140~1-1ab3d]:main():nnet-train-frmshuff.cc:163) TRAINING STARTED
ali-to-pdf exp/tri1_ali/final.mdl 'ark:gunzip -c exp/tri1_ali/ali.*.gz |' ark:- 
ali-to-post ark:- ark:- 
LOG (nnet-train-frmshuff[5.4.140~1-1ab3d]:main():nnet-train-frmshuff.cc:354) ### After 0 frames,
LOG (nnet-train-frmshuff[5.4.140~1-1ab3d]:main():nnet-train-frmshuff.cc:355) 
### FORWARD PROPAGATION BUFFER CONTENT :
[0] output of <Input>  ( min -6.38268, max 6.24739, mean 0.00257367, stddev 0.992805, skewness -0.0418423, kurtosis 1.41002 ) 
[1] output of <AffineTransform> ( min -41.749, max 33.383, mean -3.565, stddev 5.26254, skewness 0.057992, kurtosis 1.26561 ) 
[2] output of <Sigmoid> ( min 7.39025e-19, max 1, mean 0.239962, stddev 0.352542, skewness 1.24033, kurtosis -0.104168 ) 
[3] output of <AffineTransform> ( min -27.8659, max 24.8175, mean -3.07188, stddev 3.37946, skewness -0.101084, kurtosis 1.68394 ) 
[4] output of <Sigmoid> ( min 7.90654e-13, max 1, mean 0.193571, stddev 0.283984, skewness 1.60668, kurtosis 1.33847 ) 
[5] output of <AffineTransform> ( min -19.5893, max 15.1334, mean -3.7688, stddev 3.05917, skewness 0.256941, kurtosis 1.20782 ) 
[6] output of <Sigmoid> ( min 3.10795e-09, max 1, mean 0.132625, stddev 0.241087, skewness 2.28378, kurtosis 4.28894 ) 
[7] output of <AffineTransform> ( min -23.0513, max 11.9539, mean -4.18678, stddev 2.71057, skewness -0.02194, kurtosis 1.12628 ) 
[8] output of <Sigmoid> ( min 9.74868e-11, max 0.999994, mean 0.092106, stddev 0.187694, skewness 2.98975, kurtosis 8.88245 ) 
[9] output of <AffineTransform> ( min -14.6002, max 22.4066, mean 0.0307842, stddev 4.64345, skewness 0.701936, kurtosis 0.888185 ) 
[10] output of <Softmax> ( min 6.49214e-16, max 0.999022, mean 0.0078125, stddev 0.0704091, skewness 11.334, kurtosis 135.989 ) 
### END FORWARD
LOG (nnet-train-frmshuff[5.4.140~1-1ab3d]:main():nnet-train-frmshuff.cc:357) 
### BACKWARD PROPAGATION BUFFER CONTENT :
[0] diff of <Input>  ( min -2.19708, max 2.72043, mean 0.00143886, stddev 0.0805854, skewness 0.455623, kurtosis 91.553 ) 
[1] diff-output of <AffineTransform> ( min -0.193737, max 0.264678, mean -3.53769e-05, stddev 0.00888653, skewness 0.176947, kurtosis 71.0992 ) 
[2] diff-output of <Sigmoid> ( min -1.40615, max 1.84528, mean -0.000306698, stddev 0.08673, skewness 0.186765, kurtosis 18.7246 ) 
[3] diff-output of <AffineTransform> ( min -0.336217, max 0.374657, mean 1.57468e-05, stddev 0.0101634, skewness -0.0230882, kurtosis 81.4745 ) 
[4] diff-output of <Sigmoid> ( min -1.77402, max 1.78166, mean 0.000142771, stddev 0.0840708, skewness 0.0151159, kurtosis 19.4273 ) 
[5] diff-output of <AffineTransform> ( min -0.503369, max 0.50501, mean 1.29188e-05, stddev 0.01106, skewness -0.106295, kurtosis 127.839 ) 
[6] diff-output of <Sigmoid> ( min -2.13161, max 2.62759, mean -0.000408304, stddev 0.101707, skewness -0.108306, kurtosis 25.2451 ) 
[7] diff-output of <AffineTransform> ( min -0.40106, max 0.601213, mean 1.4584e-05, stddev 0.0165636, skewness 0.906832, kurtosis 88.479 ) 
[8] diff-output of <Sigmoid> ( min -2.28887, max 2.60925, mean -6.11805e-05, stddev 0.171621, skewness -0.0988404, kurtosis 11.8019 ) 
[9] diff-output of <AffineTransform> ( min -0.99894, max 0.933017, mean 7.34293e-11, stddev 0.0553326, skewness -5.68194, kurtosis 183.034 ) 
[10] diff-output of <Softmax> ( min -0.99894, max 0.933017, mean 7.34293e-11, stddev 0.0553326, skewness -5.68194, kurtosis 183.034 ) 
### END BACKWARD
LOG (nnet-train-frmshuff[5.4.140~1-1ab3d]:main():nnet-train-frmshuff.cc:358) 
### GRADIENT STATS :
Component 1 : <AffineTransform>, 
  linearity_grad ( min -1.11291, max 1.07961, mean -0.00101598, stddev 0.133567, skewness -0.018612, kurtosis 1.71243 ) , lr-coef 1, max-norm 0
  bias_grad ( min -0.590815, max 0.407946, mean -0.00905649, stddev 0.146857, skewness -0.290729, kurtosis 0.362742 ) , lr-coef 1
Component 2 : <Sigmoid>, 
Component 3 : <AffineTransform>, 
  linearity_grad ( min -0.696554, max 0.748439, mean 0.00155726, stddev 0.0686263, skewness -0.0542868, kurtosis 4.05321 ) , lr-coef 1, max-norm 0
  bias_grad ( min -0.680123, max 0.874397, mean 0.00403119, stddev 0.163357, skewness -0.0902637, kurtosis 1.55784 ) , lr-coef 1
Component 4 : <Sigmoid>, 
Component 5 : <AffineTransform>, 
  linearity_grad ( min -0.833405, max 0.718455, mean 0.00122878, stddev 0.0606767, skewness 0.00883343, kurtosis 6.84818 ) , lr-coef 1, max-norm 0
  bias_grad ( min -0.757422, max 0.760486, mean 0.00330722, stddev 0.179282, skewness -0.131014, kurtosis 1.52446 ) , lr-coef 1
Component 6 : <Sigmoid>, 
Component 7 : <AffineTransform>, 
  linearity_grad ( min -0.986382, max 1.55754, mean 0.000404874, stddev 0.0746798, skewness 0.340502, kurtosis 10.9711 ) , lr-coef 1, max-norm 0
  bias_grad ( min -1.10878, max 1.56444, mean 0.0037335, stddev 0.276651, skewness 0.191384, kurtosis 2.04369 ) , lr-coef 1
Component 8 : <Sigmoid>, 
Component 9 : <AffineTransform>, 
  linearity_grad ( min -3.7041, max 2.80418, mean -1.83377e-09, stddev 0.196424, skewness -1.25477, kurtosis 26.5094 ) , lr-coef 1, max-norm 0
  bias_grad ( min -4.11721, max 2.86714, mean 2.1304e-08, stddev 0.961096, skewness -0.604386, kurtosis 2.70282 ) , lr-coef 1
Component 10 : <Softmax>, 
### END GRADIENT
LOG (ali-to-pdf[5.4.140~1-1ab3d]:main():ali-to-pdf.cc:68) Converted 3696 alignments to pdf sequences.
LOG (ali-to-post[5.4.140~1-1ab3d]:main():ali-to-post.cc:73) Converted 3696 alignments.
LOG (nnet-train-frmshuff[5.4.140~1-1ab3d]:Eval():nnet-loss.cc:148) ProgressLoss[last 5h of 5h]: 0.734353 (Xent), fps=103650, elapsed 0.00482h
LOG (copy-feats[5.4.140~1-1ab3d]:main():copy-feats.cc:143) Copied 3328 feature matrices.
LOG (nnet-train-frmshuff[5.4.140~1-1ab3d]:main():nnet-train-frmshuff.cc:384) ### After 2024448 frames,
LOG (nnet-train-frmshuff[5.4.140~1-1ab3d]:main():nnet-train-frmshuff.cc:385) 
### FORWARD PROPAGATION BUFFER CONTENT :
[0] output of <Input>  ( min -6.80962, max 6.34581, mean 0.00435732, stddev 0.975965, skewness -0.0328166, kurtosis 1.64018 ) 
[1] output of <AffineTransform> ( min -44.7811, max 35.196, mean -3.5395, stddev 5.19179, skewness 0.0374042, kurtosis 1.46871 ) 
[2] output of <Sigmoid> ( min 3.56311e-20, max 1, mean 0.237381, stddev 0.349884, skewness 1.25982, kurtosis -0.04425 ) 
[3] output of <AffineTransform> ( min -29.0869, max 23.4853, mean -3.06596, stddev 3.35405, skewness -0.123463, kurtosis 1.73475 ) 
[4] output of <Sigmoid> ( min 2.33188e-13, max 1, mean 0.192501, stddev 0.282113, skewness 1.61515, kurtosis 1.37952 ) 
[5] output of <AffineTransform> ( min -21.1781, max 15.0362, mean -3.77831, stddev 3.03573, skewness 0.264475, kurtosis 1.23925 ) 
[6] output of <Sigmoid> ( min 6.34527e-10, max 1, mean 0.130902, stddev 0.23904, skewness 2.3074, kurtosis 4.42266 ) 
[7] output of <AffineTransform> ( min -22.9497, max 10.8298, mean -4.16848, stddev 2.67453, skewness -0.031299, kurtosis 1.10835 ) 
[8] output of <Sigmoid> ( min 1.07913e-10, max 0.99998, mean 0.0914432, stddev 0.185417, skewness 3.00079, kurtosis 9.02355 ) 
[9] output of <AffineTransform> ( min -14.863, max 22.4234, mean 0.0276261, stddev 4.63785, skewness 0.691654, kurtosis 0.821578 ) 
[10] output of <Softmax> ( min 1.33239e-15, max 0.999527, mean 0.0078125, stddev 0.0707715, skewness 11.3504, kurtosis 135.705 ) 
### END FORWARD
LOG (nnet-train-frmshuff[5.4.140~1-1ab3d]:main():nnet-train-frmshuff.cc:387) 
### BACKWARD PROPAGATION BUFFER CONTENT :
[0] diff of <Input>  ( min -2.78344, max 6.51068, mean 0.000788267, stddev 0.0744051, skewness 6.89643, kurtosis 642.472 ) 
[1] diff-output of <AffineTransform> ( min -0.368464, max 0.294161, mean -6.82112e-05, stddev 0.00797833, skewness -2.16934, kurtosis 127.099 ) 
[2] diff-output of <Sigmoid> ( min -1.70549, max 1.51082, mean -0.000468411, stddev 0.0751417, skewness -0.522311, kurtosis 22.9397 ) 
[3] diff-output of <AffineTransform> ( min -0.38919, max 0.242075, mean -7.52232e-05, stddev 0.00870463, skewness -1.3172, kurtosis 97.1854 ) 
[4] diff-output of <Sigmoid> ( min -1.64302, max 1.25967, mean -8.43564e-05, stddev 0.072501, skewness -0.255086, kurtosis 24.0554 ) 
[5] diff-output of <AffineTransform> ( min -0.413, max 0.348457, mean -6.29689e-05, stddev 0.00949898, skewness -0.80708, kurtosis 131.742 ) 
[6] diff-output of <Sigmoid> ( min -1.77847, max 1.49717, mean 0.000359537, stddev 0.0867255, skewness -0.231682, kurtosis 21.5595 ) 
[7] diff-output of <AffineTransform> ( min -0.508682, max 0.433325, mean -5.06043e-05, stddev 0.0144074, skewness -0.337566, kurtosis 91.2518 ) 
[8] diff-output of <Sigmoid> ( min -2.442, max 2.25697, mean -0.00119624, stddev 0.15347, skewness -0.214603, kurtosis 12.6581 ) 
[9] diff-output of <AffineTransform> ( min -0.998591, max 0.966134, mean -5.49019e-11, stddev 0.0502909, skewness -6.67454, kurtosis 212.653 ) 
[10] diff-output of <Softmax> ( min -0.998591, max 0.966134, mean -5.49019e-11, stddev 0.0502909, skewness -6.67454, kurtosis 212.653 ) 
### END BACKWARD
LOG (nnet-train-frmshuff[5.4.140~1-1ab3d]:main():nnet-train-frmshuff.cc:388) 
### GRADIENT STATS :
Component 1 : <AffineTransform>, 
  linearity_grad ( min -1.29631, max 1.43862, mean -1.78093e-05, stddev 0.118932, skewness 0.0864324, kurtosis 2.85667 ) , lr-coef 1, max-norm 0
  bias_grad ( min -0.905913, max 0.470663, mean -0.0174621, stddev 0.139638, skewness -0.478292, kurtosis 2.52563 ) , lr-coef 1
Component 2 : <Sigmoid>, 
Component 3 : <AffineTransform>, 
  linearity_grad ( min -0.8452, max 0.540182, mean -0.00436333, stddev 0.0635542, skewness -0.544807, kurtosis 5.68016 ) , lr-coef 1, max-norm 0
  bias_grad ( min -0.753972, max 0.55086, mean -0.0192571, stddev 0.159195, skewness -0.505287, kurtosis 1.90189 ) , lr-coef 1
Component 4 : <Sigmoid>, 
Component 5 : <AffineTransform>, 
  linearity_grad ( min -1.10845, max 0.868401, mean -0.00318196, stddev 0.0575685, skewness -0.499182, kurtosis 13.8708 ) , lr-coef 1, max-norm 0
  bias_grad ( min -1.08218, max 0.762527, mean -0.01612, stddev 0.176699, skewness -0.370081, kurtosis 4.3345 ) , lr-coef 1
Component 6 : <Sigmoid>, 
Component 7 : <AffineTransform>, 
  linearity_grad ( min -1.38107, max 1.08377, mean -0.00181964, stddev 0.0681334, skewness -0.225383, kurtosis 11.2564 ) , lr-coef 1, max-norm 0
  bias_grad ( min -1.43369, max 1.1405, mean -0.0129547, stddev 0.255974, skewness -0.162316, kurtosis 2.25189 ) , lr-coef 1
Component 8 : <Sigmoid>, 
Component 9 : <AffineTransform>, 
  linearity_grad ( min -5.0689, max 2.22938, mean -3.99019e-09, stddev 0.177963, skewness -2.84908, kurtosis 48.8347 ) , lr-coef 1, max-norm 0
  bias_grad ( min -5.9396, max 1.83956, mean -3.05008e-08, stddev 0.927218, skewness -2.22717, kurtosis 11.8981 ) , lr-coef 1
Component 10 : <Softmax>, 
### END GRADIENT
LOG (nnet-train-frmshuff[5.4.140~1-1ab3d]:main():nnet-train-frmshuff.cc:395) Done 3328 files, 0 with no tgt_mats, 0 with other errors. [TRAINING, RANDOMIZED, 0.323331 min, processing 104354 frames per sec; i/o time 13.8584%]
LOG (nnet-train-frmshuff[5.4.140~1-1ab3d]:main():nnet-train-frmshuff.cc:405) PER-CLASS PERFORMANCE:
@@@ Frames per-class: [ 99453 10452 10379 8042 9913 6311 21145 13132 6304 10617 34193 5043 8744 11356 30510 12550 9219 5945 23687 14400 27661 5203 13875 24168 25646 11671 4780 12149 7657 28420 33600 11770 15662 4281 9536 10129 69800 8001 13316 12687 4321 15616 9828 17902 14264 9294 30776 2746 55463 106039 9748 40816 16498 17750 12702 20726 17182 6839 12103 21298 10011 11231 10409 9023 18662 22278 9397 17500 14561 30285 16712 10865 5027 7962 13576 5946 14023 19572 13884 12794 34427 18866 11688 4612 21321 6467 13984 20613 15110 18544 22229 12177 8379 16240 6766 21378 5063 21791 27140 6545 9361 13341 19170 10499 11260 11635 10516 9517 6346 5297 12134 13459 36531 6435 6345 4679 3952 5142 12060 13109 3423 10431 6022 24910 7055 4575 4395 12473 ]
@@@ Loss per-class: [ 0.276165 1.14977 1.07084 1.47266 0.598222 1.51011 1.40335 1.01141 0.637568 0.738802 0.639534 0.961596 1.02254 0.649784 1.01961 0.93235 1.45192 1.65738 0.538035 0.843324 0.325996 0.724765 0.461624 1.13569 1.26676 0.734277 0.730122 0.317968 1.17486 0.422119 0.539048 0.611684 0.824765 0.960555 0.439147 0.647489 0.286193 0.455046 0.490757 1.2658 2.04827 0.723566 0.634044 0.828582 0.468702 0.710129 0.571738 1.52352 0.613273 0.253587 0.825412 0.423749 0.823833 0.816727 0.969678 0.902794 0.689403 1.29101 1.10763 0.854283 1.60484 1.42168 0.696451 1.47688 0.580274 0.614482 0.677195 0.456336 0.949358 0.608799 0.256376 0.643059 0.850226 1.53899 1.32058 1.40274 0.682716 0.55752 0.808424 0.316808 0.511879 1.37785 0.859208 0.645145 0.951064 1.27206 0.695573 0.710804 0.7122 0.748292 0.722647 0.523477 0.67303 0.33057 0.883469 0.731855 1.33279 0.68133 0.573053 0.805006 0.845152 1.20406 0.946341 0.564945 0.89314 0.935537 0.789752 0.478332 1.1958 1.00876 0.719916 1.56151 0.905253 0.799868 0.91042 0.733758 1.08606 0.983263 0.879236 1.35875 1.38572 1.01027 1.13983 0.548956 0.78894 0.681741 0.939725 0.903379 ]
@@@ Frame-accuracy per-class: [ 90.8988 60.0048 62.8065 51.7998 81.7875 48.4512 54.9952 64.6792 78.4202 74.0758 79.8485 66.1644 68.0542 81.4335 64.9711 67.1846 49.7966 54.7809 82.3388 72.0114 90.3241 74.8535 86.7212 60.2727 57.2983 74.1464 74.3228 90.2012 57.7342 86.5678 82.3738 80.2345 73.5579 69.2281 86.5622 76.9831 90.8561 85.9839 84.5793 56.9537 36.2606 77.13 81.4672 73.3082 85.5831 76.4646 76.8638 52.1755 78.3849 92.2911 72.883 86.2494 74.0007 74.0993 69.8052 72.3518 79.3133 61.1594 63.5353 68.9767 46.3367 52.2014 76.3053 49.1494 80 80.1086 76.6693 86.4661 63.9701 79.8336 92.4218 79.6742 75.9423 49.4443 55.7655 53.5946 77.4343 81.87 75.5663 89.9449 83.4217 51.3927 72.8408 78.5257 59.1375 55.2455 77.8219 76.8962 78.2304 74.9548 75.7192 83.2765 79.7661 89.6832 71.7062 76.4319 55.1792 77.1769 80.8865 72.737 71.8688 61.1401 66.8944 81.3467 70.1301 71.2389 75.7286 84.7912 61.01 64.974 77.2096 46.1681 69.4442 74.7727 67.67 75.8628 67.9064 66.2324 71.7052 53.404 48.3423 63.0111 63.2462 82.2665 74.9486 78.1991 70.2764 67.5432 ]
LOG (nnet-train-frmshuff[5.4.140~1-1ab3d]:main():nnet-train-frmshuff.cc:406) AvgLoss: 0.726538 (Xent), [AvgXent: 0.726538, AvgTargetEnt: 0]
progress: [0.734353 ]
FRAME_ACCURACY >> 75.8851% <<
