mjrc-server10
nnet-train-frmshuff --cross-validate=false --randomize=true --verbose=0 --minibatch-size=256 --randomizer-size=32768 --randomizer-seed=777 --learn-rate=0.002 --momentum=0 --l1-penalty=0 --l2-penalty=0 --feature-transform=exp_2/dnn4_pretrain-dbn_dnn/final.feature_transform 'ark:copy-feats scp:exp_2/dnn4_pretrain-dbn_dnn/train.scp ark:- |' 'ark:ali-to-pdf exp/tri1_ali/final.mdl "ark:gunzip -c exp/tri1_ali/ali.*.gz |" ark:- | ali-to-post ark:- ark:- |' exp_2/dnn4_pretrain-dbn_dnn/nnet/nnet_dbn_dnn_iter04_learnrate0.004_tr0.8063_cv1.2822 exp_2/dnn4_pretrain-dbn_dnn/nnet/nnet_dbn_dnn_iter05 
WARNING (nnet-train-frmshuff[5.4.140~1-1ab3d]:SelectGpuId():cu-device.cc:196) Not in compute-exclusive mode.  Suggestion: use 'nvidia-smi -c 3' to set compute exclusive mode
LOG (nnet-train-frmshuff[5.4.140~1-1ab3d]:SelectGpuIdAuto():cu-device.cc:315) Selecting from 4 GPUs
LOG (nnet-train-frmshuff[5.4.140~1-1ab3d]:SelectGpuIdAuto():cu-device.cc:330) cudaSetDevice(0): GeForce GTX 1080	free:7998M, used:121M, total:8119M, free/total:0.985098
LOG (nnet-train-frmshuff[5.4.140~1-1ab3d]:SelectGpuIdAuto():cu-device.cc:330) cudaSetDevice(1): GeForce GTX 1080	free:7998M, used:121M, total:8119M, free/total:0.985098
LOG (nnet-train-frmshuff[5.4.140~1-1ab3d]:SelectGpuIdAuto():cu-device.cc:330) cudaSetDevice(2): GeForce GTX 1080	free:7998M, used:121M, total:8119M, free/total:0.985098
LOG (nnet-train-frmshuff[5.4.140~1-1ab3d]:SelectGpuIdAuto():cu-device.cc:330) cudaSetDevice(3): GeForce GTX 1080	free:7998M, used:121M, total:8119M, free/total:0.985098
LOG (nnet-train-frmshuff[5.4.140~1-1ab3d]:SelectGpuIdAuto():cu-device.cc:379) Trying to select device: 0 (automatically), mem_ratio: 0.985098
LOG (nnet-train-frmshuff[5.4.140~1-1ab3d]:SelectGpuIdAuto():cu-device.cc:398) Success selecting device 0 free mem ratio: 0.985098
LOG (nnet-train-frmshuff[5.4.140~1-1ab3d]:FinalizeActiveGpu():cu-device.cc:247) The active GPU is [0]: GeForce GTX 1080	free:7934M, used:185M, total:8119M, free/total:0.977216 version 6.1
copy-feats scp:exp_2/dnn4_pretrain-dbn_dnn/train.scp ark:- 
LOG (nnet-train-frmshuff[5.4.140~1-1ab3d]:Init():nnet-randomizer.cc:32) Seeding by srand with : 777
LOG (nnet-train-frmshuff[5.4.140~1-1ab3d]:main():nnet-train-frmshuff.cc:163) TRAINING STARTED
ali-to-post ark:- ark:- 
ali-to-pdf exp/tri1_ali/final.mdl 'ark:gunzip -c exp/tri1_ali/ali.*.gz |' ark:- 
LOG (nnet-train-frmshuff[5.4.140~1-1ab3d]:main():nnet-train-frmshuff.cc:354) ### After 0 frames,
LOG (nnet-train-frmshuff[5.4.140~1-1ab3d]:main():nnet-train-frmshuff.cc:355) 
### FORWARD PROPAGATION BUFFER CONTENT :
[0] output of <Input>  ( min -6.38268, max 6.24739, mean 0.00257367, stddev 0.992805, skewness -0.0418423, kurtosis 1.41002 ) 
[1] output of <AffineTransform> ( min -40.8359, max 33.089, mean -3.5442, stddev 5.24621, skewness 0.0663128, kurtosis 1.33836 ) 
[2] output of <Sigmoid> ( min 1.84165e-18, max 1, mean 0.239212, stddev 0.351738, skewness 1.24739, kurtosis -0.0826445 ) 
[3] output of <AffineTransform> ( min -30.8235, max 24.4368, mean -3.23665, stddev 3.46968, skewness -0.0627371, kurtosis 1.76381 ) 
[4] output of <Sigmoid> ( min 4.10694e-14, max 1, mean 0.184765, stddev 0.282267, skewness 1.68706, kurtosis 1.60143 ) 
[5] output of <AffineTransform> ( min -20.9106, max 14.6756, mean -3.78804, stddev 3.02725, skewness 0.306575, kurtosis 1.39394 ) 
[6] output of <Sigmoid> ( min 8.29165e-10, max 1, mean 0.128863, stddev 0.238363, skewness 2.34816, kurtosis 4.6129 ) 
[7] output of <AffineTransform> ( min -23.1271, max 12.9726, mean -4.37546, stddev 2.70414, skewness 0.0374082, kurtosis 1.35441 ) 
[8] output of <Sigmoid> ( min 9.03753e-11, max 0.999998, mean 0.0826972, stddev 0.180294, skewness 3.24481, kurtosis 10.6373 ) 
[9] output of <AffineTransform> ( min -12.9093, max 21.3879, mean 0.0271675, stddev 4.46308, skewness 0.752783, kurtosis 0.975159 ) 
[10] output of <Softmax> ( min 1.30894e-14, max 0.999171, mean 0.0078125, stddev 0.069594, skewness 11.3029, kurtosis 135.562 ) 
### END FORWARD
LOG (nnet-train-frmshuff[5.4.140~1-1ab3d]:main():nnet-train-frmshuff.cc:357) 
### BACKWARD PROPAGATION BUFFER CONTENT :
[0] diff of <Input>  ( min -2.3058, max 3.802, mean 0.00113087, stddev 0.0846554, skewness 1.22617, kurtosis 102.836 ) 
[1] diff-output of <AffineTransform> ( min -0.271809, max 0.23517, mean 9.18021e-06, stddev 0.00899606, skewness -0.275864, kurtosis 78.0879 ) 
[2] diff-output of <Sigmoid> ( min -1.38972, max 1.45305, mean 0.000162362, stddev 0.0864228, skewness 0.0285607, kurtosis 15.3884 ) 
[3] diff-output of <AffineTransform> ( min -0.227431, max 0.279133, mean 4.94488e-05, stddev 0.00999312, skewness 0.406164, kurtosis 69.4738 ) 
[4] diff-output of <Sigmoid> ( min -1.61946, max 1.28104, mean -6.57123e-06, stddev 0.0846832, skewness 0.0677423, kurtosis 18.7204 ) 
[5] diff-output of <AffineTransform> ( min -0.317275, max 0.330019, mean 8.53735e-05, stddev 0.0108628, skewness 0.341475, kurtosis 92.0253 ) 
[6] diff-output of <Sigmoid> ( min -1.9234, max 2.00534, mean -0.000592281, stddev 0.0992117, skewness -0.200052, kurtosis 19.7935 ) 
[7] diff-output of <AffineTransform> ( min -0.416065, max 0.413989, mean 8.93348e-05, stddev 0.016134, skewness 0.84195, kurtosis 75.2276 ) 
[8] diff-output of <Sigmoid> ( min -2.12556, max 2.86055, mean 0.000332037, stddev 0.175569, skewness -0.0867201, kurtosis 10.423 ) 
[9] diff-output of <AffineTransform> ( min -0.999783, max 0.982129, mean -7.10915e-11, stddev 0.05922, skewness -5.71115, kurtosis 171.889 ) 
[10] diff-output of <Softmax> ( min -0.999783, max 0.982129, mean -7.10915e-11, stddev 0.05922, skewness -5.71115, kurtosis 171.889 ) 
### END BACKWARD
LOG (nnet-train-frmshuff[5.4.140~1-1ab3d]:main():nnet-train-frmshuff.cc:358) 
### GRADIENT STATS :
Component 1 : <AffineTransform>, 
  linearity_grad ( min -1.12717, max 0.983071, mean -0.00119933, stddev 0.135482, skewness -0.0369022, kurtosis 2.10663 ) , lr-coef 1, max-norm 0
  bias_grad ( min -0.61055, max 0.584072, mean 0.00235014, stddev 0.145844, skewness 0.023006, kurtosis 0.623387 ) , lr-coef 1
Component 2 : <Sigmoid>, 
Component 3 : <AffineTransform>, 
  linearity_grad ( min -0.675204, max 0.834601, mean 0.00356186, stddev 0.0701409, skewness 0.170415, kurtosis 4.44662 ) , lr-coef 1, max-norm 0
  bias_grad ( min -0.816575, max 0.922413, mean 0.0126589, stddev 0.172195, skewness 0.152819, kurtosis 2.2176 ) , lr-coef 1
Component 4 : <Sigmoid>, 
Component 5 : <AffineTransform>, 
  linearity_grad ( min -0.851578, max 0.835363, mean 0.00425388, stddev 0.062148, skewness 0.13025, kurtosis 7.88968 ) , lr-coef 1, max-norm 0
  bias_grad ( min -0.952076, max 0.90734, mean 0.0218556, stddev 0.194496, skewness 0.0120862, kurtosis 1.86775 ) , lr-coef 1
Component 6 : <Sigmoid>, 
Component 7 : <AffineTransform>, 
  linearity_grad ( min -1.07845, max 1.09868, mean 0.00302833, stddev 0.0740586, skewness 0.32926, kurtosis 11.1156 ) , lr-coef 1, max-norm 0
  bias_grad ( min -1.26439, max 1.38356, mean 0.0228697, stddev 0.281795, skewness 0.220798, kurtosis 2.52044 ) , lr-coef 1
Component 8 : <Sigmoid>, 
Component 9 : <AffineTransform>, 
  linearity_grad ( min -3.97381, max 2.90367, mean -4.78901e-09, stddev 0.200601, skewness -1.75302, kurtosis 35.1586 ) , lr-coef 1, max-norm 0
  bias_grad ( min -3.98594, max 2.96374, mean -2.67173e-08, stddev 1.02302, skewness -0.454954, kurtosis 1.85066 ) , lr-coef 1
Component 10 : <Softmax>, 
### END GRADIENT
LOG (ali-to-pdf[5.4.140~1-1ab3d]:main():ali-to-pdf.cc:68) Converted 3696 alignments to pdf sequences.
LOG (ali-to-post[5.4.140~1-1ab3d]:main():ali-to-post.cc:73) Converted 3696 alignments.
LOG (nnet-train-frmshuff[5.4.140~1-1ab3d]:Eval():nnet-loss.cc:148) ProgressLoss[last 5h of 5h]: 0.765152 (Xent), fps=104267, elapsed 0.0048h
LOG (copy-feats[5.4.140~1-1ab3d]:main():copy-feats.cc:143) Copied 3328 feature matrices.
LOG (nnet-train-frmshuff[5.4.140~1-1ab3d]:main():nnet-train-frmshuff.cc:384) ### After 2024448 frames,
LOG (nnet-train-frmshuff[5.4.140~1-1ab3d]:main():nnet-train-frmshuff.cc:385) 
### FORWARD PROPAGATION BUFFER CONTENT :
[0] output of <Input>  ( min -6.80962, max 6.34581, mean 0.00435732, stddev 0.975965, skewness -0.0328166, kurtosis 1.64018 ) 
[1] output of <AffineTransform> ( min -44.063, max 35.0139, mean -3.53315, stddev 5.18967, skewness 0.0393055, kurtosis 1.50725 ) 
[2] output of <Sigmoid> ( min 7.30624e-20, max 1, mean 0.237035, stddev 0.349593, skewness 1.2627, kurtosis -0.0356233 ) 
[3] output of <AffineTransform> ( min -30.1114, max 23.4437, mean -3.14834, stddev 3.42462, skewness -0.100294, kurtosis 1.78741 ) 
[4] output of <Sigmoid> ( min 8.37143e-14, max 1, mean 0.189184, stddev 0.282843, skewness 1.64717, kurtosis 1.47166 ) 
[5] output of <AffineTransform> ( min -21.7185, max 15.2996, mean -3.78767, stddev 3.0376, skewness 0.286447, kurtosis 1.30945 ) 
[6] output of <Sigmoid> ( min 3.6965e-10, max 1, mean 0.130083, stddev 0.239527, skewness 2.32446, kurtosis 4.48532 ) 
[7] output of <AffineTransform> ( min -23.7736, max 11.1696, mean -4.26469, stddev 2.69754, skewness -0.000755221, kurtosis 1.2225 ) 
[8] output of <Sigmoid> ( min 4.73427e-11, max 0.999986, mean 0.0878321, stddev 0.184109, skewness 3.10003, kurtosis 9.64073 ) 
[9] output of <AffineTransform> ( min -14.505, max 24.489, mean 0.0296988, stddev 4.62792, skewness 0.731384, kurtosis 0.896822 ) 
[10] output of <Softmax> ( min 3.17538e-16, max 0.999791, mean 0.0078125, stddev 0.0711291, skewness 11.3436, kurtosis 135.692 ) 
### END FORWARD
LOG (nnet-train-frmshuff[5.4.140~1-1ab3d]:main():nnet-train-frmshuff.cc:387) 
### BACKWARD PROPAGATION BUFFER CONTENT :
[0] diff of <Input>  ( min -1.40468, max 2.12003, mean 0.000521819, stddev 0.0558997, skewness 0.970119, kurtosis 78.4662 ) 
[1] diff-output of <AffineTransform> ( min -0.235586, max 0.161708, mean -2.68402e-05, stddev 0.00635872, skewness -0.848967, kurtosis 72.2213 ) 
[2] diff-output of <Sigmoid> ( min -1.28832, max 1.06468, mean -6.66086e-05, stddev 0.0610444, skewness -0.223922, kurtosis 14.7292 ) 
[3] diff-output of <AffineTransform> ( min -0.229054, max 0.209972, mean -5.22027e-05, stddev 0.00711444, skewness -0.431934, kurtosis 68.2692 ) 
[4] diff-output of <Sigmoid> ( min -1.29577, max 0.961068, mean -1.69595e-05, stddev 0.0603883, skewness -0.252412, kurtosis 19.427 ) 
[5] diff-output of <AffineTransform> ( min -0.29202, max 0.229489, mean -4.49128e-05, stddev 0.00784466, skewness -0.67224, kurtosis 97.6786 ) 
[6] diff-output of <Sigmoid> ( min -1.50665, max 1.34967, mean 0.000330512, stddev 0.0731094, skewness -0.247785, kurtosis 18.8415 ) 
[7] diff-output of <AffineTransform> ( min -0.436835, max 0.423224, mean -5.86677e-05, stddev 0.0123452, skewness -0.0574404, kurtosis 90.3464 ) 
[8] diff-output of <Sigmoid> ( min -2.19232, max 2.17297, mean -0.00111226, stddev 0.138068, skewness -0.182519, kurtosis 13.3356 ) 
[9] diff-output of <AffineTransform> ( min -0.998927, max 0.91186, mean 1.37589e-11, stddev 0.0469626, skewness -7.06461, kurtosis 228.487 ) 
[10] diff-output of <Softmax> ( min -0.998927, max 0.91186, mean 1.37589e-11, stddev 0.0469626, skewness -7.06461, kurtosis 228.487 ) 
### END BACKWARD
LOG (nnet-train-frmshuff[5.4.140~1-1ab3d]:main():nnet-train-frmshuff.cc:388) 
### GRADIENT STATS :
Component 1 : <AffineTransform>, 
  linearity_grad ( min -0.825829, max 0.921713, mean -2.5976e-05, stddev 0.0967862, skewness 0.0102933, kurtosis 1.62716 ) , lr-coef 1, max-norm 0
  bias_grad ( min -0.484163, max 0.384374, mean -0.0068711, stddev 0.0995784, skewness -0.105652, kurtosis 0.963023 ) , lr-coef 1
Component 2 : <Sigmoid>, 
Component 3 : <AffineTransform>, 
  linearity_grad ( min -0.458472, max 0.409987, mean -0.00322034, stddev 0.0480782, skewness -0.298654, kurtosis 3.20161 ) , lr-coef 1, max-norm 0
  bias_grad ( min -0.528618, max 0.344689, mean -0.0133639, stddev 0.112276, skewness -0.310343, kurtosis 1.04436 ) , lr-coef 1
Component 4 : <Sigmoid>, 
Component 5 : <AffineTransform>, 
  linearity_grad ( min -0.66868, max 0.621824, mean -0.00246964, stddev 0.0428141, skewness -0.21692, kurtosis 7.63597 ) , lr-coef 1, max-norm 0
  bias_grad ( min -0.570333, max 0.62165, mean -0.0114977, stddev 0.121318, skewness 0.212298, kurtosis 3.42364 ) , lr-coef 1
Component 6 : <Sigmoid>, 
Component 7 : <AffineTransform>, 
  linearity_grad ( min -0.879895, max 0.636955, mean -0.00212657, stddev 0.0546649, skewness -0.275436, kurtosis 8.83946 ) , lr-coef 1, max-norm 0
  bias_grad ( min -0.960068, max 0.678068, mean -0.0150189, stddev 0.195234, skewness -0.270871, kurtosis 1.25951 ) , lr-coef 1
Component 8 : <Sigmoid>, 
Component 9 : <AffineTransform>, 
  linearity_grad ( min -3.88802, max 1.71697, mean -2.28577e-09, stddev 0.152075, skewness -2.52763, kurtosis 37.3717 ) , lr-coef 1, max-norm 0
  bias_grad ( min -4.75428, max 1.92556, mean -3.57977e-09, stddev 0.764549, skewness -1.9847, kurtosis 10.5229 ) , lr-coef 1
Component 10 : <Softmax>, 
### END GRADIENT
LOG (nnet-train-frmshuff[5.4.140~1-1ab3d]:main():nnet-train-frmshuff.cc:395) Done 3328 files, 0 with no tgt_mats, 0 with other errors. [TRAINING, RANDOMIZED, 0.321185 min, processing 105051 frames per sec; i/o time 13.732%]
LOG (nnet-train-frmshuff[5.4.140~1-1ab3d]:main():nnet-train-frmshuff.cc:405) PER-CLASS PERFORMANCE:
@@@ Frames per-class: [ 99453 10452 10379 8042 9913 6311 21145 13132 6304 10617 34193 5043 8744 11356 30510 12550 9219 5945 23687 14400 27661 5203 13875 24168 25646 11671 4780 12149 7657 28420 33600 11770 15662 4281 9536 10129 69800 8001 13316 12687 4321 15616 9828 17902 14264 9294 30776 2746 55463 106039 9748 40816 16498 17750 12702 20726 17182 6839 12103 21298 10011 11231 10409 9023 18662 22278 9397 17500 14561 30285 16712 10865 5027 7962 13576 5946 14023 19572 13884 12794 34427 18866 11688 4612 21321 6467 13984 20613 15110 18544 22229 12177 8379 16240 6766 21378 5063 21791 27140 6545 9361 13341 19170 10499 11260 11635 10516 9517 6346 5297 12134 13459 36531 6435 6345 4679 3952 5142 12060 13109 3423 10431 6022 24910 7055 4575 4395 12473 ]
@@@ Loss per-class: [ 0.290639 1.16823 1.1275 1.54479 0.603947 1.4684 1.47582 1.02697 0.686031 0.740966 0.697522 1.05035 1.13454 0.706619 1.00175 0.895947 1.49354 1.72651 0.555023 0.871009 0.341387 0.803379 0.510105 1.13652 1.30642 0.723218 0.7881 0.356508 1.23475 0.460869 0.580282 0.651772 0.813739 0.953257 0.487389 0.677755 0.29962 0.479657 0.53324 1.34947 2.06563 0.747484 0.704147 0.890715 0.497591 0.69244 0.601129 1.53835 0.644938 0.272802 0.893942 0.447046 0.876795 0.865695 1.00979 0.979562 0.706826 1.35783 1.12559 0.786355 1.69781 1.47273 0.765082 1.50532 0.54692 0.658863 0.723057 0.491091 1.01594 0.638081 0.296464 0.67957 0.940539 1.61663 1.3948 1.44238 0.722648 0.534212 0.84946 0.363261 0.559318 1.45711 0.939601 0.707762 0.985691 1.32081 0.723705 0.702202 0.742275 0.760713 0.693948 0.602269 0.706344 0.324534 0.980114 0.80285 1.38621 0.707701 0.587435 0.924609 0.783456 1.17886 0.862362 0.61428 0.914918 1.01639 0.871212 0.510616 1.29886 1.09918 0.76953 1.65748 0.961421 0.874991 0.938598 0.809522 1.1166 1.00747 0.857091 1.40343 1.45237 0.974472 1.2389 0.550801 0.87017 0.755118 0.999934 0.89208 ]
@@@ Frame-accuracy per-class: [ 90.3297 60.8563 61.7371 49.1389 82.1203 51.7943 53.8696 64.8239 77.294 74.4431 77.8774 63.1109 65.5383 79.7605 66.7639 69.7024 49.2109 53.5026 82.4781 71.6503 89.9987 72.4705 85.4384 61.5346 56.7563 76.2113 72.482 88.9913 56.7548 85.5615 81.3887 79.4359 75.2945 70.466 85.1675 76.529 90.3604 85.234 83.145 54.4158 36.7002 77.0851 79.9919 71.4146 84.819 77.8417 76.0515 51.7386 77.4545 91.7498 70.3493 85.0783 72.3157 72.6402 68.5849 69.843 79.3074 59.288 63.9815 73.4512 44.1293 50.9371 73.8172 49.8587 82.2237 78.8698 75.0625 85.3118 62.0472 79.619 91.0696 78.5698 73.277 48.1256 54.2555 53.7627 76.1935 83.2392 74.6084 88.538 81.8996 48.61 70.4196 76.5095 59.0062 54.3641 77.2069 77.8907 77.8267 75.0627 77.6671 80.8622 78.0118 90.0157 69.0165 73.616 54.0535 76.7363 81.0486 69.0551 75.0734 63.2088 72.0273 79.6419 70.0324 68.9098 73.1993 83.4358 57.5908 61.8782 76.0064 43.7461 67.2078 72.1311 67.0396 73.8113 66.8185 66.8158 73.7283 52.6641 46.8234 67.1044 60.44 82.2063 72.2132 75.9043 68.9569 69.6677 ]
LOG (nnet-train-frmshuff[5.4.140~1-1ab3d]:main():nnet-train-frmshuff.cc:406) AvgLoss: 0.756848 (Xent), [AvgXent: 0.756848, AvgTargetEnt: 0]
progress: [0.765152 ]
FRAME_ACCURACY >> 75.3096% <<
