# steps/nnet/pretrain_dbn.sh --nn-depth 4 --hid-dim 1024 --rbm-iter 20 data-fmllr-tri3/train exp/dnn4_pretrain-dbn 
# Started at Thu Jun 21 10:03:16 CST 2018
#
steps/nnet/pretrain_dbn.sh --nn-depth 4 --hid-dim 1024 --rbm-iter 20 data-fmllr-tri3/train exp/dnn4_pretrain-dbn
# INFO
steps/nnet/pretrain_dbn.sh : Pre-training Deep Belief Network as a stack of RBMs
	 dir       : exp/dnn4_pretrain-dbn 
	 Train-set : data-fmllr-tri3/train '3696'

LOG ([5.4.140~1-1ab3d]:main():cuda-gpu-available.cc:49) 

### IS CUDA GPU AVAILABLE? 'mjrc-server10' ###
WARNING ([5.4.140~1-1ab3d]:SelectGpuId():cu-device.cc:196) Not in compute-exclusive mode.  Suggestion: use 'nvidia-smi -c 3' to set compute exclusive mode
LOG ([5.4.140~1-1ab3d]:SelectGpuIdAuto():cu-device.cc:315) Selecting from 4 GPUs
LOG ([5.4.140~1-1ab3d]:SelectGpuIdAuto():cu-device.cc:330) cudaSetDevice(0): GeForce GTX 1080	free:7998M, used:121M, total:8119M, free/total:0.985098
LOG ([5.4.140~1-1ab3d]:SelectGpuIdAuto():cu-device.cc:330) cudaSetDevice(1): GeForce GTX 1080	free:7998M, used:121M, total:8119M, free/total:0.985098
LOG ([5.4.140~1-1ab3d]:SelectGpuIdAuto():cu-device.cc:330) cudaSetDevice(2): GeForce GTX 1080	free:251M, used:7868M, total:8119M, free/total:0.0309823
LOG ([5.4.140~1-1ab3d]:SelectGpuIdAuto():cu-device.cc:330) cudaSetDevice(3): GeForce GTX 1080	free:7998M, used:121M, total:8119M, free/total:0.985098
LOG ([5.4.140~1-1ab3d]:SelectGpuIdAuto():cu-device.cc:379) Trying to select device: 0 (automatically), mem_ratio: 0.985098
LOG ([5.4.140~1-1ab3d]:SelectGpuIdAuto():cu-device.cc:398) Success selecting device 0 free mem ratio: 0.985098
LOG ([5.4.140~1-1ab3d]:FinalizeActiveGpu():cu-device.cc:247) The active GPU is [0]: GeForce GTX 1080	free:7934M, used:185M, total:8119M, free/total:0.977216 version 6.1
### HURRAY, WE GOT A CUDA GPU FOR COMPUTATION!!! ##

### Testing CUDA setup with a small computation (setup = cuda-toolkit + gpu-driver + kaldi):
### Test OK!

# PREPARING FEATURES
copy-feats --compress=true scp:data-fmllr-tri3/train/feats.scp ark,scp:/tmp/kaldi.sBNa/train.ark,exp/dnn4_pretrain-dbn/train_sorted.scp 
LOG (copy-feats[5.4.140~1-1ab3d]:main():copy-feats.cc:143) Copied 3696 feature matrices.
# 'apply-cmvn' not used,
feat-to-dim 'ark:copy-feats scp:exp/dnn4_pretrain-dbn/train.scp ark:- |' - 
copy-feats scp:exp/dnn4_pretrain-dbn/train.scp ark:- 
WARNING (feat-to-dim[5.4.140~1-1ab3d]:Close():kaldi-io.cc:515) Pipe copy-feats scp:exp/dnn4_pretrain-dbn/train.scp ark:- | had nonzero return status 13
# feature dim : 40 (input of 'feature_transform')
+ default 'feature_transform_proto' with splice +/-5 frames
nnet-initialize --binary=false exp/dnn4_pretrain-dbn/splice5.proto exp/dnn4_pretrain-dbn/tr_splice5.nnet 
VLOG[1] (nnet-initialize[5.4.140~1-1ab3d]:Init():nnet-nnet.cc:314) <Splice> <InputDim> 40 <OutputDim> 440 <BuildVector> -5:5 </BuildVector>
LOG (nnet-initialize[5.4.140~1-1ab3d]:main():nnet-initialize.cc:63) Written initialized model to exp/dnn4_pretrain-dbn/tr_splice5.nnet
# compute normalization stats from 10k sentences
compute-cmvn-stats ark:- exp/dnn4_pretrain-dbn/cmvn-g.stats 
nnet-forward --print-args=true --use-gpu=yes exp/dnn4_pretrain-dbn/tr_splice5.nnet 'ark:copy-feats scp:exp/dnn4_pretrain-dbn/train.scp.10k ark:- |' ark:- 
WARNING (nnet-forward[5.4.140~1-1ab3d]:SelectGpuId():cu-device.cc:196) Not in compute-exclusive mode.  Suggestion: use 'nvidia-smi -c 3' to set compute exclusive mode
LOG (nnet-forward[5.4.140~1-1ab3d]:SelectGpuIdAuto():cu-device.cc:315) Selecting from 4 GPUs
LOG (nnet-forward[5.4.140~1-1ab3d]:SelectGpuIdAuto():cu-device.cc:330) cudaSetDevice(0): GeForce GTX 1080	free:7998M, used:121M, total:8119M, free/total:0.985098
LOG (nnet-forward[5.4.140~1-1ab3d]:SelectGpuIdAuto():cu-device.cc:330) cudaSetDevice(1): GeForce GTX 1080	free:7998M, used:121M, total:8119M, free/total:0.985098
LOG (nnet-forward[5.4.140~1-1ab3d]:SelectGpuIdAuto():cu-device.cc:330) cudaSetDevice(2): GeForce GTX 1080	free:251M, used:7868M, total:8119M, free/total:0.0309823
LOG (nnet-forward[5.4.140~1-1ab3d]:SelectGpuIdAuto():cu-device.cc:330) cudaSetDevice(3): GeForce GTX 1080	free:7998M, used:121M, total:8119M, free/total:0.985098
LOG (nnet-forward[5.4.140~1-1ab3d]:SelectGpuIdAuto():cu-device.cc:379) Trying to select device: 0 (automatically), mem_ratio: 0.985098
LOG (nnet-forward[5.4.140~1-1ab3d]:SelectGpuIdAuto():cu-device.cc:398) Success selecting device 0 free mem ratio: 0.985098
LOG (nnet-forward[5.4.140~1-1ab3d]:FinalizeActiveGpu():cu-device.cc:247) The active GPU is [0]: GeForce GTX 1080	free:7934M, used:185M, total:8119M, free/total:0.977216 version 6.1
copy-feats scp:exp/dnn4_pretrain-dbn/train.scp.10k ark:- 
LOG (copy-feats[5.4.140~1-1ab3d]:main():copy-feats.cc:143) Copied 3696 feature matrices.
LOG (nnet-forward[5.4.140~1-1ab3d]:main():nnet-forward.cc:192) Done 3696 files in 0.18617min, (fps 201238)
LOG (compute-cmvn-stats[5.4.140~1-1ab3d]:main():compute-cmvn-stats.cc:168) Wrote global CMVN stats to exp/dnn4_pretrain-dbn/cmvn-g.stats
LOG (compute-cmvn-stats[5.4.140~1-1ab3d]:main():compute-cmvn-stats.cc:171) Done accumulating CMVN stats for 3696 utterances; 0 had errors.
# + normalization of NN-input at 'exp/dnn4_pretrain-dbn/tr_splice5_cmvn-g.nnet'
LOG (nnet-concat[5.4.140~1-1ab3d]:main():nnet-concat.cc:53) Reading exp/dnn4_pretrain-dbn/tr_splice5.nnet
LOG (nnet-concat[5.4.140~1-1ab3d]:main():nnet-concat.cc:65) Concatenating cmvn-to-nnet exp/dnn4_pretrain-dbn/cmvn-g.stats -|
cmvn-to-nnet exp/dnn4_pretrain-dbn/cmvn-g.stats - 
LOG (cmvn-to-nnet[5.4.140~1-1ab3d]:main():cmvn-to-nnet.cc:114) Written cmvn in 'nnet1' model to: -
LOG (nnet-concat[5.4.140~1-1ab3d]:main():nnet-concat.cc:82) Written model to exp/dnn4_pretrain-dbn/tr_splice5_cmvn-g.nnet

### Showing the final 'feature_transform':
nnet-info exp/dnn4_pretrain-dbn/tr_splice5_cmvn-g.nnet 
LOG (nnet-info[5.4.140~1-1ab3d]:main():nnet-info.cc:57) Printed info about exp/dnn4_pretrain-dbn/tr_splice5_cmvn-g.nnet
num-components 3
input-dim 40
output-dim 440
number-of-parameters 0.00088 millions
component 1 : <Splice>, input-dim 40, output-dim 440, 
  frame_offsets [ -5 -4 -3 -2 -1 0 1 2 3 4 5 ]
component 2 : <AddShift>, input-dim 440, output-dim 440, 
  shift_data ( min -0.0793826, max 0.111283, mean -0.00415868, stddev 0.0315898, skewness 1.01899, kurtosis 3.9731 ) , lr-coef 0
component 3 : <Rescale>, input-dim 440, output-dim 440, 
  scale_data ( min 0.363491, max 1.0482, mean 0.823978, stddev 0.160735, skewness -0.795709, kurtosis -0.00400281 ) , lr-coef 0
###

# PRE-TRAINING RBM LAYER 1
# initializing 'exp/dnn4_pretrain-dbn/1.rbm.init'
# pretraining 'exp/dnn4_pretrain-dbn/1.rbm' (input gauss, lrate 0.01, iters 40)
# converting RBM to exp/dnn4_pretrain-dbn/1.dbn
rbm-convert-to-nnet exp/dnn4_pretrain-dbn/1.rbm exp/dnn4_pretrain-dbn/1.dbn 
LOG (rbm-convert-to-nnet[5.4.140~1-1ab3d]:main():rbm-convert-to-nnet.cc:69) Written model to exp/dnn4_pretrain-dbn/1.dbn

# PRE-TRAINING RBM LAYER 2
# computing cmvn stats 'exp/dnn4_pretrain-dbn/2.cmvn' for RBM initialization
WARNING (nnet-forward[5.4.140~1-1ab3d]:SelectGpuId():cu-device.cc:196) Not in compute-exclusive mode.  Suggestion: use 'nvidia-smi -c 3' to set compute exclusive mode
LOG (nnet-forward[5.4.140~1-1ab3d]:SelectGpuIdAuto():cu-device.cc:315) Selecting from 4 GPUs
LOG (nnet-forward[5.4.140~1-1ab3d]:SelectGpuIdAuto():cu-device.cc:330) cudaSetDevice(0): GeForce GTX 1080	free:7833M, used:286M, total:8119M, free/total:0.964776
LOG (nnet-forward[5.4.140~1-1ab3d]:SelectGpuIdAuto():cu-device.cc:330) cudaSetDevice(1): GeForce GTX 1080	free:7833M, used:286M, total:8119M, free/total:0.964776
LOG (nnet-forward[5.4.140~1-1ab3d]:SelectGpuIdAuto():cu-device.cc:330) cudaSetDevice(2): GeForce GTX 1080	free:86M, used:8033M, total:8119M, free/total:0.010661
LOG (nnet-forward[5.4.140~1-1ab3d]:SelectGpuIdAuto():cu-device.cc:330) cudaSetDevice(3): GeForce GTX 1080	free:7833M, used:286M, total:8119M, free/total:0.964776
LOG (nnet-forward[5.4.140~1-1ab3d]:SelectGpuIdAuto():cu-device.cc:379) Trying to select device: 0 (automatically), mem_ratio: 0.964776
LOG (nnet-forward[5.4.140~1-1ab3d]:SelectGpuIdAuto():cu-device.cc:398) Success selecting device 0 free mem ratio: 0.964776
LOG (nnet-forward[5.4.140~1-1ab3d]:FinalizeActiveGpu():cu-device.cc:247) The active GPU is [0]: GeForce GTX 1080	free:7769M, used:350M, total:8119M, free/total:0.956894 version 6.1
nnet-concat exp/dnn4_pretrain-dbn/final.feature_transform exp/dnn4_pretrain-dbn/1.dbn - 
LOG (nnet-concat[5.4.140~1-1ab3d]:main():nnet-concat.cc:53) Reading exp/dnn4_pretrain-dbn/final.feature_transform
LOG (nnet-concat[5.4.140~1-1ab3d]:main():nnet-concat.cc:65) Concatenating exp/dnn4_pretrain-dbn/1.dbn
LOG (nnet-concat[5.4.140~1-1ab3d]:main():nnet-concat.cc:82) Written model to -
copy-feats scp:exp/dnn4_pretrain-dbn/train.scp.10k ark:- 
LOG (copy-feats[5.4.140~1-1ab3d]:main():copy-feats.cc:143) Copied 3696 feature matrices.
LOG (nnet-forward[5.4.140~1-1ab3d]:main():nnet-forward.cc:192) Done 3696 files in 0.393403min, (fps 95232)
LOG (compute-cmvn-stats[5.4.140~1-1ab3d]:main():compute-cmvn-stats.cc:168) Wrote global CMVN stats to standard output
LOG (compute-cmvn-stats[5.4.140~1-1ab3d]:main():compute-cmvn-stats.cc:171) Done accumulating CMVN stats for 3696 utterances; 0 had errors.
LOG (cmvn-to-nnet[5.4.140~1-1ab3d]:main():cmvn-to-nnet.cc:114) Written cmvn in 'nnet1' model to: exp/dnn4_pretrain-dbn/2.cmvn
initializing 'exp/dnn4_pretrain-dbn/2.rbm.init'
pretraining 'exp/dnn4_pretrain-dbn/2.rbm' (lrate 0.4, iters 20)
# appending RBM to exp/dnn4_pretrain-dbn/2.dbn
nnet-concat exp/dnn4_pretrain-dbn/1.dbn 'rbm-convert-to-nnet exp/dnn4_pretrain-dbn/2.rbm - |' exp/dnn4_pretrain-dbn/2.dbn 
LOG (nnet-concat[5.4.140~1-1ab3d]:main():nnet-concat.cc:53) Reading exp/dnn4_pretrain-dbn/1.dbn
LOG (nnet-concat[5.4.140~1-1ab3d]:main():nnet-concat.cc:65) Concatenating rbm-convert-to-nnet exp/dnn4_pretrain-dbn/2.rbm - |
rbm-convert-to-nnet exp/dnn4_pretrain-dbn/2.rbm - 
LOG (rbm-convert-to-nnet[5.4.140~1-1ab3d]:main():rbm-convert-to-nnet.cc:69) Written model to -
LOG (nnet-concat[5.4.140~1-1ab3d]:main():nnet-concat.cc:82) Written model to exp/dnn4_pretrain-dbn/2.dbn

# PRE-TRAINING RBM LAYER 3
# computing cmvn stats 'exp/dnn4_pretrain-dbn/3.cmvn' for RBM initialization
WARNING (nnet-forward[5.4.140~1-1ab3d]:SelectGpuId():cu-device.cc:196) Not in compute-exclusive mode.  Suggestion: use 'nvidia-smi -c 3' to set compute exclusive mode
LOG (nnet-forward[5.4.140~1-1ab3d]:SelectGpuIdAuto():cu-device.cc:315) Selecting from 4 GPUs
LOG (nnet-forward[5.4.140~1-1ab3d]:SelectGpuIdAuto():cu-device.cc:330) cudaSetDevice(0): GeForce GTX 1080	free:7833M, used:286M, total:8119M, free/total:0.964776
LOG (nnet-forward[5.4.140~1-1ab3d]:SelectGpuIdAuto():cu-device.cc:330) cudaSetDevice(1): GeForce GTX 1080	free:7833M, used:286M, total:8119M, free/total:0.964776
LOG (nnet-forward[5.4.140~1-1ab3d]:SelectGpuIdAuto():cu-device.cc:330) cudaSetDevice(2): GeForce GTX 1080	free:86M, used:8033M, total:8119M, free/total:0.010661
LOG (nnet-forward[5.4.140~1-1ab3d]:SelectGpuIdAuto():cu-device.cc:330) cudaSetDevice(3): GeForce GTX 1080	free:242M, used:7877M, total:8119M, free/total:0.0298738
LOG (nnet-forward[5.4.140~1-1ab3d]:SelectGpuIdAuto():cu-device.cc:379) Trying to select device: 0 (automatically), mem_ratio: 0.964776
LOG (nnet-forward[5.4.140~1-1ab3d]:SelectGpuIdAuto():cu-device.cc:398) Success selecting device 0 free mem ratio: 0.964776
LOG (nnet-forward[5.4.140~1-1ab3d]:FinalizeActiveGpu():cu-device.cc:247) The active GPU is [0]: GeForce GTX 1080	free:7769M, used:350M, total:8119M, free/total:0.956894 version 6.1
nnet-concat exp/dnn4_pretrain-dbn/final.feature_transform exp/dnn4_pretrain-dbn/2.dbn - 
LOG (nnet-concat[5.4.140~1-1ab3d]:main():nnet-concat.cc:53) Reading exp/dnn4_pretrain-dbn/final.feature_transform
LOG (nnet-concat[5.4.140~1-1ab3d]:main():nnet-concat.cc:65) Concatenating exp/dnn4_pretrain-dbn/2.dbn
LOG (nnet-concat[5.4.140~1-1ab3d]:main():nnet-concat.cc:82) Written model to -
copy-feats scp:exp/dnn4_pretrain-dbn/train.scp.10k ark:- 
LOG (copy-feats[5.4.140~1-1ab3d]:main():copy-feats.cc:143) Copied 3696 feature matrices.
LOG (nnet-forward[5.4.140~1-1ab3d]:main():nnet-forward.cc:192) Done 3696 files in 0.426518min, (fps 87838.2)
LOG (compute-cmvn-stats[5.4.140~1-1ab3d]:main():compute-cmvn-stats.cc:168) Wrote global CMVN stats to standard output
LOG (compute-cmvn-stats[5.4.140~1-1ab3d]:main():compute-cmvn-stats.cc:171) Done accumulating CMVN stats for 3696 utterances; 0 had errors.
LOG (cmvn-to-nnet[5.4.140~1-1ab3d]:main():cmvn-to-nnet.cc:114) Written cmvn in 'nnet1' model to: exp/dnn4_pretrain-dbn/3.cmvn
initializing 'exp/dnn4_pretrain-dbn/3.rbm.init'
pretraining 'exp/dnn4_pretrain-dbn/3.rbm' (lrate 0.4, iters 20)
# appending RBM to exp/dnn4_pretrain-dbn/3.dbn
nnet-concat exp/dnn4_pretrain-dbn/2.dbn 'rbm-convert-to-nnet exp/dnn4_pretrain-dbn/3.rbm - |' exp/dnn4_pretrain-dbn/3.dbn 
LOG (nnet-concat[5.4.140~1-1ab3d]:main():nnet-concat.cc:53) Reading exp/dnn4_pretrain-dbn/2.dbn
LOG (nnet-concat[5.4.140~1-1ab3d]:main():nnet-concat.cc:65) Concatenating rbm-convert-to-nnet exp/dnn4_pretrain-dbn/3.rbm - |
rbm-convert-to-nnet exp/dnn4_pretrain-dbn/3.rbm - 
LOG (rbm-convert-to-nnet[5.4.140~1-1ab3d]:main():rbm-convert-to-nnet.cc:69) Written model to -
LOG (nnet-concat[5.4.140~1-1ab3d]:main():nnet-concat.cc:82) Written model to exp/dnn4_pretrain-dbn/3.dbn

# PRE-TRAINING RBM LAYER 4
# computing cmvn stats 'exp/dnn4_pretrain-dbn/4.cmvn' for RBM initialization
WARNING (nnet-forward[5.4.140~1-1ab3d]:SelectGpuId():cu-device.cc:196) Not in compute-exclusive mode.  Suggestion: use 'nvidia-smi -c 3' to set compute exclusive mode
LOG (nnet-forward[5.4.140~1-1ab3d]:SelectGpuIdAuto():cu-device.cc:315) Selecting from 4 GPUs
LOG (nnet-forward[5.4.140~1-1ab3d]:SelectGpuIdAuto():cu-device.cc:330) cudaSetDevice(0): GeForce GTX 1080	free:7833M, used:286M, total:8119M, free/total:0.964776
LOG (nnet-forward[5.4.140~1-1ab3d]:SelectGpuIdAuto():cu-device.cc:330) cudaSetDevice(1): GeForce GTX 1080	free:7833M, used:286M, total:8119M, free/total:0.964776
LOG (nnet-forward[5.4.140~1-1ab3d]:SelectGpuIdAuto():cu-device.cc:330) cudaSetDevice(2): GeForce GTX 1080	free:86M, used:8033M, total:8119M, free/total:0.010661
LOG (nnet-forward[5.4.140~1-1ab3d]:SelectGpuIdAuto():cu-device.cc:330) cudaSetDevice(3): GeForce GTX 1080	free:242M, used:7877M, total:8119M, free/total:0.0298738
LOG (nnet-forward[5.4.140~1-1ab3d]:SelectGpuIdAuto():cu-device.cc:379) Trying to select device: 0 (automatically), mem_ratio: 0.964776
LOG (nnet-forward[5.4.140~1-1ab3d]:SelectGpuIdAuto():cu-device.cc:398) Success selecting device 0 free mem ratio: 0.964776
LOG (nnet-forward[5.4.140~1-1ab3d]:FinalizeActiveGpu():cu-device.cc:247) The active GPU is [0]: GeForce GTX 1080	free:7769M, used:350M, total:8119M, free/total:0.956894 version 6.1
nnet-concat exp/dnn4_pretrain-dbn/final.feature_transform exp/dnn4_pretrain-dbn/3.dbn - 
LOG (nnet-concat[5.4.140~1-1ab3d]:main():nnet-concat.cc:53) Reading exp/dnn4_pretrain-dbn/final.feature_transform
LOG (nnet-concat[5.4.140~1-1ab3d]:main():nnet-concat.cc:65) Concatenating exp/dnn4_pretrain-dbn/3.dbn
LOG (nnet-concat[5.4.140~1-1ab3d]:main():nnet-concat.cc:82) Written model to -
copy-feats scp:exp/dnn4_pretrain-dbn/train.scp.10k ark:- 
LOG (copy-feats[5.4.140~1-1ab3d]:main():copy-feats.cc:143) Copied 3696 feature matrices.
LOG (nnet-forward[5.4.140~1-1ab3d]:main():nnet-forward.cc:192) Done 3696 files in 0.43915min, (fps 85311.5)
LOG (compute-cmvn-stats[5.4.140~1-1ab3d]:main():compute-cmvn-stats.cc:168) Wrote global CMVN stats to standard output
LOG (compute-cmvn-stats[5.4.140~1-1ab3d]:main():compute-cmvn-stats.cc:171) Done accumulating CMVN stats for 3696 utterances; 0 had errors.
LOG (cmvn-to-nnet[5.4.140~1-1ab3d]:main():cmvn-to-nnet.cc:114) Written cmvn in 'nnet1' model to: exp/dnn4_pretrain-dbn/4.cmvn
initializing 'exp/dnn4_pretrain-dbn/4.rbm.init'
pretraining 'exp/dnn4_pretrain-dbn/4.rbm' (lrate 0.4, iters 20)
# appending RBM to exp/dnn4_pretrain-dbn/4.dbn
nnet-concat exp/dnn4_pretrain-dbn/3.dbn 'rbm-convert-to-nnet exp/dnn4_pretrain-dbn/4.rbm - |' exp/dnn4_pretrain-dbn/4.dbn 
LOG (nnet-concat[5.4.140~1-1ab3d]:main():nnet-concat.cc:53) Reading exp/dnn4_pretrain-dbn/3.dbn
LOG (nnet-concat[5.4.140~1-1ab3d]:main():nnet-concat.cc:65) Concatenating rbm-convert-to-nnet exp/dnn4_pretrain-dbn/4.rbm - |
rbm-convert-to-nnet exp/dnn4_pretrain-dbn/4.rbm - 
LOG (rbm-convert-to-nnet[5.4.140~1-1ab3d]:main():rbm-convert-to-nnet.cc:69) Written model to -
LOG (nnet-concat[5.4.140~1-1ab3d]:main():nnet-concat.cc:82) Written model to exp/dnn4_pretrain-dbn/4.dbn

# REPORT
# RBM pre-training progress (line per-layer)
exp/dnn4_pretrain-dbn/log/rbm.1.log:progress: [65.4202 57.56 56.0745 55.4031 55.0127 54.8479 54.6717 54.5973 54.5244 54.4273 54.429 54.3454 54.3831 54.392 54.3713 54.4192 54.3599 54.38 54.3784 54.3622 54.4005 54.3415 54.3556 54.3509 54.334 54.3634 54.3022 54.3261 54.3281 54.3039 54.347 54.2744 54.3151 54.2993 54.291 54.3249 54.2598 54.2953 54.2935 54.2819 54.3042 54.245 54.2834 54.2746 54.262 54.2948 54.2267 54.2678 54.2678 ]
exp/dnn4_pretrain-dbn/log/rbm.2.log:progress: [7.11699 5.87272 5.7712 5.70703 5.64817 5.60334 5.55146 5.50791 5.46453 5.4209 5.387 5.35618 5.35881 5.35947 5.35741 5.36373 5.36027 5.36069 5.36153 5.35834 5.3651 5.36046 5.36228 5.36289 ]
exp/dnn4_pretrain-dbn/log/rbm.3.log:progress: [6.14545 4.78399 4.68648 4.64049 4.60011 4.56857 4.53384 4.50353 4.47461 4.44346 4.42134 4.40179 4.40148 4.40256 4.39859 4.4061 4.40328 4.40377 4.40565 4.40188 4.40573 4.40388 4.40262 4.40374 ]
exp/dnn4_pretrain-dbn/log/rbm.4.log:progress: [4.62901 3.71699 3.64334 3.60982 3.58142 3.55962 3.53678 3.51589 3.49723 3.47609 3.46084 3.45043 3.45137 3.45254 3.45072 3.45317 3.45162 3.45143 3.45395 3.4505 3.45432 3.45305 3.45209 3.45439 ]

Pre-training finished.
# Removing features tmpdir /tmp/kaldi.sBNa @ mjrc-server10
train.ark
# Accounting: time=2552 threads=1
# Ended (code 0) at Thu Jun 21 10:45:48 CST 2018, elapsed time 2552 seconds
