rbm-train-cd1-frmshuff --learn-rate=0.4 --l2-penalty=0.0002 --num-iters=20 --verbose=1 '--feature-transform=nnet-concat exp/dnn4_pretrain-dbn/final.feature_transform exp/dnn4_pretrain-dbn/2.dbn - |' exp/dnn4_pretrain-dbn/3.rbm.init 'ark:copy-feats scp:exp/dnn4_pretrain-dbn/train.scp ark:- |' exp/dnn4_pretrain-dbn/3.rbm 
WARNING (rbm-train-cd1-frmshuff[5.4.140~1-1ab3d]:SelectGpuId():cu-device.cc:196) Not in compute-exclusive mode.  Suggestion: use 'nvidia-smi -c 3' to set compute exclusive mode
LOG (rbm-train-cd1-frmshuff[5.4.140~1-1ab3d]:SelectGpuIdAuto():cu-device.cc:315) Selecting from 4 GPUs
LOG (rbm-train-cd1-frmshuff[5.4.140~1-1ab3d]:SelectGpuIdAuto():cu-device.cc:330) cudaSetDevice(0): GeForce GTX 1080	free:7833M, used:286M, total:8119M, free/total:0.964776
LOG (rbm-train-cd1-frmshuff[5.4.140~1-1ab3d]:SelectGpuIdAuto():cu-device.cc:330) cudaSetDevice(1): GeForce GTX 1080	free:7833M, used:286M, total:8119M, free/total:0.964776
LOG (rbm-train-cd1-frmshuff[5.4.140~1-1ab3d]:SelectGpuIdAuto():cu-device.cc:330) cudaSetDevice(2): GeForce GTX 1080	free:86M, used:8033M, total:8119M, free/total:0.010661
LOG (rbm-train-cd1-frmshuff[5.4.140~1-1ab3d]:SelectGpuIdAuto():cu-device.cc:330) cudaSetDevice(3): GeForce GTX 1080	free:242M, used:7877M, total:8119M, free/total:0.0298738
LOG (rbm-train-cd1-frmshuff[5.4.140~1-1ab3d]:SelectGpuIdAuto():cu-device.cc:379) Trying to select device: 0 (automatically), mem_ratio: 0.964776
LOG (rbm-train-cd1-frmshuff[5.4.140~1-1ab3d]:SelectGpuIdAuto():cu-device.cc:398) Success selecting device 0 free mem ratio: 0.964776
LOG (rbm-train-cd1-frmshuff[5.4.140~1-1ab3d]:FinalizeActiveGpu():cu-device.cc:247) The active GPU is [0]: GeForce GTX 1080	free:7769M, used:350M, total:8119M, free/total:0.956894 version 6.1
nnet-concat exp/dnn4_pretrain-dbn/final.feature_transform exp/dnn4_pretrain-dbn/2.dbn - 
LOG (nnet-concat[5.4.140~1-1ab3d]:main():nnet-concat.cc:53) Reading exp/dnn4_pretrain-dbn/final.feature_transform
LOG (nnet-concat[5.4.140~1-1ab3d]:main():nnet-concat.cc:65) Concatenating exp/dnn4_pretrain-dbn/2.dbn
LOG (nnet-concat[5.4.140~1-1ab3d]:main():nnet-concat.cc:82) Written model to -
copy-feats scp:exp/dnn4_pretrain-dbn/train.scp ark:- 
LOG (rbm-train-cd1-frmshuff[5.4.140~1-1ab3d]:Init():nnet-randomizer.cc:32) Seeding by srand with : 777
LOG (rbm-train-cd1-frmshuff[5.4.140~1-1ab3d]:main():rbm-train-cd1-frmshuff.cc:146) RBM TRAINING STARTED
LOG (rbm-train-cd1-frmshuff[5.4.140~1-1ab3d]:main():rbm-train-cd1-frmshuff.cc:149) Iteration 1/20
VLOG[1] (rbm-train-cd1-frmshuff[5.4.140~1-1ab3d]:main():rbm-train-cd1-frmshuff.cc:247) Setting momentum 0.9 and learning rate 0.2 after processing 0.000277778 h
VLOG[1] (rbm-train-cd1-frmshuff[5.4.140~1-1ab3d]:main():rbm-train-cd1-frmshuff.cc:247) Setting momentum 0.9 and learning rate 0.196 after processing 1.38889 h
VLOG[1] (rbm-train-cd1-frmshuff[5.4.140~1-1ab3d]:main():rbm-train-cd1-frmshuff.cc:247) Setting momentum 0.9 and learning rate 0.192 after processing 2.77778 h
VLOG[1] (rbm-train-cd1-frmshuff[5.4.140~1-1ab3d]:main():rbm-train-cd1-frmshuff.cc:247) Setting momentum 0.9 and learning rate 0.188 after processing 4.16667 h
LOG (rbm-train-cd1-frmshuff[5.4.140~1-1ab3d]:Eval():nnet-loss.cc:269) ProgressLoss[last 5h of 5h]: 6.14545 (Mse)
VLOG[1] (rbm-train-cd1-frmshuff[5.4.140~1-1ab3d]:main():rbm-train-cd1-frmshuff.cc:247) Setting momentum 0.9 and learning rate 0.184 after processing 5.55556 h
LOG (copy-feats[5.4.140~1-1ab3d]:main():copy-feats.cc:143) Copied 3696 feature matrices.
LOG (rbm-train-cd1-frmshuff[5.4.140~1-1ab3d]:main():rbm-train-cd1-frmshuff.cc:263) Iteration 2/20
copy-feats scp:exp/dnn4_pretrain-dbn/train.scp ark:- 
VLOG[1] (rbm-train-cd1-frmshuff[5.4.140~1-1ab3d]:main():rbm-train-cd1-frmshuff.cc:247) Setting momentum 0.9 and learning rate 0.18 after processing 6.94444 h
VLOG[1] (rbm-train-cd1-frmshuff[5.4.140~1-1ab3d]:main():rbm-train-cd1-frmshuff.cc:247) Setting momentum 0.9 and learning rate 0.176 after processing 8.33333 h
VLOG[1] (rbm-train-cd1-frmshuff[5.4.140~1-1ab3d]:main():rbm-train-cd1-frmshuff.cc:185) After 5000 utterances: time elapsed = 0.556595 min; processed 90059.4 frames per sec.
VLOG[1] (rbm-train-cd1-frmshuff[5.4.140~1-1ab3d]:main():rbm-train-cd1-frmshuff.cc:247) Setting momentum 0.9 and learning rate 0.172 after processing 9.72222 h
LOG (rbm-train-cd1-frmshuff[5.4.140~1-1ab3d]:Eval():nnet-loss.cc:269) ProgressLoss[last 5h of 10h]: 4.78399 (Mse)
VLOG[1] (rbm-train-cd1-frmshuff[5.4.140~1-1ab3d]:main():rbm-train-cd1-frmshuff.cc:247) Setting momentum 0.9 and learning rate 0.168 after processing 11.1111 h
LOG (copy-feats[5.4.140~1-1ab3d]:main():copy-feats.cc:143) Copied 3696 feature matrices.
LOG (rbm-train-cd1-frmshuff[5.4.140~1-1ab3d]:main():rbm-train-cd1-frmshuff.cc:263) Iteration 3/20
copy-feats scp:exp/dnn4_pretrain-dbn/train.scp ark:- 
VLOG[1] (rbm-train-cd1-frmshuff[5.4.140~1-1ab3d]:main():rbm-train-cd1-frmshuff.cc:247) Setting momentum 0.9 and learning rate 0.164 after processing 12.5 h
VLOG[1] (rbm-train-cd1-frmshuff[5.4.140~1-1ab3d]:main():rbm-train-cd1-frmshuff.cc:247) Setting momentum 0.9 and learning rate 0.16 after processing 13.8889 h
LOG (rbm-train-cd1-frmshuff[5.4.140~1-1ab3d]:Eval():nnet-loss.cc:269) ProgressLoss[last 5h of 15h]: 4.68648 (Mse)
VLOG[1] (rbm-train-cd1-frmshuff[5.4.140~1-1ab3d]:main():rbm-train-cd1-frmshuff.cc:247) Setting momentum 0.9 and learning rate 0.156 after processing 15.2778 h
VLOG[1] (rbm-train-cd1-frmshuff[5.4.140~1-1ab3d]:main():rbm-train-cd1-frmshuff.cc:247) Setting momentum 0.9 and learning rate 0.152 after processing 16.6667 h
VLOG[1] (rbm-train-cd1-frmshuff[5.4.140~1-1ab3d]:main():rbm-train-cd1-frmshuff.cc:185) After 10000 utterances: time elapsed = 1.12092 min; processed 89971.1 frames per sec.
VLOG[1] (rbm-train-cd1-frmshuff[5.4.140~1-1ab3d]:main():rbm-train-cd1-frmshuff.cc:247) Setting momentum 0.9 and learning rate 0.148 after processing 18.0556 h
LOG (copy-feats[5.4.140~1-1ab3d]:main():copy-feats.cc:143) Copied 3696 feature matrices.
LOG (rbm-train-cd1-frmshuff[5.4.140~1-1ab3d]:main():rbm-train-cd1-frmshuff.cc:263) Iteration 4/20
copy-feats scp:exp/dnn4_pretrain-dbn/train.scp ark:- 
VLOG[1] (rbm-train-cd1-frmshuff[5.4.140~1-1ab3d]:main():rbm-train-cd1-frmshuff.cc:247) Setting momentum 0.9 and learning rate 0.144 after processing 19.4444 h
LOG (rbm-train-cd1-frmshuff[5.4.140~1-1ab3d]:Eval():nnet-loss.cc:269) ProgressLoss[last 5h of 20h]: 4.64049 (Mse)
VLOG[1] (rbm-train-cd1-frmshuff[5.4.140~1-1ab3d]:main():rbm-train-cd1-frmshuff.cc:247) Setting momentum 0.9 and learning rate 0.14 after processing 20.8333 h
VLOG[1] (rbm-train-cd1-frmshuff[5.4.140~1-1ab3d]:main():rbm-train-cd1-frmshuff.cc:247) Setting momentum 0.9 and learning rate 0.136 after processing 22.2222 h
VLOG[1] (rbm-train-cd1-frmshuff[5.4.140~1-1ab3d]:main():rbm-train-cd1-frmshuff.cc:247) Setting momentum 0.9 and learning rate 0.132 after processing 23.6111 h
LOG (copy-feats[5.4.140~1-1ab3d]:main():copy-feats.cc:143) Copied 3696 feature matrices.
LOG (rbm-train-cd1-frmshuff[5.4.140~1-1ab3d]:main():rbm-train-cd1-frmshuff.cc:263) Iteration 5/20
copy-feats scp:exp/dnn4_pretrain-dbn/train.scp ark:- 
VLOG[1] (rbm-train-cd1-frmshuff[5.4.140~1-1ab3d]:main():rbm-train-cd1-frmshuff.cc:247) Setting momentum 0.9 and learning rate 0.128 after processing 25 h
LOG (rbm-train-cd1-frmshuff[5.4.140~1-1ab3d]:Eval():nnet-loss.cc:269) ProgressLoss[last 5h of 25h]: 4.60011 (Mse)
VLOG[1] (rbm-train-cd1-frmshuff[5.4.140~1-1ab3d]:main():rbm-train-cd1-frmshuff.cc:185) After 15000 utterances: time elapsed = 1.68265 min; processed 90039.7 frames per sec.
VLOG[1] (rbm-train-cd1-frmshuff[5.4.140~1-1ab3d]:main():rbm-train-cd1-frmshuff.cc:247) Setting momentum 0.9 and learning rate 0.124 after processing 26.3889 h
VLOG[1] (rbm-train-cd1-frmshuff[5.4.140~1-1ab3d]:main():rbm-train-cd1-frmshuff.cc:247) Setting momentum 0.9 and learning rate 0.12 after processing 27.7778 h
VLOG[1] (rbm-train-cd1-frmshuff[5.4.140~1-1ab3d]:main():rbm-train-cd1-frmshuff.cc:247) Setting momentum 0.9 and learning rate 0.116 after processing 29.1667 h
LOG (rbm-train-cd1-frmshuff[5.4.140~1-1ab3d]:Eval():nnet-loss.cc:269) ProgressLoss[last 5h of 30h]: 4.56857 (Mse)
VLOG[1] (rbm-train-cd1-frmshuff[5.4.140~1-1ab3d]:main():rbm-train-cd1-frmshuff.cc:247) Setting momentum 0.9 and learning rate 0.112 after processing 30.5556 h
LOG (copy-feats[5.4.140~1-1ab3d]:main():copy-feats.cc:143) Copied 3696 feature matrices.
LOG (rbm-train-cd1-frmshuff[5.4.140~1-1ab3d]:main():rbm-train-cd1-frmshuff.cc:263) Iteration 6/20
copy-feats scp:exp/dnn4_pretrain-dbn/train.scp ark:- 
VLOG[1] (rbm-train-cd1-frmshuff[5.4.140~1-1ab3d]:main():rbm-train-cd1-frmshuff.cc:247) Setting momentum 0.9 and learning rate 0.108 after processing 31.9444 h
VLOG[1] (rbm-train-cd1-frmshuff[5.4.140~1-1ab3d]:main():rbm-train-cd1-frmshuff.cc:247) Setting momentum 0.9 and learning rate 0.104 after processing 33.3333 h
VLOG[1] (rbm-train-cd1-frmshuff[5.4.140~1-1ab3d]:main():rbm-train-cd1-frmshuff.cc:185) After 20000 utterances: time elapsed = 2.24211 min; processed 90180.7 frames per sec.
VLOG[1] (rbm-train-cd1-frmshuff[5.4.140~1-1ab3d]:main():rbm-train-cd1-frmshuff.cc:247) Setting momentum 0.9 and learning rate 0.1 after processing 34.7222 h
LOG (rbm-train-cd1-frmshuff[5.4.140~1-1ab3d]:Eval():nnet-loss.cc:269) ProgressLoss[last 5h of 35h]: 4.53384 (Mse)
VLOG[1] (rbm-train-cd1-frmshuff[5.4.140~1-1ab3d]:main():rbm-train-cd1-frmshuff.cc:247) Setting momentum 0.9 and learning rate 0.096 after processing 36.1111 h
LOG (copy-feats[5.4.140~1-1ab3d]:main():copy-feats.cc:143) Copied 3696 feature matrices.
LOG (rbm-train-cd1-frmshuff[5.4.140~1-1ab3d]:main():rbm-train-cd1-frmshuff.cc:263) Iteration 7/20
copy-feats scp:exp/dnn4_pretrain-dbn/train.scp ark:- 
VLOG[1] (rbm-train-cd1-frmshuff[5.4.140~1-1ab3d]:main():rbm-train-cd1-frmshuff.cc:247) Setting momentum 0.9 and learning rate 0.092 after processing 37.5 h
VLOG[1] (rbm-train-cd1-frmshuff[5.4.140~1-1ab3d]:main():rbm-train-cd1-frmshuff.cc:247) Setting momentum 0.9 and learning rate 0.088 after processing 38.8889 h
LOG (rbm-train-cd1-frmshuff[5.4.140~1-1ab3d]:Eval():nnet-loss.cc:269) ProgressLoss[last 5h of 40h]: 4.50353 (Mse)
VLOG[1] (rbm-train-cd1-frmshuff[5.4.140~1-1ab3d]:main():rbm-train-cd1-frmshuff.cc:247) Setting momentum 0.9 and learning rate 0.084 after processing 40.2778 h
VLOG[1] (rbm-train-cd1-frmshuff[5.4.140~1-1ab3d]:main():rbm-train-cd1-frmshuff.cc:247) Setting momentum 0.9 and learning rate 0.08 after processing 41.6667 h
VLOG[1] (rbm-train-cd1-frmshuff[5.4.140~1-1ab3d]:main():rbm-train-cd1-frmshuff.cc:185) After 25000 utterances: time elapsed = 2.80333 min; processed 90217.8 frames per sec.
VLOG[1] (rbm-train-cd1-frmshuff[5.4.140~1-1ab3d]:main():rbm-train-cd1-frmshuff.cc:247) Setting momentum 0.9 and learning rate 0.076 after processing 43.0556 h
LOG (copy-feats[5.4.140~1-1ab3d]:main():copy-feats.cc:143) Copied 3696 feature matrices.
LOG (rbm-train-cd1-frmshuff[5.4.140~1-1ab3d]:main():rbm-train-cd1-frmshuff.cc:263) Iteration 8/20
copy-feats scp:exp/dnn4_pretrain-dbn/train.scp ark:- 
VLOG[1] (rbm-train-cd1-frmshuff[5.4.140~1-1ab3d]:main():rbm-train-cd1-frmshuff.cc:247) Setting momentum 0.9 and learning rate 0.072 after processing 44.4444 h
LOG (rbm-train-cd1-frmshuff[5.4.140~1-1ab3d]:Eval():nnet-loss.cc:269) ProgressLoss[last 5h of 45h]: 4.47461 (Mse)
VLOG[1] (rbm-train-cd1-frmshuff[5.4.140~1-1ab3d]:main():rbm-train-cd1-frmshuff.cc:247) Setting momentum 0.9 and learning rate 0.068 after processing 45.8333 h
VLOG[1] (rbm-train-cd1-frmshuff[5.4.140~1-1ab3d]:main():rbm-train-cd1-frmshuff.cc:247) Setting momentum 0.9 and learning rate 0.064 after processing 47.2222 h
VLOG[1] (rbm-train-cd1-frmshuff[5.4.140~1-1ab3d]:main():rbm-train-cd1-frmshuff.cc:247) Setting momentum 0.9 and learning rate 0.06 after processing 48.6111 h
LOG (copy-feats[5.4.140~1-1ab3d]:main():copy-feats.cc:143) Copied 3696 feature matrices.
LOG (rbm-train-cd1-frmshuff[5.4.140~1-1ab3d]:main():rbm-train-cd1-frmshuff.cc:263) Iteration 9/20
copy-feats scp:exp/dnn4_pretrain-dbn/train.scp ark:- 
VLOG[1] (rbm-train-cd1-frmshuff[5.4.140~1-1ab3d]:main():rbm-train-cd1-frmshuff.cc:247) Setting momentum 0.9 and learning rate 0.056 after processing 50 h
LOG (rbm-train-cd1-frmshuff[5.4.140~1-1ab3d]:Eval():nnet-loss.cc:269) ProgressLoss[last 5h of 50h]: 4.44346 (Mse)
VLOG[1] (rbm-train-cd1-frmshuff[5.4.140~1-1ab3d]:main():rbm-train-cd1-frmshuff.cc:185) After 30000 utterances: time elapsed = 3.36722 min; processed 90152 frames per sec.
VLOG[1] (rbm-train-cd1-frmshuff[5.4.140~1-1ab3d]:main():rbm-train-cd1-frmshuff.cc:247) Setting momentum 0.9 and learning rate 0.052 after processing 51.3889 h
VLOG[1] (rbm-train-cd1-frmshuff[5.4.140~1-1ab3d]:main():rbm-train-cd1-frmshuff.cc:247) Setting momentum 0.9 and learning rate 0.048 after processing 52.7778 h
VLOG[1] (rbm-train-cd1-frmshuff[5.4.140~1-1ab3d]:main():rbm-train-cd1-frmshuff.cc:247) Setting momentum 0.9 and learning rate 0.044 after processing 54.1667 h
LOG (rbm-train-cd1-frmshuff[5.4.140~1-1ab3d]:Eval():nnet-loss.cc:269) ProgressLoss[last 5h of 55h]: 4.42134 (Mse)
VLOG[1] (rbm-train-cd1-frmshuff[5.4.140~1-1ab3d]:main():rbm-train-cd1-frmshuff.cc:247) Setting momentum 0.9 and learning rate 0.04 after processing 55.5556 h
LOG (copy-feats[5.4.140~1-1ab3d]:main():copy-feats.cc:143) Copied 3696 feature matrices.
LOG (rbm-train-cd1-frmshuff[5.4.140~1-1ab3d]:main():rbm-train-cd1-frmshuff.cc:263) Iteration 10/20
copy-feats scp:exp/dnn4_pretrain-dbn/train.scp ark:- 
VLOG[1] (rbm-train-cd1-frmshuff[5.4.140~1-1ab3d]:main():rbm-train-cd1-frmshuff.cc:247) Setting momentum 0.9 and learning rate 0.04 after processing 56.9444 h
VLOG[1] (rbm-train-cd1-frmshuff[5.4.140~1-1ab3d]:main():rbm-train-cd1-frmshuff.cc:247) Setting momentum 0.9 and learning rate 0.04 after processing 58.3333 h
VLOG[1] (rbm-train-cd1-frmshuff[5.4.140~1-1ab3d]:main():rbm-train-cd1-frmshuff.cc:185) After 35000 utterances: time elapsed = 3.92801 min; processed 90189 frames per sec.
VLOG[1] (rbm-train-cd1-frmshuff[5.4.140~1-1ab3d]:main():rbm-train-cd1-frmshuff.cc:247) Setting momentum 0.9 and learning rate 0.04 after processing 59.7222 h
LOG (rbm-train-cd1-frmshuff[5.4.140~1-1ab3d]:Eval():nnet-loss.cc:269) ProgressLoss[last 5h of 60h]: 4.40179 (Mse)
VLOG[1] (rbm-train-cd1-frmshuff[5.4.140~1-1ab3d]:main():rbm-train-cd1-frmshuff.cc:247) Setting momentum 0.9 and learning rate 0.04 after processing 61.1111 h
LOG (copy-feats[5.4.140~1-1ab3d]:main():copy-feats.cc:143) Copied 3696 feature matrices.
LOG (rbm-train-cd1-frmshuff[5.4.140~1-1ab3d]:main():rbm-train-cd1-frmshuff.cc:263) Iteration 11/20
copy-feats scp:exp/dnn4_pretrain-dbn/train.scp ark:- 
VLOG[1] (rbm-train-cd1-frmshuff[5.4.140~1-1ab3d]:main():rbm-train-cd1-frmshuff.cc:247) Setting momentum 0.9 and learning rate 0.04 after processing 62.5 h
VLOG[1] (rbm-train-cd1-frmshuff[5.4.140~1-1ab3d]:main():rbm-train-cd1-frmshuff.cc:247) Setting momentum 0.9 and learning rate 0.04 after processing 63.8889 h
LOG (rbm-train-cd1-frmshuff[5.4.140~1-1ab3d]:Eval():nnet-loss.cc:269) ProgressLoss[last 5h of 65h]: 4.40148 (Mse)
VLOG[1] (rbm-train-cd1-frmshuff[5.4.140~1-1ab3d]:main():rbm-train-cd1-frmshuff.cc:247) Setting momentum 0.9 and learning rate 0.04 after processing 65.2778 h
VLOG[1] (rbm-train-cd1-frmshuff[5.4.140~1-1ab3d]:main():rbm-train-cd1-frmshuff.cc:247) Setting momentum 0.9 and learning rate 0.04 after processing 66.6667 h
VLOG[1] (rbm-train-cd1-frmshuff[5.4.140~1-1ab3d]:main():rbm-train-cd1-frmshuff.cc:185) After 40000 utterances: time elapsed = 4.48853 min; processed 90223.7 frames per sec.
VLOG[1] (rbm-train-cd1-frmshuff[5.4.140~1-1ab3d]:main():rbm-train-cd1-frmshuff.cc:247) Setting momentum 0.9 and learning rate 0.04 after processing 68.0556 h
LOG (copy-feats[5.4.140~1-1ab3d]:main():copy-feats.cc:143) Copied 3696 feature matrices.
LOG (rbm-train-cd1-frmshuff[5.4.140~1-1ab3d]:main():rbm-train-cd1-frmshuff.cc:263) Iteration 12/20
copy-feats scp:exp/dnn4_pretrain-dbn/train.scp ark:- 
VLOG[1] (rbm-train-cd1-frmshuff[5.4.140~1-1ab3d]:main():rbm-train-cd1-frmshuff.cc:247) Setting momentum 0.9 and learning rate 0.04 after processing 69.4444 h
LOG (rbm-train-cd1-frmshuff[5.4.140~1-1ab3d]:Eval():nnet-loss.cc:269) ProgressLoss[last 5h of 70h]: 4.40256 (Mse)
VLOG[1] (rbm-train-cd1-frmshuff[5.4.140~1-1ab3d]:main():rbm-train-cd1-frmshuff.cc:247) Setting momentum 0.9 and learning rate 0.04 after processing 70.8333 h
VLOG[1] (rbm-train-cd1-frmshuff[5.4.140~1-1ab3d]:main():rbm-train-cd1-frmshuff.cc:247) Setting momentum 0.9 and learning rate 0.04 after processing 72.2222 h
VLOG[1] (rbm-train-cd1-frmshuff[5.4.140~1-1ab3d]:main():rbm-train-cd1-frmshuff.cc:247) Setting momentum 0.9 and learning rate 0.04 after processing 73.6111 h
LOG (copy-feats[5.4.140~1-1ab3d]:main():copy-feats.cc:143) Copied 3696 feature matrices.
LOG (rbm-train-cd1-frmshuff[5.4.140~1-1ab3d]:main():rbm-train-cd1-frmshuff.cc:263) Iteration 13/20
copy-feats scp:exp/dnn4_pretrain-dbn/train.scp ark:- 
VLOG[1] (rbm-train-cd1-frmshuff[5.4.140~1-1ab3d]:main():rbm-train-cd1-frmshuff.cc:247) Setting momentum 0.9 and learning rate 0.04 after processing 75 h
LOG (rbm-train-cd1-frmshuff[5.4.140~1-1ab3d]:Eval():nnet-loss.cc:269) ProgressLoss[last 5h of 75h]: 4.39859 (Mse)
VLOG[1] (rbm-train-cd1-frmshuff[5.4.140~1-1ab3d]:main():rbm-train-cd1-frmshuff.cc:185) After 45000 utterances: time elapsed = 5.04947 min; processed 90230.5 frames per sec.
VLOG[1] (rbm-train-cd1-frmshuff[5.4.140~1-1ab3d]:main():rbm-train-cd1-frmshuff.cc:247) Setting momentum 0.9 and learning rate 0.04 after processing 76.3889 h
VLOG[1] (rbm-train-cd1-frmshuff[5.4.140~1-1ab3d]:main():rbm-train-cd1-frmshuff.cc:247) Setting momentum 0.9 and learning rate 0.04 after processing 77.7778 h
VLOG[1] (rbm-train-cd1-frmshuff[5.4.140~1-1ab3d]:main():rbm-train-cd1-frmshuff.cc:247) Setting momentum 0.9 and learning rate 0.04 after processing 79.1667 h
LOG (rbm-train-cd1-frmshuff[5.4.140~1-1ab3d]:Eval():nnet-loss.cc:269) ProgressLoss[last 5h of 80h]: 4.4061 (Mse)
VLOG[1] (rbm-train-cd1-frmshuff[5.4.140~1-1ab3d]:main():rbm-train-cd1-frmshuff.cc:247) Setting momentum 0.9 and learning rate 0.04 after processing 80.5556 h
LOG (copy-feats[5.4.140~1-1ab3d]:main():copy-feats.cc:143) Copied 3696 feature matrices.
LOG (rbm-train-cd1-frmshuff[5.4.140~1-1ab3d]:main():rbm-train-cd1-frmshuff.cc:263) Iteration 14/20
copy-feats scp:exp/dnn4_pretrain-dbn/train.scp ark:- 
VLOG[1] (rbm-train-cd1-frmshuff[5.4.140~1-1ab3d]:main():rbm-train-cd1-frmshuff.cc:247) Setting momentum 0.9 and learning rate 0.04 after processing 81.9444 h
VLOG[1] (rbm-train-cd1-frmshuff[5.4.140~1-1ab3d]:main():rbm-train-cd1-frmshuff.cc:247) Setting momentum 0.9 and learning rate 0.04 after processing 83.3333 h
VLOG[1] (rbm-train-cd1-frmshuff[5.4.140~1-1ab3d]:main():rbm-train-cd1-frmshuff.cc:185) After 50000 utterances: time elapsed = 5.60926 min; processed 90267.4 frames per sec.
VLOG[1] (rbm-train-cd1-frmshuff[5.4.140~1-1ab3d]:main():rbm-train-cd1-frmshuff.cc:247) Setting momentum 0.9 and learning rate 0.04 after processing 84.7222 h
LOG (rbm-train-cd1-frmshuff[5.4.140~1-1ab3d]:Eval():nnet-loss.cc:269) ProgressLoss[last 5h of 85h]: 4.40328 (Mse)
VLOG[1] (rbm-train-cd1-frmshuff[5.4.140~1-1ab3d]:main():rbm-train-cd1-frmshuff.cc:247) Setting momentum 0.9 and learning rate 0.04 after processing 86.1111 h
LOG (copy-feats[5.4.140~1-1ab3d]:main():copy-feats.cc:143) Copied 3696 feature matrices.
LOG (rbm-train-cd1-frmshuff[5.4.140~1-1ab3d]:main():rbm-train-cd1-frmshuff.cc:263) Iteration 15/20
copy-feats scp:exp/dnn4_pretrain-dbn/train.scp ark:- 
VLOG[1] (rbm-train-cd1-frmshuff[5.4.140~1-1ab3d]:main():rbm-train-cd1-frmshuff.cc:247) Setting momentum 0.9 and learning rate 0.04 after processing 87.5 h
VLOG[1] (rbm-train-cd1-frmshuff[5.4.140~1-1ab3d]:main():rbm-train-cd1-frmshuff.cc:247) Setting momentum 0.9 and learning rate 0.04 after processing 88.8889 h
LOG (rbm-train-cd1-frmshuff[5.4.140~1-1ab3d]:Eval():nnet-loss.cc:269) ProgressLoss[last 5h of 90h]: 4.40377 (Mse)
VLOG[1] (rbm-train-cd1-frmshuff[5.4.140~1-1ab3d]:main():rbm-train-cd1-frmshuff.cc:247) Setting momentum 0.9 and learning rate 0.04 after processing 90.2778 h
VLOG[1] (rbm-train-cd1-frmshuff[5.4.140~1-1ab3d]:main():rbm-train-cd1-frmshuff.cc:247) Setting momentum 0.9 and learning rate 0.04 after processing 91.6667 h
VLOG[1] (rbm-train-cd1-frmshuff[5.4.140~1-1ab3d]:main():rbm-train-cd1-frmshuff.cc:185) After 55000 utterances: time elapsed = 6.1701 min; processed 90270 frames per sec.
VLOG[1] (rbm-train-cd1-frmshuff[5.4.140~1-1ab3d]:main():rbm-train-cd1-frmshuff.cc:247) Setting momentum 0.9 and learning rate 0.04 after processing 93.0556 h
LOG (copy-feats[5.4.140~1-1ab3d]:main():copy-feats.cc:143) Copied 3696 feature matrices.
LOG (rbm-train-cd1-frmshuff[5.4.140~1-1ab3d]:main():rbm-train-cd1-frmshuff.cc:263) Iteration 16/20
copy-feats scp:exp/dnn4_pretrain-dbn/train.scp ark:- 
VLOG[1] (rbm-train-cd1-frmshuff[5.4.140~1-1ab3d]:main():rbm-train-cd1-frmshuff.cc:247) Setting momentum 0.9 and learning rate 0.04 after processing 94.4444 h
LOG (rbm-train-cd1-frmshuff[5.4.140~1-1ab3d]:Eval():nnet-loss.cc:269) ProgressLoss[last 5h of 95h]: 4.40565 (Mse)
VLOG[1] (rbm-train-cd1-frmshuff[5.4.140~1-1ab3d]:main():rbm-train-cd1-frmshuff.cc:247) Setting momentum 0.9 and learning rate 0.04 after processing 95.8333 h
VLOG[1] (rbm-train-cd1-frmshuff[5.4.140~1-1ab3d]:main():rbm-train-cd1-frmshuff.cc:247) Setting momentum 0.9 and learning rate 0.04 after processing 97.2222 h
VLOG[1] (rbm-train-cd1-frmshuff[5.4.140~1-1ab3d]:main():rbm-train-cd1-frmshuff.cc:247) Setting momentum 0.9 and learning rate 0.04 after processing 98.6111 h
LOG (copy-feats[5.4.140~1-1ab3d]:main():copy-feats.cc:143) Copied 3696 feature matrices.
LOG (rbm-train-cd1-frmshuff[5.4.140~1-1ab3d]:main():rbm-train-cd1-frmshuff.cc:263) Iteration 17/20
copy-feats scp:exp/dnn4_pretrain-dbn/train.scp ark:- 
VLOG[1] (rbm-train-cd1-frmshuff[5.4.140~1-1ab3d]:main():rbm-train-cd1-frmshuff.cc:247) Setting momentum 0.9 and learning rate 0.04 after processing 100 h
LOG (rbm-train-cd1-frmshuff[5.4.140~1-1ab3d]:Eval():nnet-loss.cc:269) ProgressLoss[last 5h of 100h]: 4.40188 (Mse)
VLOG[1] (rbm-train-cd1-frmshuff[5.4.140~1-1ab3d]:main():rbm-train-cd1-frmshuff.cc:185) After 60000 utterances: time elapsed = 6.73247 min; processed 90261.6 frames per sec.
VLOG[1] (rbm-train-cd1-frmshuff[5.4.140~1-1ab3d]:main():rbm-train-cd1-frmshuff.cc:247) Setting momentum 0.9 and learning rate 0.04 after processing 101.389 h
VLOG[1] (rbm-train-cd1-frmshuff[5.4.140~1-1ab3d]:main():rbm-train-cd1-frmshuff.cc:247) Setting momentum 0.9 and learning rate 0.04 after processing 102.778 h
VLOG[1] (rbm-train-cd1-frmshuff[5.4.140~1-1ab3d]:main():rbm-train-cd1-frmshuff.cc:247) Setting momentum 0.9 and learning rate 0.04 after processing 104.167 h
LOG (rbm-train-cd1-frmshuff[5.4.140~1-1ab3d]:Eval():nnet-loss.cc:269) ProgressLoss[last 5h of 105h]: 4.40573 (Mse)
VLOG[1] (rbm-train-cd1-frmshuff[5.4.140~1-1ab3d]:main():rbm-train-cd1-frmshuff.cc:247) Setting momentum 0.9 and learning rate 0.04 after processing 105.556 h
LOG (copy-feats[5.4.140~1-1ab3d]:main():copy-feats.cc:143) Copied 3696 feature matrices.
LOG (rbm-train-cd1-frmshuff[5.4.140~1-1ab3d]:main():rbm-train-cd1-frmshuff.cc:263) Iteration 18/20
copy-feats scp:exp/dnn4_pretrain-dbn/train.scp ark:- 
VLOG[1] (rbm-train-cd1-frmshuff[5.4.140~1-1ab3d]:main():rbm-train-cd1-frmshuff.cc:247) Setting momentum 0.9 and learning rate 0.04 after processing 106.944 h
VLOG[1] (rbm-train-cd1-frmshuff[5.4.140~1-1ab3d]:main():rbm-train-cd1-frmshuff.cc:247) Setting momentum 0.9 and learning rate 0.04 after processing 108.333 h
VLOG[1] (rbm-train-cd1-frmshuff[5.4.140~1-1ab3d]:main():rbm-train-cd1-frmshuff.cc:247) Setting momentum 0.9 and learning rate 0.04 after processing 109.722 h
VLOG[1] (rbm-train-cd1-frmshuff[5.4.140~1-1ab3d]:main():rbm-train-cd1-frmshuff.cc:185) After 65000 utterances: time elapsed = 7.29597 min; processed 90239.8 frames per sec.
LOG (rbm-train-cd1-frmshuff[5.4.140~1-1ab3d]:Eval():nnet-loss.cc:269) ProgressLoss[last 5h of 110h]: 4.40388 (Mse)
VLOG[1] (rbm-train-cd1-frmshuff[5.4.140~1-1ab3d]:main():rbm-train-cd1-frmshuff.cc:247) Setting momentum 0.9 and learning rate 0.04 after processing 111.111 h
LOG (copy-feats[5.4.140~1-1ab3d]:main():copy-feats.cc:143) Copied 3696 feature matrices.
LOG (rbm-train-cd1-frmshuff[5.4.140~1-1ab3d]:main():rbm-train-cd1-frmshuff.cc:263) Iteration 19/20
copy-feats scp:exp/dnn4_pretrain-dbn/train.scp ark:- 
VLOG[1] (rbm-train-cd1-frmshuff[5.4.140~1-1ab3d]:main():rbm-train-cd1-frmshuff.cc:247) Setting momentum 0.9 and learning rate 0.04 after processing 112.5 h
VLOG[1] (rbm-train-cd1-frmshuff[5.4.140~1-1ab3d]:main():rbm-train-cd1-frmshuff.cc:247) Setting momentum 0.9 and learning rate 0.04 after processing 113.889 h
LOG (rbm-train-cd1-frmshuff[5.4.140~1-1ab3d]:Eval():nnet-loss.cc:269) ProgressLoss[last 5h of 115h]: 4.40262 (Mse)
VLOG[1] (rbm-train-cd1-frmshuff[5.4.140~1-1ab3d]:main():rbm-train-cd1-frmshuff.cc:247) Setting momentum 0.9 and learning rate 0.04 after processing 115.278 h
VLOG[1] (rbm-train-cd1-frmshuff[5.4.140~1-1ab3d]:main():rbm-train-cd1-frmshuff.cc:247) Setting momentum 0.9 and learning rate 0.04 after processing 116.667 h
VLOG[1] (rbm-train-cd1-frmshuff[5.4.140~1-1ab3d]:main():rbm-train-cd1-frmshuff.cc:247) Setting momentum 0.9 and learning rate 0.04 after processing 118.056 h
VLOG[1] (rbm-train-cd1-frmshuff[5.4.140~1-1ab3d]:main():rbm-train-cd1-frmshuff.cc:185) After 70000 utterances: time elapsed = 7.85856 min; processed 90227.7 frames per sec.
LOG (copy-feats[5.4.140~1-1ab3d]:main():copy-feats.cc:143) Copied 3696 feature matrices.
LOG (rbm-train-cd1-frmshuff[5.4.140~1-1ab3d]:main():rbm-train-cd1-frmshuff.cc:263) Iteration 20/20
copy-feats scp:exp/dnn4_pretrain-dbn/train.scp ark:- 
VLOG[1] (rbm-train-cd1-frmshuff[5.4.140~1-1ab3d]:main():rbm-train-cd1-frmshuff.cc:247) Setting momentum 0.9 and learning rate 0.04 after processing 119.444 h
LOG (rbm-train-cd1-frmshuff[5.4.140~1-1ab3d]:Eval():nnet-loss.cc:269) ProgressLoss[last 5h of 120h]: 4.40374 (Mse)
VLOG[1] (rbm-train-cd1-frmshuff[5.4.140~1-1ab3d]:main():rbm-train-cd1-frmshuff.cc:247) Setting momentum 0.9 and learning rate 0.04 after processing 120.833 h
VLOG[1] (rbm-train-cd1-frmshuff[5.4.140~1-1ab3d]:main():rbm-train-cd1-frmshuff.cc:247) Setting momentum 0.9 and learning rate 0.04 after processing 122.222 h
VLOG[1] (rbm-train-cd1-frmshuff[5.4.140~1-1ab3d]:main():rbm-train-cd1-frmshuff.cc:247) Setting momentum 0.9 and learning rate 0.04 after processing 123.611 h
LOG (copy-feats[5.4.140~1-1ab3d]:main():copy-feats.cc:143) Copied 3696 feature matrices.
LOG (rbm-train-cd1-frmshuff[5.4.140~1-1ab3d]:main():rbm-train-cd1-frmshuff.cc:271) Done 20 iterations, 73920 files, skipped 0 files. [8.31158 min, processing90150.1 frames per sec.]
LOG (rbm-train-cd1-frmshuff[5.4.140~1-1ab3d]:main():rbm-train-cd1-frmshuff.cc:277) AvgLoss: 4.53788 (Mse), [RMS 0.0665697, frames 4.49574e+07]
progress: [6.14545 4.78399 4.68648 4.64049 4.60011 4.56857 4.53384 4.50353 4.47461 4.44346 4.42134 4.40179 4.40148 4.40256 4.39859 4.4061 4.40328 4.40377 4.40565 4.40188 4.40573 4.40388 4.40262 4.40374 ]
LOG (rbm-train-cd1-frmshuff[5.4.140~1-1ab3d]:PrintProfile():cu-device.cc:449) -----
[cudevice profile]
AddVec	7.18593s
MulRowsVec	8.363s
CuVector::SetZero	12.8757s
Set	13.2847s
CopyToVec	16.0848s
AddVecToRows	17.3281s
CuVector::Resize	17.4583s
AddMatVec	19.9379s
CuMatrixBase::CopyFromMat(from other CuMatrixBase)	21.1059s
CuMatrix::SetZero	22.6749s
Sigmoid	26.5899s
Sum	50.1319s
CuMatrix::Resize	51.5533s
AddMat	61.1878s
AddMatMat	155.899s
Total GPU time:	532.786s (may involve some double-counting)
-----
LOG (rbm-train-cd1-frmshuff[5.4.140~1-1ab3d]:PrintMemoryUsage():cu-allocator.cc:127) Memory usage: 414399772 bytes currently allocated (max: 414459164); 307916668 currently in use by user (max: 318814748); 421002/4045606 calls to Malloc* resulted in CUDA calls.
LOG (rbm-train-cd1-frmshuff[5.4.140~1-1ab3d]:PrintMemoryUsage():cu-allocator.cc:136) Time taken in cudaMallocPitch=21.5057, in cudaMalloc=0.025104, in cudaFree=19.5327, in this->MallocPitch()=42.15
LOG (rbm-train-cd1-frmshuff[5.4.140~1-1ab3d]:PrintMemoryUsage():cu-device.cc:422) Memory used (according to the device): 583008256 bytes.
