# gmm-align-compiled --transition-scale=1.0 --acoustic-scale=0.1 --self-loop-scale=0.1 --beam=10 --retry-beam=40 --careful=false "gmm-boost-silence --boost=1.0 1 exp/tri2_ali/final.mdl - |" "ark:gunzip -c exp/tri2/fsts.3.gz|" "ark,s,cs:apply-cmvn  --utt2spk=ark:data/train/split20/3/utt2spk scp:data/train/split20/3/cmvn.scp scp:data/train/split20/3/feats.scp ark:- | splice-feats --left-context=3 --right-context=3 ark:- ark:- | transform-feats exp/tri2/final.mat ark:- ark:- |" "ark:|gzip -c >exp/tri2_ali/ali.3.gz" 
# Started at Tue Jun 19 17:39:19 CST 2018
#
gmm-align-compiled --transition-scale=1.0 --acoustic-scale=0.1 --self-loop-scale=0.1 --beam=10 --retry-beam=40 --careful=false 'gmm-boost-silence --boost=1.0 1 exp/tri2_ali/final.mdl - |' 'ark:gunzip -c exp/tri2/fsts.3.gz|' 'ark,s,cs:apply-cmvn  --utt2spk=ark:data/train/split20/3/utt2spk scp:data/train/split20/3/cmvn.scp scp:data/train/split20/3/feats.scp ark:- | splice-feats --left-context=3 --right-context=3 ark:- ark:- | transform-feats exp/tri2/final.mat ark:- ark:- |' 'ark:|gzip -c >exp/tri2_ali/ali.3.gz' 
gmm-boost-silence --boost=1.0 1 exp/tri2_ali/final.mdl - 
LOG (gmm-boost-silence[5.4.140~1-1ab3d]:main():gmm-boost-silence.cc:93) Boosted weights for 3 pdfs, by factor of 1
LOG (gmm-boost-silence[5.4.140~1-1ab3d]:main():gmm-boost-silence.cc:103) Wrote model to -
apply-cmvn --utt2spk=ark:data/train/split20/3/utt2spk scp:data/train/split20/3/cmvn.scp scp:data/train/split20/3/feats.scp ark:- 
transform-feats exp/tri2/final.mat ark:- ark:- 
splice-feats --left-context=3 --right-context=3 ark:- ark:- 
LOG (gmm-align-compiled[5.4.140~1-1ab3d]:main():gmm-align-compiled.cc:127) fjdm2_si1582
LOG (gmm-align-compiled[5.4.140~1-1ab3d]:main():gmm-align-compiled.cc:127) fjdm2_si1964
LOG (gmm-align-compiled[5.4.140~1-1ab3d]:main():gmm-align-compiled.cc:127) fjdm2_si2212
LOG (gmm-align-compiled[5.4.140~1-1ab3d]:main():gmm-align-compiled.cc:127) fjdm2_sx142
LOG (gmm-align-compiled[5.4.140~1-1ab3d]:main():gmm-align-compiled.cc:127) fjdm2_sx232
LOG (gmm-align-compiled[5.4.140~1-1ab3d]:main():gmm-align-compiled.cc:127) fjdm2_sx322
LOG (gmm-align-compiled[5.4.140~1-1ab3d]:main():gmm-align-compiled.cc:127) fjdm2_sx412
LOG (gmm-align-compiled[5.4.140~1-1ab3d]:main():gmm-align-compiled.cc:127) fjdm2_sx52
LOG (gmm-align-compiled[5.4.140~1-1ab3d]:main():gmm-align-compiled.cc:127) fjen0_si1047
LOG (gmm-align-compiled[5.4.140~1-1ab3d]:main():gmm-align-compiled.cc:127) fjen0_si1677
LOG (gmm-align-compiled[5.4.140~1-1ab3d]:main():gmm-align-compiled.cc:127) fjen0_si2307
LOG (gmm-align-compiled[5.4.140~1-1ab3d]:main():gmm-align-compiled.cc:127) fjen0_sx147
LOG (gmm-align-compiled[5.4.140~1-1ab3d]:main():gmm-align-compiled.cc:127) fjen0_sx237
LOG (gmm-align-compiled[5.4.140~1-1ab3d]:main():gmm-align-compiled.cc:127) fjen0_sx327
LOG (gmm-align-compiled[5.4.140~1-1ab3d]:main():gmm-align-compiled.cc:127) fjen0_sx417
LOG (gmm-align-compiled[5.4.140~1-1ab3d]:main():gmm-align-compiled.cc:127) fjen0_sx57
LOG (gmm-align-compiled[5.4.140~1-1ab3d]:main():gmm-align-compiled.cc:127) fjhk0_si1022
LOG (gmm-align-compiled[5.4.140~1-1ab3d]:main():gmm-align-compiled.cc:127) fjhk0_si1652
LOG (gmm-align-compiled[5.4.140~1-1ab3d]:main():gmm-align-compiled.cc:127) fjhk0_si2282
LOG (gmm-align-compiled[5.4.140~1-1ab3d]:main():gmm-align-compiled.cc:127) fjhk0_sx122
LOG (gmm-align-compiled[5.4.140~1-1ab3d]:main():gmm-align-compiled.cc:127) fjhk0_sx212
LOG (gmm-align-compiled[5.4.140~1-1ab3d]:main():gmm-align-compiled.cc:127) fjhk0_sx302
LOG (gmm-align-compiled[5.4.140~1-1ab3d]:main():gmm-align-compiled.cc:127) fjhk0_sx32
LOG (gmm-align-compiled[5.4.140~1-1ab3d]:main():gmm-align-compiled.cc:127) fjhk0_sx392
LOG (gmm-align-compiled[5.4.140~1-1ab3d]:main():gmm-align-compiled.cc:127) fjkl0_si1562
LOG (gmm-align-compiled[5.4.140~1-1ab3d]:main():gmm-align-compiled.cc:127) fjkl0_si2192
LOG (gmm-align-compiled[5.4.140~1-1ab3d]:main():gmm-align-compiled.cc:127) fjkl0_si932
LOG (gmm-align-compiled[5.4.140~1-1ab3d]:main():gmm-align-compiled.cc:127) fjkl0_sx122
LOG (gmm-align-compiled[5.4.140~1-1ab3d]:main():gmm-align-compiled.cc:127) fjkl0_sx212
LOG (gmm-align-compiled[5.4.140~1-1ab3d]:main():gmm-align-compiled.cc:127) fjkl0_sx302
LOG (gmm-align-compiled[5.4.140~1-1ab3d]:main():gmm-align-compiled.cc:127) fjkl0_sx32
LOG (gmm-align-compiled[5.4.140~1-1ab3d]:main():gmm-align-compiled.cc:127) fjkl0_sx392
LOG (gmm-align-compiled[5.4.140~1-1ab3d]:main():gmm-align-compiled.cc:127) fjlg0_si1506
LOG (gmm-align-compiled[5.4.140~1-1ab3d]:main():gmm-align-compiled.cc:127) fjlg0_si1889
LOG (gmm-align-compiled[5.4.140~1-1ab3d]:main():gmm-align-compiled.cc:127) fjlg0_si2306
LOG (gmm-align-compiled[5.4.140~1-1ab3d]:main():gmm-align-compiled.cc:127) fjlg0_sx179
LOG (gmm-align-compiled[5.4.140~1-1ab3d]:main():gmm-align-compiled.cc:127) fjlg0_sx269
LOG (gmm-align-compiled[5.4.140~1-1ab3d]:main():gmm-align-compiled.cc:127) fjlg0_sx359
LOG (gmm-align-compiled[5.4.140~1-1ab3d]:main():gmm-align-compiled.cc:127) fjlg0_sx449
LOG (gmm-align-compiled[5.4.140~1-1ab3d]:main():gmm-align-compiled.cc:127) fjlg0_sx89
LOG (gmm-align-compiled[5.4.140~1-1ab3d]:main():gmm-align-compiled.cc:127) fjlr0_si1231
LOG (gmm-align-compiled[5.4.140~1-1ab3d]:main():gmm-align-compiled.cc:127) fjlr0_si1861
LOG (gmm-align-compiled[5.4.140~1-1ab3d]:main():gmm-align-compiled.cc:127) fjlr0_si601
LOG (gmm-align-compiled[5.4.140~1-1ab3d]:main():gmm-align-compiled.cc:127) fjlr0_sx151
LOG (gmm-align-compiled[5.4.140~1-1ab3d]:main():gmm-align-compiled.cc:127) fjlr0_sx241
LOG (gmm-align-compiled[5.4.140~1-1ab3d]:main():gmm-align-compiled.cc:127) fjlr0_sx331
LOG (gmm-align-compiled[5.4.140~1-1ab3d]:main():gmm-align-compiled.cc:127) fjlr0_sx421
LOG (gmm-align-compiled[5.4.140~1-1ab3d]:main():gmm-align-compiled.cc:127) fjlr0_sx61
LOG (gmm-align-compiled[5.4.140~1-1ab3d]:main():gmm-align-compiled.cc:127) fjrb0_si1302
LOG (gmm-align-compiled[5.4.140~1-1ab3d]:main():gmm-align-compiled.cc:127) fjrb0_si1932
LOG (gmm-align-compiled[5.4.140~1-1ab3d]:main():gmm-align-compiled.cc:127) fjrb0_si672
LOG (gmm-align-compiled[5.4.140~1-1ab3d]:main():gmm-align-compiled.cc:127) fjrb0_sx132
LOG (gmm-align-compiled[5.4.140~1-1ab3d]:main():gmm-align-compiled.cc:127) fjrb0_sx222
LOG (gmm-align-compiled[5.4.140~1-1ab3d]:main():gmm-align-compiled.cc:127) fjrb0_sx312
LOG (gmm-align-compiled[5.4.140~1-1ab3d]:main():gmm-align-compiled.cc:127) fjrb0_sx402
LOG (gmm-align-compiled[5.4.140~1-1ab3d]:main():gmm-align-compiled.cc:127) fjrb0_sx42
LOG (gmm-align-compiled[5.4.140~1-1ab3d]:main():gmm-align-compiled.cc:127) fjrp1_si1432
LOG (gmm-align-compiled[5.4.140~1-1ab3d]:main():gmm-align-compiled.cc:127) fjrp1_si2062
LOG (gmm-align-compiled[5.4.140~1-1ab3d]:main():gmm-align-compiled.cc:127) fjrp1_si802
LOG (gmm-align-compiled[5.4.140~1-1ab3d]:main():gmm-align-compiled.cc:127) fjrp1_sx172
LOG (gmm-align-compiled[5.4.140~1-1ab3d]:main():gmm-align-compiled.cc:127) fjrp1_sx262
LOG (gmm-align-compiled[5.4.140~1-1ab3d]:main():gmm-align-compiled.cc:127) fjrp1_sx352
LOG (gmm-align-compiled[5.4.140~1-1ab3d]:main():gmm-align-compiled.cc:127) fjrp1_sx442
LOG (gmm-align-compiled[5.4.140~1-1ab3d]:main():gmm-align-compiled.cc:127) fjrp1_sx82
LOG (gmm-align-compiled[5.4.140~1-1ab3d]:main():gmm-align-compiled.cc:127) fjsk0_si1052
LOG (gmm-align-compiled[5.4.140~1-1ab3d]:main():gmm-align-compiled.cc:127) fjsk0_si1682
LOG (gmm-align-compiled[5.4.140~1-1ab3d]:main():gmm-align-compiled.cc:127) fjsk0_si2312
LOG (gmm-align-compiled[5.4.140~1-1ab3d]:main():gmm-align-compiled.cc:127) fjsk0_sx152
LOG (gmm-align-compiled[5.4.140~1-1ab3d]:main():gmm-align-compiled.cc:127) fjsk0_sx242
LOG (gmm-align-compiled[5.4.140~1-1ab3d]:main():gmm-align-compiled.cc:127) fjsk0_sx332
LOG (gmm-align-compiled[5.4.140~1-1ab3d]:main():gmm-align-compiled.cc:127) fjsk0_sx422
LOG (gmm-align-compiled[5.4.140~1-1ab3d]:main():gmm-align-compiled.cc:127) fjsk0_sx62
LOG (gmm-align-compiled[5.4.140~1-1ab3d]:main():gmm-align-compiled.cc:127) fjsp0_si1434
LOG (gmm-align-compiled[5.4.140~1-1ab3d]:main():gmm-align-compiled.cc:127) fjsp0_si1763
LOG (gmm-align-compiled[5.4.140~1-1ab3d]:main():gmm-align-compiled.cc:127) fjsp0_si804
LOG (gmm-align-compiled[5.4.140~1-1ab3d]:main():gmm-align-compiled.cc:127) fjsp0_sx174
LOG (gmm-align-compiled[5.4.140~1-1ab3d]:main():gmm-align-compiled.cc:127) fjsp0_sx264
LOG (gmm-align-compiled[5.4.140~1-1ab3d]:main():gmm-align-compiled.cc:127) fjsp0_sx354
LOG (gmm-align-compiled[5.4.140~1-1ab3d]:main():gmm-align-compiled.cc:127) fjsp0_sx444
LOG (gmm-align-compiled[5.4.140~1-1ab3d]:main():gmm-align-compiled.cc:127) fjsp0_sx84
LOG (gmm-align-compiled[5.4.140~1-1ab3d]:main():gmm-align-compiled.cc:127) fjwb1_si2055
LOG (gmm-align-compiled[5.4.140~1-1ab3d]:main():gmm-align-compiled.cc:127) fjwb1_si748
LOG (gmm-align-compiled[5.4.140~1-1ab3d]:main():gmm-align-compiled.cc:127) fjwb1_si795
LOG (gmm-align-compiled[5.4.140~1-1ab3d]:main():gmm-align-compiled.cc:127) fjwb1_sx165
LOG (gmm-align-compiled[5.4.140~1-1ab3d]:main():gmm-align-compiled.cc:127) fjwb1_sx255
LOG (gmm-align-compiled[5.4.140~1-1ab3d]:main():gmm-align-compiled.cc:127) fjwb1_sx345
LOG (gmm-align-compiled[5.4.140~1-1ab3d]:main():gmm-align-compiled.cc:127) fjwb1_sx435
LOG (gmm-align-compiled[5.4.140~1-1ab3d]:main():gmm-align-compiled.cc:127) fjwb1_sx75
LOG (gmm-align-compiled[5.4.140~1-1ab3d]:main():gmm-align-compiled.cc:127) fjxm0_si1211
LOG (gmm-align-compiled[5.4.140~1-1ab3d]:main():gmm-align-compiled.cc:127) fjxm0_si1971
LOG (gmm-align-compiled[5.4.140~1-1ab3d]:main():gmm-align-compiled.cc:127) fjxm0_si581
LOG (gmm-align-compiled[5.4.140~1-1ab3d]:main():gmm-align-compiled.cc:127) fjxm0_sx131
LOG (gmm-align-compiled[5.4.140~1-1ab3d]:main():gmm-align-compiled.cc:127) fjxm0_sx221
LOG (gmm-align-compiled[5.4.140~1-1ab3d]:main():gmm-align-compiled.cc:127) fjxm0_sx311
LOG (gmm-align-compiled[5.4.140~1-1ab3d]:main():gmm-align-compiled.cc:127) fjxm0_sx401
LOG (gmm-align-compiled[5.4.140~1-1ab3d]:main():gmm-align-compiled.cc:127) fjxm0_sx41
LOG (gmm-align-compiled[5.4.140~1-1ab3d]:main():gmm-align-compiled.cc:127) fjxp0_si1122
LOG (gmm-align-compiled[5.4.140~1-1ab3d]:main():gmm-align-compiled.cc:127) fjxp0_si1752
LOG (gmm-align-compiled[5.4.140~1-1ab3d]:main():gmm-align-compiled.cc:127) fjxp0_si492
LOG (gmm-align-compiled[5.4.140~1-1ab3d]:main():gmm-align-compiled.cc:127) fjxp0_sx132
LOG (gmm-align-compiled[5.4.140~1-1ab3d]:main():gmm-align-compiled.cc:127) fjxp0_sx222
LOG (gmm-align-compiled[5.4.140~1-1ab3d]:main():gmm-align-compiled.cc:127) fjxp0_sx312
LOG (gmm-align-compiled[5.4.140~1-1ab3d]:main():gmm-align-compiled.cc:127) fjxp0_sx402
LOG (gmm-align-compiled[5.4.140~1-1ab3d]:main():gmm-align-compiled.cc:127) fjxp0_sx42
LOG (gmm-align-compiled[5.4.140~1-1ab3d]:main():gmm-align-compiled.cc:127) fkaa0_si1208
LOG (gmm-align-compiled[5.4.140~1-1ab3d]:main():gmm-align-compiled.cc:127) fkaa0_si1838
LOG (gmm-align-compiled[5.4.140~1-1ab3d]:main():gmm-align-compiled.cc:127) fkaa0_si578
LOG (gmm-align-compiled[5.4.140~1-1ab3d]:main():gmm-align-compiled.cc:127) fkaa0_sx128
LOG (gmm-align-compiled[5.4.140~1-1ab3d]:main():gmm-align-compiled.cc:127) fkaa0_sx218
LOG (gmm-align-compiled[5.4.140~1-1ab3d]:main():gmm-align-compiled.cc:127) fkaa0_sx308
LOG (gmm-align-compiled[5.4.140~1-1ab3d]:main():gmm-align-compiled.cc:127) fkaa0_sx38
LOG (gmm-align-compiled[5.4.140~1-1ab3d]:main():gmm-align-compiled.cc:127) fkaa0_sx398
LOG (gmm-align-compiled[5.4.140~1-1ab3d]:main():gmm-align-compiled.cc:127) fkde0_si1141
LOG (gmm-align-compiled[5.4.140~1-1ab3d]:main():gmm-align-compiled.cc:127) fkde0_si1771
LOG (gmm-align-compiled[5.4.140~1-1ab3d]:main():gmm-align-compiled.cc:127) fkde0_si2221
LOG (gmm-align-compiled[5.4.140~1-1ab3d]:main():gmm-align-compiled.cc:127) fkde0_sx151
LOG (gmm-align-compiled[5.4.140~1-1ab3d]:main():gmm-align-compiled.cc:127) fkde0_sx241
LOG (gmm-align-compiled[5.4.140~1-1ab3d]:main():gmm-align-compiled.cc:127) fkde0_sx331
LOG (gmm-align-compiled[5.4.140~1-1ab3d]:main():gmm-align-compiled.cc:127) fkde0_sx421
LOG (gmm-align-compiled[5.4.140~1-1ab3d]:main():gmm-align-compiled.cc:127) fkde0_sx61
LOG (gmm-align-compiled[5.4.140~1-1ab3d]:main():gmm-align-compiled.cc:127) fkdw0_si1207
LOG (gmm-align-compiled[5.4.140~1-1ab3d]:main():gmm-align-compiled.cc:127) fkdw0_si1891
LOG (gmm-align-compiled[5.4.140~1-1ab3d]:main():gmm-align-compiled.cc:127) fkdw0_si577
LOG (gmm-align-compiled[5.4.140~1-1ab3d]:main():gmm-align-compiled.cc:127) fkdw0_sx127
LOG (gmm-align-compiled[5.4.140~1-1ab3d]:main():gmm-align-compiled.cc:127) fkdw0_sx217
LOG (gmm-align-compiled[5.4.140~1-1ab3d]:main():gmm-align-compiled.cc:127) fkdw0_sx307
LOG (gmm-align-compiled[5.4.140~1-1ab3d]:main():gmm-align-compiled.cc:127) fkdw0_sx37
LOG (gmm-align-compiled[5.4.140~1-1ab3d]:main():gmm-align-compiled.cc:127) fkdw0_sx397
LOG (gmm-align-compiled[5.4.140~1-1ab3d]:main():gmm-align-compiled.cc:127) fkfb0_si1608
LOG (gmm-align-compiled[5.4.140~1-1ab3d]:main():gmm-align-compiled.cc:127) fkfb0_si2238
LOG (gmm-align-compiled[5.4.140~1-1ab3d]:main():gmm-align-compiled.cc:127) fkfb0_si978
LOG (gmm-align-compiled[5.4.140~1-1ab3d]:main():gmm-align-compiled.cc:127) fkfb0_sx168
LOG (gmm-align-compiled[5.4.140~1-1ab3d]:main():gmm-align-compiled.cc:127) fkfb0_sx258
LOG (gmm-align-compiled[5.4.140~1-1ab3d]:main():gmm-align-compiled.cc:127) fkfb0_sx348
LOG (gmm-align-compiled[5.4.140~1-1ab3d]:main():gmm-align-compiled.cc:127) fkfb0_sx438
LOG (gmm-align-compiled[5.4.140~1-1ab3d]:main():gmm-align-compiled.cc:127) fkfb0_sx78
LOG (gmm-align-compiled[5.4.140~1-1ab3d]:main():gmm-align-compiled.cc:127) fkkh0_si1290
LOG (gmm-align-compiled[5.4.140~1-1ab3d]:main():gmm-align-compiled.cc:127) fkkh0_si1920
LOG (gmm-align-compiled[5.4.140~1-1ab3d]:main():gmm-align-compiled.cc:127) fkkh0_si660
LOG (gmm-align-compiled[5.4.140~1-1ab3d]:main():gmm-align-compiled.cc:127) fkkh0_sx120
LOG (gmm-align-compiled[5.4.140~1-1ab3d]:main():gmm-align-compiled.cc:127) fkkh0_sx210
LOG (gmm-align-compiled[5.4.140~1-1ab3d]:main():gmm-align-compiled.cc:127) fkkh0_sx30
LOG (gmm-align-compiled[5.4.140~1-1ab3d]:main():gmm-align-compiled.cc:127) fkkh0_sx300
LOG (gmm-align-compiled[5.4.140~1-1ab3d]:main():gmm-align-compiled.cc:127) fkkh0_sx390
LOG (gmm-align-compiled[5.4.140~1-1ab3d]:main():gmm-align-compiled.cc:127) fklc0_si1615
LOG (gmm-align-compiled[5.4.140~1-1ab3d]:main():gmm-align-compiled.cc:127) fklc0_si2245
LOG (gmm-align-compiled[5.4.140~1-1ab3d]:main():gmm-align-compiled.cc:127) fklc0_si985
LOG (gmm-align-compiled[5.4.140~1-1ab3d]:main():gmm-align-compiled.cc:127) fklc0_sx175
LOG (gmm-align-compiled[5.4.140~1-1ab3d]:main():gmm-align-compiled.cc:127) fklc0_sx265
LOG (gmm-align-compiled[5.4.140~1-1ab3d]:main():gmm-align-compiled.cc:127) fklc0_sx355
LOG (gmm-align-compiled[5.4.140~1-1ab3d]:main():gmm-align-compiled.cc:127) fklc0_sx445
LOG (gmm-align-compiled[5.4.140~1-1ab3d]:main():gmm-align-compiled.cc:127) fklc0_sx85
LOG (gmm-align-compiled[5.4.140~1-1ab3d]:main():gmm-align-compiled.cc:127) fklc1_si1048
LOG (gmm-align-compiled[5.4.140~1-1ab3d]:main():gmm-align-compiled.cc:127) fklc1_si1678
LOG (gmm-align-compiled[5.4.140~1-1ab3d]:main():gmm-align-compiled.cc:127) fklc1_si2308
LOG (gmm-align-compiled[5.4.140~1-1ab3d]:main():gmm-align-compiled.cc:127) fklc1_sx148
LOG (gmm-align-compiled[5.4.140~1-1ab3d]:main():gmm-align-compiled.cc:127) fklc1_sx238
LOG (gmm-align-compiled[5.4.140~1-1ab3d]:main():gmm-align-compiled.cc:127) fklc1_sx328
LOG (gmm-align-compiled[5.4.140~1-1ab3d]:main():gmm-align-compiled.cc:127) fklc1_sx418
LOG (gmm-align-compiled[5.4.140~1-1ab3d]:main():gmm-align-compiled.cc:127) fklc1_sx58
LOG (gmm-align-compiled[5.4.140~1-1ab3d]:main():gmm-align-compiled.cc:127) fklh0_si1257
LOG (gmm-align-compiled[5.4.140~1-1ab3d]:main():gmm-align-compiled.cc:127) fklh0_si1887
LOG (gmm-align-compiled[5.4.140~1-1ab3d]:main():gmm-align-compiled.cc:127) fklh0_si627
LOG (gmm-align-compiled[5.4.140~1-1ab3d]:main():gmm-align-compiled.cc:127) fklh0_sx177
LOG (gmm-align-compiled[5.4.140~1-1ab3d]:main():gmm-align-compiled.cc:127) fklh0_sx267
LOG (gmm-align-compiled[5.4.140~1-1ab3d]:main():gmm-align-compiled.cc:127) fklh0_sx357
LOG (gmm-align-compiled[5.4.140~1-1ab3d]:main():gmm-align-compiled.cc:127) fklh0_sx447
LOG (gmm-align-compiled[5.4.140~1-1ab3d]:main():gmm-align-compiled.cc:127) fklh0_sx87
LOG (gmm-align-compiled[5.4.140~1-1ab3d]:main():gmm-align-compiled.cc:127) fksr0_si1117
LOG (gmm-align-compiled[5.4.140~1-1ab3d]:main():gmm-align-compiled.cc:127) fksr0_si1747
LOG (gmm-align-compiled[5.4.140~1-1ab3d]:main():gmm-align-compiled.cc:127) fksr0_si487
LOG (gmm-align-compiled[5.4.140~1-1ab3d]:main():gmm-align-compiled.cc:127) fksr0_sx161
LOG (gmm-align-compiled[5.4.140~1-1ab3d]:main():gmm-align-compiled.cc:127) fksr0_sx217
LOG (gmm-align-compiled[5.4.140~1-1ab3d]:main():gmm-align-compiled.cc:127) fksr0_sx366
LOG (gmm-align-compiled[5.4.140~1-1ab3d]:main():gmm-align-compiled.cc:127) fksr0_sx37
LOG (gmm-align-compiled[5.4.140~1-1ab3d]:main():gmm-align-compiled.cc:127) fksr0_sx397
LOG (gmm-align-compiled[5.4.140~1-1ab3d]:main():gmm-align-compiled.cc:127) flac0_si1339
LOG (gmm-align-compiled[5.4.140~1-1ab3d]:main():gmm-align-compiled.cc:127) flac0_si2161
LOG (gmm-align-compiled[5.4.140~1-1ab3d]:main():gmm-align-compiled.cc:127) flac0_si901
LOG (gmm-align-compiled[5.4.140~1-1ab3d]:main():gmm-align-compiled.cc:127) flac0_sx181
LOG (apply-cmvn[5.4.140~1-1ab3d]:main():apply-cmvn.cc:162) Applied cepstral mean normalization to 184 utterances, errors on 0
LOG (gmm-align-compiled[5.4.140~1-1ab3d]:main():gmm-align-compiled.cc:127) flac0_sx271
LOG (gmm-align-compiled[5.4.140~1-1ab3d]:main():gmm-align-compiled.cc:127) flac0_sx361
LOG (gmm-align-compiled[5.4.140~1-1ab3d]:main():gmm-align-compiled.cc:127) flac0_sx451
LOG (transform-feats[5.4.140~1-1ab3d]:main():transform-feats.cc:158) Overall average [pseudo-]logdet is -74.7006 over 115110 frames.
LOG (gmm-align-compiled[5.4.140~1-1ab3d]:main():gmm-align-compiled.cc:127) flac0_sx91
LOG (transform-feats[5.4.140~1-1ab3d]:main():transform-feats.cc:161) Applied transform to 184 utterances; 0 had errors.
LOG (gmm-align-compiled[5.4.140~1-1ab3d]:main():gmm-align-compiled.cc:135) Overall log-likelihood per frame is -49.0894 over 115110 frames.
LOG (gmm-align-compiled[5.4.140~1-1ab3d]:main():gmm-align-compiled.cc:137) Retried 0 out of 184 utterances.
LOG (gmm-align-compiled[5.4.140~1-1ab3d]:main():gmm-align-compiled.cc:139) Done 184, errors on 0
# Accounting: time=4 threads=1
# Ended (code 0) at Tue Jun 19 17:39:23 CST 2018, elapsed time 4 seconds
